2015-11-04T02:15:09+00:00 ERR (3) 404 "hire-lasse" was not found.
REMOTE_ADDR: 178.63.49.74
HTTP_REFERER: http://graphicore.de/en/archive/2010-09-09_A-Brute-Font-Attack
requested: array(5) {
  ["lang"] => string(2) "en"
  ["action"] => string(4) "page"
  ["key"] => string(10) "hire-lasse"
  ["module"] => string(7) "default"
  ["controller"] => string(5) "index"
}


--------------------------------------------------------------------------------
2015-11-04T02:15:09+00:00 ERR (3) 404 "hire-lasse" was not found.
REMOTE_ADDR: 178.63.49.74
HTTP_REFERER: http://graphicore.de/en/archive/2010-09-09_A-Brute-Font-Attack
requested: array(5) {
  ["lang"] => string(2) "de"
  ["action"] => string(4) "page"
  ["key"] => string(10) "hire-lasse"
  ["module"] => string(7) "default"
  ["controller"] => string(5) "index"
}


--------------------------------------------------------------------------------
2015-11-04T02:26:13+00:00 ERR (3) 404 Seite nicht gefunden
REMOTE_ADDR: 104.208.38.42
HTTP_REFERER: 
requested: array(4) {
  ["controller"] => string(10) "wp-content"
  ["action"] => string(7) "plugins"
  ["gravityforms"] => string(2) "js"
  ["module"] => string(7) "default"
}


--------------------------------------------------------------------------------
2015-11-04T06:51:39+00:00 ERR (3) 404 "" was not found.
REMOTE_ADDR: 157.55.39.31
HTTP_REFERER: 
requested: array(5) {
  ["lang"] => string(2) "en"
  ["action"] => string(7) "archive"
  ["module"] => string(7) "default"
  ["controller"] => string(5) "index"
  ["key"] => string(0) ""
}


--------------------------------------------------------------------------------
2015-11-04T06:54:54+00:00 ERR (3) 404 Seite nicht gefunden
REMOTE_ADDR: 89.123.22.232
HTTP_REFERER: 
requested: array(4) {
  ["controller"] => string(6) "https:"
  [""] => string(19) "silber-und-blei.com"
  ["action"] => string(5) "index"
  ["module"] => string(7) "default"
}


--------------------------------------------------------------------------------
2015-11-04T06:54:55+00:00 ERR (3) 404 Seite nicht gefunden
REMOTE_ADDR: 89.123.22.232
HTTP_REFERER: 
requested: array(3) {
  ["controller"] => string(2) "js"
  ["action"] => string(1) "'"
  ["module"] => string(7) "default"
}


--------------------------------------------------------------------------------
2015-11-04T08:20:13+00:00 ERR (3) 404 Seite nicht gefunden
REMOTE_ADDR: 217.12.204.163
HTTP_REFERER: 
requested: array(5) {
  ["controller"] => string(5) "admin"
  ["action"] => string(9) "fckeditor"
  ["editor"] => string(11) "filemanager"
  ["connectors"] => string(3) "php"
  ["module"] => string(7) "default"
}


--------------------------------------------------------------------------------
