2019-05-26T09:02:44+00:00 ERR (3) 404 Seite nicht gefunden
REMOTE_ADDR: 91.235.142.167
HTTP_REFERER: 
requested: array(3) {
  ["controller"] => string(4) ".git"
  ["action"] => string(4) "HEAD"
  ["module"] => string(7) "default"
}


--------------------------------------------------------------------------------
2019-05-26T10:29:27+00:00 ERR (3) 404 Seite nicht gefunden
REMOTE_ADDR: 70.35.207.192
HTTP_REFERER: 
requested: array(4) {
  ["controller"] => string(6) "https:"
  [""] => string(19) "silber-und-blei.com"
  ["action"] => string(5) "index"
  ["module"] => string(7) "default"
}


--------------------------------------------------------------------------------
2019-05-26T13:23:11+00:00 ERR (3) 404 Seite nicht gefunden
REMOTE_ADDR: 195.211.161.37
HTTP_REFERER: http://graphicore.de/forum/
requested: array(3) {
  ["controller"] => string(5) "forum"
  ["action"] => string(5) "index"
  ["module"] => string(7) "default"
}


--------------------------------------------------------------------------------
2019-05-26T22:17:30+00:00 ERR (3) 404 Seite nicht gefunden
REMOTE_ADDR: 66.249.69.126
HTTP_REFERER: 
requested: array(4) {
  ["controller"] => string(5) "diary"
  ["action"] => string(29) "tag:graphicore.de,2010-10-18:"
  ["diary"] => string(27) "201010181349214cbc5061f0048"
  ["module"] => string(7) "default"
}


--------------------------------------------------------------------------------
2019-05-26T23:42:39+00:00 ERR (3) 404 "hire-lasse" was not found.
REMOTE_ADDR: 213.239.208.23
HTTP_REFERER: http://graphicore.de/de/archive/2013-11-12_iconic_imports
requested: array(5) {
  ["lang"] => string(2) "de"
  ["action"] => string(4) "page"
  ["key"] => string(10) "hire-lasse"
  ["module"] => string(7) "default"
  ["controller"] => string(5) "index"
}


--------------------------------------------------------------------------------
2019-05-26T23:42:39+00:00 ERR (3) 404 "hire-lasse" was not found.
REMOTE_ADDR: 213.239.208.23
HTTP_REFERER: http://graphicore.de/de/archive/2013-06-06_silber-und-blei
requested: array(5) {
  ["lang"] => string(2) "en"
  ["action"] => string(4) "page"
  ["key"] => string(10) "hire-lasse"
  ["module"] => string(7) "default"
  ["controller"] => string(5) "index"
}


--------------------------------------------------------------------------------
2019-05-26T23:42:40+00:00 ERR (3) 404 "competences" was not found.
REMOTE_ADDR: 213.239.208.23
HTTP_REFERER: http://graphicore.de/de/page/lasse
requested: array(5) {
  ["lang"] => string(2) "de"
  ["action"] => string(4) "page"
  ["key"] => string(11) "competences"
  ["module"] => string(7) "default"
  ["controller"] => string(5) "index"
}


--------------------------------------------------------------------------------
2019-05-26T23:42:41+00:00 ERR (3) 404 "competences" was not found.
REMOTE_ADDR: 213.239.208.23
HTTP_REFERER: http://graphicore.de/de/diary/news
requested: array(5) {
  ["lang"] => string(2) "en"
  ["action"] => string(4) "page"
  ["key"] => string(11) "competences"
  ["module"] => string(7) "default"
  ["controller"] => string(5) "index"
}


--------------------------------------------------------------------------------
