2020-08-31T02:55:31+00:00 ERR (3) 404 Seite nicht gefunden
REMOTE_ADDR: 27.34.89.198
HTTP_REFERER: 
requested: array(3) {
  ["controller"] => string(4) ".git"
  ["action"] => string(4) "HEAD"
  ["module"] => string(7) "default"
}


--------------------------------------------------------------------------------
2020-08-31T11:44:47+00:00 ERR (3) 404 "" was not found.
REMOTE_ADDR: 136.243.36.68
HTTP_REFERER: 
requested: array(5) {
  ["lang"] => string(2) "de"
  ["action"] => string(7) "archive"
  ["module"] => string(7) "default"
  ["controller"] => string(5) "index"
  ["key"] => string(0) ""
}


--------------------------------------------------------------------------------
2020-08-31T11:45:31+00:00 ERR (3) 404 "hire-lasse" was not found.
REMOTE_ADDR: 136.243.36.68
HTTP_REFERER: 
requested: array(5) {
  ["lang"] => string(2) "de"
  ["action"] => string(4) "page"
  ["key"] => string(10) "hire-lasse"
  ["module"] => string(7) "default"
  ["controller"] => string(5) "index"
}


--------------------------------------------------------------------------------
2020-08-31T13:59:50+00:00 ERR (3) 404 "competences" was not found.
REMOTE_ADDR: 85.25.185.196
HTTP_REFERER: 
requested: array(5) {
  ["lang"] => string(2) "en"
  ["action"] => string(4) "page"
  ["key"] => string(11) "competences"
  ["module"] => string(7) "default"
  ["controller"] => string(5) "index"
}


--------------------------------------------------------------------------------
2020-08-31T14:36:57+00:00 ERR (3) 404 "competences" was not found.
REMOTE_ADDR: 85.25.185.196
HTTP_REFERER: 
requested: array(5) {
  ["lang"] => string(2) "en"
  ["action"] => string(4) "page"
  ["key"] => string(11) "competences"
  ["module"] => string(7) "default"
  ["controller"] => string(5) "index"
}


--------------------------------------------------------------------------------
2020-08-31T14:49:12+00:00 ERR (3) 404 "competences" was not found.
REMOTE_ADDR: 85.25.185.196
HTTP_REFERER: 
requested: array(5) {
  ["lang"] => string(2) "en"
  ["action"] => string(4) "page"
  ["key"] => string(11) "competences"
  ["module"] => string(7) "default"
  ["controller"] => string(5) "index"
}


--------------------------------------------------------------------------------
2020-08-31T15:05:40+00:00 ERR (3) 404 "competences" was not found.
REMOTE_ADDR: 85.25.185.196
HTTP_REFERER: 
requested: array(5) {
  ["lang"] => string(2) "de"
  ["action"] => string(4) "page"
  ["key"] => string(11) "competences"
  ["module"] => string(7) "default"
  ["controller"] => string(5) "index"
}


--------------------------------------------------------------------------------
2020-08-31T16:52:31+00:00 ERR (3) 404 "competences" was not found.
REMOTE_ADDR: 85.25.185.196
HTTP_REFERER: 
requested: array(5) {
  ["lang"] => string(2) "en"
  ["action"] => string(4) "page"
  ["key"] => string(11) "competences"
  ["module"] => string(7) "default"
  ["controller"] => string(5) "index"
}


--------------------------------------------------------------------------------
2020-08-31T17:10:35+00:00 ERR (3) 404 "competences" was not found.
REMOTE_ADDR: 85.25.185.196
HTTP_REFERER: 
requested: array(5) {
  ["lang"] => string(2) "de"
  ["action"] => string(4) "page"
  ["key"] => string(11) "competences"
  ["module"] => string(7) "default"
  ["controller"] => string(5) "index"
}


--------------------------------------------------------------------------------
2020-08-31T17:58:48+00:00 ERR (3) 404 "hire-lasse" was not found.
REMOTE_ADDR: 85.25.185.196
HTTP_REFERER: 
requested: array(5) {
  ["lang"] => string(2) "en"
  ["action"] => string(4) "page"
  ["key"] => string(10) "hire-lasse"
  ["module"] => string(7) "default"
  ["controller"] => string(5) "index"
}


--------------------------------------------------------------------------------
2020-08-31T18:15:40+00:00 ERR (3) 404 Seite nicht gefunden
REMOTE_ADDR: 217.138.219.135
HTTP_REFERER: http://graphicore.de/license.txt
requested: array(3) {
  ["controller"] => string(11) "license.txt"
  ["action"] => string(5) "index"
  ["module"] => string(7) "default"
}


--------------------------------------------------------------------------------
2020-08-31T18:55:55+00:00 ERR (3) 404 "competences" was not found.
REMOTE_ADDR: 85.25.185.196
HTTP_REFERER: 
requested: array(5) {
  ["lang"] => string(2) "en"
  ["action"] => string(4) "page"
  ["key"] => string(11) "competences"
  ["module"] => string(7) "default"
  ["controller"] => string(5) "index"
}


--------------------------------------------------------------------------------
2020-08-31T19:11:50+00:00 ERR (3) 404 "hire-lasse" was not found.
REMOTE_ADDR: 85.25.185.196
HTTP_REFERER: 
requested: array(5) {
  ["lang"] => string(2) "de"
  ["action"] => string(4) "page"
  ["key"] => string(10) "hire-lasse"
  ["module"] => string(7) "default"
  ["controller"] => string(5) "index"
}


--------------------------------------------------------------------------------
2020-08-31T19:16:21+00:00 ERR (3) 404 "competences" was not found.
REMOTE_ADDR: 85.25.185.196
HTTP_REFERER: 
requested: array(5) {
  ["lang"] => string(2) "de"
  ["action"] => string(4) "page"
  ["key"] => string(11) "competences"
  ["module"] => string(7) "default"
  ["controller"] => string(5) "index"
}


--------------------------------------------------------------------------------
2020-08-31T19:22:18+00:00 ERR (3) 404 "competences" was not found.
REMOTE_ADDR: 85.25.185.196
HTTP_REFERER: 
requested: array(5) {
  ["lang"] => string(2) "de"
  ["action"] => string(4) "page"
  ["key"] => string(11) "competences"
  ["module"] => string(7) "default"
  ["controller"] => string(5) "index"
}


--------------------------------------------------------------------------------
2020-08-31T20:02:48+00:00 ERR (3) 404 "hire-lasse" was not found.
REMOTE_ADDR: 85.25.185.196
HTTP_REFERER: 
requested: array(5) {
  ["lang"] => string(2) "en"
  ["action"] => string(4) "page"
  ["key"] => string(10) "hire-lasse"
  ["module"] => string(7) "default"
  ["controller"] => string(5) "index"
}


--------------------------------------------------------------------------------
2020-08-31T21:13:21+00:00 ERR (3) 404 "hire-lasse" was not found.
REMOTE_ADDR: 85.25.185.196
HTTP_REFERER: 
requested: array(5) {
  ["lang"] => string(2) "de"
  ["action"] => string(4) "page"
  ["key"] => string(10) "hire-lasse"
  ["module"] => string(7) "default"
  ["controller"] => string(5) "index"
}


--------------------------------------------------------------------------------
2020-08-31T22:05:07+00:00 ERR (3) 404 "hire-lasse" was not found.
REMOTE_ADDR: 85.25.185.196
HTTP_REFERER: 
requested: array(5) {
  ["lang"] => string(2) "en"
  ["action"] => string(4) "page"
  ["key"] => string(10) "hire-lasse"
  ["module"] => string(7) "default"
  ["controller"] => string(5) "index"
}


--------------------------------------------------------------------------------
2020-08-31T22:09:31+00:00 ERR (3) 404 "hire-lasse" was not found.
REMOTE_ADDR: 85.25.185.196
HTTP_REFERER: 
requested: array(5) {
  ["lang"] => string(2) "en"
  ["action"] => string(4) "page"
  ["key"] => string(10) "hire-lasse"
  ["module"] => string(7) "default"
  ["controller"] => string(5) "index"
}


--------------------------------------------------------------------------------
2020-08-31T23:19:41+00:00 ERR (3) 404 "hire-lasse" was not found.
REMOTE_ADDR: 85.25.185.196
HTTP_REFERER: 
requested: array(5) {
  ["lang"] => string(2) "de"
  ["action"] => string(4) "page"
  ["key"] => string(10) "hire-lasse"
  ["module"] => string(7) "default"
  ["controller"] => string(5) "index"
}


--------------------------------------------------------------------------------
2020-08-31T23:26:27+00:00 ERR (3) 404 "hire-lasse" was not found.
REMOTE_ADDR: 85.25.185.196
HTTP_REFERER: 
requested: array(5) {
  ["lang"] => string(2) "de"
  ["action"] => string(4) "page"
  ["key"] => string(10) "hire-lasse"
  ["module"] => string(7) "default"
  ["controller"] => string(5) "index"
}


--------------------------------------------------------------------------------
