2014-12-30T07:15:40+00:00 ERR (3) 404 "2010-09-09_A-Brute-Font-Attack&amp;sa" was not found.
REMOTE_ADDR: 157.55.39.90
HTTP_REFERER: 
requested: array(5) {
  ["lang"] => string(2) "en"
  ["action"] => string(7) "archive"
  ["key"] => string(33) "2010-09-09_A-Brute-Font-Attack&sa"
  ["module"] => string(7) "default"
  ["controller"] => string(5) "index"
}


--------------------------------------------------------------------------------
2014-12-30T08:22:39+00:00 ERR (3) 404 Page not found
REMOTE_ADDR: 223.202.3.94
HTTP_REFERER: 
requested: array(3) {
  ["controller"] => string(12) "wp-login.php"
  ["action"] => string(5) "index"
  ["module"] => string(7) "default"
}


--------------------------------------------------------------------------------
2014-12-30T08:22:39+00:00 ERR (3) 404 Page not found
REMOTE_ADDR: 223.202.3.94
HTTP_REFERER: 
requested: array(3) {
  ["controller"] => string(2) "wp"
  ["action"] => string(12) "wp-login.php"
  ["module"] => string(7) "default"
}


--------------------------------------------------------------------------------
2014-12-30T08:22:40+00:00 ERR (3) 404 Page not found
REMOTE_ADDR: 223.202.3.94
HTTP_REFERER: 
requested: array(3) {
  ["controller"] => string(9) "wordpress"
  ["action"] => string(12) "wp-login.php"
  ["module"] => string(7) "default"
}


--------------------------------------------------------------------------------
2014-12-30T08:22:41+00:00 ERR (3) 404 Page not found
REMOTE_ADDR: 223.202.3.94
HTTP_REFERER: 
requested: array(3) {
  ["controller"] => string(4) "blog"
  ["action"] => string(12) "wp-login.php"
  ["module"] => string(7) "default"
}


--------------------------------------------------------------------------------
2014-12-30T08:34:40+00:00 ERR (3) 404 Seite nicht gefunden
REMOTE_ADDR: 89.73.212.93
HTTP_REFERER: http://graphicore.de/forum
requested: array(3) {
  ["controller"] => string(5) "forum"
  ["action"] => string(5) "index"
  ["module"] => string(7) "default"
}


--------------------------------------------------------------------------------
2014-12-30T20:52:11+00:00 ERR (3) 404 "hire-lasse" was not found.
REMOTE_ADDR: 81.30.151.220
HTTP_REFERER: 
requested: array(5) {
  ["lang"] => string(2) "de"
  ["action"] => string(4) "page"
  ["key"] => string(10) "hire-lasse"
  ["module"] => string(7) "default"
  ["controller"] => string(5) "index"
}


--------------------------------------------------------------------------------
