2020-06-04T03:55:16+00:00 ERR (3) 404 "competences" was not found.
REMOTE_ADDR: 85.208.96.71
HTTP_REFERER: 
requested: array(5) {
  ["lang"] => string(2) "de"
  ["action"] => string(4) "page"
  ["key"] => string(11) "competences"
  ["module"] => string(7) "default"
  ["controller"] => string(5) "index"
}


--------------------------------------------------------------------------------
2020-06-04T04:02:06+00:00 ERR (3) 404 Page not found
REMOTE_ADDR: 46.243.145.131
HTTP_REFERER: 
requested: array(3) {
  ["controller"] => string(5) "mysql"
  ["action"] => string(5) "index"
  ["module"] => string(7) "default"
}


--------------------------------------------------------------------------------
2020-06-04T08:32:36+00:00 ERR (3) 404 Page not found
REMOTE_ADDR: 216.57.226.29
HTTP_REFERER: 
requested: array(3) {
  ["controller"] => string(11) "wp-includes"
  ["action"] => string(15) "wlwmanifest.xml"
  ["module"] => string(7) "default"
}


--------------------------------------------------------------------------------
2020-06-04T08:32:41+00:00 ERR (3) 404 Page not found
REMOTE_ADDR: 184.168.152.103
HTTP_REFERER: 
requested: array(3) {
  ["controller"] => string(11) "wp-includes"
  ["action"] => string(15) "wlwmanifest.xml"
  ["module"] => string(7) "default"
}


--------------------------------------------------------------------------------
2020-06-04T08:33:24+00:00 ERR (3) 404 Page not found
REMOTE_ADDR: 85.233.160.31
HTTP_REFERER: 
requested: array(3) {
  ["controller"] => string(4) "blog"
  ["action"] => string(11) "wp-includes"
  ["module"] => string(7) "default"
}


--------------------------------------------------------------------------------
2020-06-04T08:33:35+00:00 ERR (3) 404 Page not found
REMOTE_ADDR: 198.71.239.15
HTTP_REFERER: 
requested: array(3) {
  ["controller"] => string(4) "site"
  ["action"] => string(11) "wp-includes"
  ["module"] => string(7) "default"
}


--------------------------------------------------------------------------------
2020-06-04T08:33:55+00:00 ERR (3) 404 Page not found
REMOTE_ADDR: 103.27.200.76
HTTP_REFERER: 
requested: array(3) {
  ["controller"] => string(3) "old"
  ["action"] => string(11) "wp-includes"
  ["module"] => string(7) "default"
}


--------------------------------------------------------------------------------
2020-06-04T08:34:06+00:00 ERR (3) 404 Page not found
REMOTE_ADDR: 184.168.193.155
HTTP_REFERER: 
requested: array(3) {
  ["controller"] => string(4) "test"
  ["action"] => string(11) "wp-includes"
  ["module"] => string(7) "default"
}


--------------------------------------------------------------------------------
2020-06-04T08:35:38+00:00 ERR (3) 404 Page not found
REMOTE_ADDR: 158.58.187.220
HTTP_REFERER: 
requested: array(3) {
  ["controller"] => string(3) "new"
  ["action"] => string(11) "wp-includes"
  ["module"] => string(7) "default"
}


--------------------------------------------------------------------------------
2020-06-04T08:36:20+00:00 ERR (3) 404 Page not found
REMOTE_ADDR: 50.63.92.69
HTTP_REFERER: 
requested: array(5) {
  ["lang"] => string(2) "en"
  ["action"] => string(11) "wp-includes"
  ["key"] => string(15) "wlwmanifest.xml"
  ["module"] => string(7) "default"
  ["controller"] => string(5) "index"
}


--------------------------------------------------------------------------------
2020-06-04T08:38:42+00:00 ERR (3) 404 Page not found
REMOTE_ADDR: 46.182.5.40
HTTP_REFERER: 
requested: array(3) {
  ["controller"] => string(4) "home"
  ["action"] => string(11) "wp-includes"
  ["module"] => string(7) "default"
}


--------------------------------------------------------------------------------
2020-06-04T08:38:58+00:00 ERR (3) 404 Page not found
REMOTE_ADDR: 165.227.185.201
HTTP_REFERER: 
requested: array(3) {
  ["controller"] => string(3) "cms"
  ["action"] => string(11) "wp-includes"
  ["module"] => string(7) "default"
}


--------------------------------------------------------------------------------
2020-06-04T08:39:17+00:00 ERR (3) 404 Page not found
REMOTE_ADDR: 64.91.250.59
HTTP_REFERER: 
requested: array(3) {
  ["controller"] => string(3) "www"
  ["action"] => string(11) "wp-includes"
  ["module"] => string(7) "default"
}


--------------------------------------------------------------------------------
2020-06-04T08:40:05+00:00 ERR (3) 404 Page not found
REMOTE_ADDR: 176.32.230.51
HTTP_REFERER: 
requested: array(3) {
  ["controller"] => string(7) "staging"
  ["action"] => string(11) "wp-includes"
  ["module"] => string(7) "default"
}


--------------------------------------------------------------------------------
2020-06-04T08:40:21+00:00 ERR (3) 404 Page not found
REMOTE_ADDR: 193.107.88.74
HTTP_REFERER: 
requested: array(3) {
  ["controller"] => string(4) "beta"
  ["action"] => string(11) "wp-includes"
  ["module"] => string(7) "default"
}


--------------------------------------------------------------------------------
2020-06-04T08:41:53+00:00 ERR (3) 404 Page not found
REMOTE_ADDR: 198.71.227.145
HTTP_REFERER: 
requested: array(3) {
  ["controller"] => string(4) "shop"
  ["action"] => string(11) "wp-includes"
  ["module"] => string(7) "default"
}


--------------------------------------------------------------------------------
2020-06-04T08:42:06+00:00 ERR (3) 404 Page not found
REMOTE_ADDR: 64.71.32.87
HTTP_REFERER: 
requested: array(3) {
  ["controller"] => string(4) "main"
  ["action"] => string(11) "wp-includes"
  ["module"] => string(7) "default"
}


--------------------------------------------------------------------------------
2020-06-04T08:42:28+00:00 ERR (3) 404 Page not found
REMOTE_ADDR: 45.119.82.132
HTTP_REFERER: 
requested: array(3) {
  ["controller"] => string(2) "v2"
  ["action"] => string(11) "wp-includes"
  ["module"] => string(7) "default"
}


--------------------------------------------------------------------------------
2020-06-04T08:43:01+00:00 ERR (3) 404 Page not found
REMOTE_ADDR: 160.153.156.135
HTTP_REFERER: 
requested: array(3) {
  ["controller"] => string(7) "website"
  ["action"] => string(11) "wp-includes"
  ["module"] => string(7) "default"
}


--------------------------------------------------------------------------------
2020-06-04T08:43:52+00:00 ERR (3) 404 Page not found
REMOTE_ADDR: 198.71.239.49
HTTP_REFERER: 
requested: array(3) {
  ["controller"] => string(4) "2018"
  ["action"] => string(11) "wp-includes"
  ["module"] => string(7) "default"
}


--------------------------------------------------------------------------------
2020-06-04T08:44:08+00:00 ERR (3) 404 Page not found
REMOTE_ADDR: 206.132.225.154
HTTP_REFERER: 
requested: array(3) {
  ["controller"] => string(4) "2019"
  ["action"] => string(11) "wp-includes"
  ["module"] => string(7) "default"
}


--------------------------------------------------------------------------------
2020-06-04T08:44:26+00:00 ERR (3) 404 Page not found
REMOTE_ADDR: 216.222.194.4
HTTP_REFERER: 
requested: array(3) {
  ["controller"] => string(2) "v1"
  ["action"] => string(11) "wp-includes"
  ["module"] => string(7) "default"
}


--------------------------------------------------------------------------------
2020-06-04T12:13:06+00:00 ERR (3) 404 Seite nicht gefunden
REMOTE_ADDR: 192.185.12.22
HTTP_REFERER: http://graphicore.de/
requested: array(3) {
  ["controller"] => string(3) "old"
  ["action"] => string(5) "index"
  ["module"] => string(7) "default"
}


--------------------------------------------------------------------------------
2020-06-04T20:09:39+00:00 ERR (3) 404 Seite nicht gefunden
REMOTE_ADDR: 198.98.183.61
HTTP_REFERER: 
requested: array(3) {
  ["controller"] => string(10) "components"
  ["action"] => string(14) "com_jdownloads"
  ["module"] => string(7) "default"
}


--------------------------------------------------------------------------------
2020-06-04T22:37:49+00:00 ERR (3) 404 Seite nicht gefunden
REMOTE_ADDR: 216.244.66.228
HTTP_REFERER: 
requested: array(8) {
  ["controller"] => string(5) "forum"
  ["action"] => string(13) "viewtopic.php"
  ["module"] => string(7) "default"
  ["t"] => string(2) "13"
  ["start"] => string(1) "0"
  ["postdays"] => string(1) "0"
  ["postorder"] => string(3) "asc"
  ["highlight"] => string(0) ""
}


--------------------------------------------------------------------------------
