2014-07-15T03:05:32+00:00 ERR (3) 404 Seite nicht gefunden
REMOTE_ADDR: 46.119.114.132
HTTP_REFERER: http://graphicore.de/forum/
requested: array(3) {
  ["controller"] => string(5) "forum"
  ["action"] => string(5) "index"
  ["module"] => string(7) "default"
}


--------------------------------------------------------------------------------
2014-07-15T05:32:28+00:00 ERR (3) 404 "" was not found.
REMOTE_ADDR: 208.115.113.89
HTTP_REFERER: 
requested: array(5) {
  ["lang"] => string(2) "de"
  ["action"] => string(7) "archive"
  ["module"] => string(7) "default"
  ["controller"] => string(5) "index"
  ["key"] => string(0) ""
}


--------------------------------------------------------------------------------
2014-07-15T07:48:33+00:00 ERR (3) 404 Seite nicht gefunden
REMOTE_ADDR: 175.44.52.192
HTTP_REFERER: http://graphicore.de/fckeditor/editor/filemanager/browser/default/connectors/test.html
requested: array(5) {
  ["controller"] => string(9) "fckeditor"
  ["action"] => string(6) "editor"
  ["filemanager"] => string(7) "browser"
  ["default"] => string(10) "connectors"
  ["module"] => string(7) "default"
}


--------------------------------------------------------------------------------
2014-07-15T07:48:34+00:00 ERR (3) 404 Seite nicht gefunden
REMOTE_ADDR: 175.44.52.192
HTTP_REFERER: http://graphicore.de/admin/fckeditor/editor/filemanager/browser/default/connectors/test.html
requested: array(6) {
  ["controller"] => string(5) "admin"
  ["action"] => string(9) "fckeditor"
  ["editor"] => string(11) "filemanager"
  ["browser"] => string(7) "default"
  ["connectors"] => string(9) "test.html"
  ["module"] => string(7) "default"
}


--------------------------------------------------------------------------------
2014-07-15T07:48:36+00:00 ERR (3) 404 Seite nicht gefunden
REMOTE_ADDR: 175.44.52.192
HTTP_REFERER: http://graphicore.de/editor/filemanager/browser/default/connectors/test.html
requested: array(5) {
  ["controller"] => string(6) "editor"
  ["action"] => string(11) "filemanager"
  ["browser"] => string(7) "default"
  ["connectors"] => string(9) "test.html"
  ["module"] => string(7) "default"
}


--------------------------------------------------------------------------------
2014-07-15T07:48:37+00:00 ERR (3) 404 Seite nicht gefunden
REMOTE_ADDR: 175.44.52.192
HTTP_REFERER: http://graphicore.de/manage/fckeditor/editor/filemanager/browser/default/connectors/test.html
requested: array(6) {
  ["controller"] => string(6) "manage"
  ["action"] => string(9) "fckeditor"
  ["editor"] => string(11) "filemanager"
  ["browser"] => string(7) "default"
  ["connectors"] => string(9) "test.html"
  ["module"] => string(7) "default"
}


--------------------------------------------------------------------------------
2014-07-15T07:48:39+00:00 ERR (3) 404 Seite nicht gefunden
REMOTE_ADDR: 175.44.52.192
HTTP_REFERER: http://graphicore.de/system/fckeditor/editor/filemanager/browser/default/connectors/test.html
requested: array(6) {
  ["controller"] => string(6) "system"
  ["action"] => string(9) "fckeditor"
  ["editor"] => string(11) "filemanager"
  ["browser"] => string(7) "default"
  ["connectors"] => string(9) "test.html"
  ["module"] => string(7) "default"
}


--------------------------------------------------------------------------------
2014-07-15T12:41:13+00:00 ERR (3) 404 Seite nicht gefunden
REMOTE_ADDR: 91.200.12.47
HTTP_REFERER: http://graphicore.de/forum/index.php
requested: array(3) {
  ["controller"] => string(5) "forum"
  ["action"] => string(9) "index.php"
  ["module"] => string(7) "default"
}


--------------------------------------------------------------------------------
2014-07-15T14:59:10+00:00 ERR (3) 404 Seite nicht gefunden
REMOTE_ADDR: 46.191.207.20
HTTP_REFERER: http://graphicore.de/forum/
requested: array(3) {
  ["controller"] => string(5) "forum"
  ["action"] => string(5) "index"
  ["module"] => string(7) "default"
}


--------------------------------------------------------------------------------
2014-07-15T21:29:58+00:00 ERR (3) 404 "de" was not found.
REMOTE_ADDR: 208.115.113.89
HTTP_REFERER: 
requested: array(5) {
  ["lang"] => string(2) "en"
  ["action"] => string(7) "archive"
  ["key"] => string(2) "de"
  ["module"] => string(7) "default"
  ["controller"] => string(5) "index"
}


--------------------------------------------------------------------------------
2014-07-15T23:07:31+00:00 ERR (3) 404 "en" was not found.
REMOTE_ADDR: 208.115.111.73
HTTP_REFERER: 
requested: array(5) {
  ["lang"] => string(2) "en"
  ["action"] => string(4) "page"
  ["key"] => string(2) "en"
  ["module"] => string(7) "default"
  ["controller"] => string(5) "index"
}


--------------------------------------------------------------------------------
