2014-08-25T20:56:13+00:00 ERR (3) 404 Page not found
REMOTE_ADDR: 159.253.137.109
HTTP_REFERER: http://www.google.com/
requested: array(6) {
  ["controller"] => string(12) "wp-login.php"
  ["action"] => string(5) "index"
  ["module"] => string(7) "default"
  ["log"] => string(5) "admin"
  ["pwd"] => string(3) "123"
  ["rememberme"] => string(7) "forever"
}


--------------------------------------------------------------------------------
2014-08-25T21:07:52+00:00 ERR (3) 404 Page not found
REMOTE_ADDR: 68.142.232.13
HTTP_REFERER: http://www.google.com/
requested: array(6) {
  ["controller"] => string(12) "wp-login.php"
  ["action"] => string(5) "index"
  ["module"] => string(7) "default"
  ["log"] => string(5) "admin"
  ["pwd"] => string(6) "123123"
  ["rememberme"] => string(7) "forever"
}


--------------------------------------------------------------------------------
2014-08-25T21:19:10+00:00 ERR (3) 404 Page not found
REMOTE_ADDR: 72.167.159.8
HTTP_REFERER: http://www.google.com/
requested: array(6) {
  ["controller"] => string(12) "wp-login.php"
  ["action"] => string(5) "index"
  ["module"] => string(7) "default"
  ["log"] => string(5) "admin"
  ["pwd"] => string(5) "admin"
  ["rememberme"] => string(7) "forever"
}


--------------------------------------------------------------------------------
2014-08-25T21:30:16+00:00 ERR (3) 404 Page not found
REMOTE_ADDR: 92.48.105.158
HTTP_REFERER: http://www.google.com/
requested: array(6) {
  ["controller"] => string(12) "wp-login.php"
  ["action"] => string(5) "index"
  ["module"] => string(7) "default"
  ["log"] => string(5) "admin"
  ["pwd"] => string(6) "123456"
  ["rememberme"] => string(7) "forever"
}


--------------------------------------------------------------------------------
2014-08-25T23:25:15+00:00 ERR (3) 404 Seite nicht gefunden
REMOTE_ADDR: 208.115.111.73
HTTP_REFERER: 
requested: array(5) {
  ["lang"] => string(2) "de"
  ["action"] => string(2) "en"
  ["module"] => string(7) "default"
  ["controller"] => string(5) "index"
  ["key"] => string(0) ""
}


--------------------------------------------------------------------------------
