2016-12-05T07:53:27+00:00 ERR (3) 404 Seite nicht gefunden
REMOTE_ADDR: 186.202.120.146
HTTP_REFERER: 
requested: array(3) {
  ["controller"] => string(4) "blog"
  ["action"] => string(10) "robots.txt"
  ["module"] => string(7) "default"
}


--------------------------------------------------------------------------------
2016-12-05T07:53:28+00:00 ERR (3) 404 Seite nicht gefunden
REMOTE_ADDR: 186.202.120.146
HTTP_REFERER: 
requested: array(3) {
  ["controller"] => string(4) "blog"
  ["action"] => string(5) "index"
  ["module"] => string(7) "default"
}


--------------------------------------------------------------------------------
2016-12-05T07:53:28+00:00 ERR (3) 404 Seite nicht gefunden
REMOTE_ADDR: 186.202.120.146
HTTP_REFERER: 
requested: array(3) {
  ["controller"] => string(9) "wordpress"
  ["action"] => string(5) "index"
  ["module"] => string(7) "default"
}


--------------------------------------------------------------------------------
2016-12-05T07:53:28+00:00 ERR (3) 404 Seite nicht gefunden
REMOTE_ADDR: 186.202.120.146
HTTP_REFERER: 
requested: array(3) {
  ["controller"] => string(2) "wp"
  ["action"] => string(5) "index"
  ["module"] => string(7) "default"
}


--------------------------------------------------------------------------------
2016-12-05T09:19:31+00:00 ERR (3) 404 "hire-lasse" was not found.
REMOTE_ADDR: 207.46.13.71
HTTP_REFERER: 
requested: array(5) {
  ["lang"] => string(2) "de"
  ["action"] => string(4) "page"
  ["key"] => string(10) "hire-lasse"
  ["module"] => string(7) "default"
  ["controller"] => string(5) "index"
}


--------------------------------------------------------------------------------
2016-12-05T10:38:18+00:00 ERR (3) 404 "de" was not found.
REMOTE_ADDR: 208.43.225.84
HTTP_REFERER: 
requested: array(5) {
  ["lang"] => string(2) "en"
  ["action"] => string(4) "page"
  ["key"] => string(2) "de"
  ["module"] => string(7) "default"
  ["controller"] => string(5) "index"
}


--------------------------------------------------------------------------------
2016-12-05T10:38:30+00:00 ERR (3) 404 The filter "de" was not found.
REMOTE_ADDR: 208.43.225.85
HTTP_REFERER: 
requested: array(5) {
  ["lang"] => string(2) "en"
  ["action"] => string(5) "diary"
  ["key"] => string(2) "de"
  ["module"] => string(7) "default"
  ["controller"] => string(5) "index"
}


--------------------------------------------------------------------------------
2016-12-05T10:39:35+00:00 ERR (3) 404 "de" was not found.
REMOTE_ADDR: 208.43.225.85
HTTP_REFERER: 
requested: array(5) {
  ["lang"] => string(2) "de"
  ["action"] => string(7) "archive"
  ["key"] => string(2) "de"
  ["module"] => string(7) "default"
  ["controller"] => string(5) "index"
}


--------------------------------------------------------------------------------
2016-12-05T16:58:30+00:00 ERR (3) 404 Page not found
REMOTE_ADDR: 195.154.181.15
HTTP_REFERER: http://graphicore.de/_file-manager/php/connector.php
requested: array(3) {
  ["controller"] => string(13) "_file-manager"
  ["action"] => string(3) "php"
  ["module"] => string(7) "default"
}


--------------------------------------------------------------------------------
2016-12-05T16:58:32+00:00 ERR (3) 404 Seite nicht gefunden
REMOTE_ADDR: 79.116.26.36
HTTP_REFERER: 
requested: array(3) {
  ["controller"] => string(6) "https:"
  ["action"] => string(19) "silber-und-blei.com"
  ["module"] => string(7) "default"
}


--------------------------------------------------------------------------------
2016-12-05T16:58:33+00:00 ERR (3) 404 Seite nicht gefunden
REMOTE_ADDR: 79.116.26.36
HTTP_REFERER: 
requested: array(3) {
  ["controller"] => string(2) "js"
  ["action"] => string(1) "'"
  ["module"] => string(7) "default"
}


--------------------------------------------------------------------------------
2016-12-05T18:01:31+00:00 ERR (3) 404 Seite nicht gefunden
REMOTE_ADDR: 66.249.76.131
HTTP_REFERER: 
requested: array(3) {
  ["controller"] => string(26) "apple-app-site-association"
  ["action"] => string(5) "index"
  ["module"] => string(7) "default"
}


--------------------------------------------------------------------------------
2016-12-05T21:57:59+00:00 ERR (3) 404 "hire-lasse" was not found.
REMOTE_ADDR: 40.77.167.86
HTTP_REFERER: 
requested: array(5) {
  ["lang"] => string(2) "de"
  ["action"] => string(4) "page"
  ["key"] => string(10) "hire-lasse"
  ["module"] => string(7) "default"
  ["controller"] => string(5) "index"
}


--------------------------------------------------------------------------------
2016-12-05T22:43:42+00:00 ERR (3) 404 Seite nicht gefunden
REMOTE_ADDR: 87.236.215.54
HTTP_REFERER: 
requested: array(4) {
  ["controller"] => string(6) "https:"
  [""] => string(19) "silber-und-blei.com"
  ["action"] => string(5) "index"
  ["module"] => string(7) "default"
}


--------------------------------------------------------------------------------
2016-12-05T22:43:48+00:00 ERR (3) 404 Seite nicht gefunden
REMOTE_ADDR: 87.236.215.54
HTTP_REFERER: 
requested: array(3) {
  ["controller"] => string(2) "js"
  ["action"] => string(1) "'"
  ["module"] => string(7) "default"
}


--------------------------------------------------------------------------------
