2012-02-01T04:28:31+00:00 ERR (3) 404 Seite nicht gefunden
REMOTE_ADDR: 146.0.74.198
HTTP_REFERER: http://graphicore.de/forum/index.php
requested: array(3) {
  ["controller"] => string(5) "forum"
  ["action"] => string(9) "index.php"
  ["module"] => string(7) "default"
}


--------------------------------------------------------------------------------
2012-02-01T07:26:12+00:00 ERR (3) 404 "" was not found.
REMOTE_ADDR: 180.76.5.165
HTTP_REFERER: 
requested: array(5) {
  ["lang"] => string(2) "en"
  ["action"] => string(7) "archive"
  ["module"] => string(7) "default"
  ["controller"] => string(5) "index"
  ["key"] => string(0) ""
}


--------------------------------------------------------------------------------
2012-02-01T19:50:54+00:00 ERR (3) 404 Seite nicht gefunden
REMOTE_ADDR: 94.190.30.135
HTTP_REFERER: http://graphicore.de/forum/index.php
requested: array(3) {
  ["controller"] => string(5) "forum"
  ["action"] => string(9) "index.php"
  ["module"] => string(7) "default"
}


--------------------------------------------------------------------------------
2012-02-01T21:06:33+00:00 ERR (3) 404 "story" was not found.
REMOTE_ADDR: 66.249.71.21
HTTP_REFERER: 
requested: array(6) {
  ["lang"] => string(2) "de"
  ["action"] => string(5) "index"
  ["key"] => string(5) "story"
  ["intern"] => string(7) "kontakt"
  ["module"] => string(7) "default"
  ["controller"] => string(5) "index"
}


--------------------------------------------------------------------------------
2012-02-01T21:10:32+00:00 ERR (3) 404 "story" was not found.
REMOTE_ADDR: 66.249.71.21
HTTP_REFERER: 
requested: array(6) {
  ["lang"] => string(2) "en"
  ["action"] => string(5) "index"
  ["key"] => string(5) "story"
  ["intern"] => string(7) "kontakt"
  ["module"] => string(7) "default"
  ["controller"] => string(5) "index"
}


--------------------------------------------------------------------------------
2012-02-01T23:40:47+00:00 ERR (3) 404 "zimmer-frei" was not found.
REMOTE_ADDR: 66.220.156.7
HTTP_REFERER: 
requested: array(5) {
  ["lang"] => string(2) "de"
  ["action"] => string(4) "page"
  ["key"] => string(11) "zimmer-frei"
  ["module"] => string(7) "default"
  ["controller"] => string(5) "index"
}


--------------------------------------------------------------------------------
