2017-06-18T12:40:56+00:00 ERR (3) 404 "hire-lasse" was not found.
REMOTE_ADDR: 188.138.41.208
HTTP_REFERER: 
requested: array(5) {
  ["lang"] => string(2) "de"
  ["action"] => string(4) "page"
  ["key"] => string(10) "hire-lasse"
  ["module"] => string(7) "default"
  ["controller"] => string(5) "index"
}


--------------------------------------------------------------------------------
2017-06-18T12:41:38+00:00 ERR (3) 404 "hire-lasse" was not found.
REMOTE_ADDR: 188.138.41.208
HTTP_REFERER: 
requested: array(5) {
  ["lang"] => string(2) "en"
  ["action"] => string(4) "page"
  ["key"] => string(10) "hire-lasse"
  ["module"] => string(7) "default"
  ["controller"] => string(5) "index"
}


--------------------------------------------------------------------------------
2017-06-18T20:51:29+00:00 ERR (3) 404 Seite nicht gefunden
REMOTE_ADDR: 46.118.127.187
HTTP_REFERER: 
requested: array(3) {
  ["controller"] => string(12) "wp-login.php"
  ["action"] => string(5) "index"
  ["module"] => string(7) "default"
}


--------------------------------------------------------------------------------
2017-06-18T20:51:29+00:00 ERR (3) 404 Seite nicht gefunden
REMOTE_ADDR: 46.118.127.187
HTTP_REFERER: 
requested: array(3) {
  ["controller"] => string(13) "administrator"
  ["action"] => string(9) "index.php"
  ["module"] => string(7) "default"
}


--------------------------------------------------------------------------------
2017-06-18T20:51:29+00:00 ERR (3) 404 Seite nicht gefunden
REMOTE_ADDR: 46.118.127.187
HTTP_REFERER: 
requested: array(3) {
  ["controller"] => string(4) "user"
  ["action"] => string(5) "index"
  ["module"] => string(7) "default"
}


--------------------------------------------------------------------------------
