2017-12-03T01:06:25+00:00 ERR (3) 404 Seite nicht gefunden
REMOTE_ADDR: 94.121.24.4
HTTP_REFERER: 
requested: array(3) {
  ["controller"] => string(12) "wp-login.php"
  ["action"] => string(5) "index"
  ["module"] => string(7) "default"
}


--------------------------------------------------------------------------------
2017-12-03T01:17:12+00:00 ERR (3) 404 Seite nicht gefunden
REMOTE_ADDR: 78.96.86.97
HTTP_REFERER: 
requested: array(3) {
  ["controller"] => string(12) "wp-login.php"
  ["action"] => string(5) "index"
  ["module"] => string(7) "default"
}


--------------------------------------------------------------------------------
2017-12-03T02:05:44+00:00 ERR (3) 404 Seite nicht gefunden
REMOTE_ADDR: 101.181.73.222
HTTP_REFERER: 
requested: array(3) {
  ["controller"] => string(12) "wp-login.php"
  ["action"] => string(5) "index"
  ["module"] => string(7) "default"
}


--------------------------------------------------------------------------------
2017-12-03T02:29:11+00:00 ERR (3) 404 Seite nicht gefunden
REMOTE_ADDR: 198.100.149.189
HTTP_REFERER: 
requested: array(3) {
  ["controller"] => string(11) "license.php"
  ["action"] => string(5) "index"
  ["module"] => string(7) "default"
}


--------------------------------------------------------------------------------
2017-12-03T02:29:12+00:00 ERR (3) 404 Seite nicht gefunden
REMOTE_ADDR: 198.100.149.189
HTTP_REFERER: 
requested: array(3) {
  ["controller"] => string(11) "license.php"
  ["action"] => string(5) "index"
  ["module"] => string(7) "default"
}


--------------------------------------------------------------------------------
2017-12-03T03:19:08+00:00 ERR (3) 404 Seite nicht gefunden
REMOTE_ADDR: 177.75.37.117
HTTP_REFERER: 
requested: array(3) {
  ["controller"] => string(12) "wp-login.php"
  ["action"] => string(5) "index"
  ["module"] => string(7) "default"
}


--------------------------------------------------------------------------------
2017-12-03T04:49:06+00:00 ERR (3) 404 "de" was not found.
REMOTE_ADDR: 107.150.37.99
HTTP_REFERER: 
requested: array(5) {
  ["lang"] => string(2) "de"
  ["action"] => string(7) "archive"
  ["key"] => string(2) "de"
  ["module"] => string(7) "default"
  ["controller"] => string(5) "index"
}


--------------------------------------------------------------------------------
2017-12-03T04:49:29+00:00 ERR (3) 404 "de" was not found.
REMOTE_ADDR: 107.150.37.99
HTTP_REFERER: 
requested: array(5) {
  ["lang"] => string(2) "en"
  ["action"] => string(7) "archive"
  ["key"] => string(2) "de"
  ["module"] => string(7) "default"
  ["controller"] => string(5) "index"
}


--------------------------------------------------------------------------------
2017-12-03T04:54:58+00:00 ERR (3) 404 Seite nicht gefunden
REMOTE_ADDR: 170.84.14.27
HTTP_REFERER: 
requested: array(3) {
  ["controller"] => string(12) "wp-login.php"
  ["action"] => string(5) "index"
  ["module"] => string(7) "default"
}


--------------------------------------------------------------------------------
2017-12-03T05:38:40+00:00 ERR (3) 404 Seite nicht gefunden
REMOTE_ADDR: 188.146.229.60
HTTP_REFERER: 
requested: array(3) {
  ["controller"] => string(12) "wp-login.php"
  ["action"] => string(5) "index"
  ["module"] => string(7) "default"
}


--------------------------------------------------------------------------------
2017-12-03T06:02:56+00:00 ERR (3) 404 Seite nicht gefunden
REMOTE_ADDR: 5.156.58.96
HTTP_REFERER: 
requested: array(3) {
  ["controller"] => string(12) "wp-login.php"
  ["action"] => string(5) "index"
  ["module"] => string(7) "default"
}


--------------------------------------------------------------------------------
2017-12-03T07:09:33+00:00 ERR (3) 404 Seite nicht gefunden
REMOTE_ADDR: 37.116.237.230
HTTP_REFERER: 
requested: array(3) {
  ["controller"] => string(12) "wp-login.php"
  ["action"] => string(5) "index"
  ["module"] => string(7) "default"
}


--------------------------------------------------------------------------------
2017-12-03T07:11:06+00:00 ERR (3) 404 Seite nicht gefunden
REMOTE_ADDR: 221.113.38.87
HTTP_REFERER: 
requested: array(3) {
  ["controller"] => string(12) "wp-login.php"
  ["action"] => string(5) "index"
  ["module"] => string(7) "default"
}


--------------------------------------------------------------------------------
2017-12-03T07:26:47+00:00 ERR (3) 404 Seite nicht gefunden
REMOTE_ADDR: 220.253.225.199
HTTP_REFERER: 
requested: array(3) {
  ["controller"] => string(12) "wp-login.php"
  ["action"] => string(5) "index"
  ["module"] => string(7) "default"
}


--------------------------------------------------------------------------------
2017-12-03T07:37:58+00:00 ERR (3) 404 Seite nicht gefunden
REMOTE_ADDR: 49.207.193.179
HTTP_REFERER: 
requested: array(3) {
  ["controller"] => string(12) "wp-login.php"
  ["action"] => string(5) "index"
  ["module"] => string(7) "default"
}


--------------------------------------------------------------------------------
2017-12-03T08:26:00+00:00 ERR (3) 404 Seite nicht gefunden
REMOTE_ADDR: 202.80.213.87
HTTP_REFERER: 
requested: array(3) {
  ["controller"] => string(12) "wp-login.php"
  ["action"] => string(5) "index"
  ["module"] => string(7) "default"
}


--------------------------------------------------------------------------------
2017-12-03T08:56:12+00:00 ERR (3) 404 Seite nicht gefunden
REMOTE_ADDR: 86.144.22.174
HTTP_REFERER: 
requested: array(3) {
  ["controller"] => string(12) "wp-login.php"
  ["action"] => string(5) "index"
  ["module"] => string(7) "default"
}


--------------------------------------------------------------------------------
2017-12-03T09:08:37+00:00 ERR (3) 404 Seite nicht gefunden
REMOTE_ADDR: 130.105.8.49
HTTP_REFERER: 
requested: array(3) {
  ["controller"] => string(12) "wp-login.php"
  ["action"] => string(5) "index"
  ["module"] => string(7) "default"
}


--------------------------------------------------------------------------------
2017-12-03T09:11:31+00:00 ERR (3) 404 Seite nicht gefunden
REMOTE_ADDR: 188.105.227.221
HTTP_REFERER: 
requested: array(3) {
  ["controller"] => string(12) "wp-login.php"
  ["action"] => string(5) "index"
  ["module"] => string(7) "default"
}


--------------------------------------------------------------------------------
2017-12-03T09:14:15+00:00 ERR (3) 404 Seite nicht gefunden
REMOTE_ADDR: 103.96.19.3
HTTP_REFERER: 
requested: array(3) {
  ["controller"] => string(12) "wp-login.php"
  ["action"] => string(5) "index"
  ["module"] => string(7) "default"
}


--------------------------------------------------------------------------------
2017-12-03T09:18:02+00:00 ERR (3) 404 Seite nicht gefunden
REMOTE_ADDR: 183.228.51.121
HTTP_REFERER: 
requested: array(3) {
  ["controller"] => string(12) "wp-login.php"
  ["action"] => string(5) "index"
  ["module"] => string(7) "default"
}


--------------------------------------------------------------------------------
2017-12-03T09:28:58+00:00 ERR (3) 404 Seite nicht gefunden
REMOTE_ADDR: 95.105.153.196
HTTP_REFERER: 
requested: array(3) {
  ["controller"] => string(12) "wp-login.php"
  ["action"] => string(5) "index"
  ["module"] => string(7) "default"
}


--------------------------------------------------------------------------------
2017-12-03T10:14:03+00:00 ERR (3) 404 Seite nicht gefunden
REMOTE_ADDR: 92.56.236.91
HTTP_REFERER: 
requested: array(3) {
  ["controller"] => string(12) "wp-login.php"
  ["action"] => string(5) "index"
  ["module"] => string(7) "default"
}


--------------------------------------------------------------------------------
2017-12-03T10:49:01+00:00 ERR (3) 404 Seite nicht gefunden
REMOTE_ADDR: 83.82.175.239
HTTP_REFERER: 
requested: array(3) {
  ["controller"] => string(12) "wp-login.php"
  ["action"] => string(5) "index"
  ["module"] => string(7) "default"
}


--------------------------------------------------------------------------------
2017-12-03T11:20:28+00:00 ERR (3) 404 Seite nicht gefunden
REMOTE_ADDR: 112.135.2.213
HTTP_REFERER: 
requested: array(3) {
  ["controller"] => string(12) "wp-login.php"
  ["action"] => string(5) "index"
  ["module"] => string(7) "default"
}


--------------------------------------------------------------------------------
2017-12-03T11:25:15+00:00 ERR (3) 404 Seite nicht gefunden
REMOTE_ADDR: 91.147.195.80
HTTP_REFERER: 
requested: array(3) {
  ["controller"] => string(12) "wp-login.php"
  ["action"] => string(5) "index"
  ["module"] => string(7) "default"
}


--------------------------------------------------------------------------------
2017-12-03T11:43:01+00:00 ERR (3) 404 Seite nicht gefunden
REMOTE_ADDR: 109.96.214.136
HTTP_REFERER: 
requested: array(3) {
  ["controller"] => string(12) "wp-login.php"
  ["action"] => string(5) "index"
  ["module"] => string(7) "default"
}


--------------------------------------------------------------------------------
2017-12-03T12:14:54+00:00 ERR (3) 404 Seite nicht gefunden
REMOTE_ADDR: 49.148.183.121
HTTP_REFERER: 
requested: array(3) {
  ["controller"] => string(12) "wp-login.php"
  ["action"] => string(5) "index"
  ["module"] => string(7) "default"
}


--------------------------------------------------------------------------------
2017-12-03T12:49:39+00:00 ERR (3) 404 Seite nicht gefunden
REMOTE_ADDR: 114.30.76.234
HTTP_REFERER: 
requested: array(3) {
  ["controller"] => string(12) "wp-login.php"
  ["action"] => string(5) "index"
  ["module"] => string(7) "default"
}


--------------------------------------------------------------------------------
2017-12-03T13:33:32+00:00 ERR (3) 404 Seite nicht gefunden
REMOTE_ADDR: 46.12.215.109
HTTP_REFERER: 
requested: array(3) {
  ["controller"] => string(12) "wp-login.php"
  ["action"] => string(5) "index"
  ["module"] => string(7) "default"
}


--------------------------------------------------------------------------------
2017-12-03T14:07:21+00:00 ERR (3) 404 Seite nicht gefunden
REMOTE_ADDR: 83.254.7.163
HTTP_REFERER: 
requested: array(3) {
  ["controller"] => string(12) "wp-login.php"
  ["action"] => string(5) "index"
  ["module"] => string(7) "default"
}


--------------------------------------------------------------------------------
2017-12-03T14:27:09+00:00 ERR (3) 404 Seite nicht gefunden
REMOTE_ADDR: 106.51.16.94
HTTP_REFERER: 
requested: array(3) {
  ["controller"] => string(12) "wp-login.php"
  ["action"] => string(5) "index"
  ["module"] => string(7) "default"
}


--------------------------------------------------------------------------------
2017-12-03T14:42:56+00:00 ERR (3) 404 Seite nicht gefunden
REMOTE_ADDR: 97.103.246.108
HTTP_REFERER: 
requested: array(3) {
  ["controller"] => string(12) "wp-login.php"
  ["action"] => string(5) "index"
  ["module"] => string(7) "default"
}


--------------------------------------------------------------------------------
2017-12-03T14:54:25+00:00 ERR (3) 404 Seite nicht gefunden
REMOTE_ADDR: 37.201.194.203
HTTP_REFERER: 
requested: array(3) {
  ["controller"] => string(12) "wp-login.php"
  ["action"] => string(5) "index"
  ["module"] => string(7) "default"
}


--------------------------------------------------------------------------------
2017-12-03T15:33:40+00:00 ERR (3) 404 Seite nicht gefunden
REMOTE_ADDR: 109.175.28.35
HTTP_REFERER: 
requested: array(3) {
  ["controller"] => string(12) "wp-login.php"
  ["action"] => string(5) "index"
  ["module"] => string(7) "default"
}


--------------------------------------------------------------------------------
2017-12-03T16:51:29+00:00 ERR (3) 404 Seite nicht gefunden
REMOTE_ADDR: 191.183.100.178
HTTP_REFERER: 
requested: array(3) {
  ["controller"] => string(12) "wp-login.php"
  ["action"] => string(5) "index"
  ["module"] => string(7) "default"
}


--------------------------------------------------------------------------------
2017-12-03T16:53:38+00:00 ERR (3) 404 Seite nicht gefunden
REMOTE_ADDR: 45.28.150.185
HTTP_REFERER: 
requested: array(3) {
  ["controller"] => string(12) "wp-login.php"
  ["action"] => string(5) "index"
  ["module"] => string(7) "default"
}


--------------------------------------------------------------------------------
2017-12-03T16:58:08+00:00 ERR (3) 404 Seite nicht gefunden
REMOTE_ADDR: 93.147.107.151
HTTP_REFERER: 
requested: array(3) {
  ["controller"] => string(12) "wp-login.php"
  ["action"] => string(5) "index"
  ["module"] => string(7) "default"
}


--------------------------------------------------------------------------------
2017-12-03T16:59:50+00:00 ERR (3) 404 Seite nicht gefunden
REMOTE_ADDR: 79.178.142.179
HTTP_REFERER: 
requested: array(3) {
  ["controller"] => string(12) "wp-login.php"
  ["action"] => string(5) "index"
  ["module"] => string(7) "default"
}


--------------------------------------------------------------------------------
2017-12-03T17:05:23+00:00 ERR (3) 404 Seite nicht gefunden
REMOTE_ADDR: 89.133.177.87
HTTP_REFERER: 
requested: array(3) {
  ["controller"] => string(12) "wp-login.php"
  ["action"] => string(5) "index"
  ["module"] => string(7) "default"
}


--------------------------------------------------------------------------------
2017-12-03T18:01:11+00:00 ERR (3) 404 Seite nicht gefunden
REMOTE_ADDR: 178.118.130.161
HTTP_REFERER: 
requested: array(3) {
  ["controller"] => string(12) "wp-login.php"
  ["action"] => string(5) "index"
  ["module"] => string(7) "default"
}


--------------------------------------------------------------------------------
2017-12-03T18:17:54+00:00 ERR (3) 404 Seite nicht gefunden
REMOTE_ADDR: 101.185.67.252
HTTP_REFERER: 
requested: array(3) {
  ["controller"] => string(12) "wp-login.php"
  ["action"] => string(5) "index"
  ["module"] => string(7) "default"
}


--------------------------------------------------------------------------------
2017-12-03T18:46:36+00:00 ERR (3) 404 Seite nicht gefunden
REMOTE_ADDR: 181.47.80.233
HTTP_REFERER: 
requested: array(3) {
  ["controller"] => string(12) "wp-login.php"
  ["action"] => string(5) "index"
  ["module"] => string(7) "default"
}


--------------------------------------------------------------------------------
2017-12-03T19:41:38+00:00 ERR (3) 404 Seite nicht gefunden
REMOTE_ADDR: 89.216.218.53
HTTP_REFERER: 
requested: array(3) {
  ["controller"] => string(12) "wp-login.php"
  ["action"] => string(5) "index"
  ["module"] => string(7) "default"
}


--------------------------------------------------------------------------------
2017-12-03T19:56:35+00:00 ERR (3) 404 Seite nicht gefunden
REMOTE_ADDR: 78.164.33.230
HTTP_REFERER: 
requested: array(3) {
  ["controller"] => string(12) "wp-login.php"
  ["action"] => string(5) "index"
  ["module"] => string(7) "default"
}


--------------------------------------------------------------------------------
2017-12-03T21:18:19+00:00 ERR (3) 404 Seite nicht gefunden
REMOTE_ADDR: 109.64.121.79
HTTP_REFERER: 
requested: array(3) {
  ["controller"] => string(12) "wp-login.php"
  ["action"] => string(5) "index"
  ["module"] => string(7) "default"
}


--------------------------------------------------------------------------------
2017-12-03T21:41:24+00:00 ERR (3) 404 Seite nicht gefunden
REMOTE_ADDR: 77.28.130.214
HTTP_REFERER: 
requested: array(3) {
  ["controller"] => string(12) "wp-login.php"
  ["action"] => string(5) "index"
  ["module"] => string(7) "default"
}


--------------------------------------------------------------------------------
2017-12-03T21:48:12+00:00 ERR (3) 404 Seite nicht gefunden
REMOTE_ADDR: 105.107.134.125
HTTP_REFERER: 
requested: array(3) {
  ["controller"] => string(12) "wp-login.php"
  ["action"] => string(5) "index"
  ["module"] => string(7) "default"
}


--------------------------------------------------------------------------------
2017-12-03T21:51:22+00:00 ERR (3) 404 Seite nicht gefunden
REMOTE_ADDR: 146.241.46.250
HTTP_REFERER: 
requested: array(3) {
  ["controller"] => string(12) "wp-login.php"
  ["action"] => string(5) "index"
  ["module"] => string(7) "default"
}


--------------------------------------------------------------------------------
2017-12-03T22:19:16+00:00 ERR (3) 404 Seite nicht gefunden
REMOTE_ADDR: 88.164.190.215
HTTP_REFERER: 
requested: array(3) {
  ["controller"] => string(12) "wp-login.php"
  ["action"] => string(5) "index"
  ["module"] => string(7) "default"
}


--------------------------------------------------------------------------------
2017-12-03T22:23:06+00:00 ERR (3) 404 Seite nicht gefunden
REMOTE_ADDR: 81.64.137.66
HTTP_REFERER: 
requested: array(3) {
  ["controller"] => string(12) "wp-login.php"
  ["action"] => string(5) "index"
  ["module"] => string(7) "default"
}


--------------------------------------------------------------------------------
2017-12-03T23:04:46+00:00 ERR (3) 404 Seite nicht gefunden
REMOTE_ADDR: 103.192.158.125
HTTP_REFERER: 
requested: array(3) {
  ["controller"] => string(12) "wp-login.php"
  ["action"] => string(5) "index"
  ["module"] => string(7) "default"
}


--------------------------------------------------------------------------------
2017-12-03T23:14:19+00:00 ERR (3) 404 Seite nicht gefunden
REMOTE_ADDR: 93.34.93.196
HTTP_REFERER: 
requested: array(3) {
  ["controller"] => string(12) "wp-login.php"
  ["action"] => string(5) "index"
  ["module"] => string(7) "default"
}


--------------------------------------------------------------------------------
2017-12-03T23:25:36+00:00 ERR (3) 404 Seite nicht gefunden
REMOTE_ADDR: 187.78.157.65
HTTP_REFERER: 
requested: array(3) {
  ["controller"] => string(12) "wp-login.php"
  ["action"] => string(5) "index"
  ["module"] => string(7) "default"
}


--------------------------------------------------------------------------------
2017-12-03T23:40:43+00:00 ERR (3) 404 Seite nicht gefunden
REMOTE_ADDR: 68.229.195.10
HTTP_REFERER: 
requested: array(3) {
  ["controller"] => string(12) "wp-login.php"
  ["action"] => string(5) "index"
  ["module"] => string(7) "default"
}


--------------------------------------------------------------------------------
