2015-11-26T00:00:01+00:00 ERR (3) 404 "hire-lasse" was not found.
REMOTE_ADDR: 195.110.160.65
HTTP_REFERER: 
requested: array(5) {
  ["lang"] => string(2) "de"
  ["action"] => string(4) "page"
  ["key"] => string(10) "hire-lasse"
  ["module"] => string(7) "default"
  ["controller"] => string(5) "index"
}


--------------------------------------------------------------------------------
2015-11-26T00:00:15+00:00 ERR (3) 404 Seite nicht gefunden
REMOTE_ADDR: 195.110.160.65
HTTP_REFERER: 
requested: array(3) {
  ["controller"] => string(12) "wp-login.php"
  ["action"] => string(5) "index"
  ["module"] => string(7) "default"
}


--------------------------------------------------------------------------------
2015-11-26T00:00:15+00:00 ERR (3) 404 Seite nicht gefunden
REMOTE_ADDR: 195.110.160.65
HTTP_REFERER: 
requested: array(3) {
  ["controller"] => string(13) "administrator"
  ["action"] => string(9) "index.php"
  ["module"] => string(7) "default"
}


--------------------------------------------------------------------------------
2015-11-26T00:00:15+00:00 ERR (3) 404 unkown Type requested
REMOTE_ADDR: 195.110.160.65
HTTP_REFERER: 
requested: array(5) {
  ["lang"] => string(2) "de"
  ["action"] => string(4) "feed"
  ["key"] => string(12) "wp-login.php"
  ["module"] => string(7) "default"
  ["controller"] => string(5) "index"
}


--------------------------------------------------------------------------------
2015-11-26T00:00:15+00:00 ERR (3) 404 unkown Type requested
REMOTE_ADDR: 195.110.160.65
HTTP_REFERER: 
requested: array(5) {
  ["lang"] => string(2) "de"
  ["action"] => string(4) "feed"
  ["key"] => string(13) "administrator"
  ["module"] => string(7) "default"
  ["controller"] => string(5) "index"
}


--------------------------------------------------------------------------------
2015-11-26T00:00:16+00:00 ERR (3) 404 Seite nicht gefunden
REMOTE_ADDR: 195.110.160.65
HTTP_REFERER: 
requested: array(3) {
  ["controller"] => string(5) "style"
  ["action"] => string(12) "wp-login.php"
  ["module"] => string(7) "default"
}


--------------------------------------------------------------------------------
2015-11-26T00:00:16+00:00 ERR (3) 404 Seite nicht gefunden
REMOTE_ADDR: 195.110.160.65
HTTP_REFERER: 
requested: array(3) {
  ["controller"] => string(5) "style"
  ["action"] => string(13) "administrator"
  ["module"] => string(7) "default"
}


--------------------------------------------------------------------------------
2015-11-26T00:00:16+00:00 ERR (3) 404 Seite nicht gefunden
REMOTE_ADDR: 195.110.160.65
HTTP_REFERER: 
requested: array(5) {
  ["lang"] => string(2) "de"
  ["action"] => string(12) "wp-login.php"
  ["module"] => string(7) "default"
  ["controller"] => string(5) "index"
  ["key"] => string(0) ""
}


--------------------------------------------------------------------------------
2015-11-26T00:00:16+00:00 ERR (3) 404 Seite nicht gefunden
REMOTE_ADDR: 195.110.160.65
HTTP_REFERER: 
requested: array(5) {
  ["lang"] => string(2) "de"
  ["action"] => string(13) "administrator"
  ["key"] => string(9) "index.php"
  ["module"] => string(7) "default"
  ["controller"] => string(5) "index"
}


--------------------------------------------------------------------------------
2015-11-26T00:00:17+00:00 ERR (3) 404 The filter "wp-login.php" was not found.
REMOTE_ADDR: 195.110.160.65
HTTP_REFERER: 
requested: array(5) {
  ["lang"] => string(2) "de"
  ["action"] => string(5) "diary"
  ["key"] => string(12) "wp-login.php"
  ["module"] => string(7) "default"
  ["controller"] => string(5) "index"
}


--------------------------------------------------------------------------------
2015-11-26T00:00:17+00:00 ERR (3) 404 The filter "administrator" was not found.
REMOTE_ADDR: 195.110.160.65
HTTP_REFERER: 
requested: array(5) {
  ["lang"] => string(2) "de"
  ["action"] => string(5) "diary"
  ["key"] => string(13) "administrator"
  ["module"] => string(7) "default"
  ["controller"] => string(5) "index"
}


--------------------------------------------------------------------------------
2015-11-26T00:00:17+00:00 ERR (3) 404 "wp-login.php" was not found.
REMOTE_ADDR: 195.110.160.65
HTTP_REFERER: 
requested: array(5) {
  ["lang"] => string(2) "de"
  ["action"] => string(4) "page"
  ["key"] => string(12) "wp-login.php"
  ["module"] => string(7) "default"
  ["controller"] => string(5) "index"
}


--------------------------------------------------------------------------------
2015-11-26T00:00:17+00:00 ERR (3) 404 "administrator" was not found.
REMOTE_ADDR: 195.110.160.65
HTTP_REFERER: 
requested: array(5) {
  ["lang"] => string(2) "de"
  ["action"] => string(4) "page"
  ["key"] => string(13) "administrator"
  ["module"] => string(7) "default"
  ["controller"] => string(5) "index"
}


--------------------------------------------------------------------------------
2015-11-26T00:00:18+00:00 ERR (3) 404 "wp-login.php" was not found.
REMOTE_ADDR: 195.110.160.65
HTTP_REFERER: 
requested: array(5) {
  ["lang"] => string(2) "de"
  ["action"] => string(7) "archive"
  ["key"] => string(12) "wp-login.php"
  ["module"] => string(7) "default"
  ["controller"] => string(5) "index"
}


--------------------------------------------------------------------------------
2015-11-26T00:00:18+00:00 ERR (3) 404 "administrator" was not found.
REMOTE_ADDR: 195.110.160.65
HTTP_REFERER: 
requested: array(5) {
  ["lang"] => string(2) "de"
  ["action"] => string(7) "archive"
  ["key"] => string(13) "administrator"
  ["module"] => string(7) "default"
  ["controller"] => string(5) "index"
}


--------------------------------------------------------------------------------
2015-11-26T00:00:18+00:00 ERR (3) 404 Seite nicht gefunden
REMOTE_ADDR: 195.110.160.65
HTTP_REFERER: 
requested: array(3) {
  ["controller"] => string(5) "ufoJS"
  ["action"] => string(3) "env"
  ["module"] => string(7) "default"
}


--------------------------------------------------------------------------------
2015-11-26T00:00:20+00:00 ERR (3) 404 Seite nicht gefunden
REMOTE_ADDR: 195.110.160.65
HTTP_REFERER: 
requested: array(4) {
  ["controller"] => string(5) "ufoJS"
  ["action"] => string(3) "env"
  ["administrator"] => string(9) "index.php"
  ["module"] => string(7) "default"
}


--------------------------------------------------------------------------------
2015-11-26T00:00:20+00:00 ERR (3) 404 Seite nicht gefunden
REMOTE_ADDR: 195.110.160.65
HTTP_REFERER: 
requested: array(3) {
  ["controller"] => string(9) "downloads"
  ["action"] => string(12) "wp-login.php"
  ["module"] => string(7) "default"
}


--------------------------------------------------------------------------------
2015-11-26T00:00:20+00:00 ERR (3) 404 Seite nicht gefunden
REMOTE_ADDR: 195.110.160.65
HTTP_REFERER: 
requested: array(3) {
  ["controller"] => string(9) "downloads"
  ["action"] => string(13) "administrator"
  ["module"] => string(7) "default"
}


--------------------------------------------------------------------------------
2015-11-26T00:00:21+00:00 ERR (3) 404 unkown Type requested
REMOTE_ADDR: 195.110.160.65
HTTP_REFERER: 
requested: array(5) {
  ["lang"] => string(2) "en"
  ["action"] => string(4) "feed"
  ["key"] => string(12) "wp-login.php"
  ["module"] => string(7) "default"
  ["controller"] => string(5) "index"
}


--------------------------------------------------------------------------------
2015-11-26T00:00:22+00:00 ERR (3) 404 unkown Type requested
REMOTE_ADDR: 195.110.160.65
HTTP_REFERER: 
requested: array(5) {
  ["lang"] => string(2) "en"
  ["action"] => string(4) "feed"
  ["key"] => string(13) "administrator"
  ["module"] => string(7) "default"
  ["controller"] => string(5) "index"
}


--------------------------------------------------------------------------------
2015-11-26T00:00:22+00:00 ERR (3) 404 Page not found
REMOTE_ADDR: 195.110.160.65
HTTP_REFERER: 
requested: array(5) {
  ["lang"] => string(2) "en"
  ["action"] => string(12) "wp-login.php"
  ["module"] => string(7) "default"
  ["controller"] => string(5) "index"
  ["key"] => string(0) ""
}


--------------------------------------------------------------------------------
2015-11-26T00:00:23+00:00 ERR (3) 404 Page not found
REMOTE_ADDR: 195.110.160.65
HTTP_REFERER: 
requested: array(5) {
  ["lang"] => string(2) "en"
  ["action"] => string(13) "administrator"
  ["key"] => string(9) "index.php"
  ["module"] => string(7) "default"
  ["controller"] => string(5) "index"
}


--------------------------------------------------------------------------------
2015-11-26T00:00:23+00:00 ERR (3) 404 The filter "wp-login.php" was not found.
REMOTE_ADDR: 195.110.160.65
HTTP_REFERER: 
requested: array(5) {
  ["lang"] => string(2) "en"
  ["action"] => string(5) "diary"
  ["key"] => string(12) "wp-login.php"
  ["module"] => string(7) "default"
  ["controller"] => string(5) "index"
}


--------------------------------------------------------------------------------
2015-11-26T00:00:23+00:00 ERR (3) 404 The filter "administrator" was not found.
REMOTE_ADDR: 195.110.160.65
HTTP_REFERER: 
requested: array(5) {
  ["lang"] => string(2) "en"
  ["action"] => string(5) "diary"
  ["key"] => string(13) "administrator"
  ["module"] => string(7) "default"
  ["controller"] => string(5) "index"
}


--------------------------------------------------------------------------------
2015-11-26T00:00:23+00:00 ERR (3) 404 "wp-login.php" was not found.
REMOTE_ADDR: 195.110.160.65
HTTP_REFERER: 
requested: array(5) {
  ["lang"] => string(2) "en"
  ["action"] => string(4) "page"
  ["key"] => string(12) "wp-login.php"
  ["module"] => string(7) "default"
  ["controller"] => string(5) "index"
}


--------------------------------------------------------------------------------
2015-11-26T00:00:24+00:00 ERR (3) 404 "administrator" was not found.
REMOTE_ADDR: 195.110.160.65
HTTP_REFERER: 
requested: array(5) {
  ["lang"] => string(2) "en"
  ["action"] => string(4) "page"
  ["key"] => string(13) "administrator"
  ["module"] => string(7) "default"
  ["controller"] => string(5) "index"
}


--------------------------------------------------------------------------------
2015-11-26T00:00:24+00:00 ERR (3) 404 "wp-login.php" was not found.
REMOTE_ADDR: 195.110.160.65
HTTP_REFERER: 
requested: array(5) {
  ["lang"] => string(2) "en"
  ["action"] => string(7) "archive"
  ["key"] => string(12) "wp-login.php"
  ["module"] => string(7) "default"
  ["controller"] => string(5) "index"
}


--------------------------------------------------------------------------------
2015-11-26T00:00:24+00:00 ERR (3) 404 "administrator" was not found.
REMOTE_ADDR: 195.110.160.65
HTTP_REFERER: 
requested: array(5) {
  ["lang"] => string(2) "en"
  ["action"] => string(7) "archive"
  ["key"] => string(13) "administrator"
  ["module"] => string(7) "default"
  ["controller"] => string(5) "index"
}


--------------------------------------------------------------------------------
2015-11-26T06:17:30+00:00 ERR (3) 404 "hire-lasse" was not found.
REMOTE_ADDR: 80.246.188.132
HTTP_REFERER: 
requested: array(5) {
  ["lang"] => string(2) "de"
  ["action"] => string(4) "page"
  ["key"] => string(10) "hire-lasse"
  ["module"] => string(7) "default"
  ["controller"] => string(5) "index"
}


--------------------------------------------------------------------------------
2015-11-26T10:22:08+00:00 ERR (3) 404 Seite nicht gefunden
REMOTE_ADDR: 78.46.50.246
HTTP_REFERER: 
requested: array(8) {
  ["controller"] => string(5) "forum"
  ["action"] => string(13) "viewtopic.php"
  ["module"] => string(7) "default"
  ["t"] => string(2) "13"
  ["start"] => string(1) "0"
  ["postdays"] => string(1) "0"
  ["postorder"] => string(3) "asc"
  ["highlight"] => string(0) ""
}


--------------------------------------------------------------------------------
2015-11-26T17:15:27+00:00 ERR (3) 404 Page not found
REMOTE_ADDR: 15.73.208.67
HTTP_REFERER: http://graphicore.de/forum/
requested: array(3) {
  ["controller"] => string(5) "forum"
  ["action"] => string(5) "index"
  ["module"] => string(7) "default"
}


--------------------------------------------------------------------------------
2015-11-26T19:49:59+00:00 ERR (3) 404 Seite nicht gefunden
REMOTE_ADDR: 54.236.1.72
HTTP_REFERER: 
requested: array(3) {
  ["controller"] => string(20) "apple-touch-icon.png"
  ["action"] => string(5) "index"
  ["module"] => string(7) "default"
}


--------------------------------------------------------------------------------
2015-11-26T21:17:17+00:00 ERR (3) 404 Seite nicht gefunden
REMOTE_ADDR: 185.93.153.44
HTTP_REFERER: 
requested: array(4) {
  ["controller"] => string(6) "https:"
  [""] => string(19) "silber-und-blei.com"
  ["action"] => string(5) "index"
  ["module"] => string(7) "default"
}


--------------------------------------------------------------------------------
2015-11-26T21:17:18+00:00 ERR (3) 404 Seite nicht gefunden
REMOTE_ADDR: 185.93.153.44
HTTP_REFERER: 
requested: array(3) {
  ["controller"] => string(2) "js"
  ["action"] => string(1) "'"
  ["module"] => string(7) "default"
}


--------------------------------------------------------------------------------
