2017-12-02T00:49:34+00:00 ERR (3) 404 Seite nicht gefunden
REMOTE_ADDR: 5.43.81.127
HTTP_REFERER: 
requested: array(3) {
  ["controller"] => string(12) "wp-login.php"
  ["action"] => string(5) "index"
  ["module"] => string(7) "default"
}


--------------------------------------------------------------------------------
2017-12-02T00:50:33+00:00 ERR (3) 404 Seite nicht gefunden
REMOTE_ADDR: 216.244.66.201
HTTP_REFERER: 
requested: array(8) {
  ["controller"] => string(5) "forum"
  ["action"] => string(13) "viewtopic.php"
  ["module"] => string(7) "default"
  ["t"] => string(2) "13"
  ["start"] => string(1) "0"
  ["postdays"] => string(1) "0"
  ["postorder"] => string(3) "asc"
  ["highlight"] => string(0) ""
}


--------------------------------------------------------------------------------
2017-12-02T01:13:58+00:00 ERR (3) 404 Seite nicht gefunden
REMOTE_ADDR: 184.22.190.183
HTTP_REFERER: 
requested: array(3) {
  ["controller"] => string(12) "wp-login.php"
  ["action"] => string(5) "index"
  ["module"] => string(7) "default"
}


--------------------------------------------------------------------------------
2017-12-02T01:45:21+00:00 ERR (3) 404 Seite nicht gefunden
REMOTE_ADDR: 116.87.179.131
HTTP_REFERER: 
requested: array(3) {
  ["controller"] => string(12) "wp-login.php"
  ["action"] => string(5) "index"
  ["module"] => string(7) "default"
}


--------------------------------------------------------------------------------
2017-12-02T01:47:14+00:00 ERR (3) 404 Seite nicht gefunden
REMOTE_ADDR: 116.212.153.18
HTTP_REFERER: 
requested: array(3) {
  ["controller"] => string(12) "wp-login.php"
  ["action"] => string(5) "index"
  ["module"] => string(7) "default"
}


--------------------------------------------------------------------------------
2017-12-02T02:34:37+00:00 ERR (3) 404 Seite nicht gefunden
REMOTE_ADDR: 204.237.81.150
HTTP_REFERER: 
requested: array(3) {
  ["controller"] => string(12) "wp-login.php"
  ["action"] => string(5) "index"
  ["module"] => string(7) "default"
}


--------------------------------------------------------------------------------
2017-12-02T03:06:56+00:00 ERR (3) 404 Seite nicht gefunden
REMOTE_ADDR: 157.49.3.169
HTTP_REFERER: 
requested: array(3) {
  ["controller"] => string(12) "wp-login.php"
  ["action"] => string(5) "index"
  ["module"] => string(7) "default"
}


--------------------------------------------------------------------------------
2017-12-02T03:25:57+00:00 ERR (3) 404 Seite nicht gefunden
REMOTE_ADDR: 69.136.132.143
HTTP_REFERER: 
requested: array(3) {
  ["controller"] => string(12) "wp-login.php"
  ["action"] => string(5) "index"
  ["module"] => string(7) "default"
}


--------------------------------------------------------------------------------
2017-12-02T04:29:56+00:00 ERR (3) 404 Seite nicht gefunden
REMOTE_ADDR: 177.18.46.168
HTTP_REFERER: 
requested: array(3) {
  ["controller"] => string(12) "wp-login.php"
  ["action"] => string(5) "index"
  ["module"] => string(7) "default"
}


--------------------------------------------------------------------------------
2017-12-02T04:58:22+00:00 ERR (3) 404 Seite nicht gefunden
REMOTE_ADDR: 103.240.205.183
HTTP_REFERER: 
requested: array(3) {
  ["controller"] => string(12) "wp-login.php"
  ["action"] => string(5) "index"
  ["module"] => string(7) "default"
}


--------------------------------------------------------------------------------
2017-12-02T05:42:10+00:00 ERR (3) 404 Seite nicht gefunden
REMOTE_ADDR: 117.98.174.149
HTTP_REFERER: 
requested: array(3) {
  ["controller"] => string(12) "wp-login.php"
  ["action"] => string(5) "index"
  ["module"] => string(7) "default"
}


--------------------------------------------------------------------------------
2017-12-02T05:50:48+00:00 ERR (3) 404 Seite nicht gefunden
REMOTE_ADDR: 81.249.208.92
HTTP_REFERER: 
requested: array(3) {
  ["controller"] => string(12) "wp-login.php"
  ["action"] => string(5) "index"
  ["module"] => string(7) "default"
}


--------------------------------------------------------------------------------
2017-12-02T05:58:09+00:00 ERR (3) 404 Seite nicht gefunden
REMOTE_ADDR: 124.253.250.48
HTTP_REFERER: 
requested: array(3) {
  ["controller"] => string(12) "wp-login.php"
  ["action"] => string(5) "index"
  ["module"] => string(7) "default"
}


--------------------------------------------------------------------------------
2017-12-02T06:56:49+00:00 ERR (3) 404 Seite nicht gefunden
REMOTE_ADDR: 87.149.165.22
HTTP_REFERER: 
requested: array(3) {
  ["controller"] => string(12) "wp-login.php"
  ["action"] => string(5) "index"
  ["module"] => string(7) "default"
}


--------------------------------------------------------------------------------
2017-12-02T07:00:03+00:00 ERR (3) 404 Seite nicht gefunden
REMOTE_ADDR: 180.191.138.225
HTTP_REFERER: 
requested: array(3) {
  ["controller"] => string(12) "wp-login.php"
  ["action"] => string(5) "index"
  ["module"] => string(7) "default"
}


--------------------------------------------------------------------------------
2017-12-02T07:15:41+00:00 ERR (3) 404 Seite nicht gefunden
REMOTE_ADDR: 78.217.38.62
HTTP_REFERER: 
requested: array(3) {
  ["controller"] => string(12) "wp-login.php"
  ["action"] => string(5) "index"
  ["module"] => string(7) "default"
}


--------------------------------------------------------------------------------
2017-12-02T07:20:51+00:00 ERR (3) 404 Seite nicht gefunden
REMOTE_ADDR: 49.35.8.205
HTTP_REFERER: 
requested: array(3) {
  ["controller"] => string(12) "wp-login.php"
  ["action"] => string(5) "index"
  ["module"] => string(7) "default"
}


--------------------------------------------------------------------------------
2017-12-02T07:31:41+00:00 ERR (3) 404 Seite nicht gefunden
REMOTE_ADDR: 90.64.6.233
HTTP_REFERER: 
requested: array(3) {
  ["controller"] => string(12) "wp-login.php"
  ["action"] => string(5) "index"
  ["module"] => string(7) "default"
}


--------------------------------------------------------------------------------
2017-12-02T08:53:07+00:00 ERR (3) 404 Seite nicht gefunden
REMOTE_ADDR: 176.240.69.22
HTTP_REFERER: 
requested: array(3) {
  ["controller"] => string(12) "wp-login.php"
  ["action"] => string(5) "index"
  ["module"] => string(7) "default"
}


--------------------------------------------------------------------------------
2017-12-02T09:05:31+00:00 ERR (3) 404 Seite nicht gefunden
REMOTE_ADDR: 111.125.110.40
HTTP_REFERER: 
requested: array(3) {
  ["controller"] => string(12) "wp-login.php"
  ["action"] => string(5) "index"
  ["module"] => string(7) "default"
}


--------------------------------------------------------------------------------
2017-12-02T09:28:52+00:00 ERR (3) 404 Seite nicht gefunden
REMOTE_ADDR: 175.101.10.244
HTTP_REFERER: 
requested: array(3) {
  ["controller"] => string(12) "wp-login.php"
  ["action"] => string(5) "index"
  ["module"] => string(7) "default"
}


--------------------------------------------------------------------------------
2017-12-02T09:32:45+00:00 ERR (3) 404 Seite nicht gefunden
REMOTE_ADDR: 87.116.190.166
HTTP_REFERER: 
requested: array(3) {
  ["controller"] => string(12) "wp-login.php"
  ["action"] => string(5) "index"
  ["module"] => string(7) "default"
}


--------------------------------------------------------------------------------
2017-12-02T09:48:04+00:00 ERR (3) 404 Seite nicht gefunden
REMOTE_ADDR: 27.32.253.33
HTTP_REFERER: 
requested: array(3) {
  ["controller"] => string(12) "wp-login.php"
  ["action"] => string(5) "index"
  ["module"] => string(7) "default"
}


--------------------------------------------------------------------------------
2017-12-02T10:08:38+00:00 ERR (3) 404 Seite nicht gefunden
REMOTE_ADDR: 98.92.203.212
HTTP_REFERER: 
requested: array(3) {
  ["controller"] => string(12) "wp-login.php"
  ["action"] => string(5) "index"
  ["module"] => string(7) "default"
}


--------------------------------------------------------------------------------
2017-12-02T10:47:18+00:00 ERR (3) 404 Seite nicht gefunden
REMOTE_ADDR: 109.92.189.235
HTTP_REFERER: 
requested: array(3) {
  ["controller"] => string(12) "wp-login.php"
  ["action"] => string(5) "index"
  ["module"] => string(7) "default"
}


--------------------------------------------------------------------------------
2017-12-02T11:54:19+00:00 ERR (3) 404 Seite nicht gefunden
REMOTE_ADDR: 91.140.84.54
HTTP_REFERER: 
requested: array(3) {
  ["controller"] => string(12) "wp-login.php"
  ["action"] => string(5) "index"
  ["module"] => string(7) "default"
}


--------------------------------------------------------------------------------
2017-12-02T11:59:31+00:00 ERR (3) 404 Seite nicht gefunden
REMOTE_ADDR: 79.18.37.95
HTTP_REFERER: 
requested: array(3) {
  ["controller"] => string(12) "wp-login.php"
  ["action"] => string(5) "index"
  ["module"] => string(7) "default"
}


--------------------------------------------------------------------------------
2017-12-02T12:09:29+00:00 ERR (3) 404 Seite nicht gefunden
REMOTE_ADDR: 197.88.81.60
HTTP_REFERER: 
requested: array(3) {
  ["controller"] => string(12) "wp-login.php"
  ["action"] => string(5) "index"
  ["module"] => string(7) "default"
}


--------------------------------------------------------------------------------
2017-12-02T12:20:53+00:00 ERR (3) 404 Seite nicht gefunden
REMOTE_ADDR: 95.122.77.60
HTTP_REFERER: 
requested: array(3) {
  ["controller"] => string(12) "wp-login.php"
  ["action"] => string(5) "index"
  ["module"] => string(7) "default"
}


--------------------------------------------------------------------------------
2017-12-02T13:01:26+00:00 ERR (3) 404 Seite nicht gefunden
REMOTE_ADDR: 79.176.43.113
HTTP_REFERER: 
requested: array(3) {
  ["controller"] => string(12) "wp-login.php"
  ["action"] => string(5) "index"
  ["module"] => string(7) "default"
}


--------------------------------------------------------------------------------
2017-12-02T13:09:58+00:00 ERR (3) 404 Seite nicht gefunden
REMOTE_ADDR: 27.106.11.173
HTTP_REFERER: 
requested: array(3) {
  ["controller"] => string(12) "wp-login.php"
  ["action"] => string(5) "index"
  ["module"] => string(7) "default"
}


--------------------------------------------------------------------------------
2017-12-02T13:18:04+00:00 ERR (3) 404 Seite nicht gefunden
REMOTE_ADDR: 123.231.106.210
HTTP_REFERER: 
requested: array(3) {
  ["controller"] => string(12) "wp-login.php"
  ["action"] => string(5) "index"
  ["module"] => string(7) "default"
}


--------------------------------------------------------------------------------
2017-12-02T13:29:06+00:00 ERR (3) 404 Page not found
REMOTE_ADDR: 207.244.157.139
HTTP_REFERER: http://graphicore.de/wp-content/themes/brainstorm/style.css
requested: array(4) {
  ["controller"] => string(10) "wp-content"
  ["action"] => string(6) "themes"
  ["brainstorm"] => string(9) "style.css"
  ["module"] => string(7) "default"
}


--------------------------------------------------------------------------------
2017-12-02T13:31:57+00:00 ERR (3) 404 Seite nicht gefunden
REMOTE_ADDR: 117.102.63.203
HTTP_REFERER: 
requested: array(3) {
  ["controller"] => string(12) "wp-login.php"
  ["action"] => string(5) "index"
  ["module"] => string(7) "default"
}


--------------------------------------------------------------------------------
2017-12-02T13:39:01+00:00 ERR (3) 404 Seite nicht gefunden
REMOTE_ADDR: 60.51.97.143
HTTP_REFERER: 
requested: array(3) {
  ["controller"] => string(12) "wp-login.php"
  ["action"] => string(5) "index"
  ["module"] => string(7) "default"
}


--------------------------------------------------------------------------------
2017-12-02T13:44:28+00:00 ERR (3) 404 Seite nicht gefunden
REMOTE_ADDR: 139.5.230.92
HTTP_REFERER: 
requested: array(3) {
  ["controller"] => string(12) "wp-login.php"
  ["action"] => string(5) "index"
  ["module"] => string(7) "default"
}


--------------------------------------------------------------------------------
2017-12-02T14:00:21+00:00 ERR (3) 404 Seite nicht gefunden
REMOTE_ADDR: 125.44.133.30
HTTP_REFERER: 
requested: array(3) {
  ["controller"] => string(12) "wp-login.php"
  ["action"] => string(5) "index"
  ["module"] => string(7) "default"
}


--------------------------------------------------------------------------------
2017-12-02T14:13:39+00:00 ERR (3) 404 Seite nicht gefunden
REMOTE_ADDR: 46.39.227.3
HTTP_REFERER: 
requested: array(3) {
  ["controller"] => string(4) "blog"
  ["action"] => string(5) "index"
  ["module"] => string(7) "default"
}


--------------------------------------------------------------------------------
2017-12-02T14:13:40+00:00 ERR (3) 404 Seite nicht gefunden
REMOTE_ADDR: 46.39.227.3
HTTP_REFERER: 
requested: array(3) {
  ["controller"] => string(4) "site"
  ["action"] => string(5) "index"
  ["module"] => string(7) "default"
}


--------------------------------------------------------------------------------
2017-12-02T14:13:41+00:00 ERR (3) 404 Seite nicht gefunden
REMOTE_ADDR: 46.39.227.3
HTTP_REFERER: 
requested: array(3) {
  ["controller"] => string(2) "wp"
  ["action"] => string(5) "index"
  ["module"] => string(7) "default"
}


--------------------------------------------------------------------------------
2017-12-02T14:13:41+00:00 ERR (3) 404 Seite nicht gefunden
REMOTE_ADDR: 46.39.227.3
HTTP_REFERER: 
requested: array(3) {
  ["controller"] => string(9) "wordpress"
  ["action"] => string(5) "index"
  ["module"] => string(7) "default"
}


--------------------------------------------------------------------------------
2017-12-02T14:20:52+00:00 ERR (3) 404 "hire-lasse" was not found.
REMOTE_ADDR: 169.239.220.35
HTTP_REFERER: 
requested: array(5) {
  ["lang"] => string(2) "de"
  ["action"] => string(4) "page"
  ["key"] => string(10) "hire-lasse"
  ["module"] => string(7) "default"
  ["controller"] => string(5) "index"
}


--------------------------------------------------------------------------------
2017-12-02T14:24:46+00:00 ERR (3) 404 "hire-lasse" was not found.
REMOTE_ADDR: 122.195.155.194
HTTP_REFERER: 
requested: array(5) {
  ["lang"] => string(2) "en"
  ["action"] => string(4) "page"
  ["key"] => string(10) "hire-lasse"
  ["module"] => string(7) "default"
  ["controller"] => string(5) "index"
}


--------------------------------------------------------------------------------
2017-12-02T14:33:52+00:00 ERR (3) 404 Seite nicht gefunden
REMOTE_ADDR: 27.3.1.92
HTTP_REFERER: 
requested: array(3) {
  ["controller"] => string(12) "wp-login.php"
  ["action"] => string(5) "index"
  ["module"] => string(7) "default"
}


--------------------------------------------------------------------------------
2017-12-02T14:56:59+00:00 ERR (3) 404 Seite nicht gefunden
REMOTE_ADDR: 93.89.107.117
HTTP_REFERER: 
requested: array(3) {
  ["controller"] => string(12) "wp-login.php"
  ["action"] => string(5) "index"
  ["module"] => string(7) "default"
}


--------------------------------------------------------------------------------
2017-12-02T15:47:24+00:00 ERR (3) 404 Seite nicht gefunden
REMOTE_ADDR: 68.12.104.152
HTTP_REFERER: 
requested: array(3) {
  ["controller"] => string(12) "wp-login.php"
  ["action"] => string(5) "index"
  ["module"] => string(7) "default"
}


--------------------------------------------------------------------------------
2017-12-02T15:47:27+00:00 ERR (3) 404 Seite nicht gefunden
REMOTE_ADDR: 223.131.43.203
HTTP_REFERER: 
requested: array(3) {
  ["controller"] => string(12) "wp-login.php"
  ["action"] => string(5) "index"
  ["module"] => string(7) "default"
}


--------------------------------------------------------------------------------
2017-12-02T16:14:50+00:00 ERR (3) 404 Seite nicht gefunden
REMOTE_ADDR: 50.4.230.47
HTTP_REFERER: 
requested: array(3) {
  ["controller"] => string(12) "wp-login.php"
  ["action"] => string(5) "index"
  ["module"] => string(7) "default"
}


--------------------------------------------------------------------------------
2017-12-02T16:24:35+00:00 ERR (3) 404 Seite nicht gefunden
REMOTE_ADDR: 211.215.70.187
HTTP_REFERER: 
requested: array(3) {
  ["controller"] => string(12) "wp-login.php"
  ["action"] => string(5) "index"
  ["module"] => string(7) "default"
}


--------------------------------------------------------------------------------
2017-12-02T16:31:48+00:00 ERR (3) 404 Seite nicht gefunden
REMOTE_ADDR: 179.212.123.145
HTTP_REFERER: 
requested: array(3) {
  ["controller"] => string(12) "wp-login.php"
  ["action"] => string(5) "index"
  ["module"] => string(7) "default"
}


--------------------------------------------------------------------------------
2017-12-02T16:32:33+00:00 ERR (3) 404 Seite nicht gefunden
REMOTE_ADDR: 117.203.182.24
HTTP_REFERER: 
requested: array(3) {
  ["controller"] => string(12) "wp-login.php"
  ["action"] => string(5) "index"
  ["module"] => string(7) "default"
}


--------------------------------------------------------------------------------
2017-12-02T16:39:59+00:00 ERR (3) 404 Seite nicht gefunden
REMOTE_ADDR: 86.120.146.185
HTTP_REFERER: 
requested: array(3) {
  ["controller"] => string(12) "wp-login.php"
  ["action"] => string(5) "index"
  ["module"] => string(7) "default"
}


--------------------------------------------------------------------------------
2017-12-02T17:36:38+00:00 ERR (3) 404 Seite nicht gefunden
REMOTE_ADDR: 81.196.69.183
HTTP_REFERER: 
requested: array(3) {
  ["controller"] => string(12) "wp-login.php"
  ["action"] => string(5) "index"
  ["module"] => string(7) "default"
}


--------------------------------------------------------------------------------
2017-12-02T17:41:51+00:00 ERR (3) 404 Seite nicht gefunden
REMOTE_ADDR: 103.48.181.169
HTTP_REFERER: 
requested: array(3) {
  ["controller"] => string(12) "wp-login.php"
  ["action"] => string(5) "index"
  ["module"] => string(7) "default"
}


--------------------------------------------------------------------------------
2017-12-02T18:09:45+00:00 ERR (3) 404 Seite nicht gefunden
REMOTE_ADDR: 93.91.247.208
HTTP_REFERER: 
requested: array(3) {
  ["controller"] => string(12) "wp-login.php"
  ["action"] => string(5) "index"
  ["module"] => string(7) "default"
}


--------------------------------------------------------------------------------
2017-12-02T18:51:21+00:00 ERR (3) 404 Seite nicht gefunden
REMOTE_ADDR: 177.13.254.76
HTTP_REFERER: 
requested: array(3) {
  ["controller"] => string(12) "wp-login.php"
  ["action"] => string(5) "index"
  ["module"] => string(7) "default"
}


--------------------------------------------------------------------------------
2017-12-02T19:10:51+00:00 ERR (3) 404 Seite nicht gefunden
REMOTE_ADDR: 84.208.82.189
HTTP_REFERER: 
requested: array(3) {
  ["controller"] => string(12) "wp-login.php"
  ["action"] => string(5) "index"
  ["module"] => string(7) "default"
}


--------------------------------------------------------------------------------
2017-12-02T19:29:39+00:00 ERR (3) 404 Seite nicht gefunden
REMOTE_ADDR: 98.234.225.69
HTTP_REFERER: 
requested: array(3) {
  ["controller"] => string(12) "wp-login.php"
  ["action"] => string(5) "index"
  ["module"] => string(7) "default"
}


--------------------------------------------------------------------------------
2017-12-02T19:59:46+00:00 ERR (3) 404 Seite nicht gefunden
REMOTE_ADDR: 123.198.49.48
HTTP_REFERER: 
requested: array(3) {
  ["controller"] => string(12) "wp-login.php"
  ["action"] => string(5) "index"
  ["module"] => string(7) "default"
}


--------------------------------------------------------------------------------
2017-12-02T20:20:45+00:00 ERR (3) 404 Seite nicht gefunden
REMOTE_ADDR: 191.97.70.12
HTTP_REFERER: 
requested: array(3) {
  ["controller"] => string(12) "wp-login.php"
  ["action"] => string(5) "index"
  ["module"] => string(7) "default"
}


--------------------------------------------------------------------------------
2017-12-02T20:39:07+00:00 ERR (3) 404 Seite nicht gefunden
REMOTE_ADDR: 187.189.245.23
HTTP_REFERER: 
requested: array(3) {
  ["controller"] => string(12) "wp-login.php"
  ["action"] => string(5) "index"
  ["module"] => string(7) "default"
}


--------------------------------------------------------------------------------
2017-12-02T21:01:34+00:00 ERR (3) 404 Seite nicht gefunden
REMOTE_ADDR: 176.67.218.172
HTTP_REFERER: 
requested: array(3) {
  ["controller"] => string(12) "wp-login.php"
  ["action"] => string(5) "index"
  ["module"] => string(7) "default"
}


--------------------------------------------------------------------------------
2017-12-02T21:25:40+00:00 ERR (3) 404 Seite nicht gefunden
REMOTE_ADDR: 39.43.143.139
HTTP_REFERER: 
requested: array(3) {
  ["controller"] => string(12) "wp-login.php"
  ["action"] => string(5) "index"
  ["module"] => string(7) "default"
}


--------------------------------------------------------------------------------
2017-12-02T21:26:00+00:00 ERR (3) 404 Seite nicht gefunden
REMOTE_ADDR: 68.190.7.11
HTTP_REFERER: 
requested: array(3) {
  ["controller"] => string(12) "wp-login.php"
  ["action"] => string(5) "index"
  ["module"] => string(7) "default"
}


--------------------------------------------------------------------------------
2017-12-02T21:31:29+00:00 ERR (3) 404 Seite nicht gefunden
REMOTE_ADDR: 197.207.170.169
HTTP_REFERER: 
requested: array(3) {
  ["controller"] => string(12) "wp-login.php"
  ["action"] => string(5) "index"
  ["module"] => string(7) "default"
}


--------------------------------------------------------------------------------
2017-12-02T21:43:30+00:00 ERR (3) 404 Seite nicht gefunden
REMOTE_ADDR: 27.7.96.252
HTTP_REFERER: 
requested: array(3) {
  ["controller"] => string(12) "wp-login.php"
  ["action"] => string(5) "index"
  ["module"] => string(7) "default"
}


--------------------------------------------------------------------------------
2017-12-02T22:27:27+00:00 ERR (3) 404 Seite nicht gefunden
REMOTE_ADDR: 212.2.18.98
HTTP_REFERER: 
requested: array(3) {
  ["controller"] => string(12) "wp-login.php"
  ["action"] => string(5) "index"
  ["module"] => string(7) "default"
}


--------------------------------------------------------------------------------
2017-12-02T22:32:12+00:00 ERR (3) 404 Seite nicht gefunden
REMOTE_ADDR: 189.105.231.239
HTTP_REFERER: 
requested: array(3) {
  ["controller"] => string(12) "wp-login.php"
  ["action"] => string(5) "index"
  ["module"] => string(7) "default"
}


--------------------------------------------------------------------------------
2017-12-02T23:07:31+00:00 ERR (3) 404 Seite nicht gefunden
REMOTE_ADDR: 78.97.212.148
HTTP_REFERER: 
requested: array(3) {
  ["controller"] => string(12) "wp-login.php"
  ["action"] => string(5) "index"
  ["module"] => string(7) "default"
}


--------------------------------------------------------------------------------
2017-12-02T23:27:08+00:00 ERR (3) 404 Seite nicht gefunden
REMOTE_ADDR: 112.211.253.14
HTTP_REFERER: 
requested: array(3) {
  ["controller"] => string(12) "wp-login.php"
  ["action"] => string(5) "index"
  ["module"] => string(7) "default"
}


--------------------------------------------------------------------------------
2017-12-02T23:35:06+00:00 ERR (3) 404 Seite nicht gefunden
REMOTE_ADDR: 68.61.21.7
HTTP_REFERER: 
requested: array(3) {
  ["controller"] => string(12) "wp-login.php"
  ["action"] => string(5) "index"
  ["module"] => string(7) "default"
}


--------------------------------------------------------------------------------
2017-12-02T23:52:28+00:00 ERR (3) 404 Page not found
REMOTE_ADDR: 216.244.66.241
HTTP_REFERER: 
requested: array(5) {
  ["lang"] => string(2) "en"
  ["action"] => string(2) "en"
  ["module"] => string(7) "default"
  ["controller"] => string(5) "index"
  ["key"] => string(0) ""
}


--------------------------------------------------------------------------------
2017-12-02T23:58:15+00:00 ERR (3) 404 Seite nicht gefunden
REMOTE_ADDR: 92.241.63.54
HTTP_REFERER: 
requested: array(3) {
  ["controller"] => string(12) "wp-login.php"
  ["action"] => string(5) "index"
  ["module"] => string(7) "default"
}


--------------------------------------------------------------------------------
