2012-08-13T10:59:11+00:00 ERR (3) 404 Seite nicht gefunden
REMOTE_ADDR: 117.26.200.85
HTTP_REFERER: http://graphicore.de/forum/index.php
requested: array(3) {
  ["controller"] => string(5) "forum"
  ["action"] => string(9) "index.php"
  ["module"] => string(7) "default"
}


--------------------------------------------------------------------------------
2012-08-13T13:29:01+00:00 ERR (3) 404 Seite nicht gefunden
REMOTE_ADDR: 78.159.121.210
HTTP_REFERER: 
requested: array(3) {
  ["controller"] => string(6) "images"
  ["action"] => string(10) "index.html"
  ["module"] => string(7) "default"
}


--------------------------------------------------------------------------------
2012-08-13T18:31:14+00:00 ERR (3) 404 Seite nicht gefunden
REMOTE_ADDR: 117.26.200.85
HTTP_REFERER: http://graphicore.de/forum/index.php
requested: array(3) {
  ["controller"] => string(5) "forum"
  ["action"] => string(9) "index.php"
  ["module"] => string(7) "default"
}


--------------------------------------------------------------------------------
2012-08-13T20:04:44+00:00 ERR (3) 404 Seite nicht gefunden
REMOTE_ADDR: 117.26.200.85
HTTP_REFERER: http://graphicore.de/forum/index.php
requested: array(3) {
  ["controller"] => string(5) "forum"
  ["action"] => string(9) "index.php"
  ["module"] => string(7) "default"
}


--------------------------------------------------------------------------------
