2017-01-10T03:02:38+00:00 ERR (3) 404 Seite nicht gefunden
REMOTE_ADDR: 93.94.226.27
HTTP_REFERER: 
requested: array(3) {
  ["controller"] => string(8) "wp-admin"
  ["action"] => string(5) "index"
  ["module"] => string(7) "default"
}


--------------------------------------------------------------------------------
2017-01-10T03:10:49+00:00 ERR (3) 404 Seite nicht gefunden
REMOTE_ADDR: 23.254.161.36
HTTP_REFERER: 
requested: array(3) {
  ["controller"] => string(4) "test"
  ["action"] => string(8) "wp-admin"
  ["module"] => string(7) "default"
}


--------------------------------------------------------------------------------
2017-01-10T03:19:01+00:00 ERR (3) 404 Seite nicht gefunden
REMOTE_ADDR: 178.254.50.109
HTTP_REFERER: 
requested: array(3) {
  ["controller"] => string(9) "wordpress"
  ["action"] => string(8) "wp-admin"
  ["module"] => string(7) "default"
}


--------------------------------------------------------------------------------
2017-01-10T03:27:12+00:00 ERR (3) 404 Seite nicht gefunden
REMOTE_ADDR: 89.31.140.17
HTTP_REFERER: 
requested: array(3) {
  ["controller"] => string(4) "blog"
  ["action"] => string(8) "wp-admin"
  ["module"] => string(7) "default"
}


--------------------------------------------------------------------------------
2017-01-10T03:34:51+00:00 ERR (3) 404 Seite nicht gefunden
REMOTE_ADDR: 138.128.185.195
HTTP_REFERER: 
requested: array(3) {
  ["controller"] => string(2) "wp"
  ["action"] => string(8) "wp-admin"
  ["module"] => string(7) "default"
}


--------------------------------------------------------------------------------
2017-01-10T03:42:53+00:00 ERR (3) 404 Seite nicht gefunden
REMOTE_ADDR: 177.12.172.102
HTTP_REFERER: 
requested: array(3) {
  ["controller"] => string(3) "old"
  ["action"] => string(8) "wp-admin"
  ["module"] => string(7) "default"
}


--------------------------------------------------------------------------------
2017-01-10T05:31:55+00:00 ERR (3) 404 Seite nicht gefunden
REMOTE_ADDR: 195.154.240.10
HTTP_REFERER: 
requested: array(3) {
  ["controller"] => string(12) "wp-login.php"
  ["action"] => string(5) "index"
  ["module"] => string(7) "default"
}


--------------------------------------------------------------------------------
2017-01-10T05:31:55+00:00 ERR (3) 404 Seite nicht gefunden
REMOTE_ADDR: 195.154.240.10
HTTP_REFERER: 
requested: array(3) {
  ["controller"] => string(12) "wp-login.php"
  ["action"] => string(5) "index"
  ["module"] => string(7) "default"
}


--------------------------------------------------------------------------------
2017-01-10T10:51:41+00:00 ERR (3) 404 Seite nicht gefunden
REMOTE_ADDR: 66.249.76.136
HTTP_REFERER: 
requested: array(3) {
  ["controller"] => string(26) "apple-app-site-association"
  ["action"] => string(5) "index"
  ["module"] => string(7) "default"
}


--------------------------------------------------------------------------------
2017-01-10T10:54:06+00:00 ERR (3) 404 Seite nicht gefunden
REMOTE_ADDR: 66.249.76.131
HTTP_REFERER: 
requested: array(3) {
  ["controller"] => string(11) ".well-known"
  ["action"] => string(26) "apple-app-site-association"
  ["module"] => string(7) "default"
}


--------------------------------------------------------------------------------
2017-01-10T10:55:37+00:00 ERR (3) 404 Seite nicht gefunden
REMOTE_ADDR: 66.249.75.16
HTTP_REFERER: 
requested: array(3) {
  ["controller"] => string(11) ".well-known"
  ["action"] => string(15) "assetlinks.json"
  ["module"] => string(7) "default"
}


--------------------------------------------------------------------------------
2017-01-10T12:03:29+00:00 ERR (3) 404 Seite nicht gefunden
REMOTE_ADDR: 195.154.191.64
HTTP_REFERER: 
requested: array(3) {
  ["controller"] => string(6) "images"
  ["action"] => string(12) "logo_img.php"
  ["module"] => string(7) "default"
}


--------------------------------------------------------------------------------
2017-01-10T12:45:03+00:00 ERR (3) 404 Seite nicht gefunden
REMOTE_ADDR: 80.142.192.64
HTTP_REFERER: http://m.facebook.com
requested: array(4) {
  ["controller"] => string(3) ":80"
  ["action"] => string(2) "de"
  ["archive"] => string(26) "2012-09-02_piece-of-prayer"
  ["module"] => string(7) "default"
}


--------------------------------------------------------------------------------
2017-01-10T12:45:09+00:00 ERR (3) 404 Seite nicht gefunden
REMOTE_ADDR: 80.142.192.64
HTTP_REFERER: http://m.facebook.com
requested: array(4) {
  ["controller"] => string(3) ":80"
  ["action"] => string(2) "de"
  ["archive"] => string(26) "2012-09-02_piece-of-prayer"
  ["module"] => string(7) "default"
}


--------------------------------------------------------------------------------
2017-01-10T12:45:13+00:00 ERR (3) 404 Seite nicht gefunden
REMOTE_ADDR: 80.142.192.64
HTTP_REFERER: http://m.facebook.com
requested: array(4) {
  ["controller"] => string(3) ":80"
  ["action"] => string(2) "de"
  ["archive"] => string(26) "2012-09-02_piece-of-prayer"
  ["module"] => string(7) "default"
}


--------------------------------------------------------------------------------
2017-01-10T13:25:41+00:00 ERR (3) 404 Seite nicht gefunden
REMOTE_ADDR: 195.154.194.179
HTTP_REFERER: 
requested: array(3) {
  ["controller"] => string(6) "images"
  ["action"] => string(5) "p.php"
  ["module"] => string(7) "default"
}


--------------------------------------------------------------------------------
2017-01-10T16:40:38+00:00 ERR (3) 404 Seite nicht gefunden
REMOTE_ADDR: 35.157.38.120
HTTP_REFERER: 
requested: array(3) {
  ["controller"] => string(3) "msd"
  ["action"] => string(7) "sql.php"
  ["module"] => string(7) "default"
}


--------------------------------------------------------------------------------
2017-01-10T16:40:38+00:00 ERR (3) 404 Seite nicht gefunden
REMOTE_ADDR: 35.157.38.120
HTTP_REFERER: 
requested: array(3) {
  ["controller"] => string(11) "mysqldumper"
  ["action"] => string(7) "sql.php"
  ["module"] => string(7) "default"
}


--------------------------------------------------------------------------------
2017-01-10T16:40:38+00:00 ERR (3) 404 Seite nicht gefunden
REMOTE_ADDR: 35.157.38.120
HTTP_REFERER: 
requested: array(3) {
  ["controller"] => string(9) "msd1.24.4"
  ["action"] => string(7) "sql.php"
  ["module"] => string(7) "default"
}


--------------------------------------------------------------------------------
2017-01-10T16:40:38+00:00 ERR (3) 404 Seite nicht gefunden
REMOTE_ADDR: 35.157.38.120
HTTP_REFERER: 
requested: array(3) {
  ["controller"] => string(11) "MySQLDumper"
  ["action"] => string(7) "sql.php"
  ["module"] => string(7) "default"
}


--------------------------------------------------------------------------------
2017-01-10T20:53:09+00:00 ERR (3) 404 Seite nicht gefunden
REMOTE_ADDR: 185.92.221.185
HTTP_REFERER: 
requested: array(3) {
  ["controller"] => string(4) ".git"
  ["action"] => string(4) "HEAD"
  ["module"] => string(7) "default"
}


--------------------------------------------------------------------------------
