2014-04-05T01:15:19+00:00 ERR (3) 404 Page not found
REMOTE_ADDR: 208.115.113.89
HTTP_REFERER: 
requested: array(5) {
  ["lang"] => string(2) "en"
  ["action"] => string(2) "de"
  ["module"] => string(7) "default"
  ["controller"] => string(5) "index"
  ["key"] => string(0) ""
}


--------------------------------------------------------------------------------
2014-04-05T03:24:09+00:00 ERR (3) 404 "2014-02-27_kaufland-firewall-service" was not found.
REMOTE_ADDR: 180.76.5.151
HTTP_REFERER: 
requested: array(5) {
  ["lang"] => string(2) "en"
  ["action"] => string(7) "archive"
  ["key"] => string(36) "2014-02-27_kaufland-firewall-service"
  ["module"] => string(7) "default"
  ["controller"] => string(5) "index"
}


--------------------------------------------------------------------------------
2014-04-05T03:27:14+00:00 ERR (3) 404 "2014-02-27_kaufland-firewall-service" was not found.
REMOTE_ADDR: 66.249.64.44
HTTP_REFERER: 
requested: array(5) {
  ["lang"] => string(2) "de"
  ["action"] => string(7) "archive"
  ["key"] => string(36) "2014-02-27_kaufland-firewall-service"
  ["module"] => string(7) "default"
  ["controller"] => string(5) "index"
}


--------------------------------------------------------------------------------
2014-04-05T06:03:26+00:00 ERR (3) 404 Seite nicht gefunden
REMOTE_ADDR: 141.8.147.5
HTTP_REFERER: 
requested: array(8) {
  ["controller"] => string(5) "forum"
  ["action"] => string(13) "viewtopic.php"
  ["module"] => string(7) "default"
  ["t"] => string(2) "13"
  ["start"] => string(1) "0"
  ["postdays"] => string(1) "0"
  ["postorder"] => string(3) "asc"
  ["highlight"] => string(0) ""
}


--------------------------------------------------------------------------------
2014-04-05T09:18:01+00:00 ERR (3) 404 Seite nicht gefunden
REMOTE_ADDR: 199.83.185.245
HTTP_REFERER: 
requested: array(3) {
  ["controller"] => string(6) "https:"
  ["action"] => string(19) "silber-und-blei.com"
  ["module"] => string(7) "default"
}


--------------------------------------------------------------------------------
2014-04-05T09:18:03+00:00 ERR (3) 404 Seite nicht gefunden
REMOTE_ADDR: 199.83.185.245
HTTP_REFERER: 
requested: array(3) {
  ["controller"] => string(2) "js"
  ["action"] => string(1) "'"
  ["module"] => string(7) "default"
}


--------------------------------------------------------------------------------
2014-04-05T12:33:33+00:00 ERR (3) 404 Seite nicht gefunden
REMOTE_ADDR: 199.83.185.245
HTTP_REFERER: 
requested: array(4) {
  ["controller"] => string(6) "https:"
  [""] => string(19) "silber-und-blei.com"
  ["action"] => string(5) "index"
  ["module"] => string(7) "default"
}


--------------------------------------------------------------------------------
2014-04-05T12:33:34+00:00 ERR (3) 404 Seite nicht gefunden
REMOTE_ADDR: 199.83.185.245
HTTP_REFERER: 
requested: array(3) {
  ["controller"] => string(2) "js"
  ["action"] => string(1) "'"
  ["module"] => string(7) "default"
}


--------------------------------------------------------------------------------
2014-04-05T13:14:28+00:00 ERR (3) 404 Seite nicht gefunden
REMOTE_ADDR: 208.115.113.89
HTTP_REFERER: 
requested: array(4) {
  ["controller"] => string(5) "forum"
  ["action"] => string(13) "viewtopic.php"
  ["module"] => string(7) "default"
  ["t"] => string(2) "13"
}


--------------------------------------------------------------------------------
2014-04-05T13:43:17+00:00 ERR (3) 404 Seite nicht gefunden
REMOTE_ADDR: 66.249.74.58
HTTP_REFERER: 
requested: array(4) {
  ["controller"] => string(5) "diary"
  ["action"] => string(29) "tag:graphicore.de,2013-11-13:"
  ["diary"] => string(27) "201311131703405283b0ecf2532"
  ["module"] => string(7) "default"
}


--------------------------------------------------------------------------------
2014-04-05T13:45:11+00:00 ERR (3) 404 Seite nicht gefunden
REMOTE_ADDR: 66.249.74.58
HTTP_REFERER: 
requested: array(4) {
  ["controller"] => string(5) "diary"
  ["action"] => string(29) "tag:graphicore.de,2012-01-17:"
  ["diary"] => string(27) "201201171404524f15800404a4f"
  ["module"] => string(7) "default"
}


--------------------------------------------------------------------------------
2014-04-05T15:04:19+00:00 ERR (3) 404 "" was not found.
REMOTE_ADDR: 65.55.24.217
HTTP_REFERER: 
requested: array(5) {
  ["lang"] => string(2) "de"
  ["action"] => string(7) "archive"
  ["module"] => string(7) "default"
  ["controller"] => string(5) "index"
  ["key"] => string(0) ""
}


--------------------------------------------------------------------------------
2014-04-05T15:06:48+00:00 ERR (3) 404 "" was not found.
REMOTE_ADDR: 208.115.111.73
HTTP_REFERER: 
requested: array(5) {
  ["lang"] => string(2) "en"
  ["action"] => string(7) "archive"
  ["module"] => string(7) "default"
  ["controller"] => string(5) "index"
  ["key"] => string(0) ""
}


--------------------------------------------------------------------------------
2014-04-05T17:23:39+00:00 ERR (3) 404 Page not found
REMOTE_ADDR: 62.173.154.113
HTTP_REFERER: 
requested: array(3) {
  ["controller"] => string(13) "administrator"
  ["action"] => string(5) "index"
  ["module"] => string(7) "default"
}


--------------------------------------------------------------------------------
2014-04-05T17:23:39+00:00 ERR (3) 404 Page not found
REMOTE_ADDR: 62.173.154.113
HTTP_REFERER: 
requested: array(3) {
  ["controller"] => string(9) "admin.php"
  ["action"] => string(5) "index"
  ["module"] => string(7) "default"
}


--------------------------------------------------------------------------------
