2016-08-07T00:02:39+00:00 ERR (3) 404 "hire-lasse" was not found.
REMOTE_ADDR: 37.187.56.76
HTTP_REFERER: 
requested: array(5) {
  ["lang"] => string(2) "de"
  ["action"] => string(4) "page"
  ["key"] => string(10) "hire-lasse"
  ["module"] => string(7) "default"
  ["controller"] => string(5) "index"
}


--------------------------------------------------------------------------------
2016-08-07T00:03:14+00:00 ERR (3) 404 "hire-lasse" was not found.
REMOTE_ADDR: 37.187.56.76
HTTP_REFERER: 
requested: array(5) {
  ["lang"] => string(2) "en"
  ["action"] => string(4) "page"
  ["key"] => string(10) "hire-lasse"
  ["module"] => string(7) "default"
  ["controller"] => string(5) "index"
}


--------------------------------------------------------------------------------
2016-08-07T02:33:31+00:00 ERR (3) 404 "2010-09-09_a-brute-font-attack'A=0" was not found.
REMOTE_ADDR: 176.120.42.203
HTTP_REFERER: http://graphicore.de/en/archive/2010-09-09_a-brute-font-attack'A=0
requested: array(5) {
  ["lang"] => string(2) "en"
  ["action"] => string(7) "archive"
  ["key"] => string(34) "2010-09-09_a-brute-font-attack'A=0"
  ["module"] => string(7) "default"
  ["controller"] => string(5) "index"
}


--------------------------------------------------------------------------------
2016-08-07T05:26:13+00:00 ERR (3) 404 Seite nicht gefunden
REMOTE_ADDR: 188.40.95.70
HTTP_REFERER: 
requested: array(4) {
  ["controller"] => string(5) "forum"
  ["action"] => string(13) "viewtopic.php"
  ["module"] => string(7) "default"
  ["p"] => string(2) "33"
}


--------------------------------------------------------------------------------
2016-08-07T05:26:16+00:00 ERR (3) 404 Seite nicht gefunden
REMOTE_ADDR: 188.40.95.70
HTTP_REFERER: 
requested: array(4) {
  ["controller"] => string(5) "forum"
  ["action"] => string(13) "viewtopic.php"
  ["module"] => string(7) "default"
  ["p"] => string(2) "34"
}


--------------------------------------------------------------------------------
2016-08-07T05:26:19+00:00 ERR (3) 404 Seite nicht gefunden
REMOTE_ADDR: 188.40.95.70
HTTP_REFERER: 
requested: array(4) {
  ["controller"] => string(5) "forum"
  ["action"] => string(13) "viewtopic.php"
  ["module"] => string(7) "default"
  ["p"] => string(2) "37"
}


--------------------------------------------------------------------------------
2016-08-07T05:26:23+00:00 ERR (3) 404 Seite nicht gefunden
REMOTE_ADDR: 188.40.95.70
HTTP_REFERER: 
requested: array(4) {
  ["controller"] => string(5) "forum"
  ["action"] => string(13) "viewtopic.php"
  ["module"] => string(7) "default"
  ["p"] => string(2) "41"
}


--------------------------------------------------------------------------------
2016-08-07T05:47:27+00:00 ERR (3) 404 Seite nicht gefunden
REMOTE_ADDR: 66.249.69.143
HTTP_REFERER: 
requested: array(3) {
  ["controller"] => string(11) ".well-known"
  ["action"] => string(26) "apple-app-site-association"
  ["module"] => string(7) "default"
}


--------------------------------------------------------------------------------
2016-08-07T05:49:31+00:00 ERR (3) 404 Seite nicht gefunden
REMOTE_ADDR: 66.249.69.140
HTTP_REFERER: 
requested: array(3) {
  ["controller"] => string(26) "apple-app-site-association"
  ["action"] => string(5) "index"
  ["module"] => string(7) "default"
}


--------------------------------------------------------------------------------
2016-08-07T09:56:03+00:00 ERR (3) 404 Page not found
REMOTE_ADDR: 5.39.219.98
HTTP_REFERER: http://ufojeansnyc.org/wp-content/
requested: array(3) {
  ["controller"] => string(10) "wp-content"
  ["action"] => string(5) "index"
  ["module"] => string(7) "default"
}


--------------------------------------------------------------------------------
2016-08-07T10:50:51+00:00 ERR (3) 404 Seite nicht gefunden
REMOTE_ADDR: 52.91.161.198
HTTP_REFERER: 
requested: array(4) {
  ["controller"] => string(5) "diary"
  ["action"] => string(29) "tag:graphicore.de,2010-08-31:"
  ["diary"] => string(27) "201008310024084c7c4ba816ac5"
  ["module"] => string(7) "default"
}


--------------------------------------------------------------------------------
2016-08-07T14:52:03+00:00 ERR (3) 404 Seite nicht gefunden
REMOTE_ADDR: 188.115.167.54
HTTP_REFERER: http://graphicore.de/forum/
requested: array(3) {
  ["controller"] => string(5) "forum"
  ["action"] => string(5) "index"
  ["module"] => string(7) "default"
}


--------------------------------------------------------------------------------
2016-08-07T17:00:45+00:00 ERR (3) 404 Seite nicht gefunden
REMOTE_ADDR: 51.255.48.152
HTTP_REFERER: 
requested: array(4) {
  ["controller"] => string(5) "forum"
  ["action"] => string(13) "viewtopic.php"
  ["module"] => string(7) "default"
  ["p"] => string(2) "46"
}


--------------------------------------------------------------------------------
2016-08-07T17:00:49+00:00 ERR (3) 404 Seite nicht gefunden
REMOTE_ADDR: 51.255.48.152
HTTP_REFERER: 
requested: array(4) {
  ["controller"] => string(5) "forum"
  ["action"] => string(13) "viewtopic.php"
  ["module"] => string(7) "default"
  ["p"] => string(2) "67"
}


--------------------------------------------------------------------------------
2016-08-07T17:00:53+00:00 ERR (3) 404 Seite nicht gefunden
REMOTE_ADDR: 51.255.48.152
HTTP_REFERER: 
requested: array(4) {
  ["controller"] => string(5) "forum"
  ["action"] => string(13) "viewtopic.php"
  ["module"] => string(7) "default"
  ["p"] => string(2) "71"
}


--------------------------------------------------------------------------------
2016-08-07T21:51:13+00:00 ERR (3) 404 Seite nicht gefunden
REMOTE_ADDR: 52.91.161.198
HTTP_REFERER: 
requested: array(4) {
  ["controller"] => string(5) "diary"
  ["action"] => string(29) "tag:graphicore.de,2010-10-01:"
  ["diary"] => string(27) "201010011553324ca603fcc53f3"
  ["module"] => string(7) "default"
}


--------------------------------------------------------------------------------
2016-08-07T23:05:37+00:00 ERR (3) 404 "hire-lasse" was not found.
REMOTE_ADDR: 157.55.39.23
HTTP_REFERER: 
requested: array(5) {
  ["lang"] => string(2) "de"
  ["action"] => string(4) "page"
  ["key"] => string(10) "hire-lasse"
  ["module"] => string(7) "default"
  ["controller"] => string(5) "index"
}


--------------------------------------------------------------------------------
2016-08-07T23:19:33+00:00 ERR (3) 404 Seite nicht gefunden
REMOTE_ADDR: 66.249.76.112
HTTP_REFERER: 
requested: array(3) {
  ["controller"] => string(11) ".well-known"
  ["action"] => string(15) "assetlinks.json"
  ["module"] => string(7) "default"
}


--------------------------------------------------------------------------------
2016-08-07T23:53:26+00:00 ERR (3) 404 Seite nicht gefunden
REMOTE_ADDR: 199.101.185.138
HTTP_REFERER: 
requested: array(4) {
  ["controller"] => string(6) "https:"
  [""] => string(19) "silber-und-blei.com"
  ["action"] => string(5) "index"
  ["module"] => string(7) "default"
}


--------------------------------------------------------------------------------
2016-08-07T23:53:28+00:00 ERR (3) 404 Seite nicht gefunden
REMOTE_ADDR: 199.101.185.138
HTTP_REFERER: 
requested: array(3) {
  ["controller"] => string(2) "js"
  ["action"] => string(1) "'"
  ["module"] => string(7) "default"
}


--------------------------------------------------------------------------------
