2018-06-12T00:38:30+00:00 ERR (3) 404 "competences" was not found.
REMOTE_ADDR: 18.233.67.19
HTTP_REFERER: 
requested: array(5) {
  ["lang"] => string(2) "en"
  ["action"] => string(4) "page"
  ["key"] => string(11) "competences"
  ["module"] => string(7) "default"
  ["controller"] => string(5) "index"
}


--------------------------------------------------------------------------------
2018-06-12T07:55:58+00:00 ERR (3) 404 "hire-lasse" was not found.
REMOTE_ADDR: 194.187.170.147
HTTP_REFERER: 
requested: array(5) {
  ["lang"] => string(2) "de"
  ["action"] => string(4) "page"
  ["key"] => string(10) "hire-lasse"
  ["module"] => string(7) "default"
  ["controller"] => string(5) "index"
}


--------------------------------------------------------------------------------
2018-06-12T08:15:55+00:00 ERR (3) 404 "hire-lasse" was not found.
REMOTE_ADDR: 194.187.170.147
HTTP_REFERER: 
requested: array(5) {
  ["lang"] => string(2) "en"
  ["action"] => string(4) "page"
  ["key"] => string(10) "hire-lasse"
  ["module"] => string(7) "default"
  ["controller"] => string(5) "index"
}


--------------------------------------------------------------------------------
2018-06-12T09:00:02+00:00 ERR (3) 404 Seite nicht gefunden
REMOTE_ADDR: 120.78.143.200
HTTP_REFERER: 
requested: array(3) {
  ["controller"] => string(7) "plugins"
  ["action"] => string(11) "modules.php"
  ["module"] => string(7) "default"
}


--------------------------------------------------------------------------------
2018-06-12T11:16:23+00:00 ERR (3) 404 Seite nicht gefunden
REMOTE_ADDR: 47.96.233.155
HTTP_REFERER: 
requested: array(3) {
  ["controller"] => string(7) "plugins"
  ["action"] => string(11) "modules.php"
  ["module"] => string(7) "default"
}


--------------------------------------------------------------------------------
2018-06-12T12:04:12+00:00 ERR (3) 404 Seite nicht gefunden
REMOTE_ADDR: 120.35.38.94
HTTP_REFERER: 
requested: array(3) {
  ["controller"] => string(7) "plugins"
  ["action"] => string(11) "modules.php"
  ["module"] => string(7) "default"
}


--------------------------------------------------------------------------------
2018-06-12T12:45:50+00:00 ERR (3) 404 "competences" was not found.
REMOTE_ADDR: 144.76.165.171
HTTP_REFERER: 
requested: array(5) {
  ["lang"] => string(2) "de"
  ["action"] => string(4) "page"
  ["key"] => string(11) "competences"
  ["module"] => string(7) "default"
  ["controller"] => string(5) "index"
}


--------------------------------------------------------------------------------
2018-06-12T12:48:42+00:00 ERR (3) 404 "de" was not found.
REMOTE_ADDR: 216.244.66.228
HTTP_REFERER: 
requested: array(5) {
  ["lang"] => string(2) "en"
  ["action"] => string(4) "page"
  ["key"] => string(2) "de"
  ["module"] => string(7) "default"
  ["controller"] => string(5) "index"
}


--------------------------------------------------------------------------------
2018-06-12T15:56:16+00:00 ERR (3) 404 "anne" was not found.
REMOTE_ADDR: 37.9.113.143
HTTP_REFERER: 
requested: array(5) {
  ["lang"] => string(2) "en"
  ["action"] => string(4) "page"
  ["key"] => string(4) "anne"
  ["module"] => string(7) "default"
  ["controller"] => string(5) "index"
}


--------------------------------------------------------------------------------
2018-06-12T20:10:12+00:00 ERR (3) 404 "en" was not found.
REMOTE_ADDR: 216.244.66.228
HTTP_REFERER: 
requested: array(5) {
  ["lang"] => string(2) "en"
  ["action"] => string(4) "page"
  ["key"] => string(2) "en"
  ["module"] => string(7) "default"
  ["controller"] => string(5) "index"
}


--------------------------------------------------------------------------------
2018-06-12T20:18:12+00:00 ERR (3) 404 Seite nicht gefunden
REMOTE_ADDR: 213.231.10.96
HTTP_REFERER: http://ufojs.org/
requested: array(3) {
  ["controller"] => string(4) "blog"
  ["action"] => string(5) "index"
  ["module"] => string(7) "default"
}


--------------------------------------------------------------------------------
2018-06-12T20:26:09+00:00 ERR (3) 404 "en" was not found.
REMOTE_ADDR: 216.244.66.228
HTTP_REFERER: 
requested: array(5) {
  ["lang"] => string(2) "en"
  ["action"] => string(4) "page"
  ["key"] => string(2) "en"
  ["module"] => string(7) "default"
  ["controller"] => string(5) "index"
}


--------------------------------------------------------------------------------
2018-06-12T22:41:10+00:00 ERR (3) 404 "hire-lasse" was not found.
REMOTE_ADDR: 216.244.66.228
HTTP_REFERER: 
requested: array(5) {
  ["lang"] => string(2) "de"
  ["action"] => string(4) "page"
  ["key"] => string(10) "hire-lasse"
  ["module"] => string(7) "default"
  ["controller"] => string(5) "index"
}


--------------------------------------------------------------------------------
2018-06-12T23:29:16+00:00 ERR (3) 404 The filter "en" was not found.
REMOTE_ADDR: 216.244.66.228
HTTP_REFERER: 
requested: array(5) {
  ["lang"] => string(2) "en"
  ["action"] => string(5) "diary"
  ["key"] => string(2) "en"
  ["module"] => string(7) "default"
  ["controller"] => string(5) "index"
}


--------------------------------------------------------------------------------
2018-06-12T23:31:53+00:00 ERR (3) 404 Seite nicht gefunden
REMOTE_ADDR: 192.99.44.141
HTTP_REFERER: 
requested: array(3) {
  ["controller"] => string(11) "sitemap.xml"
  ["action"] => string(5) "index"
  ["module"] => string(7) "default"
}


--------------------------------------------------------------------------------
2018-06-12T23:32:11+00:00 ERR (3) 404 Seite nicht gefunden
REMOTE_ADDR: 192.99.44.141
HTTP_REFERER: 
requested: array(3) {
  ["controller"] => string(7) "ads.txt"
  ["action"] => string(5) "index"
  ["module"] => string(7) "default"
}


--------------------------------------------------------------------------------
