2014-01-28T05:39:18+00:00 ERR (3) 404 The filter "de" was not found.
REMOTE_ADDR: 208.115.113.89
HTTP_REFERER: 
requested: array(5) {
  ["lang"] => string(2) "en"
  ["action"] => string(5) "diary"
  ["key"] => string(2) "de"
  ["module"] => string(7) "default"
  ["controller"] => string(5) "index"
}


--------------------------------------------------------------------------------
2014-01-28T11:15:37+00:00 ERR (3) 404 Seite nicht gefunden
REMOTE_ADDR: 46.172.239.176
HTTP_REFERER: http://graphicore.de/forum/
requested: array(3) {
  ["controller"] => string(5) "forum"
  ["action"] => string(5) "index"
  ["module"] => string(7) "default"
}


--------------------------------------------------------------------------------
2014-01-28T16:33:19+00:00 ERR (3) 404 Seite nicht gefunden
REMOTE_ADDR: 46.172.239.176
HTTP_REFERER: http://graphicore.de/forum/
requested: array(3) {
  ["controller"] => string(5) "forum"
  ["action"] => string(5) "index"
  ["module"] => string(7) "default"
}


--------------------------------------------------------------------------------
2014-01-28T21:00:13+00:00 ERR (3) 404 Seite nicht gefunden
REMOTE_ADDR: 95.128.181.111
HTTP_REFERER: graphicore.de
requested: array(3) {
  ["controller"] => string(9) "admin.php"
  ["action"] => string(5) "index"
  ["module"] => string(7) "default"
}


--------------------------------------------------------------------------------
2014-01-28T21:53:51+00:00 ERR (3) 404 Seite nicht gefunden
REMOTE_ADDR: 77.93.60.4
HTTP_REFERER: http://graphicore.de/forum/
requested: array(3) {
  ["controller"] => string(5) "forum"
  ["action"] => string(5) "index"
  ["module"] => string(7) "default"
}


--------------------------------------------------------------------------------
2014-01-28T22:41:15+00:00 ERR (3) 404 Seite nicht gefunden
REMOTE_ADDR: 95.78.12.182
HTTP_REFERER: http://graphicore.de/forum/
requested: array(3) {
  ["controller"] => string(5) "forum"
  ["action"] => string(5) "index"
  ["module"] => string(7) "default"
}


--------------------------------------------------------------------------------
