2015-11-02T03:15:03+00:00 ERR (3) 404 Seite nicht gefunden
REMOTE_ADDR: 92.85.188.232
HTTP_REFERER: 
requested: array(4) {
  ["controller"] => string(6) "https:"
  [""] => string(19) "silber-und-blei.com"
  ["action"] => string(5) "index"
  ["module"] => string(7) "default"
}


--------------------------------------------------------------------------------
2015-11-02T03:15:04+00:00 ERR (3) 404 Seite nicht gefunden
REMOTE_ADDR: 92.85.188.232
HTTP_REFERER: 
requested: array(3) {
  ["controller"] => string(2) "js"
  ["action"] => string(1) "'"
  ["module"] => string(7) "default"
}


--------------------------------------------------------------------------------
2015-11-02T21:19:01+00:00 ERR (3) 404 Seite nicht gefunden
REMOTE_ADDR: 206.217.140.62
HTTP_REFERER: 
requested: array(3) {
  ["controller"] => string(11) "license.php"
  ["action"] => string(5) "index"
  ["module"] => string(7) "default"
}


--------------------------------------------------------------------------------
2015-11-02T22:16:54+00:00 ERR (3) 404 Seite nicht gefunden
REMOTE_ADDR: 66.249.67.104
HTTP_REFERER: 
requested: array(4) {
  ["controller"] => string(5) "diary"
  ["action"] => string(29) "tag:graphicore.de,2013-11-12:"
  ["diary"] => string(27) "2013111216002052825094cba29"
  ["module"] => string(7) "default"
}


--------------------------------------------------------------------------------
2015-11-02T22:26:18+00:00 ERR (3) 404 Seite nicht gefunden
REMOTE_ADDR: 66.249.67.104
HTTP_REFERER: 
requested: array(4) {
  ["controller"] => string(5) "diary"
  ["action"] => string(29) "tag:graphicore.de,2010-10-18:"
  ["diary"] => string(27) "201010181349214cbc5061f0048"
  ["module"] => string(7) "default"
}


--------------------------------------------------------------------------------
2015-11-02T22:31:00+00:00 ERR (3) 404 Seite nicht gefunden
REMOTE_ADDR: 66.249.67.116
HTTP_REFERER: 
requested: array(4) {
  ["controller"] => string(5) "diary"
  ["action"] => string(29) "tag:graphicore.de,2013-06-06:"
  ["diary"] => string(27) "2013060618252451b0d41400bf3"
  ["module"] => string(7) "default"
}


--------------------------------------------------------------------------------
2015-11-02T22:40:24+00:00 ERR (3) 404 Seite nicht gefunden
REMOTE_ADDR: 66.249.67.104
HTTP_REFERER: 
requested: array(4) {
  ["controller"] => string(5) "diary"
  ["action"] => string(29) "tag:graphicore.de,2013-06-12:"
  ["diary"] => string(27) "2013061209052451b839d4ca32b"
  ["module"] => string(7) "default"
}


--------------------------------------------------------------------------------
2015-11-02T23:06:15+00:00 ERR (3) 404 Seite nicht gefunden
REMOTE_ADDR: 66.249.67.104
HTTP_REFERER: 
requested: array(4) {
  ["controller"] => string(5) "diary"
  ["action"] => string(29) "tag:graphicore.de,2013-06-07:"
  ["diary"] => string(27) "2013060714011251b1e7a8c1407"
  ["module"] => string(7) "default"
}


--------------------------------------------------------------------------------
2015-11-02T23:10:57+00:00 ERR (3) 404 Seite nicht gefunden
REMOTE_ADDR: 66.249.67.104
HTTP_REFERER: 
requested: array(4) {
  ["controller"] => string(5) "diary"
  ["action"] => string(29) "tag:graphicore.de,2010-09-27:"
  ["diary"] => string(27) "201009272109094ca107f52b79c"
  ["module"] => string(7) "default"
}


--------------------------------------------------------------------------------
2015-11-02T23:15:39+00:00 ERR (3) 404 Seite nicht gefunden
REMOTE_ADDR: 66.249.67.116
HTTP_REFERER: 
requested: array(4) {
  ["controller"] => string(5) "diary"
  ["action"] => string(29) "tag:graphicore.de,2014-02-27:"
  ["diary"] => string(27) "20140227142708530f4b3c7eae4"
  ["module"] => string(7) "default"
}


--------------------------------------------------------------------------------
2015-11-02T23:20:21+00:00 ERR (3) 404 Seite nicht gefunden
REMOTE_ADDR: 66.249.67.110
HTTP_REFERER: 
requested: array(4) {
  ["controller"] => string(5) "diary"
  ["action"] => string(29) "tag:graphicore.de,2010-09-23:"
  ["diary"] => string(27) "201009231107214c9b34e9d0274"
  ["module"] => string(7) "default"
}


--------------------------------------------------------------------------------
2015-11-02T23:34:27+00:00 ERR (3) 404 Seite nicht gefunden
REMOTE_ADDR: 66.249.67.116
HTTP_REFERER: 
requested: array(4) {
  ["controller"] => string(5) "diary"
  ["action"] => string(29) "tag:graphicore.de,2015-07-28:"
  ["diary"] => string(27) "2015072812483855b77a264cda6"
  ["module"] => string(7) "default"
}


--------------------------------------------------------------------------------
2015-11-02T23:41:30+00:00 ERR (3) 404 Seite nicht gefunden
REMOTE_ADDR: 66.249.67.104
HTTP_REFERER: 
requested: array(4) {
  ["controller"] => string(5) "diary"
  ["action"] => string(29) "tag:graphicore.de,2013-11-13:"
  ["diary"] => string(27) "201311131703405283b0ecf2532"
  ["module"] => string(7) "default"
}


--------------------------------------------------------------------------------
2015-11-02T23:50:54+00:00 ERR (3) 404 Seite nicht gefunden
REMOTE_ADDR: 66.249.67.104
HTTP_REFERER: 
requested: array(4) {
  ["controller"] => string(5) "diary"
  ["action"] => string(29) "tag:graphicore.de,2014-02-27:"
  ["diary"] => string(27) "20140227115040530f26907c1a8"
  ["module"] => string(7) "default"
}


--------------------------------------------------------------------------------
2015-11-02T23:55:36+00:00 ERR (3) 404 Seite nicht gefunden
REMOTE_ADDR: 66.249.67.110
HTTP_REFERER: 
requested: array(4) {
  ["controller"] => string(5) "diary"
  ["action"] => string(29) "tag:graphicore.de,2010-08-31:"
  ["diary"] => string(27) "201008310024084c7c4ba816ac5"
  ["module"] => string(7) "default"
}


--------------------------------------------------------------------------------
