2010-10-27T03:19:57+00:00 ERR (3) 404 "topic" was not found.
REMOTE_ADDR: 95.211.9.167
HTTP_REFERER: http://graphicore.de/de/index/topic/intern/
requested: array(5) {
  ["lang"] => string(2) "de"
  ["action"] => string(5) "index"
  ["key"] => string(5) "topic"
  ["module"] => string(7) "default"
  ["controller"] => string(5) "index"
}


--------------------------------------------------------------------------------
2010-10-27T04:04:33+00:00 ERR (3) 404 Seite nicht gefunden
REMOTE_ADDR: 65.55.25.140
HTTP_REFERER: 
requested: array(3) {
  ["controller"] => string(11) "access_logs"
  ["action"] => string(5) "index"
  ["module"] => string(7) "default"
}


--------------------------------------------------------------------------------
2010-10-27T17:28:55+00:00 ERR (3) 404 Seite nicht gefunden
REMOTE_ADDR: 66.249.66.76
HTTP_REFERER: 
requested: array(3) {
  ["controller"] => string(6) "images"
  ["action"] => string(5) "diary"
  ["module"] => string(7) "default"
}


--------------------------------------------------------------------------------
2010-10-27T17:32:06+00:00 ERR (3) 404 Seite nicht gefunden
REMOTE_ADDR: 66.249.66.76
HTTP_REFERER: 
requested: array(3) {
  ["controller"] => string(6) "images"
  ["action"] => string(5) "diary"
  ["module"] => string(7) "default"
}


--------------------------------------------------------------------------------
2010-10-27T17:35:17+00:00 ERR (3) 404 Seite nicht gefunden
REMOTE_ADDR: 66.249.66.76
HTTP_REFERER: 
requested: array(3) {
  ["controller"] => string(6) "images"
  ["action"] => string(5) "diary"
  ["module"] => string(7) "default"
}


--------------------------------------------------------------------------------
2010-10-27T18:13:26+00:00 ERR (3) 404 Seite nicht gefunden
REMOTE_ADDR: 66.249.66.76
HTTP_REFERER: 
requested: array(4) {
  ["controller"] => string(6) "images"
  ["action"] => string(7) "managed"
  ["en"] => string(11) "diaryTeaser"
  ["module"] => string(7) "default"
}


--------------------------------------------------------------------------------
2010-10-27T22:29:26+00:00 ERR (3) 404 Seite nicht gefunden
REMOTE_ADDR: 91.199.31.224
HTTP_REFERER: http://graphicore.de/forum/index.php
requested: array(3) {
  ["controller"] => string(5) "forum"
  ["action"] => string(9) "index.php"
  ["module"] => string(7) "default"
}


--------------------------------------------------------------------------------
