2015-06-14T07:24:08+00:00 ERR (3) 404 "2014-02-27_kaufland-firewall-service" was not found.
REMOTE_ADDR: 66.249.79.207
HTTP_REFERER: 
requested: array(5) {
  ["lang"] => string(2) "en"
  ["action"] => string(7) "archive"
  ["key"] => string(36) "2014-02-27_kaufland-firewall-service"
  ["module"] => string(7) "default"
  ["controller"] => string(5) "index"
}


--------------------------------------------------------------------------------
2015-06-14T07:50:23+00:00 ERR (3) 404 Seite nicht gefunden
REMOTE_ADDR: 89.29.175.68
HTTP_REFERER: 
requested: array(4) {
  ["controller"] => string(6) "https:"
  [""] => string(19) "silber-und-blei.com"
  ["action"] => string(5) "index"
  ["module"] => string(7) "default"
}


--------------------------------------------------------------------------------
2015-06-14T07:50:28+00:00 ERR (3) 404 Seite nicht gefunden
REMOTE_ADDR: 89.29.175.68
HTTP_REFERER: 
requested: array(3) {
  ["controller"] => string(2) "js"
  ["action"] => string(1) "'"
  ["module"] => string(7) "default"
}


--------------------------------------------------------------------------------
2015-06-14T08:04:23+00:00 ERR (3) 404 Seite nicht gefunden
REMOTE_ADDR: 104.219.54.64
HTTP_REFERER: 
requested: array(4) {
  ["controller"] => string(6) "https:"
  [""] => string(19) "silber-und-blei.com"
  ["action"] => string(5) "index"
  ["module"] => string(7) "default"
}


--------------------------------------------------------------------------------
2015-06-14T08:04:28+00:00 ERR (3) 404 Seite nicht gefunden
REMOTE_ADDR: 104.219.54.64
HTTP_REFERER: 
requested: array(3) {
  ["controller"] => string(2) "js"
  ["action"] => string(1) "'"
  ["module"] => string(7) "default"
}


--------------------------------------------------------------------------------
2015-06-14T08:39:09+00:00 ERR (3) 404 Seite nicht gefunden
REMOTE_ADDR: 104.219.54.64
HTTP_REFERER: 
requested: array(4) {
  ["controller"] => string(6) "https:"
  [""] => string(19) "silber-und-blei.com"
  ["action"] => string(5) "index"
  ["module"] => string(7) "default"
}


--------------------------------------------------------------------------------
2015-06-14T08:39:10+00:00 ERR (3) 404 Seite nicht gefunden
REMOTE_ADDR: 104.219.54.64
HTTP_REFERER: 
requested: array(3) {
  ["controller"] => string(2) "js"
  ["action"] => string(1) "'"
  ["module"] => string(7) "default"
}


--------------------------------------------------------------------------------
2015-06-14T11:00:49+00:00 ERR (3) 404 Seite nicht gefunden
REMOTE_ADDR: 189.19.79.66
HTTP_REFERER: 
requested: array(4) {
  ["controller"] => string(6) "https:"
  [""] => string(19) "silber-und-blei.com"
  ["action"] => string(5) "index"
  ["module"] => string(7) "default"
}


--------------------------------------------------------------------------------
2015-06-14T11:00:51+00:00 ERR (3) 404 Seite nicht gefunden
REMOTE_ADDR: 189.19.79.66
HTTP_REFERER: 
requested: array(3) {
  ["controller"] => string(2) "js"
  ["action"] => string(1) "'"
  ["module"] => string(7) "default"
}


--------------------------------------------------------------------------------
2015-06-14T11:57:53+00:00 ERR (3) 404 Seite nicht gefunden
REMOTE_ADDR: 93.193.7.87
HTTP_REFERER: 
requested: array(3) {
  ["controller"] => string(32) "apple-touch-icon-precomposed.png"
  ["action"] => string(5) "index"
  ["module"] => string(7) "default"
}


--------------------------------------------------------------------------------
2015-06-14T11:57:53+00:00 ERR (3) 404 Seite nicht gefunden
REMOTE_ADDR: 93.193.7.87
HTTP_REFERER: 
requested: array(3) {
  ["controller"] => string(20) "apple-touch-icon.png"
  ["action"] => string(5) "index"
  ["module"] => string(7) "default"
}


--------------------------------------------------------------------------------
2015-06-14T15:57:50+00:00 ERR (3) 404 Seite nicht gefunden
REMOTE_ADDR: 89.29.175.68
HTTP_REFERER: 
requested: array(4) {
  ["controller"] => string(6) "https:"
  [""] => string(19) "silber-und-blei.com"
  ["action"] => string(5) "index"
  ["module"] => string(7) "default"
}


--------------------------------------------------------------------------------
2015-06-14T15:57:54+00:00 ERR (3) 404 Seite nicht gefunden
REMOTE_ADDR: 89.29.175.68
HTTP_REFERER: 
requested: array(3) {
  ["controller"] => string(2) "js"
  ["action"] => string(1) "'"
  ["module"] => string(7) "default"
}


--------------------------------------------------------------------------------
2015-06-14T16:55:12+00:00 ERR (3) 404 Seite nicht gefunden
REMOTE_ADDR: 178.167.254.169
HTTP_REFERER: 
requested: array(4) {
  ["controller"] => string(6) "https:"
  [""] => string(19) "silber-und-blei.com"
  ["action"] => string(5) "index"
  ["module"] => string(7) "default"
}


--------------------------------------------------------------------------------
2015-06-14T16:55:17+00:00 ERR (3) 404 Seite nicht gefunden
REMOTE_ADDR: 178.167.254.169
HTTP_REFERER: 
requested: array(3) {
  ["controller"] => string(2) "js"
  ["action"] => string(1) "'"
  ["module"] => string(7) "default"
}


--------------------------------------------------------------------------------
2015-06-14T17:45:32+00:00 ERR (3) 404 Seite nicht gefunden
REMOTE_ADDR: 79.116.24.166
HTTP_REFERER: 
requested: array(4) {
  ["controller"] => string(6) "https:"
  [""] => string(19) "silber-und-blei.com"
  ["action"] => string(5) "index"
  ["module"] => string(7) "default"
}


--------------------------------------------------------------------------------
2015-06-14T17:45:34+00:00 ERR (3) 404 Seite nicht gefunden
REMOTE_ADDR: 79.116.24.166
HTTP_REFERER: 
requested: array(3) {
  ["controller"] => string(2) "js"
  ["action"] => string(1) "'"
  ["module"] => string(7) "default"
}


--------------------------------------------------------------------------------
2015-06-14T19:33:21+00:00 ERR (3) 404 Seite nicht gefunden
REMOTE_ADDR: 79.116.24.166
HTTP_REFERER: 
requested: array(4) {
  ["controller"] => string(6) "https:"
  [""] => string(19) "silber-und-blei.com"
  ["action"] => string(5) "index"
  ["module"] => string(7) "default"
}


--------------------------------------------------------------------------------
2015-06-14T19:33:22+00:00 ERR (3) 404 Seite nicht gefunden
REMOTE_ADDR: 79.116.24.166
HTTP_REFERER: 
requested: array(3) {
  ["controller"] => string(2) "js"
  ["action"] => string(1) "'"
  ["module"] => string(7) "default"
}


--------------------------------------------------------------------------------
