2017-11-22T00:19:04+00:00 ERR (3) 404 Seite nicht gefunden
REMOTE_ADDR: 196.217.102.242
HTTP_REFERER: 
requested: array(3) {
  ["controller"] => string(12) "wp-login.php"
  ["action"] => string(5) "index"
  ["module"] => string(7) "default"
}


--------------------------------------------------------------------------------
2017-11-22T01:02:59+00:00 ERR (3) 404 Seite nicht gefunden
REMOTE_ADDR: 61.6.239.33
HTTP_REFERER: 
requested: array(3) {
  ["controller"] => string(12) "wp-login.php"
  ["action"] => string(5) "index"
  ["module"] => string(7) "default"
}


--------------------------------------------------------------------------------
2017-11-22T02:04:55+00:00 ERR (3) 404 Seite nicht gefunden
REMOTE_ADDR: 68.44.141.148
HTTP_REFERER: 
requested: array(3) {
  ["controller"] => string(12) "wp-login.php"
  ["action"] => string(5) "index"
  ["module"] => string(7) "default"
}


--------------------------------------------------------------------------------
2017-11-22T02:09:12+00:00 ERR (3) 404 Seite nicht gefunden
REMOTE_ADDR: 124.6.163.2
HTTP_REFERER: 
requested: array(3) {
  ["controller"] => string(12) "wp-login.php"
  ["action"] => string(5) "index"
  ["module"] => string(7) "default"
}


--------------------------------------------------------------------------------
2017-11-22T02:56:11+00:00 ERR (3) 404 Seite nicht gefunden
REMOTE_ADDR: 175.158.216.5
HTTP_REFERER: 
requested: array(3) {
  ["controller"] => string(12) "wp-login.php"
  ["action"] => string(5) "index"
  ["module"] => string(7) "default"
}


--------------------------------------------------------------------------------
2017-11-22T06:17:59+00:00 ERR (3) 404 Seite nicht gefunden
REMOTE_ADDR: 130.105.207.32
HTTP_REFERER: 
requested: array(3) {
  ["controller"] => string(12) "wp-login.php"
  ["action"] => string(5) "index"
  ["module"] => string(7) "default"
}


--------------------------------------------------------------------------------
2017-11-22T06:21:56+00:00 ERR (3) 404 Seite nicht gefunden
REMOTE_ADDR: 190.19.124.142
HTTP_REFERER: 
requested: array(3) {
  ["controller"] => string(12) "wp-login.php"
  ["action"] => string(5) "index"
  ["module"] => string(7) "default"
}


--------------------------------------------------------------------------------
2017-11-22T07:15:57+00:00 ERR (3) 404 Seite nicht gefunden
REMOTE_ADDR: 49.128.172.114
HTTP_REFERER: 
requested: array(3) {
  ["controller"] => string(12) "wp-login.php"
  ["action"] => string(5) "index"
  ["module"] => string(7) "default"
}


--------------------------------------------------------------------------------
2017-11-22T07:55:29+00:00 ERR (3) 404 Seite nicht gefunden
REMOTE_ADDR: 49.145.133.73
HTTP_REFERER: 
requested: array(3) {
  ["controller"] => string(12) "wp-login.php"
  ["action"] => string(5) "index"
  ["module"] => string(7) "default"
}


--------------------------------------------------------------------------------
2017-11-22T08:14:24+00:00 ERR (3) 404 Seite nicht gefunden
REMOTE_ADDR: 95.73.204.19
HTTP_REFERER: 
requested: array(3) {
  ["controller"] => string(12) "wp-login.php"
  ["action"] => string(5) "index"
  ["module"] => string(7) "default"
}


--------------------------------------------------------------------------------
2017-11-22T08:45:57+00:00 ERR (3) 404 Seite nicht gefunden
REMOTE_ADDR: 182.65.212.249
HTTP_REFERER: 
requested: array(3) {
  ["controller"] => string(12) "wp-login.php"
  ["action"] => string(5) "index"
  ["module"] => string(7) "default"
}


--------------------------------------------------------------------------------
2017-11-22T08:50:28+00:00 ERR (3) 404 Seite nicht gefunden
REMOTE_ADDR: 113.105.243.99
HTTP_REFERER: 
requested: array(3) {
  ["controller"] => string(12) "wp-login.php"
  ["action"] => string(5) "index"
  ["module"] => string(7) "default"
}


--------------------------------------------------------------------------------
2017-11-22T08:52:44+00:00 ERR (3) 404 Seite nicht gefunden
REMOTE_ADDR: 189.82.19.204
HTTP_REFERER: 
requested: array(3) {
  ["controller"] => string(12) "wp-login.php"
  ["action"] => string(5) "index"
  ["module"] => string(7) "default"
}


--------------------------------------------------------------------------------
2017-11-22T09:03:13+00:00 ERR (3) 404 Seite nicht gefunden
REMOTE_ADDR: 89.216.170.105
HTTP_REFERER: 
requested: array(3) {
  ["controller"] => string(12) "wp-login.php"
  ["action"] => string(5) "index"
  ["module"] => string(7) "default"
}


--------------------------------------------------------------------------------
2017-11-22T09:46:56+00:00 ERR (3) 404 Seite nicht gefunden
REMOTE_ADDR: 183.82.253.95
HTTP_REFERER: 
requested: array(3) {
  ["controller"] => string(12) "wp-login.php"
  ["action"] => string(5) "index"
  ["module"] => string(7) "default"
}


--------------------------------------------------------------------------------
2017-11-22T10:22:40+00:00 ERR (3) 404 Seite nicht gefunden
REMOTE_ADDR: 93.107.95.182
HTTP_REFERER: 
requested: array(3) {
  ["controller"] => string(12) "wp-login.php"
  ["action"] => string(5) "index"
  ["module"] => string(7) "default"
}


--------------------------------------------------------------------------------
2017-11-22T10:27:39+00:00 ERR (3) 404 Seite nicht gefunden
REMOTE_ADDR: 95.248.84.211
HTTP_REFERER: 
requested: array(3) {
  ["controller"] => string(12) "wp-login.php"
  ["action"] => string(5) "index"
  ["module"] => string(7) "default"
}


--------------------------------------------------------------------------------
2017-11-22T10:52:02+00:00 ERR (3) 404 Seite nicht gefunden
REMOTE_ADDR: 183.99.48.60
HTTP_REFERER: 
requested: array(3) {
  ["controller"] => string(12) "wp-login.php"
  ["action"] => string(5) "index"
  ["module"] => string(7) "default"
}


--------------------------------------------------------------------------------
2017-11-22T11:01:39+00:00 ERR (3) 404 Seite nicht gefunden
REMOTE_ADDR: 47.29.255.230
HTTP_REFERER: 
requested: array(3) {
  ["controller"] => string(12) "wp-login.php"
  ["action"] => string(5) "index"
  ["module"] => string(7) "default"
}


--------------------------------------------------------------------------------
2017-11-22T11:07:25+00:00 ERR (3) 404 Seite nicht gefunden
REMOTE_ADDR: 151.254.18.118
HTTP_REFERER: 
requested: array(3) {
  ["controller"] => string(12) "wp-login.php"
  ["action"] => string(5) "index"
  ["module"] => string(7) "default"
}


--------------------------------------------------------------------------------
2017-11-22T11:39:53+00:00 ERR (3) 404 Seite nicht gefunden
REMOTE_ADDR: 175.135.203.119
HTTP_REFERER: 
requested: array(3) {
  ["controller"] => string(12) "wp-login.php"
  ["action"] => string(5) "index"
  ["module"] => string(7) "default"
}


--------------------------------------------------------------------------------
2017-11-22T11:53:29+00:00 ERR (3) 404 Seite nicht gefunden
REMOTE_ADDR: 39.34.189.182
HTTP_REFERER: 
requested: array(3) {
  ["controller"] => string(12) "wp-login.php"
  ["action"] => string(5) "index"
  ["module"] => string(7) "default"
}


--------------------------------------------------------------------------------
2017-11-22T12:32:58+00:00 ERR (3) 404 Seite nicht gefunden
REMOTE_ADDR: 49.15.25.241
HTTP_REFERER: 
requested: array(3) {
  ["controller"] => string(12) "wp-login.php"
  ["action"] => string(5) "index"
  ["module"] => string(7) "default"
}


--------------------------------------------------------------------------------
2017-11-22T13:09:03+00:00 ERR (3) 404 Seite nicht gefunden
REMOTE_ADDR: 45.127.58.86
HTTP_REFERER: 
requested: array(3) {
  ["controller"] => string(12) "wp-login.php"
  ["action"] => string(5) "index"
  ["module"] => string(7) "default"
}


--------------------------------------------------------------------------------
2017-11-22T13:11:16+00:00 ERR (3) 404 Seite nicht gefunden
REMOTE_ADDR: 176.88.10.159
HTTP_REFERER: 
requested: array(3) {
  ["controller"] => string(12) "wp-login.php"
  ["action"] => string(5) "index"
  ["module"] => string(7) "default"
}


--------------------------------------------------------------------------------
2017-11-22T13:23:13+00:00 ERR (3) 404 Seite nicht gefunden
REMOTE_ADDR: 184.22.215.33
HTTP_REFERER: 
requested: array(3) {
  ["controller"] => string(12) "wp-login.php"
  ["action"] => string(5) "index"
  ["module"] => string(7) "default"
}


--------------------------------------------------------------------------------
2017-11-22T13:32:52+00:00 ERR (3) 404 Seite nicht gefunden
REMOTE_ADDR: 62.198.169.185
HTTP_REFERER: 
requested: array(3) {
  ["controller"] => string(12) "wp-login.php"
  ["action"] => string(5) "index"
  ["module"] => string(7) "default"
}


--------------------------------------------------------------------------------
2017-11-22T14:07:50+00:00 ERR (3) 404 Seite nicht gefunden
REMOTE_ADDR: 60.101.88.208
HTTP_REFERER: 
requested: array(3) {
  ["controller"] => string(12) "wp-login.php"
  ["action"] => string(5) "index"
  ["module"] => string(7) "default"
}


--------------------------------------------------------------------------------
2017-11-22T15:15:34+00:00 ERR (3) 404 Seite nicht gefunden
REMOTE_ADDR: 116.68.69.207
HTTP_REFERER: 
requested: array(3) {
  ["controller"] => string(12) "wp-login.php"
  ["action"] => string(5) "index"
  ["module"] => string(7) "default"
}


--------------------------------------------------------------------------------
2017-11-22T15:22:41+00:00 ERR (3) 404 Seite nicht gefunden
REMOTE_ADDR: 86.107.179.35
HTTP_REFERER: 
requested: array(3) {
  ["controller"] => string(12) "wp-login.php"
  ["action"] => string(5) "index"
  ["module"] => string(7) "default"
}


--------------------------------------------------------------------------------
2017-11-22T15:29:29+00:00 ERR (3) 404 Seite nicht gefunden
REMOTE_ADDR: 123.211.201.86
HTTP_REFERER: 
requested: array(3) {
  ["controller"] => string(12) "wp-login.php"
  ["action"] => string(5) "index"
  ["module"] => string(7) "default"
}


--------------------------------------------------------------------------------
2017-11-22T15:45:41+00:00 ERR (3) 404 Seite nicht gefunden
REMOTE_ADDR: 203.90.241.123
HTTP_REFERER: 
requested: array(3) {
  ["controller"] => string(12) "wp-login.php"
  ["action"] => string(5) "index"
  ["module"] => string(7) "default"
}


--------------------------------------------------------------------------------
2017-11-22T16:08:09+00:00 ERR (3) 404 Seite nicht gefunden
REMOTE_ADDR: 72.241.238.34
HTTP_REFERER: 
requested: array(3) {
  ["controller"] => string(12) "wp-login.php"
  ["action"] => string(5) "index"
  ["module"] => string(7) "default"
}


--------------------------------------------------------------------------------
2017-11-22T17:45:25+00:00 ERR (3) 404 Seite nicht gefunden
REMOTE_ADDR: 93.184.84.140
HTTP_REFERER: 
requested: array(3) {
  ["controller"] => string(12) "wp-login.php"
  ["action"] => string(5) "index"
  ["module"] => string(7) "default"
}


--------------------------------------------------------------------------------
2017-11-22T18:09:03+00:00 ERR (3) 404 Seite nicht gefunden
REMOTE_ADDR: 177.84.64.123
HTTP_REFERER: 
requested: array(3) {
  ["controller"] => string(12) "wp-login.php"
  ["action"] => string(5) "index"
  ["module"] => string(7) "default"
}


--------------------------------------------------------------------------------
2017-11-22T18:21:41+00:00 ERR (3) 404 Seite nicht gefunden
REMOTE_ADDR: 197.206.151.217
HTTP_REFERER: 
requested: array(3) {
  ["controller"] => string(12) "wp-login.php"
  ["action"] => string(5) "index"
  ["module"] => string(7) "default"
}


--------------------------------------------------------------------------------
2017-11-22T18:52:49+00:00 ERR (3) 404 Seite nicht gefunden
REMOTE_ADDR: 117.55.242.118
HTTP_REFERER: 
requested: array(3) {
  ["controller"] => string(12) "wp-login.php"
  ["action"] => string(5) "index"
  ["module"] => string(7) "default"
}


--------------------------------------------------------------------------------
2017-11-22T18:55:03+00:00 ERR (3) 404 Seite nicht gefunden
REMOTE_ADDR: 131.221.169.94
HTTP_REFERER: 
requested: array(3) {
  ["controller"] => string(12) "wp-login.php"
  ["action"] => string(5) "index"
  ["module"] => string(7) "default"
}


--------------------------------------------------------------------------------
2017-11-22T19:05:33+00:00 ERR (3) 404 Seite nicht gefunden
REMOTE_ADDR: 171.77.139.59
HTTP_REFERER: 
requested: array(3) {
  ["controller"] => string(12) "wp-login.php"
  ["action"] => string(5) "index"
  ["module"] => string(7) "default"
}


--------------------------------------------------------------------------------
2017-11-22T19:15:32+00:00 ERR (3) 404 Seite nicht gefunden
REMOTE_ADDR: 151.29.18.78
HTTP_REFERER: 
requested: array(3) {
  ["controller"] => string(12) "wp-login.php"
  ["action"] => string(5) "index"
  ["module"] => string(7) "default"
}


--------------------------------------------------------------------------------
2017-11-22T19:51:22+00:00 ERR (3) 404 Seite nicht gefunden
REMOTE_ADDR: 14.139.215.178
HTTP_REFERER: 
requested: array(3) {
  ["controller"] => string(12) "wp-login.php"
  ["action"] => string(5) "index"
  ["module"] => string(7) "default"
}


--------------------------------------------------------------------------------
2017-11-22T19:51:41+00:00 ERR (3) 404 Seite nicht gefunden
REMOTE_ADDR: 141.101.31.228
HTTP_REFERER: 
requested: array(3) {
  ["controller"] => string(12) "wp-login.php"
  ["action"] => string(5) "index"
  ["module"] => string(7) "default"
}


--------------------------------------------------------------------------------
2017-11-22T20:17:03+00:00 ERR (3) 404 Seite nicht gefunden
REMOTE_ADDR: 138.36.56.2
HTTP_REFERER: 
requested: array(3) {
  ["controller"] => string(12) "wp-login.php"
  ["action"] => string(5) "index"
  ["module"] => string(7) "default"
}


--------------------------------------------------------------------------------
2017-11-22T20:21:55+00:00 ERR (3) 404 Seite nicht gefunden
REMOTE_ADDR: 89.143.90.133
HTTP_REFERER: 
requested: array(3) {
  ["controller"] => string(12) "wp-login.php"
  ["action"] => string(5) "index"
  ["module"] => string(7) "default"
}


--------------------------------------------------------------------------------
2017-11-22T21:00:01+00:00 ERR (3) 404 Seite nicht gefunden
REMOTE_ADDR: 82.231.175.146
HTTP_REFERER: 
requested: array(3) {
  ["controller"] => string(12) "wp-login.php"
  ["action"] => string(5) "index"
  ["module"] => string(7) "default"
}


--------------------------------------------------------------------------------
2017-11-22T21:30:25+00:00 ERR (3) 404 Seite nicht gefunden
REMOTE_ADDR: 178.43.205.31
HTTP_REFERER: 
requested: array(3) {
  ["controller"] => string(12) "wp-login.php"
  ["action"] => string(5) "index"
  ["module"] => string(7) "default"
}


--------------------------------------------------------------------------------
2017-11-22T21:34:22+00:00 ERR (3) 404 Seite nicht gefunden
REMOTE_ADDR: 179.62.85.131
HTTP_REFERER: 
requested: array(3) {
  ["controller"] => string(12) "wp-login.php"
  ["action"] => string(5) "index"
  ["module"] => string(7) "default"
}


--------------------------------------------------------------------------------
2017-11-22T21:40:47+00:00 ERR (3) 404 Seite nicht gefunden
REMOTE_ADDR: 110.55.0.122
HTTP_REFERER: 
requested: array(3) {
  ["controller"] => string(12) "wp-login.php"
  ["action"] => string(5) "index"
  ["module"] => string(7) "default"
}


--------------------------------------------------------------------------------
2017-11-22T22:04:04+00:00 ERR (3) 404 Seite nicht gefunden
REMOTE_ADDR: 65.191.47.143
HTTP_REFERER: 
requested: array(3) {
  ["controller"] => string(12) "wp-login.php"
  ["action"] => string(5) "index"
  ["module"] => string(7) "default"
}


--------------------------------------------------------------------------------
2017-11-22T22:20:43+00:00 ERR (3) 404 Seite nicht gefunden
REMOTE_ADDR: 181.67.2.244
HTTP_REFERER: 
requested: array(3) {
  ["controller"] => string(12) "wp-login.php"
  ["action"] => string(5) "index"
  ["module"] => string(7) "default"
}


--------------------------------------------------------------------------------
2017-11-22T22:32:55+00:00 ERR (3) 404 Seite nicht gefunden
REMOTE_ADDR: 120.29.78.247
HTTP_REFERER: 
requested: array(3) {
  ["controller"] => string(12) "wp-login.php"
  ["action"] => string(5) "index"
  ["module"] => string(7) "default"
}


--------------------------------------------------------------------------------
2017-11-22T22:37:24+00:00 ERR (3) 404 Seite nicht gefunden
REMOTE_ADDR: 95.148.94.21
HTTP_REFERER: 
requested: array(3) {
  ["controller"] => string(12) "wp-login.php"
  ["action"] => string(5) "index"
  ["module"] => string(7) "default"
}


--------------------------------------------------------------------------------
