2011-07-13T01:59:28+00:00 ERR (3) 404 Seite nicht gefunden
REMOTE_ADDR: 66.249.72.131
HTTP_REFERER: 
requested: array(5) {
  ["controller"] => string(5) "forum"
  ["action"] => string(13) "viewforum.php"
  ["module"] => string(7) "default"
  ["f"] => string(1) "1"
  ["sid"] => string(32) "0f9df61b9fce347ce8bf3bdcfc61d6ef"
}


--------------------------------------------------------------------------------
2011-07-13T04:21:41+00:00 ERR (3) 404 Seite nicht gefunden
REMOTE_ADDR: 66.249.72.131
HTTP_REFERER: 
requested: array(5) {
  ["controller"] => string(5) "forum"
  ["action"] => string(13) "viewtopic.php"
  ["module"] => string(7) "default"
  ["p"] => string(2) "13"
  ["sid"] => string(32) "0f9df61b9fce347ce8bf3bdcfc61d6ef"
}


--------------------------------------------------------------------------------
2011-07-13T05:29:29+00:00 ERR (3) 404 "topic" was not found.
REMOTE_ADDR: 202.232.134.121
HTTP_REFERER: http://graphicore.de/en/index/topic/intern/projekte/?fp=BZ%25252BtKsKsYy4aeoMvuWtjxRJZwJYHl0GjCCCAib8RG4BmpcunE86Ky6J3IPVo8zBUeOFes7NNJjUatjTP4sEUwQ%25253D%25253D&prvtof=hCllM5yWRtYAlK6TFJCsqeFTXIGstEH%25252FCB%25252FUNBNEOA4Ar0aftPFo%25252FA6nEcxZKMuX%25252BraUfcVMJNb0QY7yEwfCwDltrFkYVvbudkasZRQ9WcQ%25253D&poru=NlNR9E6xRyTtmcC%25252Bf0Y6UC9EqZnYhAZvkkvaKhsIpaYT9qGrOMd47rNCDkiW%25252FM%25252F6MApi05xYCxj7T3mnaZYGZzYd7qvVoBonNdkjf4RzYDs%25253D
requested: array(9) {
  ["lang"] => string(2) "en"
  ["action"] => string(5) "index"
  ["key"] => string(5) "topic"
  ["intern"] => string(8) "projekte"
  ["module"] => string(7) "default"
  ["controller"] => string(5) "index"
  ["fp"] => string(100) "BZ%252BtKsKsYy4aeoMvuWtjxRJZwJYHl0GjCCCAib8RG4BmpcunE86Ky6J3IPVo8zBUeOFes7NNJjUatjTP4sEUwQ%253D%253D"
  ["prvtof"] => string(128) "hCllM5yWRtYAlK6TFJCsqeFTXIGstEH%252FCB%252FUNBNEOA4Ar0aftPFo%252FA6nEcxZKMuX%252BraUfcVMJNb0QY7yEwfCwDltrFkYVvbudkasZRQ9WcQ%253D"
  ["poru"] => string(124) "NlNR9E6xRyTtmcC%252Bf0Y6UC9EqZnYhAZvkkvaKhsIpaYT9qGrOMd47rNCDkiW%252FM%252F6MApi05xYCxj7T3mnaZYGZzYd7qvVoBonNdkjf4RzYDs%253D"
}


--------------------------------------------------------------------------------
2011-07-13T05:30:37+00:00 ERR (3) 404 "topic" was not found.
REMOTE_ADDR: 199.48.147.36
HTTP_REFERER: http://graphicore.de/en/index/topic/intern/projekte/?fp=BZ%25252525252BtKsKsYy4aeoMvuWtjxRJZwJYHl0GjCCCAib8RG4BmpcunE86Ky6J3IPVo8zBUeOFes7NNJjUatjTP4sEUwQ%25252525253D%25252525253D&prvtof=hCllM5yWRtYAlK6TFJCsqeFTXIGstEH%25252525252FCB%25252525252FUNBNEOA4Ar0aftPFo%25252525252FA6nEcxZKMuX%25252525252BraUfcVMJNb0QY7yEwfCwDltrFkYVvbudkasZRQ9WcQ%25252525253D&poru=NlNR9E6xRyTtmcC%25252525252Bf0Y6UC9EqZnYhAZvkkvaKhsIpaYT9qGrOMd47rNCDkiW%25252525252FM%25252525252F6MApi05xYCxj7T3mnaZYGZzYd7qvVoBonNdkjf4RzYDs%25252525253D
requested: array(9) {
  ["lang"] => string(2) "en"
  ["action"] => string(5) "index"
  ["key"] => string(5) "topic"
  ["intern"] => string(8) "projekte"
  ["module"] => string(7) "default"
  ["controller"] => string(5) "index"
  ["fp"] => string(118) "BZ%252525252BtKsKsYy4aeoMvuWtjxRJZwJYHl0GjCCCAib8RG4BmpcunE86Ky6J3IPVo8zBUeOFes7NNJjUatjTP4sEUwQ%252525253D%252525253D"
  ["prvtof"] => string(158) "hCllM5yWRtYAlK6TFJCsqeFTXIGstEH%252525252FCB%252525252FUNBNEOA4Ar0aftPFo%252525252FA6nEcxZKMuX%252525252BraUfcVMJNb0QY7yEwfCwDltrFkYVvbudkasZRQ9WcQ%252525253D"
  ["poru"] => string(148) "NlNR9E6xRyTtmcC%252525252Bf0Y6UC9EqZnYhAZvkkvaKhsIpaYT9qGrOMd47rNCDkiW%252525252FM%252525252F6MApi05xYCxj7T3mnaZYGZzYd7qvVoBonNdkjf4RzYDs%252525253D"
}


--------------------------------------------------------------------------------
2011-07-13T05:34:23+00:00 ERR (3) 404 Seite nicht gefunden
REMOTE_ADDR: 31.96.204.246
HTTP_REFERER: 
requested: array(3) {
  ["controller"] => string(10) "javascript"
  ["action"] => string(24) "%27%20+%20href%20+%20%27"
  ["module"] => string(7) "default"
}


--------------------------------------------------------------------------------
2011-07-13T06:30:37+00:00 ERR (3) 404 Seite nicht gefunden
REMOTE_ADDR: 66.249.72.131
HTTP_REFERER: 
requested: array(5) {
  ["controller"] => string(5) "forum"
  ["action"] => string(11) "profile.php"
  ["module"] => string(7) "default"
  ["mode"] => string(8) "register"
  ["sid"] => string(32) "52d3d81f24cd5ee6b4902d93ec794434"
}


--------------------------------------------------------------------------------
2011-07-13T07:18:10+00:00 ERR (3) 404 Seite nicht gefunden
REMOTE_ADDR: 66.249.72.131
HTTP_REFERER: 
requested: array(5) {
  ["controller"] => string(5) "forum"
  ["action"] => string(13) "viewtopic.php"
  ["module"] => string(7) "default"
  ["p"] => string(2) "14"
  ["sid"] => string(32) "e2125535c4e688c77ea43208af8467aa"
}


--------------------------------------------------------------------------------
2011-07-13T12:32:55+00:00 ERR (3) 404 "topic" was not found.
REMOTE_ADDR: 91.224.160.132
HTTP_REFERER: http://graphicore.de/de/index/topic/intern/news/
requested: array(6) {
  ["lang"] => string(2) "de"
  ["action"] => string(5) "index"
  ["key"] => string(5) "topic"
  ["intern"] => string(4) "news"
  ["module"] => string(7) "default"
  ["controller"] => string(5) "index"
}


--------------------------------------------------------------------------------
2011-07-13T17:22:48+00:00 ERR (3) 404 Seite nicht gefunden
REMOTE_ADDR: 66.249.72.131
HTTP_REFERER: 
requested: array(5) {
  ["controller"] => string(5) "forum"
  ["action"] => string(11) "profile.php"
  ["module"] => string(7) "default"
  ["mode"] => string(12) "sendpassword"
  ["sid"] => string(32) "2768e3087421faea5509b2c4cc11a8cb"
}


--------------------------------------------------------------------------------
2011-07-13T17:34:28+00:00 ERR (3) 404 "topic" was not found.
REMOTE_ADDR: 217.172.180.18
HTTP_REFERER: 
requested: array(6) {
  ["lang"] => string(2) "de"
  ["action"] => string(5) "index"
  ["key"] => string(5) "topic"
  ["intern"] => string(4) "news"
  ["module"] => string(7) "default"
  ["controller"] => string(5) "index"
}


--------------------------------------------------------------------------------
2011-07-13T17:34:31+00:00 ERR (3) 404 "topic" was not found.
REMOTE_ADDR: 217.172.180.18
HTTP_REFERER: 
requested: array(6) {
  ["lang"] => string(2) "en"
  ["action"] => string(5) "index"
  ["key"] => string(5) "topic"
  ["intern"] => string(8) "projekte"
  ["module"] => string(7) "default"
  ["controller"] => string(5) "index"
}


--------------------------------------------------------------------------------
2011-07-13T17:34:32+00:00 ERR (3) 404 Seite nicht gefunden
REMOTE_ADDR: 217.172.180.18
HTTP_REFERER: 
requested: array(3) {
  ["controller"] => string(5) "forum"
  ["action"] => string(9) "index.php"
  ["module"] => string(7) "default"
}


--------------------------------------------------------------------------------
2011-07-13T18:22:42+00:00 ERR (3) 404 Seite nicht gefunden
REMOTE_ADDR: 66.249.72.131
HTTP_REFERER: 
requested: array(5) {
  ["controller"] => string(5) "forum"
  ["action"] => string(13) "viewtopic.php"
  ["module"] => string(7) "default"
  ["p"] => string(2) "15"
  ["sid"] => string(32) "0f9df61b9fce347ce8bf3bdcfc61d6ef"
}


--------------------------------------------------------------------------------
