2015-01-24T02:48:33+00:00 ERR (3) 404 Seite nicht gefunden
REMOTE_ADDR: 216.70.97.124
HTTP_REFERER: 
requested: array(3) {
  ["controller"] => string(12) "wp-login.php"
  ["action"] => string(5) "index"
  ["module"] => string(7) "default"
}


--------------------------------------------------------------------------------
2015-01-24T02:48:33+00:00 ERR (3) 404 Seite nicht gefunden
REMOTE_ADDR: 216.70.97.124
HTTP_REFERER: 
requested: array(3) {
  ["controller"] => string(4) "blog"
  ["action"] => string(12) "wp-login.php"
  ["module"] => string(7) "default"
}


--------------------------------------------------------------------------------
2015-01-24T02:48:34+00:00 ERR (3) 404 Seite nicht gefunden
REMOTE_ADDR: 216.70.97.124
HTTP_REFERER: 
requested: array(3) {
  ["controller"] => string(2) "wp"
  ["action"] => string(12) "wp-login.php"
  ["module"] => string(7) "default"
}


--------------------------------------------------------------------------------
2015-01-24T02:48:34+00:00 ERR (3) 404 Seite nicht gefunden
REMOTE_ADDR: 216.70.97.124
HTTP_REFERER: 
requested: array(3) {
  ["controller"] => string(13) "administrator"
  ["action"] => string(9) "index.php"
  ["module"] => string(7) "default"
}


--------------------------------------------------------------------------------
2015-01-24T02:48:34+00:00 ERR (3) 404 Seite nicht gefunden
REMOTE_ADDR: 216.70.97.124
HTTP_REFERER: 
requested: array(3) {
  ["controller"] => string(6) "joomla"
  ["action"] => string(13) "administrator"
  ["module"] => string(7) "default"
}


--------------------------------------------------------------------------------
2015-01-24T02:48:35+00:00 ERR (3) 404 Seite nicht gefunden
REMOTE_ADDR: 216.70.97.124
HTTP_REFERER: 
requested: array(4) {
  ["controller"] => string(2) "js"
  ["action"] => string(8) "tiny_mce"
  ["plugins"] => string(11) "tinybrowser"
  ["module"] => string(7) "default"
}


--------------------------------------------------------------------------------
2015-01-24T02:48:35+00:00 ERR (3) 404 Seite nicht gefunden
REMOTE_ADDR: 216.70.97.124
HTTP_REFERER: 
requested: array(4) {
  ["controller"] => string(8) "jscripts"
  ["action"] => string(8) "tiny_mce"
  ["plugins"] => string(11) "tinybrowser"
  ["module"] => string(7) "default"
}


--------------------------------------------------------------------------------
2015-01-24T02:48:36+00:00 ERR (3) 404 Seite nicht gefunden
REMOTE_ADDR: 216.70.97.124
HTTP_REFERER: 
requested: array(4) {
  ["controller"] => string(5) "admin"
  ["action"] => string(8) "tiny_mce"
  ["plugins"] => string(11) "tinybrowser"
  ["module"] => string(7) "default"
}


--------------------------------------------------------------------------------
2015-01-24T02:48:36+00:00 ERR (3) 404 Seite nicht gefunden
REMOTE_ADDR: 216.70.97.124
HTTP_REFERER: 
requested: array(6) {
  ["controller"] => string(5) "media"
  ["action"] => string(7) "editors"
  ["tinymce"] => string(8) "jscripts"
  ["tiny_mce"] => string(7) "plugins"
  ["tinybrowser"] => string(10) "readme.txt"
  ["module"] => string(7) "default"
}


--------------------------------------------------------------------------------
2015-01-24T02:48:36+00:00 ERR (3) 404 Seite nicht gefunden
REMOTE_ADDR: 216.70.97.124
HTTP_REFERER: 
requested: array(4) {
  ["controller"] => string(7) "scripts"
  ["action"] => string(8) "tiny_mce"
  ["plugins"] => string(11) "tinybrowser"
  ["module"] => string(7) "default"
}


--------------------------------------------------------------------------------
2015-01-24T02:48:37+00:00 ERR (3) 404 Seite nicht gefunden
REMOTE_ADDR: 216.70.97.124
HTTP_REFERER: 
requested: array(5) {
  ["controller"] => string(3) "app"
  ["action"] => string(7) "webroot"
  ["js"] => string(8) "tiny_mce"
  ["plugins"] => string(11) "tinybrowser"
  ["module"] => string(7) "default"
}


--------------------------------------------------------------------------------
2015-01-24T02:48:37+00:00 ERR (3) 404 Seite nicht gefunden
REMOTE_ADDR: 216.70.97.124
HTTP_REFERER: 
requested: array(5) {
  ["controller"] => string(4) "data"
  ["action"] => string(7) "scripts"
  ["tiny_mce"] => string(7) "plugins"
  ["tinybrowser"] => string(10) "readme.txt"
  ["module"] => string(7) "default"
}


--------------------------------------------------------------------------------
2015-01-24T02:48:37+00:00 ERR (3) 404 Seite nicht gefunden
REMOTE_ADDR: 216.70.97.124
HTTP_REFERER: 
requested: array(5) {
  ["controller"] => string(7) "scripts"
  ["action"] => string(7) "tinymce"
  ["jscripts"] => string(8) "tiny_mce"
  ["plugins"] => string(11) "tinybrowser"
  ["module"] => string(7) "default"
}


--------------------------------------------------------------------------------
2015-01-24T02:48:38+00:00 ERR (3) 404 Seite nicht gefunden
REMOTE_ADDR: 216.70.97.124
HTTP_REFERER: 
requested: array(5) {
  ["controller"] => string(3) "mod"
  ["action"] => string(7) "tinymce"
  ["jscripts"] => string(8) "tiny_mce"
  ["plugins"] => string(11) "tinybrowser"
  ["module"] => string(7) "default"
}


--------------------------------------------------------------------------------
2015-01-24T02:48:38+00:00 ERR (3) 404 Seite nicht gefunden
REMOTE_ADDR: 216.70.97.124
HTTP_REFERER: 
requested: array(4) {
  ["controller"] => string(8) "tiny_mce"
  ["action"] => string(7) "plugins"
  ["tinybrowser"] => string(10) "readme.txt"
  ["module"] => string(7) "default"
}


--------------------------------------------------------------------------------
2015-01-24T02:48:38+00:00 ERR (3) 404 Seite nicht gefunden
REMOTE_ADDR: 216.70.97.124
HTTP_REFERER: 
requested: array(5) {
  ["controller"] => string(7) "tinymce"
  ["action"] => string(8) "jscripts"
  ["tiny_mce"] => string(7) "plugins"
  ["tinybrowser"] => string(10) "readme.txt"
  ["module"] => string(7) "default"
}


--------------------------------------------------------------------------------
2015-01-24T02:48:39+00:00 ERR (3) 404 Seite nicht gefunden
REMOTE_ADDR: 216.70.97.124
HTTP_REFERER: 
requested: array(5) {
  ["controller"] => string(2) "js"
  ["action"] => string(7) "tinymce"
  ["jscripts"] => string(8) "tiny_mce"
  ["plugins"] => string(11) "tinybrowser"
  ["module"] => string(7) "default"
}


--------------------------------------------------------------------------------
2015-01-24T02:48:39+00:00 ERR (3) 404 Seite nicht gefunden
REMOTE_ADDR: 216.70.97.124
HTTP_REFERER: 
requested: array(6) {
  ["controller"] => string(6) "assets"
  ["action"] => string(7) "plugins"
  ["tinymce"] => string(8) "jscripts"
  ["tiny_mce"] => string(7) "plugins"
  ["tinybrowser"] => string(10) "readme.txt"
  ["module"] => string(7) "default"
}


--------------------------------------------------------------------------------
2015-01-24T02:48:39+00:00 ERR (3) 404 Seite nicht gefunden
REMOTE_ADDR: 216.70.97.124
HTTP_REFERER: 
requested: array(3) {
  ["controller"] => string(11) "tinybrowser"
  ["action"] => string(10) "readme.txt"
  ["module"] => string(7) "default"
}


--------------------------------------------------------------------------------
2015-01-24T02:48:40+00:00 ERR (3) 404 Seite nicht gefunden
REMOTE_ADDR: 216.70.97.124
HTTP_REFERER: 
requested: array(5) {
  ["controller"] => string(8) "includes"
  ["action"] => string(8) "jscripts"
  ["tiny_mce"] => string(7) "plugins"
  ["tinybrowser"] => string(10) "readme.txt"
  ["module"] => string(7) "default"
}


--------------------------------------------------------------------------------
2015-01-24T02:48:40+00:00 ERR (3) 404 Seite nicht gefunden
REMOTE_ADDR: 216.70.97.124
HTTP_REFERER: 
requested: array(6) {
  ["controller"] => string(5) "sites"
  ["action"] => string(3) "all"
  ["libraries"] => string(7) "tinymce"
  ["jscripts"] => string(8) "tiny_mce"
  ["plugins"] => string(11) "tinybrowser"
  ["module"] => string(7) "default"
}


--------------------------------------------------------------------------------
2015-01-24T02:48:40+00:00 ERR (3) 404 Seite nicht gefunden
REMOTE_ADDR: 216.70.97.124
HTTP_REFERER: 
requested: array(5) {
  ["controller"] => string(5) "media"
  ["action"] => string(2) "js"
  ["tiny_mce"] => string(7) "plugins"
  ["tinybrowser"] => string(10) "readme.txt"
  ["module"] => string(7) "default"
}


--------------------------------------------------------------------------------
2015-01-24T02:48:41+00:00 ERR (3) 404 Seite nicht gefunden
REMOTE_ADDR: 216.70.97.124
HTTP_REFERER: 
requested: array(5) {
  ["controller"] => string(8) "jscripts"
  ["action"] => string(8) "tiny_mce"
  ["plugins"] => string(15) "ajaxfilemanager"
  ["jscripts"] => string(14) "for_tinymce.js"
  ["module"] => string(7) "default"
}


--------------------------------------------------------------------------------
2015-01-24T02:48:41+00:00 ERR (3) 404 Seite nicht gefunden
REMOTE_ADDR: 216.70.97.124
HTTP_REFERER: 
requested: array(5) {
  ["controller"] => string(2) "js"
  ["action"] => string(8) "tiny_mce"
  ["plugins"] => string(15) "ajaxfilemanager"
  ["jscripts"] => string(14) "for_tinymce.js"
  ["module"] => string(7) "default"
}


--------------------------------------------------------------------------------
2015-01-24T02:48:42+00:00 ERR (3) 404 Seite nicht gefunden
REMOTE_ADDR: 216.70.97.124
HTTP_REFERER: 
requested: array(5) {
  ["controller"] => string(7) "scripts"
  ["action"] => string(8) "tiny_mce"
  ["plugins"] => string(15) "ajaxfilemanager"
  ["jscripts"] => string(14) "for_tinymce.js"
  ["module"] => string(7) "default"
}


--------------------------------------------------------------------------------
2015-01-24T02:48:42+00:00 ERR (3) 404 Seite nicht gefunden
REMOTE_ADDR: 216.70.97.124
HTTP_REFERER: 
requested: array(5) {
  ["controller"] => string(5) "admin"
  ["action"] => string(8) "tiny_mce"
  ["plugins"] => string(15) "ajaxfilemanager"
  ["jscripts"] => string(14) "for_tinymce.js"
  ["module"] => string(7) "default"
}


--------------------------------------------------------------------------------
2015-01-24T02:48:42+00:00 ERR (3) 404 Seite nicht gefunden
REMOTE_ADDR: 216.70.97.124
HTTP_REFERER: 
requested: array(6) {
  ["controller"] => string(3) "app"
  ["action"] => string(7) "webroot"
  ["js"] => string(8) "tiny_mce"
  ["plugins"] => string(15) "ajaxfilemanager"
  ["jscripts"] => string(14) "for_tinymce.js"
  ["module"] => string(7) "default"
}


--------------------------------------------------------------------------------
2015-01-24T02:48:43+00:00 ERR (3) 404 Seite nicht gefunden
REMOTE_ADDR: 216.70.97.124
HTTP_REFERER: 
requested: array(5) {
  ["controller"] => string(7) "tinymce"
  ["action"] => string(8) "jscripts"
  ["tiny_mce"] => string(7) "plugins"
  ["ajaxfilemanager"] => string(8) "jscripts"
  ["module"] => string(7) "default"
}


--------------------------------------------------------------------------------
2015-01-24T02:48:43+00:00 ERR (3) 404 Seite nicht gefunden
REMOTE_ADDR: 216.70.97.124
HTTP_REFERER: 
requested: array(5) {
  ["controller"] => string(9) "fckeditor"
  ["action"] => string(6) "editor"
  ["plugins"] => string(15) "ajaxfilemanager"
  ["jscripts"] => string(14) "for_tinymce.js"
  ["module"] => string(7) "default"
}


--------------------------------------------------------------------------------
2015-01-24T02:48:43+00:00 ERR (3) 404 Seite nicht gefunden
REMOTE_ADDR: 216.70.97.124
HTTP_REFERER: 
requested: array(3) {
  ["controller"] => string(15) "ajaxfilemanager"
  ["action"] => string(8) "jscripts"
  ["module"] => string(7) "default"
}


--------------------------------------------------------------------------------
2015-01-24T02:48:44+00:00 ERR (3) 404 Seite nicht gefunden
REMOTE_ADDR: 216.70.97.124
HTTP_REFERER: 
requested: array(4) {
  ["controller"] => string(8) "tiny_mce"
  ["action"] => string(7) "plugins"
  ["ajaxfilemanager"] => string(8) "jscripts"
  ["module"] => string(7) "default"
}


--------------------------------------------------------------------------------
2015-01-24T02:48:44+00:00 ERR (3) 404 Seite nicht gefunden
REMOTE_ADDR: 216.70.97.124
HTTP_REFERER: 
requested: array(5) {
  ["controller"] => string(8) "zenphoto"
  ["action"] => string(7) "zp-core"
  ["plugins"] => array(2) {
    [0] => string(8) "tiny_mce"
    [1] => string(15) "ajaxfilemanager"
  }
  ["jscripts"] => string(14) "for_tinymce.js"
  ["module"] => string(7) "default"
}


--------------------------------------------------------------------------------
2015-01-24T02:48:44+00:00 ERR (3) 404 Seite nicht gefunden
REMOTE_ADDR: 216.70.97.124
HTTP_REFERER: 
requested: array(5) {
  ["controller"] => string(2) "js"
  ["action"] => string(7) "tinymce"
  ["jscripts"] => array(2) {
    [0] => string(8) "tiny_mce"
    [1] => string(14) "for_tinymce.js"
  }
  ["plugins"] => string(15) "ajaxfilemanager"
  ["module"] => string(7) "default"
}


--------------------------------------------------------------------------------
2015-01-24T02:48:45+00:00 ERR (3) 404 Seite nicht gefunden
REMOTE_ADDR: 216.70.97.124
HTTP_REFERER: 
requested: array(5) {
  ["controller"] => string(12) "photogallery"
  ["action"] => string(7) "zp-core"
  ["plugins"] => array(2) {
    [0] => string(8) "tiny_mce"
    [1] => string(15) "ajaxfilemanager"
  }
  ["jscripts"] => string(14) "for_tinymce.js"
  ["module"] => string(7) "default"
}


--------------------------------------------------------------------------------
2015-01-24T02:48:45+00:00 ERR (3) 404 Seite nicht gefunden
REMOTE_ADDR: 216.70.97.124
HTTP_REFERER: 
requested: array(5) {
  ["controller"] => string(5) "photo"
  ["action"] => string(7) "zp-core"
  ["plugins"] => array(2) {
    [0] => string(8) "tiny_mce"
    [1] => string(15) "ajaxfilemanager"
  }
  ["jscripts"] => string(14) "for_tinymce.js"
  ["module"] => string(7) "default"
}


--------------------------------------------------------------------------------
2015-01-24T02:48:45+00:00 ERR (3) 404 Seite nicht gefunden
REMOTE_ADDR: 216.70.97.124
HTTP_REFERER: 
requested: array(6) {
  ["controller"] => string(6) "public"
  ["action"] => string(3) "cms"
  ["resources"] => string(8) "tiny_mce"
  ["plugins"] => string(15) "ajaxfilemanager"
  ["jscripts"] => string(14) "for_tinymce.js"
  ["module"] => string(7) "default"
}


--------------------------------------------------------------------------------
2015-01-24T02:48:46+00:00 ERR (3) 404 Seite nicht gefunden
REMOTE_ADDR: 216.70.97.124
HTTP_REFERER: 
requested: array(6) {
  ["controller"] => string(6) "assets"
  ["action"] => string(7) "plugins"
  ["tinymce"] => string(8) "jscripts"
  ["tiny_mce"] => string(7) "plugins"
  ["ajaxfilemanager"] => string(8) "jscripts"
  ["module"] => string(7) "default"
}


--------------------------------------------------------------------------------
2015-01-24T02:48:46+00:00 ERR (3) 404 Seite nicht gefunden
REMOTE_ADDR: 216.70.97.124
HTTP_REFERER: 
requested: array(5) {
  ["controller"] => string(8) "includes"
  ["action"] => string(8) "jscripts"
  ["tiny_mce"] => string(7) "plugins"
  ["ajaxfilemanager"] => string(8) "jscripts"
  ["module"] => string(7) "default"
}


--------------------------------------------------------------------------------
2015-01-24T02:48:46+00:00 ERR (3) 404 Seite nicht gefunden
REMOTE_ADDR: 216.70.97.124
HTTP_REFERER: 
requested: array(6) {
  ["controller"] => string(5) "sites"
  ["action"] => string(3) "all"
  ["libraries"] => string(7) "tinymce"
  ["jscripts"] => array(2) {
    [0] => string(8) "tiny_mce"
    [1] => string(14) "for_tinymce.js"
  }
  ["plugins"] => string(15) "ajaxfilemanager"
  ["module"] => string(7) "default"
}


--------------------------------------------------------------------------------
2015-01-24T02:48:47+00:00 ERR (3) 404 Seite nicht gefunden
REMOTE_ADDR: 216.70.97.124
HTTP_REFERER: 
requested: array(5) {
  ["controller"] => string(5) "media"
  ["action"] => string(2) "js"
  ["tiny_mce"] => string(7) "plugins"
  ["ajaxfilemanager"] => string(8) "jscripts"
  ["module"] => string(7) "default"
}


--------------------------------------------------------------------------------
2015-01-24T02:48:47+00:00 ERR (3) 404 Seite nicht gefunden
REMOTE_ADDR: 216.70.97.124
HTTP_REFERER: 
requested: array(6) {
  ["controller"] => string(7) "plugins"
  ["action"] => string(7) "editors"
  ["tinymce"] => string(8) "jscripts"
  ["tiny_mce"] => string(7) "plugins"
  ["ajaxfilemanager"] => string(8) "jscripts"
  ["module"] => string(7) "default"
}


--------------------------------------------------------------------------------
2015-01-24T02:48:47+00:00 ERR (3) 404 Seite nicht gefunden
REMOTE_ADDR: 216.70.97.124
HTTP_REFERER: 
requested: array(6) {
  ["controller"] => string(6) "assets"
  ["action"] => string(7) "plugins"
  ["tinymce212"] => string(8) "jscripts"
  ["tiny_mce"] => string(7) "plugins"
  ["ajaxfilemanager"] => string(8) "jscripts"
  ["module"] => string(7) "default"
}


--------------------------------------------------------------------------------
2015-01-24T02:48:48+00:00 ERR (3) 404 Seite nicht gefunden
REMOTE_ADDR: 216.70.97.124
HTTP_REFERER: 
requested: array(3) {
  ["controller"] => string(9) "uploadify"
  ["action"] => string(13) "uploadify.css"
  ["module"] => string(7) "default"
}


--------------------------------------------------------------------------------
2015-01-24T02:48:48+00:00 ERR (3) 404 Seite nicht gefunden
REMOTE_ADDR: 216.70.97.124
HTTP_REFERER: 
requested: array(3) {
  ["controller"] => string(4) "apps"
  ["action"] => string(9) "uploadify"
  ["module"] => string(7) "default"
}


--------------------------------------------------------------------------------
2015-01-24T02:48:48+00:00 ERR (3) 404 Seite nicht gefunden
REMOTE_ADDR: 216.70.97.124
HTTP_REFERER: 
requested: array(3) {
  ["controller"] => string(2) "js"
  ["action"] => string(9) "uploadify"
  ["module"] => string(7) "default"
}


--------------------------------------------------------------------------------
2015-01-24T02:48:49+00:00 ERR (3) 404 Seite nicht gefunden
REMOTE_ADDR: 216.70.97.124
HTTP_REFERER: 
requested: array(3) {
  ["controller"] => string(7) "scripts"
  ["action"] => string(9) "uploadify"
  ["module"] => string(7) "default"
}


--------------------------------------------------------------------------------
2015-01-24T02:48:49+00:00 ERR (3) 404 Seite nicht gefunden
REMOTE_ADDR: 216.70.97.124
HTTP_REFERER: 
requested: array(3) {
  ["controller"] => string(5) "admin"
  ["action"] => string(9) "uploadify"
  ["module"] => string(7) "default"
}


--------------------------------------------------------------------------------
2015-01-24T02:48:49+00:00 ERR (3) 404 Seite nicht gefunden
REMOTE_ADDR: 216.70.97.124
HTTP_REFERER: 
requested: array(4) {
  ["controller"] => string(5) "admin"
  ["action"] => string(7) "scripts"
  ["uploadify"] => string(13) "uploadify.css"
  ["module"] => string(7) "default"
}


--------------------------------------------------------------------------------
2015-01-24T02:48:50+00:00 ERR (3) 404 Seite nicht gefunden
REMOTE_ADDR: 216.70.97.124
HTTP_REFERER: 
requested: array(4) {
  ["controller"] => string(5) "admin"
  ["action"] => string(2) "js"
  ["uploadify"] => string(13) "uploadify.css"
  ["module"] => string(7) "default"
}


--------------------------------------------------------------------------------
2015-01-24T02:48:50+00:00 ERR (3) 404 Seite nicht gefunden
REMOTE_ADDR: 216.70.97.124
HTTP_REFERER: 
requested: array(3) {
  ["controller"] => string(8) "includes"
  ["action"] => string(9) "uploadify"
  ["module"] => string(7) "default"
}


--------------------------------------------------------------------------------
2015-01-24T02:48:50+00:00 ERR (3) 404 Seite nicht gefunden
REMOTE_ADDR: 216.70.97.124
HTTP_REFERER: 
requested: array(4) {
  ["controller"] => string(5) "admin"
  ["action"] => string(8) "includes"
  ["uploadify"] => string(13) "uploadify.css"
  ["module"] => string(7) "default"
}


--------------------------------------------------------------------------------
2015-01-24T02:48:51+00:00 ERR (3) 404 Seite nicht gefunden
REMOTE_ADDR: 216.70.97.124
HTTP_REFERER: 
requested: array(3) {
  ["controller"] => string(6) "upload"
  ["action"] => string(13) "uploadify.css"
  ["module"] => string(7) "default"
}


--------------------------------------------------------------------------------
2015-01-24T02:48:51+00:00 ERR (3) 404 Seite nicht gefunden
REMOTE_ADDR: 216.70.97.124
HTTP_REFERER: 
requested: array(4) {
  ["controller"] => string(5) "media"
  ["action"] => string(11) "filebrowser"
  ["uploadify"] => string(13) "uploadify.css"
  ["module"] => string(7) "default"
}


--------------------------------------------------------------------------------
2015-01-24T02:48:52+00:00 ERR (3) 404 Seite nicht gefunden
REMOTE_ADDR: 216.70.97.124
HTTP_REFERER: 
requested: array(3) {
  ["controller"] => string(2) "js"
  ["action"] => string(8) "uploader"
  ["module"] => string(7) "default"
}


--------------------------------------------------------------------------------
2015-01-24T02:48:52+00:00 ERR (3) 404 Seite nicht gefunden
REMOTE_ADDR: 216.70.97.124
HTTP_REFERER: 
requested: array(3) {
  ["controller"] => string(5) "admin"
  ["action"] => string(8) "uploader"
  ["module"] => string(7) "default"
}


--------------------------------------------------------------------------------
2015-01-24T02:48:52+00:00 ERR (3) 404 Seite nicht gefunden
REMOTE_ADDR: 216.70.97.124
HTTP_REFERER: 
requested: array(4) {
  ["controller"] => string(5) "admin"
  ["action"] => string(2) "js"
  ["uploader"] => string(13) "uploadify.css"
  ["module"] => string(7) "default"
}


--------------------------------------------------------------------------------
2015-01-24T02:48:53+00:00 ERR (3) 404 Seite nicht gefunden
REMOTE_ADDR: 216.70.97.124
HTTP_REFERER: 
requested: array(3) {
  ["controller"] => string(6) "static"
  ["action"] => string(9) "uploadify"
  ["module"] => string(7) "default"
}


--------------------------------------------------------------------------------
2015-01-24T02:48:53+00:00 ERR (3) 404 Seite nicht gefunden
REMOTE_ADDR: 216.70.97.124
HTTP_REFERER: 
requested: array(4) {
  ["controller"] => string(8) "includes"
  ["action"] => string(2) "js"
  ["plugins"] => string(9) "uploadify"
  ["module"] => string(7) "default"
}


--------------------------------------------------------------------------------
2015-01-24T02:48:53+00:00 ERR (3) 404 Seite nicht gefunden
REMOTE_ADDR: 216.70.97.124
HTTP_REFERER: 
requested: array(3) {
  ["controller"] => string(4) "core"
  ["action"] => string(9) "uploadify"
  ["module"] => string(7) "default"
}


--------------------------------------------------------------------------------
2015-01-24T02:48:54+00:00 ERR (3) 404 Seite nicht gefunden
REMOTE_ADDR: 216.70.97.124
HTTP_REFERER: 
requested: array(4) {
  ["controller"] => string(3) "inc"
  ["action"] => string(2) "js"
  ["uploadify"] => string(13) "uploadify.css"
  ["module"] => string(7) "default"
}


--------------------------------------------------------------------------------
2015-01-24T02:48:54+00:00 ERR (3) 404 Seite nicht gefunden
REMOTE_ADDR: 216.70.97.124
HTTP_REFERER: 
requested: array(3) {
  ["controller"] => string(6) "images"
  ["action"] => string(8) "uploader"
  ["module"] => string(7) "default"
}


--------------------------------------------------------------------------------
2015-01-24T02:48:54+00:00 ERR (3) 404 Seite nicht gefunden
REMOTE_ADDR: 216.70.97.124
HTTP_REFERER: 
requested: array(4) {
  ["controller"] => string(5) "admin"
  ["action"] => string(11) "filebrowser"
  ["uploadify"] => string(13) "uploadify.css"
  ["module"] => string(7) "default"
}


--------------------------------------------------------------------------------
2015-01-24T02:48:55+00:00 ERR (3) 404 Seite nicht gefunden
REMOTE_ADDR: 216.70.97.124
HTTP_REFERER: 
requested: array(3) {
  ["controller"] => string(6) "assets"
  ["action"] => string(9) "uploadify"
  ["module"] => string(7) "default"
}


--------------------------------------------------------------------------------
2015-01-24T02:48:55+00:00 ERR (3) 404 Seite nicht gefunden
REMOTE_ADDR: 216.70.97.124
HTTP_REFERER: 
requested: array(4) {
  ["controller"] => string(6) "public"
  ["action"] => string(2) "js"
  ["uploadify"] => string(13) "uploadify.css"
  ["module"] => string(7) "default"
}


--------------------------------------------------------------------------------
2015-01-24T02:48:55+00:00 ERR (3) 404 Seite nicht gefunden
REMOTE_ADDR: 216.70.97.124
HTTP_REFERER: 
requested: array(3) {
  ["controller"] => string(5) "media"
  ["action"] => string(9) "uploadify"
  ["module"] => string(7) "default"
}


--------------------------------------------------------------------------------
2015-01-24T02:48:56+00:00 ERR (3) 404 Seite nicht gefunden
REMOTE_ADDR: 216.70.97.124
HTTP_REFERER: 
requested: array(4) {
  ["controller"] => string(2) "js"
  ["action"] => string(6) "jquery"
  ["plugins"] => string(9) "uploadify"
  ["module"] => string(7) "default"
}


--------------------------------------------------------------------------------
2015-01-24T02:48:56+00:00 ERR (3) 404 Seite nicht gefunden
REMOTE_ADDR: 216.70.97.124
HTTP_REFERER: 
requested: array(4) {
  ["controller"] => string(2) "js"
  ["action"] => string(6) "jquery"
  ["uploadify"] => string(13) "uploadify.css"
  ["module"] => string(7) "default"
}


--------------------------------------------------------------------------------
2015-01-24T02:48:56+00:00 ERR (3) 404 Seite nicht gefunden
REMOTE_ADDR: 216.70.97.124
HTTP_REFERER: 
requested: array(3) {
  ["controller"] => string(5) "magmi"
  ["action"] => string(3) "web"
  ["module"] => string(7) "default"
}


--------------------------------------------------------------------------------
2015-01-24T20:38:14+00:00 ERR (3) 404 Seite nicht gefunden
REMOTE_ADDR: 87.206.240.230
HTTP_REFERER: http://graphicore.de/forum
requested: array(3) {
  ["controller"] => string(5) "forum"
  ["action"] => string(5) "index"
  ["module"] => string(7) "default"
}


--------------------------------------------------------------------------------
2015-01-24T21:12:36+00:00 ERR (3) 404 "hire-lasse" was not found.
REMOTE_ADDR: 81.30.151.220
HTTP_REFERER: 
requested: array(5) {
  ["lang"] => string(2) "en"
  ["action"] => string(4) "page"
  ["key"] => string(10) "hire-lasse"
  ["module"] => string(7) "default"
  ["controller"] => string(5) "index"
}


--------------------------------------------------------------------------------
2015-01-24T23:07:35+00:00 ERR (3) 404 Seite nicht gefunden
REMOTE_ADDR: 66.249.65.131
HTTP_REFERER: 
requested: array(4) {
  ["controller"] => string(5) "diary"
  ["action"] => string(29) "tag:graphicore.de,2013-01-31:"
  ["diary"] => string(27) "20130131135955510a78db3e0d6"
  ["module"] => string(7) "default"
}


--------------------------------------------------------------------------------
2015-01-24T23:12:32+00:00 ERR (3) 404 Seite nicht gefunden
REMOTE_ADDR: 66.249.65.131
HTTP_REFERER: 
requested: array(4) {
  ["controller"] => string(5) "diary"
  ["action"] => string(29) "tag:graphicore.de,2012-09-02:"
  ["diary"] => string(27) "201209021920375043b185ef245"
  ["module"] => string(7) "default"
}


--------------------------------------------------------------------------------
