2019-08-28T02:43:12+00:00 ERR (3) 404 "story" was not found.
REMOTE_ADDR: 40.77.167.127
HTTP_REFERER: 
requested: array(6) {
  ["lang"] => string(2) "de"
  ["action"] => string(5) "index"
  ["key"] => string(5) "story"
  ["intern"] => string(7) "kontakt"
  ["module"] => string(7) "default"
  ["controller"] => string(5) "index"
}


--------------------------------------------------------------------------------
2019-08-28T05:52:06+00:00 ERR (3) 404 Seite nicht gefunden
REMOTE_ADDR: 66.42.117.184
HTTP_REFERER: 
requested: array(3) {
  ["controller"] => string(9) "wordpress"
  ["action"] => string(5) "index"
  ["module"] => string(7) "default"
}


--------------------------------------------------------------------------------
2019-08-28T05:52:07+00:00 ERR (3) 404 Seite nicht gefunden
REMOTE_ADDR: 66.42.117.184
HTTP_REFERER: 
requested: array(3) {
  ["controller"] => string(2) "wp"
  ["action"] => string(5) "index"
  ["module"] => string(7) "default"
}


--------------------------------------------------------------------------------
2019-08-28T05:52:08+00:00 ERR (3) 404 Seite nicht gefunden
REMOTE_ADDR: 66.42.117.184
HTTP_REFERER: 
requested: array(3) {
  ["controller"] => string(4) "blog"
  ["action"] => string(5) "index"
  ["module"] => string(7) "default"
}


--------------------------------------------------------------------------------
2019-08-28T05:52:08+00:00 ERR (3) 404 Seite nicht gefunden
REMOTE_ADDR: 66.42.117.184
HTTP_REFERER: 
requested: array(3) {
  ["controller"] => string(3) "new"
  ["action"] => string(5) "index"
  ["module"] => string(7) "default"
}


--------------------------------------------------------------------------------
2019-08-28T05:52:10+00:00 ERR (3) 404 Seite nicht gefunden
REMOTE_ADDR: 66.42.117.184
HTTP_REFERER: 
requested: array(3) {
  ["controller"] => string(3) "old"
  ["action"] => string(5) "index"
  ["module"] => string(7) "default"
}


--------------------------------------------------------------------------------
2019-08-28T05:52:11+00:00 ERR (3) 404 Seite nicht gefunden
REMOTE_ADDR: 66.42.117.184
HTTP_REFERER: 
requested: array(3) {
  ["controller"] => string(4) "test"
  ["action"] => string(5) "index"
  ["module"] => string(7) "default"
}


--------------------------------------------------------------------------------
2019-08-28T05:52:12+00:00 ERR (3) 404 Seite nicht gefunden
REMOTE_ADDR: 66.42.117.184
HTTP_REFERER: 
requested: array(3) {
  ["controller"] => string(4) "main"
  ["action"] => string(5) "index"
  ["module"] => string(7) "default"
}


--------------------------------------------------------------------------------
2019-08-28T05:52:13+00:00 ERR (3) 404 Seite nicht gefunden
REMOTE_ADDR: 66.42.117.184
HTTP_REFERER: 
requested: array(3) {
  ["controller"] => string(4) "site"
  ["action"] => string(5) "index"
  ["module"] => string(7) "default"
}


--------------------------------------------------------------------------------
2019-08-28T05:52:13+00:00 ERR (3) 404 Seite nicht gefunden
REMOTE_ADDR: 66.42.117.184
HTTP_REFERER: 
requested: array(3) {
  ["controller"] => string(6) "backup"
  ["action"] => string(5) "index"
  ["module"] => string(7) "default"
}


--------------------------------------------------------------------------------
2019-08-28T05:52:15+00:00 ERR (3) 404 Seite nicht gefunden
REMOTE_ADDR: 66.42.117.184
HTTP_REFERER: 
requested: array(3) {
  ["controller"] => string(4) "demo"
  ["action"] => string(5) "index"
  ["module"] => string(7) "default"
}


--------------------------------------------------------------------------------
2019-08-28T05:52:20+00:00 ERR (3) 404 Seite nicht gefunden
REMOTE_ADDR: 66.42.117.184
HTTP_REFERER: 
requested: array(3) {
  ["controller"] => string(4) "home"
  ["action"] => string(5) "index"
  ["module"] => string(7) "default"
}


--------------------------------------------------------------------------------
2019-08-28T05:52:21+00:00 ERR (3) 404 Seite nicht gefunden
REMOTE_ADDR: 66.42.117.184
HTTP_REFERER: 
requested: array(3) {
  ["controller"] => string(3) "tmp"
  ["action"] => string(5) "index"
  ["module"] => string(7) "default"
}


--------------------------------------------------------------------------------
2019-08-28T05:52:22+00:00 ERR (3) 404 Seite nicht gefunden
REMOTE_ADDR: 66.42.117.184
HTTP_REFERER: 
requested: array(3) {
  ["controller"] => string(3) "cms"
  ["action"] => string(5) "index"
  ["module"] => string(7) "default"
}


--------------------------------------------------------------------------------
2019-08-28T05:52:23+00:00 ERR (3) 404 Seite nicht gefunden
REMOTE_ADDR: 66.42.117.184
HTTP_REFERER: 
requested: array(3) {
  ["controller"] => string(3) "dev"
  ["action"] => string(5) "index"
  ["module"] => string(7) "default"
}


--------------------------------------------------------------------------------
2019-08-28T05:52:23+00:00 ERR (3) 404 Seite nicht gefunden
REMOTE_ADDR: 66.42.117.184
HTTP_REFERER: 
requested: array(3) {
  ["controller"] => string(6) "portal"
  ["action"] => string(5) "index"
  ["module"] => string(7) "default"
}


--------------------------------------------------------------------------------
2019-08-28T05:52:24+00:00 ERR (3) 404 Seite nicht gefunden
REMOTE_ADDR: 66.42.117.184
HTTP_REFERER: 
requested: array(3) {
  ["controller"] => string(3) "web"
  ["action"] => string(5) "index"
  ["module"] => string(7) "default"
}


--------------------------------------------------------------------------------
2019-08-28T05:52:25+00:00 ERR (3) 404 Seite nicht gefunden
REMOTE_ADDR: 66.42.117.184
HTTP_REFERER: 
requested: array(3) {
  ["controller"] => string(4) "temp"
  ["action"] => string(5) "index"
  ["module"] => string(7) "default"
}


--------------------------------------------------------------------------------
2019-08-28T15:45:58+00:00 ERR (3) 404 Seite nicht gefunden
REMOTE_ADDR: 66.42.117.184
HTTP_REFERER: 
requested: array(3) {
  ["controller"] => string(9) "wordpress"
  ["action"] => string(5) "index"
  ["module"] => string(7) "default"
}


--------------------------------------------------------------------------------
2019-08-28T15:46:01+00:00 ERR (3) 404 Seite nicht gefunden
REMOTE_ADDR: 66.42.117.184
HTTP_REFERER: 
requested: array(3) {
  ["controller"] => string(2) "wp"
  ["action"] => string(5) "index"
  ["module"] => string(7) "default"
}


--------------------------------------------------------------------------------
2019-08-28T15:46:02+00:00 ERR (3) 404 Seite nicht gefunden
REMOTE_ADDR: 66.42.117.184
HTTP_REFERER: 
requested: array(3) {
  ["controller"] => string(4) "blog"
  ["action"] => string(5) "index"
  ["module"] => string(7) "default"
}


--------------------------------------------------------------------------------
2019-08-28T15:46:04+00:00 ERR (3) 404 Seite nicht gefunden
REMOTE_ADDR: 66.42.117.184
HTTP_REFERER: 
requested: array(3) {
  ["controller"] => string(3) "new"
  ["action"] => string(5) "index"
  ["module"] => string(7) "default"
}


--------------------------------------------------------------------------------
2019-08-28T15:46:06+00:00 ERR (3) 404 Seite nicht gefunden
REMOTE_ADDR: 66.42.117.184
HTTP_REFERER: 
requested: array(3) {
  ["controller"] => string(3) "old"
  ["action"] => string(5) "index"
  ["module"] => string(7) "default"
}


--------------------------------------------------------------------------------
2019-08-28T15:46:07+00:00 ERR (3) 404 Seite nicht gefunden
REMOTE_ADDR: 66.42.117.184
HTTP_REFERER: 
requested: array(3) {
  ["controller"] => string(4) "test"
  ["action"] => string(5) "index"
  ["module"] => string(7) "default"
}


--------------------------------------------------------------------------------
2019-08-28T15:46:08+00:00 ERR (3) 404 Seite nicht gefunden
REMOTE_ADDR: 66.42.117.184
HTTP_REFERER: 
requested: array(3) {
  ["controller"] => string(4) "main"
  ["action"] => string(5) "index"
  ["module"] => string(7) "default"
}


--------------------------------------------------------------------------------
2019-08-28T15:46:09+00:00 ERR (3) 404 Seite nicht gefunden
REMOTE_ADDR: 66.42.117.184
HTTP_REFERER: 
requested: array(3) {
  ["controller"] => string(4) "site"
  ["action"] => string(5) "index"
  ["module"] => string(7) "default"
}


--------------------------------------------------------------------------------
2019-08-28T15:46:09+00:00 ERR (3) 404 Seite nicht gefunden
REMOTE_ADDR: 66.42.117.184
HTTP_REFERER: 
requested: array(3) {
  ["controller"] => string(6) "backup"
  ["action"] => string(5) "index"
  ["module"] => string(7) "default"
}


--------------------------------------------------------------------------------
2019-08-28T15:46:11+00:00 ERR (3) 404 Seite nicht gefunden
REMOTE_ADDR: 66.42.117.184
HTTP_REFERER: 
requested: array(3) {
  ["controller"] => string(4) "demo"
  ["action"] => string(5) "index"
  ["module"] => string(7) "default"
}


--------------------------------------------------------------------------------
2019-08-28T15:46:12+00:00 ERR (3) 404 Seite nicht gefunden
REMOTE_ADDR: 66.42.117.184
HTTP_REFERER: 
requested: array(3) {
  ["controller"] => string(4) "home"
  ["action"] => string(5) "index"
  ["module"] => string(7) "default"
}


--------------------------------------------------------------------------------
2019-08-28T15:46:13+00:00 ERR (3) 404 Seite nicht gefunden
REMOTE_ADDR: 66.42.117.184
HTTP_REFERER: 
requested: array(3) {
  ["controller"] => string(3) "tmp"
  ["action"] => string(5) "index"
  ["module"] => string(7) "default"
}


--------------------------------------------------------------------------------
2019-08-28T15:46:14+00:00 ERR (3) 404 Seite nicht gefunden
REMOTE_ADDR: 66.42.117.184
HTTP_REFERER: 
requested: array(3) {
  ["controller"] => string(3) "cms"
  ["action"] => string(5) "index"
  ["module"] => string(7) "default"
}


--------------------------------------------------------------------------------
2019-08-28T15:46:15+00:00 ERR (3) 404 Seite nicht gefunden
REMOTE_ADDR: 66.42.117.184
HTTP_REFERER: 
requested: array(3) {
  ["controller"] => string(3) "dev"
  ["action"] => string(5) "index"
  ["module"] => string(7) "default"
}


--------------------------------------------------------------------------------
2019-08-28T15:46:17+00:00 ERR (3) 404 Seite nicht gefunden
REMOTE_ADDR: 66.42.117.184
HTTP_REFERER: 
requested: array(3) {
  ["controller"] => string(6) "portal"
  ["action"] => string(5) "index"
  ["module"] => string(7) "default"
}


--------------------------------------------------------------------------------
2019-08-28T15:46:18+00:00 ERR (3) 404 Seite nicht gefunden
REMOTE_ADDR: 66.42.117.184
HTTP_REFERER: 
requested: array(3) {
  ["controller"] => string(3) "web"
  ["action"] => string(5) "index"
  ["module"] => string(7) "default"
}


--------------------------------------------------------------------------------
2019-08-28T15:46:20+00:00 ERR (3) 404 Seite nicht gefunden
REMOTE_ADDR: 66.42.117.184
HTTP_REFERER: 
requested: array(3) {
  ["controller"] => string(4) "temp"
  ["action"] => string(5) "index"
  ["module"] => string(7) "default"
}


--------------------------------------------------------------------------------
