2019-01-13T01:29:25+00:00 ERR (3) 404 "" was not found.
REMOTE_ADDR: 134.249.55.222
HTTP_REFERER: https://tamada69.com/
requested: array(5) {
  ["lang"] => string(2) "en"
  ["action"] => string(7) "archive"
  ["module"] => string(7) "default"
  ["controller"] => string(5) "index"
  ["key"] => string(0) ""
}


--------------------------------------------------------------------------------
2019-01-13T01:29:25+00:00 ERR (3) 404 "" was not found.
REMOTE_ADDR: 134.249.55.222
HTTP_REFERER: https://tamada69.com/
requested: array(5) {
  ["lang"] => string(2) "en"
  ["action"] => string(7) "archive"
  ["module"] => string(7) "default"
  ["controller"] => string(5) "index"
  ["key"] => string(0) ""
}


--------------------------------------------------------------------------------
2019-01-13T01:29:26+00:00 ERR (3) 404 "" was not found.
REMOTE_ADDR: 134.249.55.222
HTTP_REFERER: https://tamada69.com/
requested: array(5) {
  ["lang"] => string(2) "en"
  ["action"] => string(7) "archive"
  ["module"] => string(7) "default"
  ["controller"] => string(5) "index"
  ["key"] => string(0) ""
}


--------------------------------------------------------------------------------
2019-01-13T06:18:05+00:00 ERR (3) 404 Seite nicht gefunden
REMOTE_ADDR: 31.131.249.217
HTTP_REFERER: http://graphicore.de/forum/
requested: array(3) {
  ["controller"] => string(5) "forum"
  ["action"] => string(5) "index"
  ["module"] => string(7) "default"
}


--------------------------------------------------------------------------------
2019-01-13T07:52:33+00:00 ERR (3) 404 Seite nicht gefunden
REMOTE_ADDR: 172.111.129.56
HTTP_REFERER: 
requested: array(3) {
  ["controller"] => string(6) "https:"
  ["action"] => string(19) "silber-und-blei.com"
  ["module"] => string(7) "default"
}


--------------------------------------------------------------------------------
2019-01-13T08:57:14+00:00 ERR (3) 404 Seite nicht gefunden
REMOTE_ADDR: 172.111.129.56
HTTP_REFERER: 
requested: array(4) {
  ["controller"] => string(6) "https:"
  [""] => string(19) "silber-und-blei.com"
  ["action"] => string(5) "index"
  ["module"] => string(7) "default"
}


--------------------------------------------------------------------------------
2019-01-13T08:59:43+00:00 ERR (3) 404 "" was not found.
REMOTE_ADDR: 134.249.55.222
HTTP_REFERER: https://engpoetry.com/
requested: array(5) {
  ["lang"] => string(2) "en"
  ["action"] => string(7) "archive"
  ["module"] => string(7) "default"
  ["controller"] => string(5) "index"
  ["key"] => string(0) ""
}


--------------------------------------------------------------------------------
2019-01-13T08:59:43+00:00 ERR (3) 404 "" was not found.
REMOTE_ADDR: 134.249.55.222
HTTP_REFERER: https://porndl.org/
requested: array(5) {
  ["lang"] => string(2) "en"
  ["action"] => string(7) "archive"
  ["module"] => string(7) "default"
  ["controller"] => string(5) "index"
  ["key"] => string(0) ""
}


--------------------------------------------------------------------------------
2019-01-13T08:59:43+00:00 ERR (3) 404 "" was not found.
REMOTE_ADDR: 134.249.55.222
HTTP_REFERER: https://porndl.org/
requested: array(5) {
  ["lang"] => string(2) "en"
  ["action"] => string(7) "archive"
  ["module"] => string(7) "default"
  ["controller"] => string(5) "index"
  ["key"] => string(0) ""
}


--------------------------------------------------------------------------------
2019-01-13T08:59:43+00:00 ERR (3) 404 "" was not found.
REMOTE_ADDR: 134.249.55.222
HTTP_REFERER: https://engpoetry.com/
requested: array(5) {
  ["lang"] => string(2) "en"
  ["action"] => string(7) "archive"
  ["module"] => string(7) "default"
  ["controller"] => string(5) "index"
  ["key"] => string(0) ""
}


--------------------------------------------------------------------------------
2019-01-13T08:59:44+00:00 ERR (3) 404 "" was not found.
REMOTE_ADDR: 134.249.55.222
HTTP_REFERER: https://engpoetry.com/
requested: array(5) {
  ["lang"] => string(2) "en"
  ["action"] => string(7) "archive"
  ["module"] => string(7) "default"
  ["controller"] => string(5) "index"
  ["key"] => string(0) ""
}


--------------------------------------------------------------------------------
2019-01-13T08:59:44+00:00 ERR (3) 404 "" was not found.
REMOTE_ADDR: 134.249.55.222
HTTP_REFERER: https://porndl.org/
requested: array(5) {
  ["lang"] => string(2) "en"
  ["action"] => string(7) "archive"
  ["module"] => string(7) "default"
  ["controller"] => string(5) "index"
  ["key"] => string(0) ""
}


--------------------------------------------------------------------------------
2019-01-13T10:15:28+00:00 ERR (3) 404 "" was not found.
REMOTE_ADDR: 134.249.55.222
HTTP_REFERER: https://zagadki.in.ua/
requested: array(5) {
  ["lang"] => string(2) "en"
  ["action"] => string(7) "archive"
  ["module"] => string(7) "default"
  ["controller"] => string(5) "index"
  ["key"] => string(0) ""
}


--------------------------------------------------------------------------------
2019-01-13T10:15:28+00:00 ERR (3) 404 "" was not found.
REMOTE_ADDR: 134.249.55.222
HTTP_REFERER: https://zagadki.in.ua/
requested: array(5) {
  ["lang"] => string(2) "en"
  ["action"] => string(7) "archive"
  ["module"] => string(7) "default"
  ["controller"] => string(5) "index"
  ["key"] => string(0) ""
}


--------------------------------------------------------------------------------
2019-01-13T10:15:29+00:00 ERR (3) 404 "" was not found.
REMOTE_ADDR: 134.249.55.222
HTTP_REFERER: https://zagadki.in.ua/
requested: array(5) {
  ["lang"] => string(2) "en"
  ["action"] => string(7) "archive"
  ["module"] => string(7) "default"
  ["controller"] => string(5) "index"
  ["key"] => string(0) ""
}


--------------------------------------------------------------------------------
2019-01-13T14:17:33+00:00 ERR (3) 404 "" was not found.
REMOTE_ADDR: 134.249.52.146
HTTP_REFERER: https://kazlenta.kz/
requested: array(5) {
  ["lang"] => string(2) "en"
  ["action"] => string(7) "archive"
  ["module"] => string(7) "default"
  ["controller"] => string(5) "index"
  ["key"] => string(0) ""
}


--------------------------------------------------------------------------------
2019-01-13T14:17:34+00:00 ERR (3) 404 "" was not found.
REMOTE_ADDR: 134.249.52.146
HTTP_REFERER: https://kazlenta.kz/
requested: array(5) {
  ["lang"] => string(2) "en"
  ["action"] => string(7) "archive"
  ["module"] => string(7) "default"
  ["controller"] => string(5) "index"
  ["key"] => string(0) ""
}


--------------------------------------------------------------------------------
2019-01-13T14:17:34+00:00 ERR (3) 404 "" was not found.
REMOTE_ADDR: 134.249.52.146
HTTP_REFERER: https://kazlenta.kz/
requested: array(5) {
  ["lang"] => string(2) "en"
  ["action"] => string(7) "archive"
  ["module"] => string(7) "default"
  ["controller"] => string(5) "index"
  ["key"] => string(0) ""
}


--------------------------------------------------------------------------------
2019-01-13T14:23:57+00:00 ERR (3) 404 "competences" was not found.
REMOTE_ADDR: 23.237.4.26
HTTP_REFERER: 
requested: array(5) {
  ["lang"] => string(2) "de"
  ["action"] => string(4) "page"
  ["key"] => string(11) "competences"
  ["module"] => string(7) "default"
  ["controller"] => string(5) "index"
}


--------------------------------------------------------------------------------
2019-01-13T14:24:02+00:00 ERR (3) 404 "hire-lasse" was not found.
REMOTE_ADDR: 23.237.4.26
HTTP_REFERER: 
requested: array(5) {
  ["lang"] => string(2) "de"
  ["action"] => string(4) "page"
  ["key"] => string(10) "hire-lasse"
  ["module"] => string(7) "default"
  ["controller"] => string(5) "index"
}


--------------------------------------------------------------------------------
2019-01-13T14:24:43+00:00 ERR (3) 404 "competences" was not found.
REMOTE_ADDR: 23.237.4.26
HTTP_REFERER: 
requested: array(5) {
  ["lang"] => string(2) "en"
  ["action"] => string(4) "page"
  ["key"] => string(11) "competences"
  ["module"] => string(7) "default"
  ["controller"] => string(5) "index"
}


--------------------------------------------------------------------------------
2019-01-13T14:24:46+00:00 ERR (3) 404 "hire-lasse" was not found.
REMOTE_ADDR: 23.237.4.26
HTTP_REFERER: 
requested: array(5) {
  ["lang"] => string(2) "en"
  ["action"] => string(4) "page"
  ["key"] => string(10) "hire-lasse"
  ["module"] => string(7) "default"
  ["controller"] => string(5) "index"
}


--------------------------------------------------------------------------------
2019-01-13T14:55:14+00:00 ERR (3) 404 Page not found
REMOTE_ADDR: 122.49.28.47
HTTP_REFERER: 
requested: array(3) {
  ["controller"] => string(6) "manage"
  ["action"] => string(21) "ftb.imagegallery.aspx"
  ["module"] => string(7) "default"
}


--------------------------------------------------------------------------------
2019-01-13T14:55:50+00:00 ERR (3) 404 Page not found
REMOTE_ADDR: 122.49.28.47
HTTP_REFERER: 
requested: array(3) {
  ["controller"] => string(6) "manage"
  ["action"] => string(21) "ftb.imagegallery.aspx"
  ["module"] => string(7) "default"
}


--------------------------------------------------------------------------------
2019-01-13T14:56:33+00:00 ERR (3) 404 Page not found
REMOTE_ADDR: 122.49.28.47
HTTP_REFERER: 
requested: array(3) {
  ["controller"] => string(6) "manage"
  ["action"] => string(21) "ftb.imagegallery.aspx"
  ["module"] => string(7) "default"
}


--------------------------------------------------------------------------------
2019-01-13T15:40:35+00:00 ERR (3) 404 Seite nicht gefunden
REMOTE_ADDR: 92.222.124.2
HTTP_REFERER: 
requested: array(3) {
  ["controller"] => string(6) "https:"
  ["action"] => string(19) "silber-und-blei.com"
  ["module"] => string(7) "default"
}


--------------------------------------------------------------------------------
2019-01-13T15:41:29+00:00 ERR (3) 404 Page not found
REMOTE_ADDR: 92.222.124.2
HTTP_REFERER: 
requested: array(5) {
  ["lang"] => string(2) "en"
  ["action"] => string(6) "https:"
  ["key"] => string(19) "silber-und-blei.com"
  ["module"] => string(7) "default"
  ["controller"] => string(5) "index"
}


--------------------------------------------------------------------------------
2019-01-13T15:41:43+00:00 ERR (3) 404 "hire-lasse" was not found.
REMOTE_ADDR: 92.222.124.2
HTTP_REFERER: 
requested: array(5) {
  ["lang"] => string(2) "de"
  ["action"] => string(4) "page"
  ["key"] => string(10) "hire-lasse"
  ["module"] => string(7) "default"
  ["controller"] => string(5) "index"
}


--------------------------------------------------------------------------------
2019-01-13T15:41:54+00:00 ERR (3) 404 "competences" was not found.
REMOTE_ADDR: 92.222.124.2
HTTP_REFERER: 
requested: array(5) {
  ["lang"] => string(2) "de"
  ["action"] => string(4) "page"
  ["key"] => string(11) "competences"
  ["module"] => string(7) "default"
  ["controller"] => string(5) "index"
}


--------------------------------------------------------------------------------
2019-01-13T15:41:54+00:00 ERR (3) 404 "hire-lasse" was not found.
REMOTE_ADDR: 92.222.124.2
HTTP_REFERER: 
requested: array(5) {
  ["lang"] => string(2) "en"
  ["action"] => string(4) "page"
  ["key"] => string(10) "hire-lasse"
  ["module"] => string(7) "default"
  ["controller"] => string(5) "index"
}


--------------------------------------------------------------------------------
2019-01-13T15:41:55+00:00 ERR (3) 404 "competences" was not found.
REMOTE_ADDR: 92.222.124.2
HTTP_REFERER: 
requested: array(5) {
  ["lang"] => string(2) "en"
  ["action"] => string(4) "page"
  ["key"] => string(11) "competences"
  ["module"] => string(7) "default"
  ["controller"] => string(5) "index"
}


--------------------------------------------------------------------------------
2019-01-13T15:42:02+00:00 ERR (3) 404 Seite nicht gefunden
REMOTE_ADDR: 92.222.124.2
HTTP_REFERER: 
requested: array(4) {
  ["controller"] => string(6) "https:"
  ["action"] => string(19) "silber-und-blei.com"
  ["galerie"] => string(5) "embed"
  ["module"] => string(7) "default"
}


--------------------------------------------------------------------------------
2019-01-13T15:42:09+00:00 ERR (3) 404 "hire-lasse" was not found.
REMOTE_ADDR: 92.222.124.2
HTTP_REFERER: 
requested: array(6) {
  ["lang"] => string(2) "de"
  ["action"] => string(4) "page"
  ["key"] => string(10) "hire-lasse"
  ["https:"] => string(19) "silber-und-blei.com"
  ["module"] => string(7) "default"
  ["controller"] => string(5) "index"
}


--------------------------------------------------------------------------------
2019-01-13T15:42:10+00:00 ERR (3) 404 "competences" was not found.
REMOTE_ADDR: 92.222.124.2
HTTP_REFERER: 
requested: array(6) {
  ["lang"] => string(2) "de"
  ["action"] => string(4) "page"
  ["key"] => string(11) "competences"
  ["https:"] => string(19) "silber-und-blei.com"
  ["module"] => string(7) "default"
  ["controller"] => string(5) "index"
}


--------------------------------------------------------------------------------
2019-01-13T15:42:11+00:00 ERR (3) 404 "competences" was not found.
REMOTE_ADDR: 92.222.124.2
HTTP_REFERER: 
requested: array(6) {
  ["lang"] => string(2) "en"
  ["action"] => string(4) "page"
  ["key"] => string(11) "competences"
  ["https:"] => string(19) "silber-und-blei.com"
  ["module"] => string(7) "default"
  ["controller"] => string(5) "index"
}


--------------------------------------------------------------------------------
2019-01-13T15:42:17+00:00 ERR (3) 404 "hire-lasse" was not found.
REMOTE_ADDR: 92.222.124.2
HTTP_REFERER: 
requested: array(6) {
  ["lang"] => string(2) "en"
  ["action"] => string(4) "page"
  ["key"] => string(10) "hire-lasse"
  ["https:"] => string(10) "python.org"
  ["module"] => string(7) "default"
  ["controller"] => string(5) "index"
}


--------------------------------------------------------------------------------
2019-01-13T15:42:20+00:00 ERR (3) 404 "competences" was not found.
REMOTE_ADDR: 92.222.124.2
HTTP_REFERER: 
requested: array(6) {
  ["lang"] => string(2) "en"
  ["action"] => string(4) "page"
  ["key"] => string(11) "competences"
  ["https:"] => string(10) "python.org"
  ["module"] => string(7) "default"
  ["controller"] => string(5) "index"
}


--------------------------------------------------------------------------------
2019-01-13T15:42:20+00:00 ERR (3) 404 "competences" was not found.
REMOTE_ADDR: 92.222.124.2
HTTP_REFERER: 
requested: array(6) {
  ["lang"] => string(2) "de"
  ["action"] => string(4) "page"
  ["key"] => string(11) "competences"
  ["https:"] => string(10) "python.org"
  ["module"] => string(7) "default"
  ["controller"] => string(5) "index"
}


--------------------------------------------------------------------------------
2019-01-13T15:42:22+00:00 ERR (3) 404 "hire-lasse" was not found.
REMOTE_ADDR: 92.222.124.2
HTTP_REFERER: 
requested: array(6) {
  ["lang"] => string(2) "en"
  ["action"] => string(4) "page"
  ["key"] => string(10) "hire-lasse"
  ["https:"] => string(19) "silber-und-blei.com"
  ["module"] => string(7) "default"
  ["controller"] => string(5) "index"
}


--------------------------------------------------------------------------------
2019-01-13T15:42:24+00:00 ERR (3) 404 Page not found
REMOTE_ADDR: 92.222.124.2
HTTP_REFERER: 
requested: array(6) {
  ["lang"] => string(2) "en"
  ["action"] => string(6) "https:"
  ["key"] => string(19) "silber-und-blei.com"
  ["galerie"] => string(5) "embed"
  ["module"] => string(7) "default"
  ["controller"] => string(5) "index"
}


--------------------------------------------------------------------------------
2019-01-13T15:42:31+00:00 ERR (3) 404 Seite nicht gefunden
REMOTE_ADDR: 92.222.124.2
HTTP_REFERER: 
requested: array(5) {
  ["controller"] => string(19) "ajax.googleapis.com"
  ["action"] => string(4) "ajax"
  ["libs"] => string(4) "dojo"
  ["1.8.3"] => string(4) "dojo"
  ["module"] => string(7) "default"
}


--------------------------------------------------------------------------------
2019-01-13T15:42:36+00:00 ERR (3) 404 "hire-lasse" was not found.
REMOTE_ADDR: 92.222.124.2
HTTP_REFERER: 
requested: array(6) {
  ["lang"] => string(2) "de"
  ["action"] => string(4) "page"
  ["key"] => string(10) "hire-lasse"
  ["https:"] => string(21) "developers.google.com"
  ["module"] => string(7) "default"
  ["controller"] => string(5) "index"
}


--------------------------------------------------------------------------------
2019-01-13T15:42:38+00:00 ERR (3) 404 "competences" was not found.
REMOTE_ADDR: 92.222.124.2
HTTP_REFERER: 
requested: array(6) {
  ["lang"] => string(2) "de"
  ["action"] => string(4) "page"
  ["key"] => string(11) "competences"
  ["https:"] => string(21) "developers.google.com"
  ["module"] => string(7) "default"
  ["controller"] => string(5) "index"
}


--------------------------------------------------------------------------------
2019-01-13T15:42:39+00:00 ERR (3) 404 "competences" was not found.
REMOTE_ADDR: 92.222.124.2
HTTP_REFERER: 
requested: array(6) {
  ["lang"] => string(2) "en"
  ["action"] => string(4) "page"
  ["key"] => string(11) "competences"
  ["https:"] => string(21) "developers.google.com"
  ["module"] => string(7) "default"
  ["controller"] => string(5) "index"
}


--------------------------------------------------------------------------------
2019-01-13T15:42:42+00:00 ERR (3) 404 "hire-lasse" was not found.
REMOTE_ADDR: 92.222.124.2
HTTP_REFERER: 
requested: array(7) {
  ["lang"] => string(2) "de"
  ["action"] => string(4) "page"
  ["key"] => string(10) "hire-lasse"
  ["https:"] => string(10) "github.com"
  ["jrburke"] => string(4) "r.js"
  ["module"] => string(7) "default"
  ["controller"] => string(5) "index"
}


--------------------------------------------------------------------------------
2019-01-13T15:42:44+00:00 ERR (3) 404 "competences" was not found.
REMOTE_ADDR: 92.222.124.2
HTTP_REFERER: 
requested: array(7) {
  ["lang"] => string(2) "de"
  ["action"] => string(4) "page"
  ["key"] => string(11) "competences"
  ["https:"] => string(10) "github.com"
  ["jrburke"] => string(4) "r.js"
  ["module"] => string(7) "default"
  ["controller"] => string(5) "index"
}


--------------------------------------------------------------------------------
2019-01-13T15:42:45+00:00 ERR (3) 404 "competences" was not found.
REMOTE_ADDR: 92.222.124.2
HTTP_REFERER: 
requested: array(7) {
  ["lang"] => string(2) "en"
  ["action"] => string(4) "page"
  ["key"] => string(11) "competences"
  ["https:"] => string(10) "github.com"
  ["jrburke"] => string(4) "r.js"
  ["module"] => string(7) "default"
  ["controller"] => string(5) "index"
}


--------------------------------------------------------------------------------
2019-01-13T15:42:48+00:00 ERR (3) 404 "hire-lasse" was not found.
REMOTE_ADDR: 92.222.124.2
HTTP_REFERER: 
requested: array(7) {
  ["lang"] => string(2) "de"
  ["action"] => string(4) "page"
  ["key"] => string(10) "hire-lasse"
  ["https:"] => string(19) "silber-und-blei.com"
  ["galerie"] => string(19) "Neueste_Bilder.html"
  ["module"] => string(7) "default"
  ["controller"] => string(5) "index"
}


--------------------------------------------------------------------------------
2019-01-13T15:42:50+00:00 ERR (3) 404 "competences" was not found.
REMOTE_ADDR: 92.222.124.2
HTTP_REFERER: 
requested: array(7) {
  ["lang"] => string(2) "de"
  ["action"] => string(4) "page"
  ["key"] => string(11) "competences"
  ["https:"] => string(19) "silber-und-blei.com"
  ["galerie"] => string(19) "Neueste_Bilder.html"
  ["module"] => string(7) "default"
  ["controller"] => string(5) "index"
}


--------------------------------------------------------------------------------
2019-01-13T15:42:51+00:00 ERR (3) 404 "competences" was not found.
REMOTE_ADDR: 92.222.124.2
HTTP_REFERER: 
requested: array(7) {
  ["lang"] => string(2) "en"
  ["action"] => string(4) "page"
  ["key"] => string(11) "competences"
  ["https:"] => string(19) "silber-und-blei.com"
  ["galerie"] => string(19) "Neueste_Bilder.html"
  ["module"] => string(7) "default"
  ["controller"] => string(5) "index"
}


--------------------------------------------------------------------------------
2019-01-13T15:42:54+00:00 ERR (3) 404 "hire-lasse" was not found.
REMOTE_ADDR: 92.222.124.2
HTTP_REFERER: 
requested: array(6) {
  ["lang"] => string(2) "de"
  ["action"] => string(4) "page"
  ["key"] => string(10) "hire-lasse"
  ["https:"] => string(11) "twitter.com"
  ["module"] => string(7) "default"
  ["controller"] => string(5) "index"
}


--------------------------------------------------------------------------------
2019-01-13T15:42:57+00:00 ERR (3) 404 "competences" was not found.
REMOTE_ADDR: 92.222.124.2
HTTP_REFERER: 
requested: array(6) {
  ["lang"] => string(2) "de"
  ["action"] => string(4) "page"
  ["key"] => string(11) "competences"
  ["https:"] => string(11) "twitter.com"
  ["module"] => string(7) "default"
  ["controller"] => string(5) "index"
}


--------------------------------------------------------------------------------
2019-01-13T15:42:58+00:00 ERR (3) 404 "competences" was not found.
REMOTE_ADDR: 92.222.124.2
HTTP_REFERER: 
requested: array(6) {
  ["lang"] => string(2) "en"
  ["action"] => string(4) "page"
  ["key"] => string(11) "competences"
  ["https:"] => string(11) "twitter.com"
  ["module"] => string(7) "default"
  ["controller"] => string(5) "index"
}


--------------------------------------------------------------------------------
2019-01-13T15:43:02+00:00 ERR (3) 404 "hire-lasse" was not found.
REMOTE_ADDR: 92.222.124.2
HTTP_REFERER: 
requested: array(6) {
  ["lang"] => string(2) "en"
  ["action"] => string(4) "page"
  ["key"] => string(10) "hire-lasse"
  ["https:"] => string(21) "developers.google.com"
  ["module"] => string(7) "default"
  ["controller"] => string(5) "index"
}


--------------------------------------------------------------------------------
2019-01-13T15:43:04+00:00 ERR (3) 404 "hire-lasse" was not found.
REMOTE_ADDR: 92.222.124.2
HTTP_REFERER: 
requested: array(7) {
  ["lang"] => string(2) "en"
  ["action"] => string(4) "page"
  ["key"] => string(10) "hire-lasse"
  ["https:"] => string(10) "github.com"
  ["jrburke"] => string(4) "r.js"
  ["module"] => string(7) "default"
  ["controller"] => string(5) "index"
}


--------------------------------------------------------------------------------
2019-01-13T15:43:05+00:00 ERR (3) 404 "hire-lasse" was not found.
REMOTE_ADDR: 92.222.124.2
HTTP_REFERER: 
requested: array(7) {
  ["lang"] => string(2) "en"
  ["action"] => string(4) "page"
  ["key"] => string(10) "hire-lasse"
  ["https:"] => string(19) "silber-und-blei.com"
  ["galerie"] => string(19) "Neueste_Bilder.html"
  ["module"] => string(7) "default"
  ["controller"] => string(5) "index"
}


--------------------------------------------------------------------------------
2019-01-13T15:43:06+00:00 ERR (3) 404 "hire-lasse" was not found.
REMOTE_ADDR: 92.222.124.2
HTTP_REFERER: 
requested: array(6) {
  ["lang"] => string(2) "en"
  ["action"] => string(4) "page"
  ["key"] => string(10) "hire-lasse"
  ["https:"] => string(11) "twitter.com"
  ["module"] => string(7) "default"
  ["controller"] => string(5) "index"
}


--------------------------------------------------------------------------------
2019-01-13T16:52:00+00:00 ERR (3) 404 Seite nicht gefunden
REMOTE_ADDR: 172.111.216.20
HTTP_REFERER: 
requested: array(4) {
  ["controller"] => string(6) "https:"
  [""] => string(19) "silber-und-blei.com"
  ["action"] => string(5) "index"
  ["module"] => string(7) "default"
}


--------------------------------------------------------------------------------
2019-01-13T18:01:07+00:00 ERR (3) 404 "competences" was not found.
REMOTE_ADDR: 77.75.78.161
HTTP_REFERER: 
requested: array(5) {
  ["lang"] => string(2) "en"
  ["action"] => string(4) "page"
  ["key"] => string(11) "competences"
  ["module"] => string(7) "default"
  ["controller"] => string(5) "index"
}


--------------------------------------------------------------------------------
2019-01-13T20:27:09+00:00 ERR (3) 404 Seite nicht gefunden
REMOTE_ADDR: 109.197.221.8
HTTP_REFERER: http://graphicore.de/forum/
requested: array(3) {
  ["controller"] => string(5) "forum"
  ["action"] => string(5) "index"
  ["module"] => string(7) "default"
}


--------------------------------------------------------------------------------
