2020-02-24T03:37:32+00:00 ERR (3) 404 Seite nicht gefunden
REMOTE_ADDR: 206.189.213.92
HTTP_REFERER: 
requested: array(3) {
  ["controller"] => string(4) ".env"
  ["action"] => string(5) "index"
  ["module"] => string(7) "default"
}


--------------------------------------------------------------------------------
2020-02-24T03:37:35+00:00 ERR (3) 404 Seite nicht gefunden
REMOTE_ADDR: 206.189.213.92
HTTP_REFERER: 
requested: array(5) {
  ["controller"] => string(6) "vendor"
  ["action"] => string(7) "phpunit"
  ["phpunit"] => string(3) "src"
  ["Util"] => string(3) "PHP"
  ["module"] => string(7) "default"
}


--------------------------------------------------------------------------------
2020-02-24T04:32:30+00:00 ERR (3) 404 Seite nicht gefunden
REMOTE_ADDR: 23.94.83.114
HTTP_REFERER: 
requested: array(3) {
  ["controller"] => string(10) "xxxxxx.php"
  ["action"] => string(5) "index"
  ["module"] => string(7) "default"
}


--------------------------------------------------------------------------------
2020-02-24T04:32:33+00:00 ERR (3) 404 Seite nicht gefunden
REMOTE_ADDR: 23.94.83.114
HTTP_REFERER: 
requested: array(5) {
  ["controller"] => string(6) "vendor"
  ["action"] => string(7) "phpunit"
  ["phpunit"] => string(3) "src"
  ["Util"] => string(3) "PHP"
  ["module"] => string(7) "default"
}


--------------------------------------------------------------------------------
2020-02-24T05:13:30+00:00 ERR (3) 404 Seite nicht gefunden
REMOTE_ADDR: 149.202.238.204
HTTP_REFERER: graphicore.de
requested: array(3) {
  ["controller"] => string(17) "wp-config.php.swp"
  ["action"] => string(5) "index"
  ["module"] => string(7) "default"
}


--------------------------------------------------------------------------------
2020-02-24T05:13:35+00:00 ERR (3) 404 Seite nicht gefunden
REMOTE_ADDR: 149.202.238.204
HTTP_REFERER: graphicore.de
requested: array(3) {
  ["controller"] => string(22) "wp-config.php.disabled"
  ["action"] => string(5) "index"
  ["module"] => string(7) "default"
}


--------------------------------------------------------------------------------
2020-02-24T05:13:38+00:00 ERR (3) 404 Seite nicht gefunden
REMOTE_ADDR: 62.171.133.250
HTTP_REFERER: graphicore.de
requested: array(3) {
  ["controller"] => string(13) "wp-config.bak"
  ["action"] => string(5) "index"
  ["module"] => string(7) "default"
}


--------------------------------------------------------------------------------
2020-02-24T05:13:41+00:00 ERR (3) 404 Seite nicht gefunden
REMOTE_ADDR: 62.171.133.250
HTTP_REFERER: graphicore.de
requested: array(3) {
  ["controller"] => string(17) "wp-config.php.new"
  ["action"] => string(5) "index"
  ["module"] => string(7) "default"
}


--------------------------------------------------------------------------------
2020-02-24T05:13:44+00:00 ERR (3) 404 Seite nicht gefunden
REMOTE_ADDR: 62.171.133.250
HTTP_REFERER: graphicore.de
requested: array(3) {
  ["controller"] => string(17) "wp-config.php.old"
  ["action"] => string(5) "index"
  ["module"] => string(7) "default"
}


--------------------------------------------------------------------------------
2020-02-24T05:14:32+00:00 ERR (3) 404 Seite nicht gefunden
REMOTE_ADDR: 51.89.200.99
HTTP_REFERER: graphicore.de
requested: array(3) {
  ["controller"] => string(14) "wp-config.php~"
  ["action"] => string(5) "index"
  ["module"] => string(7) "default"
}


--------------------------------------------------------------------------------
2020-02-24T10:56:49+00:00 ERR (3) 404 "competences" was not found.
REMOTE_ADDR: 85.25.177.187
HTTP_REFERER: 
requested: array(5) {
  ["lang"] => string(2) "de"
  ["action"] => string(4) "page"
  ["key"] => string(11) "competences"
  ["module"] => string(7) "default"
  ["controller"] => string(5) "index"
}


--------------------------------------------------------------------------------
2020-02-24T11:14:31+00:00 ERR (3) 404 "hire-lasse" was not found.
REMOTE_ADDR: 85.25.177.187
HTTP_REFERER: 
requested: array(5) {
  ["lang"] => string(2) "en"
  ["action"] => string(4) "page"
  ["key"] => string(10) "hire-lasse"
  ["module"] => string(7) "default"
  ["controller"] => string(5) "index"
}


--------------------------------------------------------------------------------
2020-02-24T11:15:17+00:00 ERR (3) 404 "hire-lasse" was not found.
REMOTE_ADDR: 85.25.177.187
HTTP_REFERER: 
requested: array(5) {
  ["lang"] => string(2) "en"
  ["action"] => string(4) "page"
  ["key"] => string(10) "hire-lasse"
  ["module"] => string(7) "default"
  ["controller"] => string(5) "index"
}


--------------------------------------------------------------------------------
2020-02-24T11:25:17+00:00 ERR (3) 404 "hire-lasse" was not found.
REMOTE_ADDR: 85.25.177.187
HTTP_REFERER: 
requested: array(5) {
  ["lang"] => string(2) "en"
  ["action"] => string(4) "page"
  ["key"] => string(10) "hire-lasse"
  ["module"] => string(7) "default"
  ["controller"] => string(5) "index"
}


--------------------------------------------------------------------------------
2020-02-24T12:58:44+00:00 ERR (3) 404 "competences" was not found.
REMOTE_ADDR: 85.25.177.187
HTTP_REFERER: 
requested: array(5) {
  ["lang"] => string(2) "en"
  ["action"] => string(4) "page"
  ["key"] => string(11) "competences"
  ["module"] => string(7) "default"
  ["controller"] => string(5) "index"
}


--------------------------------------------------------------------------------
2020-02-24T13:08:01+00:00 ERR (3) 404 "hire-lasse" was not found.
REMOTE_ADDR: 85.25.177.187
HTTP_REFERER: 
requested: array(5) {
  ["lang"] => string(2) "de"
  ["action"] => string(4) "page"
  ["key"] => string(10) "hire-lasse"
  ["module"] => string(7) "default"
  ["controller"] => string(5) "index"
}


--------------------------------------------------------------------------------
2020-02-24T13:11:14+00:00 ERR (3) 404 "hire-lasse" was not found.
REMOTE_ADDR: 85.25.177.187
HTTP_REFERER: 
requested: array(5) {
  ["lang"] => string(2) "de"
  ["action"] => string(4) "page"
  ["key"] => string(10) "hire-lasse"
  ["module"] => string(7) "default"
  ["controller"] => string(5) "index"
}


--------------------------------------------------------------------------------
2020-02-24T13:13:33+00:00 ERR (3) 404 "hire-lasse" was not found.
REMOTE_ADDR: 85.25.177.187
HTTP_REFERER: 
requested: array(5) {
  ["lang"] => string(2) "de"
  ["action"] => string(4) "page"
  ["key"] => string(10) "hire-lasse"
  ["module"] => string(7) "default"
  ["controller"] => string(5) "index"
}


--------------------------------------------------------------------------------
2020-02-24T15:18:10+00:00 ERR (3) 404 Seite nicht gefunden
REMOTE_ADDR: 46.166.173.6
HTTP_REFERER: 
requested: array(3) {
  ["controller"] => string(8) "wp-admin"
  ["action"] => string(11) "install.php"
  ["module"] => string(7) "default"
}


--------------------------------------------------------------------------------
2020-02-24T16:36:18+00:00 ERR (3) 404 Page not found
REMOTE_ADDR: 70.94.167.116
HTTP_REFERER: 
requested: array(3) {
  ["controller"] => string(40) "apple-touch-icon-120x120-precomposed.png"
  ["action"] => string(5) "index"
  ["module"] => string(7) "default"
}


--------------------------------------------------------------------------------
2020-02-24T16:36:19+00:00 ERR (3) 404 Page not found
REMOTE_ADDR: 70.94.167.116
HTTP_REFERER: 
requested: array(3) {
  ["controller"] => string(28) "apple-touch-icon-120x120.png"
  ["action"] => string(5) "index"
  ["module"] => string(7) "default"
}


--------------------------------------------------------------------------------
2020-02-24T16:36:21+00:00 ERR (3) 404 Page not found
REMOTE_ADDR: 70.94.167.116
HTTP_REFERER: 
requested: array(3) {
  ["controller"] => string(32) "apple-touch-icon-precomposed.png"
  ["action"] => string(5) "index"
  ["module"] => string(7) "default"
}


--------------------------------------------------------------------------------
2020-02-24T16:36:22+00:00 ERR (3) 404 Page not found
REMOTE_ADDR: 70.94.167.116
HTTP_REFERER: 
requested: array(3) {
  ["controller"] => string(20) "apple-touch-icon.png"
  ["action"] => string(5) "index"
  ["module"] => string(7) "default"
}


--------------------------------------------------------------------------------
