2010-12-19T00:33:17+00:00 ERR (3) 404 Seite nicht gefunden
REMOTE_ADDR: 92.243.84.187
HTTP_REFERER: http://graphicore.de/plugins/editors/tinymce/jscripts/tiny_mce/plugins/tinybrowser/tinybrowser.php?type=file&folder=
requested: array(8) {
  ["controller"] => string(7) "plugins"
  ["action"] => string(7) "editors"
  ["tinymce"] => string(8) "jscripts"
  ["tiny_mce"] => string(7) "plugins"
  ["tinybrowser"] => string(15) "tinybrowser.php"
  ["module"] => string(7) "default"
  ["type"] => string(4) "file"
  ["folder"] => string(0) ""
}


--------------------------------------------------------------------------------
2010-12-19T10:38:30+00:00 ERR (3) 404 "topic" was not found.
REMOTE_ADDR: 193.47.80.40
HTTP_REFERER: 
requested: array(6) {
  ["lang"] => string(2) "en"
  ["action"] => string(5) "index"
  ["key"] => string(5) "topic"
  ["intern"] => string(8) "projekte"
  ["module"] => string(7) "default"
  ["controller"] => string(5) "index"
}


--------------------------------------------------------------------------------
2010-12-19T12:45:53+00:00 ERR (3) 404 Page not found
REMOTE_ADDR: 83.169.26.5
HTTP_REFERER: 
requested: array(3) {
  ["controller"] => string(1) "#"
  ["action"] => string(5) "index"
  ["module"] => string(7) "default"
}


--------------------------------------------------------------------------------
2010-12-19T12:46:20+00:00 ERR (3) 404 Page not found
REMOTE_ADDR: 83.169.26.5
HTTP_REFERER: 
requested: array(3) {
  ["controller"] => string(11) ">Impressum<"
  ["action"] => string(3) "a>,"
  ["module"] => string(7) "default"
}


--------------------------------------------------------------------------------
2010-12-19T12:46:25+00:00 ERR (3) 404 Page not found
REMOTE_ADDR: 83.169.26.5
HTTP_REFERER: 
requested: array(3) {
  ["controller"] => string(11) "default.php"
  ["action"] => string(5) "index"
  ["module"] => string(7) "default"
}


--------------------------------------------------------------------------------
2010-12-19T12:46:26+00:00 ERR (3) 404 Page not found
REMOTE_ADDR: 83.169.26.5
HTTP_REFERER: 
requested: array(3) {
  ["controller"] => string(10) "index.html"
  ["action"] => string(5) "index"
  ["module"] => string(7) "default"
}


--------------------------------------------------------------------------------
2010-12-19T12:46:26+00:00 ERR (3) 404 Page not found
REMOTE_ADDR: 83.169.26.5
HTTP_REFERER: 
requested: array(3) {
  ["controller"] => string(9) "index.htm"
  ["action"] => string(5) "index"
  ["module"] => string(7) "default"
}


--------------------------------------------------------------------------------
2010-12-19T12:46:26+00:00 ERR (3) 404 Page not found
REMOTE_ADDR: 83.169.26.5
HTTP_REFERER: 
requested: array(3) {
  ["controller"] => string(11) "default.htm"
  ["action"] => string(5) "index"
  ["module"] => string(7) "default"
}


--------------------------------------------------------------------------------
2010-12-19T12:46:26+00:00 ERR (3) 404 Page not found
REMOTE_ADDR: 83.169.26.5
HTTP_REFERER: 
requested: array(3) {
  ["controller"] => string(12) "default.html"
  ["action"] => string(5) "index"
  ["module"] => string(7) "default"
}


--------------------------------------------------------------------------------
2010-12-19T12:46:26+00:00 ERR (3) 404 Page not found
REMOTE_ADDR: 83.169.26.5
HTTP_REFERER: 
requested: array(3) {
  ["controller"] => string(9) "index.jsp"
  ["action"] => string(5) "index"
  ["module"] => string(7) "default"
}


--------------------------------------------------------------------------------
2010-12-19T12:46:27+00:00 ERR (3) 404 Page not found
REMOTE_ADDR: 83.169.26.5
HTTP_REFERER: 
requested: array(3) {
  ["controller"] => string(11) "default.jsp"
  ["action"] => string(5) "index"
  ["module"] => string(7) "default"
}


--------------------------------------------------------------------------------
2010-12-19T12:46:27+00:00 ERR (3) 404 Page not found
REMOTE_ADDR: 83.169.26.5
HTTP_REFERER: 
requested: array(3) {
  ["controller"] => string(33) "rankflex_content_duplication_test"
  ["action"] => string(5) "index"
  ["module"] => string(7) "default"
}


--------------------------------------------------------------------------------
2010-12-19T12:46:28+00:00 ERR (3) 404 Page not found
REMOTE_ADDR: 83.169.26.5
HTTP_REFERER: 
requested: array(3) {
  ["controller"] => string(3) "w3c"
  ["action"] => string(7) "p3p.xml"
  ["module"] => string(7) "default"
}


--------------------------------------------------------------------------------
2010-12-19T18:51:11+00:00 ERR (3) 404 "story" was not found.
REMOTE_ADDR: 67.195.111.29
HTTP_REFERER: 
requested: array(6) {
  ["lang"] => string(2) "en"
  ["action"] => string(5) "index"
  ["key"] => string(5) "story"
  ["intern"] => string(9) "pixelding"
  ["module"] => string(7) "default"
  ["controller"] => string(5) "index"
}


--------------------------------------------------------------------------------
