2019-08-30T03:14:35+00:00 ERR (3) 404 "hire-lasse" was not found.
REMOTE_ADDR: 162.208.50.88
HTTP_REFERER: 
requested: array(5) {
  ["lang"] => string(2) "en"
  ["action"] => string(4) "page"
  ["key"] => string(10) "hire-lasse"
  ["module"] => string(7) "default"
  ["controller"] => string(5) "index"
}


--------------------------------------------------------------------------------
2019-08-30T03:14:40+00:00 ERR (3) 404 "competences" was not found.
REMOTE_ADDR: 162.208.50.88
HTTP_REFERER: 
requested: array(5) {
  ["lang"] => string(2) "en"
  ["action"] => string(4) "page"
  ["key"] => string(11) "competences"
  ["module"] => string(7) "default"
  ["controller"] => string(5) "index"
}


--------------------------------------------------------------------------------
2019-08-30T03:14:46+00:00 ERR (3) 404 "hire-lasse" was not found.
REMOTE_ADDR: 162.208.50.88
HTTP_REFERER: 
requested: array(5) {
  ["lang"] => string(2) "de"
  ["action"] => string(4) "page"
  ["key"] => string(10) "hire-lasse"
  ["module"] => string(7) "default"
  ["controller"] => string(5) "index"
}


--------------------------------------------------------------------------------
2019-08-30T03:15:36+00:00 ERR (3) 404 "competences" was not found.
REMOTE_ADDR: 162.208.50.88
HTTP_REFERER: 
requested: array(5) {
  ["lang"] => string(2) "de"
  ["action"] => string(4) "page"
  ["key"] => string(11) "competences"
  ["module"] => string(7) "default"
  ["controller"] => string(5) "index"
}


--------------------------------------------------------------------------------
2019-08-30T03:49:28+00:00 ERR (3) 404 "2014-02-27_kaufland-firewall-service" was not found.
REMOTE_ADDR: 66.249.66.50
HTTP_REFERER: 
requested: array(5) {
  ["lang"] => string(2) "de"
  ["action"] => string(7) "archive"
  ["key"] => string(36) "2014-02-27_kaufland-firewall-service"
  ["module"] => string(7) "default"
  ["controller"] => string(5) "index"
}


--------------------------------------------------------------------------------
2019-08-30T04:53:00+00:00 ERR (3) 404 Seite nicht gefunden
REMOTE_ADDR: 103.133.109.36
HTTP_REFERER: 
requested: array(4) {
  ["controller"] => string(6) "https:"
  [""] => string(19) "silber-und-blei.com"
  ["action"] => string(5) "index"
  ["module"] => string(7) "default"
}


--------------------------------------------------------------------------------
2019-08-30T05:33:57+00:00 ERR (3) 404 Seite nicht gefunden
REMOTE_ADDR: 158.69.150.55
HTTP_REFERER: 
requested: array(5) {
  ["controller"] => string(6) "vendor"
  ["action"] => string(7) "phpunit"
  ["phpunit"] => string(3) "src"
  ["Util"] => string(3) "PHP"
  ["module"] => string(7) "default"
}


--------------------------------------------------------------------------------
2019-08-30T05:33:57+00:00 ERR (3) 404 Seite nicht gefunden
REMOTE_ADDR: 158.69.150.55
HTTP_REFERER: 
requested: array(5) {
  ["controller"] => string(6) "vendor"
  ["action"] => string(7) "phpunit"
  ["phpunit"] => string(3) "src"
  ["Util"] => string(3) "PHP"
  ["module"] => string(7) "default"
}


--------------------------------------------------------------------------------
2019-08-30T06:27:22+00:00 ERR (3) 404 Seite nicht gefunden
REMOTE_ADDR: 158.69.150.55
HTTP_REFERER: 
requested: array(7) {
  ["controller"] => string(5) "sites"
  ["action"] => string(3) "all"
  ["libraries"] => string(9) "mailchimp"
  ["vendor"] => string(7) "phpunit"
  ["phpunit"] => string(3) "src"
  ["Util"] => string(3) "PHP"
  ["module"] => string(7) "default"
}


--------------------------------------------------------------------------------
2019-08-30T06:27:22+00:00 ERR (3) 404 Seite nicht gefunden
REMOTE_ADDR: 158.69.150.55
HTTP_REFERER: 
requested: array(7) {
  ["controller"] => string(5) "sites"
  ["action"] => string(3) "all"
  ["libraries"] => string(9) "mailchimp"
  ["vendor"] => string(7) "phpunit"
  ["phpunit"] => string(3) "src"
  ["Util"] => string(3) "PHP"
  ["module"] => string(7) "default"
}


--------------------------------------------------------------------------------
2019-08-30T16:31:50+00:00 ERR (3) 404 Seite nicht gefunden
REMOTE_ADDR: 34.67.80.191
HTTP_REFERER: 
requested: array(3) {
  ["controller"] => string(9) "wordpress"
  ["action"] => string(5) "index"
  ["module"] => string(7) "default"
}


--------------------------------------------------------------------------------
2019-08-30T16:31:52+00:00 ERR (3) 404 Seite nicht gefunden
REMOTE_ADDR: 34.67.80.191
HTTP_REFERER: 
requested: array(3) {
  ["controller"] => string(2) "wp"
  ["action"] => string(5) "index"
  ["module"] => string(7) "default"
}


--------------------------------------------------------------------------------
2019-08-30T16:31:54+00:00 ERR (3) 404 Seite nicht gefunden
REMOTE_ADDR: 34.67.80.191
HTTP_REFERER: 
requested: array(3) {
  ["controller"] => string(4) "blog"
  ["action"] => string(5) "index"
  ["module"] => string(7) "default"
}


--------------------------------------------------------------------------------
2019-08-30T16:31:54+00:00 ERR (3) 404 Seite nicht gefunden
REMOTE_ADDR: 34.67.80.191
HTTP_REFERER: 
requested: array(3) {
  ["controller"] => string(3) "new"
  ["action"] => string(5) "index"
  ["module"] => string(7) "default"
}


--------------------------------------------------------------------------------
2019-08-30T16:31:57+00:00 ERR (3) 404 Seite nicht gefunden
REMOTE_ADDR: 34.67.80.191
HTTP_REFERER: 
requested: array(3) {
  ["controller"] => string(3) "old"
  ["action"] => string(5) "index"
  ["module"] => string(7) "default"
}


--------------------------------------------------------------------------------
2019-08-30T16:31:58+00:00 ERR (3) 404 Seite nicht gefunden
REMOTE_ADDR: 34.67.80.191
HTTP_REFERER: 
requested: array(3) {
  ["controller"] => string(4) "test"
  ["action"] => string(5) "index"
  ["module"] => string(7) "default"
}


--------------------------------------------------------------------------------
2019-08-30T16:32:00+00:00 ERR (3) 404 Seite nicht gefunden
REMOTE_ADDR: 34.67.80.191
HTTP_REFERER: 
requested: array(3) {
  ["controller"] => string(4) "main"
  ["action"] => string(5) "index"
  ["module"] => string(7) "default"
}


--------------------------------------------------------------------------------
2019-08-30T16:32:01+00:00 ERR (3) 404 Seite nicht gefunden
REMOTE_ADDR: 34.67.80.191
HTTP_REFERER: 
requested: array(3) {
  ["controller"] => string(4) "site"
  ["action"] => string(5) "index"
  ["module"] => string(7) "default"
}


--------------------------------------------------------------------------------
2019-08-30T16:32:02+00:00 ERR (3) 404 Seite nicht gefunden
REMOTE_ADDR: 34.67.80.191
HTTP_REFERER: 
requested: array(3) {
  ["controller"] => string(6) "backup"
  ["action"] => string(5) "index"
  ["module"] => string(7) "default"
}


--------------------------------------------------------------------------------
2019-08-30T16:32:04+00:00 ERR (3) 404 Seite nicht gefunden
REMOTE_ADDR: 34.67.80.191
HTTP_REFERER: 
requested: array(3) {
  ["controller"] => string(4) "demo"
  ["action"] => string(5) "index"
  ["module"] => string(7) "default"
}


--------------------------------------------------------------------------------
2019-08-30T16:32:05+00:00 ERR (3) 404 Seite nicht gefunden
REMOTE_ADDR: 34.67.80.191
HTTP_REFERER: 
requested: array(3) {
  ["controller"] => string(4) "home"
  ["action"] => string(5) "index"
  ["module"] => string(7) "default"
}


--------------------------------------------------------------------------------
2019-08-30T16:32:09+00:00 ERR (3) 404 Seite nicht gefunden
REMOTE_ADDR: 34.67.80.191
HTTP_REFERER: 
requested: array(3) {
  ["controller"] => string(3) "tmp"
  ["action"] => string(5) "index"
  ["module"] => string(7) "default"
}


--------------------------------------------------------------------------------
2019-08-30T16:32:12+00:00 ERR (3) 404 Seite nicht gefunden
REMOTE_ADDR: 34.67.80.191
HTTP_REFERER: 
requested: array(3) {
  ["controller"] => string(3) "cms"
  ["action"] => string(5) "index"
  ["module"] => string(7) "default"
}


--------------------------------------------------------------------------------
2019-08-30T16:32:13+00:00 ERR (3) 404 Seite nicht gefunden
REMOTE_ADDR: 34.67.80.191
HTTP_REFERER: 
requested: array(3) {
  ["controller"] => string(3) "dev"
  ["action"] => string(5) "index"
  ["module"] => string(7) "default"
}


--------------------------------------------------------------------------------
2019-08-30T16:32:14+00:00 ERR (3) 404 Seite nicht gefunden
REMOTE_ADDR: 34.67.80.191
HTTP_REFERER: 
requested: array(3) {
  ["controller"] => string(6) "portal"
  ["action"] => string(5) "index"
  ["module"] => string(7) "default"
}


--------------------------------------------------------------------------------
2019-08-30T16:32:15+00:00 ERR (3) 404 Seite nicht gefunden
REMOTE_ADDR: 34.67.80.191
HTTP_REFERER: 
requested: array(3) {
  ["controller"] => string(3) "web"
  ["action"] => string(5) "index"
  ["module"] => string(7) "default"
}


--------------------------------------------------------------------------------
2019-08-30T16:32:15+00:00 ERR (3) 404 Seite nicht gefunden
REMOTE_ADDR: 34.67.80.191
HTTP_REFERER: 
requested: array(3) {
  ["controller"] => string(4) "temp"
  ["action"] => string(5) "index"
  ["module"] => string(7) "default"
}


--------------------------------------------------------------------------------
2019-08-30T18:08:04+00:00 ERR (3) 404 Seite nicht gefunden
REMOTE_ADDR: 46.229.168.132
HTTP_REFERER: 
requested: array(3) {
  ["controller"] => string(11) "sitemap.xml"
  ["action"] => string(5) "index"
  ["module"] => string(7) "default"
}


--------------------------------------------------------------------------------
2019-08-30T18:52:51+00:00 ERR (3) 404 Seite nicht gefunden
REMOTE_ADDR: 66.249.66.46
HTTP_REFERER: 
requested: array(8) {
  ["controller"] => string(5) "forum"
  ["action"] => string(13) "viewtopic.php"
  ["module"] => string(7) "default"
  ["t"] => string(2) "13"
  ["start"] => string(1) "0"
  ["postdays"] => string(1) "0"
  ["postorder"] => string(3) "asc"
  ["highlight"] => string(0) ""
}


--------------------------------------------------------------------------------
2019-08-30T21:26:05+00:00 ERR (3) 404 "hire-lasse" was not found.
REMOTE_ADDR: 88.99.27.172
HTTP_REFERER: 
requested: array(5) {
  ["lang"] => string(2) "de"
  ["action"] => string(4) "page"
  ["key"] => string(10) "hire-lasse"
  ["module"] => string(7) "default"
  ["controller"] => string(5) "index"
}


--------------------------------------------------------------------------------
2019-08-30T21:26:56+00:00 ERR (3) 404 "hire-lasse" was not found.
REMOTE_ADDR: 88.99.27.172
HTTP_REFERER: 
requested: array(5) {
  ["lang"] => string(2) "de"
  ["action"] => string(4) "page"
  ["key"] => string(10) "hire-lasse"
  ["module"] => string(7) "default"
  ["controller"] => string(5) "index"
}


--------------------------------------------------------------------------------
