2020-03-27T02:56:48+00:00 ERR (3) 404 "anne" was not found.
REMOTE_ADDR: 216.244.66.228
HTTP_REFERER: 
requested: array(5) {
  ["lang"] => string(2) "en"
  ["action"] => string(4) "page"
  ["key"] => string(4) "anne"
  ["module"] => string(7) "default"
  ["controller"] => string(5) "index"
}


--------------------------------------------------------------------------------
2020-03-27T04:08:17+00:00 ERR (3) 404 "" was not found.
REMOTE_ADDR: 178.137.81.217
HTTP_REFERER: http://xxxsiterips.xyz/
requested: array(5) {
  ["lang"] => string(2) "de"
  ["action"] => string(7) "archive"
  ["module"] => string(7) "default"
  ["controller"] => string(5) "index"
  ["key"] => string(0) ""
}


--------------------------------------------------------------------------------
2020-03-27T04:08:17+00:00 ERR (3) 404 "" was not found.
REMOTE_ADDR: 178.137.81.217
HTTP_REFERER: http://xxxsiterips.xyz/
requested: array(5) {
  ["lang"] => string(2) "de"
  ["action"] => string(7) "archive"
  ["module"] => string(7) "default"
  ["controller"] => string(5) "index"
  ["key"] => string(0) ""
}


--------------------------------------------------------------------------------
2020-03-27T04:08:17+00:00 ERR (3) 404 "" was not found.
REMOTE_ADDR: 178.137.81.217
HTTP_REFERER: http://xxxsiterips.xyz/
requested: array(5) {
  ["lang"] => string(2) "de"
  ["action"] => string(7) "archive"
  ["module"] => string(7) "default"
  ["controller"] => string(5) "index"
  ["key"] => string(0) ""
}


--------------------------------------------------------------------------------
2020-03-27T04:08:18+00:00 ERR (3) 404 "" was not found.
REMOTE_ADDR: 178.137.81.217
HTTP_REFERER: http://xxxsiterips.xyz/
requested: array(5) {
  ["lang"] => string(2) "de"
  ["action"] => string(7) "archive"
  ["module"] => string(7) "default"
  ["controller"] => string(5) "index"
  ["key"] => string(0) ""
}


--------------------------------------------------------------------------------
2020-03-27T04:08:18+00:00 ERR (3) 404 "" was not found.
REMOTE_ADDR: 178.137.81.217
HTTP_REFERER: http://xxxsiterips.xyz/
requested: array(5) {
  ["lang"] => string(2) "de"
  ["action"] => string(7) "archive"
  ["module"] => string(7) "default"
  ["controller"] => string(5) "index"
  ["key"] => string(0) ""
}


--------------------------------------------------------------------------------
2020-03-27T04:45:33+00:00 ERR (3) 404 Seite nicht gefunden
REMOTE_ADDR: 46.229.168.146
HTTP_REFERER: 
requested: array(3) {
  ["controller"] => string(11) "sitemap.xml"
  ["action"] => string(5) "index"
  ["module"] => string(7) "default"
}


--------------------------------------------------------------------------------
2020-03-27T10:14:34+00:00 ERR (3) 404 "" was not found.
REMOTE_ADDR: 46.119.124.13
HTTP_REFERER: https://olimp-sp.ru/
requested: array(5) {
  ["lang"] => string(2) "de"
  ["action"] => string(7) "archive"
  ["module"] => string(7) "default"
  ["controller"] => string(5) "index"
  ["key"] => string(0) ""
}


--------------------------------------------------------------------------------
2020-03-27T10:14:34+00:00 ERR (3) 404 "" was not found.
REMOTE_ADDR: 46.119.124.13
HTTP_REFERER: https://predmety.in.ua/
requested: array(5) {
  ["lang"] => string(2) "de"
  ["action"] => string(7) "archive"
  ["module"] => string(7) "default"
  ["controller"] => string(5) "index"
  ["key"] => string(0) ""
}


--------------------------------------------------------------------------------
2020-03-27T10:14:34+00:00 ERR (3) 404 "" was not found.
REMOTE_ADDR: 46.119.124.13
HTTP_REFERER: https://olimp-sp.ru/
requested: array(5) {
  ["lang"] => string(2) "de"
  ["action"] => string(7) "archive"
  ["module"] => string(7) "default"
  ["controller"] => string(5) "index"
  ["key"] => string(0) ""
}


--------------------------------------------------------------------------------
2020-03-27T10:14:34+00:00 ERR (3) 404 "" was not found.
REMOTE_ADDR: 46.119.124.13
HTTP_REFERER: https://predmety.in.ua/
requested: array(5) {
  ["lang"] => string(2) "de"
  ["action"] => string(7) "archive"
  ["module"] => string(7) "default"
  ["controller"] => string(5) "index"
  ["key"] => string(0) ""
}


--------------------------------------------------------------------------------
2020-03-27T10:14:35+00:00 ERR (3) 404 "" was not found.
REMOTE_ADDR: 46.119.124.13
HTTP_REFERER: https://predmety.in.ua/
requested: array(5) {
  ["lang"] => string(2) "de"
  ["action"] => string(7) "archive"
  ["module"] => string(7) "default"
  ["controller"] => string(5) "index"
  ["key"] => string(0) ""
}


--------------------------------------------------------------------------------
2020-03-27T10:14:35+00:00 ERR (3) 404 "" was not found.
REMOTE_ADDR: 46.119.124.13
HTTP_REFERER: https://olimp-sp.ru/
requested: array(5) {
  ["lang"] => string(2) "de"
  ["action"] => string(7) "archive"
  ["module"] => string(7) "default"
  ["controller"] => string(5) "index"
  ["key"] => string(0) ""
}


--------------------------------------------------------------------------------
2020-03-27T10:14:35+00:00 ERR (3) 404 "" was not found.
REMOTE_ADDR: 46.119.124.13
HTTP_REFERER: https://predmety.in.ua/
requested: array(5) {
  ["lang"] => string(2) "de"
  ["action"] => string(7) "archive"
  ["module"] => string(7) "default"
  ["controller"] => string(5) "index"
  ["key"] => string(0) ""
}


--------------------------------------------------------------------------------
2020-03-27T10:14:35+00:00 ERR (3) 404 "" was not found.
REMOTE_ADDR: 46.119.124.13
HTTP_REFERER: https://olimp-sp.ru/
requested: array(5) {
  ["lang"] => string(2) "de"
  ["action"] => string(7) "archive"
  ["module"] => string(7) "default"
  ["controller"] => string(5) "index"
  ["key"] => string(0) ""
}


--------------------------------------------------------------------------------
2020-03-27T10:14:36+00:00 ERR (3) 404 "" was not found.
REMOTE_ADDR: 46.119.124.13
HTTP_REFERER: https://predmety.in.ua/
requested: array(5) {
  ["lang"] => string(2) "de"
  ["action"] => string(7) "archive"
  ["module"] => string(7) "default"
  ["controller"] => string(5) "index"
  ["key"] => string(0) ""
}


--------------------------------------------------------------------------------
2020-03-27T10:14:36+00:00 ERR (3) 404 "" was not found.
REMOTE_ADDR: 46.119.124.13
HTTP_REFERER: https://olimp-sp.ru/
requested: array(5) {
  ["lang"] => string(2) "de"
  ["action"] => string(7) "archive"
  ["module"] => string(7) "default"
  ["controller"] => string(5) "index"
  ["key"] => string(0) ""
}


--------------------------------------------------------------------------------
2020-03-27T11:28:28+00:00 ERR (3) 404 "hire-lasse" was not found.
REMOTE_ADDR: 148.251.50.77
HTTP_REFERER: 
requested: array(5) {
  ["lang"] => string(2) "de"
  ["action"] => string(4) "page"
  ["key"] => string(10) "hire-lasse"
  ["module"] => string(7) "default"
  ["controller"] => string(5) "index"
}


--------------------------------------------------------------------------------
2020-03-27T11:28:29+00:00 ERR (3) 404 "hire-lasse" was not found.
REMOTE_ADDR: 148.251.50.77
HTTP_REFERER: 
requested: array(5) {
  ["lang"] => string(2) "de"
  ["action"] => string(4) "page"
  ["key"] => string(10) "hire-lasse"
  ["module"] => string(7) "default"
  ["controller"] => string(5) "index"
}


--------------------------------------------------------------------------------
2020-03-27T14:02:32+00:00 ERR (3) 404 "" was not found.
REMOTE_ADDR: 46.118.122.247
HTTP_REFERER: https://eldoradorent.az/
requested: array(5) {
  ["lang"] => string(2) "de"
  ["action"] => string(7) "archive"
  ["module"] => string(7) "default"
  ["controller"] => string(5) "index"
  ["key"] => string(0) ""
}


--------------------------------------------------------------------------------
2020-03-27T14:02:33+00:00 ERR (3) 404 "" was not found.
REMOTE_ADDR: 46.118.122.247
HTTP_REFERER: https://eldoradorent.az/
requested: array(5) {
  ["lang"] => string(2) "de"
  ["action"] => string(7) "archive"
  ["module"] => string(7) "default"
  ["controller"] => string(5) "index"
  ["key"] => string(0) ""
}


--------------------------------------------------------------------------------
2020-03-27T14:02:33+00:00 ERR (3) 404 "" was not found.
REMOTE_ADDR: 46.118.122.247
HTTP_REFERER: https://eldoradorent.az/
requested: array(5) {
  ["lang"] => string(2) "de"
  ["action"] => string(7) "archive"
  ["module"] => string(7) "default"
  ["controller"] => string(5) "index"
  ["key"] => string(0) ""
}


--------------------------------------------------------------------------------
2020-03-27T14:02:34+00:00 ERR (3) 404 "" was not found.
REMOTE_ADDR: 46.118.122.247
HTTP_REFERER: https://eldoradorent.az/
requested: array(5) {
  ["lang"] => string(2) "de"
  ["action"] => string(7) "archive"
  ["module"] => string(7) "default"
  ["controller"] => string(5) "index"
  ["key"] => string(0) ""
}


--------------------------------------------------------------------------------
2020-03-27T14:02:35+00:00 ERR (3) 404 "" was not found.
REMOTE_ADDR: 46.118.122.247
HTTP_REFERER: https://eldoradorent.az/
requested: array(5) {
  ["lang"] => string(2) "de"
  ["action"] => string(7) "archive"
  ["module"] => string(7) "default"
  ["controller"] => string(5) "index"
  ["key"] => string(0) ""
}


--------------------------------------------------------------------------------
2020-03-27T15:40:22+00:00 ERR (3) 404 "competences" was not found.
REMOTE_ADDR: 85.208.96.71
HTTP_REFERER: 
requested: array(5) {
  ["lang"] => string(2) "de"
  ["action"] => string(4) "page"
  ["key"] => string(11) "competences"
  ["module"] => string(7) "default"
  ["controller"] => string(5) "index"
}


--------------------------------------------------------------------------------
2020-03-27T18:23:13+00:00 ERR (3) 404 "competences" was not found.
REMOTE_ADDR: 85.25.185.103
HTTP_REFERER: 
requested: array(5) {
  ["lang"] => string(2) "en"
  ["action"] => string(4) "page"
  ["key"] => string(11) "competences"
  ["module"] => string(7) "default"
  ["controller"] => string(5) "index"
}


--------------------------------------------------------------------------------
2020-03-27T18:25:07+00:00 ERR (3) 404 "competences" was not found.
REMOTE_ADDR: 85.25.185.103
HTTP_REFERER: 
requested: array(5) {
  ["lang"] => string(2) "en"
  ["action"] => string(4) "page"
  ["key"] => string(11) "competences"
  ["module"] => string(7) "default"
  ["controller"] => string(5) "index"
}


--------------------------------------------------------------------------------
