2018-09-06T18:03:03+00:00 ERR (3) 404 "hire-lasse" was not found.
REMOTE_ADDR: 66.249.66.25
HTTP_REFERER: 
requested: array(5) {
  ["lang"] => string(2) "en"
  ["action"] => string(4) "page"
  ["key"] => string(10) "hire-lasse"
  ["module"] => string(7) "default"
  ["controller"] => string(5) "index"
}


--------------------------------------------------------------------------------
2018-09-06T18:09:48+00:00 ERR (3) 404 Seite nicht gefunden
REMOTE_ADDR: 66.249.66.26
HTTP_REFERER: 
requested: array(3) {
  ["controller"] => string(3) "lib"
  ["action"] => string(5) "index"
  ["module"] => string(7) "default"
}


--------------------------------------------------------------------------------
2018-09-06T21:52:56+00:00 ERR (3) 404 Seite nicht gefunden
REMOTE_ADDR: 66.249.66.24
HTTP_REFERER: 
requested: array(3) {
  ["controller"] => string(5) "tests"
  ["action"] => string(5) "index"
  ["module"] => string(7) "default"
}


--------------------------------------------------------------------------------
2018-09-06T22:37:53+00:00 ERR (3) 404 Seite nicht gefunden
REMOTE_ADDR: 66.249.66.26
HTTP_REFERER: 
requested: array(4) {
  ["controller"] => string(5) "diary"
  ["action"] => string(29) "tag:graphicore.de,2013-11-12:"
  ["diary"] => string(27) "2013111216002052825094cba29"
  ["module"] => string(7) "default"
}


--------------------------------------------------------------------------------
2018-09-06T22:39:32+00:00 ERR (3) 404 Seite nicht gefunden
REMOTE_ADDR: 66.249.66.25
HTTP_REFERER: 
requested: array(4) {
  ["controller"] => string(5) "diary"
  ["action"] => string(29) "tag:graphicore.de,2010-10-18:"
  ["diary"] => string(27) "201010181349214cbc5061f0048"
  ["module"] => string(7) "default"
}


--------------------------------------------------------------------------------
2018-09-06T22:41:25+00:00 ERR (3) 404 Seite nicht gefunden
REMOTE_ADDR: 66.249.66.26
HTTP_REFERER: 
requested: array(4) {
  ["controller"] => string(5) "diary"
  ["action"] => string(29) "tag:graphicore.de,2013-06-06:"
  ["diary"] => string(27) "2013060618252451b0d41400bf3"
  ["module"] => string(7) "default"
}


--------------------------------------------------------------------------------
2018-09-06T22:43:08+00:00 ERR (3) 404 Seite nicht gefunden
REMOTE_ADDR: 66.249.66.25
HTTP_REFERER: 
requested: array(4) {
  ["controller"] => string(5) "diary"
  ["action"] => string(29) "tag:graphicore.de,2013-06-12:"
  ["diary"] => string(27) "2013061209052451b839d4ca32b"
  ["module"] => string(7) "default"
}


--------------------------------------------------------------------------------
2018-09-06T22:45:02+00:00 ERR (3) 404 Seite nicht gefunden
REMOTE_ADDR: 66.249.66.26
HTTP_REFERER: 
requested: array(4) {
  ["controller"] => string(5) "diary"
  ["action"] => string(29) "tag:graphicore.de,2013-06-07:"
  ["diary"] => string(27) "2013060714011251b1e7a8c1407"
  ["module"] => string(7) "default"
}


--------------------------------------------------------------------------------
2018-09-06T22:47:00+00:00 ERR (3) 404 Seite nicht gefunden
REMOTE_ADDR: 66.249.66.25
HTTP_REFERER: 
requested: array(4) {
  ["controller"] => string(5) "diary"
  ["action"] => string(29) "tag:graphicore.de,2010-09-27:"
  ["diary"] => string(27) "201009272109094ca107f52b79c"
  ["module"] => string(7) "default"
}


--------------------------------------------------------------------------------
2018-09-06T22:49:03+00:00 ERR (3) 404 Seite nicht gefunden
REMOTE_ADDR: 66.249.66.25
HTTP_REFERER: 
requested: array(4) {
  ["controller"] => string(5) "diary"
  ["action"] => string(29) "tag:graphicore.de,2014-02-27:"
  ["diary"] => string(27) "20140227142708530f4b3c7eae4"
  ["module"] => string(7) "default"
}


--------------------------------------------------------------------------------
2018-09-06T22:51:33+00:00 ERR (3) 404 Seite nicht gefunden
REMOTE_ADDR: 66.249.66.24
HTTP_REFERER: 
requested: array(4) {
  ["controller"] => string(5) "diary"
  ["action"] => string(29) "tag:graphicore.de,2010-09-23:"
  ["diary"] => string(27) "201009231107214c9b34e9d0274"
  ["module"] => string(7) "default"
}


--------------------------------------------------------------------------------
2018-09-06T22:53:37+00:00 ERR (3) 404 Seite nicht gefunden
REMOTE_ADDR: 66.249.66.24
HTTP_REFERER: 
requested: array(4) {
  ["controller"] => string(5) "diary"
  ["action"] => string(29) "tag:graphicore.de,2015-07-28:"
  ["diary"] => string(27) "2015072812483855b77a264cda6"
  ["module"] => string(7) "default"
}


--------------------------------------------------------------------------------
2018-09-06T22:55:54+00:00 ERR (3) 404 Seite nicht gefunden
REMOTE_ADDR: 66.249.66.24
HTTP_REFERER: 
requested: array(4) {
  ["controller"] => string(5) "diary"
  ["action"] => string(29) "tag:graphicore.de,2013-11-13:"
  ["diary"] => string(27) "201311131703405283b0ecf2532"
  ["module"] => string(7) "default"
}


--------------------------------------------------------------------------------
2018-09-06T22:58:02+00:00 ERR (3) 404 Seite nicht gefunden
REMOTE_ADDR: 66.249.66.24
HTTP_REFERER: 
requested: array(4) {
  ["controller"] => string(5) "diary"
  ["action"] => string(29) "tag:graphicore.de,2014-02-27:"
  ["diary"] => string(27) "20140227115040530f26907c1a8"
  ["module"] => string(7) "default"
}


--------------------------------------------------------------------------------
2018-09-06T23:00:26+00:00 ERR (3) 404 Seite nicht gefunden
REMOTE_ADDR: 66.249.66.25
HTTP_REFERER: 
requested: array(4) {
  ["controller"] => string(5) "diary"
  ["action"] => string(29) "tag:graphicore.de,2010-08-31:"
  ["diary"] => string(27) "201008310024084c7c4ba816ac5"
  ["module"] => string(7) "default"
}


--------------------------------------------------------------------------------
2018-09-06T23:02:53+00:00 ERR (3) 404 Seite nicht gefunden
REMOTE_ADDR: 66.249.66.25
HTTP_REFERER: 
requested: array(4) {
  ["controller"] => string(5) "diary"
  ["action"] => string(29) "tag:graphicore.de,2013-01-31:"
  ["diary"] => string(27) "20130131135955510a78db3e0d6"
  ["module"] => string(7) "default"
}


--------------------------------------------------------------------------------
2018-09-06T23:05:01+00:00 ERR (3) 404 Seite nicht gefunden
REMOTE_ADDR: 66.249.66.26
HTTP_REFERER: 
requested: array(4) {
  ["controller"] => string(5) "diary"
  ["action"] => string(29) "tag:graphicore.de,2010-10-01:"
  ["diary"] => string(27) "201010011553324ca603fcc53f3"
  ["module"] => string(7) "default"
}


--------------------------------------------------------------------------------
2018-09-06T23:07:24+00:00 ERR (3) 404 Seite nicht gefunden
REMOTE_ADDR: 66.249.66.24
HTTP_REFERER: 
requested: array(4) {
  ["controller"] => string(5) "diary"
  ["action"] => string(29) "tag:graphicore.de,2012-09-02:"
  ["diary"] => string(27) "201209021920375043b185ef245"
  ["module"] => string(7) "default"
}


--------------------------------------------------------------------------------
2018-09-06T23:09:18+00:00 ERR (3) 404 Seite nicht gefunden
REMOTE_ADDR: 66.249.66.24
HTTP_REFERER: 
requested: array(4) {
  ["controller"] => string(5) "diary"
  ["action"] => string(29) "tag:graphicore.de,2010-07-09:"
  ["diary"] => string(27) "201007091937074c377a6340b8b"
  ["module"] => string(7) "default"
}


--------------------------------------------------------------------------------
2018-09-06T23:11:33+00:00 ERR (3) 404 Seite nicht gefunden
REMOTE_ADDR: 66.249.66.25
HTTP_REFERER: 
requested: array(4) {
  ["controller"] => string(5) "diary"
  ["action"] => string(29) "tag:graphicore.de,2010-10-06:"
  ["diary"] => string(27) "201010061331004cac7a14de999"
  ["module"] => string(7) "default"
}


--------------------------------------------------------------------------------
2018-09-06T23:13:29+00:00 ERR (3) 404 Seite nicht gefunden
REMOTE_ADDR: 66.249.66.64
HTTP_REFERER: 
requested: array(4) {
  ["controller"] => string(5) "diary"
  ["action"] => string(29) "tag:graphicore.de,2013-11-12:"
  ["diary"] => string(27) "2013111217533652826b2018ca8"
  ["module"] => string(7) "default"
}


--------------------------------------------------------------------------------
2018-09-06T23:15:57+00:00 ERR (3) 404 Seite nicht gefunden
REMOTE_ADDR: 66.249.66.24
HTTP_REFERER: 
requested: array(4) {
  ["controller"] => string(5) "diary"
  ["action"] => string(29) "tag:graphicore.de,2010-10-12:"
  ["diary"] => string(27) "201010121448344cb475424313c"
  ["module"] => string(7) "default"
}


--------------------------------------------------------------------------------
2018-09-06T23:18:20+00:00 ERR (3) 404 Seite nicht gefunden
REMOTE_ADDR: 66.249.66.24
HTTP_REFERER: 
requested: array(4) {
  ["controller"] => string(5) "diary"
  ["action"] => string(29) "tag:graphicore.de,2012-01-17:"
  ["diary"] => string(27) "201201171404524f15800404a4f"
  ["module"] => string(7) "default"
}


--------------------------------------------------------------------------------
2018-09-06T23:22:44+00:00 ERR (3) 404 Seite nicht gefunden
REMOTE_ADDR: 66.249.66.24
HTTP_REFERER: 
requested: array(4) {
  ["controller"] => string(5) "diary"
  ["action"] => string(29) "tag:graphicore.de,2010-09-27:"
  ["diary"] => string(27) "201009272105474ca1072b79bf6"
  ["module"] => string(7) "default"
}


--------------------------------------------------------------------------------
