2013-09-23T01:12:34+00:00 ERR (3) 404 "hire-lasse" was not found.
REMOTE_ADDR: 193.200.241.160
HTTP_REFERER: 
requested: array(5) {
  ["lang"] => string(2) "de"
  ["action"] => string(4) "page"
  ["key"] => string(10) "hire-lasse"
  ["module"] => string(7) "default"
  ["controller"] => string(5) "index"
}


--------------------------------------------------------------------------------
2013-09-23T03:48:57+00:00 ERR (3) 404 Seite nicht gefunden
REMOTE_ADDR: 198.27.66.38
HTTP_REFERER: 
requested: array(3) {
  ["controller"] => string(20) "apple-touch-icon.png"
  ["action"] => string(5) "index"
  ["module"] => string(7) "default"
}


--------------------------------------------------------------------------------
2013-09-23T05:21:01+00:00 ERR (3) 404 Seite nicht gefunden
REMOTE_ADDR: 198.27.82.151
HTTP_REFERER: 
requested: array(3) {
  ["controller"] => string(20) "apple-touch-icon.png"
  ["action"] => string(5) "index"
  ["module"] => string(7) "default"
}


--------------------------------------------------------------------------------
2013-09-23T06:02:33+00:00 ERR (3) 404 Seite nicht gefunden
REMOTE_ADDR: 198.27.66.78
HTTP_REFERER: 
requested: array(3) {
  ["controller"] => string(20) "apple-touch-icon.png"
  ["action"] => string(5) "index"
  ["module"] => string(7) "default"
}


--------------------------------------------------------------------------------
2013-09-23T06:34:12+00:00 ERR (3) 404 Seite nicht gefunden
REMOTE_ADDR: 198.27.82.146
HTTP_REFERER: 
requested: array(3) {
  ["controller"] => string(20) "apple-touch-icon.png"
  ["action"] => string(5) "index"
  ["module"] => string(7) "default"
}


--------------------------------------------------------------------------------
2013-09-23T07:02:47+00:00 ERR (3) 404 Seite nicht gefunden
REMOTE_ADDR: 198.27.82.191
HTTP_REFERER: 
requested: array(3) {
  ["controller"] => string(20) "apple-touch-icon.png"
  ["action"] => string(5) "index"
  ["module"] => string(7) "default"
}


--------------------------------------------------------------------------------
2013-09-23T07:29:12+00:00 ERR (3) 404 Seite nicht gefunden
REMOTE_ADDR: 198.27.82.183
HTTP_REFERER: 
requested: array(3) {
  ["controller"] => string(20) "apple-touch-icon.png"
  ["action"] => string(5) "index"
  ["module"] => string(7) "default"
}


--------------------------------------------------------------------------------
2013-09-23T07:54:16+00:00 ERR (3) 404 Seite nicht gefunden
REMOTE_ADDR: 198.27.82.150
HTTP_REFERER: 
requested: array(3) {
  ["controller"] => string(20) "apple-touch-icon.png"
  ["action"] => string(5) "index"
  ["module"] => string(7) "default"
}


--------------------------------------------------------------------------------
2013-09-23T21:33:36+00:00 ERR (3) 404 Seite nicht gefunden
REMOTE_ADDR: 184.154.231.15
HTTP_REFERER: 
requested: array(3) {
  ["controller"] => string(9) "wordpress"
  ["action"] => string(8) "wp-admin"
  ["module"] => string(7) "default"
}


--------------------------------------------------------------------------------
2013-09-23T22:01:58+00:00 ERR (3) 404 Seite nicht gefunden
REMOTE_ADDR: 204.11.245.203
HTTP_REFERER: 
requested: array(3) {
  ["controller"] => string(4) "blog"
  ["action"] => string(8) "wp-admin"
  ["module"] => string(7) "default"
}


--------------------------------------------------------------------------------
2013-09-23T22:20:14+00:00 ERR (3) 404 Seite nicht gefunden
REMOTE_ADDR: 85.25.26.206
HTTP_REFERER: 
requested: array(3) {
  ["controller"] => string(8) "wp-admin"
  ["action"] => string(5) "index"
  ["module"] => string(7) "default"
}


--------------------------------------------------------------------------------
2013-09-23T22:35:09+00:00 ERR (3) 404 Seite nicht gefunden
REMOTE_ADDR: 67.215.172.14
HTTP_REFERER: 
requested: array(3) {
  ["controller"] => string(2) "wp"
  ["action"] => string(8) "wp-admin"
  ["module"] => string(7) "default"
}


--------------------------------------------------------------------------------
