2017-09-10T01:47:03+00:00 ERR (3) 404 Seite nicht gefunden
REMOTE_ADDR: 89.189.108.163
HTTP_REFERER: http://graphicore.de/forum/index.php
requested: array(3) {
  ["controller"] => string(5) "forum"
  ["action"] => string(9) "index.php"
  ["module"] => string(7) "default"
}


--------------------------------------------------------------------------------
2017-09-10T14:06:07+00:00 ERR (3) 404 "hire-lasse" was not found.
REMOTE_ADDR: 66.249.76.70
HTTP_REFERER: 
requested: array(5) {
  ["lang"] => string(2) "de"
  ["action"] => string(4) "page"
  ["key"] => string(10) "hire-lasse"
  ["module"] => string(7) "default"
  ["controller"] => string(5) "index"
}


--------------------------------------------------------------------------------
2017-09-10T23:21:32+00:00 ERR (3) 404 Seite nicht gefunden
REMOTE_ADDR: 201.18.18.173
HTTP_REFERER: 
requested: array(3) {
  ["controller"] => string(11) "wp-includes"
  ["action"] => string(15) "wlwmanifest.xml"
  ["module"] => string(7) "default"
}


--------------------------------------------------------------------------------
2017-09-10T23:21:33+00:00 ERR (3) 404 Seite nicht gefunden
REMOTE_ADDR: 201.18.18.173
HTTP_REFERER: 
requested: array(3) {
  ["controller"] => string(4) "blog"
  ["action"] => string(11) "wp-includes"
  ["module"] => string(7) "default"
}


--------------------------------------------------------------------------------
2017-09-10T23:21:33+00:00 ERR (3) 404 Seite nicht gefunden
REMOTE_ADDR: 201.18.18.173
HTTP_REFERER: 
requested: array(3) {
  ["controller"] => string(9) "wordpress"
  ["action"] => string(11) "wp-includes"
  ["module"] => string(7) "default"
}


--------------------------------------------------------------------------------
2017-09-10T23:21:33+00:00 ERR (3) 404 Seite nicht gefunden
REMOTE_ADDR: 201.18.18.173
HTTP_REFERER: 
requested: array(3) {
  ["controller"] => string(2) "wp"
  ["action"] => string(11) "wp-includes"
  ["module"] => string(7) "default"
}


--------------------------------------------------------------------------------
2017-09-10T23:21:33+00:00 ERR (3) 404 Seite nicht gefunden
REMOTE_ADDR: 201.18.18.173
HTTP_REFERER: 
requested: array(3) {
  ["controller"] => string(4) "site"
  ["action"] => string(11) "wp-includes"
  ["module"] => string(7) "default"
}


--------------------------------------------------------------------------------
2017-09-10T23:21:34+00:00 ERR (3) 404 Seite nicht gefunden
REMOTE_ADDR: 201.18.18.173
HTTP_REFERER: 
requested: array(3) {
  ["controller"] => string(3) "cms"
  ["action"] => string(11) "wp-includes"
  ["module"] => string(7) "default"
}


--------------------------------------------------------------------------------
2017-09-10T23:24:11+00:00 ERR (3) 404 Seite nicht gefunden
REMOTE_ADDR: 31.129.170.42
HTTP_REFERER: 
requested: array(3) {
  ["controller"] => string(5) "forum"
  ["action"] => string(9) "index.php"
  ["module"] => string(7) "default"
}


--------------------------------------------------------------------------------
2017-09-10T23:24:11+00:00 ERR (3) 404 Seite nicht gefunden
REMOTE_ADDR: 31.129.170.42
HTTP_REFERER: 
requested: array(3) {
  ["controller"] => string(5) "forum"
  ["action"] => string(9) "index.php"
  ["module"] => string(7) "default"
}


--------------------------------------------------------------------------------
