2018-07-13T00:06:25+00:00 ERR (3) 404 "competences" was not found.
REMOTE_ADDR: 54.224.60.122
HTTP_REFERER: 
requested: array(5) {
  ["lang"] => string(2) "de"
  ["action"] => string(4) "page"
  ["key"] => string(11) "competences"
  ["module"] => string(7) "default"
  ["controller"] => string(5) "index"
}


--------------------------------------------------------------------------------
2018-07-13T01:44:36+00:00 ERR (3) 404 Seite nicht gefunden
REMOTE_ADDR: 92.80.115.224
HTTP_REFERER: 
requested: array(4) {
  ["controller"] => string(6) "https:"
  [""] => string(19) "silber-und-blei.com"
  ["action"] => string(5) "index"
  ["module"] => string(7) "default"
}


--------------------------------------------------------------------------------
2018-07-13T04:05:46+00:00 ERR (3) 404 "hire-lasse" was not found.
REMOTE_ADDR: 35.239.135.210
HTTP_REFERER: 
requested: array(5) {
  ["lang"] => string(2) "en"
  ["action"] => string(4) "page"
  ["key"] => string(10) "hire-lasse"
  ["module"] => string(7) "default"
  ["controller"] => string(5) "index"
}


--------------------------------------------------------------------------------
2018-07-13T07:49:36+00:00 ERR (3) 404 Seite nicht gefunden
REMOTE_ADDR: 87.210.17.86
HTTP_REFERER: 
requested: array(3) {
  ["controller"] => string(6) "https:"
  ["action"] => string(19) "silber-und-blei.com"
  ["module"] => string(7) "default"
}


--------------------------------------------------------------------------------
2018-07-13T09:50:58+00:00 ERR (3) 404 Seite nicht gefunden
REMOTE_ADDR: 92.80.115.224
HTTP_REFERER: 
requested: array(3) {
  ["controller"] => string(6) "https:"
  ["action"] => string(19) "silber-und-blei.com"
  ["module"] => string(7) "default"
}


--------------------------------------------------------------------------------
2018-07-13T10:48:12+00:00 ERR (3) 404 Seite nicht gefunden
REMOTE_ADDR: 87.210.17.86
HTTP_REFERER: 
requested: array(4) {
  ["controller"] => string(6) "https:"
  [""] => string(19) "silber-und-blei.com"
  ["action"] => string(5) "index"
  ["module"] => string(7) "default"
}


--------------------------------------------------------------------------------
