2019-11-03T08:59:48+00:00 ERR (3) 404 Page not found
REMOTE_ADDR: 157.245.230.184
HTTP_REFERER: 
requested: array(3) {
  ["controller"] => string(11) "wp-includes"
  ["action"] => string(15) "wlwmanifest.xml"
  ["module"] => string(7) "default"
}


--------------------------------------------------------------------------------
2019-11-03T08:59:49+00:00 ERR (3) 404 Page not found
REMOTE_ADDR: 157.245.230.184
HTTP_REFERER: 
requested: array(3) {
  ["controller"] => string(4) "blog"
  ["action"] => string(11) "wp-includes"
  ["module"] => string(7) "default"
}


--------------------------------------------------------------------------------
2019-11-03T08:59:49+00:00 ERR (3) 404 Page not found
REMOTE_ADDR: 157.245.230.184
HTTP_REFERER: 
requested: array(3) {
  ["controller"] => string(3) "web"
  ["action"] => string(11) "wp-includes"
  ["module"] => string(7) "default"
}


--------------------------------------------------------------------------------
2019-11-03T08:59:50+00:00 ERR (3) 404 Page not found
REMOTE_ADDR: 157.245.230.184
HTTP_REFERER: 
requested: array(3) {
  ["controller"] => string(9) "wordpress"
  ["action"] => string(11) "wp-includes"
  ["module"] => string(7) "default"
}


--------------------------------------------------------------------------------
2019-11-03T08:59:50+00:00 ERR (3) 404 Page not found
REMOTE_ADDR: 157.245.230.184
HTTP_REFERER: 
requested: array(3) {
  ["controller"] => string(7) "website"
  ["action"] => string(11) "wp-includes"
  ["module"] => string(7) "default"
}


--------------------------------------------------------------------------------
2019-11-03T08:59:50+00:00 ERR (3) 404 Page not found
REMOTE_ADDR: 157.245.230.184
HTTP_REFERER: 
requested: array(3) {
  ["controller"] => string(2) "wp"
  ["action"] => string(11) "wp-includes"
  ["module"] => string(7) "default"
}


--------------------------------------------------------------------------------
2019-11-03T08:59:51+00:00 ERR (3) 404 Page not found
REMOTE_ADDR: 157.245.230.184
HTTP_REFERER: 
requested: array(3) {
  ["controller"] => string(4) "news"
  ["action"] => string(11) "wp-includes"
  ["module"] => string(7) "default"
}


--------------------------------------------------------------------------------
2019-11-03T08:59:51+00:00 ERR (3) 404 Page not found
REMOTE_ADDR: 157.245.230.184
HTTP_REFERER: 
requested: array(3) {
  ["controller"] => string(4) "2015"
  ["action"] => string(11) "wp-includes"
  ["module"] => string(7) "default"
}


--------------------------------------------------------------------------------
2019-11-03T08:59:52+00:00 ERR (3) 404 Page not found
REMOTE_ADDR: 157.245.230.184
HTTP_REFERER: 
requested: array(3) {
  ["controller"] => string(4) "2016"
  ["action"] => string(11) "wp-includes"
  ["module"] => string(7) "default"
}


--------------------------------------------------------------------------------
2019-11-03T08:59:52+00:00 ERR (3) 404 Page not found
REMOTE_ADDR: 157.245.230.184
HTTP_REFERER: 
requested: array(3) {
  ["controller"] => string(4) "2017"
  ["action"] => string(11) "wp-includes"
  ["module"] => string(7) "default"
}


--------------------------------------------------------------------------------
2019-11-03T08:59:52+00:00 ERR (3) 404 Page not found
REMOTE_ADDR: 157.245.230.184
HTTP_REFERER: 
requested: array(3) {
  ["controller"] => string(4) "2018"
  ["action"] => string(11) "wp-includes"
  ["module"] => string(7) "default"
}


--------------------------------------------------------------------------------
2019-11-03T08:59:53+00:00 ERR (3) 404 Page not found
REMOTE_ADDR: 157.245.230.184
HTTP_REFERER: 
requested: array(3) {
  ["controller"] => string(4) "shop"
  ["action"] => string(11) "wp-includes"
  ["module"] => string(7) "default"
}


--------------------------------------------------------------------------------
2019-11-03T08:59:53+00:00 ERR (3) 404 Page not found
REMOTE_ADDR: 157.245.230.184
HTTP_REFERER: 
requested: array(3) {
  ["controller"] => string(3) "wp1"
  ["action"] => string(11) "wp-includes"
  ["module"] => string(7) "default"
}


--------------------------------------------------------------------------------
2019-11-03T08:59:54+00:00 ERR (3) 404 Page not found
REMOTE_ADDR: 157.245.230.184
HTTP_REFERER: 
requested: array(3) {
  ["controller"] => string(4) "test"
  ["action"] => string(11) "wp-includes"
  ["module"] => string(7) "default"
}


--------------------------------------------------------------------------------
2019-11-03T08:59:54+00:00 ERR (3) 404 Page not found
REMOTE_ADDR: 157.245.230.184
HTTP_REFERER: 
requested: array(3) {
  ["controller"] => string(5) "media"
  ["action"] => string(11) "wp-includes"
  ["module"] => string(7) "default"
}


--------------------------------------------------------------------------------
2019-11-03T08:59:54+00:00 ERR (3) 404 Page not found
REMOTE_ADDR: 157.245.230.184
HTTP_REFERER: 
requested: array(3) {
  ["controller"] => string(3) "wp2"
  ["action"] => string(11) "wp-includes"
  ["module"] => string(7) "default"
}


--------------------------------------------------------------------------------
2019-11-03T08:59:55+00:00 ERR (3) 404 Page not found
REMOTE_ADDR: 157.245.230.184
HTTP_REFERER: 
requested: array(3) {
  ["controller"] => string(4) "site"
  ["action"] => string(11) "wp-includes"
  ["module"] => string(7) "default"
}


--------------------------------------------------------------------------------
2019-11-03T08:59:55+00:00 ERR (3) 404 Page not found
REMOTE_ADDR: 157.245.230.184
HTTP_REFERER: 
requested: array(3) {
  ["controller"] => string(3) "cms"
  ["action"] => string(11) "wp-includes"
  ["module"] => string(7) "default"
}


--------------------------------------------------------------------------------
2019-11-03T08:59:56+00:00 ERR (3) 404 Page not found
REMOTE_ADDR: 157.245.230.184
HTTP_REFERER: 
requested: array(3) {
  ["controller"] => string(4) "sito"
  ["action"] => string(11) "wp-includes"
  ["module"] => string(7) "default"
}


--------------------------------------------------------------------------------
2019-11-03T10:12:01+00:00 ERR (3) 404 Page not found
REMOTE_ADDR: 157.245.230.184
HTTP_REFERER: 
requested: array(4) {
  ["controller"] => string(6) "vendor"
  ["action"] => string(7) "phpunit"
  ["phpunit"] => string(11) "phpunit.xsd"
  ["module"] => string(7) "default"
}


--------------------------------------------------------------------------------
