2015-04-20T06:06:28+00:00 ERR (3) 404 Seite nicht gefunden
REMOTE_ADDR: 173.243.112.214
HTTP_REFERER: 
requested: array(4) {
  ["controller"] => string(6) "https:"
  [""] => string(19) "silber-und-blei.com"
  ["action"] => string(5) "index"
  ["module"] => string(7) "default"
}


--------------------------------------------------------------------------------
2015-04-20T06:06:29+00:00 ERR (3) 404 Seite nicht gefunden
REMOTE_ADDR: 173.243.112.214
HTTP_REFERER: 
requested: array(3) {
  ["controller"] => string(2) "js"
  ["action"] => string(1) "'"
  ["module"] => string(7) "default"
}


--------------------------------------------------------------------------------
2015-04-20T09:30:25+00:00 ERR (3) 404 "" was not found.
REMOTE_ADDR: 46.119.113.155
HTTP_REFERER: http://ikidz.ru/
requested: array(5) {
  ["lang"] => string(2) "en"
  ["action"] => string(7) "archive"
  ["module"] => string(7) "default"
  ["controller"] => string(5) "index"
  ["key"] => string(0) ""
}


--------------------------------------------------------------------------------
2015-04-20T09:30:26+00:00 ERR (3) 404 "" was not found.
REMOTE_ADDR: 46.119.113.155
HTTP_REFERER: http://ikidz.ru/
requested: array(5) {
  ["lang"] => string(2) "en"
  ["action"] => string(7) "archive"
  ["module"] => string(7) "default"
  ["controller"] => string(5) "index"
  ["key"] => string(0) ""
}


--------------------------------------------------------------------------------
2015-04-20T11:05:08+00:00 ERR (3) 404 "" was not found.
REMOTE_ADDR: 134.249.53.8
HTTP_REFERER: http://megamix-media.com/
requested: array(5) {
  ["lang"] => string(2) "en"
  ["action"] => string(7) "archive"
  ["module"] => string(7) "default"
  ["controller"] => string(5) "index"
  ["key"] => string(0) ""
}


--------------------------------------------------------------------------------
2015-04-20T11:05:09+00:00 ERR (3) 404 "" was not found.
REMOTE_ADDR: 134.249.53.8
HTTP_REFERER: http://megamix-media.com/
requested: array(5) {
  ["lang"] => string(2) "en"
  ["action"] => string(7) "archive"
  ["module"] => string(7) "default"
  ["controller"] => string(5) "index"
  ["key"] => string(0) ""
}


--------------------------------------------------------------------------------
2015-04-20T11:05:09+00:00 ERR (3) 404 "" was not found.
REMOTE_ADDR: 134.249.53.8
HTTP_REFERER: http://megamix-media.com/
requested: array(5) {
  ["lang"] => string(2) "en"
  ["action"] => string(7) "archive"
  ["module"] => string(7) "default"
  ["controller"] => string(5) "index"
  ["key"] => string(0) ""
}


--------------------------------------------------------------------------------
2015-04-20T11:07:41+00:00 ERR (3) 404 Seite nicht gefunden
REMOTE_ADDR: 66.249.79.141
HTTP_REFERER: 
requested: array(8) {
  ["controller"] => string(5) "forum"
  ["action"] => string(13) "viewtopic.php"
  ["module"] => string(7) "default"
  ["t"] => string(2) "13"
  ["start"] => string(1) "0"
  ["postdays"] => string(1) "0"
  ["postorder"] => string(3) "asc"
  ["highlight"] => string(0) ""
}


--------------------------------------------------------------------------------
2015-04-20T13:35:22+00:00 ERR (3) 404 Page not found
REMOTE_ADDR: 94.131.14.7
HTTP_REFERER: 
requested: array(3) {
  ["controller"] => string(4) "blog"
  ["action"] => string(13) "administrator"
  ["module"] => string(7) "default"
}


--------------------------------------------------------------------------------
2015-04-20T13:35:22+00:00 ERR (3) 404 Page not found
REMOTE_ADDR: 94.131.14.7
HTTP_REFERER: 
requested: array(3) {
  ["controller"] => string(4) "blog"
  ["action"] => string(5) "index"
  ["module"] => string(7) "default"
}


--------------------------------------------------------------------------------
2015-04-20T13:35:22+00:00 ERR (3) 404 Page not found
REMOTE_ADDR: 94.131.14.7
HTTP_REFERER: 
requested: array(3) {
  ["controller"] => string(4) "blog"
  ["action"] => string(12) "wp-login.php"
  ["module"] => string(7) "default"
}


--------------------------------------------------------------------------------
2015-04-20T14:57:47+00:00 ERR (3) 404 "" was not found.
REMOTE_ADDR: 178.137.85.64
HTTP_REFERER: http://doeco.ru/
requested: array(5) {
  ["lang"] => string(2) "en"
  ["action"] => string(7) "archive"
  ["module"] => string(7) "default"
  ["controller"] => string(5) "index"
  ["key"] => string(0) ""
}


--------------------------------------------------------------------------------
2015-04-20T14:57:47+00:00 ERR (3) 404 "" was not found.
REMOTE_ADDR: 178.137.85.64
HTTP_REFERER: http://porno.sexy/
requested: array(5) {
  ["lang"] => string(2) "en"
  ["action"] => string(7) "archive"
  ["module"] => string(7) "default"
  ["controller"] => string(5) "index"
  ["key"] => string(0) ""
}


--------------------------------------------------------------------------------
2015-04-20T14:57:47+00:00 ERR (3) 404 "" was not found.
REMOTE_ADDR: 178.137.85.64
HTTP_REFERER: http://doeco.ru/
requested: array(5) {
  ["lang"] => string(2) "en"
  ["action"] => string(7) "archive"
  ["module"] => string(7) "default"
  ["controller"] => string(5) "index"
  ["key"] => string(0) ""
}


--------------------------------------------------------------------------------
2015-04-20T14:57:47+00:00 ERR (3) 404 "" was not found.
REMOTE_ADDR: 178.137.85.64
HTTP_REFERER: http://porno.sexy/
requested: array(5) {
  ["lang"] => string(2) "en"
  ["action"] => string(7) "archive"
  ["module"] => string(7) "default"
  ["controller"] => string(5) "index"
  ["key"] => string(0) ""
}


--------------------------------------------------------------------------------
2015-04-20T14:57:47+00:00 ERR (3) 404 "" was not found.
REMOTE_ADDR: 178.137.85.64
HTTP_REFERER: http://doeco.ru/
requested: array(5) {
  ["lang"] => string(2) "en"
  ["action"] => string(7) "archive"
  ["module"] => string(7) "default"
  ["controller"] => string(5) "index"
  ["key"] => string(0) ""
}


--------------------------------------------------------------------------------
2015-04-20T14:57:48+00:00 ERR (3) 404 "" was not found.
REMOTE_ADDR: 178.137.85.64
HTTP_REFERER: http://porno.sexy/
requested: array(5) {
  ["lang"] => string(2) "en"
  ["action"] => string(7) "archive"
  ["module"] => string(7) "default"
  ["controller"] => string(5) "index"
  ["key"] => string(0) ""
}


--------------------------------------------------------------------------------
2015-04-20T16:45:20+00:00 ERR (3) 404 Seite nicht gefunden
REMOTE_ADDR: 92.53.113.220
HTTP_REFERER: 
requested: array(3) {
  ["controller"] => string(8) "wp-admin"
  ["action"] => string(5) "index"
  ["module"] => string(7) "default"
}


--------------------------------------------------------------------------------
2015-04-20T16:54:20+00:00 ERR (3) 404 Seite nicht gefunden
REMOTE_ADDR: 90.146.4.162
HTTP_REFERER: 
requested: array(3) {
  ["controller"] => string(4) "test"
  ["action"] => string(8) "wp-admin"
  ["module"] => string(7) "default"
}


--------------------------------------------------------------------------------
2015-04-20T17:03:39+00:00 ERR (3) 404 Seite nicht gefunden
REMOTE_ADDR: 74.200.208.58
HTTP_REFERER: 
requested: array(3) {
  ["controller"] => string(9) "wordpress"
  ["action"] => string(8) "wp-admin"
  ["module"] => string(7) "default"
}


--------------------------------------------------------------------------------
2015-04-20T17:12:48+00:00 ERR (3) 404 Seite nicht gefunden
REMOTE_ADDR: 66.226.146.1
HTTP_REFERER: 
requested: array(3) {
  ["controller"] => string(4) "blog"
  ["action"] => string(8) "wp-admin"
  ["module"] => string(7) "default"
}


--------------------------------------------------------------------------------
2015-04-20T17:21:41+00:00 ERR (3) 404 Seite nicht gefunden
REMOTE_ADDR: 67.231.16.42
HTTP_REFERER: 
requested: array(3) {
  ["controller"] => string(2) "wp"
  ["action"] => string(8) "wp-admin"
  ["module"] => string(7) "default"
}


--------------------------------------------------------------------------------
2015-04-20T17:30:48+00:00 ERR (3) 404 Seite nicht gefunden
REMOTE_ADDR: 69.163.222.180
HTTP_REFERER: 
requested: array(3) {
  ["controller"] => string(3) "old"
  ["action"] => string(8) "wp-admin"
  ["module"] => string(7) "default"
}


--------------------------------------------------------------------------------
2015-04-20T19:21:34+00:00 ERR (3) 404 Seite nicht gefunden
REMOTE_ADDR: 66.216.170.29
HTTP_REFERER: 
requested: array(3) {
  ["controller"] => string(8) "wp-admin"
  ["action"] => string(5) "index"
  ["module"] => string(7) "default"
}


--------------------------------------------------------------------------------
2015-04-20T19:49:06+00:00 ERR (3) 404 Seite nicht gefunden
REMOTE_ADDR: 79.170.44.85
HTTP_REFERER: 
requested: array(3) {
  ["controller"] => string(4) "blog"
  ["action"] => string(8) "wp-admin"
  ["module"] => string(7) "default"
}


--------------------------------------------------------------------------------
2015-04-20T19:57:59+00:00 ERR (3) 404 Seite nicht gefunden
REMOTE_ADDR: 176.223.122.130
HTTP_REFERER: 
requested: array(3) {
  ["controller"] => string(2) "wp"
  ["action"] => string(8) "wp-admin"
  ["module"] => string(7) "default"
}


--------------------------------------------------------------------------------
2015-04-20T21:53:59+00:00 ERR (3) 404 Seite nicht gefunden
REMOTE_ADDR: 188.165.192.204
HTTP_REFERER: 
requested: array(4) {
  ["controller"] => string(10) "ajaxplorer"
  ["action"] => string(7) "plugins"
  ["editor.zoho"] => string(19) "class.ZohoEditor.js"
  ["module"] => string(7) "default"
}


--------------------------------------------------------------------------------
2015-04-20T21:53:59+00:00 ERR (3) 404 Seite nicht gefunden
REMOTE_ADDR: 188.165.192.204
HTTP_REFERER: 
requested: array(4) {
  ["controller"] => string(5) "files"
  ["action"] => string(7) "plugins"
  ["editor.zoho"] => string(19) "class.ZohoEditor.js"
  ["module"] => string(7) "default"
}


--------------------------------------------------------------------------------
2015-04-20T21:53:59+00:00 ERR (3) 404 Seite nicht gefunden
REMOTE_ADDR: 188.165.192.204
HTTP_REFERER: 
requested: array(4) {
  ["controller"] => string(8) "intranet"
  ["action"] => string(7) "plugins"
  ["editor.zoho"] => string(19) "class.ZohoEditor.js"
  ["module"] => string(7) "default"
}


--------------------------------------------------------------------------------
2015-04-20T21:53:59+00:00 ERR (3) 404 Seite nicht gefunden
REMOTE_ADDR: 188.165.192.204
HTTP_REFERER: 
requested: array(4) {
  ["controller"] => string(4) "docs"
  ["action"] => string(7) "plugins"
  ["editor.zoho"] => string(19) "class.ZohoEditor.js"
  ["module"] => string(7) "default"
}


--------------------------------------------------------------------------------
2015-04-20T21:53:59+00:00 ERR (3) 404 Seite nicht gefunden
REMOTE_ADDR: 188.165.192.204
HTTP_REFERER: 
requested: array(4) {
  ["controller"] => string(8) "explorer"
  ["action"] => string(7) "plugins"
  ["editor.zoho"] => string(19) "class.ZohoEditor.js"
  ["module"] => string(7) "default"
}


--------------------------------------------------------------------------------
2015-04-20T21:53:59+00:00 ERR (3) 404 Seite nicht gefunden
REMOTE_ADDR: 188.165.192.204
HTTP_REFERER: 
requested: array(4) {
  ["controller"] => string(7) "xplorer"
  ["action"] => string(7) "plugins"
  ["editor.zoho"] => string(19) "class.ZohoEditor.js"
  ["module"] => string(7) "default"
}


--------------------------------------------------------------------------------
2015-04-20T21:54:00+00:00 ERR (3) 404 Seite nicht gefunden
REMOTE_ADDR: 188.165.192.204
HTTP_REFERER: 
requested: array(4) {
  ["controller"] => string(4) "ajax"
  ["action"] => string(7) "plugins"
  ["editor.zoho"] => string(19) "class.ZohoEditor.js"
  ["module"] => string(7) "default"
}


--------------------------------------------------------------------------------
2015-04-20T21:54:00+00:00 ERR (3) 404 Seite nicht gefunden
REMOTE_ADDR: 188.165.192.204
HTTP_REFERER: 
requested: array(4) {
  ["controller"] => string(5) "share"
  ["action"] => string(7) "plugins"
  ["editor.zoho"] => string(19) "class.ZohoEditor.js"
  ["module"] => string(7) "default"
}


--------------------------------------------------------------------------------
2015-04-20T21:54:00+00:00 ERR (3) 404 Seite nicht gefunden
REMOTE_ADDR: 188.165.192.204
HTTP_REFERER: 
requested: array(4) {
  ["controller"] => string(3) "ftp"
  ["action"] => string(7) "plugins"
  ["editor.zoho"] => string(19) "class.ZohoEditor.js"
  ["module"] => string(7) "default"
}


--------------------------------------------------------------------------------
2015-04-20T21:54:00+00:00 ERR (3) 404 Seite nicht gefunden
REMOTE_ADDR: 188.165.192.204
HTTP_REFERER: 
requested: array(4) {
  ["controller"] => string(11) "filemanager"
  ["action"] => string(7) "plugins"
  ["editor.zoho"] => string(19) "class.ZohoEditor.js"
  ["module"] => string(7) "default"
}


--------------------------------------------------------------------------------
2015-04-20T21:54:00+00:00 ERR (3) 404 Seite nicht gefunden
REMOTE_ADDR: 188.165.192.204
HTTP_REFERER: 
requested: array(4) {
  ["controller"] => string(4) "FILE"
  ["action"] => string(7) "plugins"
  ["editor.zoho"] => string(19) "class.ZohoEditor.js"
  ["module"] => string(7) "default"
}


--------------------------------------------------------------------------------
2015-04-20T21:54:00+00:00 ERR (3) 404 Seite nicht gefunden
REMOTE_ADDR: 188.165.192.204
HTTP_REFERER: 
requested: array(4) {
  ["controller"] => string(10) "repository"
  ["action"] => string(7) "plugins"
  ["editor.zoho"] => string(19) "class.ZohoEditor.js"
  ["module"] => string(7) "default"
}


--------------------------------------------------------------------------------
2015-04-20T21:54:00+00:00 ERR (3) 404 Seite nicht gefunden
REMOTE_ADDR: 188.165.192.204
HTTP_REFERER: 
requested: array(4) {
  ["controller"] => string(5) "admin"
  ["action"] => string(7) "plugins"
  ["editor.zoho"] => string(19) "class.ZohoEditor.js"
  ["module"] => string(7) "default"
}


--------------------------------------------------------------------------------
2015-04-20T21:54:00+00:00 ERR (3) 404 Seite nicht gefunden
REMOTE_ADDR: 188.165.192.204
HTTP_REFERER: 
requested: array(4) {
  ["controller"] => string(6) "upload"
  ["action"] => string(7) "plugins"
  ["editor.zoho"] => string(19) "class.ZohoEditor.js"
  ["module"] => string(7) "default"
}


--------------------------------------------------------------------------------
2015-04-20T21:54:00+00:00 ERR (3) 404 Seite nicht gefunden
REMOTE_ADDR: 188.165.192.204
HTTP_REFERER: 
requested: array(4) {
  ["controller"] => string(9) "fileshare"
  ["action"] => string(7) "plugins"
  ["editor.zoho"] => string(19) "class.ZohoEditor.js"
  ["module"] => string(7) "default"
}


--------------------------------------------------------------------------------
2015-04-20T21:54:00+00:00 ERR (3) 404 Seite nicht gefunden
REMOTE_ADDR: 188.165.192.204
HTTP_REFERER: 
requested: array(4) {
  ["controller"] => string(2) "ax"
  ["action"] => string(7) "plugins"
  ["editor.zoho"] => string(19) "class.ZohoEditor.js"
  ["module"] => string(7) "default"
}


--------------------------------------------------------------------------------
2015-04-20T21:54:01+00:00 ERR (3) 404 Seite nicht gefunden
REMOTE_ADDR: 188.165.192.204
HTTP_REFERER: 
requested: array(4) {
  ["controller"] => string(11) "file_server"
  ["action"] => string(7) "plugins"
  ["editor.zoho"] => string(19) "class.ZohoEditor.js"
  ["module"] => string(7) "default"
}


--------------------------------------------------------------------------------
2015-04-20T21:54:01+00:00 ERR (3) 404 Seite nicht gefunden
REMOTE_ADDR: 188.165.192.204
HTTP_REFERER: 
requested: array(4) {
  ["controller"] => string(9) "customers"
  ["action"] => string(7) "plugins"
  ["editor.zoho"] => string(19) "class.ZohoEditor.js"
  ["module"] => string(7) "default"
}


--------------------------------------------------------------------------------
2015-04-20T21:54:01+00:00 ERR (3) 404 Seite nicht gefunden
REMOTE_ADDR: 188.165.192.204
HTTP_REFERER: 
requested: array(5) {
  ["controller"] => string(6) "office"
  ["action"] => string(6) "public"
  ["assets"] => string(10) "javascript"
  ["ckeditor"] => string(11) "ckeditor.js"
  ["module"] => string(7) "default"
}


--------------------------------------------------------------------------------
2015-04-20T21:54:01+00:00 ERR (3) 404 Seite nicht gefunden
REMOTE_ADDR: 188.165.192.204
HTTP_REFERER: 
requested: array(5) {
  ["controller"] => string(8) "projects"
  ["action"] => string(6) "public"
  ["assets"] => string(10) "javascript"
  ["ckeditor"] => string(11) "ckeditor.js"
  ["module"] => string(7) "default"
}


--------------------------------------------------------------------------------
2015-04-20T21:54:01+00:00 ERR (3) 404 Seite nicht gefunden
REMOTE_ADDR: 188.165.192.204
HTTP_REFERER: 
requested: array(5) {
  ["controller"] => string(4) "feng"
  ["action"] => string(6) "public"
  ["assets"] => string(10) "javascript"
  ["ckeditor"] => string(11) "ckeditor.js"
  ["module"] => string(7) "default"
}


--------------------------------------------------------------------------------
2015-04-20T21:54:01+00:00 ERR (3) 404 Seite nicht gefunden
REMOTE_ADDR: 188.165.192.204
HTTP_REFERER: 
requested: array(5) {
  ["controller"] => string(7) "project"
  ["action"] => string(6) "public"
  ["assets"] => string(10) "javascript"
  ["ckeditor"] => string(11) "ckeditor.js"
  ["module"] => string(7) "default"
}


--------------------------------------------------------------------------------
2015-04-20T21:54:01+00:00 ERR (3) 404 Seite nicht gefunden
REMOTE_ADDR: 188.165.192.204
HTTP_REFERER: 
requested: array(5) {
  ["controller"] => string(10) "fengoffice"
  ["action"] => string(6) "public"
  ["assets"] => string(10) "javascript"
  ["ckeditor"] => string(11) "ckeditor.js"
  ["module"] => string(7) "default"
}


--------------------------------------------------------------------------------
2015-04-20T21:54:01+00:00 ERR (3) 404 Seite nicht gefunden
REMOTE_ADDR: 188.165.192.204
HTTP_REFERER: 
requested: array(4) {
  ["controller"] => string(6) "public"
  ["action"] => string(6) "assets"
  ["javascript"] => string(8) "ckeditor"
  ["module"] => string(7) "default"
}


--------------------------------------------------------------------------------
2015-04-20T21:54:01+00:00 ERR (3) 404 Seite nicht gefunden
REMOTE_ADDR: 188.165.192.204
HTTP_REFERER: 
requested: array(5) {
  ["controller"] => string(7) "clients"
  ["action"] => string(6) "public"
  ["assets"] => string(10) "javascript"
  ["ckeditor"] => string(11) "ckeditor.js"
  ["module"] => string(7) "default"
}


--------------------------------------------------------------------------------
2015-04-20T21:54:01+00:00 ERR (3) 404 Seite nicht gefunden
REMOTE_ADDR: 188.165.192.204
HTTP_REFERER: 
requested: array(5) {
  ["controller"] => string(11) "filemanager"
  ["action"] => string(6) "public"
  ["assets"] => string(10) "javascript"
  ["ckeditor"] => string(11) "ckeditor.js"
  ["module"] => string(7) "default"
}


--------------------------------------------------------------------------------
2015-04-20T21:54:02+00:00 ERR (3) 404 Seite nicht gefunden
REMOTE_ADDR: 188.165.192.204
HTTP_REFERER: 
requested: array(3) {
  ["controller"] => string(5) "forum"
  ["action"] => string(4) "chat"
  ["module"] => string(7) "default"
}


--------------------------------------------------------------------------------
2015-04-20T21:54:02+00:00 ERR (3) 404 Seite nicht gefunden
REMOTE_ADDR: 188.165.192.204
HTTP_REFERER: 
requested: array(3) {
  ["controller"] => string(6) "forums"
  ["action"] => string(4) "chat"
  ["module"] => string(7) "default"
}


--------------------------------------------------------------------------------
2015-04-20T21:54:02+00:00 ERR (3) 404 Seite nicht gefunden
REMOTE_ADDR: 188.165.192.204
HTTP_REFERER: 
requested: array(3) {
  ["controller"] => string(4) "chat"
  ["action"] => string(10) "upload.php"
  ["module"] => string(7) "default"
}


--------------------------------------------------------------------------------
2015-04-20T21:54:02+00:00 ERR (3) 404 Seite nicht gefunden
REMOTE_ADDR: 188.165.192.204
HTTP_REFERER: 
requested: array(4) {
  ["controller"] => string(5) "sites"
  ["action"] => string(3) "all"
  ["libraries"] => string(8) "elfinder"
  ["module"] => string(7) "default"
}


--------------------------------------------------------------------------------
2015-04-20T21:54:02+00:00 ERR (3) 404 Seite nicht gefunden
REMOTE_ADDR: 188.165.192.204
HTTP_REFERER: 
requested: array(5) {
  ["controller"] => string(6) "drupal"
  ["action"] => string(5) "sites"
  ["all"] => string(9) "libraries"
  ["elfinder"] => string(17) "elfinder.php.html"
  ["module"] => string(7) "default"
}


--------------------------------------------------------------------------------
2015-04-20T21:54:02+00:00 ERR (3) 404 Seite nicht gefunden
REMOTE_ADDR: 188.165.192.204
HTTP_REFERER: 
requested: array(3) {
  ["controller"] => string(17) "elfinder.php.html"
  ["action"] => string(5) "index"
  ["module"] => string(7) "default"
}


--------------------------------------------------------------------------------
2015-04-20T21:54:02+00:00 ERR (3) 404 Seite nicht gefunden
REMOTE_ADDR: 188.165.192.204
HTTP_REFERER: 
requested: array(4) {
  ["controller"] => string(5) "sites"
  ["action"] => string(3) "all"
  ["modules"] => string(8) "elfinder"
  ["module"] => string(7) "default"
}


--------------------------------------------------------------------------------
2015-04-20T21:54:02+00:00 ERR (3) 404 Seite nicht gefunden
REMOTE_ADDR: 188.165.192.204
HTTP_REFERER: 
requested: array(3) {
  ["controller"] => string(8) "elfinder"
  ["action"] => string(17) "elfinder.php.html"
  ["module"] => string(7) "default"
}


--------------------------------------------------------------------------------
2015-04-20T21:54:02+00:00 ERR (3) 404 Seite nicht gefunden
REMOTE_ADDR: 188.165.192.204
HTTP_REFERER: 
requested: array(3) {
  ["controller"] => string(6) "finder"
  ["action"] => string(17) "elfinder.php.html"
  ["module"] => string(7) "default"
}


--------------------------------------------------------------------------------
2015-04-20T21:54:02+00:00 ERR (3) 404 Seite nicht gefunden
REMOTE_ADDR: 188.165.192.204
HTTP_REFERER: 
requested: array(3) {
  ["controller"] => string(2) "js"
  ["action"] => string(8) "elfinder"
  ["module"] => string(7) "default"
}


--------------------------------------------------------------------------------
2015-04-20T21:54:03+00:00 ERR (3) 404 Seite nicht gefunden
REMOTE_ADDR: 188.165.192.204
HTTP_REFERER: 
requested: array(3) {
  ["controller"] => string(7) "scripts"
  ["action"] => string(8) "elfinder"
  ["module"] => string(7) "default"
}


--------------------------------------------------------------------------------
2015-04-20T21:54:03+00:00 ERR (3) 404 Seite nicht gefunden
REMOTE_ADDR: 188.165.192.204
HTTP_REFERER: 
requested: array(4) {
  ["controller"] => string(6) "public"
  ["action"] => string(7) "scripts"
  ["elfinder"] => string(17) "elfinder.php.html"
  ["module"] => string(7) "default"
}


--------------------------------------------------------------------------------
2015-04-20T21:54:03+00:00 ERR (3) 404 Seite nicht gefunden
REMOTE_ADDR: 188.165.192.204
HTTP_REFERER: 
requested: array(4) {
  ["controller"] => string(4) "html"
  ["action"] => string(3) "lib"
  ["elfinder"] => string(17) "elfinder.php.html"
  ["module"] => string(7) "default"
}


--------------------------------------------------------------------------------
2015-04-20T21:54:03+00:00 ERR (3) 404 Seite nicht gefunden
REMOTE_ADDR: 188.165.192.204
HTTP_REFERER: 
requested: array(4) {
  ["controller"] => string(13) "administrator"
  ["action"] => string(3) "lib"
  ["elfinder"] => string(17) "elfinder.php.html"
  ["module"] => string(7) "default"
}


--------------------------------------------------------------------------------
2015-04-20T21:54:03+00:00 ERR (3) 404 Seite nicht gefunden
REMOTE_ADDR: 188.165.192.204
HTTP_REFERER: 
requested: array(3) {
  ["controller"] => string(3) "lib"
  ["action"] => string(8) "elfinder"
  ["module"] => string(7) "default"
}


--------------------------------------------------------------------------------
2015-04-20T21:54:03+00:00 ERR (3) 404 Seite nicht gefunden
REMOTE_ADDR: 188.165.192.204
HTTP_REFERER: 
requested: array(3) {
  ["controller"] => string(5) "admin"
  ["action"] => string(8) "elfinder"
  ["module"] => string(7) "default"
}


--------------------------------------------------------------------------------
2015-04-20T21:54:03+00:00 ERR (3) 404 Seite nicht gefunden
REMOTE_ADDR: 188.165.192.204
HTTP_REFERER: 
requested: array(4) {
  ["controller"] => string(5) "sites"
  ["action"] => string(3) "all"
  ["libraries"] => string(8) "elfinder"
  ["module"] => string(7) "default"
}


--------------------------------------------------------------------------------
2015-04-20T21:54:03+00:00 ERR (3) 404 Seite nicht gefunden
REMOTE_ADDR: 188.165.192.204
HTTP_REFERER: 
requested: array(3) {
  ["controller"] => string(3) "lib"
  ["action"] => string(8) "elfinder"
  ["module"] => string(7) "default"
}


--------------------------------------------------------------------------------
2015-04-20T21:54:03+00:00 ERR (3) 404 Seite nicht gefunden
REMOTE_ADDR: 188.165.192.204
HTTP_REFERER: 
requested: array(3) {
  ["controller"] => string(6) "assets"
  ["action"] => string(8) "elfinder"
  ["module"] => string(7) "default"
}


--------------------------------------------------------------------------------
2015-04-20T21:54:03+00:00 ERR (3) 404 Seite nicht gefunden
REMOTE_ADDR: 188.165.192.204
HTTP_REFERER: 
requested: array(3) {
  ["controller"] => string(8) "elfinder"
  ["action"] => string(13) "elfinder.html"
  ["module"] => string(7) "default"
}


--------------------------------------------------------------------------------
2015-04-20T21:54:04+00:00 ERR (3) 404 Seite nicht gefunden
REMOTE_ADDR: 188.165.192.204
HTTP_REFERER: 
requested: array(3) {
  ["controller"] => string(13) "elfinder.html"
  ["action"] => string(5) "index"
  ["module"] => string(7) "default"
}


--------------------------------------------------------------------------------
2015-04-20T21:54:04+00:00 ERR (3) 404 Seite nicht gefunden
REMOTE_ADDR: 188.165.192.204
HTTP_REFERER: 
requested: array(4) {
  ["controller"] => string(4) "core"
  ["action"] => string(8) "ckeditor"
  ["plugins"] => string(8) "elfinder"
  ["module"] => string(7) "default"
}


--------------------------------------------------------------------------------
2015-04-20T21:54:04+00:00 ERR (3) 404 Seite nicht gefunden
REMOTE_ADDR: 188.165.192.204
HTTP_REFERER: 
requested: array(3) {
  ["controller"] => string(2) "js"
  ["action"] => string(8) "elfinder"
  ["module"] => string(7) "default"
}


--------------------------------------------------------------------------------
2015-04-20T21:54:04+00:00 ERR (3) 404 Seite nicht gefunden
REMOTE_ADDR: 188.165.192.204
HTTP_REFERER: 
requested: array(4) {
  ["controller"] => string(5) "sites"
  ["action"] => string(3) "all"
  ["modules"] => string(8) "elfinder"
  ["module"] => string(7) "default"
}


--------------------------------------------------------------------------------
2015-04-20T21:54:04+00:00 ERR (3) 404 Seite nicht gefunden
REMOTE_ADDR: 188.165.192.204
HTTP_REFERER: 
requested: array(3) {
  ["controller"] => string(7) "scripts"
  ["action"] => string(8) "elfinder"
  ["module"] => string(7) "default"
}


--------------------------------------------------------------------------------
2015-04-20T21:54:04+00:00 ERR (3) 404 Seite nicht gefunden
REMOTE_ADDR: 188.165.192.204
HTTP_REFERER: 
requested: array(3) {
  ["controller"] => string(11) "filemanager"
  ["action"] => string(13) "elfinder.html"
  ["module"] => string(7) "default"
}


--------------------------------------------------------------------------------
2015-04-20T21:54:04+00:00 ERR (3) 404 Seite nicht gefunden
REMOTE_ADDR: 188.165.192.204
HTTP_REFERER: 
requested: array(3) {
  ["controller"] => string(4) "edit"
  ["action"] => string(8) "elfinder"
  ["module"] => string(7) "default"
}


--------------------------------------------------------------------------------
2015-04-20T21:54:04+00:00 ERR (3) 404 Seite nicht gefunden
REMOTE_ADDR: 188.165.192.204
HTTP_REFERER: 
requested: array(4) {
  ["controller"] => string(7) "modules"
  ["action"] => string(8) "tadtools"
  ["ckeditor"] => string(8) "elFinder"
  ["module"] => string(7) "default"
}


--------------------------------------------------------------------------------
2015-04-20T21:54:04+00:00 ERR (3) 404 Seite nicht gefunden
REMOTE_ADDR: 188.165.192.204
HTTP_REFERER: 
requested: array(3) {
  ["controller"] => string(10) "components"
  ["action"] => string(8) "elfinder"
  ["module"] => string(7) "default"
}


--------------------------------------------------------------------------------
2015-04-20T21:54:04+00:00 ERR (3) 404 Seite nicht gefunden
REMOTE_ADDR: 188.165.192.204
HTTP_REFERER: 
requested: array(4) {
  ["controller"] => string(5) "media"
  ["action"] => string(2) "js"
  ["plugins"] => string(11) "elfinder2.0"
  ["module"] => string(7) "default"
}


--------------------------------------------------------------------------------
2015-04-20T21:54:05+00:00 ERR (3) 404 Seite nicht gefunden
REMOTE_ADDR: 188.165.192.204
HTTP_REFERER: 
requested: array(4) {
  ["controller"] => string(2) "js"
  ["action"] => string(7) "plugins"
  ["elfinder2.0"] => string(13) "elfinder.html"
  ["module"] => string(7) "default"
}


--------------------------------------------------------------------------------
2015-04-20T21:54:05+00:00 ERR (3) 404 Seite nicht gefunden
REMOTE_ADDR: 188.165.192.204
HTTP_REFERER: 
requested: array(4) {
  ["controller"] => string(6) "vendor"
  ["action"] => string(9) "mihaildev"
  ["yii2-elfinder"] => string(6) "assets"
  ["module"] => string(7) "default"
}


--------------------------------------------------------------------------------
2015-04-20T21:54:05+00:00 ERR (3) 404 Seite nicht gefunden
REMOTE_ADDR: 188.165.192.204
HTTP_REFERER: 
requested: array(5) {
  ["controller"] => string(6) "themes"
  ["action"] => string(5) "admin"
  ["js"] => string(7) "plugins"
  ["elfinder"] => string(13) "elfinder.html"
  ["module"] => string(7) "default"
}


--------------------------------------------------------------------------------
2015-04-20T21:54:05+00:00 ERR (3) 404 Seite nicht gefunden
REMOTE_ADDR: 188.165.192.204
HTTP_REFERER: 
requested: array(4) {
  ["controller"] => string(2) "js"
  ["action"] => string(3) "lib"
  ["elfinder"] => string(13) "elfinder.html"
  ["module"] => string(7) "default"
}


--------------------------------------------------------------------------------
2015-04-20T21:54:05+00:00 ERR (3) 404 Seite nicht gefunden
REMOTE_ADDR: 188.165.192.204
HTTP_REFERER: 
requested: array(4) {
  ["controller"] => string(6) "System"
  ["action"] => string(7) "Plugins"
  ["elfinder"] => string(13) "elfinder.html"
  ["module"] => string(7) "default"
}


--------------------------------------------------------------------------------
2015-04-20T21:54:05+00:00 ERR (3) 404 Seite nicht gefunden
REMOTE_ADDR: 188.165.192.204
HTTP_REFERER: 
requested: array(3) {
  ["controller"] => string(4) "blog"
  ["action"] => string(13) "elfinder.html"
  ["module"] => string(7) "default"
}


--------------------------------------------------------------------------------
2015-04-20T21:54:05+00:00 ERR (3) 404 Seite nicht gefunden
REMOTE_ADDR: 188.165.192.204
HTTP_REFERER: 
requested: array(4) {
  ["controller"] => string(6) "assets"
  ["action"] => string(3) "lib"
  ["elfinder"] => string(13) "elfinder.html"
  ["module"] => string(7) "default"
}


--------------------------------------------------------------------------------
2015-04-20T21:54:05+00:00 ERR (3) 404 Seite nicht gefunden
REMOTE_ADDR: 188.165.192.204
HTTP_REFERER: 
requested: array(3) {
  ["controller"] => string(7) "bdfiles"
  ["action"] => string(13) "elfinder.html"
  ["module"] => string(7) "default"
}


--------------------------------------------------------------------------------
2015-04-20T21:54:05+00:00 ERR (3) 404 Seite nicht gefunden
REMOTE_ADDR: 188.165.192.204
HTTP_REFERER: 
requested: array(3) {
  ["controller"] => string(8) "ckeditor"
  ["action"] => string(8) "elfinder"
  ["module"] => string(7) "default"
}


--------------------------------------------------------------------------------
2015-04-20T21:54:05+00:00 ERR (3) 404 Seite nicht gefunden
REMOTE_ADDR: 188.165.192.204
HTTP_REFERER: 
requested: array(3) {
  ["controller"] => string(6) "finder"
  ["action"] => string(13) "elfinder.html"
  ["module"] => string(7) "default"
}


--------------------------------------------------------------------------------
2015-04-20T21:54:06+00:00 ERR (3) 404 Seite nicht gefunden
REMOTE_ADDR: 188.165.192.204
HTTP_REFERER: 
requested: array(4) {
  ["controller"] => string(5) "4dm1n"
  ["action"] => string(6) "assets"
  ["js"] => string(8) "ckfinder"
  ["module"] => string(7) "default"
}


--------------------------------------------------------------------------------
2015-04-20T21:54:06+00:00 ERR (3) 404 Seite nicht gefunden
REMOTE_ADDR: 188.165.192.204
HTTP_REFERER: 
requested: array(4) {
  ["controller"] => string(6) "4_demo"
  ["action"] => string(2) "js"
  ["lib"] => string(8) "elfinder"
  ["module"] => string(7) "default"
}


--------------------------------------------------------------------------------
2015-04-20T21:54:06+00:00 ERR (3) 404 Page not found
REMOTE_ADDR: 188.165.192.204
HTTP_REFERER: 
requested: array(5) {
  ["lang"] => string(2) "en"
  ["action"] => string(8) "ckfinder"
  ["key"] => string(13) "elfinder.html"
  ["module"] => string(7) "default"
  ["controller"] => string(5) "index"
}


--------------------------------------------------------------------------------
2015-04-20T21:54:06+00:00 ERR (3) 404 Seite nicht gefunden
REMOTE_ADDR: 188.165.192.204
HTTP_REFERER: 
requested: array(4) {
  ["controller"] => string(5) "admin"
  ["action"] => string(6) "assets"
  ["elfinder"] => string(13) "elfinder.html"
  ["module"] => string(7) "default"
}


--------------------------------------------------------------------------------
2015-04-20T21:54:06+00:00 ERR (3) 404 Seite nicht gefunden
REMOTE_ADDR: 188.165.192.204
HTTP_REFERER: 
requested: array(3) {
  ["controller"] => string(1) "w"
  ["action"] => string(16) "elfinder-2.0-rc1"
  ["module"] => string(7) "default"
}


--------------------------------------------------------------------------------
2015-04-20T21:54:06+00:00 ERR (3) 404 Seite nicht gefunden
REMOTE_ADDR: 188.165.192.204
HTTP_REFERER: 
requested: array(4) {
  ["controller"] => string(4) "home"
  ["action"] => string(6) "assets"
  ["js"] => string(8) "ckfinder"
  ["module"] => string(7) "default"
}


--------------------------------------------------------------------------------
2015-04-20T21:54:06+00:00 ERR (3) 404 Seite nicht gefunden
REMOTE_ADDR: 188.165.192.204
HTTP_REFERER: 
requested: array(4) {
  ["controller"] => string(6) "assets"
  ["action"] => string(3) "lib"
  ["elfinder-2.0-rc1"] => string(13) "elfinder.html"
  ["module"] => string(7) "default"
}


--------------------------------------------------------------------------------
2015-04-20T21:54:06+00:00 ERR (3) 404 Seite nicht gefunden
REMOTE_ADDR: 188.165.192.204
HTTP_REFERER: 
requested: array(4) {
  ["controller"] => string(13) "module-assets"
  ["action"] => string(5) "admin"
  ["elfinder"] => string(13) "elfinder.html"
  ["module"] => string(7) "default"
}


--------------------------------------------------------------------------------
2015-04-20T21:54:06+00:00 ERR (3) 404 Seite nicht gefunden
REMOTE_ADDR: 188.165.192.204
HTTP_REFERER: 
requested: array(4) {
  ["controller"] => string(3) "var"
  ["action"] => string(8) "ckeditor"
  ["elfinder"] => string(13) "elfinder.html"
  ["module"] => string(7) "default"
}


--------------------------------------------------------------------------------
2015-04-20T21:54:06+00:00 ERR (3) 404 Seite nicht gefunden
REMOTE_ADDR: 188.165.192.204
HTTP_REFERER: 
requested: array(4) {
  ["controller"] => string(9) "resources"
  ["action"] => string(11) "html_editor"
  ["ckfinder"] => string(13) "elfinder.html"
  ["module"] => string(7) "default"
}


--------------------------------------------------------------------------------
2015-04-20T21:54:07+00:00 ERR (3) 404 Seite nicht gefunden
REMOTE_ADDR: 188.165.192.204
HTTP_REFERER: 
requested: array(4) {
  ["controller"] => string(6) "assets"
  ["action"] => string(10) "components"
  ["elfinder"] => string(13) "elfinder.html"
  ["module"] => string(7) "default"
}


--------------------------------------------------------------------------------
2015-04-20T21:54:07+00:00 ERR (3) 404 Seite nicht gefunden
REMOTE_ADDR: 188.165.192.204
HTTP_REFERER: 
requested: array(4) {
  ["controller"] => string(10) "components"
  ["action"] => string(8) "elfinder"
  ["files"] => string(13) "elfinder.html"
  ["module"] => string(7) "default"
}


--------------------------------------------------------------------------------
2015-04-20T21:54:07+00:00 ERR (3) 404 Seite nicht gefunden
REMOTE_ADDR: 188.165.192.204
HTTP_REFERER: 
requested: array(3) {
  ["controller"] => string(6) "public"
  ["action"] => string(8) "elfinder"
  ["module"] => string(7) "default"
}


--------------------------------------------------------------------------------
