2020-12-23T03:00:41+00:00 ERR (3) 404 "competences" was not found.
REMOTE_ADDR: 62.138.2.14
HTTP_REFERER: 
requested: array(5) {
  ["lang"] => string(2) "de"
  ["action"] => string(4) "page"
  ["key"] => string(11) "competences"
  ["module"] => string(7) "default"
  ["controller"] => string(5) "index"
}


--------------------------------------------------------------------------------
2020-12-23T05:27:54+00:00 ERR (3) 404 "competences" was not found.
REMOTE_ADDR: 62.138.2.14
HTTP_REFERER: 
requested: array(5) {
  ["lang"] => string(2) "de"
  ["action"] => string(4) "page"
  ["key"] => string(11) "competences"
  ["module"] => string(7) "default"
  ["controller"] => string(5) "index"
}


--------------------------------------------------------------------------------
2020-12-23T05:47:12+00:00 ERR (3) 404 "competences" was not found.
REMOTE_ADDR: 62.138.2.14
HTTP_REFERER: 
requested: array(5) {
  ["lang"] => string(2) "en"
  ["action"] => string(4) "page"
  ["key"] => string(11) "competences"
  ["module"] => string(7) "default"
  ["controller"] => string(5) "index"
}


--------------------------------------------------------------------------------
2020-12-23T06:45:40+00:00 ERR (3) 404 "hire-lasse" was not found.
REMOTE_ADDR: 62.138.2.14
HTTP_REFERER: 
requested: array(5) {
  ["lang"] => string(2) "de"
  ["action"] => string(4) "page"
  ["key"] => string(10) "hire-lasse"
  ["module"] => string(7) "default"
  ["controller"] => string(5) "index"
}


--------------------------------------------------------------------------------
2020-12-23T07:32:22+00:00 ERR (3) 404 "competences" was not found.
REMOTE_ADDR: 62.138.2.14
HTTP_REFERER: 
requested: array(5) {
  ["lang"] => string(2) "de"
  ["action"] => string(4) "page"
  ["key"] => string(11) "competences"
  ["module"] => string(7) "default"
  ["controller"] => string(5) "index"
}


--------------------------------------------------------------------------------
2020-12-23T07:52:17+00:00 ERR (3) 404 "competences" was not found.
REMOTE_ADDR: 62.138.2.14
HTTP_REFERER: 
requested: array(5) {
  ["lang"] => string(2) "en"
  ["action"] => string(4) "page"
  ["key"] => string(11) "competences"
  ["module"] => string(7) "default"
  ["controller"] => string(5) "index"
}


--------------------------------------------------------------------------------
2020-12-23T08:25:15+00:00 ERR (3) 404 "hire-lasse" was not found.
REMOTE_ADDR: 62.138.2.14
HTTP_REFERER: 
requested: array(5) {
  ["lang"] => string(2) "en"
  ["action"] => string(4) "page"
  ["key"] => string(10) "hire-lasse"
  ["module"] => string(7) "default"
  ["controller"] => string(5) "index"
}


--------------------------------------------------------------------------------
2020-12-23T09:04:48+00:00 ERR (3) 404 "hire-lasse" was not found.
REMOTE_ADDR: 62.138.2.14
HTTP_REFERER: 
requested: array(5) {
  ["lang"] => string(2) "de"
  ["action"] => string(4) "page"
  ["key"] => string(10) "hire-lasse"
  ["module"] => string(7) "default"
  ["controller"] => string(5) "index"
}


--------------------------------------------------------------------------------
2020-12-23T09:33:29+00:00 ERR (3) 404 Seite nicht gefunden
REMOTE_ADDR: 212.227.216.79
HTTP_REFERER: 
requested: array(3) {
  ["controller"] => string(11) "sitemap.xml"
  ["action"] => string(5) "index"
  ["module"] => string(7) "default"
}


--------------------------------------------------------------------------------
2020-12-23T09:33:32+00:00 ERR (3) 404 Seite nicht gefunden
REMOTE_ADDR: 212.227.216.79
HTTP_REFERER: 
requested: array(3) {
  ["controller"] => string(8) "wp-admin"
  ["action"] => string(14) "admin-ajax.php"
  ["module"] => string(7) "default"
}


--------------------------------------------------------------------------------
2020-12-23T09:54:53+00:00 ERR (3) 404 "competences" was not found.
REMOTE_ADDR: 62.138.2.14
HTTP_REFERER: 
requested: array(5) {
  ["lang"] => string(2) "en"
  ["action"] => string(4) "page"
  ["key"] => string(11) "competences"
  ["module"] => string(7) "default"
  ["controller"] => string(5) "index"
}


--------------------------------------------------------------------------------
2020-12-23T10:33:14+00:00 ERR (3) 404 "hire-lasse" was not found.
REMOTE_ADDR: 62.138.2.14
HTTP_REFERER: 
requested: array(5) {
  ["lang"] => string(2) "en"
  ["action"] => string(4) "page"
  ["key"] => string(10) "hire-lasse"
  ["module"] => string(7) "default"
  ["controller"] => string(5) "index"
}


--------------------------------------------------------------------------------
2020-12-23T11:23:40+00:00 ERR (3) 404 "hire-lasse" was not found.
REMOTE_ADDR: 62.138.2.14
HTTP_REFERER: 
requested: array(5) {
  ["lang"] => string(2) "de"
  ["action"] => string(4) "page"
  ["key"] => string(10) "hire-lasse"
  ["module"] => string(7) "default"
  ["controller"] => string(5) "index"
}


--------------------------------------------------------------------------------
2020-12-23T12:38:11+00:00 ERR (3) 404 "hire-lasse" was not found.
REMOTE_ADDR: 62.138.2.14
HTTP_REFERER: 
requested: array(5) {
  ["lang"] => string(2) "en"
  ["action"] => string(4) "page"
  ["key"] => string(10) "hire-lasse"
  ["module"] => string(7) "default"
  ["controller"] => string(5) "index"
}


--------------------------------------------------------------------------------
2020-12-23T13:25:24+00:00 ERR (3) 404 Seite nicht gefunden
REMOTE_ADDR: 13.66.139.110
HTTP_REFERER: 
requested: array(3) {
  ["controller"] => string(12) "sitemaps.xml"
  ["action"] => string(5) "index"
  ["module"] => string(7) "default"
}


--------------------------------------------------------------------------------
2020-12-23T17:50:47+00:00 ERR (3) 404 Seite nicht gefunden
REMOTE_ADDR: 13.66.139.152
HTTP_REFERER: 
requested: array(3) {
  ["controller"] => string(11) "sitemap.xml"
  ["action"] => string(5) "index"
  ["module"] => string(7) "default"
}


--------------------------------------------------------------------------------
2020-12-23T17:54:10+00:00 ERR (3) 404 Seite nicht gefunden
REMOTE_ADDR: 13.66.139.110
HTTP_REFERER: 
requested: array(3) {
  ["controller"] => string(17) "sitemap_index.xml"
  ["action"] => string(5) "index"
  ["module"] => string(7) "default"
}


--------------------------------------------------------------------------------
2020-12-23T18:14:42+00:00 ERR (3) 404 Seite nicht gefunden
REMOTE_ADDR: 13.66.139.110
HTTP_REFERER: 
requested: array(3) {
  ["controller"] => string(14) "sitemap.xml.gz"
  ["action"] => string(5) "index"
  ["module"] => string(7) "default"
}


--------------------------------------------------------------------------------
