2015-11-25T01:12:34+00:00 ERR (3) 404 "hire-lasse" was not found.
REMOTE_ADDR: 180.76.15.33
HTTP_REFERER: 
requested: array(5) {
  ["lang"] => string(2) "en"
  ["action"] => string(4) "page"
  ["key"] => string(10) "hire-lasse"
  ["module"] => string(7) "default"
  ["controller"] => string(5) "index"
}


--------------------------------------------------------------------------------
2015-11-25T06:55:26+00:00 ERR (3) 404 "hire-lasse" was not found.
REMOTE_ADDR: 40.77.167.47
HTTP_REFERER: 
requested: array(5) {
  ["lang"] => string(2) "de"
  ["action"] => string(4) "page"
  ["key"] => string(10) "hire-lasse"
  ["module"] => string(7) "default"
  ["controller"] => string(5) "index"
}


--------------------------------------------------------------------------------
2015-11-25T09:11:53+00:00 ERR (3) 404 "" was not found.
REMOTE_ADDR: 157.55.39.166
HTTP_REFERER: 
requested: array(5) {
  ["lang"] => string(2) "en"
  ["action"] => string(7) "archive"
  ["module"] => string(7) "default"
  ["controller"] => string(5) "index"
  ["key"] => string(0) ""
}


--------------------------------------------------------------------------------
2015-11-25T10:09:15+00:00 ERR (3) 404 Seite nicht gefunden
REMOTE_ADDR: 207.200.19.14
HTTP_REFERER: 
requested: array(4) {
  ["controller"] => string(6) "https:"
  [""] => string(19) "silber-und-blei.com"
  ["action"] => string(5) "index"
  ["module"] => string(7) "default"
}


--------------------------------------------------------------------------------
2015-11-25T10:09:44+00:00 ERR (3) 404 Seite nicht gefunden
REMOTE_ADDR: 207.200.19.14
HTTP_REFERER: 
requested: array(3) {
  ["controller"] => string(2) "js"
  ["action"] => string(1) "'"
  ["module"] => string(7) "default"
}


--------------------------------------------------------------------------------
2015-11-25T15:10:39+00:00 ERR (3) 404 Seite nicht gefunden
REMOTE_ADDR: 91.61.120.74
HTTP_REFERER: 
requested: array(3) {
  ["controller"] => string(32) "apple-touch-icon-precomposed.png"
  ["action"] => string(5) "index"
  ["module"] => string(7) "default"
}


--------------------------------------------------------------------------------
2015-11-25T15:10:39+00:00 ERR (3) 404 Seite nicht gefunden
REMOTE_ADDR: 91.61.120.74
HTTP_REFERER: 
requested: array(3) {
  ["controller"] => string(20) "apple-touch-icon.png"
  ["action"] => string(5) "index"
  ["module"] => string(7) "default"
}


--------------------------------------------------------------------------------
2015-11-25T17:10:26+00:00 ERR (3) 404 "hire-lasse" was not found.
REMOTE_ADDR: 157.55.39.240
HTTP_REFERER: 
requested: array(5) {
  ["lang"] => string(2) "de"
  ["action"] => string(4) "page"
  ["key"] => string(10) "hire-lasse"
  ["module"] => string(7) "default"
  ["controller"] => string(5) "index"
}


--------------------------------------------------------------------------------
2015-11-25T18:26:04+00:00 ERR (3) 404 Seite nicht gefunden
REMOTE_ADDR: 199.68.207.222
HTTP_REFERER: 
requested: array(4) {
  ["controller"] => string(6) "https:"
  [""] => string(19) "silber-und-blei.com"
  ["action"] => string(5) "index"
  ["module"] => string(7) "default"
}


--------------------------------------------------------------------------------
2015-11-25T18:26:06+00:00 ERR (3) 404 Seite nicht gefunden
REMOTE_ADDR: 199.68.207.222
HTTP_REFERER: 
requested: array(3) {
  ["controller"] => string(2) "js"
  ["action"] => string(1) "'"
  ["module"] => string(7) "default"
}


--------------------------------------------------------------------------------
