2016-03-12T07:26:27+00:00 ERR (3) 404 Seite nicht gefunden
REMOTE_ADDR: 54.236.1.69
HTTP_REFERER: 
requested: array(3) {
  ["controller"] => string(20) "apple-touch-icon.png"
  ["action"] => string(5) "index"
  ["module"] => string(7) "default"
}


--------------------------------------------------------------------------------
2016-03-12T16:45:26+00:00 ERR (3) 404 Seite nicht gefunden
REMOTE_ADDR: 173.247.228.10
HTTP_REFERER: 
requested: array(3) {
  ["controller"] => string(12) "wp-login.php"
  ["action"] => string(5) "index"
  ["module"] => string(7) "default"
}


--------------------------------------------------------------------------------
2016-03-12T20:50:32+00:00 ERR (3) 404 "hire-lasse" was not found.
REMOTE_ADDR: 178.63.86.11
HTTP_REFERER: 
requested: array(5) {
  ["lang"] => string(2) "de"
  ["action"] => string(4) "page"
  ["key"] => string(10) "hire-lasse"
  ["module"] => string(7) "default"
  ["controller"] => string(5) "index"
}


--------------------------------------------------------------------------------
2016-03-12T20:50:33+00:00 ERR (3) 404 "hire-lasse" was not found.
REMOTE_ADDR: 178.63.86.11
HTTP_REFERER: 
requested: array(5) {
  ["lang"] => string(2) "en"
  ["action"] => string(4) "page"
  ["key"] => string(10) "hire-lasse"
  ["module"] => string(7) "default"
  ["controller"] => string(5) "index"
}


--------------------------------------------------------------------------------
