2012-04-21T02:01:55+00:00 ERR (3) 404 Seite nicht gefunden
REMOTE_ADDR: 184.98.187.98
HTTP_REFERER: http://graphicore.de/forum/index.php
requested: array(3) {
  ["controller"] => string(5) "forum"
  ["action"] => string(9) "index.php"
  ["module"] => string(7) "default"
}


--------------------------------------------------------------------------------
2012-04-21T14:01:15+00:00 ERR (3) 404 "" was not found.
REMOTE_ADDR: 157.56.95.138
HTTP_REFERER: 
requested: array(5) {
  ["lang"] => string(2) "de"
  ["action"] => string(7) "archive"
  ["module"] => string(7) "default"
  ["controller"] => string(5) "index"
  ["key"] => string(0) ""
}


--------------------------------------------------------------------------------
2012-04-21T20:35:16+00:00 ERR (3) 404 Seite nicht gefunden
REMOTE_ADDR: 79.220.254.108
HTTP_REFERER: 
requested: array(4) {
  ["controller"] => string(5) "diary"
  ["action"] => string(29) "tag:graphicore.de,2012-01-17:"
  ["diary"] => string(27) "201201171404524f15800404a4f"
  ["module"] => string(7) "default"
}


--------------------------------------------------------------------------------
2012-04-21T20:35:52+00:00 ERR (3) 404 Seite nicht gefunden
REMOTE_ADDR: 79.220.254.108
HTTP_REFERER: 
requested: array(4) {
  ["controller"] => string(5) "diary"
  ["action"] => string(29) "tag:graphicore.de,2012-01-17:"
  ["diary"] => string(27) "201201171404524f15800404a4f"
  ["module"] => string(7) "default"
}


--------------------------------------------------------------------------------
2012-04-21T21:38:42+00:00 ERR (3) 404 Seite nicht gefunden
REMOTE_ADDR: 184.98.187.98
HTTP_REFERER: http://graphicore.de/forum/index.php
requested: array(3) {
  ["controller"] => string(5) "forum"
  ["action"] => string(9) "index.php"
  ["module"] => string(7) "default"
}


--------------------------------------------------------------------------------
