2020-11-17T04:06:49+00:00 ERR (3) 404 Page not found
REMOTE_ADDR: 77.93.211.211
HTTP_REFERER: 
requested: array(3) {
  ["controller"] => string(11) "wp-includes"
  ["action"] => string(15) "wlwmanifest.xml"
  ["module"] => string(7) "default"
}


--------------------------------------------------------------------------------
2020-11-17T04:07:00+00:00 ERR (3) 404 Page not found
REMOTE_ADDR: 50.63.197.88
HTTP_REFERER: 
requested: array(3) {
  ["controller"] => string(2) "wp"
  ["action"] => string(11) "wp-includes"
  ["module"] => string(7) "default"
}


--------------------------------------------------------------------------------
2020-11-17T04:07:16+00:00 ERR (3) 404 Page not found
REMOTE_ADDR: 97.74.24.226
HTTP_REFERER: 
requested: array(3) {
  ["controller"] => string(9) "wordpress"
  ["action"] => string(11) "wp-includes"
  ["module"] => string(7) "default"
}


--------------------------------------------------------------------------------
2020-11-17T04:07:58+00:00 ERR (3) 404 Page not found
REMOTE_ADDR: 97.74.24.215
HTTP_REFERER: 
requested: array(3) {
  ["controller"] => string(4) "site"
  ["action"] => string(11) "wp-includes"
  ["module"] => string(7) "default"
}


--------------------------------------------------------------------------------
2020-11-17T04:08:39+00:00 ERR (3) 404 Page not found
REMOTE_ADDR: 97.74.24.198
HTTP_REFERER: 
requested: array(3) {
  ["controller"] => string(4) "test"
  ["action"] => string(11) "wp-includes"
  ["module"] => string(7) "default"
}


--------------------------------------------------------------------------------
2020-11-17T04:08:55+00:00 ERR (3) 404 Page not found
REMOTE_ADDR: 97.74.24.222
HTTP_REFERER: 
requested: array(3) {
  ["controller"] => string(6) "backup"
  ["action"] => string(11) "wp-includes"
  ["module"] => string(7) "default"
}


--------------------------------------------------------------------------------
2020-11-17T04:09:36+00:00 ERR (3) 404 Page not found
REMOTE_ADDR: 50.62.160.232
HTTP_REFERER: 
requested: array(3) {
  ["controller"] => string(3) "new"
  ["action"] => string(11) "wp-includes"
  ["module"] => string(7) "default"
}


--------------------------------------------------------------------------------
2020-11-17T04:10:21+00:00 ERR (3) 404 Page not found
REMOTE_ADDR: 216.222.194.40
HTTP_REFERER: 
requested: array(3) {
  ["controller"] => string(3) "web"
  ["action"] => string(11) "wp-includes"
  ["module"] => string(7) "default"
}


--------------------------------------------------------------------------------
2020-11-17T04:11:26+00:00 ERR (3) 404 Page not found
REMOTE_ADDR: 23.91.70.46
HTTP_REFERER: 
requested: array(3) {
  ["controller"] => string(4) "home"
  ["action"] => string(11) "wp-includes"
  ["module"] => string(7) "default"
}


--------------------------------------------------------------------------------
2020-11-17T04:13:24+00:00 ERR (3) 404 Page not found
REMOTE_ADDR: 160.153.154.3
HTTP_REFERER: 
requested: array(3) {
  ["controller"] => string(4) "beta"
  ["action"] => string(11) "wp-includes"
  ["module"] => string(7) "default"
}


--------------------------------------------------------------------------------
2020-11-17T04:14:21+00:00 ERR (3) 404 Page not found
REMOTE_ADDR: 198.12.253.83
HTTP_REFERER: 
requested: array(3) {
  ["controller"] => string(4) "shop"
  ["action"] => string(11) "wp-includes"
  ["module"] => string(7) "default"
}


--------------------------------------------------------------------------------
2020-11-17T04:14:33+00:00 ERR (3) 404 Page not found
REMOTE_ADDR: 160.153.153.29
HTTP_REFERER: 
requested: array(3) {
  ["controller"] => string(4) "main"
  ["action"] => string(11) "wp-includes"
  ["module"] => string(7) "default"
}


--------------------------------------------------------------------------------
2020-11-17T04:14:52+00:00 ERR (3) 404 Page not found
REMOTE_ADDR: 160.153.154.20
HTTP_REFERER: 
requested: array(3) {
  ["controller"] => string(2) "v2"
  ["action"] => string(11) "wp-includes"
  ["module"] => string(7) "default"
}


--------------------------------------------------------------------------------
2020-11-17T04:15:38+00:00 ERR (3) 404 Page not found
REMOTE_ADDR: 198.71.239.38
HTTP_REFERER: 
requested: array(3) {
  ["controller"] => string(7) "oldsite"
  ["action"] => string(11) "wp-includes"
  ["module"] => string(7) "default"
}


--------------------------------------------------------------------------------
2020-11-17T04:15:54+00:00 ERR (3) 404 Page not found
REMOTE_ADDR: 198.71.239.46
HTTP_REFERER: 
requested: array(3) {
  ["controller"] => string(7) "website"
  ["action"] => string(11) "wp-includes"
  ["module"] => string(7) "default"
}


--------------------------------------------------------------------------------
2020-11-17T04:16:09+00:00 ERR (3) 404 Page not found
REMOTE_ADDR: 185.46.122.205
HTTP_REFERER: 
requested: array(3) {
  ["controller"] => string(6) "portal"
  ["action"] => string(11) "wp-includes"
  ["module"] => string(7) "default"
}


--------------------------------------------------------------------------------
2020-11-17T04:16:25+00:00 ERR (3) 404 Page not found
REMOTE_ADDR: 162.243.159.4
HTTP_REFERER: 
requested: array(3) {
  ["controller"] => string(4) "2018"
  ["action"] => string(11) "wp-includes"
  ["module"] => string(7) "default"
}


--------------------------------------------------------------------------------
2020-11-17T04:17:38+00:00 ERR (3) 404 Page not found
REMOTE_ADDR: 97.74.24.8
HTTP_REFERER: 
requested: array(3) {
  ["controller"] => string(2) "v1"
  ["action"] => string(11) "wp-includes"
  ["module"] => string(7) "default"
}


--------------------------------------------------------------------------------
2020-11-17T04:17:56+00:00 ERR (3) 404 Page not found
REMOTE_ADDR: 97.74.24.226
HTTP_REFERER: 
requested: array(3) {
  ["controller"] => string(2) "v1"
  ["action"] => string(11) "wp-includes"
  ["module"] => string(7) "default"
}


--------------------------------------------------------------------------------
2020-11-17T04:18:12+00:00 ERR (3) 404 Page not found
REMOTE_ADDR: 185.190.16.70
HTTP_REFERER: 
requested: array(3) {
  ["controller"] => string(1) "1"
  ["action"] => string(11) "wp-includes"
  ["module"] => string(7) "default"
}


--------------------------------------------------------------------------------
2020-11-17T04:18:28+00:00 ERR (3) 404 Page not found
REMOTE_ADDR: 178.210.177.20
HTTP_REFERER: 
requested: array(3) {
  ["controller"] => string(5) "store"
  ["action"] => string(11) "wp-includes"
  ["module"] => string(7) "default"
}


--------------------------------------------------------------------------------
2020-11-17T04:18:40+00:00 ERR (3) 404 Page not found
REMOTE_ADDR: 23.98.66.136
HTTP_REFERER: 
requested: array(3) {
  ["controller"] => string(3) "wp2"
  ["action"] => string(11) "wp-includes"
  ["module"] => string(7) "default"
}


--------------------------------------------------------------------------------
2020-11-17T04:19:19+00:00 ERR (3) 404 Page not found
REMOTE_ADDR: 160.153.154.18
HTTP_REFERER: 
requested: array(3) {
  ["controller"] => string(5) "blogs"
  ["action"] => string(11) "wp-includes"
  ["module"] => string(7) "default"
}


--------------------------------------------------------------------------------
2020-11-17T06:24:22+00:00 ERR (3) 404 Seite nicht gefunden
REMOTE_ADDR: 114.119.156.49
HTTP_REFERER: 
requested: array(3) {
  ["controller"] => string(9) "downloads"
  ["action"] => string(27) "generaltesting.tar.%20gz%20"
  ["module"] => string(7) "default"
}


--------------------------------------------------------------------------------
2020-11-17T09:02:33+00:00 ERR (3) 404 "hire-lasse" was not found.
REMOTE_ADDR: 95.216.96.242
HTTP_REFERER: http://graphicore.de/en/feed/rss
requested: array(5) {
  ["lang"] => string(2) "en"
  ["action"] => string(4) "page"
  ["key"] => string(10) "hire-lasse"
  ["module"] => string(7) "default"
  ["controller"] => string(5) "index"
}


--------------------------------------------------------------------------------
2020-11-17T09:02:35+00:00 ERR (3) 404 "competences" was not found.
REMOTE_ADDR: 95.216.96.242
HTTP_REFERER: http://graphicore.de/de/page/lasse
requested: array(5) {
  ["lang"] => string(2) "de"
  ["action"] => string(4) "page"
  ["key"] => string(11) "competences"
  ["module"] => string(7) "default"
  ["controller"] => string(5) "index"
}


--------------------------------------------------------------------------------
2020-11-17T09:02:36+00:00 ERR (3) 404 "competences" was not found.
REMOTE_ADDR: 95.216.96.242
HTTP_REFERER: http://graphicore.de/en/page/lasse
requested: array(5) {
  ["lang"] => string(2) "en"
  ["action"] => string(4) "page"
  ["key"] => string(11) "competences"
  ["module"] => string(7) "default"
  ["controller"] => string(5) "index"
}


--------------------------------------------------------------------------------
2020-11-17T10:17:32+00:00 ERR (3) 404 Seite nicht gefunden
REMOTE_ADDR: 51.222.43.144
HTTP_REFERER: 
requested: array(3) {
  ["controller"] => string(11) "sitemap.xml"
  ["action"] => string(5) "index"
  ["module"] => string(7) "default"
}


--------------------------------------------------------------------------------
2020-11-17T10:17:43+00:00 ERR (3) 404 Seite nicht gefunden
REMOTE_ADDR: 51.222.43.144
HTTP_REFERER: 
requested: array(3) {
  ["controller"] => string(7) "ads.txt"
  ["action"] => string(5) "index"
  ["module"] => string(7) "default"
}


--------------------------------------------------------------------------------
2020-11-17T16:44:45+00:00 ERR (3) 404 Seite nicht gefunden
REMOTE_ADDR: 47.74.208.76
HTTP_REFERER: 
requested: array(3) {
  ["controller"] => string(4) ".env"
  ["action"] => string(5) "index"
  ["module"] => string(7) "default"
}


--------------------------------------------------------------------------------
2020-11-17T20:14:47+00:00 ERR (3) 404 Seite nicht gefunden
REMOTE_ADDR: 114.119.145.36
HTTP_REFERER: 
requested: array(3) {
  ["controller"] => string(9) "downloads"
  ["action"] => string(27) "generaltesting.tar.%20gz%20"
  ["module"] => string(7) "default"
}


--------------------------------------------------------------------------------
2020-11-17T21:47:56+00:00 ERR (3) 404 "hire-lasse" was not found.
REMOTE_ADDR: 77.75.78.160
HTTP_REFERER: 
requested: array(5) {
  ["lang"] => string(2) "de"
  ["action"] => string(4) "page"
  ["key"] => string(10) "hire-lasse"
  ["module"] => string(7) "default"
  ["controller"] => string(5) "index"
}


--------------------------------------------------------------------------------
2020-11-17T22:29:41+00:00 ERR (3) 404 Seite nicht gefunden
REMOTE_ADDR: 162.243.161.99
HTTP_REFERER: 
requested: array(3) {
  ["controller"] => string(4) ".env"
  ["action"] => string(5) "index"
  ["module"] => string(7) "default"
}


--------------------------------------------------------------------------------
