2014-02-12T10:24:11+00:00 ERR (3) 404 Seite nicht gefunden
REMOTE_ADDR: 185.38.248.223
HTTP_REFERER: http://graphicore.de/forum/
requested: array(3) {
  ["controller"] => string(5) "forum"
  ["action"] => string(5) "index"
  ["module"] => string(7) "default"
}


--------------------------------------------------------------------------------
2014-02-12T16:15:12+00:00 ERR (3) 404 Seite nicht gefunden
REMOTE_ADDR: 77.185.248.123
HTTP_REFERER: 
requested: array(3) {
  ["controller"] => string(11) "sitemap.xml"
  ["action"] => string(5) "index"
  ["module"] => string(7) "default"
}


--------------------------------------------------------------------------------
2014-02-12T18:35:32+00:00 ERR (3) 404 Seite nicht gefunden
REMOTE_ADDR: 37.59.189.238
HTTP_REFERER: 
requested: array(3) {
  ["controller"] => string(6) "https:"
  ["action"] => string(19) "silber-und-blei.com"
  ["module"] => string(7) "default"
}


--------------------------------------------------------------------------------
2014-02-12T18:35:33+00:00 ERR (3) 404 Seite nicht gefunden
REMOTE_ADDR: 37.59.189.238
HTTP_REFERER: 
requested: array(3) {
  ["controller"] => string(2) "js"
  ["action"] => string(1) "'"
  ["module"] => string(7) "default"
}


--------------------------------------------------------------------------------
2014-02-12T18:36:36+00:00 ERR (3) 404 Page not found
REMOTE_ADDR: 37.59.189.238
HTTP_REFERER: 
requested: array(5) {
  ["lang"] => string(2) "en"
  ["action"] => string(6) "https:"
  ["key"] => string(19) "silber-und-blei.com"
  ["module"] => string(7) "default"
  ["controller"] => string(5) "index"
}


--------------------------------------------------------------------------------
2014-02-12T18:36:53+00:00 ERR (3) 404 "hire-lasse" was not found.
REMOTE_ADDR: 37.59.189.238
HTTP_REFERER: 
requested: array(5) {
  ["lang"] => string(2) "de"
  ["action"] => string(4) "page"
  ["key"] => string(10) "hire-lasse"
  ["module"] => string(7) "default"
  ["controller"] => string(5) "index"
}


--------------------------------------------------------------------------------
2014-02-12T18:37:05+00:00 ERR (3) 404 "hire-lasse" was not found.
REMOTE_ADDR: 37.59.189.238
HTTP_REFERER: 
requested: array(5) {
  ["lang"] => string(2) "en"
  ["action"] => string(4) "page"
  ["key"] => string(10) "hire-lasse"
  ["module"] => string(7) "default"
  ["controller"] => string(5) "index"
}


--------------------------------------------------------------------------------
2014-02-12T18:37:15+00:00 ERR (3) 404 Seite nicht gefunden
REMOTE_ADDR: 37.59.189.238
HTTP_REFERER: 
requested: array(4) {
  ["controller"] => string(6) "https:"
  ["action"] => string(19) "silber-und-blei.com"
  ["galerie"] => string(5) "embed"
  ["module"] => string(7) "default"
}


--------------------------------------------------------------------------------
2014-02-12T18:37:24+00:00 ERR (3) 404 "hire-lasse" was not found.
REMOTE_ADDR: 37.59.189.238
HTTP_REFERER: 
requested: array(6) {
  ["lang"] => string(2) "de"
  ["action"] => string(4) "page"
  ["key"] => string(10) "hire-lasse"
  ["https:"] => string(19) "silber-und-blei.com"
  ["module"] => string(7) "default"
  ["controller"] => string(5) "index"
}


--------------------------------------------------------------------------------
2014-02-12T18:37:31+00:00 ERR (3) 404 "hire-lasse" was not found.
REMOTE_ADDR: 37.59.189.238
HTTP_REFERER: 
requested: array(6) {
  ["lang"] => string(2) "en"
  ["action"] => string(4) "page"
  ["key"] => string(10) "hire-lasse"
  ["https:"] => string(19) "silber-und-blei.com"
  ["module"] => string(7) "default"
  ["controller"] => string(5) "index"
}


--------------------------------------------------------------------------------
2014-02-12T18:37:32+00:00 ERR (3) 404 Page not found
REMOTE_ADDR: 37.59.189.238
HTTP_REFERER: 
requested: array(6) {
  ["lang"] => string(2) "en"
  ["action"] => string(6) "https:"
  ["key"] => string(19) "silber-und-blei.com"
  ["galerie"] => string(5) "embed"
  ["module"] => string(7) "default"
  ["controller"] => string(5) "index"
}


--------------------------------------------------------------------------------
2014-02-12T18:37:41+00:00 ERR (3) 404 Seite nicht gefunden
REMOTE_ADDR: 37.59.189.238
HTTP_REFERER: 
requested: array(5) {
  ["controller"] => string(19) "ajax.googleapis.com"
  ["action"] => string(4) "ajax"
  ["libs"] => string(4) "dojo"
  ["1.8.3"] => string(4) "dojo"
  ["module"] => string(7) "default"
}


--------------------------------------------------------------------------------
2014-02-12T18:37:48+00:00 ERR (3) 404 "hire-lasse" was not found.
REMOTE_ADDR: 37.59.189.238
HTTP_REFERER: 
requested: array(6) {
  ["lang"] => string(2) "de"
  ["action"] => string(4) "page"
  ["key"] => string(10) "hire-lasse"
  ["https:"] => string(21) "developers.google.com"
  ["module"] => string(7) "default"
  ["controller"] => string(5) "index"
}


--------------------------------------------------------------------------------
2014-02-12T18:37:56+00:00 ERR (3) 404 "hire-lasse" was not found.
REMOTE_ADDR: 37.59.189.238
HTTP_REFERER: 
requested: array(7) {
  ["lang"] => string(2) "de"
  ["action"] => string(4) "page"
  ["key"] => string(10) "hire-lasse"
  ["https:"] => string(10) "github.com"
  ["jrburke"] => string(4) "r.js"
  ["module"] => string(7) "default"
  ["controller"] => string(5) "index"
}


--------------------------------------------------------------------------------
2014-02-12T18:38:03+00:00 ERR (3) 404 "hire-lasse" was not found.
REMOTE_ADDR: 37.59.189.238
HTTP_REFERER: 
requested: array(7) {
  ["lang"] => string(2) "de"
  ["action"] => string(4) "page"
  ["key"] => string(10) "hire-lasse"
  ["https:"] => string(19) "silber-und-blei.com"
  ["galerie"] => string(19) "Neueste_Bilder.html"
  ["module"] => string(7) "default"
  ["controller"] => string(5) "index"
}


--------------------------------------------------------------------------------
2014-02-12T18:38:10+00:00 ERR (3) 404 "hire-lasse" was not found.
REMOTE_ADDR: 37.59.189.238
HTTP_REFERER: 
requested: array(6) {
  ["lang"] => string(2) "de"
  ["action"] => string(4) "page"
  ["key"] => string(10) "hire-lasse"
  ["https:"] => string(11) "twitter.com"
  ["module"] => string(7) "default"
  ["controller"] => string(5) "index"
}


--------------------------------------------------------------------------------
2014-02-12T18:38:22+00:00 ERR (3) 404 "hire-lasse" was not found.
REMOTE_ADDR: 37.59.189.238
HTTP_REFERER: 
requested: array(6) {
  ["lang"] => string(2) "en"
  ["action"] => string(4) "page"
  ["key"] => string(10) "hire-lasse"
  ["https:"] => string(21) "developers.google.com"
  ["module"] => string(7) "default"
  ["controller"] => string(5) "index"
}


--------------------------------------------------------------------------------
2014-02-12T18:38:23+00:00 ERR (3) 404 "hire-lasse" was not found.
REMOTE_ADDR: 37.59.189.238
HTTP_REFERER: 
requested: array(7) {
  ["lang"] => string(2) "en"
  ["action"] => string(4) "page"
  ["key"] => string(10) "hire-lasse"
  ["https:"] => string(10) "github.com"
  ["jrburke"] => string(4) "r.js"
  ["module"] => string(7) "default"
  ["controller"] => string(5) "index"
}


--------------------------------------------------------------------------------
2014-02-12T18:38:25+00:00 ERR (3) 404 "hire-lasse" was not found.
REMOTE_ADDR: 37.59.189.238
HTTP_REFERER: 
requested: array(7) {
  ["lang"] => string(2) "en"
  ["action"] => string(4) "page"
  ["key"] => string(10) "hire-lasse"
  ["https:"] => string(19) "silber-und-blei.com"
  ["galerie"] => string(19) "Neueste_Bilder.html"
  ["module"] => string(7) "default"
  ["controller"] => string(5) "index"
}


--------------------------------------------------------------------------------
2014-02-12T18:38:26+00:00 ERR (3) 404 "hire-lasse" was not found.
REMOTE_ADDR: 37.59.189.238
HTTP_REFERER: 
requested: array(6) {
  ["lang"] => string(2) "en"
  ["action"] => string(4) "page"
  ["key"] => string(10) "hire-lasse"
  ["https:"] => string(11) "twitter.com"
  ["module"] => string(7) "default"
  ["controller"] => string(5) "index"
}


--------------------------------------------------------------------------------
2014-02-12T18:38:39+00:00 ERR (3) 404 "hire-lasse" was not found.
REMOTE_ADDR: 37.59.189.238
HTTP_REFERER: 
requested: array(6) {
  ["lang"] => string(2) "de"
  ["action"] => string(4) "page"
  ["key"] => string(10) "hire-lasse"
  ["https:"] => string(6) "https:"
  ["module"] => string(7) "default"
  ["controller"] => string(5) "index"
}


--------------------------------------------------------------------------------
2014-02-12T18:38:45+00:00 ERR (3) 404 "hire-lasse" was not found.
REMOTE_ADDR: 37.59.189.238
HTTP_REFERER: 
requested: array(6) {
  ["lang"] => string(2) "en"
  ["action"] => string(4) "page"
  ["key"] => string(10) "hire-lasse"
  ["https:"] => string(6) "https:"
  ["module"] => string(7) "default"
  ["controller"] => string(5) "index"
}


--------------------------------------------------------------------------------
2014-02-12T22:01:01+00:00 ERR (3) 404 Seite nicht gefunden
REMOTE_ADDR: 89.28.24.190
HTTP_REFERER: http://graphicore.de/forum/index.php
requested: array(3) {
  ["controller"] => string(5) "forum"
  ["action"] => string(9) "index.php"
  ["module"] => string(7) "default"
}


--------------------------------------------------------------------------------
