2016-11-10T02:16:54+00:00 ERR (3) 404 "hire-lasse" was not found.
REMOTE_ADDR: 157.55.39.179
HTTP_REFERER: 
requested: array(5) {
  ["lang"] => string(2) "de"
  ["action"] => string(4) "page"
  ["key"] => string(10) "hire-lasse"
  ["module"] => string(7) "default"
  ["controller"] => string(5) "index"
}


--------------------------------------------------------------------------------
2016-11-10T05:58:43+00:00 ERR (3) 404 Seite nicht gefunden
REMOTE_ADDR: 37.153.109.162
HTTP_REFERER: 
requested: array(4) {
  ["controller"] => string(6) "https:"
  [""] => string(19) "silber-und-blei.com"
  ["action"] => string(5) "index"
  ["module"] => string(7) "default"
}


--------------------------------------------------------------------------------
2016-11-10T05:58:43+00:00 ERR (3) 404 Seite nicht gefunden
REMOTE_ADDR: 37.153.109.162
HTTP_REFERER: 
requested: array(3) {
  ["controller"] => string(2) "js"
  ["action"] => string(1) "'"
  ["module"] => string(7) "default"
}


--------------------------------------------------------------------------------
2016-11-10T07:45:35+00:00 ERR (3) 404 Seite nicht gefunden
REMOTE_ADDR: 149.202.7.203
HTTP_REFERER: 
requested: array(3) {
  ["controller"] => string(6) "https:"
  ["action"] => string(19) "silber-und-blei.com"
  ["module"] => string(7) "default"
}


--------------------------------------------------------------------------------
2016-11-10T07:45:36+00:00 ERR (3) 404 Seite nicht gefunden
REMOTE_ADDR: 149.202.7.203
HTTP_REFERER: 
requested: array(3) {
  ["controller"] => string(2) "js"
  ["action"] => string(1) "'"
  ["module"] => string(7) "default"
}


--------------------------------------------------------------------------------
2016-11-10T08:45:06+00:00 ERR (3) 404 Seite nicht gefunden
REMOTE_ADDR: 149.202.7.203
HTTP_REFERER: 
requested: array(4) {
  ["controller"] => string(6) "https:"
  [""] => string(19) "silber-und-blei.com"
  ["action"] => string(5) "index"
  ["module"] => string(7) "default"
}


--------------------------------------------------------------------------------
2016-11-10T08:45:06+00:00 ERR (3) 404 Seite nicht gefunden
REMOTE_ADDR: 149.202.7.203
HTTP_REFERER: 
requested: array(3) {
  ["controller"] => string(2) "js"
  ["action"] => string(1) "'"
  ["module"] => string(7) "default"
}


--------------------------------------------------------------------------------
2016-11-10T20:56:45+00:00 ERR (3) 404 Seite nicht gefunden
REMOTE_ADDR: 186.202.120.146
HTTP_REFERER: 
requested: array(3) {
  ["controller"] => string(4) "blog"
  ["action"] => string(10) "robots.txt"
  ["module"] => string(7) "default"
}


--------------------------------------------------------------------------------
2016-11-10T20:56:45+00:00 ERR (3) 404 Seite nicht gefunden
REMOTE_ADDR: 186.202.120.146
HTTP_REFERER: 
requested: array(3) {
  ["controller"] => string(4) "blog"
  ["action"] => string(5) "index"
  ["module"] => string(7) "default"
}


--------------------------------------------------------------------------------
2016-11-10T20:56:45+00:00 ERR (3) 404 Seite nicht gefunden
REMOTE_ADDR: 186.202.120.146
HTTP_REFERER: 
requested: array(3) {
  ["controller"] => string(9) "wordpress"
  ["action"] => string(5) "index"
  ["module"] => string(7) "default"
}


--------------------------------------------------------------------------------
2016-11-10T20:56:46+00:00 ERR (3) 404 Seite nicht gefunden
REMOTE_ADDR: 186.202.120.146
HTTP_REFERER: 
requested: array(3) {
  ["controller"] => string(2) "wp"
  ["action"] => string(5) "index"
  ["module"] => string(7) "default"
}


--------------------------------------------------------------------------------
2016-11-10T21:31:01+00:00 ERR (3) 404 "hire-lasse" was not found.
REMOTE_ADDR: 68.180.228.44
HTTP_REFERER: 
requested: array(5) {
  ["lang"] => string(2) "en"
  ["action"] => string(4) "page"
  ["key"] => string(10) "hire-lasse"
  ["module"] => string(7) "default"
  ["controller"] => string(5) "index"
}


--------------------------------------------------------------------------------
