2018-07-19T00:55:29+00:00 ERR (3) 404 "competences" was not found.
REMOTE_ADDR: 62.138.0.25
HTTP_REFERER: 
requested: array(5) {
  ["lang"] => string(2) "de"
  ["action"] => string(4) "page"
  ["key"] => string(11) "competences"
  ["module"] => string(7) "default"
  ["controller"] => string(5) "index"
}


--------------------------------------------------------------------------------
2018-07-19T03:50:28+00:00 ERR (3) 404 Seite nicht gefunden
REMOTE_ADDR: 109.102.111.67
HTTP_REFERER: 
requested: array(3) {
  ["controller"] => string(6) "https:"
  ["action"] => string(19) "silber-und-blei.com"
  ["module"] => string(7) "default"
}


--------------------------------------------------------------------------------
2018-07-19T04:34:31+00:00 ERR (3) 404 Seite nicht gefunden
REMOTE_ADDR: 213.127.12.135
HTTP_REFERER: 
requested: array(3) {
  ["controller"] => string(6) "https:"
  ["action"] => string(19) "silber-und-blei.com"
  ["module"] => string(7) "default"
}


--------------------------------------------------------------------------------
2018-07-19T11:48:38+00:00 ERR (3) 404 Seite nicht gefunden
REMOTE_ADDR: 213.127.12.135
HTTP_REFERER: 
requested: array(4) {
  ["controller"] => string(6) "https:"
  [""] => string(19) "silber-und-blei.com"
  ["action"] => string(5) "index"
  ["module"] => string(7) "default"
}


--------------------------------------------------------------------------------
2018-07-19T14:36:37+00:00 ERR (3) 404 Seite nicht gefunden
REMOTE_ADDR: 109.102.111.89
HTTP_REFERER: 
requested: array(4) {
  ["controller"] => string(6) "https:"
  [""] => string(19) "silber-und-blei.com"
  ["action"] => string(5) "index"
  ["module"] => string(7) "default"
}


--------------------------------------------------------------------------------
2018-07-19T22:46:04+00:00 ERR (3) 404 Seite nicht gefunden
REMOTE_ADDR: 54.236.1.14
HTTP_REFERER: 
requested: array(3) {
  ["controller"] => string(20) "apple-touch-icon.png"
  ["action"] => string(5) "index"
  ["module"] => string(7) "default"
}


--------------------------------------------------------------------------------
