2018-07-23T00:16:51+00:00 ERR (3) 404 Seite nicht gefunden
REMOTE_ADDR: 62.102.148.156
HTTP_REFERER: http://graphicore.de/admin.php?dispatch=auth.login_form&return_url=admin.php
requested: array(5) {
  ["controller"] => string(9) "admin.php"
  ["action"] => string(5) "index"
  ["module"] => string(7) "default"
  ["dispatch"] => string(15) "auth.login_form"
  ["return_url"] => string(9) "admin.php"
}


--------------------------------------------------------------------------------
2018-07-23T00:58:53+00:00 ERR (3) 404 "competences" was not found.
REMOTE_ADDR: 85.25.210.234
HTTP_REFERER: 
requested: array(5) {
  ["lang"] => string(2) "de"
  ["action"] => string(4) "page"
  ["key"] => string(11) "competences"
  ["module"] => string(7) "default"
  ["controller"] => string(5) "index"
}


--------------------------------------------------------------------------------
2018-07-23T15:21:57+00:00 ERR (3) 404 Seite nicht gefunden
REMOTE_ADDR: 82.223.111.186
HTTP_REFERER: ufojs.org
requested: array(3) {
  ["controller"] => string(2) "js"
  ["action"] => string(4) "mage"
  ["module"] => string(7) "default"
}


--------------------------------------------------------------------------------
2018-07-23T15:21:57+00:00 ERR (3) 404 Seite nicht gefunden
REMOTE_ADDR: 82.223.111.186
HTTP_REFERER: ufojs.org
requested: array(3) {
  ["controller"] => string(2) "js"
  ["action"] => string(4) "mage"
  ["module"] => string(7) "default"
}


--------------------------------------------------------------------------------
2018-07-23T16:52:38+00:00 ERR (3) 404 Page not found
REMOTE_ADDR: 5.135.138.188
HTTP_REFERER: ufojs.org
requested: array(3) {
  ["controller"] => string(10) "connectors"
  ["action"] => string(6) "system"
  ["module"] => string(7) "default"
}


--------------------------------------------------------------------------------
2018-07-23T19:37:21+00:00 ERR (3) 404 "hire-lasse" was not found.
REMOTE_ADDR: 62.138.0.25
HTTP_REFERER: 
requested: array(5) {
  ["lang"] => string(2) "en"
  ["action"] => string(4) "page"
  ["key"] => string(10) "hire-lasse"
  ["module"] => string(7) "default"
  ["controller"] => string(5) "index"
}


--------------------------------------------------------------------------------
2018-07-23T22:57:42+00:00 ERR (3) 404 "competences" was not found.
REMOTE_ADDR: 62.138.0.25
HTTP_REFERER: 
requested: array(5) {
  ["lang"] => string(2) "en"
  ["action"] => string(4) "page"
  ["key"] => string(11) "competences"
  ["module"] => string(7) "default"
  ["controller"] => string(5) "index"
}


--------------------------------------------------------------------------------
2018-07-23T23:35:36+00:00 ERR (3) 404 Page not found
REMOTE_ADDR: 203.129.113.142
HTTP_REFERER: graphicore.de
requested: array(3) {
  ["controller"] => string(10) "connectors"
  ["action"] => string(6) "system"
  ["module"] => string(7) "default"
}


--------------------------------------------------------------------------------
