2019-08-26T03:24:50+00:00 ERR (3) 404 "hire-lasse" was not found.
REMOTE_ADDR: 78.46.94.83
HTTP_REFERER: 
requested: array(5) {
  ["lang"] => string(2) "de"
  ["action"] => string(4) "page"
  ["key"] => string(10) "hire-lasse"
  ["module"] => string(7) "default"
  ["controller"] => string(5) "index"
}


--------------------------------------------------------------------------------
2019-08-26T03:25:46+00:00 ERR (3) 404 "hire-lasse" was not found.
REMOTE_ADDR: 78.46.94.83
HTTP_REFERER: 
requested: array(5) {
  ["lang"] => string(2) "de"
  ["action"] => string(4) "page"
  ["key"] => string(10) "hire-lasse"
  ["module"] => string(7) "default"
  ["controller"] => string(5) "index"
}


--------------------------------------------------------------------------------
2019-08-26T12:14:23+00:00 ERR (3) 404 Seite nicht gefunden
REMOTE_ADDR: 185.225.17.181
HTTP_REFERER: 
requested: array(3) {
  ["controller"] => string(7) "tinymce"
  ["action"] => string(11) "tiny_mce.js"
  ["module"] => string(7) "default"
}


--------------------------------------------------------------------------------
2019-08-26T12:14:23+00:00 ERR (3) 404 Seite nicht gefunden
REMOTE_ADDR: 185.225.17.181
HTTP_REFERER: 
requested: array(3) {
  ["controller"] => string(6) "assets"
  ["action"] => string(7) "tinymce"
  ["module"] => string(7) "default"
}


--------------------------------------------------------------------------------
2019-08-26T12:14:24+00:00 ERR (3) 404 Seite nicht gefunden
REMOTE_ADDR: 185.225.17.181
HTTP_REFERER: 
requested: array(3) {
  ["controller"] => string(3) "inc"
  ["action"] => string(7) "tinymce"
  ["module"] => string(7) "default"
}


--------------------------------------------------------------------------------
2019-08-26T12:14:24+00:00 ERR (3) 404 Seite nicht gefunden
REMOTE_ADDR: 185.225.17.181
HTTP_REFERER: 
requested: array(3) {
  ["controller"] => string(8) "includes"
  ["action"] => string(7) "tinymce"
  ["module"] => string(7) "default"
}


--------------------------------------------------------------------------------
2019-08-26T12:14:25+00:00 ERR (3) 404 Seite nicht gefunden
REMOTE_ADDR: 185.225.17.181
HTTP_REFERER: 
requested: array(3) {
  ["controller"] => string(4) "libs"
  ["action"] => string(7) "tinymce"
  ["module"] => string(7) "default"
}


--------------------------------------------------------------------------------
2019-08-26T12:14:26+00:00 ERR (3) 404 Seite nicht gefunden
REMOTE_ADDR: 185.225.17.181
HTTP_REFERER: 
requested: array(3) {
  ["controller"] => string(6) "script"
  ["action"] => string(7) "tinymce"
  ["module"] => string(7) "default"
}


--------------------------------------------------------------------------------
2019-08-26T12:14:26+00:00 ERR (3) 404 Seite nicht gefunden
REMOTE_ADDR: 185.225.17.181
HTTP_REFERER: 
requested: array(4) {
  ["controller"] => string(7) "tinymce"
  ["action"] => string(8) "jscripts"
  ["tiny_mce"] => string(11) "tiny_mce.js"
  ["module"] => string(7) "default"
}


--------------------------------------------------------------------------------
2019-08-26T12:14:27+00:00 ERR (3) 404 Seite nicht gefunden
REMOTE_ADDR: 185.225.17.181
HTTP_REFERER: 
requested: array(4) {
  ["controller"] => string(6) "assets"
  ["action"] => string(7) "tinymce"
  ["jscripts"] => string(8) "tiny_mce"
  ["module"] => string(7) "default"
}


--------------------------------------------------------------------------------
2019-08-26T12:14:27+00:00 ERR (3) 404 Seite nicht gefunden
REMOTE_ADDR: 185.225.17.181
HTTP_REFERER: 
requested: array(4) {
  ["controller"] => string(3) "inc"
  ["action"] => string(7) "tinymce"
  ["jscripts"] => string(8) "tiny_mce"
  ["module"] => string(7) "default"
}


--------------------------------------------------------------------------------
2019-08-26T12:14:27+00:00 ERR (3) 404 Seite nicht gefunden
REMOTE_ADDR: 185.225.17.181
HTTP_REFERER: 
requested: array(4) {
  ["controller"] => string(8) "includes"
  ["action"] => string(7) "tinymce"
  ["jscripts"] => string(8) "tiny_mce"
  ["module"] => string(7) "default"
}


--------------------------------------------------------------------------------
2019-08-26T12:14:28+00:00 ERR (3) 404 Seite nicht gefunden
REMOTE_ADDR: 185.225.17.181
HTTP_REFERER: 
requested: array(4) {
  ["controller"] => string(4) "libs"
  ["action"] => string(7) "tinymce"
  ["jscripts"] => string(8) "tiny_mce"
  ["module"] => string(7) "default"
}


--------------------------------------------------------------------------------
2019-08-26T12:14:28+00:00 ERR (3) 404 Seite nicht gefunden
REMOTE_ADDR: 185.225.17.181
HTTP_REFERER: 
requested: array(4) {
  ["controller"] => string(6) "script"
  ["action"] => string(7) "tinymce"
  ["jscripts"] => string(8) "tiny_mce"
  ["module"] => string(7) "default"
}


--------------------------------------------------------------------------------
2019-08-26T12:14:28+00:00 ERR (3) 404 Seite nicht gefunden
REMOTE_ADDR: 185.225.17.181
HTTP_REFERER: 
requested: array(3) {
  ["controller"] => string(8) "tiny_mce"
  ["action"] => string(11) "tiny_mce.js"
  ["module"] => string(7) "default"
}


--------------------------------------------------------------------------------
2019-08-26T12:14:29+00:00 ERR (3) 404 Seite nicht gefunden
REMOTE_ADDR: 185.225.17.181
HTTP_REFERER: 
requested: array(3) {
  ["controller"] => string(6) "assets"
  ["action"] => string(8) "tiny_mce"
  ["module"] => string(7) "default"
}


--------------------------------------------------------------------------------
2019-08-26T12:14:29+00:00 ERR (3) 404 Seite nicht gefunden
REMOTE_ADDR: 185.225.17.181
HTTP_REFERER: 
requested: array(3) {
  ["controller"] => string(3) "inc"
  ["action"] => string(8) "tiny_mce"
  ["module"] => string(7) "default"
}


--------------------------------------------------------------------------------
2019-08-26T12:14:29+00:00 ERR (3) 404 Seite nicht gefunden
REMOTE_ADDR: 185.225.17.181
HTTP_REFERER: 
requested: array(3) {
  ["controller"] => string(8) "includes"
  ["action"] => string(8) "tiny_mce"
  ["module"] => string(7) "default"
}


--------------------------------------------------------------------------------
2019-08-26T12:14:30+00:00 ERR (3) 404 Seite nicht gefunden
REMOTE_ADDR: 185.225.17.181
HTTP_REFERER: 
requested: array(3) {
  ["controller"] => string(4) "libs"
  ["action"] => string(8) "tiny_mce"
  ["module"] => string(7) "default"
}


--------------------------------------------------------------------------------
2019-08-26T12:14:30+00:00 ERR (3) 404 Seite nicht gefunden
REMOTE_ADDR: 185.225.17.181
HTTP_REFERER: 
requested: array(3) {
  ["controller"] => string(6) "script"
  ["action"] => string(8) "tiny_mce"
  ["module"] => string(7) "default"
}


--------------------------------------------------------------------------------
2019-08-26T12:14:30+00:00 ERR (3) 404 Seite nicht gefunden
REMOTE_ADDR: 185.225.17.181
HTTP_REFERER: 
requested: array(3) {
  ["controller"] => string(8) "jscripts"
  ["action"] => string(7) "tinymce"
  ["module"] => string(7) "default"
}


--------------------------------------------------------------------------------
2019-08-26T12:14:31+00:00 ERR (3) 404 Seite nicht gefunden
REMOTE_ADDR: 185.225.17.181
HTTP_REFERER: 
requested: array(4) {
  ["controller"] => string(6) "assets"
  ["action"] => string(8) "jscripts"
  ["tinymce"] => string(11) "tiny_mce.js"
  ["module"] => string(7) "default"
}


--------------------------------------------------------------------------------
2019-08-26T12:14:31+00:00 ERR (3) 404 Seite nicht gefunden
REMOTE_ADDR: 185.225.17.181
HTTP_REFERER: 
requested: array(4) {
  ["controller"] => string(3) "inc"
  ["action"] => string(8) "jscripts"
  ["tinymce"] => string(11) "tiny_mce.js"
  ["module"] => string(7) "default"
}


--------------------------------------------------------------------------------
2019-08-26T12:14:31+00:00 ERR (3) 404 Seite nicht gefunden
REMOTE_ADDR: 185.225.17.181
HTTP_REFERER: 
requested: array(4) {
  ["controller"] => string(8) "includes"
  ["action"] => string(8) "jscripts"
  ["tinymce"] => string(11) "tiny_mce.js"
  ["module"] => string(7) "default"
}


--------------------------------------------------------------------------------
2019-08-26T12:14:32+00:00 ERR (3) 404 Seite nicht gefunden
REMOTE_ADDR: 185.225.17.181
HTTP_REFERER: 
requested: array(4) {
  ["controller"] => string(4) "libs"
  ["action"] => string(8) "jscripts"
  ["tinymce"] => string(11) "tiny_mce.js"
  ["module"] => string(7) "default"
}


--------------------------------------------------------------------------------
2019-08-26T12:14:32+00:00 ERR (3) 404 Seite nicht gefunden
REMOTE_ADDR: 185.225.17.181
HTTP_REFERER: 
requested: array(4) {
  ["controller"] => string(6) "script"
  ["action"] => string(8) "jscripts"
  ["tinymce"] => string(11) "tiny_mce.js"
  ["module"] => string(7) "default"
}


--------------------------------------------------------------------------------
2019-08-26T12:14:32+00:00 ERR (3) 404 Seite nicht gefunden
REMOTE_ADDR: 185.225.17.181
HTTP_REFERER: 
requested: array(3) {
  ["controller"] => string(8) "jscripts"
  ["action"] => string(8) "tiny_mce"
  ["module"] => string(7) "default"
}


--------------------------------------------------------------------------------
2019-08-26T12:14:33+00:00 ERR (3) 404 Seite nicht gefunden
REMOTE_ADDR: 185.225.17.181
HTTP_REFERER: 
requested: array(4) {
  ["controller"] => string(6) "assets"
  ["action"] => string(8) "jscripts"
  ["tiny_mce"] => string(11) "tiny_mce.js"
  ["module"] => string(7) "default"
}


--------------------------------------------------------------------------------
2019-08-26T12:14:33+00:00 ERR (3) 404 Seite nicht gefunden
REMOTE_ADDR: 185.225.17.181
HTTP_REFERER: 
requested: array(4) {
  ["controller"] => string(3) "inc"
  ["action"] => string(8) "jscripts"
  ["tiny_mce"] => string(11) "tiny_mce.js"
  ["module"] => string(7) "default"
}


--------------------------------------------------------------------------------
2019-08-26T12:14:33+00:00 ERR (3) 404 Seite nicht gefunden
REMOTE_ADDR: 185.225.17.181
HTTP_REFERER: 
requested: array(4) {
  ["controller"] => string(8) "includes"
  ["action"] => string(8) "jscripts"
  ["tiny_mce"] => string(11) "tiny_mce.js"
  ["module"] => string(7) "default"
}


--------------------------------------------------------------------------------
2019-08-26T12:14:33+00:00 ERR (3) 404 Seite nicht gefunden
REMOTE_ADDR: 185.225.17.181
HTTP_REFERER: 
requested: array(4) {
  ["controller"] => string(4) "libs"
  ["action"] => string(8) "jscripts"
  ["tiny_mce"] => string(11) "tiny_mce.js"
  ["module"] => string(7) "default"
}


--------------------------------------------------------------------------------
2019-08-26T12:14:34+00:00 ERR (3) 404 Seite nicht gefunden
REMOTE_ADDR: 185.225.17.181
HTTP_REFERER: 
requested: array(4) {
  ["controller"] => string(6) "script"
  ["action"] => string(8) "jscripts"
  ["tiny_mce"] => string(11) "tiny_mce.js"
  ["module"] => string(7) "default"
}


--------------------------------------------------------------------------------
2019-08-26T12:14:34+00:00 ERR (3) 404 Seite nicht gefunden
REMOTE_ADDR: 185.225.17.181
HTTP_REFERER: 
requested: array(3) {
  ["controller"] => string(2) "js"
  ["action"] => string(7) "tinymce"
  ["module"] => string(7) "default"
}


--------------------------------------------------------------------------------
2019-08-26T12:14:35+00:00 ERR (3) 404 Seite nicht gefunden
REMOTE_ADDR: 185.225.17.181
HTTP_REFERER: 
requested: array(4) {
  ["controller"] => string(6) "assets"
  ["action"] => string(2) "js"
  ["tinymce"] => string(11) "tiny_mce.js"
  ["module"] => string(7) "default"
}


--------------------------------------------------------------------------------
2019-08-26T12:14:35+00:00 ERR (3) 404 Seite nicht gefunden
REMOTE_ADDR: 185.225.17.181
HTTP_REFERER: 
requested: array(4) {
  ["controller"] => string(3) "inc"
  ["action"] => string(2) "js"
  ["tinymce"] => string(11) "tiny_mce.js"
  ["module"] => string(7) "default"
}


--------------------------------------------------------------------------------
2019-08-26T12:14:35+00:00 ERR (3) 404 Seite nicht gefunden
REMOTE_ADDR: 185.225.17.181
HTTP_REFERER: 
requested: array(4) {
  ["controller"] => string(8) "includes"
  ["action"] => string(2) "js"
  ["tinymce"] => string(11) "tiny_mce.js"
  ["module"] => string(7) "default"
}


--------------------------------------------------------------------------------
2019-08-26T12:14:35+00:00 ERR (3) 404 Seite nicht gefunden
REMOTE_ADDR: 185.225.17.181
HTTP_REFERER: 
requested: array(4) {
  ["controller"] => string(4) "libs"
  ["action"] => string(2) "js"
  ["tinymce"] => string(11) "tiny_mce.js"
  ["module"] => string(7) "default"
}


--------------------------------------------------------------------------------
2019-08-26T12:14:36+00:00 ERR (3) 404 Seite nicht gefunden
REMOTE_ADDR: 185.225.17.181
HTTP_REFERER: 
requested: array(4) {
  ["controller"] => string(6) "script"
  ["action"] => string(2) "js"
  ["tinymce"] => string(11) "tiny_mce.js"
  ["module"] => string(7) "default"
}


--------------------------------------------------------------------------------
2019-08-26T12:14:36+00:00 ERR (3) 404 Seite nicht gefunden
REMOTE_ADDR: 185.225.17.181
HTTP_REFERER: 
requested: array(4) {
  ["controller"] => string(2) "js"
  ["action"] => string(7) "tinymce"
  ["jscripts"] => string(8) "tiny_mce"
  ["module"] => string(7) "default"
}


--------------------------------------------------------------------------------
2019-08-26T12:14:36+00:00 ERR (3) 404 Seite nicht gefunden
REMOTE_ADDR: 185.225.17.181
HTTP_REFERER: 
requested: array(5) {
  ["controller"] => string(6) "assets"
  ["action"] => string(2) "js"
  ["tinymce"] => string(8) "jscripts"
  ["tiny_mce"] => string(11) "tiny_mce.js"
  ["module"] => string(7) "default"
}


--------------------------------------------------------------------------------
2019-08-26T12:14:37+00:00 ERR (3) 404 Seite nicht gefunden
REMOTE_ADDR: 185.225.17.181
HTTP_REFERER: 
requested: array(5) {
  ["controller"] => string(3) "inc"
  ["action"] => string(2) "js"
  ["tinymce"] => string(8) "jscripts"
  ["tiny_mce"] => string(11) "tiny_mce.js"
  ["module"] => string(7) "default"
}


--------------------------------------------------------------------------------
2019-08-26T12:14:37+00:00 ERR (3) 404 Seite nicht gefunden
REMOTE_ADDR: 185.225.17.181
HTTP_REFERER: 
requested: array(5) {
  ["controller"] => string(8) "includes"
  ["action"] => string(2) "js"
  ["tinymce"] => string(8) "jscripts"
  ["tiny_mce"] => string(11) "tiny_mce.js"
  ["module"] => string(7) "default"
}


--------------------------------------------------------------------------------
2019-08-26T12:14:37+00:00 ERR (3) 404 Seite nicht gefunden
REMOTE_ADDR: 185.225.17.181
HTTP_REFERER: 
requested: array(5) {
  ["controller"] => string(4) "libs"
  ["action"] => string(2) "js"
  ["tinymce"] => string(8) "jscripts"
  ["tiny_mce"] => string(11) "tiny_mce.js"
  ["module"] => string(7) "default"
}


--------------------------------------------------------------------------------
2019-08-26T12:14:38+00:00 ERR (3) 404 Seite nicht gefunden
REMOTE_ADDR: 185.225.17.181
HTTP_REFERER: 
requested: array(5) {
  ["controller"] => string(6) "script"
  ["action"] => string(2) "js"
  ["tinymce"] => string(8) "jscripts"
  ["tiny_mce"] => string(11) "tiny_mce.js"
  ["module"] => string(7) "default"
}


--------------------------------------------------------------------------------
2019-08-26T12:14:38+00:00 ERR (3) 404 Seite nicht gefunden
REMOTE_ADDR: 185.225.17.181
HTTP_REFERER: 
requested: array(3) {
  ["controller"] => string(2) "js"
  ["action"] => string(8) "tiny_mce"
  ["module"] => string(7) "default"
}


--------------------------------------------------------------------------------
2019-08-26T12:14:38+00:00 ERR (3) 404 Seite nicht gefunden
REMOTE_ADDR: 185.225.17.181
HTTP_REFERER: 
requested: array(4) {
  ["controller"] => string(6) "assets"
  ["action"] => string(2) "js"
  ["tiny_mce"] => string(11) "tiny_mce.js"
  ["module"] => string(7) "default"
}


--------------------------------------------------------------------------------
2019-08-26T12:14:39+00:00 ERR (3) 404 Seite nicht gefunden
REMOTE_ADDR: 185.225.17.181
HTTP_REFERER: 
requested: array(4) {
  ["controller"] => string(3) "inc"
  ["action"] => string(2) "js"
  ["tiny_mce"] => string(11) "tiny_mce.js"
  ["module"] => string(7) "default"
}


--------------------------------------------------------------------------------
2019-08-26T12:14:39+00:00 ERR (3) 404 Seite nicht gefunden
REMOTE_ADDR: 185.225.17.181
HTTP_REFERER: 
requested: array(4) {
  ["controller"] => string(8) "includes"
  ["action"] => string(2) "js"
  ["tiny_mce"] => string(11) "tiny_mce.js"
  ["module"] => string(7) "default"
}


--------------------------------------------------------------------------------
2019-08-26T12:14:39+00:00 ERR (3) 404 Seite nicht gefunden
REMOTE_ADDR: 185.225.17.181
HTTP_REFERER: 
requested: array(4) {
  ["controller"] => string(4) "libs"
  ["action"] => string(2) "js"
  ["tiny_mce"] => string(11) "tiny_mce.js"
  ["module"] => string(7) "default"
}


--------------------------------------------------------------------------------
2019-08-26T12:14:39+00:00 ERR (3) 404 Seite nicht gefunden
REMOTE_ADDR: 185.225.17.181
HTTP_REFERER: 
requested: array(4) {
  ["controller"] => string(6) "script"
  ["action"] => string(2) "js"
  ["tiny_mce"] => string(11) "tiny_mce.js"
  ["module"] => string(7) "default"
}


--------------------------------------------------------------------------------
2019-08-26T12:14:40+00:00 ERR (3) 404 Seite nicht gefunden
REMOTE_ADDR: 185.225.17.181
HTTP_REFERER: 
requested: array(4) {
  ["controller"] => string(2) "js"
  ["action"] => string(8) "jscripts"
  ["tiny_mce"] => string(11) "tiny_mce.js"
  ["module"] => string(7) "default"
}


--------------------------------------------------------------------------------
2019-08-26T12:14:40+00:00 ERR (3) 404 Seite nicht gefunden
REMOTE_ADDR: 185.225.17.181
HTTP_REFERER: 
requested: array(4) {
  ["controller"] => string(6) "assets"
  ["action"] => string(2) "js"
  ["jscripts"] => string(8) "tiny_mce"
  ["module"] => string(7) "default"
}


--------------------------------------------------------------------------------
2019-08-26T12:14:40+00:00 ERR (3) 404 Seite nicht gefunden
REMOTE_ADDR: 185.225.17.181
HTTP_REFERER: 
requested: array(4) {
  ["controller"] => string(3) "inc"
  ["action"] => string(2) "js"
  ["jscripts"] => string(8) "tiny_mce"
  ["module"] => string(7) "default"
}


--------------------------------------------------------------------------------
2019-08-26T12:14:41+00:00 ERR (3) 404 Seite nicht gefunden
REMOTE_ADDR: 185.225.17.181
HTTP_REFERER: 
requested: array(4) {
  ["controller"] => string(8) "includes"
  ["action"] => string(2) "js"
  ["jscripts"] => string(8) "tiny_mce"
  ["module"] => string(7) "default"
}


--------------------------------------------------------------------------------
2019-08-26T12:14:41+00:00 ERR (3) 404 Seite nicht gefunden
REMOTE_ADDR: 185.225.17.181
HTTP_REFERER: 
requested: array(4) {
  ["controller"] => string(4) "libs"
  ["action"] => string(2) "js"
  ["jscripts"] => string(8) "tiny_mce"
  ["module"] => string(7) "default"
}


--------------------------------------------------------------------------------
2019-08-26T12:14:41+00:00 ERR (3) 404 Seite nicht gefunden
REMOTE_ADDR: 185.225.17.181
HTTP_REFERER: 
requested: array(4) {
  ["controller"] => string(6) "script"
  ["action"] => string(2) "js"
  ["jscripts"] => string(8) "tiny_mce"
  ["module"] => string(7) "default"
}


--------------------------------------------------------------------------------
2019-08-26T13:59:19+00:00 ERR (3) 404 "hire-lasse" was not found.
REMOTE_ADDR: 151.80.19.216
HTTP_REFERER: https://t.co/0tY7cU7KMp
requested: array(5) {
  ["lang"] => string(2) "de"
  ["action"] => string(4) "page"
  ["key"] => string(10) "hire-lasse"
  ["module"] => string(7) "default"
  ["controller"] => string(5) "index"
}


--------------------------------------------------------------------------------
2019-08-26T14:00:05+00:00 ERR (3) 404 Seite nicht gefunden
REMOTE_ADDR: 151.80.19.216
HTTP_REFERER: http://www.ifonty.pl/Bitstream/Swiss_721_EUX_Condensed/9
requested: array(4) {
  ["controller"] => string(5) "diary"
  ["action"] => string(29) "tag:graphicore.de,2013-11-13:"
  ["diary"] => string(27) "201311131703405283b0ecf2532"
  ["module"] => string(7) "default"
}


--------------------------------------------------------------------------------
2019-08-26T14:00:05+00:00 ERR (3) 404 Seite nicht gefunden
REMOTE_ADDR: 151.80.19.216
HTTP_REFERER: http://www.facebook.com/sharer.php?u=http://www.la-laiterie.com/?portfolio=transfer&amp;t=Transfer
requested: array(4) {
  ["controller"] => string(5) "diary"
  ["action"] => string(29) "tag:graphicore.de,2010-08-31:"
  ["diary"] => string(27) "201008310024084c7c4ba816ac5"
  ["module"] => string(7) "default"
}


--------------------------------------------------------------------------------
2019-08-26T14:00:05+00:00 ERR (3) 404 Seite nicht gefunden
REMOTE_ADDR: 151.80.19.216
HTTP_REFERER: https://plus.google.com/share?url=http://www.la-laiterie.com/?portfolio=4290
requested: array(4) {
  ["controller"] => string(5) "diary"
  ["action"] => string(29) "tag:graphicore.de,2013-06-06:"
  ["diary"] => string(27) "2013060618252451b0d41400bf3"
  ["module"] => string(7) "default"
}


--------------------------------------------------------------------------------
2019-08-26T14:00:05+00:00 ERR (3) 404 Seite nicht gefunden
REMOTE_ADDR: 151.80.19.216
HTTP_REFERER: http://brandsmartnetwork.com/the-network/
requested: array(4) {
  ["controller"] => string(5) "diary"
  ["action"] => string(29) "tag:graphicore.de,2010-10-12:"
  ["diary"] => string(27) "201010121448344cb475424313c"
  ["module"] => string(7) "default"
}


--------------------------------------------------------------------------------
2019-08-26T14:00:05+00:00 ERR (3) 404 Seite nicht gefunden
REMOTE_ADDR: 151.80.19.216
HTTP_REFERER: https://i.ytimg.com/vi/zIEMqH2D7WU/hqdefault.jpg?sqp=-oaymwEYCMQBEG5IVfKriqkDCwgBFQAAiEIYAXAB&amp;rs=AOn4CLAK0jbxnUwEjb1uoS2LF5S5F3rRSA
requested: array(4) {
  ["controller"] => string(5) "diary"
  ["action"] => string(29) "tag:graphicore.de,2013-06-12:"
  ["diary"] => string(27) "2013061209052451b839d4ca32b"
  ["module"] => string(7) "default"
}


--------------------------------------------------------------------------------
2019-08-26T14:00:05+00:00 ERR (3) 404 Seite nicht gefunden
REMOTE_ADDR: 151.80.19.216
HTTP_REFERER: http://brandsmartnetwork.com/wp-includes/js/jquery/jquery.js?ver=1.12.4'
requested: array(4) {
  ["controller"] => string(5) "diary"
  ["action"] => string(29) "tag:graphicore.de,2010-09-27:"
  ["diary"] => string(27) "201009272105474ca1072b79bf6"
  ["module"] => string(7) "default"
}


--------------------------------------------------------------------------------
2019-08-26T14:00:06+00:00 ERR (3) 404 Seite nicht gefunden
REMOTE_ADDR: 151.80.19.216
HTTP_REFERER: http://www.ifonty.pl/Bitstream/Swiss_721_EUX_Condensed/7
requested: array(4) {
  ["controller"] => string(5) "diary"
  ["action"] => string(29) "tag:graphicore.de,2014-02-27:"
  ["diary"] => string(27) "20140227115040530f26907c1a8"
  ["module"] => string(7) "default"
}


--------------------------------------------------------------------------------
2019-08-26T14:00:06+00:00 ERR (3) 404 Seite nicht gefunden
REMOTE_ADDR: 151.80.19.216
HTTP_REFERER: http://www.ifonty.pl/Bitstream/Swiss_721_EUX_Condensed/100
requested: array(4) {
  ["controller"] => string(5) "diary"
  ["action"] => string(29) "tag:graphicore.de,2013-11-12:"
  ["diary"] => string(27) "2013111216002052825094cba29"
  ["module"] => string(7) "default"
}


--------------------------------------------------------------------------------
2019-08-26T14:00:06+00:00 ERR (3) 404 Seite nicht gefunden
REMOTE_ADDR: 151.80.19.216
HTTP_REFERER: http://www.la-laiterie.com/?portfolio=transfer'
requested: array(4) {
  ["controller"] => string(5) "diary"
  ["action"] => string(29) "tag:graphicore.de,2013-01-31:"
  ["diary"] => string(27) "20130131135955510a78db3e0d6"
  ["module"] => string(7) "default"
}


--------------------------------------------------------------------------------
2019-08-26T14:00:06+00:00 ERR (3) 404 Seite nicht gefunden
REMOTE_ADDR: 151.80.19.216
HTTP_REFERER: http://www.la-laiterie.com/?portfolio=4290')
requested: array(4) {
  ["controller"] => string(5) "diary"
  ["action"] => string(29) "tag:graphicore.de,2012-01-17:"
  ["diary"] => string(27) "201201171404524f15800404a4f"
  ["module"] => string(7) "default"
}


--------------------------------------------------------------------------------
2019-08-26T14:00:06+00:00 ERR (3) 404 Seite nicht gefunden
REMOTE_ADDR: 151.80.19.216
HTTP_REFERER: https://i.ytimg.com/vi/mJFRGV9ELgY/hqdefault.jpg?sqp=-oaymwEWCMQBEG5IWvKriqkDCQgBFQAAiEIYAQ==&amp;rs=AOn4CLA4fYj9USKym_XfWsMG4JthYEwchw
requested: array(4) {
  ["controller"] => string(5) "diary"
  ["action"] => string(29) "tag:graphicore.de,2010-09-23:"
  ["diary"] => string(27) "201009231107214c9b34e9d0274"
  ["module"] => string(7) "default"
}


--------------------------------------------------------------------------------
2019-08-26T14:00:06+00:00 ERR (3) 404 Seite nicht gefunden
REMOTE_ADDR: 151.80.19.216
HTTP_REFERER: http://brandsmartnetwork.com/wp-content/plugins/search-box/assets/css/search-box-public.css?ver=3.1.0'
requested: array(4) {
  ["controller"] => string(5) "diary"
  ["action"] => string(29) "tag:graphicore.de,2010-09-27:"
  ["diary"] => string(27) "201009272109094ca107f52b79c"
  ["module"] => string(7) "default"
}


--------------------------------------------------------------------------------
2019-08-26T14:00:06+00:00 ERR (3) 404 Seite nicht gefunden
REMOTE_ADDR: 151.80.19.216
HTTP_REFERER: http://brandsmartnetwork.com/terms/
requested: array(4) {
  ["controller"] => string(5) "diary"
  ["action"] => string(29) "tag:graphicore.de,2010-10-01:"
  ["diary"] => string(27) "201010011553324ca603fcc53f3"
  ["module"] => string(7) "default"
}


--------------------------------------------------------------------------------
2019-08-26T14:00:06+00:00 ERR (3) 404 Seite nicht gefunden
REMOTE_ADDR: 151.80.19.216
HTTP_REFERER: http://www.ifonty.pl/Bitstream/Swiss_721_EUX_Condensed/20
requested: array(4) {
  ["controller"] => string(5) "diary"
  ["action"] => string(29) "tag:graphicore.de,2013-11-12:"
  ["diary"] => string(27) "2013111217533652826b2018ca8"
  ["module"] => string(7) "default"
}


--------------------------------------------------------------------------------
2019-08-26T14:00:06+00:00 ERR (3) 404 Seite nicht gefunden
REMOTE_ADDR: 151.80.19.216
HTTP_REFERER: http://www.la-laiterie.com/?portfolio=biot'
requested: array(4) {
  ["controller"] => string(5) "diary"
  ["action"] => string(29) "tag:graphicore.de,2010-07-09:"
  ["diary"] => string(27) "201007091937074c377a6340b8b"
  ["module"] => string(7) "default"
}


--------------------------------------------------------------------------------
2019-08-26T14:00:07+00:00 ERR (3) 404 Seite nicht gefunden
REMOTE_ADDR: 151.80.19.216
HTTP_REFERER: http://www.la-laiterie.com/?p=4290'
requested: array(4) {
  ["controller"] => string(5) "diary"
  ["action"] => string(29) "tag:graphicore.de,2012-09-02:"
  ["diary"] => string(27) "201209021920375043b185ef245"
  ["module"] => string(7) "default"
}


--------------------------------------------------------------------------------
2019-08-26T14:00:07+00:00 ERR (3) 404 Seite nicht gefunden
REMOTE_ADDR: 151.80.19.216
HTTP_REFERER: http://brandsmartnetwork.com/search/
requested: array(4) {
  ["controller"] => string(5) "diary"
  ["action"] => string(29) "tag:graphicore.de,2010-10-06:"
  ["diary"] => string(27) "201010061331004cac7a14de999"
  ["module"] => string(7) "default"
}


--------------------------------------------------------------------------------
2019-08-26T14:00:07+00:00 ERR (3) 404 Seite nicht gefunden
REMOTE_ADDR: 151.80.19.216
HTTP_REFERER: http://www.ifonty.pl/Bitstream/Swiss_721_EUX_Condensed/5
requested: array(4) {
  ["controller"] => string(5) "diary"
  ["action"] => string(29) "tag:graphicore.de,2014-02-27:"
  ["diary"] => string(27) "20140227142708530f4b3c7eae4"
  ["module"] => string(7) "default"
}


--------------------------------------------------------------------------------
2019-08-26T14:00:07+00:00 ERR (3) 404 Seite nicht gefunden
REMOTE_ADDR: 151.80.19.216
HTTP_REFERER: http://www.facebook.com/sharer.php?u=http://www.la-laiterie.com/?portfolio=4290&amp;t=Tabula
requested: array(4) {
  ["controller"] => string(5) "diary"
  ["action"] => string(29) "tag:graphicore.de,2013-06-07:"
  ["diary"] => string(27) "2013060714011251b1e7a8c1407"
  ["module"] => string(7) "default"
}


--------------------------------------------------------------------------------
2019-08-26T14:00:07+00:00 ERR (3) 404 Seite nicht gefunden
REMOTE_ADDR: 151.80.19.216
HTTP_REFERER: http://www.la-laiterie.com/?portfolio=transfer')
requested: array(4) {
  ["controller"] => string(5) "diary"
  ["action"] => string(29) "tag:graphicore.de,2010-10-18:"
  ["diary"] => string(27) "201010181349214cbc5061f0048"
  ["module"] => string(7) "default"
}


--------------------------------------------------------------------------------
2019-08-26T14:00:07+00:00 ERR (3) 404 Seite nicht gefunden
REMOTE_ADDR: 151.80.19.216
HTTP_REFERER: http://fontsinuse.com/uses/5783/medium-com-2013'
requested: array(4) {
  ["controller"] => string(5) "diary"
  ["action"] => string(29) "tag:graphicore.de,2015-07-28:"
  ["diary"] => string(27) "2015072812483855b77a264cda6"
  ["module"] => string(7) "default"
}


--------------------------------------------------------------------------------
2019-08-26T15:58:56+00:00 ERR (3) 404 "hire-lasse" was not found.
REMOTE_ADDR: 66.249.66.93
HTTP_REFERER: 
requested: array(5) {
  ["lang"] => string(2) "en"
  ["action"] => string(4) "page"
  ["key"] => string(10) "hire-lasse"
  ["module"] => string(7) "default"
  ["controller"] => string(5) "index"
}


--------------------------------------------------------------------------------
2019-08-26T19:09:59+00:00 ERR (3) 404 Seite nicht gefunden
REMOTE_ADDR: 54.236.1.12
HTTP_REFERER: 
requested: array(3) {
  ["controller"] => string(20) "apple-touch-icon.png"
  ["action"] => string(5) "index"
  ["module"] => string(7) "default"
}


--------------------------------------------------------------------------------
