2016-03-24T00:19:23+00:00 ERR (3) 404 Seite nicht gefunden
REMOTE_ADDR: 192.34.60.103
HTTP_REFERER: 
requested: array(3) {
  ["controller"] => string(11) "license.txt"
  ["action"] => string(5) "index"
  ["module"] => string(7) "default"
}


--------------------------------------------------------------------------------
2016-03-24T00:19:32+00:00 ERR (3) 404 Page not found
REMOTE_ADDR: 78.101.116.70
HTTP_REFERER: http://graphicore.de/license.txt
requested: array(3) {
  ["controller"] => string(11) "license.txt"
  ["action"] => string(5) "index"
  ["module"] => string(7) "default"
}


--------------------------------------------------------------------------------
2016-03-24T00:19:33+00:00 ERR (3) 404 Seite nicht gefunden
REMOTE_ADDR: 162.243.5.155
HTTP_REFERER: 
requested: array(3) {
  ["controller"] => string(11) "license.txt"
  ["action"] => string(5) "index"
  ["module"] => string(7) "default"
}


--------------------------------------------------------------------------------
2016-03-24T00:19:36+00:00 ERR (3) 404 Seite nicht gefunden
REMOTE_ADDR: 192.34.60.103
HTTP_REFERER: 
requested: array(3) {
  ["controller"] => string(11) "readme.html"
  ["action"] => string(5) "index"
  ["module"] => string(7) "default"
}


--------------------------------------------------------------------------------
2016-03-24T00:19:45+00:00 ERR (3) 404 Page not found
REMOTE_ADDR: 78.101.116.70
HTTP_REFERER: http://graphicore.de/readme.html
requested: array(3) {
  ["controller"] => string(11) "readme.html"
  ["action"] => string(5) "index"
  ["module"] => string(7) "default"
}


--------------------------------------------------------------------------------
2016-03-24T00:19:45+00:00 ERR (3) 404 Seite nicht gefunden
REMOTE_ADDR: 162.209.101.250
HTTP_REFERER: 
requested: array(3) {
  ["controller"] => string(11) "readme.html"
  ["action"] => string(5) "index"
  ["module"] => string(7) "default"
}


--------------------------------------------------------------------------------
2016-03-24T00:19:58+00:00 ERR (3) 404 Page not found
REMOTE_ADDR: 78.101.116.70
HTTP_REFERER: http://graphicore.de/wp-login.php
requested: array(3) {
  ["controller"] => string(12) "wp-login.php"
  ["action"] => string(5) "index"
  ["module"] => string(7) "default"
}


--------------------------------------------------------------------------------
2016-03-24T00:22:26+00:00 ERR (3) 404 Seite nicht gefunden
REMOTE_ADDR: 86.123.246.141
HTTP_REFERER: 
requested: array(4) {
  ["controller"] => string(6) "https:"
  [""] => string(19) "silber-und-blei.com"
  ["action"] => string(5) "index"
  ["module"] => string(7) "default"
}


--------------------------------------------------------------------------------
2016-03-24T00:22:27+00:00 ERR (3) 404 Seite nicht gefunden
REMOTE_ADDR: 86.123.246.141
HTTP_REFERER: 
requested: array(3) {
  ["controller"] => string(2) "js"
  ["action"] => string(1) "'"
  ["module"] => string(7) "default"
}


--------------------------------------------------------------------------------
2016-03-24T00:53:06+00:00 ERR (3) 404 Page not found
REMOTE_ADDR: 80.255.192.237
HTTP_REFERER: 
requested: array(4) {
  ["controller"] => string(11) "mdocs-posts"
  ["action"] => string(5) "index"
  ["module"] => string(7) "default"
  ["mdocs-img-preview"] => string(22) "../../../wp-config.php"
}


--------------------------------------------------------------------------------
2016-03-24T03:13:42+00:00 ERR (3) 404 Seite nicht gefunden
REMOTE_ADDR: 85.232.234.50
HTTP_REFERER: 
requested: array(4) {
  ["controller"] => string(6) "https:"
  [""] => string(19) "silber-und-blei.com"
  ["action"] => string(5) "index"
  ["module"] => string(7) "default"
}


--------------------------------------------------------------------------------
2016-03-24T03:13:43+00:00 ERR (3) 404 Seite nicht gefunden
REMOTE_ADDR: 85.232.234.50
HTTP_REFERER: 
requested: array(3) {
  ["controller"] => string(2) "js"
  ["action"] => string(1) "'"
  ["module"] => string(7) "default"
}


--------------------------------------------------------------------------------
2016-03-24T03:15:43+00:00 ERR (3) 404 Seite nicht gefunden
REMOTE_ADDR: 107.151.218.249
HTTP_REFERER: 
requested: array(3) {
  ["controller"] => string(5) "CFIDE"
  ["action"] => string(13) "administrator"
  ["module"] => string(7) "default"
}


--------------------------------------------------------------------------------
2016-03-24T03:51:25+00:00 ERR (3) 404 "" was not found.
REMOTE_ADDR: 157.55.39.64
HTTP_REFERER: 
requested: array(5) {
  ["lang"] => string(2) "en"
  ["action"] => string(7) "archive"
  ["module"] => string(7) "default"
  ["controller"] => string(5) "index"
  ["key"] => string(0) ""
}


--------------------------------------------------------------------------------
2016-03-24T04:43:06+00:00 ERR (3) 404 "hire-lasse" was not found.
REMOTE_ADDR: 207.46.13.68
HTTP_REFERER: 
requested: array(5) {
  ["lang"] => string(2) "de"
  ["action"] => string(4) "page"
  ["key"] => string(10) "hire-lasse"
  ["module"] => string(7) "default"
  ["controller"] => string(5) "index"
}


--------------------------------------------------------------------------------
2016-03-24T06:15:49+00:00 ERR (3) 404 Seite nicht gefunden
REMOTE_ADDR: 86.123.246.141
HTTP_REFERER: 
requested: array(4) {
  ["controller"] => string(6) "https:"
  [""] => string(19) "silber-und-blei.com"
  ["action"] => string(5) "index"
  ["module"] => string(7) "default"
}


--------------------------------------------------------------------------------
2016-03-24T06:15:49+00:00 ERR (3) 404 Seite nicht gefunden
REMOTE_ADDR: 86.123.246.141
HTTP_REFERER: 
requested: array(3) {
  ["controller"] => string(2) "js"
  ["action"] => string(1) "'"
  ["module"] => string(7) "default"
}


--------------------------------------------------------------------------------
2016-03-24T08:03:58+00:00 ERR (3) 404 Seite nicht gefunden
REMOTE_ADDR: 54.236.1.76
HTTP_REFERER: 
requested: array(3) {
  ["controller"] => string(20) "apple-touch-icon.png"
  ["action"] => string(5) "index"
  ["module"] => string(7) "default"
}


--------------------------------------------------------------------------------
2016-03-24T12:39:56+00:00 ERR (3) 404 Seite nicht gefunden
REMOTE_ADDR: 82.58.178.175
HTTP_REFERER: 
requested: array(4) {
  ["controller"] => string(6) "https:"
  [""] => string(19) "silber-und-blei.com"
  ["action"] => string(5) "index"
  ["module"] => string(7) "default"
}


--------------------------------------------------------------------------------
2016-03-24T12:39:57+00:00 ERR (3) 404 Seite nicht gefunden
REMOTE_ADDR: 82.58.178.175
HTTP_REFERER: 
requested: array(3) {
  ["controller"] => string(2) "js"
  ["action"] => string(1) "'"
  ["module"] => string(7) "default"
}


--------------------------------------------------------------------------------
2016-03-24T14:35:15+00:00 ERR (3) 404 Seite nicht gefunden
REMOTE_ADDR: 82.58.178.175
HTTP_REFERER: 
requested: array(4) {
  ["controller"] => string(6) "https:"
  [""] => string(19) "silber-und-blei.com"
  ["action"] => string(5) "index"
  ["module"] => string(7) "default"
}


--------------------------------------------------------------------------------
2016-03-24T14:35:16+00:00 ERR (3) 404 Seite nicht gefunden
REMOTE_ADDR: 82.58.178.175
HTTP_REFERER: 
requested: array(3) {
  ["controller"] => string(2) "js"
  ["action"] => string(1) "'"
  ["module"] => string(7) "default"
}


--------------------------------------------------------------------------------
2016-03-24T22:14:29+00:00 ERR (3) 404 Seite nicht gefunden
REMOTE_ADDR: 5.9.73.227
HTTP_REFERER: 
requested: array(3) {
  ["controller"] => string(5) "diary"
  ["action"] => string(4) "atom"
  ["module"] => string(7) "default"
}


--------------------------------------------------------------------------------
2016-03-24T22:14:31+00:00 ERR (3) 404 Seite nicht gefunden
REMOTE_ADDR: 5.9.73.227
HTTP_REFERER: 
requested: array(3) {
  ["controller"] => string(5) "diary"
  ["action"] => string(17) "tag:graphicore.de"
  ["module"] => string(7) "default"
}


--------------------------------------------------------------------------------
2016-03-24T23:33:12+00:00 ERR (3) 404 Page not found
REMOTE_ADDR: 110.168.230.185
HTTP_REFERER: http://graphicore.de/license.txt
requested: array(3) {
  ["controller"] => string(11) "license.txt"
  ["action"] => string(5) "index"
  ["module"] => string(7) "default"
}


--------------------------------------------------------------------------------
2016-03-24T23:33:13+00:00 ERR (3) 404 Page not found
REMOTE_ADDR: 110.168.230.185
HTTP_REFERER: http://graphicore.de/readme.html
requested: array(3) {
  ["controller"] => string(11) "readme.html"
  ["action"] => string(5) "index"
  ["module"] => string(7) "default"
}


--------------------------------------------------------------------------------
2016-03-24T23:33:16+00:00 ERR (3) 404 Page not found
REMOTE_ADDR: 110.168.230.185
HTTP_REFERER: http://graphicore.de/wp-login.php
requested: array(3) {
  ["controller"] => string(12) "wp-login.php"
  ["action"] => string(5) "index"
  ["module"] => string(7) "default"
}


--------------------------------------------------------------------------------
