2013-03-21T05:01:31+00:00 ERR (3) 404 Seite nicht gefunden
REMOTE_ADDR: 128.73.213.215
HTTP_REFERER: 
requested: array(3) {
  ["controller"] => string(5) "forum"
  ["action"] => string(9) "index.php"
  ["module"] => string(7) "default"
}


--------------------------------------------------------------------------------
2013-03-21T05:01:36+00:00 ERR (3) 404 Seite nicht gefunden
REMOTE_ADDR: 128.73.213.215
HTTP_REFERER: 
requested: array(3) {
  ["controller"] => string(5) "forum"
  ["action"] => string(9) "index.php"
  ["module"] => string(7) "default"
}


--------------------------------------------------------------------------------
2013-03-21T09:52:16+00:00 ERR (3) 404 Seite nicht gefunden
REMOTE_ADDR: 128.73.213.215
HTTP_REFERER: 
requested: array(3) {
  ["controller"] => string(5) "forum"
  ["action"] => string(9) "index.php"
  ["module"] => string(7) "default"
}


--------------------------------------------------------------------------------
2013-03-21T09:52:22+00:00 ERR (3) 404 Seite nicht gefunden
REMOTE_ADDR: 128.73.213.215
HTTP_REFERER: 
requested: array(3) {
  ["controller"] => string(5) "forum"
  ["action"] => string(9) "index.php"
  ["module"] => string(7) "default"
}


--------------------------------------------------------------------------------
2013-03-21T14:09:42+00:00 ERR (3) 404 Seite nicht gefunden
REMOTE_ADDR: 128.73.213.215
HTTP_REFERER: 
requested: array(3) {
  ["controller"] => string(5) "forum"
  ["action"] => string(9) "index.php"
  ["module"] => string(7) "default"
}


--------------------------------------------------------------------------------
2013-03-21T22:09:39+00:00 ERR (3) 404 Seite nicht gefunden
REMOTE_ADDR: 2.93.222.52
HTTP_REFERER: 
requested: array(3) {
  ["controller"] => string(5) "forum"
  ["action"] => string(9) "index.php"
  ["module"] => string(7) "default"
}


--------------------------------------------------------------------------------
