2011-07-05T01:05:20+00:00 ERR (3) 404 Seite nicht gefunden
REMOTE_ADDR: 66.249.72.131
HTTP_REFERER: 
requested: array(5) {
  ["controller"] => string(5) "forum"
  ["action"] => string(13) "viewtopic.php"
  ["module"] => string(7) "default"
  ["t"] => string(1) "5"
  ["sid"] => string(32) "d8c21526397d57c48aa6990ed7d8524c"
}


--------------------------------------------------------------------------------
2011-07-05T05:04:31+00:00 ERR (3) 404 Seite nicht gefunden
REMOTE_ADDR: 66.249.72.131
HTTP_REFERER: 
requested: array(9) {
  ["controller"] => string(5) "forum"
  ["action"] => string(13) "viewtopic.php"
  ["module"] => string(7) "default"
  ["t"] => string(1) "7"
  ["start"] => string(1) "0"
  ["postdays"] => string(1) "0"
  ["postorder"] => string(3) "asc"
  ["highlight"] => string(0) ""
  ["sid"] => string(32) "5b24ebfc18e360e2243968c8d7141d6d"
}


--------------------------------------------------------------------------------
2011-07-05T12:36:00+00:00 ERR (3) 404 Seite nicht gefunden
REMOTE_ADDR: 66.249.72.131
HTTP_REFERER: 
requested: array(9) {
  ["controller"] => string(5) "forum"
  ["action"] => string(13) "viewtopic.php"
  ["module"] => string(7) "default"
  ["t"] => string(1) "9"
  ["start"] => string(1) "0"
  ["postdays"] => string(1) "0"
  ["postorder"] => string(3) "asc"
  ["highlight"] => string(0) ""
  ["sid"] => string(32) "30c40d28b8fe76c9fae9ae5357adaac1"
}


--------------------------------------------------------------------------------
2011-07-05T13:58:01+00:00 ERR (3) 404 Seite nicht gefunden
REMOTE_ADDR: 70.38.38.103
HTTP_REFERER: http://graphicore.de/forum/index.php
requested: array(3) {
  ["controller"] => string(5) "forum"
  ["action"] => string(9) "index.php"
  ["module"] => string(7) "default"
}


--------------------------------------------------------------------------------
2011-07-05T16:20:55+00:00 ERR (3) 404 Seite nicht gefunden
REMOTE_ADDR: 189.3.135.18
HTTP_REFERER: http://graphicore.de/forum/index.php
requested: array(3) {
  ["controller"] => string(5) "forum"
  ["action"] => string(9) "index.php"
  ["module"] => string(7) "default"
}


--------------------------------------------------------------------------------
2011-07-05T19:38:15+00:00 ERR (3) 404 Seite nicht gefunden
REMOTE_ADDR: 195.162.68.246
HTTP_REFERER: http://graphicore.de/forum/index.php
requested: array(3) {
  ["controller"] => string(5) "forum"
  ["action"] => string(9) "index.php"
  ["module"] => string(7) "default"
}


--------------------------------------------------------------------------------
