2015-01-18T00:04:07+00:00 ERR (3) 404 "hire-lasse" was not found.
REMOTE_ADDR: 192.95.29.116
HTTP_REFERER: 
requested: array(5) {
  ["lang"] => string(2) "de"
  ["action"] => string(4) "page"
  ["key"] => string(10) "hire-lasse"
  ["module"] => string(7) "default"
  ["controller"] => string(5) "index"
}


--------------------------------------------------------------------------------
2015-01-18T00:04:46+00:00 ERR (3) 404 "hire-lasse" was not found.
REMOTE_ADDR: 192.95.29.116
HTTP_REFERER: 
requested: array(5) {
  ["lang"] => string(2) "en"
  ["action"] => string(4) "page"
  ["key"] => string(10) "hire-lasse"
  ["module"] => string(7) "default"
  ["controller"] => string(5) "index"
}


--------------------------------------------------------------------------------
2015-01-18T00:08:34+00:00 ERR (3) 404 Seite nicht gefunden
REMOTE_ADDR: 87.206.240.230
HTTP_REFERER: http://graphicore.de/forum
requested: array(3) {
  ["controller"] => string(5) "forum"
  ["action"] => string(5) "index"
  ["module"] => string(7) "default"
}


--------------------------------------------------------------------------------
2015-01-18T03:30:43+00:00 ERR (3) 404 Seite nicht gefunden
REMOTE_ADDR: 157.55.39.201
HTTP_REFERER: 
requested: array(4) {
  ["controller"] => string(5) "media"
  ["action"] => string(7) "gallery"
  ["images"] => string(15) "Schottland_2013"
  ["module"] => string(7) "default"
}


--------------------------------------------------------------------------------
2015-01-18T04:17:24+00:00 ERR (3) 404 "hire-lasse" was not found.
REMOTE_ADDR: 54.204.20.250
HTTP_REFERER: 
requested: array(5) {
  ["lang"] => string(2) "de"
  ["action"] => string(4) "page"
  ["key"] => string(10) "hire-lasse"
  ["module"] => string(7) "default"
  ["controller"] => string(5) "index"
}


--------------------------------------------------------------------------------
2015-01-18T10:34:34+00:00 ERR (3) 404 Seite nicht gefunden
REMOTE_ADDR: 157.55.39.201
HTTP_REFERER: 
requested: array(4) {
  ["controller"] => string(5) "media"
  ["action"] => string(7) "gallery"
  ["images"] => string(15) "Schottland_2013"
  ["module"] => string(7) "default"
}


--------------------------------------------------------------------------------
2015-01-18T10:58:44+00:00 ERR (3) 404 "hire-lasse" was not found.
REMOTE_ADDR: 81.30.151.220
HTTP_REFERER: 
requested: array(5) {
  ["lang"] => string(2) "de"
  ["action"] => string(4) "page"
  ["key"] => string(10) "hire-lasse"
  ["module"] => string(7) "default"
  ["controller"] => string(5) "index"
}


--------------------------------------------------------------------------------
2015-01-18T11:17:39+00:00 ERR (3) 404 Seite nicht gefunden
REMOTE_ADDR: 111.90.148.166
HTTP_REFERER: 
requested: array(4) {
  ["controller"] => string(6) "https:"
  [""] => string(19) "silber-und-blei.com"
  ["action"] => string(5) "index"
  ["module"] => string(7) "default"
}


--------------------------------------------------------------------------------
2015-01-18T11:17:40+00:00 ERR (3) 404 Seite nicht gefunden
REMOTE_ADDR: 111.90.148.166
HTTP_REFERER: 
requested: array(3) {
  ["controller"] => string(2) "js"
  ["action"] => string(1) "'"
  ["module"] => string(7) "default"
}


--------------------------------------------------------------------------------
2015-01-18T11:44:59+00:00 ERR (3) 404 "hire-lasse" was not found.
REMOTE_ADDR: 81.30.151.220
HTTP_REFERER: 
requested: array(5) {
  ["lang"] => string(2) "en"
  ["action"] => string(4) "page"
  ["key"] => string(10) "hire-lasse"
  ["module"] => string(7) "default"
  ["controller"] => string(5) "index"
}


--------------------------------------------------------------------------------
2015-01-18T13:45:47+00:00 ERR (3) 404 Seite nicht gefunden
REMOTE_ADDR: 82.15.116.40
HTTP_REFERER: http://graphicore.de/wp-login.php
requested: array(3) {
  ["controller"] => string(12) "wp-login.php"
  ["action"] => string(5) "index"
  ["module"] => string(7) "default"
}


--------------------------------------------------------------------------------
