2021-03-30T01:59:33+00:00 ERR (3) 404 "competences" was not found.
REMOTE_ADDR: 195.113.175.41
HTTP_REFERER: 
requested: array(5) {
  ["lang"] => string(2) "de"
  ["action"] => string(4) "page"
  ["key"] => string(11) "competences"
  ["module"] => string(7) "default"
  ["controller"] => string(5) "index"
}


--------------------------------------------------------------------------------
2021-03-30T02:00:04+00:00 ERR (3) 404 "hire-lasse" was not found.
REMOTE_ADDR: 195.113.175.41
HTTP_REFERER: 
requested: array(5) {
  ["lang"] => string(2) "de"
  ["action"] => string(4) "page"
  ["key"] => string(10) "hire-lasse"
  ["module"] => string(7) "default"
  ["controller"] => string(5) "index"
}


--------------------------------------------------------------------------------
2021-03-30T02:03:28+00:00 ERR (3) 404 "" was not found.
REMOTE_ADDR: 216.18.204.212
HTTP_REFERER: http://graphicore.de/
requested: array(5) {
  ["lang"] => string(2) "de"
  ["action"] => string(7) "archive"
  ["module"] => string(7) "default"
  ["controller"] => string(5) "index"
  ["key"] => string(0) ""
}


--------------------------------------------------------------------------------
2021-03-30T02:03:56+00:00 ERR (3) 404 "competences" was not found.
REMOTE_ADDR: 216.18.204.212
HTTP_REFERER: http://graphicore.de/
requested: array(5) {
  ["lang"] => string(2) "de"
  ["action"] => string(4) "page"
  ["key"] => string(11) "competences"
  ["module"] => string(7) "default"
  ["controller"] => string(5) "index"
}


--------------------------------------------------------------------------------
2021-03-30T02:06:27+00:00 ERR (3) 404 "" was not found.
REMOTE_ADDR: 216.18.204.212
HTTP_REFERER: http://graphicore.de/
requested: array(5) {
  ["lang"] => string(2) "en"
  ["action"] => string(7) "archive"
  ["module"] => string(7) "default"
  ["controller"] => string(5) "index"
  ["key"] => string(0) ""
}


--------------------------------------------------------------------------------
2021-03-30T02:06:43+00:00 ERR (3) 404 "hire-lasse" was not found.
REMOTE_ADDR: 216.18.204.212
HTTP_REFERER: http://graphicore.de/
requested: array(5) {
  ["lang"] => string(2) "de"
  ["action"] => string(4) "page"
  ["key"] => string(10) "hire-lasse"
  ["module"] => string(7) "default"
  ["controller"] => string(5) "index"
}


--------------------------------------------------------------------------------
2021-03-30T02:06:48+00:00 ERR (3) 404 "competences" was not found.
REMOTE_ADDR: 216.18.204.212
HTTP_REFERER: http://graphicore.de/
requested: array(5) {
  ["lang"] => string(2) "en"
  ["action"] => string(4) "page"
  ["key"] => string(11) "competences"
  ["module"] => string(7) "default"
  ["controller"] => string(5) "index"
}


--------------------------------------------------------------------------------
2021-03-30T02:17:54+00:00 ERR (3) 404 "hire-lasse" was not found.
REMOTE_ADDR: 216.18.204.212
HTTP_REFERER: http://graphicore.de/
requested: array(5) {
  ["lang"] => string(2) "en"
  ["action"] => string(4) "page"
  ["key"] => string(10) "hire-lasse"
  ["module"] => string(7) "default"
  ["controller"] => string(5) "index"
}


--------------------------------------------------------------------------------
2021-03-30T02:30:48+00:00 ERR (3) 404 unkown Type requested
REMOTE_ADDR: 13.66.139.2
HTTP_REFERER: 
requested: array(5) {
  ["lang"] => string(2) "de"
  ["action"] => string(4) "feed"
  ["key"] => string(20) "kulturlose-cover.png"
  ["module"] => string(7) "default"
  ["controller"] => string(5) "index"
}


--------------------------------------------------------------------------------
2021-03-30T02:45:43+00:00 ERR (3) 404 unkown Type requested
REMOTE_ADDR: 13.66.139.99
HTTP_REFERER: 
requested: array(5) {
  ["lang"] => string(2) "de"
  ["action"] => string(4) "feed"
  ["key"] => string(22) "typete_designmai05.png"
  ["module"] => string(7) "default"
  ["controller"] => string(5) "index"
}


--------------------------------------------------------------------------------
2021-03-30T03:54:31+00:00 ERR (3) 404 unkown Type requested
REMOTE_ADDR: 13.66.139.144
HTTP_REFERER: 
requested: array(5) {
  ["lang"] => string(2) "de"
  ["action"] => string(4) "feed"
  ["key"] => string(22) "kulturlose-shot022.png"
  ["module"] => string(7) "default"
  ["controller"] => string(5) "index"
}


--------------------------------------------------------------------------------
2021-03-30T04:25:33+00:00 ERR (3) 404 unkown Type requested
REMOTE_ADDR: 13.66.139.99
HTTP_REFERER: 
requested: array(5) {
  ["lang"] => string(2) "de"
  ["action"] => string(4) "feed"
  ["key"] => string(20) "abraum-catalog_2.png"
  ["module"] => string(7) "default"
  ["controller"] => string(5) "index"
}


--------------------------------------------------------------------------------
2021-03-30T04:44:00+00:00 ERR (3) 404 unkown Type requested
REMOTE_ADDR: 13.66.139.2
HTTP_REFERER: 
requested: array(6) {
  ["lang"] => string(2) "de"
  ["action"] => string(4) "feed"
  ["key"] => string(21) "commons.wikimedia.org"
  ["wiki"] => string(16) "File:Muskrat.jpg"
  ["module"] => string(7) "default"
  ["controller"] => string(5) "index"
}


--------------------------------------------------------------------------------
2021-03-30T05:03:42+00:00 ERR (3) 404 unkown Type requested
REMOTE_ADDR: 13.66.139.99
HTTP_REFERER: 
requested: array(5) {
  ["lang"] => string(2) "de"
  ["action"] => string(4) "feed"
  ["key"] => string(22) "kulturlose-shot018.png"
  ["module"] => string(7) "default"
  ["controller"] => string(5) "index"
}


--------------------------------------------------------------------------------
2021-03-30T05:17:05+00:00 ERR (3) 404 unkown Type requested
REMOTE_ADDR: 13.66.139.144
HTTP_REFERER: 
requested: array(5) {
  ["lang"] => string(2) "de"
  ["action"] => string(4) "feed"
  ["key"] => string(31) "stamp_schulze-delitzsch_big.png"
  ["module"] => string(7) "default"
  ["controller"] => string(5) "index"
}


--------------------------------------------------------------------------------
2021-03-30T05:46:31+00:00 ERR (3) 404 unkown Type requested
REMOTE_ADDR: 13.66.139.144
HTTP_REFERER: 
requested: array(5) {
  ["lang"] => string(2) "de"
  ["action"] => string(4) "feed"
  ["key"] => string(22) "kulturlose-shot012.png"
  ["module"] => string(7) "default"
  ["controller"] => string(5) "index"
}


--------------------------------------------------------------------------------
2021-03-30T07:15:53+00:00 ERR (3) 404 unkown Type requested
REMOTE_ADDR: 13.66.139.101
HTTP_REFERER: 
requested: array(5) {
  ["lang"] => string(2) "de"
  ["action"] => string(4) "feed"
  ["key"] => string(22) "kulturlose-shot007.png"
  ["module"] => string(7) "default"
  ["controller"] => string(5) "index"
}


--------------------------------------------------------------------------------
2021-03-30T07:41:05+00:00 ERR (3) 404 unkown Type requested
REMOTE_ADDR: 13.66.139.144
HTTP_REFERER: 
requested: array(5) {
  ["lang"] => string(2) "de"
  ["action"] => string(4) "feed"
  ["key"] => string(22) "kulturlose-shot014.png"
  ["module"] => string(7) "default"
  ["controller"] => string(5) "index"
}


--------------------------------------------------------------------------------
2021-03-30T08:33:28+00:00 ERR (3) 404 unkown Type requested
REMOTE_ADDR: 13.66.139.99
HTTP_REFERER: 
requested: array(5) {
  ["lang"] => string(2) "de"
  ["action"] => string(4) "feed"
  ["key"] => string(39) "graphicoreBitmapFont-specimen_small.png"
  ["module"] => string(7) "default"
  ["controller"] => string(5) "index"
}


--------------------------------------------------------------------------------
2021-03-30T08:46:52+00:00 ERR (3) 404 unkown Type requested
REMOTE_ADDR: 13.66.139.144
HTTP_REFERER: 
requested: array(5) {
  ["lang"] => string(2) "de"
  ["action"] => string(4) "feed"
  ["key"] => string(23) "abraum-poster_label.png"
  ["module"] => string(7) "default"
  ["controller"] => string(5) "index"
}


--------------------------------------------------------------------------------
2021-03-30T09:00:52+00:00 ERR (3) 404 unkown Type requested
REMOTE_ADDR: 13.66.139.101
HTTP_REFERER: 
requested: array(5) {
  ["lang"] => string(2) "de"
  ["action"] => string(4) "feed"
  ["key"] => string(22) "kulturlose-shot031.png"
  ["module"] => string(7) "default"
  ["controller"] => string(5) "index"
}


--------------------------------------------------------------------------------
2021-03-30T09:14:19+00:00 ERR (3) 404 unkown Type requested
REMOTE_ADDR: 13.66.139.144
HTTP_REFERER: 
requested: array(5) {
  ["lang"] => string(2) "de"
  ["action"] => string(4) "feed"
  ["key"] => string(22) "kulturlose-shot009.png"
  ["module"] => string(7) "default"
  ["controller"] => string(5) "index"
}


--------------------------------------------------------------------------------
2021-03-30T09:53:15+00:00 ERR (3) 404 unkown Type requested
REMOTE_ADDR: 13.66.139.99
HTTP_REFERER: 
requested: array(5) {
  ["lang"] => string(2) "de"
  ["action"] => string(4) "feed"
  ["key"] => string(37) "graphicoreBitmapFont-specimen_big.png"
  ["module"] => string(7) "default"
  ["controller"] => string(5) "index"
}


--------------------------------------------------------------------------------
2021-03-30T10:27:55+00:00 ERR (3) 404 "hire-lasse" was not found.
REMOTE_ADDR: 157.55.39.106
HTTP_REFERER: 
requested: array(5) {
  ["lang"] => string(2) "de"
  ["action"] => string(4) "page"
  ["key"] => string(10) "hire-lasse"
  ["module"] => string(7) "default"
  ["controller"] => string(5) "index"
}


--------------------------------------------------------------------------------
2021-03-30T11:18:09+00:00 ERR (3) 404 "kulturlose-shot007.png" was not found.
REMOTE_ADDR: 13.66.139.101
HTTP_REFERER: 
requested: array(5) {
  ["lang"] => string(2) "en"
  ["action"] => string(7) "archive"
  ["key"] => string(22) "kulturlose-shot007.png"
  ["module"] => string(7) "default"
  ["controller"] => string(5) "index"
}


--------------------------------------------------------------------------------
2021-03-30T11:35:53+00:00 ERR (3) 404 The filter "2012-09-02_piece-of-prayer.png" was not found.
REMOTE_ADDR: 13.66.139.101
HTTP_REFERER: 
requested: array(5) {
  ["lang"] => string(2) "en"
  ["action"] => string(5) "diary"
  ["key"] => string(30) "2012-09-02_piece-of-prayer.png"
  ["module"] => string(7) "default"
  ["controller"] => string(5) "index"
}


--------------------------------------------------------------------------------
2021-03-30T12:10:29+00:00 ERR (3) 404 unkown Type requested
REMOTE_ADDR: 13.66.139.144
HTTP_REFERER: 
requested: array(5) {
  ["lang"] => string(2) "de"
  ["action"] => string(4) "feed"
  ["key"] => string(16) "typete-klein.png"
  ["module"] => string(7) "default"
  ["controller"] => string(5) "index"
}


--------------------------------------------------------------------------------
2021-03-30T12:11:29+00:00 ERR (3) 404 unkown Type requested
REMOTE_ADDR: 13.66.139.144
HTTP_REFERER: 
requested: array(5) {
  ["lang"] => string(2) "de"
  ["action"] => string(4) "feed"
  ["key"] => string(29) "toytoytoys_biafrika_klein.png"
  ["module"] => string(7) "default"
  ["controller"] => string(5) "index"
}


--------------------------------------------------------------------------------
2021-03-30T12:49:20+00:00 ERR (3) 404 Page not found
REMOTE_ADDR: 65.154.226.100
HTTP_REFERER: 
requested: array(3) {
  ["controller"] => string(14) "wp-config.good"
  ["action"] => string(5) "index"
  ["module"] => string(7) "default"
}


--------------------------------------------------------------------------------
2021-03-30T12:49:20+00:00 ERR (3) 404 Page not found
REMOTE_ADDR: 65.154.226.100
HTTP_REFERER: 
requested: array(3) {
  ["controller"] => string(22) "wp-config.php-original"
  ["action"] => string(5) "index"
  ["module"] => string(7) "default"
}


--------------------------------------------------------------------------------
2021-03-30T12:51:16+00:00 ERR (3) 404 Page not found
REMOTE_ADDR: 205.169.39.96
HTTP_REFERER: 
requested: array(3) {
  ["controller"] => string(14) "wp-config.good"
  ["action"] => string(5) "index"
  ["module"] => string(7) "default"
}


--------------------------------------------------------------------------------
2021-03-30T13:01:13+00:00 ERR (3) 404 Seite nicht gefunden
REMOTE_ADDR: 34.72.86.44
HTTP_REFERER: 
requested: array(3) {
  ["controller"] => string(14) "wp-config.good"
  ["action"] => string(5) "index"
  ["module"] => string(7) "default"
}


--------------------------------------------------------------------------------
2021-03-30T13:25:47+00:00 ERR (3) 404 Seite nicht gefunden
REMOTE_ADDR: 93.90.147.104
HTTP_REFERER: http://graphicore.de/
requested: array(3) {
  ["controller"] => string(3) "OLD"
  ["action"] => string(8) "wp-admin"
  ["module"] => string(7) "default"
}


--------------------------------------------------------------------------------
2021-03-30T14:58:14+00:00 ERR (3) 404 Page not found
REMOTE_ADDR: 65.154.226.100
HTTP_REFERER: 
requested: array(3) {
  ["controller"] => string(17) "wp-config.php.new"
  ["action"] => string(5) "index"
  ["module"] => string(7) "default"
}


--------------------------------------------------------------------------------
2021-03-30T19:50:11+00:00 ERR (3) 404 "competences" was not found.
REMOTE_ADDR: 35.240.99.64
HTTP_REFERER: 
requested: array(5) {
  ["lang"] => string(2) "de"
  ["action"] => string(4) "page"
  ["key"] => string(11) "competences"
  ["module"] => string(7) "default"
  ["controller"] => string(5) "index"
}


--------------------------------------------------------------------------------
2021-03-30T19:50:11+00:00 ERR (3) 404 "hire-lasse" was not found.
REMOTE_ADDR: 35.240.99.64
HTTP_REFERER: 
requested: array(5) {
  ["lang"] => string(2) "de"
  ["action"] => string(4) "page"
  ["key"] => string(10) "hire-lasse"
  ["module"] => string(7) "default"
  ["controller"] => string(5) "index"
}


--------------------------------------------------------------------------------
2021-03-30T19:50:41+00:00 ERR (3) 404 "competences" was not found.
REMOTE_ADDR: 35.240.99.64
HTTP_REFERER: 
requested: array(5) {
  ["lang"] => string(2) "en"
  ["action"] => string(4) "page"
  ["key"] => string(11) "competences"
  ["module"] => string(7) "default"
  ["controller"] => string(5) "index"
}


--------------------------------------------------------------------------------
2021-03-30T19:50:41+00:00 ERR (3) 404 "hire-lasse" was not found.
REMOTE_ADDR: 35.240.99.64
HTTP_REFERER: 
requested: array(5) {
  ["lang"] => string(2) "en"
  ["action"] => string(4) "page"
  ["key"] => string(10) "hire-lasse"
  ["module"] => string(7) "default"
  ["controller"] => string(5) "index"
}


--------------------------------------------------------------------------------
2021-03-30T19:50:43+00:00 ERR (3) 404 Seite nicht gefunden
REMOTE_ADDR: 35.240.99.64
HTTP_REFERER: 
requested: array(3) {
  ["controller"] => string(11) "install.php"
  ["action"] => string(5) "index"
  ["module"] => string(7) "default"
}


--------------------------------------------------------------------------------
2021-03-30T19:50:43+00:00 ERR (3) 404 Seite nicht gefunden
REMOTE_ADDR: 35.240.99.64
HTTP_REFERER: 
requested: array(3) {
  ["controller"] => string(4) "util"
  ["action"] => string(10) "login.aspx"
  ["module"] => string(7) "default"
}


--------------------------------------------------------------------------------
2021-03-30T19:50:43+00:00 ERR (3) 404 Seite nicht gefunden
REMOTE_ADDR: 35.240.99.64
HTTP_REFERER: 
requested: array(3) {
  ["controller"] => string(15) "magento_version"
  ["action"] => string(5) "index"
  ["module"] => string(7) "default"
}


--------------------------------------------------------------------------------
2021-03-30T22:41:33+00:00 ERR (3) 404 "hire-lasse" was not found.
REMOTE_ADDR: 148.251.237.246
HTTP_REFERER: 
requested: array(5) {
  ["lang"] => string(2) "de"
  ["action"] => string(4) "page"
  ["key"] => string(10) "hire-lasse"
  ["module"] => string(7) "default"
  ["controller"] => string(5) "index"
}


--------------------------------------------------------------------------------
2021-03-30T22:41:38+00:00 ERR (3) 404 "hire-lasse" was not found.
REMOTE_ADDR: 148.251.237.246
HTTP_REFERER: 
requested: array(5) {
  ["lang"] => string(2) "de"
  ["action"] => string(4) "page"
  ["key"] => string(10) "hire-lasse"
  ["module"] => string(7) "default"
  ["controller"] => string(5) "index"
}


--------------------------------------------------------------------------------
2021-03-30T22:46:16+00:00 ERR (3) 404 Seite nicht gefunden
REMOTE_ADDR: 103.21.59.169
HTTP_REFERER: http://graphicore.de/
requested: array(3) {
  ["controller"] => string(8) "wp-admin"
  ["action"] => string(5) "index"
  ["module"] => string(7) "default"
}


--------------------------------------------------------------------------------
