2011-09-02T01:00:25+00:00 ERR (3) 404 "en" was not found.
REMOTE_ADDR: 208.115.111.74
HTTP_REFERER: 
requested: array(5) {
  ["lang"] => string(2) "de"
  ["action"] => string(7) "archive"
  ["key"] => string(2) "en"
  ["module"] => string(7) "default"
  ["controller"] => string(5) "index"
}


--------------------------------------------------------------------------------
2011-09-02T05:15:28+00:00 ERR (3) 404 "topic" was not found.
REMOTE_ADDR: 95.64.12.32
HTTP_REFERER: http://graphicore.de/de/index/topic/intern/news/
requested: array(6) {
  ["lang"] => string(2) "de"
  ["action"] => string(5) "index"
  ["key"] => string(5) "topic"
  ["intern"] => string(4) "news"
  ["module"] => string(7) "default"
  ["controller"] => string(5) "index"
}


--------------------------------------------------------------------------------
2011-09-02T06:45:02+00:00 ERR (3) 404 "" was not found.
REMOTE_ADDR: 89.182.32.151
HTTP_REFERER: 
requested: array(5) {
  ["lang"] => string(2) "de"
  ["action"] => string(7) "archive"
  ["module"] => string(7) "default"
  ["controller"] => string(5) "index"
  ["key"] => string(0) ""
}


--------------------------------------------------------------------------------
2011-09-02T20:56:44+00:00 ERR (3) 404 Seite nicht gefunden
REMOTE_ADDR: 186.15.26.185
HTTP_REFERER: http://graphicore.de/forum/index.php
requested: array(3) {
  ["controller"] => string(5) "forum"
  ["action"] => string(9) "index.php"
  ["module"] => string(7) "default"
}


--------------------------------------------------------------------------------
