2018-08-27T00:03:50+00:00 ERR (3) 404 "anne" was not found.
REMOTE_ADDR: 66.249.66.198
HTTP_REFERER: 
requested: array(5) {
  ["lang"] => string(2) "en"
  ["action"] => string(4) "page"
  ["key"] => string(4) "anne"
  ["module"] => string(7) "default"
  ["controller"] => string(5) "index"
}


--------------------------------------------------------------------------------
2018-08-27T00:09:14+00:00 ERR (3) 404 "hire-lasse" was not found.
REMOTE_ADDR: 88.198.43.207
HTTP_REFERER: 
requested: array(5) {
  ["lang"] => string(2) "de"
  ["action"] => string(4) "page"
  ["key"] => string(10) "hire-lasse"
  ["module"] => string(7) "default"
  ["controller"] => string(5) "index"
}


--------------------------------------------------------------------------------
2018-08-27T06:58:33+00:00 ERR (3) 404 "competences" was not found.
REMOTE_ADDR: 90.86.25.4
HTTP_REFERER: 
requested: array(5) {
  ["lang"] => string(2) "de"
  ["action"] => string(4) "page"
  ["key"] => string(11) "competences"
  ["module"] => string(7) "default"
  ["controller"] => string(5) "index"
}


--------------------------------------------------------------------------------
2018-08-27T11:29:37+00:00 ERR (3) 404 "" was not found.
REMOTE_ADDR: 216.244.66.228
HTTP_REFERER: 
requested: array(5) {
  ["lang"] => string(2) "en"
  ["action"] => string(7) "archive"
  ["module"] => string(7) "default"
  ["controller"] => string(5) "index"
  ["key"] => string(0) ""
}


--------------------------------------------------------------------------------
2018-08-27T15:22:16+00:00 ERR (3) 404 "2014-02-27_kaufland-firewall-service" was not found.
REMOTE_ADDR: 216.244.66.228
HTTP_REFERER: 
requested: array(5) {
  ["lang"] => string(2) "de"
  ["action"] => string(7) "archive"
  ["key"] => string(36) "2014-02-27_kaufland-firewall-service"
  ["module"] => string(7) "default"
  ["controller"] => string(5) "index"
}


--------------------------------------------------------------------------------
2018-08-27T19:15:11+00:00 ERR (3) 404 "hire-lasse" was not found.
REMOTE_ADDR: 216.244.66.228
HTTP_REFERER: 
requested: array(5) {
  ["lang"] => string(2) "en"
  ["action"] => string(4) "page"
  ["key"] => string(10) "hire-lasse"
  ["module"] => string(7) "default"
  ["controller"] => string(5) "index"
}


--------------------------------------------------------------------------------
2018-08-27T19:35:34+00:00 ERR (3) 404 Seite nicht gefunden
REMOTE_ADDR: 125.65.46.143
HTTP_REFERER: 
requested: array(3) {
  ["controller"] => string(6) "search"
  ["action"] => string(14) "www.ymwears.cn"
  ["module"] => string(7) "default"
}


--------------------------------------------------------------------------------
2018-08-27T20:00:37+00:00 ERR (3) 404 "en" was not found.
REMOTE_ADDR: 216.244.66.228
HTTP_REFERER: 
requested: array(5) {
  ["lang"] => string(2) "de"
  ["action"] => string(4) "page"
  ["key"] => string(2) "en"
  ["module"] => string(7) "default"
  ["controller"] => string(5) "index"
}


--------------------------------------------------------------------------------
