2013-11-06T03:04:01+00:00 ERR (3) 404 "en" was not found.
REMOTE_ADDR: 208.115.111.73
HTTP_REFERER: 
requested: array(5) {
  ["lang"] => string(2) "en"
  ["action"] => string(4) "page"
  ["key"] => string(2) "en"
  ["module"] => string(7) "default"
  ["controller"] => string(5) "index"
}


--------------------------------------------------------------------------------
2013-11-06T22:33:30+00:00 ERR (3) 404 Seite nicht gefunden
REMOTE_ADDR: 41.251.62.9
HTTP_REFERER: 
requested: array(3) {
  ["controller"] => string(12) "wp-login.php"
  ["action"] => string(5) "index"
  ["module"] => string(7) "default"
}


--------------------------------------------------------------------------------
2013-11-06T22:33:32+00:00 ERR (3) 404 Seite nicht gefunden
REMOTE_ADDR: 41.251.62.9
HTTP_REFERER: 
requested: array(3) {
  ["controller"] => string(13) "administrator"
  ["action"] => string(9) "index.php"
  ["module"] => string(7) "default"
}


--------------------------------------------------------------------------------
2013-11-06T22:33:32+00:00 ERR (3) 404 Seite nicht gefunden
REMOTE_ADDR: 41.251.62.9
HTTP_REFERER: 
requested: array(3) {
  ["controller"] => string(9) "admin.php"
  ["action"] => string(5) "index"
  ["module"] => string(7) "default"
}


--------------------------------------------------------------------------------
2013-11-06T22:36:07+00:00 ERR (3) 404 Seite nicht gefunden
REMOTE_ADDR: 93.138.173.173
HTTP_REFERER: 
requested: array(3) {
  ["controller"] => string(12) "wp-login.php"
  ["action"] => string(5) "index"
  ["module"] => string(7) "default"
}


--------------------------------------------------------------------------------
2013-11-06T22:36:08+00:00 ERR (3) 404 Seite nicht gefunden
REMOTE_ADDR: 93.138.173.173
HTTP_REFERER: 
requested: array(3) {
  ["controller"] => string(13) "administrator"
  ["action"] => string(9) "index.php"
  ["module"] => string(7) "default"
}


--------------------------------------------------------------------------------
2013-11-06T22:36:08+00:00 ERR (3) 404 Seite nicht gefunden
REMOTE_ADDR: 93.138.173.173
HTTP_REFERER: 
requested: array(3) {
  ["controller"] => string(9) "admin.php"
  ["action"] => string(5) "index"
  ["module"] => string(7) "default"
}


--------------------------------------------------------------------------------
