2018-02-22T00:18:38+00:00 ERR (3) 404 Seite nicht gefunden
REMOTE_ADDR: 85.240.31.113
HTTP_REFERER: 
requested: array(3) {
  ["controller"] => string(12) "wp-login.php"
  ["action"] => string(5) "index"
  ["module"] => string(7) "default"
}


--------------------------------------------------------------------------------
2018-02-22T00:25:55+00:00 ERR (3) 404 Seite nicht gefunden
REMOTE_ADDR: 108.88.233.1
HTTP_REFERER: 
requested: array(3) {
  ["controller"] => string(12) "wp-login.php"
  ["action"] => string(5) "index"
  ["module"] => string(7) "default"
}


--------------------------------------------------------------------------------
2018-02-22T00:36:21+00:00 ERR (3) 404 "hire-lasse" was not found.
REMOTE_ADDR: 104.236.20.171
HTTP_REFERER: http://graphicore.de/de/archive/2010-09-09_A-Brute-Font-Attack
requested: array(5) {
  ["lang"] => string(2) "de"
  ["action"] => string(4) "page"
  ["key"] => string(10) "hire-lasse"
  ["module"] => string(7) "default"
  ["controller"] => string(5) "index"
}


--------------------------------------------------------------------------------
2018-02-22T00:36:36+00:00 ERR (3) 404 "hire-lasse" was not found.
REMOTE_ADDR: 104.236.20.171
HTTP_REFERER: http://graphicore.de/en/archive/2010-09-09_A-Brute-Font-Attack
requested: array(5) {
  ["lang"] => string(2) "en"
  ["action"] => string(4) "page"
  ["key"] => string(10) "hire-lasse"
  ["module"] => string(7) "default"
  ["controller"] => string(5) "index"
}


--------------------------------------------------------------------------------
2018-02-22T00:39:35+00:00 ERR (3) 404 Seite nicht gefunden
REMOTE_ADDR: 49.151.199.14
HTTP_REFERER: 
requested: array(3) {
  ["controller"] => string(12) "wp-login.php"
  ["action"] => string(5) "index"
  ["module"] => string(7) "default"
}


--------------------------------------------------------------------------------
2018-02-22T05:53:28+00:00 ERR (3) 404 Seite nicht gefunden
REMOTE_ADDR: 176.203.48.155
HTTP_REFERER: 
requested: array(3) {
  ["controller"] => string(12) "wp-login.php"
  ["action"] => string(5) "index"
  ["module"] => string(7) "default"
}


--------------------------------------------------------------------------------
2018-02-22T09:22:44+00:00 ERR (3) 404 Seite nicht gefunden
REMOTE_ADDR: 178.221.226.215
HTTP_REFERER: 
requested: array(3) {
  ["controller"] => string(12) "wp-login.php"
  ["action"] => string(5) "index"
  ["module"] => string(7) "default"
}


--------------------------------------------------------------------------------
2018-02-22T10:05:23+00:00 ERR (3) 404 Page not found
REMOTE_ADDR: 212.83.178.172
HTTP_REFERER: 
requested: array(3) {
  ["controller"] => string(7) "far.php"
  ["action"] => string(5) "index"
  ["module"] => string(7) "default"
}


--------------------------------------------------------------------------------
2018-02-22T10:28:38+00:00 ERR (3) 404 Seite nicht gefunden
REMOTE_ADDR: 201.212.38.113
HTTP_REFERER: 
requested: array(3) {
  ["controller"] => string(12) "wp-login.php"
  ["action"] => string(5) "index"
  ["module"] => string(7) "default"
}


--------------------------------------------------------------------------------
2018-02-22T11:09:38+00:00 ERR (3) 404 Seite nicht gefunden
REMOTE_ADDR: 65.99.237.69
HTTP_REFERER: 
requested: array(3) {
  ["controller"] => string(11) "wp-includes"
  ["action"] => string(15) "wlwmanifest.xml"
  ["module"] => string(7) "default"
}


--------------------------------------------------------------------------------
2018-02-22T11:09:38+00:00 ERR (3) 404 Seite nicht gefunden
REMOTE_ADDR: 65.99.237.69
HTTP_REFERER: 
requested: array(3) {
  ["controller"] => string(4) "blog"
  ["action"] => string(5) "index"
  ["module"] => string(7) "default"
}


--------------------------------------------------------------------------------
2018-02-22T11:09:39+00:00 ERR (3) 404 Seite nicht gefunden
REMOTE_ADDR: 65.99.237.69
HTTP_REFERER: 
requested: array(3) {
  ["controller"] => string(4) "blog"
  ["action"] => string(11) "wp-includes"
  ["module"] => string(7) "default"
}


--------------------------------------------------------------------------------
2018-02-22T11:14:19+00:00 ERR (3) 404 "" was not found.
REMOTE_ADDR: 52.87.222.128
HTTP_REFERER: 
requested: array(5) {
  ["lang"] => string(2) "en"
  ["action"] => string(7) "archive"
  ["module"] => string(7) "default"
  ["controller"] => string(5) "index"
  ["key"] => string(0) ""
}


--------------------------------------------------------------------------------
2018-02-22T11:19:53+00:00 ERR (3) 404 "hire-lasse" was not found.
REMOTE_ADDR: 52.87.222.128
HTTP_REFERER: 
requested: array(5) {
  ["lang"] => string(2) "en"
  ["action"] => string(4) "page"
  ["key"] => string(10) "hire-lasse"
  ["module"] => string(7) "default"
  ["controller"] => string(5) "index"
}


--------------------------------------------------------------------------------
2018-02-22T13:14:57+00:00 ERR (3) 404 Seite nicht gefunden
REMOTE_ADDR: 95.184.112.137
HTTP_REFERER: 
requested: array(3) {
  ["controller"] => string(12) "wp-login.php"
  ["action"] => string(5) "index"
  ["module"] => string(7) "default"
}


--------------------------------------------------------------------------------
2018-02-22T15:36:03+00:00 ERR (3) 404 Seite nicht gefunden
REMOTE_ADDR: 93.149.239.245
HTTP_REFERER: 
requested: array(3) {
  ["controller"] => string(12) "wp-login.php"
  ["action"] => string(5) "index"
  ["module"] => string(7) "default"
}


--------------------------------------------------------------------------------
2018-02-22T15:39:36+00:00 ERR (3) 404 Seite nicht gefunden
REMOTE_ADDR: 46.35.148.213
HTTP_REFERER: 
requested: array(3) {
  ["controller"] => string(12) "wp-login.php"
  ["action"] => string(5) "index"
  ["module"] => string(7) "default"
}


--------------------------------------------------------------------------------
2018-02-22T16:09:08+00:00 ERR (3) 404 Seite nicht gefunden
REMOTE_ADDR: 117.217.228.99
HTTP_REFERER: 
requested: array(3) {
  ["controller"] => string(12) "wp-login.php"
  ["action"] => string(5) "index"
  ["module"] => string(7) "default"
}


--------------------------------------------------------------------------------
2018-02-22T16:13:15+00:00 ERR (3) 404 Seite nicht gefunden
REMOTE_ADDR: 176.88.20.80
HTTP_REFERER: 
requested: array(3) {
  ["controller"] => string(12) "wp-login.php"
  ["action"] => string(5) "index"
  ["module"] => string(7) "default"
}


--------------------------------------------------------------------------------
2018-02-22T16:30:51+00:00 ERR (3) 404 Seite nicht gefunden
REMOTE_ADDR: 1.186.76.43
HTTP_REFERER: 
requested: array(3) {
  ["controller"] => string(12) "wp-login.php"
  ["action"] => string(5) "index"
  ["module"] => string(7) "default"
}


--------------------------------------------------------------------------------
2018-02-22T16:44:23+00:00 ERR (3) 404 Seite nicht gefunden
REMOTE_ADDR: 125.161.128.81
HTTP_REFERER: 
requested: array(3) {
  ["controller"] => string(12) "wp-login.php"
  ["action"] => string(5) "index"
  ["module"] => string(7) "default"
}


--------------------------------------------------------------------------------
2018-02-22T17:34:41+00:00 ERR (3) 404 Seite nicht gefunden
REMOTE_ADDR: 181.222.77.42
HTTP_REFERER: 
requested: array(3) {
  ["controller"] => string(12) "wp-login.php"
  ["action"] => string(5) "index"
  ["module"] => string(7) "default"
}


--------------------------------------------------------------------------------
2018-02-22T20:00:12+00:00 ERR (3) 404 Seite nicht gefunden
REMOTE_ADDR: 178.220.189.115
HTTP_REFERER: 
requested: array(3) {
  ["controller"] => string(12) "wp-login.php"
  ["action"] => string(5) "index"
  ["module"] => string(7) "default"
}


--------------------------------------------------------------------------------
2018-02-22T21:04:52+00:00 ERR (3) 404 Seite nicht gefunden
REMOTE_ADDR: 176.88.30.126
HTTP_REFERER: 
requested: array(3) {
  ["controller"] => string(12) "wp-login.php"
  ["action"] => string(5) "index"
  ["module"] => string(7) "default"
}


--------------------------------------------------------------------------------
2018-02-22T22:50:07+00:00 ERR (3) 404 Seite nicht gefunden
REMOTE_ADDR: 58.213.14.162
HTTP_REFERER: 
requested: array(5) {
  ["controller"] => string(19) "ajax.googleapis.com"
  ["action"] => string(4) "ajax"
  ["libs"] => string(4) "dojo"
  ["1.8.3"] => string(4) "dojo"
  ["module"] => string(7) "default"
}


--------------------------------------------------------------------------------
