2020-06-03T11:23:20+00:00 ERR (3) 404 Seite nicht gefunden
REMOTE_ADDR: 51.68.33.160
HTTP_REFERER: 
requested: array(3) {
  ["controller"] => string(13) "administrator"
  ["action"] => string(5) "index"
  ["module"] => string(7) "default"
}


--------------------------------------------------------------------------------
2020-06-03T11:23:20+00:00 ERR (3) 404 Seite nicht gefunden
REMOTE_ADDR: 51.68.33.160
HTTP_REFERER: http://graphicore.de/administrator/
requested: array(3) {
  ["controller"] => string(13) "administrator"
  ["action"] => string(9) "index.php"
  ["module"] => string(7) "default"
}


--------------------------------------------------------------------------------
2020-06-03T11:25:12+00:00 ERR (3) 404 Seite nicht gefunden
REMOTE_ADDR: 82.140.240.4
HTTP_REFERER: 
requested: array(3) {
  ["controller"] => string(9) "admin.php"
  ["action"] => string(5) "index"
  ["module"] => string(7) "default"
}


--------------------------------------------------------------------------------
2020-06-03T11:27:07+00:00 ERR (3) 404 Seite nicht gefunden
REMOTE_ADDR: 217.182.175.21
HTTP_REFERER: 
requested: array(3) {
  ["controller"] => string(5) "admin"
  ["action"] => string(5) "index"
  ["module"] => string(7) "default"
}


--------------------------------------------------------------------------------
2020-06-03T14:54:33+00:00 ERR (3) 404 "anne" was not found.
REMOTE_ADDR: 66.249.69.108
HTTP_REFERER: 
requested: array(5) {
  ["lang"] => string(2) "en"
  ["action"] => string(4) "page"
  ["key"] => string(4) "anne"
  ["module"] => string(7) "default"
  ["controller"] => string(5) "index"
}


--------------------------------------------------------------------------------
2020-06-03T19:21:59+00:00 ERR (3) 404 "anne" was not found.
REMOTE_ADDR: 66.249.69.106
HTTP_REFERER: 
requested: array(5) {
  ["lang"] => string(2) "de"
  ["action"] => string(4) "page"
  ["key"] => string(4) "anne"
  ["module"] => string(7) "default"
  ["controller"] => string(5) "index"
}


--------------------------------------------------------------------------------
2020-06-03T20:14:57+00:00 ERR (3) 404 "competences" was not found.
REMOTE_ADDR: 34.77.236.174
HTTP_REFERER: 
requested: array(5) {
  ["lang"] => string(2) "de"
  ["action"] => string(4) "page"
  ["key"] => string(11) "competences"
  ["module"] => string(7) "default"
  ["controller"] => string(5) "index"
}


--------------------------------------------------------------------------------
2020-06-03T20:14:57+00:00 ERR (3) 404 "hire-lasse" was not found.
REMOTE_ADDR: 34.77.236.174
HTTP_REFERER: 
requested: array(5) {
  ["lang"] => string(2) "de"
  ["action"] => string(4) "page"
  ["key"] => string(10) "hire-lasse"
  ["module"] => string(7) "default"
  ["controller"] => string(5) "index"
}


--------------------------------------------------------------------------------
2020-06-03T20:15:43+00:00 ERR (3) 404 "competences" was not found.
REMOTE_ADDR: 34.77.236.174
HTTP_REFERER: 
requested: array(5) {
  ["lang"] => string(2) "en"
  ["action"] => string(4) "page"
  ["key"] => string(11) "competences"
  ["module"] => string(7) "default"
  ["controller"] => string(5) "index"
}


--------------------------------------------------------------------------------
2020-06-03T20:15:43+00:00 ERR (3) 404 "hire-lasse" was not found.
REMOTE_ADDR: 34.77.236.174
HTTP_REFERER: 
requested: array(5) {
  ["lang"] => string(2) "en"
  ["action"] => string(4) "page"
  ["key"] => string(10) "hire-lasse"
  ["module"] => string(7) "default"
  ["controller"] => string(5) "index"
}


--------------------------------------------------------------------------------
2020-06-03T20:15:47+00:00 ERR (3) 404 Seite nicht gefunden
REMOTE_ADDR: 34.77.236.174
HTTP_REFERER: 
requested: array(3) {
  ["controller"] => string(11) "install.php"
  ["action"] => string(5) "index"
  ["module"] => string(7) "default"
}


--------------------------------------------------------------------------------
2020-06-03T20:15:47+00:00 ERR (3) 404 Seite nicht gefunden
REMOTE_ADDR: 34.77.236.174
HTTP_REFERER: 
requested: array(3) {
  ["controller"] => string(15) "magento_version"
  ["action"] => string(5) "index"
  ["module"] => string(7) "default"
}


--------------------------------------------------------------------------------
2020-06-03T20:15:47+00:00 ERR (3) 404 Seite nicht gefunden
REMOTE_ADDR: 34.77.236.174
HTTP_REFERER: 
requested: array(3) {
  ["controller"] => string(4) "util"
  ["action"] => string(10) "login.aspx"
  ["module"] => string(7) "default"
}


--------------------------------------------------------------------------------
