2018-04-12T02:56:36+00:00 ERR (3) 404 Seite nicht gefunden
REMOTE_ADDR: 27.38.252.184
HTTP_REFERER: 
requested: array(3) {
  ["controller"] => string(12) "wp-login.php"
  ["action"] => string(5) "index"
  ["module"] => string(7) "default"
}


--------------------------------------------------------------------------------
2018-04-12T03:30:44+00:00 ERR (3) 404 Seite nicht gefunden
REMOTE_ADDR: 122.14.129.61
HTTP_REFERER: 
requested: array(3) {
  ["controller"] => string(11) "wp-includes"
  ["action"] => string(15) "wlwmanifest.xml"
  ["module"] => string(7) "default"
}


--------------------------------------------------------------------------------
2018-04-12T03:30:50+00:00 ERR (3) 404 Seite nicht gefunden
REMOTE_ADDR: 122.14.129.61
HTTP_REFERER: 
requested: array(3) {
  ["controller"] => string(4) "blog"
  ["action"] => string(5) "index"
  ["module"] => string(7) "default"
}


--------------------------------------------------------------------------------
2018-04-12T03:30:55+00:00 ERR (3) 404 Seite nicht gefunden
REMOTE_ADDR: 122.14.129.61
HTTP_REFERER: 
requested: array(3) {
  ["controller"] => string(4) "blog"
  ["action"] => string(11) "wp-includes"
  ["module"] => string(7) "default"
}


--------------------------------------------------------------------------------
2018-04-12T03:42:52+00:00 ERR (3) 404 Seite nicht gefunden
REMOTE_ADDR: 181.49.87.65
HTTP_REFERER: 
requested: array(3) {
  ["controller"] => string(12) "wp-login.php"
  ["action"] => string(5) "index"
  ["module"] => string(7) "default"
}


--------------------------------------------------------------------------------
2018-04-12T05:07:45+00:00 ERR (3) 404 Seite nicht gefunden
REMOTE_ADDR: 93.87.82.78
HTTP_REFERER: 
requested: array(3) {
  ["controller"] => string(12) "wp-login.php"
  ["action"] => string(5) "index"
  ["module"] => string(7) "default"
}


--------------------------------------------------------------------------------
2018-04-12T06:30:03+00:00 ERR (3) 404 "competences" was not found.
REMOTE_ADDR: 159.65.175.23
HTTP_REFERER: http://graphicore.de/en/page/lasse
requested: array(5) {
  ["lang"] => string(2) "en"
  ["action"] => string(4) "page"
  ["key"] => string(11) "competences"
  ["module"] => string(7) "default"
  ["controller"] => string(5) "index"
}


--------------------------------------------------------------------------------
2018-04-12T06:30:17+00:00 ERR (3) 404 "competences" was not found.
REMOTE_ADDR: 159.65.175.23
HTTP_REFERER: http://graphicore.de/de/page/lasse
requested: array(5) {
  ["lang"] => string(2) "de"
  ["action"] => string(4) "page"
  ["key"] => string(11) "competences"
  ["module"] => string(7) "default"
  ["controller"] => string(5) "index"
}


--------------------------------------------------------------------------------
2018-04-12T06:33:07+00:00 ERR (3) 404 "hire-lasse" was not found.
REMOTE_ADDR: 159.65.175.23
HTTP_REFERER: http://graphicore.de/de/archive/2010-09-09_A-Brute-Font-Attack
requested: array(5) {
  ["lang"] => string(2) "de"
  ["action"] => string(4) "page"
  ["key"] => string(10) "hire-lasse"
  ["module"] => string(7) "default"
  ["controller"] => string(5) "index"
}


--------------------------------------------------------------------------------
2018-04-12T06:33:18+00:00 ERR (3) 404 "hire-lasse" was not found.
REMOTE_ADDR: 159.65.175.23
HTTP_REFERER: http://graphicore.de/en/archive/2010-09-09_A-Brute-Font-Attack
requested: array(5) {
  ["lang"] => string(2) "en"
  ["action"] => string(4) "page"
  ["key"] => string(10) "hire-lasse"
  ["module"] => string(7) "default"
  ["controller"] => string(5) "index"
}


--------------------------------------------------------------------------------
2018-04-12T07:06:09+00:00 ERR (3) 404 Seite nicht gefunden
REMOTE_ADDR: 182.57.253.48
HTTP_REFERER: 
requested: array(3) {
  ["controller"] => string(12) "wp-login.php"
  ["action"] => string(5) "index"
  ["module"] => string(7) "default"
}


--------------------------------------------------------------------------------
2018-04-12T07:18:59+00:00 ERR (3) 404 Seite nicht gefunden
REMOTE_ADDR: 188.22.115.102
HTTP_REFERER: 
requested: array(3) {
  ["controller"] => string(12) "wp-login.php"
  ["action"] => string(5) "index"
  ["module"] => string(7) "default"
}


--------------------------------------------------------------------------------
2018-04-12T09:09:27+00:00 ERR (3) 404 Seite nicht gefunden
REMOTE_ADDR: 150.242.72.205
HTTP_REFERER: 
requested: array(3) {
  ["controller"] => string(12) "wp-login.php"
  ["action"] => string(5) "index"
  ["module"] => string(7) "default"
}


--------------------------------------------------------------------------------
2018-04-12T09:30:19+00:00 ERR (3) 404 Seite nicht gefunden
REMOTE_ADDR: 167.114.174.95
HTTP_REFERER: 
requested: array(3) {
  ["controller"] => string(11) "sitemap.xml"
  ["action"] => string(5) "index"
  ["module"] => string(7) "default"
}


--------------------------------------------------------------------------------
2018-04-12T09:30:37+00:00 ERR (3) 404 Seite nicht gefunden
REMOTE_ADDR: 167.114.174.95
HTTP_REFERER: 
requested: array(3) {
  ["controller"] => string(7) "ads.txt"
  ["action"] => string(5) "index"
  ["module"] => string(7) "default"
}


--------------------------------------------------------------------------------
2018-04-12T10:05:21+00:00 ERR (3) 404 Seite nicht gefunden
REMOTE_ADDR: 27.63.96.59
HTTP_REFERER: 
requested: array(3) {
  ["controller"] => string(12) "wp-login.php"
  ["action"] => string(5) "index"
  ["module"] => string(7) "default"
}


--------------------------------------------------------------------------------
2018-04-12T10:58:35+00:00 ERR (3) 404 Seite nicht gefunden
REMOTE_ADDR: 212.252.137.203
HTTP_REFERER: 
requested: array(3) {
  ["controller"] => string(12) "wp-login.php"
  ["action"] => string(5) "index"
  ["module"] => string(7) "default"
}


--------------------------------------------------------------------------------
2018-04-12T11:07:33+00:00 ERR (3) 404 Seite nicht gefunden
REMOTE_ADDR: 87.214.243.154
HTTP_REFERER: 
requested: array(3) {
  ["controller"] => string(12) "wp-login.php"
  ["action"] => string(5) "index"
  ["module"] => string(7) "default"
}


--------------------------------------------------------------------------------
2018-04-12T14:28:47+00:00 ERR (3) 404 Seite nicht gefunden
REMOTE_ADDR: 93.15.50.181
HTTP_REFERER: 
requested: array(3) {
  ["controller"] => string(12) "wp-login.php"
  ["action"] => string(5) "index"
  ["module"] => string(7) "default"
}


--------------------------------------------------------------------------------
2018-04-12T15:32:56+00:00 ERR (3) 404 Seite nicht gefunden
REMOTE_ADDR: 105.226.222.203
HTTP_REFERER: 
requested: array(3) {
  ["controller"] => string(12) "wp-login.php"
  ["action"] => string(5) "index"
  ["module"] => string(7) "default"
}


--------------------------------------------------------------------------------
2018-04-12T15:45:40+00:00 ERR (3) 404 Seite nicht gefunden
REMOTE_ADDR: 159.122.133.216
HTTP_REFERER: 
requested: array(3) {
  ["controller"] => string(12) "wp-login.php"
  ["action"] => string(5) "index"
  ["module"] => string(7) "default"
}


--------------------------------------------------------------------------------
2018-04-12T16:12:15+00:00 ERR (3) 404 Seite nicht gefunden
REMOTE_ADDR: 84.227.107.245
HTTP_REFERER: 
requested: array(3) {
  ["controller"] => string(12) "wp-login.php"
  ["action"] => string(5) "index"
  ["module"] => string(7) "default"
}


--------------------------------------------------------------------------------
2018-04-12T16:34:26+00:00 ERR (3) 404 Seite nicht gefunden
REMOTE_ADDR: 119.94.49.203
HTTP_REFERER: 
requested: array(3) {
  ["controller"] => string(12) "wp-login.php"
  ["action"] => string(5) "index"
  ["module"] => string(7) "default"
}


--------------------------------------------------------------------------------
2018-04-12T16:52:11+00:00 ERR (3) 404 Seite nicht gefunden
REMOTE_ADDR: 86.180.51.30
HTTP_REFERER: 
requested: array(3) {
  ["controller"] => string(12) "wp-login.php"
  ["action"] => string(5) "index"
  ["module"] => string(7) "default"
}


--------------------------------------------------------------------------------
2018-04-12T17:05:51+00:00 ERR (3) 404 Seite nicht gefunden
REMOTE_ADDR: 99.248.53.185
HTTP_REFERER: 
requested: array(3) {
  ["controller"] => string(12) "wp-login.php"
  ["action"] => string(5) "index"
  ["module"] => string(7) "default"
}


--------------------------------------------------------------------------------
2018-04-12T17:16:02+00:00 ERR (3) 404 Seite nicht gefunden
REMOTE_ADDR: 46.44.148.21
HTTP_REFERER: 
requested: array(3) {
  ["controller"] => string(12) "wp-login.php"
  ["action"] => string(5) "index"
  ["module"] => string(7) "default"
}


--------------------------------------------------------------------------------
2018-04-12T17:35:20+00:00 ERR (3) 404 Seite nicht gefunden
REMOTE_ADDR: 39.50.74.38
HTTP_REFERER: 
requested: array(3) {
  ["controller"] => string(12) "wp-login.php"
  ["action"] => string(5) "index"
  ["module"] => string(7) "default"
}


--------------------------------------------------------------------------------
2018-04-12T19:39:34+00:00 ERR (3) 404 Seite nicht gefunden
REMOTE_ADDR: 87.9.193.138
HTTP_REFERER: 
requested: array(3) {
  ["controller"] => string(12) "wp-login.php"
  ["action"] => string(5) "index"
  ["module"] => string(7) "default"
}


--------------------------------------------------------------------------------
2018-04-12T19:51:39+00:00 ERR (3) 404 Seite nicht gefunden
REMOTE_ADDR: 84.113.230.56
HTTP_REFERER: 
requested: array(3) {
  ["controller"] => string(12) "wp-login.php"
  ["action"] => string(5) "index"
  ["module"] => string(7) "default"
}


--------------------------------------------------------------------------------
2018-04-12T21:23:37+00:00 ERR (3) 404 Seite nicht gefunden
REMOTE_ADDR: 196.206.89.213
HTTP_REFERER: 
requested: array(3) {
  ["controller"] => string(12) "wp-login.php"
  ["action"] => string(5) "index"
  ["module"] => string(7) "default"
}


--------------------------------------------------------------------------------
2018-04-12T22:29:42+00:00 ERR (3) 404 Seite nicht gefunden
REMOTE_ADDR: 103.91.180.23
HTTP_REFERER: 
requested: array(3) {
  ["controller"] => string(12) "wp-login.php"
  ["action"] => string(5) "index"
  ["module"] => string(7) "default"
}


--------------------------------------------------------------------------------
