2017-04-01T13:05:51+00:00 ERR (3) 404 Seite nicht gefunden
REMOTE_ADDR: 165.16.208.88
HTTP_REFERER: 
requested: array(3) {
  ["controller"] => string(20) "Struts2XMLHelloWorld"
  ["action"] => string(4) "User"
  ["module"] => string(7) "default"
}


--------------------------------------------------------------------------------
2017-04-01T13:06:01+00:00 ERR (3) 404 Seite nicht gefunden
REMOTE_ADDR: 165.16.208.88
HTTP_REFERER: 
requested: array(3) {
  ["controller"] => string(12) "login.action"
  ["action"] => string(5) "index"
  ["module"] => string(7) "default"
}


--------------------------------------------------------------------------------
2017-04-01T13:06:01+00:00 ERR (3) 404 Seite nicht gefunden
REMOTE_ADDR: 165.16.208.88
HTTP_REFERER: 
requested: array(3) {
  ["controller"] => string(5) "admin"
  ["action"] => string(5) "agent"
  ["module"] => string(7) "default"
}


--------------------------------------------------------------------------------
2017-04-01T13:06:02+00:00 ERR (3) 404 Seite nicht gefunden
REMOTE_ADDR: 165.16.208.88
HTTP_REFERER: 
requested: array(3) {
  ["controller"] => string(25) "struts2_2.3.15.1-showcase"
  ["action"] => string(15) "showcase.action"
  ["module"] => string(7) "default"
}


--------------------------------------------------------------------------------
2017-04-01T13:06:02+00:00 ERR (3) 404 Seite nicht gefunden
REMOTE_ADDR: 165.16.208.88
HTTP_REFERER: 
requested: array(3) {
  ["controller"] => string(16) "struts2-showcase"
  ["action"] => string(12) "login.action"
  ["module"] => string(7) "default"
}


--------------------------------------------------------------------------------
2017-04-01T13:06:09+00:00 ERR (3) 404 Seite nicht gefunden
REMOTE_ADDR: 165.16.208.88
HTTP_REFERER: 
requested: array(4) {
  ["controller"] => string(7) "vportal"
  ["action"] => string(3) "web"
  ["gateway"] => string(11) "home.action"
  ["module"] => string(7) "default"
}


--------------------------------------------------------------------------------
2017-04-01T13:06:12+00:00 ERR (3) 404 Seite nicht gefunden
REMOTE_ADDR: 165.16.208.88
HTTP_REFERER: 
requested: array(3) {
  ["controller"] => string(3) "web"
  ["action"] => string(12) "Index.action"
  ["module"] => string(7) "default"
}


--------------------------------------------------------------------------------
2017-04-01T13:06:13+00:00 ERR (3) 404 Seite nicht gefunden
REMOTE_ADDR: 165.16.208.88
HTTP_REFERER: 
requested: array(3) {
  ["controller"] => string(4) "home"
  ["action"] => string(12) "login.action"
  ["module"] => string(7) "default"
}


--------------------------------------------------------------------------------
2017-04-01T13:06:22+00:00 ERR (3) 404 Seite nicht gefunden
REMOTE_ADDR: 165.16.208.88
HTTP_REFERER: 
requested: array(3) {
  ["controller"] => string(15) "struts-2.3.24.1"
  ["action"] => string(12) "login.action"
  ["module"] => string(7) "default"
}


--------------------------------------------------------------------------------
2017-04-01T13:06:26+00:00 ERR (3) 404 Seite nicht gefunden
REMOTE_ADDR: 165.16.208.88
HTTP_REFERER: 
requested: array(3) {
  ["controller"] => string(13) "struts-2.3.20"
  ["action"] => string(12) "login.action"
  ["module"] => string(7) "default"
}


--------------------------------------------------------------------------------
2017-04-01T13:06:26+00:00 ERR (3) 404 Seite nicht gefunden
REMOTE_ADDR: 165.16.208.88
HTTP_REFERER: 
requested: array(3) {
  ["controller"] => string(15) "struts-2.3.24.3"
  ["action"] => string(12) "login.action"
  ["module"] => string(7) "default"
}


--------------------------------------------------------------------------------
2017-04-01T13:06:33+00:00 ERR (3) 404 Seite nicht gefunden
REMOTE_ADDR: 165.16.208.88
HTTP_REFERER: 
requested: array(3) {
  ["controller"] => string(7) "article"
  ["action"] => string(14) "article.action"
  ["module"] => string(7) "default"
}


--------------------------------------------------------------------------------
2017-04-01T13:06:40+00:00 ERR (3) 404 Seite nicht gefunden
REMOTE_ADDR: 165.16.208.88
HTTP_REFERER: 
requested: array(3) {
  ["controller"] => string(16) "struts2-showcase"
  ["action"] => string(15) "showcase.action"
  ["module"] => string(7) "default"
}


--------------------------------------------------------------------------------
2017-04-01T13:06:40+00:00 ERR (3) 404 Seite nicht gefunden
REMOTE_ADDR: 165.16.208.88
HTTP_REFERER: 
requested: array(3) {
  ["controller"] => string(4) "user"
  ["action"] => string(23) "registrationPage.action"
  ["module"] => string(7) "default"
}


--------------------------------------------------------------------------------
2017-04-01T17:42:26+00:00 ERR (3) 404 "hire-lasse" was not found.
REMOTE_ADDR: 157.55.39.13
HTTP_REFERER: 
requested: array(5) {
  ["lang"] => string(2) "de"
  ["action"] => string(4) "page"
  ["key"] => string(10) "hire-lasse"
  ["module"] => string(7) "default"
  ["controller"] => string(5) "index"
}


--------------------------------------------------------------------------------
