2020-05-06T10:39:48+00:00 ERR (3) 404 Seite nicht gefunden
REMOTE_ADDR: 212.92.121.77
HTTP_REFERER: 
requested: array(3) {
  ["controller"] => string(9) "wordpress"
  ["action"] => string(5) "index"
  ["module"] => string(7) "default"
}


--------------------------------------------------------------------------------
2020-05-06T10:39:48+00:00 ERR (3) 404 Seite nicht gefunden
REMOTE_ADDR: 212.92.121.77
HTTP_REFERER: 
requested: array(3) {
  ["controller"] => string(2) "wp"
  ["action"] => string(5) "index"
  ["module"] => string(7) "default"
}


--------------------------------------------------------------------------------
2020-05-06T10:39:48+00:00 ERR (3) 404 Seite nicht gefunden
REMOTE_ADDR: 212.92.121.77
HTTP_REFERER: 
requested: array(3) {
  ["controller"] => string(4) "blog"
  ["action"] => string(5) "index"
  ["module"] => string(7) "default"
}


--------------------------------------------------------------------------------
2020-05-06T10:39:48+00:00 ERR (3) 404 Seite nicht gefunden
REMOTE_ADDR: 212.92.121.77
HTTP_REFERER: 
requested: array(3) {
  ["controller"] => string(3) "new"
  ["action"] => string(5) "index"
  ["module"] => string(7) "default"
}


--------------------------------------------------------------------------------
2020-05-06T10:39:48+00:00 ERR (3) 404 Seite nicht gefunden
REMOTE_ADDR: 212.92.121.77
HTTP_REFERER: 
requested: array(3) {
  ["controller"] => string(3) "old"
  ["action"] => string(5) "index"
  ["module"] => string(7) "default"
}


--------------------------------------------------------------------------------
2020-05-06T10:39:48+00:00 ERR (3) 404 Seite nicht gefunden
REMOTE_ADDR: 212.92.121.77
HTTP_REFERER: 
requested: array(3) {
  ["controller"] => string(4) "test"
  ["action"] => string(5) "index"
  ["module"] => string(7) "default"
}


--------------------------------------------------------------------------------
2020-05-06T10:39:48+00:00 ERR (3) 404 Seite nicht gefunden
REMOTE_ADDR: 212.92.121.77
HTTP_REFERER: 
requested: array(3) {
  ["controller"] => string(4) "main"
  ["action"] => string(5) "index"
  ["module"] => string(7) "default"
}


--------------------------------------------------------------------------------
2020-05-06T10:39:48+00:00 ERR (3) 404 Seite nicht gefunden
REMOTE_ADDR: 212.92.121.77
HTTP_REFERER: 
requested: array(3) {
  ["controller"] => string(4) "site"
  ["action"] => string(5) "index"
  ["module"] => string(7) "default"
}


--------------------------------------------------------------------------------
2020-05-06T10:39:49+00:00 ERR (3) 404 Seite nicht gefunden
REMOTE_ADDR: 212.92.121.77
HTTP_REFERER: 
requested: array(3) {
  ["controller"] => string(6) "backup"
  ["action"] => string(5) "index"
  ["module"] => string(7) "default"
}


--------------------------------------------------------------------------------
2020-05-06T10:39:49+00:00 ERR (3) 404 Seite nicht gefunden
REMOTE_ADDR: 212.92.121.77
HTTP_REFERER: 
requested: array(3) {
  ["controller"] => string(4) "demo"
  ["action"] => string(5) "index"
  ["module"] => string(7) "default"
}


--------------------------------------------------------------------------------
2020-05-06T10:39:49+00:00 ERR (3) 404 Seite nicht gefunden
REMOTE_ADDR: 212.92.121.77
HTTP_REFERER: 
requested: array(3) {
  ["controller"] => string(4) "home"
  ["action"] => string(5) "index"
  ["module"] => string(7) "default"
}


--------------------------------------------------------------------------------
2020-05-06T10:39:49+00:00 ERR (3) 404 Seite nicht gefunden
REMOTE_ADDR: 212.92.121.77
HTTP_REFERER: 
requested: array(3) {
  ["controller"] => string(3) "tmp"
  ["action"] => string(5) "index"
  ["module"] => string(7) "default"
}


--------------------------------------------------------------------------------
2020-05-06T10:39:49+00:00 ERR (3) 404 Seite nicht gefunden
REMOTE_ADDR: 212.92.121.77
HTTP_REFERER: 
requested: array(3) {
  ["controller"] => string(3) "cms"
  ["action"] => string(5) "index"
  ["module"] => string(7) "default"
}


--------------------------------------------------------------------------------
2020-05-06T10:39:49+00:00 ERR (3) 404 Seite nicht gefunden
REMOTE_ADDR: 212.92.121.77
HTTP_REFERER: 
requested: array(3) {
  ["controller"] => string(3) "dev"
  ["action"] => string(5) "index"
  ["module"] => string(7) "default"
}


--------------------------------------------------------------------------------
2020-05-06T10:39:49+00:00 ERR (3) 404 Seite nicht gefunden
REMOTE_ADDR: 212.92.121.77
HTTP_REFERER: 
requested: array(3) {
  ["controller"] => string(6) "portal"
  ["action"] => string(5) "index"
  ["module"] => string(7) "default"
}


--------------------------------------------------------------------------------
2020-05-06T10:39:50+00:00 ERR (3) 404 Seite nicht gefunden
REMOTE_ADDR: 212.92.121.77
HTTP_REFERER: 
requested: array(3) {
  ["controller"] => string(3) "web"
  ["action"] => string(5) "index"
  ["module"] => string(7) "default"
}


--------------------------------------------------------------------------------
2020-05-06T10:39:50+00:00 ERR (3) 404 Seite nicht gefunden
REMOTE_ADDR: 212.92.121.77
HTTP_REFERER: 
requested: array(3) {
  ["controller"] => string(4) "temp"
  ["action"] => string(5) "index"
  ["module"] => string(7) "default"
}


--------------------------------------------------------------------------------
2020-05-06T14:11:51+00:00 ERR (3) 404 Seite nicht gefunden
REMOTE_ADDR: 66.249.66.200
HTTP_REFERER: 
requested: array(4) {
  ["controller"] => string(5) "diary"
  ["action"] => string(29) "tag:graphicore.de,2010-08-31:"
  ["diary"] => string(27) "201008310024084c7c4ba816ac5"
  ["module"] => string(7) "default"
}


--------------------------------------------------------------------------------
2020-05-06T22:46:18+00:00 ERR (3) 404 Seite nicht gefunden
REMOTE_ADDR: 176.114.153.119
HTTP_REFERER: http://graphicore.de/forum/
requested: array(3) {
  ["controller"] => string(5) "forum"
  ["action"] => string(5) "index"
  ["module"] => string(7) "default"
}


--------------------------------------------------------------------------------
