2018-11-15T01:19:55+00:00 ERR (3) 404 Seite nicht gefunden
REMOTE_ADDR: 54.236.1.15
HTTP_REFERER: 
requested: array(3) {
  ["controller"] => string(20) "apple-touch-icon.png"
  ["action"] => string(5) "index"
  ["module"] => string(7) "default"
}


--------------------------------------------------------------------------------
2018-11-15T01:26:37+00:00 ERR (3) 404 "anne" was not found.
REMOTE_ADDR: 78.46.156.169
HTTP_REFERER: 
requested: array(5) {
  ["lang"] => string(2) "en"
  ["action"] => string(4) "page"
  ["key"] => string(4) "anne"
  ["module"] => string(7) "default"
  ["controller"] => string(5) "index"
}


--------------------------------------------------------------------------------
2018-11-15T01:26:37+00:00 ERR (3) 404 "anne" was not found.
REMOTE_ADDR: 144.76.102.243
HTTP_REFERER: 
requested: array(5) {
  ["lang"] => string(2) "de"
  ["action"] => string(4) "page"
  ["key"] => string(4) "anne"
  ["module"] => string(7) "default"
  ["controller"] => string(5) "index"
}


--------------------------------------------------------------------------------
2018-11-15T02:18:59+00:00 ERR (3) 404 Page not found
REMOTE_ADDR: 5.8.44.166
HTTP_REFERER: 
requested: array(3) {
  ["controller"] => string(4) ".git"
  ["action"] => string(5) "index"
  ["module"] => string(7) "default"
}


--------------------------------------------------------------------------------
2018-11-15T02:56:58+00:00 ERR (3) 404 Seite nicht gefunden
REMOTE_ADDR: 94.102.57.141
HTTP_REFERER: 
requested: array(3) {
  ["controller"] => string(7) "scripts"
  ["action"] => string(17) "cfformhistory.cfm"
  ["module"] => string(7) "default"
}


--------------------------------------------------------------------------------
2018-11-15T02:56:58+00:00 ERR (3) 404 Seite nicht gefunden
REMOTE_ADDR: 94.102.57.141
HTTP_REFERER: 
requested: array(3) {
  ["controller"] => string(10) "cf_scripts"
  ["action"] => string(7) "scripts"
  ["module"] => string(7) "default"
}


--------------------------------------------------------------------------------
2018-11-15T02:57:00+00:00 ERR (3) 404 Seite nicht gefunden
REMOTE_ADDR: 94.102.57.141
HTTP_REFERER: 
requested: array(3) {
  ["controller"] => string(5) "CFIDE"
  ["action"] => string(7) "scripts"
  ["module"] => string(7) "default"
}


--------------------------------------------------------------------------------
2018-11-15T02:57:00+00:00 ERR (3) 404 Seite nicht gefunden
REMOTE_ADDR: 94.102.57.141
HTTP_REFERER: 
requested: array(3) {
  ["controller"] => string(9) "wwscripts"
  ["action"] => string(17) "cfformhistory.cfm"
  ["module"] => string(7) "default"
}


--------------------------------------------------------------------------------
2018-11-15T02:57:00+00:00 ERR (3) 404 Seite nicht gefunden
REMOTE_ADDR: 94.102.57.141
HTTP_REFERER: 
requested: array(3) {
  ["controller"] => string(11) "FormScripts"
  ["action"] => string(17) "cfformhistory.cfm"
  ["module"] => string(7) "default"
}


--------------------------------------------------------------------------------
2018-11-15T02:57:00+00:00 ERR (3) 404 Seite nicht gefunden
REMOTE_ADDR: 94.102.57.141
HTTP_REFERER: 
requested: array(3) {
  ["controller"] => string(9) "index.cfm"
  ["action"] => string(5) "index"
  ["module"] => string(7) "default"
}


--------------------------------------------------------------------------------
2018-11-15T02:57:01+00:00 ERR (3) 404 Seite nicht gefunden
REMOTE_ADDR: 94.102.57.141
HTTP_REFERER: 
requested: array(3) {
  ["controller"] => string(5) "CFIDE"
  ["action"] => string(13) "Administrator"
  ["module"] => string(7) "default"
}


--------------------------------------------------------------------------------
2018-11-15T02:57:01+00:00 ERR (3) 404 Seite nicht gefunden
REMOTE_ADDR: 94.102.57.141
HTTP_REFERER: 
requested: array(5) {
  ["controller"] => string(7) "scripts"
  ["action"] => string(4) "ajax"
  ["ckeditor"] => string(7) "plugins"
  ["filemanager"] => string(15) "filemanager.cfm"
  ["module"] => string(7) "default"
}


--------------------------------------------------------------------------------
2018-11-15T02:57:01+00:00 ERR (3) 404 Seite nicht gefunden
REMOTE_ADDR: 94.102.57.141
HTTP_REFERER: 
requested: array(5) {
  ["controller"] => string(10) "cf_scripts"
  ["action"] => string(7) "scripts"
  ["ajax"] => string(8) "ckeditor"
  ["plugins"] => string(11) "filemanager"
  ["module"] => string(7) "default"
}


--------------------------------------------------------------------------------
2018-11-15T02:57:01+00:00 ERR (3) 404 Seite nicht gefunden
REMOTE_ADDR: 94.102.57.141
HTTP_REFERER: 
requested: array(5) {
  ["controller"] => string(5) "CFIDE"
  ["action"] => string(7) "scripts"
  ["ajax"] => string(8) "ckeditor"
  ["plugins"] => string(11) "filemanager"
  ["module"] => string(7) "default"
}


--------------------------------------------------------------------------------
2018-11-15T02:57:01+00:00 ERR (3) 404 Seite nicht gefunden
REMOTE_ADDR: 94.102.57.141
HTTP_REFERER: 
requested: array(6) {
  ["controller"] => string(5) "CFIDE"
  ["action"] => string(10) "cf_scripts"
  ["scripts"] => string(4) "ajax"
  ["ckeditor"] => string(7) "plugins"
  ["filemanager"] => string(15) "filemanager.cfm"
  ["module"] => string(7) "default"
}


--------------------------------------------------------------------------------
2018-11-15T02:57:01+00:00 ERR (3) 404 Seite nicht gefunden
REMOTE_ADDR: 94.102.57.141
HTTP_REFERER: 
requested: array(5) {
  ["controller"] => string(9) "wwscripts"
  ["action"] => string(4) "ajax"
  ["ckeditor"] => string(7) "plugins"
  ["filemanager"] => string(15) "filemanager.cfm"
  ["module"] => string(7) "default"
}


--------------------------------------------------------------------------------
2018-11-15T02:57:01+00:00 ERR (3) 404 Seite nicht gefunden
REMOTE_ADDR: 94.102.57.141
HTTP_REFERER: 
requested: array(5) {
  ["controller"] => string(11) "FormScripts"
  ["action"] => string(4) "ajax"
  ["ckeditor"] => string(7) "plugins"
  ["filemanager"] => string(15) "filemanager.cfm"
  ["module"] => string(7) "default"
}


--------------------------------------------------------------------------------
2018-11-15T02:57:02+00:00 ERR (3) 404 Seite nicht gefunden
REMOTE_ADDR: 94.102.57.141
HTTP_REFERER: 
requested: array(3) {
  ["controller"] => string(12) "flex2gateway"
  ["action"] => string(3) "amf"
  ["module"] => string(7) "default"
}


--------------------------------------------------------------------------------
2018-11-15T03:18:14+00:00 ERR (3) 404 "competences" was not found.
REMOTE_ADDR: 167.114.181.145
HTTP_REFERER: 
requested: array(5) {
  ["lang"] => string(2) "en"
  ["action"] => string(4) "page"
  ["key"] => string(11) "competences"
  ["module"] => string(7) "default"
  ["controller"] => string(5) "index"
}


--------------------------------------------------------------------------------
2018-11-15T03:18:19+00:00 ERR (3) 404 "competences" was not found.
REMOTE_ADDR: 167.114.181.145
HTTP_REFERER: 
requested: array(5) {
  ["lang"] => string(2) "en"
  ["action"] => string(4) "page"
  ["key"] => string(11) "competences"
  ["module"] => string(7) "default"
  ["controller"] => string(5) "index"
}


--------------------------------------------------------------------------------
2018-11-15T07:04:00+00:00 ERR (3) 404 Seite nicht gefunden
REMOTE_ADDR: 17.58.99.5
HTTP_REFERER: 
requested: array(3) {
  ["controller"] => string(20) "apple-touch-icon.png"
  ["action"] => string(5) "index"
  ["module"] => string(7) "default"
}


--------------------------------------------------------------------------------
2018-11-15T07:04:00+00:00 ERR (3) 404 Seite nicht gefunden
REMOTE_ADDR: 17.58.99.5
HTTP_REFERER: 
requested: array(3) {
  ["controller"] => string(32) "apple-touch-icon-precomposed.png"
  ["action"] => string(5) "index"
  ["module"] => string(7) "default"
}


--------------------------------------------------------------------------------
2018-11-15T07:04:00+00:00 ERR (3) 404 Seite nicht gefunden
REMOTE_ADDR: 17.58.99.5
HTTP_REFERER: 
requested: array(3) {
  ["controller"] => string(20) "apple-touch-icon.png"
  ["action"] => string(5) "index"
  ["module"] => string(7) "default"
}


--------------------------------------------------------------------------------
2018-11-15T07:04:00+00:00 ERR (3) 404 Seite nicht gefunden
REMOTE_ADDR: 17.58.99.5
HTTP_REFERER: 
requested: array(3) {
  ["controller"] => string(32) "apple-touch-icon-precomposed.png"
  ["action"] => string(5) "index"
  ["module"] => string(7) "default"
}


--------------------------------------------------------------------------------
2018-11-15T07:04:01+00:00 ERR (3) 404 Seite nicht gefunden
REMOTE_ADDR: 17.58.99.5
HTTP_REFERER: 
requested: array(3) {
  ["controller"] => string(11) ".well-known"
  ["action"] => string(26) "apple-app-site-association"
  ["module"] => string(7) "default"
}


--------------------------------------------------------------------------------
2018-11-15T07:04:01+00:00 ERR (3) 404 Seite nicht gefunden
REMOTE_ADDR: 17.58.99.5
HTTP_REFERER: 
requested: array(3) {
  ["controller"] => string(26) "apple-app-site-association"
  ["action"] => string(5) "index"
  ["module"] => string(7) "default"
}


--------------------------------------------------------------------------------
2018-11-15T12:12:52+00:00 ERR (3) 404 Seite nicht gefunden
REMOTE_ADDR: 46.229.168.131
HTTP_REFERER: 
requested: array(3) {
  ["controller"] => string(11) "sitemap.xml"
  ["action"] => string(5) "index"
  ["module"] => string(7) "default"
}


--------------------------------------------------------------------------------
2018-11-15T15:30:22+00:00 ERR (3) 404 Seite nicht gefunden
REMOTE_ADDR: 94.102.57.141
HTTP_REFERER: 
requested: array(3) {
  ["controller"] => string(7) "scripts"
  ["action"] => string(17) "cfformhistory.cfm"
  ["module"] => string(7) "default"
}


--------------------------------------------------------------------------------
2018-11-15T15:30:22+00:00 ERR (3) 404 Seite nicht gefunden
REMOTE_ADDR: 94.102.57.141
HTTP_REFERER: 
requested: array(3) {
  ["controller"] => string(10) "cf_scripts"
  ["action"] => string(7) "scripts"
  ["module"] => string(7) "default"
}


--------------------------------------------------------------------------------
2018-11-15T15:30:22+00:00 ERR (3) 404 Seite nicht gefunden
REMOTE_ADDR: 94.102.57.141
HTTP_REFERER: 
requested: array(3) {
  ["controller"] => string(5) "CFIDE"
  ["action"] => string(7) "scripts"
  ["module"] => string(7) "default"
}


--------------------------------------------------------------------------------
2018-11-15T15:30:22+00:00 ERR (3) 404 Seite nicht gefunden
REMOTE_ADDR: 94.102.57.141
HTTP_REFERER: 
requested: array(3) {
  ["controller"] => string(9) "wwscripts"
  ["action"] => string(17) "cfformhistory.cfm"
  ["module"] => string(7) "default"
}


--------------------------------------------------------------------------------
2018-11-15T15:30:23+00:00 ERR (3) 404 Seite nicht gefunden
REMOTE_ADDR: 94.102.57.141
HTTP_REFERER: 
requested: array(3) {
  ["controller"] => string(11) "FormScripts"
  ["action"] => string(17) "cfformhistory.cfm"
  ["module"] => string(7) "default"
}


--------------------------------------------------------------------------------
2018-11-15T15:30:23+00:00 ERR (3) 404 Seite nicht gefunden
REMOTE_ADDR: 94.102.57.141
HTTP_REFERER: 
requested: array(3) {
  ["controller"] => string(9) "index.cfm"
  ["action"] => string(5) "index"
  ["module"] => string(7) "default"
}


--------------------------------------------------------------------------------
2018-11-15T15:30:23+00:00 ERR (3) 404 Seite nicht gefunden
REMOTE_ADDR: 94.102.57.141
HTTP_REFERER: 
requested: array(3) {
  ["controller"] => string(5) "CFIDE"
  ["action"] => string(13) "Administrator"
  ["module"] => string(7) "default"
}


--------------------------------------------------------------------------------
2018-11-15T15:30:24+00:00 ERR (3) 404 Seite nicht gefunden
REMOTE_ADDR: 94.102.57.141
HTTP_REFERER: 
requested: array(5) {
  ["controller"] => string(7) "scripts"
  ["action"] => string(4) "ajax"
  ["ckeditor"] => string(7) "plugins"
  ["filemanager"] => string(15) "filemanager.cfm"
  ["module"] => string(7) "default"
}


--------------------------------------------------------------------------------
2018-11-15T15:30:24+00:00 ERR (3) 404 Seite nicht gefunden
REMOTE_ADDR: 94.102.57.141
HTTP_REFERER: 
requested: array(5) {
  ["controller"] => string(10) "cf_scripts"
  ["action"] => string(7) "scripts"
  ["ajax"] => string(8) "ckeditor"
  ["plugins"] => string(11) "filemanager"
  ["module"] => string(7) "default"
}


--------------------------------------------------------------------------------
2018-11-15T15:30:24+00:00 ERR (3) 404 Seite nicht gefunden
REMOTE_ADDR: 94.102.57.141
HTTP_REFERER: 
requested: array(5) {
  ["controller"] => string(5) "CFIDE"
  ["action"] => string(7) "scripts"
  ["ajax"] => string(8) "ckeditor"
  ["plugins"] => string(11) "filemanager"
  ["module"] => string(7) "default"
}


--------------------------------------------------------------------------------
2018-11-15T15:30:24+00:00 ERR (3) 404 Seite nicht gefunden
REMOTE_ADDR: 94.102.57.141
HTTP_REFERER: 
requested: array(6) {
  ["controller"] => string(5) "CFIDE"
  ["action"] => string(10) "cf_scripts"
  ["scripts"] => string(4) "ajax"
  ["ckeditor"] => string(7) "plugins"
  ["filemanager"] => string(15) "filemanager.cfm"
  ["module"] => string(7) "default"
}


--------------------------------------------------------------------------------
2018-11-15T15:30:24+00:00 ERR (3) 404 Seite nicht gefunden
REMOTE_ADDR: 94.102.57.141
HTTP_REFERER: 
requested: array(5) {
  ["controller"] => string(9) "wwscripts"
  ["action"] => string(4) "ajax"
  ["ckeditor"] => string(7) "plugins"
  ["filemanager"] => string(15) "filemanager.cfm"
  ["module"] => string(7) "default"
}


--------------------------------------------------------------------------------
2018-11-15T15:30:25+00:00 ERR (3) 404 Seite nicht gefunden
REMOTE_ADDR: 94.102.57.141
HTTP_REFERER: 
requested: array(5) {
  ["controller"] => string(11) "FormScripts"
  ["action"] => string(4) "ajax"
  ["ckeditor"] => string(7) "plugins"
  ["filemanager"] => string(15) "filemanager.cfm"
  ["module"] => string(7) "default"
}


--------------------------------------------------------------------------------
2018-11-15T15:30:25+00:00 ERR (3) 404 Seite nicht gefunden
REMOTE_ADDR: 94.102.57.141
HTTP_REFERER: 
requested: array(3) {
  ["controller"] => string(12) "flex2gateway"
  ["action"] => string(3) "amf"
  ["module"] => string(7) "default"
}


--------------------------------------------------------------------------------
2018-11-15T18:24:04+00:00 ERR (3) 404 Seite nicht gefunden
REMOTE_ADDR: 2.31.144.160
HTTP_REFERER: 
requested: array(3) {
  ["controller"] => string(6) "https:"
  ["action"] => string(19) "silber-und-blei.com"
  ["module"] => string(7) "default"
}


--------------------------------------------------------------------------------
2018-11-15T20:24:21+00:00 ERR (3) 404 Seite nicht gefunden
REMOTE_ADDR: 179.43.145.253
HTTP_REFERER: 
requested: array(3) {
  ["controller"] => string(6) "https:"
  ["action"] => string(19) "silber-und-blei.com"
  ["module"] => string(7) "default"
}


--------------------------------------------------------------------------------
2018-11-15T20:34:21+00:00 ERR (3) 404 Seite nicht gefunden
REMOTE_ADDR: 2.31.144.160
HTTP_REFERER: 
requested: array(4) {
  ["controller"] => string(6) "https:"
  [""] => string(19) "silber-und-blei.com"
  ["action"] => string(5) "index"
  ["module"] => string(7) "default"
}


--------------------------------------------------------------------------------
2018-11-15T21:49:35+00:00 ERR (3) 404 Seite nicht gefunden
REMOTE_ADDR: 54.236.1.15
HTTP_REFERER: 
requested: array(3) {
  ["controller"] => string(20) "apple-touch-icon.png"
  ["action"] => string(5) "index"
  ["module"] => string(7) "default"
}


--------------------------------------------------------------------------------
2018-11-15T23:00:42+00:00 ERR (3) 404 Seite nicht gefunden
REMOTE_ADDR: 179.43.145.253
HTTP_REFERER: 
requested: array(4) {
  ["controller"] => string(6) "https:"
  [""] => string(19) "silber-und-blei.com"
  ["action"] => string(5) "index"
  ["module"] => string(7) "default"
}


--------------------------------------------------------------------------------
2018-11-15T23:46:59+00:00 ERR (3) 404 Seite nicht gefunden
REMOTE_ADDR: 162.247.74.202
HTTP_REFERER: 
requested: array(3) {
  ["controller"] => string(4) "user"
  ["action"] => string(8) "register"
  ["module"] => string(7) "default"
}


--------------------------------------------------------------------------------
2018-11-15T23:56:19+00:00 ERR (3) 404 Seite nicht gefunden
REMOTE_ADDR: 46.229.168.129
HTTP_REFERER: 
requested: array(3) {
  ["controller"] => string(11) "sitemap.xml"
  ["action"] => string(5) "index"
  ["module"] => string(7) "default"
}


--------------------------------------------------------------------------------
