2020-07-13T05:30:32+00:00 ERR (3) 404 "hire-lasse" was not found.
REMOTE_ADDR: 89.221.95.34
HTTP_REFERER: 
requested: array(5) {
  ["lang"] => string(2) "en"
  ["action"] => string(4) "page"
  ["key"] => string(10) "hire-lasse"
  ["module"] => string(7) "default"
  ["controller"] => string(5) "index"
}


--------------------------------------------------------------------------------
2020-07-13T05:31:27+00:00 ERR (3) 404 "hire-lasse" was not found.
REMOTE_ADDR: 72.11.148.222
HTTP_REFERER: http://graphicore.de/en/page/hire-lasse
requested: array(5) {
  ["lang"] => string(2) "en"
  ["action"] => string(4) "page"
  ["key"] => string(10) "hire-lasse"
  ["module"] => string(7) "default"
  ["controller"] => string(5) "index"
}


--------------------------------------------------------------------------------
2020-07-13T05:31:28+00:00 ERR (3) 404 "hire-lasse" was not found.
REMOTE_ADDR: 72.11.148.222
HTTP_REFERER: http://graphicore.de/en/page/hire-lasse
requested: array(5) {
  ["lang"] => string(2) "de"
  ["action"] => string(4) "page"
  ["key"] => string(10) "hire-lasse"
  ["module"] => string(7) "default"
  ["controller"] => string(5) "index"
}


--------------------------------------------------------------------------------
2020-07-13T11:41:39+00:00 ERR (3) 404 "competences" was not found.
REMOTE_ADDR: 46.229.168.131
HTTP_REFERER: 
requested: array(5) {
  ["lang"] => string(2) "en"
  ["action"] => string(4) "page"
  ["key"] => string(11) "competences"
  ["module"] => string(7) "default"
  ["controller"] => string(5) "index"
}


--------------------------------------------------------------------------------
2020-07-13T16:30:28+00:00 ERR (3) 404 "competences" was not found.
REMOTE_ADDR: 85.208.96.65
HTTP_REFERER: 
requested: array(5) {
  ["lang"] => string(2) "de"
  ["action"] => string(4) "page"
  ["key"] => string(11) "competences"
  ["module"] => string(7) "default"
  ["controller"] => string(5) "index"
}


--------------------------------------------------------------------------------
2020-07-13T23:21:13+00:00 ERR (3) 404 "competences" was not found.
REMOTE_ADDR: 54.74.38.100
HTTP_REFERER: 
requested: array(5) {
  ["lang"] => string(2) "de"
  ["action"] => string(4) "page"
  ["key"] => string(11) "competences"
  ["module"] => string(7) "default"
  ["controller"] => string(5) "index"
}


--------------------------------------------------------------------------------
2020-07-13T23:34:19+00:00 ERR (3) 404 "hire-lasse" was not found.
REMOTE_ADDR: 144.76.162.206
HTTP_REFERER: 
requested: array(5) {
  ["lang"] => string(2) "de"
  ["action"] => string(4) "page"
  ["key"] => string(10) "hire-lasse"
  ["module"] => string(7) "default"
  ["controller"] => string(5) "index"
}


--------------------------------------------------------------------------------
2020-07-13T23:34:37+00:00 ERR (3) 404 "hire-lasse" was not found.
REMOTE_ADDR: 144.76.162.206
HTTP_REFERER: 
requested: array(5) {
  ["lang"] => string(2) "de"
  ["action"] => string(4) "page"
  ["key"] => string(10) "hire-lasse"
  ["module"] => string(7) "default"
  ["controller"] => string(5) "index"
}


--------------------------------------------------------------------------------
