2019-06-13T10:42:17+00:00 ERR (3) 404 Seite nicht gefunden
REMOTE_ADDR: 139.99.218.30
HTTP_REFERER: 
requested: array(5) {
  ["controller"] => string(6) "vendor"
  ["action"] => string(7) "phpunit"
  ["phpunit"] => string(3) "src"
  ["Util"] => string(3) "PHP"
  ["module"] => string(7) "default"
}


--------------------------------------------------------------------------------
2019-06-13T10:42:18+00:00 ERR (3) 404 Seite nicht gefunden
REMOTE_ADDR: 139.99.218.30
HTTP_REFERER: 
requested: array(5) {
  ["controller"] => string(6) "vendor"
  ["action"] => string(7) "phpunit"
  ["phpunit"] => string(3) "src"
  ["Util"] => string(3) "PHP"
  ["module"] => string(7) "default"
}


--------------------------------------------------------------------------------
2019-06-13T12:26:06+00:00 ERR (3) 404 Seite nicht gefunden
REMOTE_ADDR: 109.102.111.67
HTTP_REFERER: 
requested: array(4) {
  ["controller"] => string(6) "https:"
  [""] => string(19) "silber-und-blei.com"
  ["action"] => string(5) "index"
  ["module"] => string(7) "default"
}


--------------------------------------------------------------------------------
