2015-04-24T00:00:51+00:00 ERR (3) 404 "" was not found.
REMOTE_ADDR: 178.137.85.64
HTTP_REFERER: http://www.bogema-hotel.ru/
requested: array(5) {
  ["lang"] => string(2) "en"
  ["action"] => string(7) "archive"
  ["module"] => string(7) "default"
  ["controller"] => string(5) "index"
  ["key"] => string(0) ""
}


--------------------------------------------------------------------------------
2015-04-24T00:00:51+00:00 ERR (3) 404 "" was not found.
REMOTE_ADDR: 178.137.85.64
HTTP_REFERER: http://zoneg.ru/
requested: array(5) {
  ["lang"] => string(2) "en"
  ["action"] => string(7) "archive"
  ["module"] => string(7) "default"
  ["controller"] => string(5) "index"
  ["key"] => string(0) ""
}


--------------------------------------------------------------------------------
2015-04-24T00:00:52+00:00 ERR (3) 404 "" was not found.
REMOTE_ADDR: 178.137.85.64
HTTP_REFERER: http://zoneg.ru/
requested: array(5) {
  ["lang"] => string(2) "en"
  ["action"] => string(7) "archive"
  ["module"] => string(7) "default"
  ["controller"] => string(5) "index"
  ["key"] => string(0) ""
}


--------------------------------------------------------------------------------
2015-04-24T00:00:52+00:00 ERR (3) 404 "" was not found.
REMOTE_ADDR: 178.137.85.64
HTTP_REFERER: http://www.bogema-hotel.ru/
requested: array(5) {
  ["lang"] => string(2) "en"
  ["action"] => string(7) "archive"
  ["module"] => string(7) "default"
  ["controller"] => string(5) "index"
  ["key"] => string(0) ""
}


--------------------------------------------------------------------------------
2015-04-24T00:00:52+00:00 ERR (3) 404 "" was not found.
REMOTE_ADDR: 178.137.85.64
HTTP_REFERER: http://zoneg.ru/
requested: array(5) {
  ["lang"] => string(2) "en"
  ["action"] => string(7) "archive"
  ["module"] => string(7) "default"
  ["controller"] => string(5) "index"
  ["key"] => string(0) ""
}


--------------------------------------------------------------------------------
2015-04-24T00:00:52+00:00 ERR (3) 404 "" was not found.
REMOTE_ADDR: 178.137.85.64
HTTP_REFERER: http://www.bogema-hotel.ru/
requested: array(5) {
  ["lang"] => string(2) "en"
  ["action"] => string(7) "archive"
  ["module"] => string(7) "default"
  ["controller"] => string(5) "index"
  ["key"] => string(0) ""
}


--------------------------------------------------------------------------------
2015-04-24T00:57:41+00:00 ERR (3) 404 "hire-lasse" was not found.
REMOTE_ADDR: 176.9.148.233
HTTP_REFERER: 
requested: array(5) {
  ["lang"] => string(2) "de"
  ["action"] => string(4) "page"
  ["key"] => string(10) "hire-lasse"
  ["module"] => string(7) "default"
  ["controller"] => string(5) "index"
}


--------------------------------------------------------------------------------
2015-04-24T03:40:21+00:00 ERR (3) 404 "" was not found.
REMOTE_ADDR: 109.120.157.179
HTTP_REFERER: http://doska-vsem.ru/
requested: array(5) {
  ["lang"] => string(2) "en"
  ["action"] => string(7) "archive"
  ["module"] => string(7) "default"
  ["controller"] => string(5) "index"
  ["key"] => string(0) ""
}


--------------------------------------------------------------------------------
2015-04-24T03:40:22+00:00 ERR (3) 404 "" was not found.
REMOTE_ADDR: 109.120.157.179
HTTP_REFERER: http://doska-vsem.ru/
requested: array(5) {
  ["lang"] => string(2) "en"
  ["action"] => string(7) "archive"
  ["module"] => string(7) "default"
  ["controller"] => string(5) "index"
  ["key"] => string(0) ""
}


--------------------------------------------------------------------------------
2015-04-24T03:40:22+00:00 ERR (3) 404 "" was not found.
REMOTE_ADDR: 109.120.157.179
HTTP_REFERER: http://doska-vsem.ru/
requested: array(5) {
  ["lang"] => string(2) "en"
  ["action"] => string(7) "archive"
  ["module"] => string(7) "default"
  ["controller"] => string(5) "index"
  ["key"] => string(0) ""
}


--------------------------------------------------------------------------------
2015-04-24T03:47:37+00:00 ERR (3) 404 "hire-lasse" was not found.
REMOTE_ADDR: 5.9.86.41
HTTP_REFERER: 
requested: array(5) {
  ["lang"] => string(2) "de"
  ["action"] => string(4) "page"
  ["key"] => string(10) "hire-lasse"
  ["module"] => string(7) "default"
  ["controller"] => string(5) "index"
}


--------------------------------------------------------------------------------
2015-04-24T05:48:03+00:00 ERR (3) 404 "" was not found.
REMOTE_ADDR: 46.119.113.155
HTTP_REFERER: http://proekt-gaz.ru/
requested: array(5) {
  ["lang"] => string(2) "en"
  ["action"] => string(7) "archive"
  ["module"] => string(7) "default"
  ["controller"] => string(5) "index"
  ["key"] => string(0) ""
}


--------------------------------------------------------------------------------
2015-04-24T05:48:04+00:00 ERR (3) 404 "" was not found.
REMOTE_ADDR: 46.119.113.155
HTTP_REFERER: http://proekt-gaz.ru/
requested: array(5) {
  ["lang"] => string(2) "en"
  ["action"] => string(7) "archive"
  ["module"] => string(7) "default"
  ["controller"] => string(5) "index"
  ["key"] => string(0) ""
}


--------------------------------------------------------------------------------
2015-04-24T05:48:04+00:00 ERR (3) 404 "" was not found.
REMOTE_ADDR: 46.119.113.155
HTTP_REFERER: http://proekt-gaz.ru/
requested: array(5) {
  ["lang"] => string(2) "en"
  ["action"] => string(7) "archive"
  ["module"] => string(7) "default"
  ["controller"] => string(5) "index"
  ["key"] => string(0) ""
}


--------------------------------------------------------------------------------
2015-04-24T06:51:16+00:00 ERR (3) 404 "hire-lasse" was not found.
REMOTE_ADDR: 5.9.24.198
HTTP_REFERER: 
requested: array(5) {
  ["lang"] => string(2) "de"
  ["action"] => string(4) "page"
  ["key"] => string(10) "hire-lasse"
  ["module"] => string(7) "default"
  ["controller"] => string(5) "index"
}


--------------------------------------------------------------------------------
2015-04-24T06:53:36+00:00 ERR (3) 404 "hire-lasse" was not found.
REMOTE_ADDR: 5.9.24.198
HTTP_REFERER: 
requested: array(5) {
  ["lang"] => string(2) "en"
  ["action"] => string(4) "page"
  ["key"] => string(10) "hire-lasse"
  ["module"] => string(7) "default"
  ["controller"] => string(5) "index"
}


--------------------------------------------------------------------------------
2015-04-24T08:09:35+00:00 ERR (3) 404 "" was not found.
REMOTE_ADDR: 134.249.53.8
HTTP_REFERER: http://777s.ru/
requested: array(5) {
  ["lang"] => string(2) "en"
  ["action"] => string(7) "archive"
  ["module"] => string(7) "default"
  ["controller"] => string(5) "index"
  ["key"] => string(0) ""
}


--------------------------------------------------------------------------------
2015-04-24T08:09:35+00:00 ERR (3) 404 "" was not found.
REMOTE_ADDR: 134.249.53.8
HTTP_REFERER: http://ozas.net/
requested: array(5) {
  ["lang"] => string(2) "en"
  ["action"] => string(7) "archive"
  ["module"] => string(7) "default"
  ["controller"] => string(5) "index"
  ["key"] => string(0) ""
}


--------------------------------------------------------------------------------
2015-04-24T08:09:35+00:00 ERR (3) 404 "" was not found.
REMOTE_ADDR: 134.249.53.8
HTTP_REFERER: http://ozas.net/
requested: array(5) {
  ["lang"] => string(2) "en"
  ["action"] => string(7) "archive"
  ["module"] => string(7) "default"
  ["controller"] => string(5) "index"
  ["key"] => string(0) ""
}


--------------------------------------------------------------------------------
2015-04-24T08:09:35+00:00 ERR (3) 404 "" was not found.
REMOTE_ADDR: 134.249.53.8
HTTP_REFERER: http://777s.ru/
requested: array(5) {
  ["lang"] => string(2) "en"
  ["action"] => string(7) "archive"
  ["module"] => string(7) "default"
  ["controller"] => string(5) "index"
  ["key"] => string(0) ""
}


--------------------------------------------------------------------------------
2015-04-24T08:09:36+00:00 ERR (3) 404 "" was not found.
REMOTE_ADDR: 134.249.53.8
HTTP_REFERER: http://ozas.net/
requested: array(5) {
  ["lang"] => string(2) "en"
  ["action"] => string(7) "archive"
  ["module"] => string(7) "default"
  ["controller"] => string(5) "index"
  ["key"] => string(0) ""
}


--------------------------------------------------------------------------------
2015-04-24T08:09:36+00:00 ERR (3) 404 "" was not found.
REMOTE_ADDR: 134.249.53.8
HTTP_REFERER: http://777s.ru/
requested: array(5) {
  ["lang"] => string(2) "en"
  ["action"] => string(7) "archive"
  ["module"] => string(7) "default"
  ["controller"] => string(5) "index"
  ["key"] => string(0) ""
}


--------------------------------------------------------------------------------
2015-04-24T09:12:16+00:00 ERR (3) 404 "hire-lasse" was not found.
REMOTE_ADDR: 136.243.14.163
HTTP_REFERER: 
requested: array(5) {
  ["lang"] => string(2) "de"
  ["action"] => string(4) "page"
  ["key"] => string(10) "hire-lasse"
  ["module"] => string(7) "default"
  ["controller"] => string(5) "index"
}


--------------------------------------------------------------------------------
2015-04-24T10:09:54+00:00 ERR (3) 404 Seite nicht gefunden
REMOTE_ADDR: 144.76.62.165
HTTP_REFERER: 
requested: array(4) {
  ["controller"] => string(5) "forum"
  ["action"] => string(13) "viewtopic.php"
  ["module"] => string(7) "default"
  ["p"] => string(2) "13"
}


--------------------------------------------------------------------------------
2015-04-24T10:09:57+00:00 ERR (3) 404 Seite nicht gefunden
REMOTE_ADDR: 144.76.62.165
HTTP_REFERER: 
requested: array(4) {
  ["controller"] => string(5) "forum"
  ["action"] => string(13) "viewtopic.php"
  ["module"] => string(7) "default"
  ["p"] => string(2) "14"
}


--------------------------------------------------------------------------------
2015-04-24T10:10:01+00:00 ERR (3) 404 Seite nicht gefunden
REMOTE_ADDR: 144.76.62.165
HTTP_REFERER: 
requested: array(4) {
  ["controller"] => string(5) "forum"
  ["action"] => string(13) "viewtopic.php"
  ["module"] => string(7) "default"
  ["p"] => string(2) "15"
}


--------------------------------------------------------------------------------
2015-04-24T10:10:05+00:00 ERR (3) 404 Seite nicht gefunden
REMOTE_ADDR: 144.76.62.165
HTTP_REFERER: 
requested: array(4) {
  ["controller"] => string(5) "forum"
  ["action"] => string(13) "viewtopic.php"
  ["module"] => string(7) "default"
  ["p"] => string(2) "17"
}


--------------------------------------------------------------------------------
2015-04-24T10:10:09+00:00 ERR (3) 404 Seite nicht gefunden
REMOTE_ADDR: 144.76.62.165
HTTP_REFERER: 
requested: array(4) {
  ["controller"] => string(5) "forum"
  ["action"] => string(13) "viewtopic.php"
  ["module"] => string(7) "default"
  ["p"] => string(2) "19"
}


--------------------------------------------------------------------------------
2015-04-24T10:10:12+00:00 ERR (3) 404 Seite nicht gefunden
REMOTE_ADDR: 144.76.62.165
HTTP_REFERER: 
requested: array(4) {
  ["controller"] => string(5) "forum"
  ["action"] => string(13) "viewtopic.php"
  ["module"] => string(7) "default"
  ["p"] => string(2) "21"
}


--------------------------------------------------------------------------------
2015-04-24T10:10:15+00:00 ERR (3) 404 Seite nicht gefunden
REMOTE_ADDR: 144.76.62.165
HTTP_REFERER: 
requested: array(4) {
  ["controller"] => string(5) "forum"
  ["action"] => string(13) "viewtopic.php"
  ["module"] => string(7) "default"
  ["p"] => string(2) "22"
}


--------------------------------------------------------------------------------
2015-04-24T10:10:18+00:00 ERR (3) 404 Seite nicht gefunden
REMOTE_ADDR: 144.76.62.165
HTTP_REFERER: 
requested: array(4) {
  ["controller"] => string(5) "forum"
  ["action"] => string(13) "viewtopic.php"
  ["module"] => string(7) "default"
  ["p"] => string(2) "23"
}


--------------------------------------------------------------------------------
2015-04-24T10:10:21+00:00 ERR (3) 404 Seite nicht gefunden
REMOTE_ADDR: 144.76.62.165
HTTP_REFERER: 
requested: array(4) {
  ["controller"] => string(5) "forum"
  ["action"] => string(13) "viewtopic.php"
  ["module"] => string(7) "default"
  ["p"] => string(2) "24"
}


--------------------------------------------------------------------------------
2015-04-24T10:10:24+00:00 ERR (3) 404 Seite nicht gefunden
REMOTE_ADDR: 144.76.62.165
HTTP_REFERER: 
requested: array(4) {
  ["controller"] => string(5) "forum"
  ["action"] => string(13) "viewtopic.php"
  ["module"] => string(7) "default"
  ["p"] => string(2) "33"
}


--------------------------------------------------------------------------------
2015-04-24T10:10:27+00:00 ERR (3) 404 Seite nicht gefunden
REMOTE_ADDR: 144.76.62.165
HTTP_REFERER: 
requested: array(4) {
  ["controller"] => string(5) "forum"
  ["action"] => string(13) "viewtopic.php"
  ["module"] => string(7) "default"
  ["p"] => string(2) "34"
}


--------------------------------------------------------------------------------
2015-04-24T10:10:31+00:00 ERR (3) 404 Seite nicht gefunden
REMOTE_ADDR: 144.76.62.165
HTTP_REFERER: 
requested: array(4) {
  ["controller"] => string(5) "forum"
  ["action"] => string(13) "viewtopic.php"
  ["module"] => string(7) "default"
  ["p"] => string(2) "37"
}


--------------------------------------------------------------------------------
2015-04-24T10:10:34+00:00 ERR (3) 404 Seite nicht gefunden
REMOTE_ADDR: 144.76.62.165
HTTP_REFERER: 
requested: array(4) {
  ["controller"] => string(5) "forum"
  ["action"] => string(13) "viewtopic.php"
  ["module"] => string(7) "default"
  ["p"] => string(2) "41"
}


--------------------------------------------------------------------------------
2015-04-24T10:10:38+00:00 ERR (3) 404 Seite nicht gefunden
REMOTE_ADDR: 144.76.62.165
HTTP_REFERER: 
requested: array(4) {
  ["controller"] => string(5) "forum"
  ["action"] => string(13) "viewtopic.php"
  ["module"] => string(7) "default"
  ["p"] => string(2) "42"
}


--------------------------------------------------------------------------------
2015-04-24T10:10:41+00:00 ERR (3) 404 Seite nicht gefunden
REMOTE_ADDR: 144.76.62.165
HTTP_REFERER: 
requested: array(4) {
  ["controller"] => string(5) "forum"
  ["action"] => string(13) "viewtopic.php"
  ["module"] => string(7) "default"
  ["p"] => string(2) "44"
}


--------------------------------------------------------------------------------
2015-04-24T10:10:44+00:00 ERR (3) 404 Seite nicht gefunden
REMOTE_ADDR: 144.76.62.165
HTTP_REFERER: 
requested: array(4) {
  ["controller"] => string(5) "forum"
  ["action"] => string(13) "viewtopic.php"
  ["module"] => string(7) "default"
  ["p"] => string(2) "45"
}


--------------------------------------------------------------------------------
2015-04-24T10:10:47+00:00 ERR (3) 404 Seite nicht gefunden
REMOTE_ADDR: 144.76.62.165
HTTP_REFERER: 
requested: array(4) {
  ["controller"] => string(5) "forum"
  ["action"] => string(13) "viewtopic.php"
  ["module"] => string(7) "default"
  ["p"] => string(2) "46"
}


--------------------------------------------------------------------------------
2015-04-24T10:10:50+00:00 ERR (3) 404 Seite nicht gefunden
REMOTE_ADDR: 144.76.62.165
HTTP_REFERER: 
requested: array(4) {
  ["controller"] => string(5) "forum"
  ["action"] => string(13) "viewtopic.php"
  ["module"] => string(7) "default"
  ["p"] => string(2) "48"
}


--------------------------------------------------------------------------------
2015-04-24T10:10:53+00:00 ERR (3) 404 Seite nicht gefunden
REMOTE_ADDR: 144.76.62.165
HTTP_REFERER: 
requested: array(4) {
  ["controller"] => string(5) "forum"
  ["action"] => string(13) "viewtopic.php"
  ["module"] => string(7) "default"
  ["p"] => string(2) "50"
}


--------------------------------------------------------------------------------
2015-04-24T10:10:56+00:00 ERR (3) 404 Seite nicht gefunden
REMOTE_ADDR: 144.76.62.165
HTTP_REFERER: 
requested: array(4) {
  ["controller"] => string(5) "forum"
  ["action"] => string(13) "viewtopic.php"
  ["module"] => string(7) "default"
  ["p"] => string(2) "51"
}


--------------------------------------------------------------------------------
2015-04-24T10:10:59+00:00 ERR (3) 404 Seite nicht gefunden
REMOTE_ADDR: 144.76.62.165
HTTP_REFERER: 
requested: array(4) {
  ["controller"] => string(5) "forum"
  ["action"] => string(13) "viewtopic.php"
  ["module"] => string(7) "default"
  ["p"] => string(2) "54"
}


--------------------------------------------------------------------------------
2015-04-24T10:11:03+00:00 ERR (3) 404 Seite nicht gefunden
REMOTE_ADDR: 144.76.62.165
HTTP_REFERER: 
requested: array(4) {
  ["controller"] => string(5) "forum"
  ["action"] => string(13) "viewtopic.php"
  ["module"] => string(7) "default"
  ["p"] => string(2) "57"
}


--------------------------------------------------------------------------------
2015-04-24T10:11:06+00:00 ERR (3) 404 Seite nicht gefunden
REMOTE_ADDR: 144.76.62.165
HTTP_REFERER: 
requested: array(4) {
  ["controller"] => string(5) "forum"
  ["action"] => string(13) "viewtopic.php"
  ["module"] => string(7) "default"
  ["p"] => string(2) "58"
}


--------------------------------------------------------------------------------
2015-04-24T10:11:09+00:00 ERR (3) 404 Seite nicht gefunden
REMOTE_ADDR: 144.76.62.165
HTTP_REFERER: 
requested: array(4) {
  ["controller"] => string(5) "forum"
  ["action"] => string(13) "viewtopic.php"
  ["module"] => string(7) "default"
  ["p"] => string(2) "59"
}


--------------------------------------------------------------------------------
2015-04-24T10:11:12+00:00 ERR (3) 404 Seite nicht gefunden
REMOTE_ADDR: 144.76.62.165
HTTP_REFERER: 
requested: array(4) {
  ["controller"] => string(5) "forum"
  ["action"] => string(13) "viewtopic.php"
  ["module"] => string(7) "default"
  ["p"] => string(2) "60"
}


--------------------------------------------------------------------------------
2015-04-24T10:11:15+00:00 ERR (3) 404 Seite nicht gefunden
REMOTE_ADDR: 144.76.62.165
HTTP_REFERER: 
requested: array(4) {
  ["controller"] => string(5) "forum"
  ["action"] => string(13) "viewtopic.php"
  ["module"] => string(7) "default"
  ["p"] => string(2) "61"
}


--------------------------------------------------------------------------------
2015-04-24T10:11:19+00:00 ERR (3) 404 Seite nicht gefunden
REMOTE_ADDR: 144.76.62.165
HTTP_REFERER: 
requested: array(4) {
  ["controller"] => string(5) "forum"
  ["action"] => string(13) "viewtopic.php"
  ["module"] => string(7) "default"
  ["p"] => string(2) "62"
}


--------------------------------------------------------------------------------
2015-04-24T10:11:22+00:00 ERR (3) 404 Seite nicht gefunden
REMOTE_ADDR: 144.76.62.165
HTTP_REFERER: 
requested: array(4) {
  ["controller"] => string(5) "forum"
  ["action"] => string(13) "viewtopic.php"
  ["module"] => string(7) "default"
  ["p"] => string(2) "63"
}


--------------------------------------------------------------------------------
2015-04-24T10:11:25+00:00 ERR (3) 404 Seite nicht gefunden
REMOTE_ADDR: 144.76.62.165
HTTP_REFERER: 
requested: array(4) {
  ["controller"] => string(5) "forum"
  ["action"] => string(13) "viewtopic.php"
  ["module"] => string(7) "default"
  ["p"] => string(2) "64"
}


--------------------------------------------------------------------------------
2015-04-24T10:11:28+00:00 ERR (3) 404 Seite nicht gefunden
REMOTE_ADDR: 144.76.62.165
HTTP_REFERER: 
requested: array(4) {
  ["controller"] => string(5) "forum"
  ["action"] => string(13) "viewtopic.php"
  ["module"] => string(7) "default"
  ["p"] => string(2) "67"
}


--------------------------------------------------------------------------------
2015-04-24T10:11:31+00:00 ERR (3) 404 Seite nicht gefunden
REMOTE_ADDR: 144.76.62.165
HTTP_REFERER: 
requested: array(4) {
  ["controller"] => string(5) "forum"
  ["action"] => string(13) "viewtopic.php"
  ["module"] => string(7) "default"
  ["p"] => string(2) "71"
}


--------------------------------------------------------------------------------
2015-04-24T10:11:34+00:00 ERR (3) 404 Seite nicht gefunden
REMOTE_ADDR: 144.76.62.165
HTTP_REFERER: 
requested: array(8) {
  ["controller"] => string(5) "forum"
  ["action"] => string(13) "viewtopic.php"
  ["module"] => string(7) "default"
  ["t"] => string(2) "13"
  ["start"] => string(1) "0"
  ["postdays"] => string(1) "0"
  ["postorder"] => string(3) "asc"
  ["highlight"] => string(0) ""
}


--------------------------------------------------------------------------------
2015-04-24T10:11:37+00:00 ERR (3) 404 Seite nicht gefunden
REMOTE_ADDR: 144.76.62.165
HTTP_REFERER: 
requested: array(8) {
  ["controller"] => string(5) "forum"
  ["action"] => string(13) "viewtopic.php"
  ["module"] => string(7) "default"
  ["t"] => string(1) "8"
  ["start"] => string(1) "0"
  ["postdays"] => string(1) "0"
  ["postorder"] => string(3) "asc"
  ["highlight"] => string(0) ""
}


--------------------------------------------------------------------------------
2015-04-24T10:11:40+00:00 ERR (3) 404 Seite nicht gefunden
REMOTE_ADDR: 144.76.62.165
HTTP_REFERER: 
requested: array(4) {
  ["controller"] => string(5) "forum"
  ["action"] => string(13) "viewtopic.php"
  ["module"] => string(7) "default"
  ["t"] => string(1) "9"
}


--------------------------------------------------------------------------------
2015-04-24T10:11:44+00:00 ERR (3) 404 Seite nicht gefunden
REMOTE_ADDR: 144.76.62.165
HTTP_REFERER: 
requested: array(8) {
  ["controller"] => string(5) "forum"
  ["action"] => string(13) "viewtopic.php"
  ["module"] => string(7) "default"
  ["t"] => string(1) "9"
  ["start"] => string(1) "0"
  ["postdays"] => string(1) "0"
  ["postorder"] => string(3) "asc"
  ["highlight"] => string(0) ""
}


--------------------------------------------------------------------------------
2015-04-24T14:27:06+00:00 ERR (3) 404 "hire-lasse" was not found.
REMOTE_ADDR: 5.9.24.198
HTTP_REFERER: 
requested: array(5) {
  ["lang"] => string(2) "en"
  ["action"] => string(4) "page"
  ["key"] => string(10) "hire-lasse"
  ["module"] => string(7) "default"
  ["controller"] => string(5) "index"
}


--------------------------------------------------------------------------------
2015-04-24T14:38:37+00:00 ERR (3) 404 "" was not found.
REMOTE_ADDR: 134.249.53.8
HTTP_REFERER: http://ooo-olni.ru/
requested: array(5) {
  ["lang"] => string(2) "en"
  ["action"] => string(7) "archive"
  ["module"] => string(7) "default"
  ["controller"] => string(5) "index"
  ["key"] => string(0) ""
}


--------------------------------------------------------------------------------
2015-04-24T14:38:39+00:00 ERR (3) 404 "" was not found.
REMOTE_ADDR: 134.249.53.8
HTTP_REFERER: http://ooo-olni.ru/
requested: array(5) {
  ["lang"] => string(2) "en"
  ["action"] => string(7) "archive"
  ["module"] => string(7) "default"
  ["controller"] => string(5) "index"
  ["key"] => string(0) ""
}


--------------------------------------------------------------------------------
2015-04-24T14:38:40+00:00 ERR (3) 404 "" was not found.
REMOTE_ADDR: 134.249.53.8
HTTP_REFERER: http://ooo-olni.ru/
requested: array(5) {
  ["lang"] => string(2) "en"
  ["action"] => string(7) "archive"
  ["module"] => string(7) "default"
  ["controller"] => string(5) "index"
  ["key"] => string(0) ""
}


--------------------------------------------------------------------------------
2015-04-24T14:46:59+00:00 ERR (3) 404 "" was not found.
REMOTE_ADDR: 178.137.85.64
HTTP_REFERER: http://steamcase.ru/
requested: array(5) {
  ["lang"] => string(2) "en"
  ["action"] => string(7) "archive"
  ["module"] => string(7) "default"
  ["controller"] => string(5) "index"
  ["key"] => string(0) ""
}


--------------------------------------------------------------------------------
2015-04-24T14:46:59+00:00 ERR (3) 404 "" was not found.
REMOTE_ADDR: 178.137.85.64
HTTP_REFERER: http://steamcase.ru/
requested: array(5) {
  ["lang"] => string(2) "en"
  ["action"] => string(7) "archive"
  ["module"] => string(7) "default"
  ["controller"] => string(5) "index"
  ["key"] => string(0) ""
}


--------------------------------------------------------------------------------
2015-04-24T14:47:00+00:00 ERR (3) 404 "" was not found.
REMOTE_ADDR: 178.137.85.64
HTTP_REFERER: http://steamcase.ru/
requested: array(5) {
  ["lang"] => string(2) "en"
  ["action"] => string(7) "archive"
  ["module"] => string(7) "default"
  ["controller"] => string(5) "index"
  ["key"] => string(0) ""
}


--------------------------------------------------------------------------------
2015-04-24T15:35:32+00:00 ERR (3) 404 "story" was not found.
REMOTE_ADDR: 157.55.39.201
HTTP_REFERER: 
requested: array(5) {
  ["lang"] => string(2) "en"
  ["action"] => string(5) "index"
  ["key"] => string(5) "story"
  ["module"] => string(7) "default"
  ["controller"] => string(5) "index"
}


--------------------------------------------------------------------------------
2015-04-24T15:49:43+00:00 ERR (3) 404 "" was not found.
REMOTE_ADDR: 46.119.113.155
HTTP_REFERER: http://electronicmuz.ru/
requested: array(5) {
  ["lang"] => string(2) "en"
  ["action"] => string(7) "archive"
  ["module"] => string(7) "default"
  ["controller"] => string(5) "index"
  ["key"] => string(0) ""
}


--------------------------------------------------------------------------------
2015-04-24T15:49:44+00:00 ERR (3) 404 "" was not found.
REMOTE_ADDR: 46.119.113.155
HTTP_REFERER: http://electronicmuz.ru/
requested: array(5) {
  ["lang"] => string(2) "en"
  ["action"] => string(7) "archive"
  ["module"] => string(7) "default"
  ["controller"] => string(5) "index"
  ["key"] => string(0) ""
}


--------------------------------------------------------------------------------
2015-04-24T15:49:44+00:00 ERR (3) 404 "" was not found.
REMOTE_ADDR: 46.119.113.155
HTTP_REFERER: http://electronicmuz.ru/
requested: array(5) {
  ["lang"] => string(2) "en"
  ["action"] => string(7) "archive"
  ["module"] => string(7) "default"
  ["controller"] => string(5) "index"
  ["key"] => string(0) ""
}


--------------------------------------------------------------------------------
2015-04-24T19:23:24+00:00 ERR (3) 404 "hire-lasse" was not found.
REMOTE_ADDR: 176.9.143.70
HTTP_REFERER: 
requested: array(5) {
  ["lang"] => string(2) "de"
  ["action"] => string(4) "page"
  ["key"] => string(10) "hire-lasse"
  ["module"] => string(7) "default"
  ["controller"] => string(5) "index"
}


--------------------------------------------------------------------------------
2015-04-24T20:09:45+00:00 ERR (3) 404 "" was not found.
REMOTE_ADDR: 195.242.218.133
HTTP_REFERER: http://doska-vsem.ru/
requested: array(5) {
  ["lang"] => string(2) "en"
  ["action"] => string(7) "archive"
  ["module"] => string(7) "default"
  ["controller"] => string(5) "index"
  ["key"] => string(0) ""
}


--------------------------------------------------------------------------------
2015-04-24T20:09:46+00:00 ERR (3) 404 "" was not found.
REMOTE_ADDR: 195.242.218.133
HTTP_REFERER: http://doska-vsem.ru/
requested: array(5) {
  ["lang"] => string(2) "en"
  ["action"] => string(7) "archive"
  ["module"] => string(7) "default"
  ["controller"] => string(5) "index"
  ["key"] => string(0) ""
}


--------------------------------------------------------------------------------
2015-04-24T20:09:47+00:00 ERR (3) 404 "" was not found.
REMOTE_ADDR: 195.242.218.133
HTTP_REFERER: http://doska-vsem.ru/
requested: array(5) {
  ["lang"] => string(2) "en"
  ["action"] => string(7) "archive"
  ["module"] => string(7) "default"
  ["controller"] => string(5) "index"
  ["key"] => string(0) ""
}


--------------------------------------------------------------------------------
2015-04-24T21:35:28+00:00 ERR (3) 404 "hire-lasse" was not found.
REMOTE_ADDR: 5.9.24.198
HTTP_REFERER: 
requested: array(5) {
  ["lang"] => string(2) "en"
  ["action"] => string(4) "page"
  ["key"] => string(10) "hire-lasse"
  ["module"] => string(7) "default"
  ["controller"] => string(5) "index"
}


--------------------------------------------------------------------------------
2015-04-24T21:35:40+00:00 ERR (3) 404 "hire-lasse" was not found.
REMOTE_ADDR: 5.9.24.198
HTTP_REFERER: 
requested: array(5) {
  ["lang"] => string(2) "de"
  ["action"] => string(4) "page"
  ["key"] => string(10) "hire-lasse"
  ["module"] => string(7) "default"
  ["controller"] => string(5) "index"
}


--------------------------------------------------------------------------------
