2016-05-02T00:13:26+00:00 ERR (3) 404 "hire-lasse" was not found.
REMOTE_ADDR: 66.249.78.237
HTTP_REFERER: 
requested: array(5) {
  ["lang"] => string(2) "de"
  ["action"] => string(4) "page"
  ["key"] => string(10) "hire-lasse"
  ["module"] => string(7) "default"
  ["controller"] => string(5) "index"
}


--------------------------------------------------------------------------------
2016-05-02T00:33:38+00:00 ERR (3) 404 Seite nicht gefunden
REMOTE_ADDR: 182.50.151.9
HTTP_REFERER: graphicore.de/magazine
requested: array(4) {
  ["controller"] => string(8) "magazine"
  ["action"] => string(2) "js"
  ["mage"] => string(10) "cookies.js"
  ["module"] => string(7) "default"
}


--------------------------------------------------------------------------------
2016-05-02T13:07:05+00:00 ERR (3) 404 Seite nicht gefunden
REMOTE_ADDR: 85.136.79.77
HTTP_REFERER: 
requested: array(4) {
  ["controller"] => string(6) "https:"
  [""] => string(19) "silber-und-blei.com"
  ["action"] => string(5) "index"
  ["module"] => string(7) "default"
}


--------------------------------------------------------------------------------
2016-05-02T13:07:07+00:00 ERR (3) 404 Seite nicht gefunden
REMOTE_ADDR: 85.136.79.77
HTTP_REFERER: 
requested: array(3) {
  ["controller"] => string(2) "js"
  ["action"] => string(1) "'"
  ["module"] => string(7) "default"
}


--------------------------------------------------------------------------------
2016-05-02T18:39:27+00:00 ERR (3) 404 Seite nicht gefunden
REMOTE_ADDR: 185.81.157.178
HTTP_REFERER: 
requested: array(4) {
  ["controller"] => string(8) "wp-admin"
  ["action"] => string(14) "admin-ajax.php"
  ["module"] => string(7) "default"
  ["client_action"] => string(13) "update_plugin"
}


--------------------------------------------------------------------------------
2016-05-02T18:39:27+00:00 ERR (3) 404 Seite nicht gefunden
REMOTE_ADDR: 185.81.157.178
HTTP_REFERER: 
requested: array(5) {
  ["controller"] => string(10) "wp-content"
  ["action"] => string(7) "plugins"
  ["revslider"] => string(4) "temp"
  ["update_extract"] => string(9) "xsamxadoo"
  ["module"] => string(7) "default"
}


--------------------------------------------------------------------------------
2016-05-02T18:39:28+00:00 ERR (3) 404 Seite nicht gefunden
REMOTE_ADDR: 185.81.157.178
HTTP_REFERER: 
requested: array(6) {
  ["controller"] => string(8) "wp-admin"
  ["action"] => string(14) "admin-post.php"
  ["module"] => string(7) "default"
  ["page"] => string(16) "wysija_campaigns"
  ["submitter"] => string(6) "Upload"
  ["overwriteexistingtheme"] => string(2) "on"
}


--------------------------------------------------------------------------------
2016-05-02T18:39:28+00:00 ERR (3) 404 Seite nicht gefunden
REMOTE_ADDR: 185.81.157.178
HTTP_REFERER: 
requested: array(5) {
  ["controller"] => string(10) "wp-content"
  ["action"] => string(7) "uploads"
  ["wysija"] => string(6) "themes"
  ["xsamxadoo"] => string(12) "uploader.php"
  ["module"] => string(7) "default"
}


--------------------------------------------------------------------------------
2016-05-02T18:39:28+00:00 ERR (3) 404 Seite nicht gefunden
REMOTE_ADDR: 185.81.157.178
HTTP_REFERER: 
requested: array(4) {
  ["controller"] => string(10) "wp-content"
  ["action"] => string(7) "plugins"
  ["dzs-videogallery"] => string(5) "admin"
  ["module"] => string(7) "default"
}


--------------------------------------------------------------------------------
2016-05-02T18:39:29+00:00 ERR (3) 404 Seite nicht gefunden
REMOTE_ADDR: 185.81.157.178
HTTP_REFERER: 
requested: array(4) {
  ["controller"] => string(10) "wp-content"
  ["action"] => string(7) "plugins"
  ["dzs-zoomsounds"] => string(5) "admin"
  ["module"] => string(7) "default"
}


--------------------------------------------------------------------------------
2016-05-02T18:39:29+00:00 ERR (3) 404 Seite nicht gefunden
REMOTE_ADDR: 185.81.157.178
HTTP_REFERER: 
requested: array(4) {
  ["controller"] => string(10) "wp-content"
  ["action"] => string(7) "plugins"
  ["codecanyon-157782-video-gallery-wordpress-plugin-w-youtube-vimeo-"] => string(5) "admin"
  ["module"] => string(7) "default"
}


--------------------------------------------------------------------------------
2016-05-02T18:39:29+00:00 ERR (3) 404 Seite nicht gefunden
REMOTE_ADDR: 185.81.157.178
HTTP_REFERER: 
requested: array(6) {
  ["controller"] => string(10) "wp-content"
  ["action"] => string(6) "themes"
  ["konzept"] => string(8) "includes"
  ["uploadify"] => string(10) "upload.php"
  ["module"] => string(7) "default"
  ["name"] => string(6) "up.php"
}


--------------------------------------------------------------------------------
2016-05-02T18:39:29+00:00 ERR (3) 404 Seite nicht gefunden
REMOTE_ADDR: 185.81.157.178
HTTP_REFERER: 
requested: array(5) {
  ["controller"] => string(10) "wp-content"
  ["action"] => string(6) "themes"
  ["headway"] => string(7) "library"
  ["visual-editor"] => string(3) "lib"
  ["module"] => string(7) "default"
}


--------------------------------------------------------------------------------
2016-05-02T18:39:29+00:00 ERR (3) 404 Seite nicht gefunden
REMOTE_ADDR: 185.81.157.178
HTTP_REFERER: 
requested: array(5) {
  ["controller"] => string(10) "wp-content"
  ["action"] => string(7) "plugins"
  ["sexy-contact-form"] => string(8) "includes"
  ["fileupload"] => string(9) "index.php"
  ["module"] => string(7) "default"
}


--------------------------------------------------------------------------------
2016-05-02T18:39:29+00:00 ERR (3) 404 Seite nicht gefunden
REMOTE_ADDR: 185.81.157.178
HTTP_REFERER: 
requested: array(5) {
  ["controller"] => string(10) "wp-content"
  ["action"] => string(7) "plugins"
  ["sexy-contact-form"] => string(8) "includes"
  ["fileupload"] => string(9) "index.php"
  ["module"] => string(7) "default"
}


--------------------------------------------------------------------------------
2016-05-02T18:39:30+00:00 ERR (3) 404 Seite nicht gefunden
REMOTE_ADDR: 185.81.157.178
HTTP_REFERER: 
requested: array(5) {
  ["controller"] => string(10) "wp-content"
  ["action"] => string(7) "plugins"
  ["formcraft"] => string(11) "file-upload"
  ["server"] => string(3) "php"
  ["module"] => string(7) "default"
}


--------------------------------------------------------------------------------
2016-05-02T18:39:30+00:00 ERR (3) 404 Seite nicht gefunden
REMOTE_ADDR: 185.81.157.178
HTTP_REFERER: 
requested: array(6) {
  ["controller"] => string(10) "wp-content"
  ["action"] => string(7) "plugins"
  ["formcraft"] => string(11) "file-upload"
  ["server"] => string(3) "php"
  ["files"] => string(12) "uploader.php"
  ["module"] => string(7) "default"
}


--------------------------------------------------------------------------------
2016-05-02T18:39:30+00:00 ERR (3) 404 Seite nicht gefunden
REMOTE_ADDR: 185.81.157.178
HTTP_REFERER: 
requested: array(6) {
  ["controller"] => string(10) "wp-content"
  ["action"] => string(6) "themes"
  ["u-design"] => string(7) "scripts"
  ["admin"] => string(9) "uploadify"
  ["module"] => string(7) "default"
  ["folder"] => string(1) "/"
}


--------------------------------------------------------------------------------
2016-05-02T18:39:30+00:00 ERR (3) 404 Seite nicht gefunden
REMOTE_ADDR: 185.81.157.178
HTTP_REFERER: 
requested: array(3) {
  ["controller"] => string(12) "uploader.php"
  ["action"] => string(5) "index"
  ["module"] => string(7) "default"
}


--------------------------------------------------------------------------------
2016-05-02T21:30:39+00:00 ERR (3) 404 "hire-lasse" was not found.
REMOTE_ADDR: 136.243.83.16
HTTP_REFERER: 
requested: array(5) {
  ["lang"] => string(2) "de"
  ["action"] => string(4) "page"
  ["key"] => string(10) "hire-lasse"
  ["module"] => string(7) "default"
  ["controller"] => string(5) "index"
}


--------------------------------------------------------------------------------
2016-05-02T22:30:23+00:00 ERR (3) 404 "hire-lasse" was not found.
REMOTE_ADDR: 157.55.39.42
HTTP_REFERER: 
requested: array(5) {
  ["lang"] => string(2) "de"
  ["action"] => string(4) "page"
  ["key"] => string(10) "hire-lasse"
  ["module"] => string(7) "default"
  ["controller"] => string(5) "index"
}


--------------------------------------------------------------------------------
