2017-10-18T00:49:13+00:00 ERR (3) 404 Page not found
REMOTE_ADDR: 188.116.11.181
HTTP_REFERER: 
requested: array(3) {
  ["controller"] => string(6) "id_rsa"
  ["action"] => string(5) "index"
  ["module"] => string(7) "default"
}


--------------------------------------------------------------------------------
2017-10-18T00:49:13+00:00 ERR (3) 404 Page not found
REMOTE_ADDR: 188.116.11.181
HTTP_REFERER: 
requested: array(3) {
  ["controller"] => string(4) ".ssh"
  ["action"] => string(6) "id_rsa"
  ["module"] => string(7) "default"
}


--------------------------------------------------------------------------------
2017-10-18T00:49:14+00:00 ERR (3) 404 Page not found
REMOTE_ADDR: 188.116.11.181
HTTP_REFERER: 
requested: array(3) {
  ["controller"] => string(4) "root"
  ["action"] => string(4) ".ssh"
  ["module"] => string(7) "default"
}


--------------------------------------------------------------------------------
2017-10-18T00:49:14+00:00 ERR (3) 404 Page not found
REMOTE_ADDR: 188.116.11.181
HTTP_REFERER: 
requested: array(3) {
  ["controller"] => string(6) "id_dsa"
  ["action"] => string(5) "index"
  ["module"] => string(7) "default"
}


--------------------------------------------------------------------------------
2017-10-18T00:49:15+00:00 ERR (3) 404 Page not found
REMOTE_ADDR: 188.116.11.181
HTTP_REFERER: 
requested: array(3) {
  ["controller"] => string(4) ".ssh"
  ["action"] => string(6) "id_dsa"
  ["module"] => string(7) "default"
}


--------------------------------------------------------------------------------
2017-10-18T00:49:15+00:00 ERR (3) 404 Page not found
REMOTE_ADDR: 188.116.11.181
HTTP_REFERER: 
requested: array(3) {
  ["controller"] => string(4) "root"
  ["action"] => string(4) ".ssh"
  ["module"] => string(7) "default"
}


--------------------------------------------------------------------------------
2017-10-18T08:07:47+00:00 ERR (3) 404 Seite nicht gefunden
REMOTE_ADDR: 45.221.15.89
HTTP_REFERER: 
requested: array(3) {
  ["controller"] => string(12) "wp-login.php"
  ["action"] => string(5) "index"
  ["module"] => string(7) "default"
}


--------------------------------------------------------------------------------
2017-10-18T08:12:19+00:00 ERR (3) 404 Seite nicht gefunden
REMOTE_ADDR: 178.220.50.230
HTTP_REFERER: 
requested: array(3) {
  ["controller"] => string(12) "wp-login.php"
  ["action"] => string(5) "index"
  ["module"] => string(7) "default"
}


--------------------------------------------------------------------------------
2017-10-18T08:30:18+00:00 ERR (3) 404 "2014-02-27_kaufland-firewall-service" was not found.
REMOTE_ADDR: 66.249.76.72
HTTP_REFERER: 
requested: array(5) {
  ["lang"] => string(2) "de"
  ["action"] => string(7) "archive"
  ["key"] => string(36) "2014-02-27_kaufland-firewall-service"
  ["module"] => string(7) "default"
  ["controller"] => string(5) "index"
}


--------------------------------------------------------------------------------
2017-10-18T08:56:23+00:00 ERR (3) 404 Seite nicht gefunden
REMOTE_ADDR: 95.90.33.106
HTTP_REFERER: 
requested: array(3) {
  ["controller"] => string(12) "wp-login.php"
  ["action"] => string(5) "index"
  ["module"] => string(7) "default"
}


--------------------------------------------------------------------------------
2017-10-18T09:17:25+00:00 ERR (3) 404 Seite nicht gefunden
REMOTE_ADDR: 95.234.234.210
HTTP_REFERER: 
requested: array(3) {
  ["controller"] => string(12) "wp-login.php"
  ["action"] => string(5) "index"
  ["module"] => string(7) "default"
}


--------------------------------------------------------------------------------
2017-10-18T09:45:04+00:00 ERR (3) 404 Seite nicht gefunden
REMOTE_ADDR: 109.227.61.192
HTTP_REFERER: 
requested: array(3) {
  ["controller"] => string(12) "wp-login.php"
  ["action"] => string(5) "index"
  ["module"] => string(7) "default"
}


--------------------------------------------------------------------------------
2017-10-18T09:58:01+00:00 ERR (3) 404 Seite nicht gefunden
REMOTE_ADDR: 191.253.127.150
HTTP_REFERER: 
requested: array(3) {
  ["controller"] => string(12) "wp-login.php"
  ["action"] => string(5) "index"
  ["module"] => string(7) "default"
}


--------------------------------------------------------------------------------
2017-10-18T10:23:35+00:00 ERR (3) 404 Seite nicht gefunden
REMOTE_ADDR: 194.228.11.172
HTTP_REFERER: 
requested: array(3) {
  ["controller"] => string(12) "wp-login.php"
  ["action"] => string(5) "index"
  ["module"] => string(7) "default"
}


--------------------------------------------------------------------------------
2017-10-18T10:37:36+00:00 ERR (3) 404 Seite nicht gefunden
REMOTE_ADDR: 186.192.196.18
HTTP_REFERER: 
requested: array(3) {
  ["controller"] => string(12) "wp-login.php"
  ["action"] => string(5) "index"
  ["module"] => string(7) "default"
}


--------------------------------------------------------------------------------
2017-10-18T10:40:44+00:00 ERR (3) 404 Seite nicht gefunden
REMOTE_ADDR: 76.168.89.142
HTTP_REFERER: 
requested: array(3) {
  ["controller"] => string(12) "wp-login.php"
  ["action"] => string(5) "index"
  ["module"] => string(7) "default"
}


--------------------------------------------------------------------------------
2017-10-18T11:00:13+00:00 ERR (3) 404 Seite nicht gefunden
REMOTE_ADDR: 111.23.135.249
HTTP_REFERER: 
requested: array(3) {
  ["controller"] => string(12) "wp-login.php"
  ["action"] => string(5) "index"
  ["module"] => string(7) "default"
}


--------------------------------------------------------------------------------
2017-10-18T11:05:00+00:00 ERR (3) 404 Seite nicht gefunden
REMOTE_ADDR: 125.160.221.39
HTTP_REFERER: 
requested: array(3) {
  ["controller"] => string(12) "wp-login.php"
  ["action"] => string(5) "index"
  ["module"] => string(7) "default"
}


--------------------------------------------------------------------------------
2017-10-18T11:11:00+00:00 ERR (3) 404 Seite nicht gefunden
REMOTE_ADDR: 103.40.197.90
HTTP_REFERER: 
requested: array(3) {
  ["controller"] => string(12) "wp-login.php"
  ["action"] => string(5) "index"
  ["module"] => string(7) "default"
}


--------------------------------------------------------------------------------
2017-10-18T11:15:24+00:00 ERR (3) 404 Seite nicht gefunden
REMOTE_ADDR: 123.22.128.213
HTTP_REFERER: 
requested: array(3) {
  ["controller"] => string(12) "wp-login.php"
  ["action"] => string(5) "index"
  ["module"] => string(7) "default"
}


--------------------------------------------------------------------------------
2017-10-18T11:39:49+00:00 ERR (3) 404 Seite nicht gefunden
REMOTE_ADDR: 62.68.231.98
HTTP_REFERER: 
requested: array(3) {
  ["controller"] => string(12) "wp-login.php"
  ["action"] => string(5) "index"
  ["module"] => string(7) "default"
}


--------------------------------------------------------------------------------
2017-10-18T11:47:41+00:00 ERR (3) 404 Seite nicht gefunden
REMOTE_ADDR: 43.242.226.226
HTTP_REFERER: 
requested: array(3) {
  ["controller"] => string(12) "wp-login.php"
  ["action"] => string(5) "index"
  ["module"] => string(7) "default"
}


--------------------------------------------------------------------------------
2017-10-18T12:23:15+00:00 ERR (3) 404 Seite nicht gefunden
REMOTE_ADDR: 86.61.64.127
HTTP_REFERER: 
requested: array(3) {
  ["controller"] => string(12) "wp-login.php"
  ["action"] => string(5) "index"
  ["module"] => string(7) "default"
}


--------------------------------------------------------------------------------
2017-10-18T12:45:28+00:00 ERR (3) 404 Seite nicht gefunden
REMOTE_ADDR: 103.255.115.250
HTTP_REFERER: 
requested: array(3) {
  ["controller"] => string(12) "wp-login.php"
  ["action"] => string(5) "index"
  ["module"] => string(7) "default"
}


--------------------------------------------------------------------------------
2017-10-18T12:46:36+00:00 ERR (3) 404 Page not found
REMOTE_ADDR: 64.124.32.84
HTTP_REFERER: 
requested: array(3) {
  ["controller"] => string(4) ".ssh"
  ["action"] => string(6) "id_rsa"
  ["module"] => string(7) "default"
}


--------------------------------------------------------------------------------
2017-10-18T12:46:37+00:00 ERR (3) 404 Page not found
REMOTE_ADDR: 64.124.32.84
HTTP_REFERER: 
requested: array(3) {
  ["controller"] => string(4) "root"
  ["action"] => string(4) ".ssh"
  ["module"] => string(7) "default"
}


--------------------------------------------------------------------------------
2017-10-18T12:46:38+00:00 ERR (3) 404 Page not found
REMOTE_ADDR: 64.124.32.84
HTTP_REFERER: 
requested: array(3) {
  ["controller"] => string(6) "id_dsa"
  ["action"] => string(5) "index"
  ["module"] => string(7) "default"
}


--------------------------------------------------------------------------------
2017-10-18T12:46:40+00:00 ERR (3) 404 Page not found
REMOTE_ADDR: 64.124.32.84
HTTP_REFERER: 
requested: array(3) {
  ["controller"] => string(4) ".ssh"
  ["action"] => string(6) "id_dsa"
  ["module"] => string(7) "default"
}


--------------------------------------------------------------------------------
2017-10-18T12:46:41+00:00 ERR (3) 404 Page not found
REMOTE_ADDR: 64.124.32.84
HTTP_REFERER: 
requested: array(3) {
  ["controller"] => string(4) "root"
  ["action"] => string(4) ".ssh"
  ["module"] => string(7) "default"
}


--------------------------------------------------------------------------------
2017-10-18T12:51:18+00:00 ERR (3) 404 Seite nicht gefunden
REMOTE_ADDR: 128.28.177.79
HTTP_REFERER: 
requested: array(3) {
  ["controller"] => string(12) "wp-login.php"
  ["action"] => string(5) "index"
  ["module"] => string(7) "default"
}


--------------------------------------------------------------------------------
2017-10-18T13:05:24+00:00 ERR (3) 404 Seite nicht gefunden
REMOTE_ADDR: 49.197.211.137
HTTP_REFERER: 
requested: array(3) {
  ["controller"] => string(12) "wp-login.php"
  ["action"] => string(5) "index"
  ["module"] => string(7) "default"
}


--------------------------------------------------------------------------------
2017-10-18T13:46:44+00:00 ERR (3) 404 Seite nicht gefunden
REMOTE_ADDR: 78.88.28.223
HTTP_REFERER: 
requested: array(3) {
  ["controller"] => string(12) "wp-login.php"
  ["action"] => string(5) "index"
  ["module"] => string(7) "default"
}


--------------------------------------------------------------------------------
2017-10-18T14:01:34+00:00 ERR (3) 404 Seite nicht gefunden
REMOTE_ADDR: 160.80.208.2
HTTP_REFERER: 
requested: array(3) {
  ["controller"] => string(12) "wp-login.php"
  ["action"] => string(5) "index"
  ["module"] => string(7) "default"
}


--------------------------------------------------------------------------------
2017-10-18T14:17:23+00:00 ERR (3) 404 Seite nicht gefunden
REMOTE_ADDR: 195.45.104.203
HTTP_REFERER: 
requested: array(3) {
  ["controller"] => string(12) "wp-login.php"
  ["action"] => string(5) "index"
  ["module"] => string(7) "default"
}


--------------------------------------------------------------------------------
2017-10-18T14:22:17+00:00 ERR (3) 404 Seite nicht gefunden
REMOTE_ADDR: 46.40.80.120
HTTP_REFERER: 
requested: array(3) {
  ["controller"] => string(12) "wp-login.php"
  ["action"] => string(5) "index"
  ["module"] => string(7) "default"
}


--------------------------------------------------------------------------------
2017-10-18T14:30:06+00:00 ERR (3) 404 Seite nicht gefunden
REMOTE_ADDR: 41.109.80.35
HTTP_REFERER: 
requested: array(3) {
  ["controller"] => string(12) "wp-login.php"
  ["action"] => string(5) "index"
  ["module"] => string(7) "default"
}


--------------------------------------------------------------------------------
2017-10-18T14:55:03+00:00 ERR (3) 404 Seite nicht gefunden
REMOTE_ADDR: 223.204.243.219
HTTP_REFERER: 
requested: array(3) {
  ["controller"] => string(12) "wp-login.php"
  ["action"] => string(5) "index"
  ["module"] => string(7) "default"
}


--------------------------------------------------------------------------------
2017-10-18T15:37:25+00:00 ERR (3) 404 Seite nicht gefunden
REMOTE_ADDR: 186.6.162.43
HTTP_REFERER: 
requested: array(3) {
  ["controller"] => string(12) "wp-login.php"
  ["action"] => string(5) "index"
  ["module"] => string(7) "default"
}


--------------------------------------------------------------------------------
2017-10-18T15:43:31+00:00 ERR (3) 404 Seite nicht gefunden
REMOTE_ADDR: 84.232.160.60
HTTP_REFERER: 
requested: array(3) {
  ["controller"] => string(12) "wp-login.php"
  ["action"] => string(5) "index"
  ["module"] => string(7) "default"
}


--------------------------------------------------------------------------------
2017-10-18T15:43:43+00:00 ERR (3) 404 Seite nicht gefunden
REMOTE_ADDR: 106.51.142.175
HTTP_REFERER: 
requested: array(3) {
  ["controller"] => string(12) "wp-login.php"
  ["action"] => string(5) "index"
  ["module"] => string(7) "default"
}


--------------------------------------------------------------------------------
2017-10-18T15:45:18+00:00 ERR (3) 404 Seite nicht gefunden
REMOTE_ADDR: 2.96.36.54
HTTP_REFERER: 
requested: array(3) {
  ["controller"] => string(12) "wp-login.php"
  ["action"] => string(5) "index"
  ["module"] => string(7) "default"
}


--------------------------------------------------------------------------------
2017-10-18T15:52:28+00:00 ERR (3) 404 Seite nicht gefunden
REMOTE_ADDR: 197.226.124.134
HTTP_REFERER: 
requested: array(3) {
  ["controller"] => string(12) "wp-login.php"
  ["action"] => string(5) "index"
  ["module"] => string(7) "default"
}


--------------------------------------------------------------------------------
2017-10-18T16:05:49+00:00 ERR (3) 404 Seite nicht gefunden
REMOTE_ADDR: 89.177.122.14
HTTP_REFERER: 
requested: array(3) {
  ["controller"] => string(12) "wp-login.php"
  ["action"] => string(5) "index"
  ["module"] => string(7) "default"
}


--------------------------------------------------------------------------------
2017-10-18T16:21:18+00:00 ERR (3) 404 Seite nicht gefunden
REMOTE_ADDR: 82.44.114.176
HTTP_REFERER: 
requested: array(3) {
  ["controller"] => string(12) "wp-login.php"
  ["action"] => string(5) "index"
  ["module"] => string(7) "default"
}


--------------------------------------------------------------------------------
2017-10-18T16:49:13+00:00 ERR (3) 404 Seite nicht gefunden
REMOTE_ADDR: 188.11.48.169
HTTP_REFERER: 
requested: array(3) {
  ["controller"] => string(12) "wp-login.php"
  ["action"] => string(5) "index"
  ["module"] => string(7) "default"
}


--------------------------------------------------------------------------------
2017-10-18T16:55:20+00:00 ERR (3) 404 Seite nicht gefunden
REMOTE_ADDR: 177.23.12.252
HTTP_REFERER: 
requested: array(3) {
  ["controller"] => string(12) "wp-login.php"
  ["action"] => string(5) "index"
  ["module"] => string(7) "default"
}


--------------------------------------------------------------------------------
2017-10-18T17:00:50+00:00 ERR (3) 404 Seite nicht gefunden
REMOTE_ADDR: 85.204.185.191
HTTP_REFERER: 
requested: array(3) {
  ["controller"] => string(12) "wp-login.php"
  ["action"] => string(5) "index"
  ["module"] => string(7) "default"
}


--------------------------------------------------------------------------------
2017-10-18T17:09:28+00:00 ERR (3) 404 Seite nicht gefunden
REMOTE_ADDR: 177.98.252.213
HTTP_REFERER: 
requested: array(3) {
  ["controller"] => string(12) "wp-login.php"
  ["action"] => string(5) "index"
  ["module"] => string(7) "default"
}


--------------------------------------------------------------------------------
2017-10-18T17:14:41+00:00 ERR (3) 404 Seite nicht gefunden
REMOTE_ADDR: 195.99.11.98
HTTP_REFERER: 
requested: array(3) {
  ["controller"] => string(12) "wp-login.php"
  ["action"] => string(5) "index"
  ["module"] => string(7) "default"
}


--------------------------------------------------------------------------------
2017-10-18T17:42:01+00:00 ERR (3) 404 Seite nicht gefunden
REMOTE_ADDR: 81.184.104.163
HTTP_REFERER: 
requested: array(3) {
  ["controller"] => string(12) "wp-login.php"
  ["action"] => string(5) "index"
  ["module"] => string(7) "default"
}


--------------------------------------------------------------------------------
2017-10-18T17:47:35+00:00 ERR (3) 404 Seite nicht gefunden
REMOTE_ADDR: 190.192.74.203
HTTP_REFERER: 
requested: array(3) {
  ["controller"] => string(12) "wp-login.php"
  ["action"] => string(5) "index"
  ["module"] => string(7) "default"
}


--------------------------------------------------------------------------------
2017-10-18T18:12:20+00:00 ERR (3) 404 Seite nicht gefunden
REMOTE_ADDR: 217.64.113.211
HTTP_REFERER: 
requested: array(3) {
  ["controller"] => string(12) "wp-login.php"
  ["action"] => string(5) "index"
  ["module"] => string(7) "default"
}


--------------------------------------------------------------------------------
2017-10-18T18:24:37+00:00 ERR (3) 404 Seite nicht gefunden
REMOTE_ADDR: 194.28.129.141
HTTP_REFERER: 
requested: array(3) {
  ["controller"] => string(12) "wp-login.php"
  ["action"] => string(5) "index"
  ["module"] => string(7) "default"
}


--------------------------------------------------------------------------------
2017-10-18T18:41:15+00:00 ERR (3) 404 Seite nicht gefunden
REMOTE_ADDR: 107.129.183.4
HTTP_REFERER: 
requested: array(3) {
  ["controller"] => string(12) "wp-login.php"
  ["action"] => string(5) "index"
  ["module"] => string(7) "default"
}


--------------------------------------------------------------------------------
2017-10-18T18:51:58+00:00 ERR (3) 404 Seite nicht gefunden
REMOTE_ADDR: 94.200.237.246
HTTP_REFERER: 
requested: array(3) {
  ["controller"] => string(12) "wp-login.php"
  ["action"] => string(5) "index"
  ["module"] => string(7) "default"
}


--------------------------------------------------------------------------------
2017-10-18T18:56:22+00:00 ERR (3) 404 Seite nicht gefunden
REMOTE_ADDR: 212.71.14.145
HTTP_REFERER: 
requested: array(3) {
  ["controller"] => string(12) "wp-login.php"
  ["action"] => string(5) "index"
  ["module"] => string(7) "default"
}


--------------------------------------------------------------------------------
2017-10-18T19:05:21+00:00 ERR (3) 404 Seite nicht gefunden
REMOTE_ADDR: 72.252.178.220
HTTP_REFERER: 
requested: array(3) {
  ["controller"] => string(12) "wp-login.php"
  ["action"] => string(5) "index"
  ["module"] => string(7) "default"
}


--------------------------------------------------------------------------------
2017-10-18T19:10:34+00:00 ERR (3) 404 Seite nicht gefunden
REMOTE_ADDR: 79.184.180.207
HTTP_REFERER: 
requested: array(3) {
  ["controller"] => string(12) "wp-login.php"
  ["action"] => string(5) "index"
  ["module"] => string(7) "default"
}


--------------------------------------------------------------------------------
2017-10-18T19:35:42+00:00 ERR (3) 404 Seite nicht gefunden
REMOTE_ADDR: 109.48.165.88
HTTP_REFERER: 
requested: array(3) {
  ["controller"] => string(12) "wp-login.php"
  ["action"] => string(5) "index"
  ["module"] => string(7) "default"
}


--------------------------------------------------------------------------------
2017-10-18T19:49:39+00:00 ERR (3) 404 Seite nicht gefunden
REMOTE_ADDR: 79.185.215.11
HTTP_REFERER: 
requested: array(3) {
  ["controller"] => string(12) "wp-login.php"
  ["action"] => string(5) "index"
  ["module"] => string(7) "default"
}


--------------------------------------------------------------------------------
2017-10-18T19:52:27+00:00 ERR (3) 404 Seite nicht gefunden
REMOTE_ADDR: 187.14.214.24
HTTP_REFERER: 
requested: array(3) {
  ["controller"] => string(12) "wp-login.php"
  ["action"] => string(5) "index"
  ["module"] => string(7) "default"
}


--------------------------------------------------------------------------------
2017-10-18T19:54:47+00:00 ERR (3) 404 Seite nicht gefunden
REMOTE_ADDR: 46.49.48.11
HTTP_REFERER: 
requested: array(3) {
  ["controller"] => string(12) "wp-login.php"
  ["action"] => string(5) "index"
  ["module"] => string(7) "default"
}


--------------------------------------------------------------------------------
2017-10-18T20:00:58+00:00 ERR (3) 404 Seite nicht gefunden
REMOTE_ADDR: 88.15.175.98
HTTP_REFERER: 
requested: array(3) {
  ["controller"] => string(12) "wp-login.php"
  ["action"] => string(5) "index"
  ["module"] => string(7) "default"
}


--------------------------------------------------------------------------------
2017-10-18T20:50:24+00:00 ERR (3) 404 Seite nicht gefunden
REMOTE_ADDR: 87.73.120.106
HTTP_REFERER: 
requested: array(3) {
  ["controller"] => string(12) "wp-login.php"
  ["action"] => string(5) "index"
  ["module"] => string(7) "default"
}


--------------------------------------------------------------------------------
2017-10-18T21:26:35+00:00 ERR (3) 404 Seite nicht gefunden
REMOTE_ADDR: 189.215.229.39
HTTP_REFERER: 
requested: array(3) {
  ["controller"] => string(12) "wp-login.php"
  ["action"] => string(5) "index"
  ["module"] => string(7) "default"
}


--------------------------------------------------------------------------------
2017-10-18T21:32:01+00:00 ERR (3) 404 Seite nicht gefunden
REMOTE_ADDR: 41.45.2.146
HTTP_REFERER: 
requested: array(3) {
  ["controller"] => string(12) "wp-login.php"
  ["action"] => string(5) "index"
  ["module"] => string(7) "default"
}


--------------------------------------------------------------------------------
2017-10-18T21:39:48+00:00 ERR (3) 404 Seite nicht gefunden
REMOTE_ADDR: 187.136.66.84
HTTP_REFERER: 
requested: array(3) {
  ["controller"] => string(12) "wp-login.php"
  ["action"] => string(5) "index"
  ["module"] => string(7) "default"
}


--------------------------------------------------------------------------------
2017-10-18T21:49:09+00:00 ERR (3) 404 Seite nicht gefunden
REMOTE_ADDR: 141.85.0.117
HTTP_REFERER: 
requested: array(3) {
  ["controller"] => string(12) "wp-login.php"
  ["action"] => string(5) "index"
  ["module"] => string(7) "default"
}


--------------------------------------------------------------------------------
2017-10-18T22:04:27+00:00 ERR (3) 404 Seite nicht gefunden
REMOTE_ADDR: 188.22.227.103
HTTP_REFERER: 
requested: array(3) {
  ["controller"] => string(12) "wp-login.php"
  ["action"] => string(5) "index"
  ["module"] => string(7) "default"
}


--------------------------------------------------------------------------------
2017-10-18T22:06:36+00:00 ERR (3) 404 Seite nicht gefunden
REMOTE_ADDR: 188.37.149.251
HTTP_REFERER: 
requested: array(3) {
  ["controller"] => string(12) "wp-login.php"
  ["action"] => string(5) "index"
  ["module"] => string(7) "default"
}


--------------------------------------------------------------------------------
2017-10-18T22:36:43+00:00 ERR (3) 404 Seite nicht gefunden
REMOTE_ADDR: 79.23.69.125
HTTP_REFERER: 
requested: array(3) {
  ["controller"] => string(12) "wp-login.php"
  ["action"] => string(5) "index"
  ["module"] => string(7) "default"
}


--------------------------------------------------------------------------------
2017-10-18T22:46:51+00:00 ERR (3) 404 Seite nicht gefunden
REMOTE_ADDR: 179.233.151.224
HTTP_REFERER: 
requested: array(3) {
  ["controller"] => string(12) "wp-login.php"
  ["action"] => string(5) "index"
  ["module"] => string(7) "default"
}


--------------------------------------------------------------------------------
2017-10-18T23:14:06+00:00 ERR (3) 404 Seite nicht gefunden
REMOTE_ADDR: 217.131.142.65
HTTP_REFERER: 
requested: array(3) {
  ["controller"] => string(12) "wp-login.php"
  ["action"] => string(5) "index"
  ["module"] => string(7) "default"
}


--------------------------------------------------------------------------------
2017-10-18T23:32:34+00:00 ERR (3) 404 Seite nicht gefunden
REMOTE_ADDR: 222.119.145.59
HTTP_REFERER: 
requested: array(3) {
  ["controller"] => string(12) "wp-login.php"
  ["action"] => string(5) "index"
  ["module"] => string(7) "default"
}


--------------------------------------------------------------------------------
2017-10-18T23:42:55+00:00 ERR (3) 404 Seite nicht gefunden
REMOTE_ADDR: 54.236.1.12
HTTP_REFERER: 
requested: array(3) {
  ["controller"] => string(20) "apple-touch-icon.png"
  ["action"] => string(5) "index"
  ["module"] => string(7) "default"
}


--------------------------------------------------------------------------------
2017-10-18T23:59:56+00:00 ERR (3) 404 Seite nicht gefunden
REMOTE_ADDR: 189.232.165.32
HTTP_REFERER: 
requested: array(3) {
  ["controller"] => string(12) "wp-login.php"
  ["action"] => string(5) "index"
  ["module"] => string(7) "default"
}


--------------------------------------------------------------------------------
