2010-07-21T04:52:30+00:00 ERR (3) 404 "story" was not found.
REMOTE_ADDR: 95.108.155.251
HTTP_REFERER: 
requested: array(6) {
  ["lang"] => string(2) "de"
  ["action"] => string(5) "index"
  ["key"] => string(5) "story"
  ["intern"] => string(7) "kontakt"
  ["module"] => string(7) "default"
  ["controller"] => string(5) "index"
}


--------------------------------------------------------------------------------
2010-07-21T06:20:47+00:00 ERR (3) 404 Page not found
REMOTE_ADDR: 67.195.115.87
HTTP_REFERER: 
requested: array(3) {
  ["controller"] => string(9) "pixelding"
  ["action"] => string(5) "index"
  ["module"] => string(7) "default"
}


--------------------------------------------------------------------------------
2010-07-21T08:41:24+00:00 ERR (3) 404 "topic" was not found.
REMOTE_ADDR: 178.216.177.177
HTTP_REFERER: http://www.graphicore.de/de/index/topic/intern/news/
requested: array(6) {
  ["lang"] => string(2) "de"
  ["action"] => string(5) "index"
  ["key"] => string(5) "topic"
  ["intern"] => string(4) "news"
  ["module"] => string(7) "default"
  ["controller"] => string(5) "index"
}


--------------------------------------------------------------------------------
2010-07-21T12:12:22+00:00 ERR (3) 404 "story" was not found.
REMOTE_ADDR: 95.108.155.251
HTTP_REFERER: 
requested: array(6) {
  ["lang"] => string(2) "en"
  ["action"] => string(5) "index"
  ["key"] => string(5) "story"
  ["intern"] => string(9) "pixelding"
  ["module"] => string(7) "default"
  ["controller"] => string(5) "index"
}


--------------------------------------------------------------------------------
2010-07-21T15:40:21+00:00 ERR (3) 404 "topic" was not found.
REMOTE_ADDR: 195.191.54.159
HTTP_REFERER: http://www.graphicore.de/en/index/topic/intern/projekte/
requested: array(6) {
  ["lang"] => string(2) "en"
  ["action"] => string(5) "index"
  ["key"] => string(5) "topic"
  ["intern"] => string(8) "projekte"
  ["module"] => string(7) "default"
  ["controller"] => string(5) "index"
}


--------------------------------------------------------------------------------
2010-07-21T17:26:17+00:00 ERR (3) 404 "story" was not found.
REMOTE_ADDR: 207.46.12.65
HTTP_REFERER: 
requested: array(6) {
  ["lang"] => string(2) "en"
  ["action"] => string(5) "index"
  ["key"] => string(5) "story"
  ["intern"] => string(6) "typete"
  ["module"] => string(7) "default"
  ["controller"] => string(5) "index"
}


--------------------------------------------------------------------------------
