2021-01-13T00:55:46+00:00 ERR (3) 404 "competences" was not found.
REMOTE_ADDR: 94.130.64.96
HTTP_REFERER: 
requested: array(5) {
  ["lang"] => string(2) "de"
  ["action"] => string(4) "page"
  ["key"] => string(11) "competences"
  ["module"] => string(7) "default"
  ["controller"] => string(5) "index"
}


--------------------------------------------------------------------------------
2021-01-13T00:55:49+00:00 ERR (3) 404 "hire-lasse" was not found.
REMOTE_ADDR: 94.130.64.96
HTTP_REFERER: 
requested: array(5) {
  ["lang"] => string(2) "de"
  ["action"] => string(4) "page"
  ["key"] => string(10) "hire-lasse"
  ["module"] => string(7) "default"
  ["controller"] => string(5) "index"
}


--------------------------------------------------------------------------------
2021-01-13T05:43:33+00:00 ERR (3) 404 Seite nicht gefunden
REMOTE_ADDR: 5.2.69.7
HTTP_REFERER: 
requested: array(3) {
  ["controller"] => string(12) "wp-login.php"
  ["action"] => string(5) "index"
  ["module"] => string(7) "default"
}


--------------------------------------------------------------------------------
2021-01-13T05:43:34+00:00 ERR (3) 404 Seite nicht gefunden
REMOTE_ADDR: 5.2.69.7
HTTP_REFERER: http://graphicore.de/wp-login.php
requested: array(3) {
  ["controller"] => string(8) "wp-admin"
  ["action"] => string(5) "index"
  ["module"] => string(7) "default"
}


--------------------------------------------------------------------------------
2021-01-13T05:43:36+00:00 ERR (3) 404 Seite nicht gefunden
REMOTE_ADDR: 87.118.116.103
HTTP_REFERER: 
requested: array(3) {
  ["controller"] => string(9) "admin.php"
  ["action"] => string(5) "index"
  ["module"] => string(7) "default"
}


--------------------------------------------------------------------------------
2021-01-13T05:44:55+00:00 ERR (3) 404 Seite nicht gefunden
REMOTE_ADDR: 179.43.167.230
HTTP_REFERER: 
requested: array(3) {
  ["controller"] => string(5) "admin"
  ["action"] => string(5) "index"
  ["module"] => string(7) "default"
}


--------------------------------------------------------------------------------
2021-01-13T05:44:56+00:00 ERR (3) 404 Seite nicht gefunden
REMOTE_ADDR: 185.220.102.244
HTTP_REFERER: 
requested: array(3) {
  ["controller"] => string(5) "admin"
  ["action"] => string(5) "index"
  ["module"] => string(7) "default"
}


--------------------------------------------------------------------------------
2021-01-13T13:26:26+00:00 ERR (3) 404 "hire-lasse" was not found.
REMOTE_ADDR: 62.210.143.6
HTTP_REFERER: 
requested: array(5) {
  ["lang"] => string(2) "en"
  ["action"] => string(4) "page"
  ["key"] => string(10) "hire-lasse"
  ["module"] => string(7) "default"
  ["controller"] => string(5) "index"
}


--------------------------------------------------------------------------------
2021-01-13T13:26:45+00:00 ERR (3) 404 "hire-lasse" was not found.
REMOTE_ADDR: 62.210.143.6
HTTP_REFERER: 
requested: array(5) {
  ["lang"] => string(2) "de"
  ["action"] => string(4) "page"
  ["key"] => string(10) "hire-lasse"
  ["module"] => string(7) "default"
  ["controller"] => string(5) "index"
}


--------------------------------------------------------------------------------
2021-01-13T13:55:06+00:00 ERR (3) 404 Seite nicht gefunden
REMOTE_ADDR: 13.66.139.26
HTTP_REFERER: 
requested: array(3) {
  ["controller"] => string(11) "sitemap.txt"
  ["action"] => string(5) "index"
  ["module"] => string(7) "default"
}


--------------------------------------------------------------------------------
2021-01-13T14:08:33+00:00 ERR (3) 404 Seite nicht gefunden
REMOTE_ADDR: 13.66.139.23
HTTP_REFERER: 
requested: array(3) {
  ["controller"] => string(8) "atom.xml"
  ["action"] => string(5) "index"
  ["module"] => string(7) "default"
}


--------------------------------------------------------------------------------
2021-01-13T17:18:17+00:00 ERR (3) 404 "competences" was not found.
REMOTE_ADDR: 94.130.64.96
HTTP_REFERER: 
requested: array(5) {
  ["lang"] => string(2) "de"
  ["action"] => string(4) "page"
  ["key"] => string(11) "competences"
  ["module"] => string(7) "default"
  ["controller"] => string(5) "index"
}


--------------------------------------------------------------------------------
2021-01-13T17:18:20+00:00 ERR (3) 404 "hire-lasse" was not found.
REMOTE_ADDR: 94.130.64.96
HTTP_REFERER: 
requested: array(5) {
  ["lang"] => string(2) "de"
  ["action"] => string(4) "page"
  ["key"] => string(10) "hire-lasse"
  ["module"] => string(7) "default"
  ["controller"] => string(5) "index"
}


--------------------------------------------------------------------------------
