2018-10-22T03:14:04+00:00 ERR (3) 404 Seite nicht gefunden
REMOTE_ADDR: 46.229.168.139
HTTP_REFERER: 
requested: array(3) {
  ["controller"] => string(11) "sitemap.xml"
  ["action"] => string(5) "index"
  ["module"] => string(7) "default"
}


--------------------------------------------------------------------------------
2018-10-22T04:37:40+00:00 ERR (3) 404 Seite nicht gefunden
REMOTE_ADDR: 218.66.74.227
HTTP_REFERER: 
requested: array(4) {
  ["controller"] => string(10) "wp-content"
  ["action"] => string(7) "plugins"
  ["easyrotator-for-wordpress"] => string(9) "indox.php"
  ["module"] => string(7) "default"
}


--------------------------------------------------------------------------------
2018-10-22T06:04:47+00:00 ERR (3) 404 Seite nicht gefunden
REMOTE_ADDR: 39.104.158.249
HTTP_REFERER: 
requested: array(4) {
  ["controller"] => string(10) "wp-content"
  ["action"] => string(7) "plugins"
  ["easyrotator-for-wordpress"] => string(9) "indox.php"
  ["module"] => string(7) "default"
}


--------------------------------------------------------------------------------
2018-10-22T06:29:59+00:00 ERR (3) 404 Seite nicht gefunden
REMOTE_ADDR: 47.92.235.155
HTTP_REFERER: 
requested: array(4) {
  ["controller"] => string(10) "wp-content"
  ["action"] => string(7) "plugins"
  ["easyrotator-for-wordpress"] => string(9) "indox.php"
  ["module"] => string(7) "default"
}


--------------------------------------------------------------------------------
2018-10-22T06:34:44+00:00 ERR (3) 404 Seite nicht gefunden
REMOTE_ADDR: 39.104.98.180
HTTP_REFERER: 
requested: array(4) {
  ["controller"] => string(10) "wp-content"
  ["action"] => string(7) "plugins"
  ["easyrotator-for-wordpress"] => string(9) "indox.php"
  ["module"] => string(7) "default"
}


--------------------------------------------------------------------------------
2018-10-22T10:21:51+00:00 ERR (3) 404 Seite nicht gefunden
REMOTE_ADDR: 45.74.36.83
HTTP_REFERER: 
requested: array(3) {
  ["controller"] => string(6) "https:"
  ["action"] => string(19) "silber-und-blei.com"
  ["module"] => string(7) "default"
}


--------------------------------------------------------------------------------
2018-10-22T14:47:03+00:00 ERR (3) 404 Seite nicht gefunden
REMOTE_ADDR: 34.219.34.54
HTTP_REFERER: https://google.com
requested: array(3) {
  ["controller"] => string(12) "wp-login.php"
  ["action"] => string(5) "index"
  ["module"] => string(7) "default"
}


--------------------------------------------------------------------------------
2018-10-22T14:47:10+00:00 ERR (3) 404 Seite nicht gefunden
REMOTE_ADDR: 34.219.34.54
HTTP_REFERER: https://google.com
requested: array(3) {
  ["controller"] => string(13) "administrator"
  ["action"] => string(9) "index.php"
  ["module"] => string(7) "default"
}


--------------------------------------------------------------------------------
2018-10-22T14:47:15+00:00 ERR (3) 404 Seite nicht gefunden
REMOTE_ADDR: 34.219.34.54
HTTP_REFERER: https://google.com
requested: array(3) {
  ["controller"] => string(10) "phpmyadmin"
  ["action"] => string(9) "index.php"
  ["module"] => string(7) "default"
}


--------------------------------------------------------------------------------
2018-10-22T14:47:20+00:00 ERR (3) 404 Seite nicht gefunden
REMOTE_ADDR: 34.219.34.54
HTTP_REFERER: https://google.com
requested: array(3) {
  ["controller"] => string(3) "pma"
  ["action"] => string(9) "index.php"
  ["module"] => string(7) "default"
}


--------------------------------------------------------------------------------
2018-10-22T15:46:37+00:00 ERR (3) 404 Seite nicht gefunden
REMOTE_ADDR: 172.111.216.103
HTTP_REFERER: 
requested: array(4) {
  ["controller"] => string(6) "https:"
  [""] => string(19) "silber-und-blei.com"
  ["action"] => string(5) "index"
  ["module"] => string(7) "default"
}


--------------------------------------------------------------------------------
2018-10-22T16:32:25+00:00 ERR (3) 404 Seite nicht gefunden
REMOTE_ADDR: 45.74.36.83
HTTP_REFERER: 
requested: array(4) {
  ["controller"] => string(6) "https:"
  [""] => string(19) "silber-und-blei.com"
  ["action"] => string(5) "index"
  ["module"] => string(7) "default"
}


--------------------------------------------------------------------------------
2018-10-22T18:03:50+00:00 ERR (3) 404 Seite nicht gefunden
REMOTE_ADDR: 47.92.248.5
HTTP_REFERER: 
requested: array(4) {
  ["controller"] => string(10) "wp-content"
  ["action"] => string(7) "plugins"
  ["easyrotator-for-wordpress"] => string(9) "indox.php"
  ["module"] => string(7) "default"
}


--------------------------------------------------------------------------------
