2011-02-21T01:49:50+00:00 ERR (3) 404 Seite nicht gefunden
REMOTE_ADDR: 92.230.57.150
HTTP_REFERER: 
requested: array(3) {
  ["controller"] => string(10) "javascript"
  ["action"] => string(1) "'"
  ["module"] => string(7) "default"
}


--------------------------------------------------------------------------------
2011-02-21T04:52:53+00:00 ERR (3) 404 "topic" was not found.
REMOTE_ADDR: 77.79.11.227
HTTP_REFERER: http://graphicore.de/de/index/topic/intern/news/
requested: array(6) {
  ["lang"] => string(2) "de"
  ["action"] => string(5) "index"
  ["key"] => string(5) "topic"
  ["intern"] => string(4) "news"
  ["module"] => string(7) "default"
  ["controller"] => string(5) "index"
}


--------------------------------------------------------------------------------
2011-02-21T05:56:48+00:00 ERR (3) 404 Seite nicht gefunden
REMOTE_ADDR: 77.211.144.42
HTTP_REFERER: 
requested: array(3) {
  ["controller"] => string(10) "javascript"
  ["action"] => string(24) "%27%20+%20href%20+%20%27"
  ["module"] => string(7) "default"
}


--------------------------------------------------------------------------------
2011-02-21T08:39:28+00:00 ERR (3) 404 "story" was not found.
REMOTE_ADDR: 193.47.80.40
HTTP_REFERER: 
requested: array(6) {
  ["lang"] => string(2) "en"
  ["action"] => string(5) "index"
  ["key"] => string(5) "story"
  ["intern"] => string(7) "kontakt"
  ["module"] => string(7) "default"
  ["controller"] => string(5) "index"
}


--------------------------------------------------------------------------------
2011-02-21T19:12:49+00:00 ERR (3) 404 Seite nicht gefunden
REMOTE_ADDR: 87.221.175.179
HTTP_REFERER: 
requested: array(3) {
  ["controller"] => string(10) "javascript"
  ["action"] => string(1) "'"
  ["module"] => string(7) "default"
}


--------------------------------------------------------------------------------
