2019-11-24T04:21:44+00:00 ERR (3) 404 "hire-lasse" was not found.
REMOTE_ADDR: 77.75.79.119
HTTP_REFERER: 
requested: array(5) {
  ["lang"] => string(2) "en"
  ["action"] => string(4) "page"
  ["key"] => string(10) "hire-lasse"
  ["module"] => string(7) "default"
  ["controller"] => string(5) "index"
}


--------------------------------------------------------------------------------
2019-11-24T10:12:44+00:00 ERR (3) 404 Seite nicht gefunden
REMOTE_ADDR: 212.92.115.247
HTTP_REFERER: 
requested: array(3) {
  ["controller"] => string(9) "wordpress"
  ["action"] => string(5) "index"
  ["module"] => string(7) "default"
}


--------------------------------------------------------------------------------
2019-11-24T10:12:45+00:00 ERR (3) 404 Seite nicht gefunden
REMOTE_ADDR: 212.92.115.247
HTTP_REFERER: 
requested: array(3) {
  ["controller"] => string(2) "wp"
  ["action"] => string(5) "index"
  ["module"] => string(7) "default"
}


--------------------------------------------------------------------------------
2019-11-24T10:12:47+00:00 ERR (3) 404 Seite nicht gefunden
REMOTE_ADDR: 212.92.115.247
HTTP_REFERER: 
requested: array(3) {
  ["controller"] => string(4) "blog"
  ["action"] => string(5) "index"
  ["module"] => string(7) "default"
}


--------------------------------------------------------------------------------
2019-11-24T10:12:54+00:00 ERR (3) 404 Seite nicht gefunden
REMOTE_ADDR: 212.92.115.247
HTTP_REFERER: 
requested: array(3) {
  ["controller"] => string(3) "new"
  ["action"] => string(5) "index"
  ["module"] => string(7) "default"
}


--------------------------------------------------------------------------------
2019-11-24T10:13:16+00:00 ERR (3) 404 Seite nicht gefunden
REMOTE_ADDR: 212.92.115.247
HTTP_REFERER: 
requested: array(3) {
  ["controller"] => string(3) "old"
  ["action"] => string(5) "index"
  ["module"] => string(7) "default"
}


--------------------------------------------------------------------------------
2019-11-24T10:13:19+00:00 ERR (3) 404 Seite nicht gefunden
REMOTE_ADDR: 212.92.115.247
HTTP_REFERER: 
requested: array(3) {
  ["controller"] => string(4) "test"
  ["action"] => string(5) "index"
  ["module"] => string(7) "default"
}


--------------------------------------------------------------------------------
2019-11-24T10:13:20+00:00 ERR (3) 404 Seite nicht gefunden
REMOTE_ADDR: 212.92.115.247
HTTP_REFERER: 
requested: array(3) {
  ["controller"] => string(4) "main"
  ["action"] => string(5) "index"
  ["module"] => string(7) "default"
}


--------------------------------------------------------------------------------
2019-11-24T10:13:22+00:00 ERR (3) 404 Seite nicht gefunden
REMOTE_ADDR: 212.92.115.247
HTTP_REFERER: 
requested: array(3) {
  ["controller"] => string(4) "site"
  ["action"] => string(5) "index"
  ["module"] => string(7) "default"
}


--------------------------------------------------------------------------------
2019-11-24T10:13:23+00:00 ERR (3) 404 Seite nicht gefunden
REMOTE_ADDR: 212.92.115.247
HTTP_REFERER: 
requested: array(3) {
  ["controller"] => string(6) "backup"
  ["action"] => string(5) "index"
  ["module"] => string(7) "default"
}


--------------------------------------------------------------------------------
2019-11-24T10:13:46+00:00 ERR (3) 404 Seite nicht gefunden
REMOTE_ADDR: 212.92.115.247
HTTP_REFERER: 
requested: array(3) {
  ["controller"] => string(4) "demo"
  ["action"] => string(5) "index"
  ["module"] => string(7) "default"
}


--------------------------------------------------------------------------------
2019-11-24T10:13:47+00:00 ERR (3) 404 Seite nicht gefunden
REMOTE_ADDR: 212.92.115.247
HTTP_REFERER: 
requested: array(3) {
  ["controller"] => string(4) "home"
  ["action"] => string(5) "index"
  ["module"] => string(7) "default"
}


--------------------------------------------------------------------------------
2019-11-24T10:13:48+00:00 ERR (3) 404 Seite nicht gefunden
REMOTE_ADDR: 212.92.115.247
HTTP_REFERER: 
requested: array(3) {
  ["controller"] => string(3) "tmp"
  ["action"] => string(5) "index"
  ["module"] => string(7) "default"
}


--------------------------------------------------------------------------------
2019-11-24T10:13:56+00:00 ERR (3) 404 Seite nicht gefunden
REMOTE_ADDR: 212.92.115.247
HTTP_REFERER: 
requested: array(3) {
  ["controller"] => string(3) "cms"
  ["action"] => string(5) "index"
  ["module"] => string(7) "default"
}


--------------------------------------------------------------------------------
2019-11-24T10:13:57+00:00 ERR (3) 404 Seite nicht gefunden
REMOTE_ADDR: 212.92.115.247
HTTP_REFERER: 
requested: array(3) {
  ["controller"] => string(3) "dev"
  ["action"] => string(5) "index"
  ["module"] => string(7) "default"
}


--------------------------------------------------------------------------------
2019-11-24T10:13:58+00:00 ERR (3) 404 Seite nicht gefunden
REMOTE_ADDR: 212.92.115.247
HTTP_REFERER: 
requested: array(3) {
  ["controller"] => string(6) "portal"
  ["action"] => string(5) "index"
  ["module"] => string(7) "default"
}


--------------------------------------------------------------------------------
2019-11-24T10:14:00+00:00 ERR (3) 404 Seite nicht gefunden
REMOTE_ADDR: 212.92.115.247
HTTP_REFERER: 
requested: array(3) {
  ["controller"] => string(3) "web"
  ["action"] => string(5) "index"
  ["module"] => string(7) "default"
}


--------------------------------------------------------------------------------
2019-11-24T10:14:04+00:00 ERR (3) 404 Seite nicht gefunden
REMOTE_ADDR: 212.92.115.247
HTTP_REFERER: 
requested: array(3) {
  ["controller"] => string(4) "temp"
  ["action"] => string(5) "index"
  ["module"] => string(7) "default"
}


--------------------------------------------------------------------------------
2019-11-24T10:15:06+00:00 ERR (3) 404 Page not found
REMOTE_ADDR: 163.172.95.46
HTTP_REFERER: 
requested: array(3) {
  ["controller"] => string(4) ".env"
  ["action"] => string(5) "index"
  ["module"] => string(7) "default"
}


--------------------------------------------------------------------------------
2019-11-24T16:31:14+00:00 ERR (3) 404 Seite nicht gefunden
REMOTE_ADDR: 47.88.100.201
HTTP_REFERER: 
requested: array(3) {
  ["controller"] => string(5) "Store"
  ["action"] => string(10) "downloader"
  ["module"] => string(7) "default"
}


--------------------------------------------------------------------------------
2019-11-24T16:31:15+00:00 ERR (3) 404 Seite nicht gefunden
REMOTE_ADDR: 47.88.100.201
HTTP_REFERER: 
requested: array(3) {
  ["controller"] => string(5) "Store"
  ["action"] => string(10) "downloader"
  ["module"] => string(7) "default"
}


--------------------------------------------------------------------------------
2019-11-24T17:50:52+00:00 ERR (3) 404 "competences" was not found.
REMOTE_ADDR: 185.6.8.7
HTTP_REFERER: 
requested: array(5) {
  ["lang"] => string(2) "de"
  ["action"] => string(4) "page"
  ["key"] => string(11) "competences"
  ["module"] => string(7) "default"
  ["controller"] => string(5) "index"
}


--------------------------------------------------------------------------------
2019-11-24T17:51:32+00:00 ERR (3) 404 "hire-lasse" was not found.
REMOTE_ADDR: 185.6.8.7
HTTP_REFERER: 
requested: array(5) {
  ["lang"] => string(2) "de"
  ["action"] => string(4) "page"
  ["key"] => string(10) "hire-lasse"
  ["module"] => string(7) "default"
  ["controller"] => string(5) "index"
}


--------------------------------------------------------------------------------
2019-11-24T17:54:00+00:00 ERR (3) 404 "competences" was not found.
REMOTE_ADDR: 185.6.8.7
HTTP_REFERER: 
requested: array(5) {
  ["lang"] => string(2) "en"
  ["action"] => string(4) "page"
  ["key"] => string(11) "competences"
  ["module"] => string(7) "default"
  ["controller"] => string(5) "index"
}


--------------------------------------------------------------------------------
2019-11-24T17:55:48+00:00 ERR (3) 404 "hire-lasse" was not found.
REMOTE_ADDR: 185.6.8.7
HTTP_REFERER: 
requested: array(5) {
  ["lang"] => string(2) "en"
  ["action"] => string(4) "page"
  ["key"] => string(10) "hire-lasse"
  ["module"] => string(7) "default"
  ["controller"] => string(5) "index"
}


--------------------------------------------------------------------------------
