2010-08-31T00:24:22+00:00 ERR (3) 404 Page not found
REMOTE_ADDR: 88.75.244.198
HTTP_REFERER: http://www.graphicore.de/en/archive/2010-08-31_A-Brute-Font-Attack
requested: array(4) {
  ["controller"] => string(6) "images"
  [""] => string(5) "diary"
  ["action"] => string(5) "index"
  ["module"] => string(7) "default"
}


--------------------------------------------------------------------------------
2010-08-31T00:24:22+00:00 ERR (3) 404 Page not found
REMOTE_ADDR: 88.75.244.198
HTTP_REFERER: http://www.graphicore.de/en/archive/2010-08-31_A-Brute-Font-Attack
requested: array(4) {
  ["controller"] => string(6) "images"
  [""] => string(5) "diary"
  ["action"] => string(5) "index"
  ["module"] => string(7) "default"
}


--------------------------------------------------------------------------------
2010-08-31T00:24:22+00:00 ERR (3) 404 Page not found
REMOTE_ADDR: 88.75.244.198
HTTP_REFERER: http://www.graphicore.de/en/archive/2010-08-31_A-Brute-Font-Attack
requested: array(4) {
  ["controller"] => string(6) "images"
  [""] => string(5) "diary"
  ["action"] => string(5) "index"
  ["module"] => string(7) "default"
}


--------------------------------------------------------------------------------
2010-08-31T00:24:22+00:00 ERR (3) 404 Page not found
REMOTE_ADDR: 88.75.244.198
HTTP_REFERER: http://www.graphicore.de/en/archive/2010-08-31_A-Brute-Font-Attack
requested: array(4) {
  ["controller"] => string(6) "images"
  [""] => string(5) "diary"
  ["action"] => string(5) "index"
  ["module"] => string(7) "default"
}


--------------------------------------------------------------------------------
2010-08-31T00:24:22+00:00 ERR (3) 404 Page not found
REMOTE_ADDR: 88.75.244.198
HTTP_REFERER: http://www.graphicore.de/en/archive/2010-08-31_A-Brute-Font-Attack
requested: array(4) {
  ["controller"] => string(6) "images"
  [""] => string(5) "diary"
  ["action"] => string(5) "index"
  ["module"] => string(7) "default"
}


--------------------------------------------------------------------------------
2010-08-31T00:24:22+00:00 ERR (3) 404 Page not found
REMOTE_ADDR: 88.75.244.198
HTTP_REFERER: http://www.graphicore.de/en/archive/2010-08-31_A-Brute-Font-Attack
requested: array(4) {
  ["controller"] => string(6) "images"
  [""] => string(5) "diary"
  ["action"] => string(5) "index"
  ["module"] => string(7) "default"
}


--------------------------------------------------------------------------------
2010-08-31T00:24:22+00:00 ERR (3) 404 Page not found
REMOTE_ADDR: 88.75.244.198
HTTP_REFERER: http://www.graphicore.de/en/archive/2010-08-31_A-Brute-Font-Attack
requested: array(4) {
  ["controller"] => string(6) "images"
  [""] => string(5) "diary"
  ["action"] => string(5) "index"
  ["module"] => string(7) "default"
}


--------------------------------------------------------------------------------
2010-08-31T00:24:22+00:00 ERR (3) 404 Page not found
REMOTE_ADDR: 88.75.244.198
HTTP_REFERER: http://www.graphicore.de/en/archive/2010-08-31_A-Brute-Font-Attack
requested: array(4) {
  ["controller"] => string(6) "images"
  [""] => string(5) "diary"
  ["action"] => string(5) "index"
  ["module"] => string(7) "default"
}


--------------------------------------------------------------------------------
2010-08-31T00:24:22+00:00 ERR (3) 404 Page not found
REMOTE_ADDR: 88.75.244.198
HTTP_REFERER: http://www.graphicore.de/en/archive/2010-08-31_A-Brute-Font-Attack
requested: array(4) {
  ["controller"] => string(6) "images"
  [""] => string(5) "diary"
  ["action"] => string(5) "index"
  ["module"] => string(7) "default"
}


--------------------------------------------------------------------------------
2010-08-31T00:24:22+00:00 ERR (3) 404 Page not found
REMOTE_ADDR: 88.75.244.198
HTTP_REFERER: http://www.graphicore.de/en/archive/2010-08-31_A-Brute-Font-Attack
requested: array(4) {
  ["controller"] => string(6) "images"
  [""] => string(5) "diary"
  ["action"] => string(5) "index"
  ["module"] => string(7) "default"
}


--------------------------------------------------------------------------------
2010-08-31T00:24:22+00:00 ERR (3) 404 Page not found
REMOTE_ADDR: 88.75.244.198
HTTP_REFERER: http://www.graphicore.de/en/archive/2010-08-31_A-Brute-Font-Attack
requested: array(4) {
  ["controller"] => string(6) "images"
  [""] => string(5) "diary"
  ["action"] => string(5) "index"
  ["module"] => string(7) "default"
}


--------------------------------------------------------------------------------
2010-08-31T00:24:22+00:00 ERR (3) 404 Page not found
REMOTE_ADDR: 88.75.244.198
HTTP_REFERER: http://www.graphicore.de/en/archive/2010-08-31_A-Brute-Font-Attack
requested: array(4) {
  ["controller"] => string(6) "images"
  [""] => string(5) "diary"
  ["action"] => string(5) "index"
  ["module"] => string(7) "default"
}


--------------------------------------------------------------------------------
2010-08-31T00:24:22+00:00 ERR (3) 404 Page not found
REMOTE_ADDR: 88.75.244.198
HTTP_REFERER: http://www.graphicore.de/en/archive/2010-08-31_A-Brute-Font-Attack
requested: array(4) {
  ["controller"] => string(6) "images"
  [""] => string(5) "diary"
  ["action"] => string(5) "index"
  ["module"] => string(7) "default"
}


--------------------------------------------------------------------------------
2010-08-31T00:24:23+00:00 ERR (3) 404 Page not found
REMOTE_ADDR: 88.75.244.198
HTTP_REFERER: http://www.graphicore.de/en/archive/2010-08-31_A-Brute-Font-Attack
requested: array(4) {
  ["controller"] => string(6) "images"
  [""] => string(5) "diary"
  ["action"] => string(5) "index"
  ["module"] => string(7) "default"
}


--------------------------------------------------------------------------------
2010-08-31T00:24:23+00:00 ERR (3) 404 Page not found
REMOTE_ADDR: 88.75.244.198
HTTP_REFERER: http://www.graphicore.de/en/archive/2010-08-31_A-Brute-Font-Attack
requested: array(4) {
  ["controller"] => string(6) "images"
  [""] => string(5) "diary"
  ["action"] => string(5) "index"
  ["module"] => string(7) "default"
}


--------------------------------------------------------------------------------
2010-08-31T00:24:23+00:00 ERR (3) 404 Page not found
REMOTE_ADDR: 88.75.244.198
HTTP_REFERER: http://www.graphicore.de/en/archive/2010-08-31_A-Brute-Font-Attack
requested: array(4) {
  ["controller"] => string(6) "images"
  [""] => string(5) "diary"
  ["action"] => string(5) "index"
  ["module"] => string(7) "default"
}


--------------------------------------------------------------------------------
2010-08-31T00:24:23+00:00 ERR (3) 404 Page not found
REMOTE_ADDR: 88.75.244.198
HTTP_REFERER: http://www.graphicore.de/en/archive/2010-08-31_A-Brute-Font-Attack
requested: array(4) {
  ["controller"] => string(6) "images"
  [""] => string(5) "diary"
  ["action"] => string(5) "index"
  ["module"] => string(7) "default"
}


--------------------------------------------------------------------------------
2010-08-31T00:24:23+00:00 ERR (3) 404 Page not found
REMOTE_ADDR: 88.75.244.198
HTTP_REFERER: http://www.graphicore.de/en/archive/2010-08-31_A-Brute-Font-Attack
requested: array(4) {
  ["controller"] => string(6) "images"
  [""] => string(5) "diary"
  ["action"] => string(5) "index"
  ["module"] => string(7) "default"
}


--------------------------------------------------------------------------------
2010-08-31T00:24:23+00:00 ERR (3) 404 Page not found
REMOTE_ADDR: 88.75.244.198
HTTP_REFERER: http://www.graphicore.de/en/archive/2010-08-31_A-Brute-Font-Attack
requested: array(4) {
  ["controller"] => string(6) "images"
  [""] => string(5) "diary"
  ["action"] => string(5) "index"
  ["module"] => string(7) "default"
}


--------------------------------------------------------------------------------
2010-08-31T00:24:23+00:00 ERR (3) 404 Page not found
REMOTE_ADDR: 88.75.244.198
HTTP_REFERER: http://www.graphicore.de/en/archive/2010-08-31_A-Brute-Font-Attack
requested: array(4) {
  ["controller"] => string(6) "images"
  [""] => string(5) "diary"
  ["action"] => string(5) "index"
  ["module"] => string(7) "default"
}


--------------------------------------------------------------------------------
2010-08-31T00:34:58+00:00 ERR (3) 404 "topic" was not found.
REMOTE_ADDR: 95.65.77.99
HTTP_REFERER: http://www.graphicore.de/de/index/topic/intern/news/
requested: array(6) {
  ["lang"] => string(2) "de"
  ["action"] => string(5) "index"
  ["key"] => string(5) "topic"
  ["intern"] => string(4) "news"
  ["module"] => string(7) "default"
  ["controller"] => string(5) "index"
}


--------------------------------------------------------------------------------
2010-08-31T01:17:37+00:00 ERR (3) 404 "2010-08-31_A-Brute-Font-Attack" was not found.
REMOTE_ADDR: 88.75.244.198
HTTP_REFERER: http://www.graphicore.de/en/archive/2010-08-31_A-Brute-Font-Attack
requested: array(5) {
  ["lang"] => string(2) "de"
  ["action"] => string(7) "archive"
  ["key"] => string(30) "2010-08-31_A-Brute-Font-Attack"
  ["module"] => string(7) "default"
  ["controller"] => string(5) "index"
}


--------------------------------------------------------------------------------
2010-08-31T07:39:30+00:00 ERR (3) 404 "topic" was not found.
REMOTE_ADDR: 212.66.42.134
HTTP_REFERER: http://www.graphicore.de/de/index/topic/intern/news/
requested: array(6) {
  ["lang"] => string(2) "de"
  ["action"] => string(5) "index"
  ["key"] => string(5) "topic"
  ["intern"] => string(4) "news"
  ["module"] => string(7) "default"
  ["controller"] => string(5) "index"
}


--------------------------------------------------------------------------------
2010-08-31T09:01:13+00:00 ERR (3) 404 "story" was not found.
REMOTE_ADDR: 67.195.110.176
HTTP_REFERER: 
requested: array(6) {
  ["lang"] => string(2) "de"
  ["action"] => string(5) "index"
  ["key"] => string(5) "story"
  ["intern"] => string(10) "helloWorld"
  ["module"] => string(7) "default"
  ["controller"] => string(5) "index"
}


--------------------------------------------------------------------------------
2010-08-31T13:42:50+00:00 ERR (3) 404 "topic" was not found.
REMOTE_ADDR: 178.216.177.177
HTTP_REFERER: http://www.graphicore.de/de/index/topic/intern/news/
requested: array(6) {
  ["lang"] => string(2) "de"
  ["action"] => string(5) "index"
  ["key"] => string(5) "topic"
  ["intern"] => string(4) "news"
  ["module"] => string(7) "default"
  ["controller"] => string(5) "index"
}


--------------------------------------------------------------------------------
2010-08-31T15:37:33+00:00 ERR (3) 404 "topic" was not found.
REMOTE_ADDR: 94.142.131.190
HTTP_REFERER: http://www.graphicore.de/de/index/topic/intern/news/+%28200+ok%29+ACCEPTED
requested: array(6) {
  ["lang"] => string(2) "de"
  ["action"] => string(5) "index"
  ["key"] => string(5) "topic"
  ["intern"] => string(4) "news"
  ["module"] => string(7) "default"
  ["controller"] => string(5) "index"
}


--------------------------------------------------------------------------------
2010-08-31T19:01:53+00:00 ERR (3) 404 "topic" was not found.
REMOTE_ADDR: 178.93.158.73
HTTP_REFERER: http://www.graphicore.de/de/index/topic/intern/news/+%28200+ok%29+ACCEPTED
requested: array(6) {
  ["lang"] => string(2) "de"
  ["action"] => string(5) "index"
  ["key"] => string(5) "topic"
  ["intern"] => string(4) "news"
  ["module"] => string(7) "default"
  ["controller"] => string(5) "index"
}


--------------------------------------------------------------------------------
