2018-09-07T17:50:12+00:00 ERR (3) 404 "competences" was not found.
REMOTE_ADDR: 95.108.181.62
HTTP_REFERER: 
requested: array(5) {
  ["lang"] => string(2) "en"
  ["action"] => string(4) "page"
  ["key"] => string(11) "competences"
  ["module"] => string(7) "default"
  ["controller"] => string(5) "index"
}


--------------------------------------------------------------------------------
2018-09-07T23:01:57+00:00 ERR (3) 404 Seite nicht gefunden
REMOTE_ADDR: 62.109.19.86
HTTP_REFERER: 
requested: array(3) {
  ["controller"] => string(11) "license.php"
  ["action"] => string(5) "index"
  ["module"] => string(7) "default"
}


--------------------------------------------------------------------------------
2018-09-07T23:01:57+00:00 ERR (3) 404 Seite nicht gefunden
REMOTE_ADDR: 62.109.19.86
HTTP_REFERER: 
requested: array(3) {
  ["controller"] => string(11) "license.php"
  ["action"] => string(5) "index"
  ["module"] => string(7) "default"
}


--------------------------------------------------------------------------------
