2015-09-27T00:11:15+00:00 ERR (3) 404 "hire-lasse" was not found.
REMOTE_ADDR: 198.27.80.144
HTTP_REFERER: 
requested: array(5) {
  ["lang"] => string(2) "de"
  ["action"] => string(4) "page"
  ["key"] => string(10) "hire-lasse"
  ["module"] => string(7) "default"
  ["controller"] => string(5) "index"
}


--------------------------------------------------------------------------------
2015-09-27T00:11:15+00:00 ERR (3) 404 "" was not found.
REMOTE_ADDR: 198.27.80.144
HTTP_REFERER: 
requested: array(5) {
  ["lang"] => string(2) "de"
  ["action"] => string(7) "archive"
  ["module"] => string(7) "default"
  ["controller"] => string(5) "index"
  ["key"] => string(0) ""
}


--------------------------------------------------------------------------------
2015-09-27T00:11:55+00:00 ERR (3) 404 "hire-lasse" was not found.
REMOTE_ADDR: 198.27.80.144
HTTP_REFERER: 
requested: array(5) {
  ["lang"] => string(2) "en"
  ["action"] => string(4) "page"
  ["key"] => string(10) "hire-lasse"
  ["module"] => string(7) "default"
  ["controller"] => string(5) "index"
}


--------------------------------------------------------------------------------
2015-09-27T00:11:55+00:00 ERR (3) 404 "" was not found.
REMOTE_ADDR: 198.27.80.144
HTTP_REFERER: 
requested: array(5) {
  ["lang"] => string(2) "en"
  ["action"] => string(7) "archive"
  ["module"] => string(7) "default"
  ["controller"] => string(5) "index"
  ["key"] => string(0) ""
}


--------------------------------------------------------------------------------
2015-09-27T01:01:41+00:00 ERR (3) 404 Seite nicht gefunden
REMOTE_ADDR: 192.187.126.163
HTTP_REFERER: 
requested: array(4) {
  ["controller"] => string(7) "modules"
  ["action"] => string(9) "fckeditor"
  ["fckeditor"] => string(6) "editor"
  ["module"] => string(7) "default"
}


--------------------------------------------------------------------------------
2015-09-27T02:37:09+00:00 ERR (3) 404 Seite nicht gefunden
REMOTE_ADDR: 52.20.116.96
HTTP_REFERER: 
requested: array(3) {
  ["controller"] => string(20) "apple-touch-icon.png"
  ["action"] => string(5) "index"
  ["module"] => string(7) "default"
}


--------------------------------------------------------------------------------
2015-09-27T02:39:06+00:00 ERR (3) 404 "" was not found.
REMOTE_ADDR: 176.8.89.217
HTTP_REFERER: http://avtointeres.ru/
requested: array(5) {
  ["lang"] => string(2) "en"
  ["action"] => string(7) "archive"
  ["module"] => string(7) "default"
  ["controller"] => string(5) "index"
  ["key"] => string(0) ""
}


--------------------------------------------------------------------------------
2015-09-27T02:39:07+00:00 ERR (3) 404 "" was not found.
REMOTE_ADDR: 176.8.89.217
HTTP_REFERER: http://avtointeres.ru/
requested: array(5) {
  ["lang"] => string(2) "en"
  ["action"] => string(7) "archive"
  ["module"] => string(7) "default"
  ["controller"] => string(5) "index"
  ["key"] => string(0) ""
}


--------------------------------------------------------------------------------
2015-09-27T02:39:07+00:00 ERR (3) 404 "" was not found.
REMOTE_ADDR: 176.8.89.217
HTTP_REFERER: http://avtointeres.ru/
requested: array(5) {
  ["lang"] => string(2) "en"
  ["action"] => string(7) "archive"
  ["module"] => string(7) "default"
  ["controller"] => string(5) "index"
  ["key"] => string(0) ""
}


--------------------------------------------------------------------------------
2015-09-27T03:05:21+00:00 ERR (3) 404 "" was not found.
REMOTE_ADDR: 178.137.93.29
HTTP_REFERER: http://gk-atlant.info/
requested: array(5) {
  ["lang"] => string(2) "en"
  ["action"] => string(7) "archive"
  ["module"] => string(7) "default"
  ["controller"] => string(5) "index"
  ["key"] => string(0) ""
}


--------------------------------------------------------------------------------
2015-09-27T03:05:21+00:00 ERR (3) 404 "" was not found.
REMOTE_ADDR: 178.137.93.29
HTTP_REFERER: http://gk-atlant.info/
requested: array(5) {
  ["lang"] => string(2) "en"
  ["action"] => string(7) "archive"
  ["module"] => string(7) "default"
  ["controller"] => string(5) "index"
  ["key"] => string(0) ""
}


--------------------------------------------------------------------------------
2015-09-27T03:05:21+00:00 ERR (3) 404 "" was not found.
REMOTE_ADDR: 178.137.93.29
HTTP_REFERER: http://gk-atlant.info/
requested: array(5) {
  ["lang"] => string(2) "en"
  ["action"] => string(7) "archive"
  ["module"] => string(7) "default"
  ["controller"] => string(5) "index"
  ["key"] => string(0) ""
}


--------------------------------------------------------------------------------
2015-09-27T08:35:32+00:00 ERR (3) 404 "" was not found.
REMOTE_ADDR: 176.8.91.248
HTTP_REFERER: http://gamesintrend.com/
requested: array(5) {
  ["lang"] => string(2) "en"
  ["action"] => string(7) "archive"
  ["module"] => string(7) "default"
  ["controller"] => string(5) "index"
  ["key"] => string(0) ""
}


--------------------------------------------------------------------------------
2015-09-27T08:35:32+00:00 ERR (3) 404 "" was not found.
REMOTE_ADDR: 176.8.91.248
HTTP_REFERER: http://gamesintrend.com/
requested: array(5) {
  ["lang"] => string(2) "en"
  ["action"] => string(7) "archive"
  ["module"] => string(7) "default"
  ["controller"] => string(5) "index"
  ["key"] => string(0) ""
}


--------------------------------------------------------------------------------
2015-09-27T08:35:33+00:00 ERR (3) 404 "" was not found.
REMOTE_ADDR: 176.8.91.248
HTTP_REFERER: http://gamesintrend.com/
requested: array(5) {
  ["lang"] => string(2) "en"
  ["action"] => string(7) "archive"
  ["module"] => string(7) "default"
  ["controller"] => string(5) "index"
  ["key"] => string(0) ""
}


--------------------------------------------------------------------------------
2015-09-27T12:39:18+00:00 ERR (3) 404 Seite nicht gefunden
REMOTE_ADDR: 178.44.151.114
HTTP_REFERER: http://graphicore.de/forum/
requested: array(3) {
  ["controller"] => string(5) "forum"
  ["action"] => string(5) "index"
  ["module"] => string(7) "default"
}


--------------------------------------------------------------------------------
2015-09-27T12:54:54+00:00 ERR (3) 404 Seite nicht gefunden
REMOTE_ADDR: 74.208.69.84
HTTP_REFERER: 
requested: array(4) {
  ["controller"] => string(6) "https:"
  [""] => string(19) "silber-und-blei.com"
  ["action"] => string(5) "index"
  ["module"] => string(7) "default"
}


--------------------------------------------------------------------------------
2015-09-27T12:55:02+00:00 ERR (3) 404 Seite nicht gefunden
REMOTE_ADDR: 74.208.69.84
HTTP_REFERER: 
requested: array(3) {
  ["controller"] => string(2) "js"
  ["action"] => string(1) "'"
  ["module"] => string(7) "default"
}


--------------------------------------------------------------------------------
2015-09-27T13:03:46+00:00 ERR (3) 404 Seite nicht gefunden
REMOTE_ADDR: 74.208.69.84
HTTP_REFERER: 
requested: array(4) {
  ["controller"] => string(6) "https:"
  [""] => string(19) "silber-und-blei.com"
  ["action"] => string(5) "index"
  ["module"] => string(7) "default"
}


--------------------------------------------------------------------------------
2015-09-27T13:03:53+00:00 ERR (3) 404 Seite nicht gefunden
REMOTE_ADDR: 74.208.69.84
HTTP_REFERER: 
requested: array(3) {
  ["controller"] => string(2) "js"
  ["action"] => string(1) "'"
  ["module"] => string(7) "default"
}


--------------------------------------------------------------------------------
2015-09-27T13:06:43+00:00 ERR (3) 404 "" was not found.
REMOTE_ADDR: 176.8.91.248
HTTP_REFERER: http://www.sharok.biz/
requested: array(5) {
  ["lang"] => string(2) "en"
  ["action"] => string(7) "archive"
  ["module"] => string(7) "default"
  ["controller"] => string(5) "index"
  ["key"] => string(0) ""
}


--------------------------------------------------------------------------------
2015-09-27T13:06:43+00:00 ERR (3) 404 "" was not found.
REMOTE_ADDR: 176.8.91.248
HTTP_REFERER: http://www.sharok.biz/
requested: array(5) {
  ["lang"] => string(2) "en"
  ["action"] => string(7) "archive"
  ["module"] => string(7) "default"
  ["controller"] => string(5) "index"
  ["key"] => string(0) ""
}


--------------------------------------------------------------------------------
2015-09-27T13:06:44+00:00 ERR (3) 404 "" was not found.
REMOTE_ADDR: 176.8.91.248
HTTP_REFERER: http://www.sharok.biz/
requested: array(5) {
  ["lang"] => string(2) "en"
  ["action"] => string(7) "archive"
  ["module"] => string(7) "default"
  ["controller"] => string(5) "index"
  ["key"] => string(0) ""
}


--------------------------------------------------------------------------------
2015-09-27T13:49:17+00:00 ERR (3) 404 Seite nicht gefunden
REMOTE_ADDR: 91.61.122.250
HTTP_REFERER: 
requested: array(3) {
  ["controller"] => string(32) "apple-touch-icon-precomposed.png"
  ["action"] => string(5) "index"
  ["module"] => string(7) "default"
}


--------------------------------------------------------------------------------
2015-09-27T13:49:17+00:00 ERR (3) 404 Seite nicht gefunden
REMOTE_ADDR: 91.61.122.250
HTTP_REFERER: 
requested: array(3) {
  ["controller"] => string(20) "apple-touch-icon.png"
  ["action"] => string(5) "index"
  ["module"] => string(7) "default"
}


--------------------------------------------------------------------------------
2015-09-27T15:07:31+00:00 ERR (3) 404 Seite nicht gefunden
REMOTE_ADDR: 192.187.126.163
HTTP_REFERER: 
requested: array(3) {
  ["controller"] => string(8) "weblogin"
  ["action"] => string(6) "editor"
  ["module"] => string(7) "default"
}


--------------------------------------------------------------------------------
2015-09-27T15:39:48+00:00 ERR (3) 404 "hire-lasse" was not found.
REMOTE_ADDR: 157.55.39.83
HTTP_REFERER: 
requested: array(5) {
  ["lang"] => string(2) "de"
  ["action"] => string(4) "page"
  ["key"] => string(10) "hire-lasse"
  ["module"] => string(7) "default"
  ["controller"] => string(5) "index"
}


--------------------------------------------------------------------------------
2015-09-27T16:46:10+00:00 ERR (3) 404 "" was not found.
REMOTE_ADDR: 134.249.234.21
HTTP_REFERER: https://mister-shop.com/
requested: array(5) {
  ["lang"] => string(2) "en"
  ["action"] => string(7) "archive"
  ["module"] => string(7) "default"
  ["controller"] => string(5) "index"
  ["key"] => string(0) ""
}


--------------------------------------------------------------------------------
2015-09-27T16:46:11+00:00 ERR (3) 404 "" was not found.
REMOTE_ADDR: 134.249.234.21
HTTP_REFERER: https://mister-shop.com/
requested: array(5) {
  ["lang"] => string(2) "en"
  ["action"] => string(7) "archive"
  ["module"] => string(7) "default"
  ["controller"] => string(5) "index"
  ["key"] => string(0) ""
}


--------------------------------------------------------------------------------
2015-09-27T16:46:11+00:00 ERR (3) 404 "" was not found.
REMOTE_ADDR: 134.249.234.21
HTTP_REFERER: https://mister-shop.com/
requested: array(5) {
  ["lang"] => string(2) "en"
  ["action"] => string(7) "archive"
  ["module"] => string(7) "default"
  ["controller"] => string(5) "index"
  ["key"] => string(0) ""
}


--------------------------------------------------------------------------------
2015-09-27T18:02:39+00:00 ERR (3) 404 "" was not found.
REMOTE_ADDR: 178.137.93.29
HTTP_REFERER: http://darkoman.com/tags/
requested: array(5) {
  ["lang"] => string(2) "en"
  ["action"] => string(7) "archive"
  ["module"] => string(7) "default"
  ["controller"] => string(5) "index"
  ["key"] => string(0) ""
}


--------------------------------------------------------------------------------
2015-09-27T18:02:40+00:00 ERR (3) 404 "" was not found.
REMOTE_ADDR: 178.137.93.29
HTTP_REFERER: http://darkoman.com/tags/
requested: array(5) {
  ["lang"] => string(2) "en"
  ["action"] => string(7) "archive"
  ["module"] => string(7) "default"
  ["controller"] => string(5) "index"
  ["key"] => string(0) ""
}


--------------------------------------------------------------------------------
2015-09-27T18:02:40+00:00 ERR (3) 404 "" was not found.
REMOTE_ADDR: 178.137.93.29
HTTP_REFERER: http://darkoman.com/tags/
requested: array(5) {
  ["lang"] => string(2) "en"
  ["action"] => string(7) "archive"
  ["module"] => string(7) "default"
  ["controller"] => string(5) "index"
  ["key"] => string(0) ""
}


--------------------------------------------------------------------------------
2015-09-27T19:48:57+00:00 ERR (3) 404 "" was not found.
REMOTE_ADDR: 176.8.91.248
HTTP_REFERER: http://aviapanda.ru/
requested: array(5) {
  ["lang"] => string(2) "en"
  ["action"] => string(7) "archive"
  ["module"] => string(7) "default"
  ["controller"] => string(5) "index"
  ["key"] => string(0) ""
}


--------------------------------------------------------------------------------
2015-09-27T19:48:58+00:00 ERR (3) 404 "" was not found.
REMOTE_ADDR: 176.8.91.248
HTTP_REFERER: http://aviapanda.ru/
requested: array(5) {
  ["lang"] => string(2) "en"
  ["action"] => string(7) "archive"
  ["module"] => string(7) "default"
  ["controller"] => string(5) "index"
  ["key"] => string(0) ""
}


--------------------------------------------------------------------------------
2015-09-27T19:48:58+00:00 ERR (3) 404 "" was not found.
REMOTE_ADDR: 176.8.91.248
HTTP_REFERER: http://aviapanda.ru/
requested: array(5) {
  ["lang"] => string(2) "en"
  ["action"] => string(7) "archive"
  ["module"] => string(7) "default"
  ["controller"] => string(5) "index"
  ["key"] => string(0) ""
}


--------------------------------------------------------------------------------
2015-09-27T21:16:06+00:00 ERR (3) 404 "" was not found.
REMOTE_ADDR: 178.137.93.29
HTTP_REFERER: http://softtor.com/
requested: array(5) {
  ["lang"] => string(2) "en"
  ["action"] => string(7) "archive"
  ["module"] => string(7) "default"
  ["controller"] => string(5) "index"
  ["key"] => string(0) ""
}


--------------------------------------------------------------------------------
2015-09-27T21:16:06+00:00 ERR (3) 404 "" was not found.
REMOTE_ADDR: 178.137.93.29
HTTP_REFERER: http://softtor.com/
requested: array(5) {
  ["lang"] => string(2) "en"
  ["action"] => string(7) "archive"
  ["module"] => string(7) "default"
  ["controller"] => string(5) "index"
  ["key"] => string(0) ""
}


--------------------------------------------------------------------------------
2015-09-27T21:16:07+00:00 ERR (3) 404 "" was not found.
REMOTE_ADDR: 178.137.93.29
HTTP_REFERER: http://softtor.com/
requested: array(5) {
  ["lang"] => string(2) "en"
  ["action"] => string(7) "archive"
  ["module"] => string(7) "default"
  ["controller"] => string(5) "index"
  ["key"] => string(0) ""
}


--------------------------------------------------------------------------------
2015-09-27T21:52:58+00:00 ERR (3) 404 Seite nicht gefunden
REMOTE_ADDR: 91.121.179.219
HTTP_REFERER: 
requested: array(3) {
  ["controller"] => string(12) "wp-login.php"
  ["action"] => string(5) "index"
  ["module"] => string(7) "default"
}


--------------------------------------------------------------------------------
