2012-12-20T07:53:02+00:00 ERR (3) 404 Seite nicht gefunden
REMOTE_ADDR: 192.210.59.250
HTTP_REFERER: http://graphicore.de/forum/index.php
requested: array(3) {
  ["controller"] => string(5) "forum"
  ["action"] => string(9) "index.php"
  ["module"] => string(7) "default"
}


--------------------------------------------------------------------------------
2012-12-20T09:35:11+00:00 ERR (3) 404 Seite nicht gefunden
REMOTE_ADDR: 202.102.72.38
HTTP_REFERER: http://graphicore.de/forum/index.php
requested: array(3) {
  ["controller"] => string(5) "forum"
  ["action"] => string(9) "index.php"
  ["module"] => string(7) "default"
}


--------------------------------------------------------------------------------
2012-12-20T13:41:23+00:00 ERR (3) 404 Seite nicht gefunden
REMOTE_ADDR: 199.15.234.140
HTTP_REFERER: http://graphicore.de/forum/index.php
requested: array(3) {
  ["controller"] => string(5) "forum"
  ["action"] => string(9) "index.php"
  ["module"] => string(7) "default"
}


--------------------------------------------------------------------------------
2012-12-20T15:34:16+00:00 ERR (3) 404 Seite nicht gefunden
REMOTE_ADDR: 113.212.70.3
HTTP_REFERER: http://graphicore.de/forum/index.php
requested: array(3) {
  ["controller"] => string(5) "forum"
  ["action"] => string(9) "index.php"
  ["module"] => string(7) "default"
}


--------------------------------------------------------------------------------
