2014-06-16T01:21:47+00:00 ERR (3) 404 Page not found
REMOTE_ADDR: 89.66.65.65
HTTP_REFERER: http://graphicore.de
requested: array(3) {
  ["controller"] => string(14) "registermember"
  ["action"] => string(5) "index"
  ["module"] => string(7) "default"
}


--------------------------------------------------------------------------------
2014-06-16T01:21:49+00:00 ERR (3) 404 Page not found
REMOTE_ADDR: 89.66.65.65
HTTP_REFERER: http://graphicore.de
requested: array(5) {
  ["controller"] => string(11) "modules.php"
  ["action"] => string(5) "index"
  ["module"] => string(7) "default"
  ["name"] => string(12) "Your_Account"
  ["op"] => string(8) "new_user"
}


--------------------------------------------------------------------------------
2014-06-16T01:21:53+00:00 ERR (3) 404 Page not found
REMOTE_ADDR: 89.66.65.65
HTTP_REFERER: http://graphicore.de
requested: array(3) {
  ["controller"] => string(12) "register.php"
  ["action"] => string(5) "index"
  ["module"] => string(7) "default"
}


--------------------------------------------------------------------------------
2014-06-16T01:21:55+00:00 ERR (3) 404 Page not found
REMOTE_ADDR: 89.66.65.65
HTTP_REFERER: http://graphicore.de
requested: array(4) {
  ["controller"] => string(11) "discussions"
  ["action"] => string(9) "index.php"
  ["module"] => string(7) "default"
  ["p"] => string(15) "/entry/register"
}


--------------------------------------------------------------------------------
2014-06-16T01:21:55+00:00 ERR (3) 404 Page not found
REMOTE_ADDR: 89.66.65.65
HTTP_REFERER: http://graphicore.de
requested: array(3) {
  ["controller"] => string(8) "anmelden"
  ["action"] => string(5) "index"
  ["module"] => string(7) "default"
}


--------------------------------------------------------------------------------
2014-06-16T01:21:56+00:00 ERR (3) 404 Page not found
REMOTE_ADDR: 89.66.65.65
HTTP_REFERER: http://graphicore.de
requested: array(3) {
  ["controller"] => string(10) "signup.php"
  ["action"] => string(5) "index"
  ["module"] => string(7) "default"
}


--------------------------------------------------------------------------------
2014-06-16T01:21:57+00:00 ERR (3) 404 Page not found
REMOTE_ADDR: 89.66.65.65
HTTP_REFERER: http://graphicore.de
requested: array(3) {
  ["controller"] => string(9) "anmeldung"
  ["action"] => string(5) "index"
  ["module"] => string(7) "default"
}


--------------------------------------------------------------------------------
2014-06-16T01:21:57+00:00 ERR (3) 404 Page not found
REMOTE_ADDR: 89.66.65.65
HTTP_REFERER: http://graphicore.de
requested: array(3) {
  ["controller"] => string(7) "account"
  ["action"] => string(12) "register.php"
  ["module"] => string(7) "default"
}


--------------------------------------------------------------------------------
2014-06-16T01:21:58+00:00 ERR (3) 404 Page not found
REMOTE_ADDR: 89.66.65.65
HTTP_REFERER: http://graphicore.de
requested: array(3) {
  ["controller"] => string(17) "tiki-register.php"
  ["action"] => string(5) "index"
  ["module"] => string(7) "default"
}


--------------------------------------------------------------------------------
2014-06-16T01:21:58+00:00 ERR (3) 404 Page not found
REMOTE_ADDR: 89.66.65.65
HTTP_REFERER: http://graphicore.de
requested: array(3) {
  ["controller"] => string(4) "RPC2"
  ["action"] => string(5) "index"
  ["module"] => string(7) "default"
}


--------------------------------------------------------------------------------
2014-06-16T01:21:59+00:00 ERR (3) 404 Page not found
REMOTE_ADDR: 89.66.65.65
HTTP_REFERER: http://graphicore.de/RPC2
requested: array(3) {
  ["controller"] => string(4) "RPC2"
  ["action"] => string(5) "index"
  ["module"] => string(7) "default"
}


--------------------------------------------------------------------------------
2014-06-16T01:21:59+00:00 ERR (3) 404 Page not found
REMOTE_ADDR: 89.66.65.65
HTTP_REFERER: http://graphicore.de/RPC2
requested: array(3) {
  ["controller"] => string(4) "RPC2"
  ["action"] => string(5) "index"
  ["module"] => string(7) "default"
}


--------------------------------------------------------------------------------
2014-06-16T01:21:59+00:00 ERR (3) 404 Page not found
REMOTE_ADDR: 89.66.65.65
HTTP_REFERER: http://graphicore.de/RPC2
requested: array(3) {
  ["controller"] => string(4) "RPC2"
  ["action"] => string(5) "index"
  ["module"] => string(7) "default"
}


--------------------------------------------------------------------------------
2014-06-16T01:21:59+00:00 ERR (3) 404 Page not found
REMOTE_ADDR: 89.66.65.65
HTTP_REFERER: http://graphicore.de/RPC2
requested: array(3) {
  ["controller"] => string(4) "RPC2"
  ["action"] => string(5) "index"
  ["module"] => string(7) "default"
}


--------------------------------------------------------------------------------
2014-06-16T01:22:00+00:00 ERR (3) 404 Page not found
REMOTE_ADDR: 89.66.65.65
HTTP_REFERER: http://graphicore.de/RPC2
requested: array(3) {
  ["controller"] => string(4) "RPC2"
  ["action"] => string(5) "index"
  ["module"] => string(7) "default"
}


--------------------------------------------------------------------------------
2014-06-16T01:26:27+00:00 ERR (3) 404 Page not found
REMOTE_ADDR: 89.66.65.65
HTTP_REFERER: 
requested: array(3) {
  ["controller"] => string(4) "RPC2"
  ["action"] => string(5) "index"
  ["module"] => string(7) "default"
}


--------------------------------------------------------------------------------
2014-06-16T02:42:40+00:00 ERR (3) 404 Page not found
REMOTE_ADDR: 192.185.82.87
HTTP_REFERER: http://www.google.com/
requested: array(6) {
  ["controller"] => string(12) "wp-login.php"
  ["action"] => string(5) "index"
  ["module"] => string(7) "default"
  ["log"] => string(5) "admin"
  ["pwd"] => string(6) "123123"
  ["rememberme"] => string(7) "forever"
}


--------------------------------------------------------------------------------
2014-06-16T02:58:46+00:00 ERR (3) 404 Page not found
REMOTE_ADDR: 74.6.53.178
HTTP_REFERER: http://www.google.com/
requested: array(6) {
  ["controller"] => string(12) "wp-login.php"
  ["action"] => string(5) "index"
  ["module"] => string(7) "default"
  ["log"] => string(5) "admin"
  ["pwd"] => string(6) "123456"
  ["rememberme"] => string(7) "forever"
}


--------------------------------------------------------------------------------
2014-06-16T08:53:19+00:00 ERR (3) 404 Page not found
REMOTE_ADDR: 89.66.65.65
HTTP_REFERER: http://graphicore.de
requested: array(3) {
  ["controller"] => string(14) "registermember"
  ["action"] => string(5) "index"
  ["module"] => string(7) "default"
}


--------------------------------------------------------------------------------
2014-06-16T08:53:25+00:00 ERR (3) 404 Page not found
REMOTE_ADDR: 89.66.65.65
HTTP_REFERER: http://graphicore.de
requested: array(5) {
  ["controller"] => string(11) "modules.php"
  ["action"] => string(5) "index"
  ["module"] => string(7) "default"
  ["name"] => string(12) "Your_Account"
  ["op"] => string(8) "new_user"
}


--------------------------------------------------------------------------------
2014-06-16T08:53:25+00:00 ERR (3) 404 Page not found
REMOTE_ADDR: 89.66.65.65
HTTP_REFERER: http://graphicore.de
requested: array(3) {
  ["controller"] => string(12) "register.php"
  ["action"] => string(5) "index"
  ["module"] => string(7) "default"
}


--------------------------------------------------------------------------------
2014-06-16T08:53:28+00:00 ERR (3) 404 Page not found
REMOTE_ADDR: 89.66.65.65
HTTP_REFERER: http://graphicore.de
requested: array(4) {
  ["controller"] => string(11) "discussions"
  ["action"] => string(9) "index.php"
  ["module"] => string(7) "default"
  ["p"] => string(15) "/entry/register"
}


--------------------------------------------------------------------------------
2014-06-16T08:53:28+00:00 ERR (3) 404 Page not found
REMOTE_ADDR: 89.66.65.65
HTTP_REFERER: http://graphicore.de
requested: array(3) {
  ["controller"] => string(8) "anmelden"
  ["action"] => string(5) "index"
  ["module"] => string(7) "default"
}


--------------------------------------------------------------------------------
2014-06-16T08:53:30+00:00 ERR (3) 404 Page not found
REMOTE_ADDR: 89.66.65.65
HTTP_REFERER: http://graphicore.de
requested: array(3) {
  ["controller"] => string(10) "signup.php"
  ["action"] => string(5) "index"
  ["module"] => string(7) "default"
}


--------------------------------------------------------------------------------
2014-06-16T08:53:30+00:00 ERR (3) 404 Page not found
REMOTE_ADDR: 89.66.65.65
HTTP_REFERER: http://graphicore.de
requested: array(3) {
  ["controller"] => string(9) "anmeldung"
  ["action"] => string(5) "index"
  ["module"] => string(7) "default"
}


--------------------------------------------------------------------------------
2014-06-16T08:53:31+00:00 ERR (3) 404 Page not found
REMOTE_ADDR: 89.66.65.65
HTTP_REFERER: http://graphicore.de
requested: array(3) {
  ["controller"] => string(7) "account"
  ["action"] => string(12) "register.php"
  ["module"] => string(7) "default"
}


--------------------------------------------------------------------------------
2014-06-16T08:53:32+00:00 ERR (3) 404 Page not found
REMOTE_ADDR: 89.66.65.65
HTTP_REFERER: http://graphicore.de
requested: array(3) {
  ["controller"] => string(17) "tiki-register.php"
  ["action"] => string(5) "index"
  ["module"] => string(7) "default"
}


--------------------------------------------------------------------------------
2014-06-16T08:53:33+00:00 ERR (3) 404 Page not found
REMOTE_ADDR: 89.66.65.65
HTTP_REFERER: http://graphicore.de
requested: array(3) {
  ["controller"] => string(4) "RPC2"
  ["action"] => string(5) "index"
  ["module"] => string(7) "default"
}


--------------------------------------------------------------------------------
2014-06-16T08:53:33+00:00 ERR (3) 404 Page not found
REMOTE_ADDR: 89.66.65.65
HTTP_REFERER: http://graphicore.de/RPC2
requested: array(3) {
  ["controller"] => string(4) "RPC2"
  ["action"] => string(5) "index"
  ["module"] => string(7) "default"
}


--------------------------------------------------------------------------------
2014-06-16T08:53:33+00:00 ERR (3) 404 Page not found
REMOTE_ADDR: 89.66.65.65
HTTP_REFERER: http://graphicore.de/RPC2
requested: array(3) {
  ["controller"] => string(4) "RPC2"
  ["action"] => string(5) "index"
  ["module"] => string(7) "default"
}


--------------------------------------------------------------------------------
2014-06-16T08:53:33+00:00 ERR (3) 404 Page not found
REMOTE_ADDR: 89.66.65.65
HTTP_REFERER: http://graphicore.de/RPC2
requested: array(3) {
  ["controller"] => string(4) "RPC2"
  ["action"] => string(5) "index"
  ["module"] => string(7) "default"
}


--------------------------------------------------------------------------------
2014-06-16T08:53:34+00:00 ERR (3) 404 Page not found
REMOTE_ADDR: 89.66.65.65
HTTP_REFERER: http://graphicore.de/RPC2
requested: array(3) {
  ["controller"] => string(4) "RPC2"
  ["action"] => string(5) "index"
  ["module"] => string(7) "default"
}


--------------------------------------------------------------------------------
2014-06-16T08:53:34+00:00 ERR (3) 404 Page not found
REMOTE_ADDR: 89.66.65.65
HTTP_REFERER: http://graphicore.de/RPC2
requested: array(3) {
  ["controller"] => string(4) "RPC2"
  ["action"] => string(5) "index"
  ["module"] => string(7) "default"
}


--------------------------------------------------------------------------------
2014-06-16T09:00:03+00:00 ERR (3) 404 Page not found
REMOTE_ADDR: 89.66.65.65
HTTP_REFERER: 
requested: array(3) {
  ["controller"] => string(4) "RPC2"
  ["action"] => string(5) "index"
  ["module"] => string(7) "default"
}


--------------------------------------------------------------------------------
2014-06-16T16:06:47+00:00 ERR (3) 404 Seite nicht gefunden
REMOTE_ADDR: 46.161.41.127
HTTP_REFERER: http://graphicore.de/forum/
requested: array(3) {
  ["controller"] => string(5) "forum"
  ["action"] => string(5) "index"
  ["module"] => string(7) "default"
}


--------------------------------------------------------------------------------
2014-06-16T23:10:13+00:00 ERR (3) 404 The filter "de" was not found.
REMOTE_ADDR: 208.115.111.73
HTTP_REFERER: 
requested: array(5) {
  ["lang"] => string(2) "de"
  ["action"] => string(5) "diary"
  ["key"] => string(2) "de"
  ["module"] => string(7) "default"
  ["controller"] => string(5) "index"
}


--------------------------------------------------------------------------------
