2017-03-01T04:43:18+00:00 ERR (3) 404 Seite nicht gefunden
REMOTE_ADDR: 74.208.129.154
HTTP_REFERER: 
requested: array(4) {
  ["controller"] => string(6) "https:"
  [""] => string(19) "silber-und-blei.com"
  ["action"] => string(5) "index"
  ["module"] => string(7) "default"
}


--------------------------------------------------------------------------------
2017-03-01T04:43:19+00:00 ERR (3) 404 Seite nicht gefunden
REMOTE_ADDR: 74.208.129.154
HTTP_REFERER: 
requested: array(3) {
  ["controller"] => string(2) "js"
  ["action"] => string(1) "'"
  ["module"] => string(7) "default"
}


--------------------------------------------------------------------------------
2017-03-01T10:26:28+00:00 ERR (3) 404 Seite nicht gefunden
REMOTE_ADDR: 66.249.75.16
HTTP_REFERER: 
requested: array(3) {
  ["controller"] => string(11) ".well-known"
  ["action"] => string(26) "apple-app-site-association"
  ["module"] => string(7) "default"
}


--------------------------------------------------------------------------------
2017-03-01T10:27:05+00:00 ERR (3) 404 Seite nicht gefunden
REMOTE_ADDR: 66.249.75.16
HTTP_REFERER: 
requested: array(3) {
  ["controller"] => string(26) "apple-app-site-association"
  ["action"] => string(5) "index"
  ["module"] => string(7) "default"
}


--------------------------------------------------------------------------------
2017-03-01T10:27:24+00:00 ERR (3) 404 Seite nicht gefunden
REMOTE_ADDR: 66.249.75.16
HTTP_REFERER: 
requested: array(3) {
  ["controller"] => string(11) ".well-known"
  ["action"] => string(15) "assetlinks.json"
  ["module"] => string(7) "default"
}


--------------------------------------------------------------------------------
2017-03-01T10:31:24+00:00 ERR (3) 404 "2014-02-27_kaufland-firewall-service" was not found.
REMOTE_ADDR: 66.249.75.19
HTTP_REFERER: 
requested: array(5) {
  ["lang"] => string(2) "de"
  ["action"] => string(7) "archive"
  ["key"] => string(36) "2014-02-27_kaufland-firewall-service"
  ["module"] => string(7) "default"
  ["controller"] => string(5) "index"
}


--------------------------------------------------------------------------------
2017-03-01T11:05:27+00:00 ERR (3) 404 Seite nicht gefunden
REMOTE_ADDR: 192.151.152.122
HTTP_REFERER: 
requested: array(4) {
  ["controller"] => string(10) "wp-content"
  ["action"] => string(7) "plugins"
  ["share-buttons-wp"] => string(10) "readme.txt"
  ["module"] => string(7) "default"
}


--------------------------------------------------------------------------------
2017-03-01T15:31:54+00:00 ERR (3) 404 Seite nicht gefunden
REMOTE_ADDR: 178.137.164.79
HTTP_REFERER: 
requested: array(3) {
  ["controller"] => string(12) "wp-login.php"
  ["action"] => string(5) "index"
  ["module"] => string(7) "default"
}


--------------------------------------------------------------------------------
2017-03-01T15:31:54+00:00 ERR (3) 404 Seite nicht gefunden
REMOTE_ADDR: 178.137.164.79
HTTP_REFERER: 
requested: array(3) {
  ["controller"] => string(13) "administrator"
  ["action"] => string(9) "index.php"
  ["module"] => string(7) "default"
}


--------------------------------------------------------------------------------
2017-03-01T15:31:54+00:00 ERR (3) 404 Seite nicht gefunden
REMOTE_ADDR: 178.137.164.79
HTTP_REFERER: 
requested: array(3) {
  ["controller"] => string(4) "user"
  ["action"] => string(5) "index"
  ["module"] => string(7) "default"
}


--------------------------------------------------------------------------------
2017-03-01T16:44:32+00:00 ERR (3) 404 Seite nicht gefunden
REMOTE_ADDR: 192.187.109.242
HTTP_REFERER: 
requested: array(4) {
  ["controller"] => string(10) "wp-content"
  ["action"] => string(7) "plugins"
  ["smart-videos"] => string(10) "readme.txt"
  ["module"] => string(7) "default"
}


--------------------------------------------------------------------------------
2017-03-01T20:09:07+00:00 ERR (3) 404 "hire-lasse" was not found.
REMOTE_ADDR: 40.77.167.116
HTTP_REFERER: 
requested: array(5) {
  ["lang"] => string(2) "de"
  ["action"] => string(4) "page"
  ["key"] => string(10) "hire-lasse"
  ["module"] => string(7) "default"
  ["controller"] => string(5) "index"
}


--------------------------------------------------------------------------------
2017-03-01T21:02:47+00:00 ERR (3) 404 Seite nicht gefunden
REMOTE_ADDR: 91.230.204.77
HTTP_REFERER: 
requested: array(3) {
  ["controller"] => string(8) "wp-admin"
  ["action"] => string(5) "index"
  ["module"] => string(7) "default"
}


--------------------------------------------------------------------------------
2017-03-01T21:13:10+00:00 ERR (3) 404 Seite nicht gefunden
REMOTE_ADDR: 173.236.4.7
HTTP_REFERER: 
requested: array(3) {
  ["controller"] => string(4) "test"
  ["action"] => string(8) "wp-admin"
  ["module"] => string(7) "default"
}


--------------------------------------------------------------------------------
2017-03-01T21:23:18+00:00 ERR (3) 404 Seite nicht gefunden
REMOTE_ADDR: 68.142.232.24
HTTP_REFERER: 
requested: array(3) {
  ["controller"] => string(9) "wordpress"
  ["action"] => string(8) "wp-admin"
  ["module"] => string(7) "default"
}


--------------------------------------------------------------------------------
2017-03-01T21:33:22+00:00 ERR (3) 404 Seite nicht gefunden
REMOTE_ADDR: 50.28.14.198
HTTP_REFERER: 
requested: array(3) {
  ["controller"] => string(4) "blog"
  ["action"] => string(8) "wp-admin"
  ["module"] => string(7) "default"
}


--------------------------------------------------------------------------------
2017-03-01T21:43:19+00:00 ERR (3) 404 Seite nicht gefunden
REMOTE_ADDR: 23.21.144.29
HTTP_REFERER: 
requested: array(3) {
  ["controller"] => string(2) "wp"
  ["action"] => string(8) "wp-admin"
  ["module"] => string(7) "default"
}


--------------------------------------------------------------------------------
2017-03-01T21:53:10+00:00 ERR (3) 404 Seite nicht gefunden
REMOTE_ADDR: 192.225.175.118
HTTP_REFERER: 
requested: array(3) {
  ["controller"] => string(3) "old"
  ["action"] => string(8) "wp-admin"
  ["module"] => string(7) "default"
}


--------------------------------------------------------------------------------
