2014-11-30T07:38:03+00:00 ERR (3) 404 Seite nicht gefunden
REMOTE_ADDR: 217.12.204.179
HTTP_REFERER: http://graphicore.de/forum/
requested: array(3) {
  ["controller"] => string(5) "forum"
  ["action"] => string(5) "index"
  ["module"] => string(7) "default"
}


--------------------------------------------------------------------------------
2014-11-30T15:21:44+00:00 ERR (3) 404 Seite nicht gefunden
REMOTE_ADDR: 141.255.164.118
HTTP_REFERER: 
requested: array(3) {
  ["controller"] => string(4) "user"
  ["action"] => string(5) "index"
  ["module"] => string(7) "default"
}


--------------------------------------------------------------------------------
2014-11-30T15:21:45+00:00 ERR (3) 404 Seite nicht gefunden
REMOTE_ADDR: 141.255.164.118
HTTP_REFERER: 
requested: array(3) {
  ["controller"] => string(9) "admin.php"
  ["action"] => string(5) "index"
  ["module"] => string(7) "default"
}


--------------------------------------------------------------------------------
