2017-12-05T00:01:01+00:00 ERR (3) 404 Seite nicht gefunden
REMOTE_ADDR: 80.251.241.182
HTTP_REFERER: 
requested: array(3) {
  ["controller"] => string(12) "wp-login.php"
  ["action"] => string(5) "index"
  ["module"] => string(7) "default"
}


--------------------------------------------------------------------------------
2017-12-05T00:03:59+00:00 ERR (3) 404 Seite nicht gefunden
REMOTE_ADDR: 82.78.16.245
HTTP_REFERER: 
requested: array(3) {
  ["controller"] => string(12) "wp-login.php"
  ["action"] => string(5) "index"
  ["module"] => string(7) "default"
}


--------------------------------------------------------------------------------
2017-12-05T00:45:27+00:00 ERR (3) 404 Seite nicht gefunden
REMOTE_ADDR: 76.254.215.6
HTTP_REFERER: 
requested: array(3) {
  ["controller"] => string(12) "wp-login.php"
  ["action"] => string(5) "index"
  ["module"] => string(7) "default"
}


--------------------------------------------------------------------------------
2017-12-05T00:58:37+00:00 ERR (3) 404 Seite nicht gefunden
REMOTE_ADDR: 162.199.246.94
HTTP_REFERER: 
requested: array(3) {
  ["controller"] => string(12) "wp-login.php"
  ["action"] => string(5) "index"
  ["module"] => string(7) "default"
}


--------------------------------------------------------------------------------
2017-12-05T01:02:58+00:00 ERR (3) 404 Seite nicht gefunden
REMOTE_ADDR: 5.9.144.234
HTTP_REFERER: 
requested: array(4) {
  ["controller"] => string(5) "forum"
  ["action"] => string(13) "viewtopic.php"
  ["module"] => string(7) "default"
  ["p"] => string(2) "33"
}


--------------------------------------------------------------------------------
2017-12-05T01:03:01+00:00 ERR (3) 404 Seite nicht gefunden
REMOTE_ADDR: 5.9.144.234
HTTP_REFERER: 
requested: array(4) {
  ["controller"] => string(5) "forum"
  ["action"] => string(13) "viewtopic.php"
  ["module"] => string(7) "default"
  ["p"] => string(2) "34"
}


--------------------------------------------------------------------------------
2017-12-05T01:03:04+00:00 ERR (3) 404 Seite nicht gefunden
REMOTE_ADDR: 5.9.144.234
HTTP_REFERER: 
requested: array(4) {
  ["controller"] => string(5) "forum"
  ["action"] => string(13) "viewtopic.php"
  ["module"] => string(7) "default"
  ["p"] => string(2) "37"
}


--------------------------------------------------------------------------------
2017-12-05T01:03:07+00:00 ERR (3) 404 Seite nicht gefunden
REMOTE_ADDR: 5.9.144.234
HTTP_REFERER: 
requested: array(4) {
  ["controller"] => string(5) "forum"
  ["action"] => string(13) "viewtopic.php"
  ["module"] => string(7) "default"
  ["p"] => string(2) "41"
}


--------------------------------------------------------------------------------
2017-12-05T01:53:05+00:00 ERR (3) 404 Seite nicht gefunden
REMOTE_ADDR: 103.243.45.82
HTTP_REFERER: 
requested: array(3) {
  ["controller"] => string(12) "wp-login.php"
  ["action"] => string(5) "index"
  ["module"] => string(7) "default"
}


--------------------------------------------------------------------------------
2017-12-05T03:04:30+00:00 ERR (3) 404 Seite nicht gefunden
REMOTE_ADDR: 66.249.66.200
HTTP_REFERER: 
requested: array(8) {
  ["controller"] => string(5) "forum"
  ["action"] => string(13) "viewtopic.php"
  ["module"] => string(7) "default"
  ["t"] => string(2) "13"
  ["start"] => string(1) "0"
  ["postdays"] => string(1) "0"
  ["postorder"] => string(3) "asc"
  ["highlight"] => string(0) ""
}


--------------------------------------------------------------------------------
2017-12-05T03:51:33+00:00 ERR (3) 404 Seite nicht gefunden
REMOTE_ADDR: 113.210.118.61
HTTP_REFERER: 
requested: array(3) {
  ["controller"] => string(12) "wp-login.php"
  ["action"] => string(5) "index"
  ["module"] => string(7) "default"
}


--------------------------------------------------------------------------------
2017-12-05T04:33:32+00:00 ERR (3) 404 Seite nicht gefunden
REMOTE_ADDR: 92.238.52.58
HTTP_REFERER: 
requested: array(3) {
  ["controller"] => string(12) "wp-login.php"
  ["action"] => string(5) "index"
  ["module"] => string(7) "default"
}


--------------------------------------------------------------------------------
2017-12-05T04:51:24+00:00 ERR (3) 404 Seite nicht gefunden
REMOTE_ADDR: 73.254.110.199
HTTP_REFERER: 
requested: array(3) {
  ["controller"] => string(12) "wp-login.php"
  ["action"] => string(5) "index"
  ["module"] => string(7) "default"
}


--------------------------------------------------------------------------------
2017-12-05T05:02:57+00:00 ERR (3) 404 Seite nicht gefunden
REMOTE_ADDR: 103.10.67.157
HTTP_REFERER: 
requested: array(3) {
  ["controller"] => string(12) "wp-login.php"
  ["action"] => string(5) "index"
  ["module"] => string(7) "default"
}


--------------------------------------------------------------------------------
2017-12-05T05:06:26+00:00 ERR (3) 404 Seite nicht gefunden
REMOTE_ADDR: 175.138.232.13
HTTP_REFERER: 
requested: array(3) {
  ["controller"] => string(12) "wp-login.php"
  ["action"] => string(5) "index"
  ["module"] => string(7) "default"
}


--------------------------------------------------------------------------------
2017-12-05T05:08:48+00:00 ERR (3) 404 Seite nicht gefunden
REMOTE_ADDR: 121.244.198.243
HTTP_REFERER: 
requested: array(3) {
  ["controller"] => string(12) "wp-login.php"
  ["action"] => string(5) "index"
  ["module"] => string(7) "default"
}


--------------------------------------------------------------------------------
2017-12-05T05:09:04+00:00 ERR (3) 404 Seite nicht gefunden
REMOTE_ADDR: 117.215.132.199
HTTP_REFERER: 
requested: array(3) {
  ["controller"] => string(12) "wp-login.php"
  ["action"] => string(5) "index"
  ["module"] => string(7) "default"
}


--------------------------------------------------------------------------------
2017-12-05T05:24:09+00:00 ERR (3) 404 Seite nicht gefunden
REMOTE_ADDR: 67.236.91.84
HTTP_REFERER: 
requested: array(3) {
  ["controller"] => string(12) "wp-login.php"
  ["action"] => string(5) "index"
  ["module"] => string(7) "default"
}


--------------------------------------------------------------------------------
2017-12-05T05:34:23+00:00 ERR (3) 404 Seite nicht gefunden
REMOTE_ADDR: 86.98.102.184
HTTP_REFERER: 
requested: array(3) {
  ["controller"] => string(12) "wp-login.php"
  ["action"] => string(5) "index"
  ["module"] => string(7) "default"
}


--------------------------------------------------------------------------------
2017-12-05T05:34:35+00:00 ERR (3) 404 Seite nicht gefunden
REMOTE_ADDR: 111.68.102.26
HTTP_REFERER: 
requested: array(3) {
  ["controller"] => string(12) "wp-login.php"
  ["action"] => string(5) "index"
  ["module"] => string(7) "default"
}


--------------------------------------------------------------------------------
2017-12-05T06:08:24+00:00 ERR (3) 404 Seite nicht gefunden
REMOTE_ADDR: 170.79.221.52
HTTP_REFERER: 
requested: array(3) {
  ["controller"] => string(12) "wp-login.php"
  ["action"] => string(5) "index"
  ["module"] => string(7) "default"
}


--------------------------------------------------------------------------------
2017-12-05T06:36:49+00:00 ERR (3) 404 Seite nicht gefunden
REMOTE_ADDR: 115.164.79.132
HTTP_REFERER: 
requested: array(3) {
  ["controller"] => string(12) "wp-login.php"
  ["action"] => string(5) "index"
  ["module"] => string(7) "default"
}


--------------------------------------------------------------------------------
2017-12-05T08:14:02+00:00 ERR (3) 404 Seite nicht gefunden
REMOTE_ADDR: 122.177.6.105
HTTP_REFERER: 
requested: array(3) {
  ["controller"] => string(12) "wp-login.php"
  ["action"] => string(5) "index"
  ["module"] => string(7) "default"
}


--------------------------------------------------------------------------------
2017-12-05T08:52:50+00:00 ERR (3) 404 Seite nicht gefunden
REMOTE_ADDR: 201.8.120.82
HTTP_REFERER: 
requested: array(3) {
  ["controller"] => string(12) "wp-login.php"
  ["action"] => string(5) "index"
  ["module"] => string(7) "default"
}


--------------------------------------------------------------------------------
2017-12-05T08:54:33+00:00 ERR (3) 404 Seite nicht gefunden
REMOTE_ADDR: 58.32.231.238
HTTP_REFERER: 
requested: array(3) {
  ["controller"] => string(12) "wp-login.php"
  ["action"] => string(5) "index"
  ["module"] => string(7) "default"
}


--------------------------------------------------------------------------------
2017-12-05T08:59:29+00:00 ERR (3) 404 Seite nicht gefunden
REMOTE_ADDR: 179.110.18.81
HTTP_REFERER: 
requested: array(3) {
  ["controller"] => string(12) "wp-login.php"
  ["action"] => string(5) "index"
  ["module"] => string(7) "default"
}


--------------------------------------------------------------------------------
2017-12-05T09:14:42+00:00 ERR (3) 404 Seite nicht gefunden
REMOTE_ADDR: 157.39.173.245
HTTP_REFERER: 
requested: array(3) {
  ["controller"] => string(12) "wp-login.php"
  ["action"] => string(5) "index"
  ["module"] => string(7) "default"
}


--------------------------------------------------------------------------------
2017-12-05T09:21:19+00:00 ERR (3) 404 Page not found
REMOTE_ADDR: 216.244.65.58
HTTP_REFERER: http://graphicore.de/wp-content/plugins/revslider/temp/update_extract/conf.php
requested: array(5) {
  ["controller"] => string(10) "wp-content"
  ["action"] => string(7) "plugins"
  ["revslider"] => string(4) "temp"
  ["update_extract"] => string(8) "conf.php"
  ["module"] => string(7) "default"
}


--------------------------------------------------------------------------------
2017-12-05T10:06:14+00:00 ERR (3) 404 Seite nicht gefunden
REMOTE_ADDR: 200.109.161.190
HTTP_REFERER: 
requested: array(3) {
  ["controller"] => string(12) "wp-login.php"
  ["action"] => string(5) "index"
  ["module"] => string(7) "default"
}


--------------------------------------------------------------------------------
2017-12-05T10:30:45+00:00 ERR (3) 404 Seite nicht gefunden
REMOTE_ADDR: 62.212.34.151
HTTP_REFERER: 
requested: array(3) {
  ["controller"] => string(12) "wp-login.php"
  ["action"] => string(5) "index"
  ["module"] => string(7) "default"
}


--------------------------------------------------------------------------------
2017-12-05T11:32:53+00:00 ERR (3) 404 Seite nicht gefunden
REMOTE_ADDR: 41.77.186.7
HTTP_REFERER: 
requested: array(3) {
  ["controller"] => string(12) "wp-login.php"
  ["action"] => string(5) "index"
  ["module"] => string(7) "default"
}


--------------------------------------------------------------------------------
2017-12-05T11:38:57+00:00 ERR (3) 404 Seite nicht gefunden
REMOTE_ADDR: 195.24.209.250
HTTP_REFERER: 
requested: array(3) {
  ["controller"] => string(12) "wp-login.php"
  ["action"] => string(5) "index"
  ["module"] => string(7) "default"
}


--------------------------------------------------------------------------------
2017-12-05T12:04:25+00:00 ERR (3) 404 Seite nicht gefunden
REMOTE_ADDR: 5.30.75.250
HTTP_REFERER: 
requested: array(3) {
  ["controller"] => string(12) "wp-login.php"
  ["action"] => string(5) "index"
  ["module"] => string(7) "default"
}


--------------------------------------------------------------------------------
2017-12-05T12:38:35+00:00 ERR (3) 404 Seite nicht gefunden
REMOTE_ADDR: 82.145.155.120
HTTP_REFERER: 
requested: array(3) {
  ["controller"] => string(12) "wp-login.php"
  ["action"] => string(5) "index"
  ["module"] => string(7) "default"
}


--------------------------------------------------------------------------------
2017-12-05T12:48:53+00:00 ERR (3) 404 Seite nicht gefunden
REMOTE_ADDR: 103.217.84.238
HTTP_REFERER: 
requested: array(3) {
  ["controller"] => string(12) "wp-login.php"
  ["action"] => string(5) "index"
  ["module"] => string(7) "default"
}


--------------------------------------------------------------------------------
2017-12-05T12:56:14+00:00 ERR (3) 404 Seite nicht gefunden
REMOTE_ADDR: 45.247.159.233
HTTP_REFERER: 
requested: array(3) {
  ["controller"] => string(12) "wp-login.php"
  ["action"] => string(5) "index"
  ["module"] => string(7) "default"
}


--------------------------------------------------------------------------------
2017-12-05T13:11:00+00:00 ERR (3) 404 Seite nicht gefunden
REMOTE_ADDR: 200.8.86.217
HTTP_REFERER: 
requested: array(3) {
  ["controller"] => string(12) "wp-login.php"
  ["action"] => string(5) "index"
  ["module"] => string(7) "default"
}


--------------------------------------------------------------------------------
2017-12-05T13:21:07+00:00 ERR (3) 404 Seite nicht gefunden
REMOTE_ADDR: 116.37.11.110
HTTP_REFERER: 
requested: array(3) {
  ["controller"] => string(12) "wp-login.php"
  ["action"] => string(5) "index"
  ["module"] => string(7) "default"
}


--------------------------------------------------------------------------------
2017-12-05T13:27:45+00:00 ERR (3) 404 "de" was not found.
REMOTE_ADDR: 107.150.37.100
HTTP_REFERER: 
requested: array(5) {
  ["lang"] => string(2) "de"
  ["action"] => string(4) "page"
  ["key"] => string(2) "de"
  ["module"] => string(7) "default"
  ["controller"] => string(5) "index"
}


--------------------------------------------------------------------------------
2017-12-05T13:28:06+00:00 ERR (3) 404 "en" was not found.
REMOTE_ADDR: 107.150.37.100
HTTP_REFERER: 
requested: array(5) {
  ["lang"] => string(2) "de"
  ["action"] => string(4) "page"
  ["key"] => string(2) "en"
  ["module"] => string(7) "default"
  ["controller"] => string(5) "index"
}


--------------------------------------------------------------------------------
2017-12-05T13:52:52+00:00 ERR (3) 404 Seite nicht gefunden
REMOTE_ADDR: 88.238.242.21
HTTP_REFERER: 
requested: array(3) {
  ["controller"] => string(12) "wp-login.php"
  ["action"] => string(5) "index"
  ["module"] => string(7) "default"
}


--------------------------------------------------------------------------------
2017-12-05T14:09:28+00:00 ERR (3) 404 Seite nicht gefunden
REMOTE_ADDR: 88.234.134.85
HTTP_REFERER: 
requested: array(3) {
  ["controller"] => string(12) "wp-login.php"
  ["action"] => string(5) "index"
  ["module"] => string(7) "default"
}


--------------------------------------------------------------------------------
2017-12-05T14:14:24+00:00 ERR (3) 404 Seite nicht gefunden
REMOTE_ADDR: 218.104.173.43
HTTP_REFERER: 
requested: array(3) {
  ["controller"] => string(12) "wp-login.php"
  ["action"] => string(5) "index"
  ["module"] => string(7) "default"
}


--------------------------------------------------------------------------------
2017-12-05T14:26:47+00:00 ERR (3) 404 Seite nicht gefunden
REMOTE_ADDR: 82.100.220.60
HTTP_REFERER: 
requested: array(3) {
  ["controller"] => string(8) "wp-admin"
  ["action"] => string(5) "index"
  ["module"] => string(7) "default"
}


--------------------------------------------------------------------------------
2017-12-05T14:26:55+00:00 ERR (3) 404 Seite nicht gefunden
REMOTE_ADDR: 138.97.23.91
HTTP_REFERER: 
requested: array(3) {
  ["controller"] => string(12) "wp-login.php"
  ["action"] => string(5) "index"
  ["module"] => string(7) "default"
}


--------------------------------------------------------------------------------
2017-12-05T14:40:44+00:00 ERR (3) 404 Seite nicht gefunden
REMOTE_ADDR: 111.118.247.146
HTTP_REFERER: 
requested: array(3) {
  ["controller"] => string(12) "wp-login.php"
  ["action"] => string(5) "index"
  ["module"] => string(7) "default"
}


--------------------------------------------------------------------------------
2017-12-05T14:44:42+00:00 ERR (3) 404 Seite nicht gefunden
REMOTE_ADDR: 178.71.122.67
HTTP_REFERER: 
requested: array(3) {
  ["controller"] => string(12) "wp-login.php"
  ["action"] => string(5) "index"
  ["module"] => string(7) "default"
}


--------------------------------------------------------------------------------
2017-12-05T14:45:17+00:00 ERR (3) 404 Seite nicht gefunden
REMOTE_ADDR: 200.72.158.225
HTTP_REFERER: 
requested: array(3) {
  ["controller"] => string(12) "wp-login.php"
  ["action"] => string(5) "index"
  ["module"] => string(7) "default"
}


--------------------------------------------------------------------------------
2017-12-05T14:46:37+00:00 ERR (3) 404 Seite nicht gefunden
REMOTE_ADDR: 185.103.173.100
HTTP_REFERER: 
requested: array(3) {
  ["controller"] => string(9) "wordpress"
  ["action"] => string(8) "wp-admin"
  ["module"] => string(7) "default"
}


--------------------------------------------------------------------------------
2017-12-05T14:56:24+00:00 ERR (3) 404 Seite nicht gefunden
REMOTE_ADDR: 64.71.32.13
HTTP_REFERER: 
requested: array(3) {
  ["controller"] => string(4) "blog"
  ["action"] => string(8) "wp-admin"
  ["module"] => string(7) "default"
}


--------------------------------------------------------------------------------
2017-12-05T15:16:22+00:00 ERR (3) 404 Seite nicht gefunden
REMOTE_ADDR: 23.21.144.29
HTTP_REFERER: 
requested: array(3) {
  ["controller"] => string(3) "old"
  ["action"] => string(8) "wp-admin"
  ["module"] => string(7) "default"
}


--------------------------------------------------------------------------------
2017-12-05T15:24:26+00:00 ERR (3) 404 Seite nicht gefunden
REMOTE_ADDR: 189.81.110.234
HTTP_REFERER: 
requested: array(3) {
  ["controller"] => string(12) "wp-login.php"
  ["action"] => string(5) "index"
  ["module"] => string(7) "default"
}


--------------------------------------------------------------------------------
2017-12-05T16:17:15+00:00 ERR (3) 404 Seite nicht gefunden
REMOTE_ADDR: 80.178.115.96
HTTP_REFERER: 
requested: array(3) {
  ["controller"] => string(12) "wp-login.php"
  ["action"] => string(5) "index"
  ["module"] => string(7) "default"
}


--------------------------------------------------------------------------------
2017-12-05T16:31:16+00:00 ERR (3) 404 Seite nicht gefunden
REMOTE_ADDR: 177.192.250.34
HTTP_REFERER: 
requested: array(3) {
  ["controller"] => string(12) "wp-login.php"
  ["action"] => string(5) "index"
  ["module"] => string(7) "default"
}


--------------------------------------------------------------------------------
2017-12-05T16:57:38+00:00 ERR (3) 404 Seite nicht gefunden
REMOTE_ADDR: 91.131.2.94
HTTP_REFERER: 
requested: array(3) {
  ["controller"] => string(12) "wp-login.php"
  ["action"] => string(5) "index"
  ["module"] => string(7) "default"
}


--------------------------------------------------------------------------------
2017-12-05T17:04:14+00:00 ERR (3) 404 Seite nicht gefunden
REMOTE_ADDR: 47.8.1.108
HTTP_REFERER: 
requested: array(3) {
  ["controller"] => string(12) "wp-login.php"
  ["action"] => string(5) "index"
  ["module"] => string(7) "default"
}


--------------------------------------------------------------------------------
2017-12-05T17:09:17+00:00 ERR (3) 404 Seite nicht gefunden
REMOTE_ADDR: 184.100.141.249
HTTP_REFERER: 
requested: array(3) {
  ["controller"] => string(12) "wp-login.php"
  ["action"] => string(5) "index"
  ["module"] => string(7) "default"
}


--------------------------------------------------------------------------------
2017-12-05T17:09:27+00:00 ERR (3) 404 Seite nicht gefunden
REMOTE_ADDR: 223.191.38.204
HTTP_REFERER: 
requested: array(3) {
  ["controller"] => string(12) "wp-login.php"
  ["action"] => string(5) "index"
  ["module"] => string(7) "default"
}


--------------------------------------------------------------------------------
2017-12-05T17:13:11+00:00 ERR (3) 404 Seite nicht gefunden
REMOTE_ADDR: 39.40.100.244
HTTP_REFERER: 
requested: array(3) {
  ["controller"] => string(12) "wp-login.php"
  ["action"] => string(5) "index"
  ["module"] => string(7) "default"
}


--------------------------------------------------------------------------------
2017-12-05T17:22:48+00:00 ERR (3) 404 Seite nicht gefunden
REMOTE_ADDR: 188.36.48.47
HTTP_REFERER: 
requested: array(3) {
  ["controller"] => string(12) "wp-login.php"
  ["action"] => string(5) "index"
  ["module"] => string(7) "default"
}


--------------------------------------------------------------------------------
2017-12-05T17:24:26+00:00 ERR (3) 404 Seite nicht gefunden
REMOTE_ADDR: 49.244.26.75
HTTP_REFERER: 
requested: array(3) {
  ["controller"] => string(12) "wp-login.php"
  ["action"] => string(5) "index"
  ["module"] => string(7) "default"
}


--------------------------------------------------------------------------------
2017-12-05T17:57:09+00:00 ERR (3) 404 Seite nicht gefunden
REMOTE_ADDR: 175.158.49.211
HTTP_REFERER: 
requested: array(3) {
  ["controller"] => string(12) "wp-login.php"
  ["action"] => string(5) "index"
  ["module"] => string(7) "default"
}


--------------------------------------------------------------------------------
2017-12-05T18:05:39+00:00 ERR (3) 404 Seite nicht gefunden
REMOTE_ADDR: 83.30.62.225
HTTP_REFERER: 
requested: array(3) {
  ["controller"] => string(12) "wp-login.php"
  ["action"] => string(5) "index"
  ["module"] => string(7) "default"
}


--------------------------------------------------------------------------------
2017-12-05T19:08:37+00:00 ERR (3) 404 Seite nicht gefunden
REMOTE_ADDR: 182.188.66.103
HTTP_REFERER: 
requested: array(3) {
  ["controller"] => string(12) "wp-login.php"
  ["action"] => string(5) "index"
  ["module"] => string(7) "default"
}


--------------------------------------------------------------------------------
2017-12-05T19:20:07+00:00 ERR (3) 404 Seite nicht gefunden
REMOTE_ADDR: 86.120.193.16
HTTP_REFERER: 
requested: array(3) {
  ["controller"] => string(12) "wp-login.php"
  ["action"] => string(5) "index"
  ["module"] => string(7) "default"
}


--------------------------------------------------------------------------------
2017-12-05T20:09:30+00:00 ERR (3) 404 Seite nicht gefunden
REMOTE_ADDR: 170.78.175.186
HTTP_REFERER: 
requested: array(3) {
  ["controller"] => string(12) "wp-login.php"
  ["action"] => string(5) "index"
  ["module"] => string(7) "default"
}


--------------------------------------------------------------------------------
2017-12-05T20:17:22+00:00 ERR (3) 404 Seite nicht gefunden
REMOTE_ADDR: 201.80.0.242
HTTP_REFERER: 
requested: array(3) {
  ["controller"] => string(12) "wp-login.php"
  ["action"] => string(5) "index"
  ["module"] => string(7) "default"
}


--------------------------------------------------------------------------------
2017-12-05T20:23:52+00:00 ERR (3) 404 Seite nicht gefunden
REMOTE_ADDR: 92.244.236.70
HTTP_REFERER: 
requested: array(3) {
  ["controller"] => string(12) "wp-login.php"
  ["action"] => string(5) "index"
  ["module"] => string(7) "default"
}


--------------------------------------------------------------------------------
2017-12-05T20:29:02+00:00 ERR (3) 404 "" was not found.
REMOTE_ADDR: 136.243.83.80
HTTP_REFERER: 
requested: array(5) {
  ["lang"] => string(2) "de"
  ["action"] => string(7) "archive"
  ["module"] => string(7) "default"
  ["controller"] => string(5) "index"
  ["key"] => string(0) ""
}


--------------------------------------------------------------------------------
2017-12-05T20:29:43+00:00 ERR (3) 404 "hire-lasse" was not found.
REMOTE_ADDR: 136.243.83.80
HTTP_REFERER: 
requested: array(5) {
  ["lang"] => string(2) "de"
  ["action"] => string(4) "page"
  ["key"] => string(10) "hire-lasse"
  ["module"] => string(7) "default"
  ["controller"] => string(5) "index"
}


--------------------------------------------------------------------------------
2017-12-05T20:33:43+00:00 ERR (3) 404 Seite nicht gefunden
REMOTE_ADDR: 178.23.220.25
HTTP_REFERER: 
requested: array(3) {
  ["controller"] => string(12) "wp-login.php"
  ["action"] => string(5) "index"
  ["module"] => string(7) "default"
}


--------------------------------------------------------------------------------
2017-12-05T20:34:04+00:00 ERR (3) 404 Seite nicht gefunden
REMOTE_ADDR: 109.230.2.169
HTTP_REFERER: 
requested: array(3) {
  ["controller"] => string(12) "wp-login.php"
  ["action"] => string(5) "index"
  ["module"] => string(7) "default"
}


--------------------------------------------------------------------------------
2017-12-05T21:12:34+00:00 ERR (3) 404 Seite nicht gefunden
REMOTE_ADDR: 83.179.235.89
HTTP_REFERER: 
requested: array(3) {
  ["controller"] => string(12) "wp-login.php"
  ["action"] => string(5) "index"
  ["module"] => string(7) "default"
}


--------------------------------------------------------------------------------
2017-12-05T21:25:26+00:00 ERR (3) 404 Seite nicht gefunden
REMOTE_ADDR: 151.56.145.130
HTTP_REFERER: 
requested: array(3) {
  ["controller"] => string(12) "wp-login.php"
  ["action"] => string(5) "index"
  ["module"] => string(7) "default"
}


--------------------------------------------------------------------------------
2017-12-05T22:32:05+00:00 ERR (3) 404 Seite nicht gefunden
REMOTE_ADDR: 51.235.72.213
HTTP_REFERER: 
requested: array(3) {
  ["controller"] => string(12) "wp-login.php"
  ["action"] => string(5) "index"
  ["module"] => string(7) "default"
}


--------------------------------------------------------------------------------
2017-12-05T22:36:28+00:00 ERR (3) 404 Seite nicht gefunden
REMOTE_ADDR: 86.45.13.85
HTTP_REFERER: 
requested: array(3) {
  ["controller"] => string(12) "wp-login.php"
  ["action"] => string(5) "index"
  ["module"] => string(7) "default"
}


--------------------------------------------------------------------------------
2017-12-05T22:42:31+00:00 ERR (3) 404 Seite nicht gefunden
REMOTE_ADDR: 181.54.148.198
HTTP_REFERER: 
requested: array(3) {
  ["controller"] => string(12) "wp-login.php"
  ["action"] => string(5) "index"
  ["module"] => string(7) "default"
}


--------------------------------------------------------------------------------
2017-12-05T22:47:25+00:00 ERR (3) 404 Seite nicht gefunden
REMOTE_ADDR: 109.60.235.112
HTTP_REFERER: 
requested: array(3) {
  ["controller"] => string(12) "wp-login.php"
  ["action"] => string(5) "index"
  ["module"] => string(7) "default"
}


--------------------------------------------------------------------------------
2017-12-05T23:31:43+00:00 ERR (3) 404 Seite nicht gefunden
REMOTE_ADDR: 108.196.208.142
HTTP_REFERER: 
requested: array(3) {
  ["controller"] => string(12) "wp-login.php"
  ["action"] => string(5) "index"
  ["module"] => string(7) "default"
}


--------------------------------------------------------------------------------
2017-12-05T23:57:57+00:00 ERR (3) 404 Seite nicht gefunden
REMOTE_ADDR: 24.130.200.106
HTTP_REFERER: 
requested: array(3) {
  ["controller"] => string(12) "wp-login.php"
  ["action"] => string(5) "index"
  ["module"] => string(7) "default"
}


--------------------------------------------------------------------------------
