2013-12-16T00:14:59+00:00 ERR (3) 404 Seite nicht gefunden
REMOTE_ADDR: 192.99.0.11
HTTP_REFERER: http://graphicore.de/forum/
requested: array(3) {
  ["controller"] => string(5) "forum"
  ["action"] => string(5) "index"
  ["module"] => string(7) "default"
}


--------------------------------------------------------------------------------
2013-12-16T00:35:38+00:00 ERR (3) 404 "hire-lasse" was not found.
REMOTE_ADDR: 217.69.133.67
HTTP_REFERER: 
requested: array(5) {
  ["lang"] => string(2) "en"
  ["action"] => string(4) "page"
  ["key"] => string(10) "hire-lasse"
  ["module"] => string(7) "default"
  ["controller"] => string(5) "index"
}


--------------------------------------------------------------------------------
2013-12-16T09:14:35+00:00 ERR (3) 404 "" was not found.
REMOTE_ADDR: 208.115.113.89
HTTP_REFERER: 
requested: array(5) {
  ["lang"] => string(2) "de"
  ["action"] => string(7) "archive"
  ["module"] => string(7) "default"
  ["controller"] => string(5) "index"
  ["key"] => string(0) ""
}


--------------------------------------------------------------------------------
2013-12-16T19:35:39+00:00 ERR (3) 404 "hire-lasse" was not found.
REMOTE_ADDR: 212.227.52.170
HTTP_REFERER: http://graphicore.de/en/feed/rss
requested: array(5) {
  ["lang"] => string(2) "en"
  ["action"] => string(4) "page"
  ["key"] => string(10) "hire-lasse"
  ["module"] => string(7) "default"
  ["controller"] => string(5) "index"
}


--------------------------------------------------------------------------------
2013-12-16T19:35:47+00:00 ERR (3) 404 "hire-lasse" was not found.
REMOTE_ADDR: 212.227.52.170
HTTP_REFERER: http://graphicore.de/de/feed/rss
requested: array(5) {
  ["lang"] => string(2) "de"
  ["action"] => string(4) "page"
  ["key"] => string(10) "hire-lasse"
  ["module"] => string(7) "default"
  ["controller"] => string(5) "index"
}


--------------------------------------------------------------------------------
