2021-03-23T00:06:44+00:00 ERR (3) 404 unkown Type requested
REMOTE_ADDR: 13.66.139.40
HTTP_REFERER: 
requested: array(5) {
  ["lang"] => string(2) "de"
  ["action"] => string(4) "feed"
  ["key"] => string(31) "stamp_schulze-delitzsch_big.png"
  ["module"] => string(7) "default"
  ["controller"] => string(5) "index"
}


--------------------------------------------------------------------------------
2021-03-23T00:21:42+00:00 ERR (3) 404 unkown Type requested
REMOTE_ADDR: 13.66.139.64
HTTP_REFERER: 
requested: array(5) {
  ["lang"] => string(2) "de"
  ["action"] => string(4) "feed"
  ["key"] => string(22) "typete_designmai05.png"
  ["module"] => string(7) "default"
  ["controller"] => string(5) "index"
}


--------------------------------------------------------------------------------
2021-03-23T01:10:36+00:00 ERR (3) 404 unkown Type requested
REMOTE_ADDR: 13.66.139.64
HTTP_REFERER: 
requested: array(5) {
  ["lang"] => string(2) "de"
  ["action"] => string(4) "feed"
  ["key"] => string(17) "abraum-poster.png"
  ["module"] => string(7) "default"
  ["controller"] => string(5) "index"
}


--------------------------------------------------------------------------------
2021-03-23T01:20:41+00:00 ERR (3) 404 unkown Type requested
REMOTE_ADDR: 13.66.139.40
HTTP_REFERER: 
requested: array(5) {
  ["lang"] => string(2) "de"
  ["action"] => string(4) "feed"
  ["key"] => string(22) "kulturlose-shot010.png"
  ["module"] => string(7) "default"
  ["controller"] => string(5) "index"
}


--------------------------------------------------------------------------------
2021-03-23T01:58:24+00:00 ERR (3) 404 unkown Type requested
REMOTE_ADDR: 13.66.139.40
HTTP_REFERER: 
requested: array(5) {
  ["lang"] => string(2) "de"
  ["action"] => string(4) "feed"
  ["key"] => string(22) "kulturlose-shot024.png"
  ["module"] => string(7) "default"
  ["controller"] => string(5) "index"
}


--------------------------------------------------------------------------------
2021-03-23T02:41:18+00:00 ERR (3) 404 unkown Type requested
REMOTE_ADDR: 13.66.139.103
HTTP_REFERER: 
requested: array(5) {
  ["lang"] => string(2) "de"
  ["action"] => string(4) "feed"
  ["key"] => string(22) "kulturlose-shot031.png"
  ["module"] => string(7) "default"
  ["controller"] => string(5) "index"
}


--------------------------------------------------------------------------------
2021-03-23T02:53:30+00:00 ERR (3) 404 "hire-lasse" was not found.
REMOTE_ADDR: 114.119.129.198
HTTP_REFERER: 
requested: array(5) {
  ["lang"] => string(2) "de"
  ["action"] => string(4) "page"
  ["key"] => string(10) "hire-lasse"
  ["module"] => string(7) "default"
  ["controller"] => string(5) "index"
}


--------------------------------------------------------------------------------
2021-03-23T02:54:20+00:00 ERR (3) 404 unkown Type requested
REMOTE_ADDR: 13.66.139.103
HTTP_REFERER: 
requested: array(5) {
  ["lang"] => string(2) "de"
  ["action"] => string(4) "feed"
  ["key"] => string(20) "kulturlose-cover.png"
  ["module"] => string(7) "default"
  ["controller"] => string(5) "index"
}


--------------------------------------------------------------------------------
2021-03-23T03:18:12+00:00 ERR (3) 404 unkown Type requested
REMOTE_ADDR: 13.66.139.40
HTTP_REFERER: 
requested: array(5) {
  ["lang"] => string(2) "de"
  ["action"] => string(4) "feed"
  ["key"] => string(16) "typete-klein.png"
  ["module"] => string(7) "default"
  ["controller"] => string(5) "index"
}


--------------------------------------------------------------------------------
2021-03-23T04:57:10+00:00 ERR (3) 404 unkown Type requested
REMOTE_ADDR: 13.66.139.103
HTTP_REFERER: 
requested: array(5) {
  ["lang"] => string(2) "de"
  ["action"] => string(4) "feed"
  ["key"] => string(22) "kulturlose-shot013.png"
  ["module"] => string(7) "default"
  ["controller"] => string(5) "index"
}


--------------------------------------------------------------------------------
2021-03-23T05:07:21+00:00 ERR (3) 404 unkown Type requested
REMOTE_ADDR: 13.66.139.106
HTTP_REFERER: 
requested: array(5) {
  ["lang"] => string(2) "de"
  ["action"] => string(4) "feed"
  ["key"] => string(26) "toytoytoys_myLin_klein.png"
  ["module"] => string(7) "default"
  ["controller"] => string(5) "index"
}


--------------------------------------------------------------------------------
2021-03-23T05:35:05+00:00 ERR (3) 404 unkown Type requested
REMOTE_ADDR: 13.66.139.103
HTTP_REFERER: 
requested: array(6) {
  ["lang"] => string(2) "de"
  ["action"] => string(4) "feed"
  ["key"] => string(21) "commons.wikimedia.org"
  ["wiki"] => string(16) "File:Muskrat.jpg"
  ["module"] => string(7) "default"
  ["controller"] => string(5) "index"
}


--------------------------------------------------------------------------------
2021-03-23T06:58:38+00:00 ERR (3) 404 unkown Type requested
REMOTE_ADDR: 13.66.139.106
HTTP_REFERER: 
requested: array(5) {
  ["lang"] => string(2) "de"
  ["action"] => string(4) "feed"
  ["key"] => string(8) "Blei.png"
  ["module"] => string(7) "default"
  ["controller"] => string(5) "index"
}


--------------------------------------------------------------------------------
2021-03-23T08:14:44+00:00 ERR (3) 404 unkown Type requested
REMOTE_ADDR: 13.66.139.106
HTTP_REFERER: 
requested: array(5) {
  ["lang"] => string(2) "de"
  ["action"] => string(4) "feed"
  ["key"] => string(22) "kulturlose-shot012.png"
  ["module"] => string(7) "default"
  ["controller"] => string(5) "index"
}


--------------------------------------------------------------------------------
2021-03-23T09:14:05+00:00 ERR (3) 404 unkown Type requested
REMOTE_ADDR: 13.66.139.10
HTTP_REFERER: 
requested: array(5) {
  ["lang"] => string(2) "de"
  ["action"] => string(4) "feed"
  ["key"] => string(22) "kulturlose-shot023.png"
  ["module"] => string(7) "default"
  ["controller"] => string(5) "index"
}


--------------------------------------------------------------------------------
2021-03-23T10:59:05+00:00 ERR (3) 404 unkown Type requested
REMOTE_ADDR: 13.66.139.103
HTTP_REFERER: 
requested: array(5) {
  ["lang"] => string(2) "de"
  ["action"] => string(4) "feed"
  ["key"] => string(20) "abraum-catalog_3.png"
  ["module"] => string(7) "default"
  ["controller"] => string(5) "index"
}


--------------------------------------------------------------------------------
2021-03-23T11:52:45+00:00 ERR (3) 404 unkown Type requested
REMOTE_ADDR: 13.66.139.106
HTTP_REFERER: 
requested: array(5) {
  ["lang"] => string(2) "de"
  ["action"] => string(4) "feed"
  ["key"] => string(22) "kulturlose-shot003.png"
  ["module"] => string(7) "default"
  ["controller"] => string(5) "index"
}


--------------------------------------------------------------------------------
2021-03-23T12:57:56+00:00 ERR (3) 404 unkown Type requested
REMOTE_ADDR: 13.66.139.103
HTTP_REFERER: 
requested: array(5) {
  ["lang"] => string(2) "de"
  ["action"] => string(4) "feed"
  ["key"] => string(33) "stamp_schulze-delitzsch_small.png"
  ["module"] => string(7) "default"
  ["controller"] => string(5) "index"
}


--------------------------------------------------------------------------------
2021-03-23T13:07:38+00:00 ERR (3) 404 unkown Type requested
REMOTE_ADDR: 13.66.139.103
HTTP_REFERER: 
requested: array(5) {
  ["lang"] => string(2) "en"
  ["action"] => string(4) "feed"
  ["key"] => string(22) "kulturlose-shot005.png"
  ["module"] => string(7) "default"
  ["controller"] => string(5) "index"
}


--------------------------------------------------------------------------------
2021-03-23T17:39:47+00:00 ERR (3) 404 "competences" was not found.
REMOTE_ADDR: 154.54.249.16
HTTP_REFERER: 
requested: array(5) {
  ["lang"] => string(2) "de"
  ["action"] => string(4) "page"
  ["key"] => string(11) "competences"
  ["module"] => string(7) "default"
  ["controller"] => string(5) "index"
}


--------------------------------------------------------------------------------
2021-03-23T20:18:58+00:00 ERR (3) 404 unkown Type requested
REMOTE_ADDR: 13.66.139.106
HTTP_REFERER: 
requested: array(5) {
  ["lang"] => string(2) "de"
  ["action"] => string(4) "feed"
  ["key"] => string(17) "abraum-poster.png"
  ["module"] => string(7) "default"
  ["controller"] => string(5) "index"
}


--------------------------------------------------------------------------------
2021-03-23T21:09:53+00:00 ERR (3) 404 "hire-lasse" was not found.
REMOTE_ADDR: 95.216.96.170
HTTP_REFERER: http://graphicore.de/de/feed/rss
requested: array(5) {
  ["lang"] => string(2) "de"
  ["action"] => string(4) "page"
  ["key"] => string(10) "hire-lasse"
  ["module"] => string(7) "default"
  ["controller"] => string(5) "index"
}


--------------------------------------------------------------------------------
2021-03-23T22:49:33+00:00 ERR (3) 404 unkown Type requested
REMOTE_ADDR: 13.66.139.10
HTTP_REFERER: 
requested: array(5) {
  ["lang"] => string(2) "de"
  ["action"] => string(4) "feed"
  ["key"] => string(22) "kulturlose-shot010.png"
  ["module"] => string(7) "default"
  ["controller"] => string(5) "index"
}


--------------------------------------------------------------------------------
