2016-10-04T00:54:51+00:00 ERR (3) 404 Seite nicht gefunden
REMOTE_ADDR: 37.72.186.76
HTTP_REFERER: 
requested: array(3) {
  ["controller"] => string(5) "admin"
  ["action"] => string(5) "index"
  ["module"] => string(7) "default"
}


--------------------------------------------------------------------------------
2016-10-04T00:54:51+00:00 ERR (3) 404 Seite nicht gefunden
REMOTE_ADDR: 37.72.186.76
HTTP_REFERER: 
requested: array(3) {
  ["controller"] => string(8) "wp-admin"
  ["action"] => string(5) "index"
  ["module"] => string(7) "default"
}


--------------------------------------------------------------------------------
2016-10-04T00:54:52+00:00 ERR (3) 404 Seite nicht gefunden
REMOTE_ADDR: 37.72.186.76
HTTP_REFERER: 
requested: array(3) {
  ["controller"] => string(13) "administrator"
  ["action"] => string(5) "index"
  ["module"] => string(7) "default"
}


--------------------------------------------------------------------------------
2016-10-04T02:16:51+00:00 ERR (3) 404 Seite nicht gefunden
REMOTE_ADDR: 84.51.79.187
HTTP_REFERER: 
requested: array(3) {
  ["controller"] => string(4) "blog"
  ["action"] => string(10) "robots.txt"
  ["module"] => string(7) "default"
}


--------------------------------------------------------------------------------
2016-10-04T02:16:51+00:00 ERR (3) 404 Seite nicht gefunden
REMOTE_ADDR: 84.51.79.187
HTTP_REFERER: 
requested: array(3) {
  ["controller"] => string(4) "blog"
  ["action"] => string(5) "index"
  ["module"] => string(7) "default"
}


--------------------------------------------------------------------------------
2016-10-04T02:16:51+00:00 ERR (3) 404 Seite nicht gefunden
REMOTE_ADDR: 84.51.79.187
HTTP_REFERER: 
requested: array(3) {
  ["controller"] => string(9) "wordpress"
  ["action"] => string(5) "index"
  ["module"] => string(7) "default"
}


--------------------------------------------------------------------------------
2016-10-04T02:16:51+00:00 ERR (3) 404 Seite nicht gefunden
REMOTE_ADDR: 84.51.79.187
HTTP_REFERER: 
requested: array(3) {
  ["controller"] => string(2) "wp"
  ["action"] => string(5) "index"
  ["module"] => string(7) "default"
}


--------------------------------------------------------------------------------
2016-10-04T03:59:17+00:00 ERR (3) 404 Seite nicht gefunden
REMOTE_ADDR: 62.210.162.219
HTTP_REFERER: 
requested: array(4) {
  ["controller"] => string(10) "wp-content"
  ["action"] => string(7) "plugins"
  ["genesis-simple-defaults"] => string(10) "readme.txt"
  ["module"] => string(7) "default"
}


--------------------------------------------------------------------------------
2016-10-04T05:05:45+00:00 ERR (3) 404 "hire-lasse" was not found.
REMOTE_ADDR: 157.55.39.73
HTTP_REFERER: 
requested: array(5) {
  ["lang"] => string(2) "de"
  ["action"] => string(4) "page"
  ["key"] => string(10) "hire-lasse"
  ["module"] => string(7) "default"
  ["controller"] => string(5) "index"
}


--------------------------------------------------------------------------------
2016-10-04T05:10:29+00:00 ERR (3) 404 Seite nicht gefunden
REMOTE_ADDR: 62.210.247.14
HTTP_REFERER: 
requested: array(8) {
  ["controller"] => string(5) "forum"
  ["action"] => string(13) "viewtopic.php"
  ["module"] => string(7) "default"
  ["t"] => string(2) "13"
  ["start"] => string(1) "0"
  ["postdays"] => string(1) "0"
  ["postorder"] => string(3) "asc"
  ["highlight"] => string(0) ""
}


--------------------------------------------------------------------------------
2016-10-04T05:26:48+00:00 ERR (3) 404 Seite nicht gefunden
REMOTE_ADDR: 70.35.200.147
HTTP_REFERER: 
requested: array(4) {
  ["controller"] => string(6) "https:"
  [""] => string(19) "silber-und-blei.com"
  ["action"] => string(5) "index"
  ["module"] => string(7) "default"
}


--------------------------------------------------------------------------------
2016-10-04T05:26:49+00:00 ERR (3) 404 Seite nicht gefunden
REMOTE_ADDR: 70.35.200.147
HTTP_REFERER: 
requested: array(3) {
  ["controller"] => string(2) "js"
  ["action"] => string(1) "'"
  ["module"] => string(7) "default"
}


--------------------------------------------------------------------------------
2016-10-04T06:00:22+00:00 ERR (3) 404 Seite nicht gefunden
REMOTE_ADDR: 66.249.76.51
HTTP_REFERER: 
requested: array(3) {
  ["controller"] => string(26) "apple-app-site-association"
  ["action"] => string(5) "index"
  ["module"] => string(7) "default"
}


--------------------------------------------------------------------------------
2016-10-04T06:51:01+00:00 ERR (3) 404 Seite nicht gefunden
REMOTE_ADDR: 62.210.148.87
HTTP_REFERER: 
requested: array(3) {
  ["controller"] => string(11) "wp-includes"
  ["action"] => string(10) "insmod.php"
  ["module"] => string(7) "default"
}


--------------------------------------------------------------------------------
2016-10-04T06:51:01+00:00 ERR (3) 404 Seite nicht gefunden
REMOTE_ADDR: 62.210.148.87
HTTP_REFERER: 
requested: array(3) {
  ["controller"] => string(11) "wp-includes"
  ["action"] => string(10) "insmod.php"
  ["module"] => string(7) "default"
}


--------------------------------------------------------------------------------
2016-10-04T07:49:41+00:00 ERR (3) 404 Seite nicht gefunden
REMOTE_ADDR: 66.249.76.51
HTTP_REFERER: 
requested: array(3) {
  ["controller"] => string(26) "apple-app-site-association"
  ["action"] => string(5) "index"
  ["module"] => string(7) "default"
}


--------------------------------------------------------------------------------
2016-10-04T07:51:47+00:00 ERR (3) 404 Seite nicht gefunden
REMOTE_ADDR: 66.249.75.61
HTTP_REFERER: 
requested: array(3) {
  ["controller"] => string(11) ".well-known"
  ["action"] => string(26) "apple-app-site-association"
  ["module"] => string(7) "default"
}


--------------------------------------------------------------------------------
2016-10-04T07:54:17+00:00 ERR (3) 404 Seite nicht gefunden
REMOTE_ADDR: 66.249.75.1
HTTP_REFERER: 
requested: array(3) {
  ["controller"] => string(11) ".well-known"
  ["action"] => string(15) "assetlinks.json"
  ["module"] => string(7) "default"
}


--------------------------------------------------------------------------------
2016-10-04T10:36:27+00:00 ERR (3) 404 Seite nicht gefunden
REMOTE_ADDR: 69.30.198.178
HTTP_REFERER: 
requested: array(3) {
  ["controller"] => string(5) "diary"
  ["action"] => string(4) "atom"
  ["module"] => string(7) "default"
}


--------------------------------------------------------------------------------
2016-10-04T10:56:27+00:00 ERR (3) 404 Seite nicht gefunden
REMOTE_ADDR: 62.210.181.123
HTTP_REFERER: 
requested: array(4) {
  ["controller"] => string(10) "wp-content"
  ["action"] => string(7) "plugins"
  ["woocommerce-product-addon"] => string(10) "readme.txt"
  ["module"] => string(7) "default"
}


--------------------------------------------------------------------------------
2016-10-04T12:05:06+00:00 ERR (3) 404 "2010-09-27_turbo_art_collectiveAnne" was not found.
REMOTE_ADDR: 66.249.76.52
HTTP_REFERER: 
requested: array(5) {
  ["lang"] => string(2) "en"
  ["action"] => string(7) "archive"
  ["key"] => string(35) "2010-09-27_turbo_art_collectiveAnne"
  ["module"] => string(7) "default"
  ["controller"] => string(5) "index"
}


--------------------------------------------------------------------------------
2016-10-04T12:52:12+00:00 ERR (3) 404 "2010-09-27_a_stamp_chanceof" was not found.
REMOTE_ADDR: 66.249.76.51
HTTP_REFERER: 
requested: array(5) {
  ["lang"] => string(2) "en"
  ["action"] => string(7) "archive"
  ["key"] => string(27) "2010-09-27_a_stamp_chanceof"
  ["module"] => string(7) "default"
  ["controller"] => string(5) "index"
}


--------------------------------------------------------------------------------
2016-10-04T23:21:54+00:00 ERR (3) 404 "hire-lasse" was not found.
REMOTE_ADDR: 144.76.4.148
HTTP_REFERER: 
requested: array(5) {
  ["lang"] => string(2) "de"
  ["action"] => string(4) "page"
  ["key"] => string(10) "hire-lasse"
  ["module"] => string(7) "default"
  ["controller"] => string(5) "index"
}


--------------------------------------------------------------------------------
