2015-07-02T06:00:52+00:00 ERR (3) 404 Page not found
REMOTE_ADDR: 46.235.69.205
HTTP_REFERER: http://www.graphicore.de/
requested: array(3) {
  ["controller"] => string(5) "forum"
  ["action"] => string(5) "index"
  ["module"] => string(7) "default"
}


--------------------------------------------------------------------------------
2015-07-02T10:59:31+00:00 ERR (3) 404 Seite nicht gefunden
REMOTE_ADDR: 31.184.238.51
HTTP_REFERER: http://graphicore.de/forum/
requested: array(3) {
  ["controller"] => string(5) "forum"
  ["action"] => string(5) "index"
  ["module"] => string(7) "default"
}


--------------------------------------------------------------------------------
2015-07-02T21:18:46+00:00 ERR (3) 404 Seite nicht gefunden
REMOTE_ADDR: 175.142.183.223
HTTP_REFERER: 
requested: array(4) {
  ["controller"] => string(6) "https:"
  [""] => string(19) "silber-und-blei.com"
  ["action"] => string(5) "index"
  ["module"] => string(7) "default"
}


--------------------------------------------------------------------------------
2015-07-02T21:18:50+00:00 ERR (3) 404 Seite nicht gefunden
REMOTE_ADDR: 175.142.183.223
HTTP_REFERER: 
requested: array(3) {
  ["controller"] => string(2) "js"
  ["action"] => string(1) "'"
  ["module"] => string(7) "default"
}


--------------------------------------------------------------------------------
