2011-07-22T00:21:50+00:00 ERR (3) 404 Seite nicht gefunden
REMOTE_ADDR: 92.82.226.160
HTTP_REFERER: 
requested: array(3) {
  ["controller"] => string(10) "javascript"
  ["action"] => string(1) "'"
  ["module"] => string(7) "default"
}


--------------------------------------------------------------------------------
2011-07-22T00:41:34+00:00 ERR (3) 404 Seite nicht gefunden
REMOTE_ADDR: 66.249.72.233
HTTP_REFERER: 
requested: array(5) {
  ["controller"] => string(5) "forum"
  ["action"] => string(13) "viewtopic.php"
  ["module"] => string(7) "default"
  ["p"] => string(2) "29"
  ["sid"] => string(32) "0f9df61b9fce347ce8bf3bdcfc61d6ef"
}


--------------------------------------------------------------------------------
2011-07-22T00:54:31+00:00 ERR (3) 404 Seite nicht gefunden
REMOTE_ADDR: 66.249.72.233
HTTP_REFERER: 
requested: array(5) {
  ["controller"] => string(5) "forum"
  ["action"] => string(13) "viewtopic.php"
  ["module"] => string(7) "default"
  ["p"] => string(2) "30"
  ["sid"] => string(32) "0f9df61b9fce347ce8bf3bdcfc61d6ef"
}


--------------------------------------------------------------------------------
2011-07-22T04:58:19+00:00 ERR (3) 404 Seite nicht gefunden
REMOTE_ADDR: 66.249.72.233
HTTP_REFERER: 
requested: array(5) {
  ["controller"] => string(5) "forum"
  ["action"] => string(13) "viewtopic.php"
  ["module"] => string(7) "default"
  ["p"] => string(2) "64"
  ["sid"] => string(32) "08ca98758a6450b72493d03c986b46a8"
}


--------------------------------------------------------------------------------
2011-07-22T05:00:15+00:00 ERR (3) 404 Seite nicht gefunden
REMOTE_ADDR: 83.59.169.48
HTTP_REFERER: 
requested: array(3) {
  ["controller"] => string(10) "javascript"
  ["action"] => string(1) "'"
  ["module"] => string(7) "default"
}


--------------------------------------------------------------------------------
2011-07-22T07:05:00+00:00 ERR (3) 404 Seite nicht gefunden
REMOTE_ADDR: 66.249.72.233
HTTP_REFERER: 
requested: array(5) {
  ["controller"] => string(5) "forum"
  ["action"] => string(13) "viewtopic.php"
  ["module"] => string(7) "default"
  ["p"] => string(2) "31"
  ["sid"] => string(32) "ce512cecd93a5e5083d401f1ee6c867c"
}


--------------------------------------------------------------------------------
2011-07-22T07:09:55+00:00 ERR (3) 404 Seite nicht gefunden
REMOTE_ADDR: 66.249.72.233
HTTP_REFERER: 
requested: array(5) {
  ["controller"] => string(5) "forum"
  ["action"] => string(13) "viewtopic.php"
  ["module"] => string(7) "default"
  ["p"] => string(2) "32"
  ["sid"] => string(32) "0f9df61b9fce347ce8bf3bdcfc61d6ef"
}


--------------------------------------------------------------------------------
2011-07-22T10:44:55+00:00 ERR (3) 404 Seite nicht gefunden
REMOTE_ADDR: 66.249.72.233
HTTP_REFERER: 
requested: array(5) {
  ["controller"] => string(5) "forum"
  ["action"] => string(13) "viewtopic.php"
  ["module"] => string(7) "default"
  ["p"] => string(2) "71"
  ["sid"] => string(32) "08ca98758a6450b72493d03c986b46a8"
}


--------------------------------------------------------------------------------
2011-07-22T13:18:32+00:00 ERR (3) 404 Seite nicht gefunden
REMOTE_ADDR: 66.249.72.233
HTTP_REFERER: 
requested: array(5) {
  ["controller"] => string(5) "forum"
  ["action"] => string(13) "viewtopic.php"
  ["module"] => string(7) "default"
  ["p"] => string(2) "46"
  ["sid"] => string(32) "52d3d81f24cd5ee6b4902d93ec794434"
}


--------------------------------------------------------------------------------
2011-07-22T13:42:02+00:00 ERR (3) 404 Seite nicht gefunden
REMOTE_ADDR: 62.195.190.45
HTTP_REFERER: 
requested: array(3) {
  ["controller"] => string(10) "javascript"
  ["action"] => string(1) "'"
  ["module"] => string(7) "default"
}


--------------------------------------------------------------------------------
2011-07-22T16:07:34+00:00 ERR (3) 404 Seite nicht gefunden
REMOTE_ADDR: 66.249.72.233
HTTP_REFERER: 
requested: array(5) {
  ["controller"] => string(5) "forum"
  ["action"] => string(13) "viewtopic.php"
  ["module"] => string(7) "default"
  ["p"] => string(2) "48"
  ["sid"] => string(32) "52d3d81f24cd5ee6b4902d93ec794434"
}


--------------------------------------------------------------------------------
2011-07-22T18:02:20+00:00 ERR (3) 404 Seite nicht gefunden
REMOTE_ADDR: 87.217.66.86
HTTP_REFERER: 
requested: array(3) {
  ["controller"] => string(10) "javascript"
  ["action"] => string(1) "'"
  ["module"] => string(7) "default"
}


--------------------------------------------------------------------------------
2011-07-22T18:16:53+00:00 ERR (3) 404 Seite nicht gefunden
REMOTE_ADDR: 66.249.72.233
HTTP_REFERER: 
requested: array(5) {
  ["controller"] => string(5) "forum"
  ["action"] => string(13) "viewtopic.php"
  ["module"] => string(7) "default"
  ["p"] => string(2) "77"
  ["sid"] => string(32) "08ca98758a6450b72493d03c986b46a8"
}


--------------------------------------------------------------------------------
2011-07-22T18:19:06+00:00 ERR (3) 404 "en" was not found.
REMOTE_ADDR: 208.115.111.74
HTTP_REFERER: 
requested: array(5) {
  ["lang"] => string(2) "en"
  ["action"] => string(7) "archive"
  ["key"] => string(2) "en"
  ["module"] => string(7) "default"
  ["controller"] => string(5) "index"
}


--------------------------------------------------------------------------------
2011-07-22T20:53:17+00:00 ERR (3) 404 Seite nicht gefunden
REMOTE_ADDR: 195.162.68.246
HTTP_REFERER: http://graphicore.de/forum/index.php
requested: array(3) {
  ["controller"] => string(5) "forum"
  ["action"] => string(9) "index.php"
  ["module"] => string(7) "default"
}


--------------------------------------------------------------------------------
2011-07-22T22:07:54+00:00 ERR (3) 404 Seite nicht gefunden
REMOTE_ADDR: 61.153.4.134
HTTP_REFERER: http://graphicore.de/forum/index.php
requested: array(3) {
  ["controller"] => string(5) "forum"
  ["action"] => string(9) "index.php"
  ["module"] => string(7) "default"
}


--------------------------------------------------------------------------------
2011-07-22T22:35:06+00:00 ERR (3) 404 Seite nicht gefunden
REMOTE_ADDR: 77.208.97.210
HTTP_REFERER: 
requested: array(3) {
  ["controller"] => string(10) "javascript"
  ["action"] => string(24) "%27%20+%20href%20+%20%27"
  ["module"] => string(7) "default"
}


--------------------------------------------------------------------------------
2011-07-22T23:10:16+00:00 ERR (3) 404 Seite nicht gefunden
REMOTE_ADDR: 66.249.72.233
HTTP_REFERER: 
requested: array(5) {
  ["controller"] => string(5) "forum"
  ["action"] => string(13) "viewtopic.php"
  ["module"] => string(7) "default"
  ["p"] => string(2) "80"
  ["sid"] => string(32) "08ca98758a6450b72493d03c986b46a8"
}


--------------------------------------------------------------------------------
