2015-12-04T01:35:55+00:00 ERR (3) 404 "hire-lasse" was not found.
REMOTE_ADDR: 62.138.0.25
HTTP_REFERER: 
requested: array(5) {
  ["lang"] => string(2) "en"
  ["action"] => string(4) "page"
  ["key"] => string(10) "hire-lasse"
  ["module"] => string(7) "default"
  ["controller"] => string(5) "index"
}


--------------------------------------------------------------------------------
2015-12-04T03:21:25+00:00 ERR (3) 404 Seite nicht gefunden
REMOTE_ADDR: 115.235.168.125
HTTP_REFERER: 
requested: array(3) {
  ["controller"] => string(14) "lxikg84569.txt"
  ["action"] => string(5) "index"
  ["module"] => string(7) "default"
}


--------------------------------------------------------------------------------
2015-12-04T03:21:35+00:00 ERR (3) 404 Seite nicht gefunden
REMOTE_ADDR: 115.235.168.125
HTTP_REFERER: http://graphicore.de/plus/mytag_js.php
requested: array(3) {
  ["controller"] => string(4) "plus"
  ["action"] => string(12) "mytag_js.php"
  ["module"] => string(7) "default"
}


--------------------------------------------------------------------------------
2015-12-04T03:21:36+00:00 ERR (3) 404 Seite nicht gefunden
REMOTE_ADDR: 115.235.168.125
HTTP_REFERER: 
requested: array(5) {
  ["controller"] => string(7) "utility"
  ["action"] => string(7) "convert"
  ["module"] => string(7) "default"
  ["a"] => string(6) "config"
  ["source"] => string(9) "d7.2_x2.0"
}


--------------------------------------------------------------------------------
2015-12-04T03:21:36+00:00 ERR (3) 404 Seite nicht gefunden
REMOTE_ADDR: 115.235.168.125
HTTP_REFERER: 
requested: array(5) {
  ["controller"] => string(7) "convert"
  ["action"] => string(9) "index.php"
  ["module"] => string(7) "default"
  ["a"] => string(6) "config"
  ["source"] => string(9) "d7.2_x2.0"
}


--------------------------------------------------------------------------------
2015-12-04T03:21:37+00:00 ERR (3) 404 Seite nicht gefunden
REMOTE_ADDR: 115.235.168.125
HTTP_REFERER: 
requested: array(6) {
  ["controller"] => string(3) "bbs"
  ["action"] => string(7) "utility"
  ["convert"] => string(9) "index.php"
  ["module"] => string(7) "default"
  ["a"] => string(6) "config"
  ["source"] => string(9) "d7.2_x2.0"
}


--------------------------------------------------------------------------------
2015-12-04T03:21:37+00:00 ERR (3) 404 Seite nicht gefunden
REMOTE_ADDR: 115.235.168.125
HTTP_REFERER: 
requested: array(5) {
  ["controller"] => string(3) "bbs"
  ["action"] => string(7) "convert"
  ["module"] => string(7) "default"
  ["a"] => string(6) "config"
  ["source"] => string(9) "d7.2_x2.0"
}


--------------------------------------------------------------------------------
2015-12-04T03:21:38+00:00 ERR (3) 404 Seite nicht gefunden
REMOTE_ADDR: 115.235.168.125
HTTP_REFERER: 
requested: array(5) {
  ["controller"] => string(9) "FCKeditor"
  ["action"] => string(6) "editor"
  ["filemanager"] => string(10) "connectors"
  ["aspx"] => string(14) "connector.aspx"
  ["module"] => string(7) "default"
}


--------------------------------------------------------------------------------
2015-12-04T03:21:39+00:00 ERR (3) 404 Seite nicht gefunden
REMOTE_ADDR: 115.235.168.125
HTTP_REFERER: 
requested: array(6) {
  ["controller"] => string(9) "FCKeditor"
  ["action"] => string(6) "editor"
  ["filemanager"] => string(7) "browser"
  ["default"] => string(10) "connectors"
  ["aspx"] => string(14) "connector.aspx"
  ["module"] => string(7) "default"
}


--------------------------------------------------------------------------------
2015-12-04T03:21:39+00:00 ERR (3) 404 Seite nicht gefunden
REMOTE_ADDR: 115.235.168.125
HTTP_REFERER: 
requested: array(5) {
  ["controller"] => string(9) "FCKeditor"
  ["action"] => string(6) "editor"
  ["filemanager"] => string(10) "connectors"
  ["php"] => string(13) "connector.php"
  ["module"] => string(7) "default"
}


--------------------------------------------------------------------------------
2015-12-04T03:21:40+00:00 ERR (3) 404 Seite nicht gefunden
REMOTE_ADDR: 115.235.168.125
HTTP_REFERER: 
requested: array(6) {
  ["controller"] => string(9) "FCKeditor"
  ["action"] => string(6) "editor"
  ["filemanager"] => string(7) "browser"
  ["default"] => string(10) "connectors"
  ["php"] => string(13) "connector.php"
  ["module"] => string(7) "default"
}


--------------------------------------------------------------------------------
2015-12-04T03:21:41+00:00 ERR (3) 404 Seite nicht gefunden
REMOTE_ADDR: 115.235.168.125
HTTP_REFERER: 
requested: array(6) {
  ["controller"] => string(9) "FCKeditor"
  ["action"] => string(6) "editor"
  ["filemanager"] => string(7) "browser"
  ["default"] => string(10) "connectors"
  ["asp"] => string(13) "connector.asp"
  ["module"] => string(7) "default"
}


--------------------------------------------------------------------------------
2015-12-04T03:21:42+00:00 ERR (3) 404 Seite nicht gefunden
REMOTE_ADDR: 115.235.168.125
HTTP_REFERER: 
requested: array(5) {
  ["controller"] => string(9) "FCKeditor"
  ["action"] => string(6) "editor"
  ["filemanager"] => string(10) "connectors"
  ["asp"] => string(13) "connector.asp"
  ["module"] => string(7) "default"
}


--------------------------------------------------------------------------------
2015-12-04T03:21:43+00:00 ERR (3) 404 Seite nicht gefunden
REMOTE_ADDR: 115.235.168.125
HTTP_REFERER: 
requested: array(5) {
  ["controller"] => string(5) "admin"
  ["action"] => string(9) "FCKeditor"
  ["editor"] => string(11) "filemanager"
  ["connectors"] => string(4) "aspx"
  ["module"] => string(7) "default"
}


--------------------------------------------------------------------------------
2015-12-04T03:21:47+00:00 ERR (3) 404 Seite nicht gefunden
REMOTE_ADDR: 115.235.168.125
HTTP_REFERER: 
requested: array(5) {
  ["controller"] => string(5) "admin"
  ["action"] => string(9) "FCKeditor"
  ["editor"] => string(11) "filemanager"
  ["connectors"] => string(3) "php"
  ["module"] => string(7) "default"
}


--------------------------------------------------------------------------------
2015-12-04T03:21:47+00:00 ERR (3) 404 Seite nicht gefunden
REMOTE_ADDR: 115.235.168.125
HTTP_REFERER: 
requested: array(6) {
  ["controller"] => string(5) "admin"
  ["action"] => string(9) "FCKeditor"
  ["editor"] => string(11) "filemanager"
  ["browser"] => string(7) "default"
  ["connectors"] => string(3) "php"
  ["module"] => string(7) "default"
}


--------------------------------------------------------------------------------
2015-12-04T03:21:48+00:00 ERR (3) 404 Seite nicht gefunden
REMOTE_ADDR: 115.235.168.125
HTTP_REFERER: 
requested: array(6) {
  ["controller"] => string(5) "admin"
  ["action"] => string(9) "FCKeditor"
  ["editor"] => string(11) "filemanager"
  ["browser"] => string(7) "default"
  ["connectors"] => string(3) "asp"
  ["module"] => string(7) "default"
}


--------------------------------------------------------------------------------
2015-12-04T03:21:49+00:00 ERR (3) 404 Seite nicht gefunden
REMOTE_ADDR: 115.235.168.125
HTTP_REFERER: 
requested: array(5) {
  ["controller"] => string(5) "admin"
  ["action"] => string(9) "FCKeditor"
  ["editor"] => string(11) "filemanager"
  ["connectors"] => string(3) "asp"
  ["module"] => string(7) "default"
}


--------------------------------------------------------------------------------
2015-12-04T03:21:49+00:00 ERR (3) 404 Seite nicht gefunden
REMOTE_ADDR: 115.235.168.125
HTTP_REFERER: 
requested: array(5) {
  ["controller"] => string(6) "editor"
  ["action"] => string(6) "editor"
  ["filemanager"] => string(10) "connectors"
  ["aspx"] => string(14) "connector.aspx"
  ["module"] => string(7) "default"
}


--------------------------------------------------------------------------------
2015-12-04T03:21:50+00:00 ERR (3) 404 Seite nicht gefunden
REMOTE_ADDR: 115.235.168.125
HTTP_REFERER: 
requested: array(6) {
  ["controller"] => string(6) "editor"
  ["action"] => string(6) "editor"
  ["filemanager"] => string(7) "browser"
  ["default"] => string(10) "connectors"
  ["aspx"] => string(14) "connector.aspx"
  ["module"] => string(7) "default"
}


--------------------------------------------------------------------------------
2015-12-04T03:21:50+00:00 ERR (3) 404 Seite nicht gefunden
REMOTE_ADDR: 115.235.168.125
HTTP_REFERER: 
requested: array(5) {
  ["controller"] => string(6) "editor"
  ["action"] => string(6) "editor"
  ["filemanager"] => string(10) "connectors"
  ["php"] => string(13) "connector.php"
  ["module"] => string(7) "default"
}


--------------------------------------------------------------------------------
2015-12-04T03:21:50+00:00 ERR (3) 404 Seite nicht gefunden
REMOTE_ADDR: 115.235.168.125
HTTP_REFERER: 
requested: array(6) {
  ["controller"] => string(6) "editor"
  ["action"] => string(6) "editor"
  ["filemanager"] => string(7) "browser"
  ["default"] => string(10) "connectors"
  ["php"] => string(13) "connector.php"
  ["module"] => string(7) "default"
}


--------------------------------------------------------------------------------
2015-12-04T03:21:51+00:00 ERR (3) 404 Seite nicht gefunden
REMOTE_ADDR: 115.235.168.125
HTTP_REFERER: 
requested: array(6) {
  ["controller"] => string(6) "editor"
  ["action"] => string(6) "editor"
  ["filemanager"] => string(7) "browser"
  ["default"] => string(10) "connectors"
  ["asp"] => string(13) "connector.asp"
  ["module"] => string(7) "default"
}


--------------------------------------------------------------------------------
2015-12-04T03:21:51+00:00 ERR (3) 404 Seite nicht gefunden
REMOTE_ADDR: 115.235.168.125
HTTP_REFERER: 
requested: array(5) {
  ["controller"] => string(6) "editor"
  ["action"] => string(6) "editor"
  ["filemanager"] => string(10) "connectors"
  ["asp"] => string(13) "connector.asp"
  ["module"] => string(7) "default"
}


--------------------------------------------------------------------------------
2015-12-04T03:43:12+00:00 ERR (3) 404 Seite nicht gefunden
REMOTE_ADDR: 66.249.64.66
HTTP_REFERER: 
requested: array(3) {
  ["controller"] => string(26) "apple-app-site-association"
  ["action"] => string(5) "index"
  ["module"] => string(7) "default"
}


--------------------------------------------------------------------------------
2015-12-04T05:15:10+00:00 ERR (3) 404 "hire-lasse" was not found.
REMOTE_ADDR: 178.63.86.11
HTTP_REFERER: 
requested: array(5) {
  ["lang"] => string(2) "en"
  ["action"] => string(4) "page"
  ["key"] => string(10) "hire-lasse"
  ["module"] => string(7) "default"
  ["controller"] => string(5) "index"
}


--------------------------------------------------------------------------------
2015-12-04T08:55:57+00:00 ERR (3) 404 Seite nicht gefunden
REMOTE_ADDR: 175.143.107.5
HTTP_REFERER: 
requested: array(3) {
  ["controller"] => string(10) "xmlrpc.php"
  ["action"] => string(5) "index"
  ["module"] => string(7) "default"
}


--------------------------------------------------------------------------------
2015-12-04T11:21:00+00:00 ERR (3) 404 Seite nicht gefunden
REMOTE_ADDR: 93.193.9.243
HTTP_REFERER: 
requested: array(3) {
  ["controller"] => string(32) "apple-touch-icon-precomposed.png"
  ["action"] => string(5) "index"
  ["module"] => string(7) "default"
}


--------------------------------------------------------------------------------
2015-12-04T11:21:00+00:00 ERR (3) 404 Seite nicht gefunden
REMOTE_ADDR: 93.193.9.243
HTTP_REFERER: 
requested: array(3) {
  ["controller"] => string(20) "apple-touch-icon.png"
  ["action"] => string(5) "index"
  ["module"] => string(7) "default"
}


--------------------------------------------------------------------------------
2015-12-04T14:19:25+00:00 ERR (3) 404 Seite nicht gefunden
REMOTE_ADDR: 89.229.153.190
HTTP_REFERER: 
requested: array(4) {
  ["controller"] => string(9) "component"
  ["action"] => string(5) "users"
  ["module"] => string(7) "default"
  ["view"] => string(12) "registration"
}


--------------------------------------------------------------------------------
2015-12-04T14:19:25+00:00 ERR (3) 404 Seite nicht gefunden
REMOTE_ADDR: 89.229.153.190
HTTP_REFERER: 
requested: array(4) {
  ["controller"] => string(11) "modules.php"
  ["action"] => string(5) "index"
  ["module"] => string(7) "default"
  ["name"] => string(12) "Your_Account"
}


--------------------------------------------------------------------------------
2015-12-04T14:19:26+00:00 ERR (3) 404 Seite nicht gefunden
REMOTE_ADDR: 89.229.153.190
HTTP_REFERER: 
requested: array(3) {
  ["controller"] => string(6) "member"
  ["action"] => string(5) "index"
  ["module"] => string(7) "default"
}


--------------------------------------------------------------------------------
2015-12-04T14:19:26+00:00 ERR (3) 404 Seite nicht gefunden
REMOTE_ADDR: 89.229.153.190
HTTP_REFERER: 
requested: array(3) {
  ["controller"] => string(13) "guestbook.php"
  ["action"] => string(5) "index"
  ["module"] => string(7) "default"
}


--------------------------------------------------------------------------------
2015-12-04T14:19:26+00:00 ERR (3) 404 Seite nicht gefunden
REMOTE_ADDR: 89.229.153.190
HTTP_REFERER: 
requested: array(3) {
  ["controller"] => string(8) "home.php"
  ["action"] => string(5) "index"
  ["module"] => string(7) "default"
}


--------------------------------------------------------------------------------
2015-12-04T14:19:26+00:00 ERR (3) 404 Seite nicht gefunden
REMOTE_ADDR: 89.229.153.190
HTTP_REFERER: 
requested: array(3) {
  ["controller"] => string(7) "yabb.pl"
  ["action"] => string(5) "index"
  ["module"] => string(7) "default"
}


--------------------------------------------------------------------------------
2015-12-04T14:19:26+00:00 ERR (3) 404 Seite nicht gefunden
REMOTE_ADDR: 89.229.153.190
HTTP_REFERER: 
requested: array(3) {
  ["controller"] => string(7) "YaBB.pl"
  ["action"] => string(5) "index"
  ["module"] => string(7) "default"
}


--------------------------------------------------------------------------------
2015-12-04T14:19:26+00:00 ERR (3) 404 Seite nicht gefunden
REMOTE_ADDR: 89.229.153.190
HTTP_REFERER: 
requested: array(3) {
  ["controller"] => string(8) "YaBB.cgi"
  ["action"] => string(5) "index"
  ["module"] => string(7) "default"
}


--------------------------------------------------------------------------------
2015-12-04T14:19:26+00:00 ERR (3) 404 Seite nicht gefunden
REMOTE_ADDR: 89.229.153.190
HTTP_REFERER: 
requested: array(3) {
  ["controller"] => string(7) "bbs.cgi"
  ["action"] => string(5) "index"
  ["module"] => string(7) "default"
}


--------------------------------------------------------------------------------
2015-12-04T14:19:26+00:00 ERR (3) 404 Seite nicht gefunden
REMOTE_ADDR: 89.229.153.190
HTTP_REFERER: 
requested: array(3) {
  ["controller"] => string(14) "gastenboek.php"
  ["action"] => string(5) "index"
  ["module"] => string(7) "default"
}


--------------------------------------------------------------------------------
2015-12-04T14:19:27+00:00 ERR (3) 404 Seite nicht gefunden
REMOTE_ADDR: 89.229.153.190
HTTP_REFERER: 
requested: array(3) {
  ["controller"] => string(9) "light.cgi"
  ["action"] => string(5) "index"
  ["module"] => string(7) "default"
}


--------------------------------------------------------------------------------
2015-12-04T14:19:27+00:00 ERR (3) 404 Seite nicht gefunden
REMOTE_ADDR: 89.229.153.190
HTTP_REFERER: 
requested: array(4) {
  ["controller"] => string(3) "CGI"
  ["action"] => string(9) "guestbook"
  ["module"] => string(7) "default"
  ["page"] => string(1) "1"
}


--------------------------------------------------------------------------------
2015-12-04T14:19:27+00:00 ERR (3) 404 Seite nicht gefunden
REMOTE_ADDR: 89.229.153.190
HTTP_REFERER: 
requested: array(3) {
  ["controller"] => string(13) "Guestbook.php"
  ["action"] => string(5) "index"
  ["module"] => string(7) "default"
}


--------------------------------------------------------------------------------
2015-12-04T14:19:27+00:00 ERR (3) 404 Seite nicht gefunden
REMOTE_ADDR: 89.229.153.190
HTTP_REFERER: 
requested: array(3) {
  ["controller"] => string(11) "seo-joy.cgi"
  ["action"] => string(5) "index"
  ["module"] => string(7) "default"
}


--------------------------------------------------------------------------------
2015-12-04T14:19:27+00:00 ERR (3) 404 Seite nicht gefunden
REMOTE_ADDR: 89.229.153.190
HTTP_REFERER: 
requested: array(3) {
  ["controller"] => string(9) "yybbs.cgi"
  ["action"] => string(5) "index"
  ["module"] => string(7) "default"
}


--------------------------------------------------------------------------------
2015-12-04T14:19:27+00:00 ERR (3) 404 Seite nicht gefunden
REMOTE_ADDR: 89.229.153.190
HTTP_REFERER: 
requested: array(3) {
  ["controller"] => string(12) "bbs_list.asp"
  ["action"] => string(5) "index"
  ["module"] => string(7) "default"
}


--------------------------------------------------------------------------------
2015-12-04T14:19:28+00:00 ERR (3) 404 unkown Type requested
REMOTE_ADDR: 89.229.153.190
HTTP_REFERER: 
requested: array(5) {
  ["lang"] => string(2) "de"
  ["action"] => string(4) "feed"
  ["module"] => string(7) "default"
  ["controller"] => string(5) "index"
  ["key"] => string(0) ""
}


--------------------------------------------------------------------------------
2015-12-04T14:19:29+00:00 ERR (3) 404 unkown Type requested
REMOTE_ADDR: 89.229.153.190
HTTP_REFERER: 
requested: array(7) {
  ["lang"] => string(2) "de"
  ["action"] => string(4) "feed"
  ["key"] => string(9) "index.php"
  ["module"] => string(7) "default"
  ["controller"] => string(5) "index"
  ["option"] => string(8) "com_user"
  ["task"] => string(8) "register"
}


--------------------------------------------------------------------------------
2015-12-04T14:19:29+00:00 ERR (3) 404 unkown Type requested
REMOTE_ADDR: 89.229.153.190
HTTP_REFERER: 
requested: array(7) {
  ["lang"] => string(2) "de"
  ["action"] => string(4) "feed"
  ["key"] => string(9) "index.php"
  ["component"] => string(5) "users"
  ["module"] => string(7) "default"
  ["controller"] => string(5) "index"
  ["view"] => string(12) "registration"
}


--------------------------------------------------------------------------------
2015-12-04T14:19:29+00:00 ERR (3) 404 unkown Type requested
REMOTE_ADDR: 89.229.153.190
HTTP_REFERER: 
requested: array(6) {
  ["lang"] => string(2) "de"
  ["action"] => string(4) "feed"
  ["key"] => string(11) "modules.php"
  ["module"] => string(7) "default"
  ["controller"] => string(5) "index"
  ["name"] => string(12) "Your_Account"
}


--------------------------------------------------------------------------------
2015-12-04T14:19:29+00:00 ERR (3) 404 unkown Type requested
REMOTE_ADDR: 89.229.153.190
HTTP_REFERER: 
requested: array(5) {
  ["lang"] => string(2) "de"
  ["action"] => string(4) "feed"
  ["key"] => string(0) ""
  ["module"] => string(7) "default"
  ["controller"] => string(5) "index"
}


--------------------------------------------------------------------------------
2015-12-04T14:19:29+00:00 ERR (3) 404 unkown Type requested
REMOTE_ADDR: 89.229.153.190
HTTP_REFERER: 
requested: array(5) {
  ["lang"] => string(2) "de"
  ["action"] => string(4) "feed"
  ["key"] => string(0) ""
  ["module"] => string(7) "default"
  ["controller"] => string(5) "index"
}


--------------------------------------------------------------------------------
2015-12-04T14:19:29+00:00 ERR (3) 404 unkown Type requested
REMOTE_ADDR: 89.229.153.190
HTTP_REFERER: 
requested: array(6) {
  ["lang"] => string(2) "de"
  ["action"] => string(4) "feed"
  ["key"] => string(9) "index.php"
  ["module"] => string(7) "default"
  ["controller"] => string(5) "index"
  ["act"] => string(19) "dispMemberLoginForm"
}


--------------------------------------------------------------------------------
2015-12-04T14:19:29+00:00 ERR (3) 404 unkown Type requested
REMOTE_ADDR: 89.229.153.190
HTTP_REFERER: 
requested: array(5) {
  ["lang"] => string(2) "de"
  ["action"] => string(4) "feed"
  ["key"] => string(0) ""
  ["module"] => string(7) "default"
  ["controller"] => string(5) "index"
}


--------------------------------------------------------------------------------
2015-12-04T14:19:30+00:00 ERR (3) 404 unkown Type requested
REMOTE_ADDR: 89.229.153.190
HTTP_REFERER: 
requested: array(5) {
  ["lang"] => string(2) "de"
  ["action"] => string(4) "feed"
  ["key"] => string(7) "yabb.pl"
  ["module"] => string(7) "default"
  ["controller"] => string(5) "index"
}


--------------------------------------------------------------------------------
2015-12-04T14:19:31+00:00 ERR (3) 404 unkown Type requested
REMOTE_ADDR: 89.229.153.190
HTTP_REFERER: 
requested: array(5) {
  ["lang"] => string(2) "de"
  ["action"] => string(4) "feed"
  ["key"] => string(7) "YaBB.pl"
  ["module"] => string(7) "default"
  ["controller"] => string(5) "index"
}


--------------------------------------------------------------------------------
2015-12-04T14:19:31+00:00 ERR (3) 404 unkown Type requested
REMOTE_ADDR: 89.229.153.190
HTTP_REFERER: 
requested: array(5) {
  ["lang"] => string(2) "de"
  ["action"] => string(4) "feed"
  ["key"] => string(8) "YaBB.cgi"
  ["module"] => string(7) "default"
  ["controller"] => string(5) "index"
}


--------------------------------------------------------------------------------
2015-12-04T14:19:31+00:00 ERR (3) 404 unkown Type requested
REMOTE_ADDR: 89.229.153.190
HTTP_REFERER: 
requested: array(5) {
  ["lang"] => string(2) "de"
  ["action"] => string(4) "feed"
  ["key"] => string(0) ""
  ["module"] => string(7) "default"
  ["controller"] => string(5) "index"
}


--------------------------------------------------------------------------------
2015-12-04T14:19:31+00:00 ERR (3) 404 unkown Type requested
REMOTE_ADDR: 89.229.153.190
HTTP_REFERER: 
requested: array(5) {
  ["lang"] => string(2) "de"
  ["action"] => string(4) "feed"
  ["key"] => string(0) ""
  ["module"] => string(7) "default"
  ["controller"] => string(5) "index"
}


--------------------------------------------------------------------------------
2015-12-04T14:19:31+00:00 ERR (3) 404 unkown Type requested
REMOTE_ADDR: 89.229.153.190
HTTP_REFERER: 
requested: array(5) {
  ["lang"] => string(2) "de"
  ["action"] => string(4) "feed"
  ["key"] => string(0) ""
  ["module"] => string(7) "default"
  ["controller"] => string(5) "index"
}


--------------------------------------------------------------------------------
2015-12-04T14:19:31+00:00 ERR (3) 404 Seite nicht gefunden
REMOTE_ADDR: 89.229.153.190
HTTP_REFERER: 
requested: array(4) {
  ["controller"] => string(3) "CGI"
  ["action"] => string(9) "guestbook"
  ["module"] => string(7) "default"
  ["page"] => string(1) "1"
}


--------------------------------------------------------------------------------
2015-12-04T14:19:31+00:00 ERR (3) 404 unkown Type requested
REMOTE_ADDR: 89.229.153.190
HTTP_REFERER: 
requested: array(5) {
  ["lang"] => string(2) "de"
  ["action"] => string(4) "feed"
  ["key"] => string(0) ""
  ["module"] => string(7) "default"
  ["controller"] => string(5) "index"
}


--------------------------------------------------------------------------------
2015-12-04T14:19:31+00:00 ERR (3) 404 unkown Type requested
REMOTE_ADDR: 89.229.153.190
HTTP_REFERER: 
requested: array(5) {
  ["lang"] => string(2) "de"
  ["action"] => string(4) "feed"
  ["key"] => string(0) ""
  ["module"] => string(7) "default"
  ["controller"] => string(5) "index"
}


--------------------------------------------------------------------------------
2015-12-04T14:19:31+00:00 ERR (3) 404 unkown Type requested
REMOTE_ADDR: 89.229.153.190
HTTP_REFERER: 
requested: array(5) {
  ["lang"] => string(2) "de"
  ["action"] => string(4) "feed"
  ["key"] => string(0) ""
  ["module"] => string(7) "default"
  ["controller"] => string(5) "index"
}


--------------------------------------------------------------------------------
2015-12-04T14:19:32+00:00 ERR (3) 404 unkown Type requested
REMOTE_ADDR: 89.229.153.190
HTTP_REFERER: 
requested: array(5) {
  ["lang"] => string(2) "de"
  ["action"] => string(4) "feed"
  ["key"] => string(0) ""
  ["module"] => string(7) "default"
  ["controller"] => string(5) "index"
}


--------------------------------------------------------------------------------
