2011-07-25T01:22:29+00:00 ERR (3) 404 Seite nicht gefunden
REMOTE_ADDR: 66.249.71.111
HTTP_REFERER: 
requested: array(5) {
  ["controller"] => string(5) "forum"
  ["action"] => string(13) "viewtopic.php"
  ["module"] => string(7) "default"
  ["p"] => string(2) "60"
  ["sid"] => string(32) "08ca98758a6450b72493d03c986b46a8"
}


--------------------------------------------------------------------------------
2011-07-25T03:00:12+00:00 ERR (3) 404 Seite nicht gefunden
REMOTE_ADDR: 66.249.71.111
HTTP_REFERER: 
requested: array(5) {
  ["controller"] => string(5) "forum"
  ["action"] => string(13) "viewtopic.php"
  ["module"] => string(7) "default"
  ["p"] => string(2) "59"
  ["sid"] => string(32) "e46dce32445e338e9e87bc03dfb5b476"
}


--------------------------------------------------------------------------------
2011-07-25T06:32:22+00:00 ERR (3) 404 Seite nicht gefunden
REMOTE_ADDR: 66.249.71.111
HTTP_REFERER: 
requested: array(5) {
  ["controller"] => string(5) "forum"
  ["action"] => string(13) "viewtopic.php"
  ["module"] => string(7) "default"
  ["p"] => string(2) "61"
  ["sid"] => string(32) "e46dce32445e338e9e87bc03dfb5b476"
}


--------------------------------------------------------------------------------
2011-07-25T09:25:47+00:00 ERR (3) 404 Seite nicht gefunden
REMOTE_ADDR: 66.249.71.111
HTTP_REFERER: 
requested: array(5) {
  ["controller"] => string(5) "forum"
  ["action"] => string(13) "viewtopic.php"
  ["module"] => string(7) "default"
  ["p"] => string(3) "135"
  ["sid"] => string(32) "e4ccc40464cea5228057a9d492a06048"
}


--------------------------------------------------------------------------------
2011-07-25T11:32:15+00:00 ERR (3) 404 Seite nicht gefunden
REMOTE_ADDR: 66.249.71.111
HTTP_REFERER: 
requested: array(5) {
  ["controller"] => string(5) "forum"
  ["action"] => string(13) "viewtopic.php"
  ["module"] => string(7) "default"
  ["p"] => string(2) "46"
  ["sid"] => string(32) "7286b4d6dcefcd1bd809b0cc7552c79e"
}


--------------------------------------------------------------------------------
2011-07-25T11:53:18+00:00 ERR (3) 404 Seite nicht gefunden
REMOTE_ADDR: 66.249.71.111
HTTP_REFERER: 
requested: array(5) {
  ["controller"] => string(5) "forum"
  ["action"] => string(13) "viewtopic.php"
  ["module"] => string(7) "default"
  ["p"] => string(2) "48"
  ["sid"] => string(32) "7286b4d6dcefcd1bd809b0cc7552c79e"
}


--------------------------------------------------------------------------------
2011-07-25T12:50:59+00:00 ERR (3) 404 Seite nicht gefunden
REMOTE_ADDR: 218.29.97.153
HTTP_REFERER: http://graphicore.de/forum/index.php
requested: array(3) {
  ["controller"] => string(5) "forum"
  ["action"] => string(9) "index.php"
  ["module"] => string(7) "default"
}


--------------------------------------------------------------------------------
2011-07-25T12:54:20+00:00 ERR (3) 404 Seite nicht gefunden
REMOTE_ADDR: 195.162.68.246
HTTP_REFERER: http://graphicore.de/forum/index.php
requested: array(3) {
  ["controller"] => string(5) "forum"
  ["action"] => string(9) "index.php"
  ["module"] => string(7) "default"
}


--------------------------------------------------------------------------------
2011-07-25T14:57:07+00:00 ERR (3) 404 Seite nicht gefunden
REMOTE_ADDR: 82.98.93.30
HTTP_REFERER: http://twitter.com/search?q=&#37;23FontForge
requested: array(4) {
  ["controller"] => string(6) "https:"
  ["action"] => string(10) "github.com"
  ["graphicore"] => string(35) "graphicore-FontForge-Python-Scripts"
  ["module"] => string(7) "default"
}


--------------------------------------------------------------------------------
2011-07-25T16:08:36+00:00 ERR (3) 404 Seite nicht gefunden
REMOTE_ADDR: 66.249.71.111
HTTP_REFERER: 
requested: array(9) {
  ["controller"] => string(5) "forum"
  ["action"] => string(13) "viewtopic.php"
  ["module"] => string(7) "default"
  ["t"] => string(1) "9"
  ["start"] => string(1) "0"
  ["postdays"] => string(1) "0"
  ["postorder"] => string(3) "asc"
  ["highlight"] => string(0) ""
  ["sid"] => string(32) "52d3d81f24cd5ee6b4902d93ec794434"
}


--------------------------------------------------------------------------------
2011-07-25T16:29:20+00:00 ERR (3) 404 Seite nicht gefunden
REMOTE_ADDR: 66.249.71.111
HTTP_REFERER: 
requested: array(5) {
  ["controller"] => string(5) "forum"
  ["action"] => string(13) "viewtopic.php"
  ["module"] => string(7) "default"
  ["p"] => string(2) "49"
  ["sid"] => string(32) "ce512cecd93a5e5083d401f1ee6c867c"
}


--------------------------------------------------------------------------------
2011-07-25T17:17:43+00:00 ERR (3) 404 "" was not found.
REMOTE_ADDR: 77.20.40.173
HTTP_REFERER: 
requested: array(5) {
  ["lang"] => string(2) "de"
  ["action"] => string(7) "archive"
  ["module"] => string(7) "default"
  ["controller"] => string(5) "index"
  ["key"] => string(0) ""
}


--------------------------------------------------------------------------------
2011-07-25T19:20:28+00:00 ERR (3) 404 Seite nicht gefunden
REMOTE_ADDR: 66.249.71.111
HTTP_REFERER: 
requested: array(5) {
  ["controller"] => string(5) "forum"
  ["action"] => string(13) "viewtopic.php"
  ["module"] => string(7) "default"
  ["p"] => string(2) "50"
  ["sid"] => string(32) "e2125535c4e688c77ea43208af8467aa"
}


--------------------------------------------------------------------------------
2011-07-25T22:41:55+00:00 ERR (3) 404 Seite nicht gefunden
REMOTE_ADDR: 66.249.71.111
HTTP_REFERER: 
requested: array(5) {
  ["controller"] => string(5) "forum"
  ["action"] => string(13) "viewtopic.php"
  ["module"] => string(7) "default"
  ["p"] => string(2) "55"
  ["sid"] => string(32) "bf43d85f5afcc8b9d8f0922dace8e2b3"
}


--------------------------------------------------------------------------------
2011-07-25T23:43:03+00:00 ERR (3) 404 Seite nicht gefunden
REMOTE_ADDR: 66.249.71.111
HTTP_REFERER: 
requested: array(5) {
  ["controller"] => string(5) "forum"
  ["action"] => string(13) "viewtopic.php"
  ["module"] => string(7) "default"
  ["p"] => string(2) "63"
  ["sid"] => string(32) "e46dce32445e338e9e87bc03dfb5b476"
}


--------------------------------------------------------------------------------
