2020-11-14T03:47:51+00:00 ERR (3) 404 Page not found
REMOTE_ADDR: 35.228.134.128
HTTP_REFERER: 
requested: array(3) {
  ["controller"] => string(9) "wordpress"
  ["action"] => string(5) "index"
  ["module"] => string(7) "default"
}


--------------------------------------------------------------------------------
2020-11-14T03:47:51+00:00 ERR (3) 404 Page not found
REMOTE_ADDR: 35.228.134.128
HTTP_REFERER: 
requested: array(3) {
  ["controller"] => string(2) "wp"
  ["action"] => string(5) "index"
  ["module"] => string(7) "default"
}


--------------------------------------------------------------------------------
2020-11-14T03:47:52+00:00 ERR (3) 404 Page not found
REMOTE_ADDR: 35.228.134.128
HTTP_REFERER: 
requested: array(3) {
  ["controller"] => string(3) "new"
  ["action"] => string(5) "index"
  ["module"] => string(7) "default"
}


--------------------------------------------------------------------------------
2020-11-14T03:47:52+00:00 ERR (3) 404 Page not found
REMOTE_ADDR: 35.228.134.128
HTTP_REFERER: 
requested: array(3) {
  ["controller"] => string(3) "old"
  ["action"] => string(5) "index"
  ["module"] => string(7) "default"
}


--------------------------------------------------------------------------------
2020-11-14T03:47:53+00:00 ERR (3) 404 Page not found
REMOTE_ADDR: 35.228.134.128
HTTP_REFERER: 
requested: array(3) {
  ["controller"] => string(4) "blog"
  ["action"] => string(5) "index"
  ["module"] => string(7) "default"
}


--------------------------------------------------------------------------------
2020-11-14T03:47:53+00:00 ERR (3) 404 Page not found
REMOTE_ADDR: 35.228.134.128
HTTP_REFERER: 
requested: array(3) {
  ["controller"] => string(9) "WordPress"
  ["action"] => string(5) "index"
  ["module"] => string(7) "default"
}


--------------------------------------------------------------------------------
2020-11-14T03:47:53+00:00 ERR (3) 404 Page not found
REMOTE_ADDR: 35.228.134.128
HTTP_REFERER: 
requested: array(3) {
  ["controller"] => string(9) "Wordpress"
  ["action"] => string(5) "index"
  ["module"] => string(7) "default"
}


--------------------------------------------------------------------------------
2020-11-14T04:05:36+00:00 ERR (3) 404 Page not found
REMOTE_ADDR: 40.121.145.56
HTTP_REFERER: 
requested: array(3) {
  ["controller"] => string(11) "wp-includes"
  ["action"] => string(15) "wlwmanifest.xml"
  ["module"] => string(7) "default"
}


--------------------------------------------------------------------------------
2020-11-14T04:05:37+00:00 ERR (3) 404 Page not found
REMOTE_ADDR: 40.121.145.56
HTTP_REFERER: 
requested: array(3) {
  ["controller"] => string(4) "blog"
  ["action"] => string(11) "wp-includes"
  ["module"] => string(7) "default"
}


--------------------------------------------------------------------------------
2020-11-14T04:05:37+00:00 ERR (3) 404 Page not found
REMOTE_ADDR: 40.121.145.56
HTTP_REFERER: 
requested: array(3) {
  ["controller"] => string(9) "wordpress"
  ["action"] => string(11) "wp-includes"
  ["module"] => string(7) "default"
}


--------------------------------------------------------------------------------
2020-11-14T04:05:37+00:00 ERR (3) 404 Page not found
REMOTE_ADDR: 40.121.145.56
HTTP_REFERER: 
requested: array(3) {
  ["controller"] => string(2) "wp"
  ["action"] => string(11) "wp-includes"
  ["module"] => string(7) "default"
}


--------------------------------------------------------------------------------
2020-11-14T04:05:37+00:00 ERR (3) 404 Page not found
REMOTE_ADDR: 40.121.145.56
HTTP_REFERER: 
requested: array(3) {
  ["controller"] => string(4) "site"
  ["action"] => string(11) "wp-includes"
  ["module"] => string(7) "default"
}


--------------------------------------------------------------------------------
2020-11-14T04:05:37+00:00 ERR (3) 404 Page not found
REMOTE_ADDR: 40.121.145.56
HTTP_REFERER: 
requested: array(3) {
  ["controller"] => string(3) "cms"
  ["action"] => string(11) "wp-includes"
  ["module"] => string(7) "default"
}


--------------------------------------------------------------------------------
2020-11-14T04:39:32+00:00 ERR (3) 404 "hire-lasse" was not found.
REMOTE_ADDR: 114.119.146.114
HTTP_REFERER: 
requested: array(5) {
  ["lang"] => string(2) "de"
  ["action"] => string(4) "page"
  ["key"] => string(10) "hire-lasse"
  ["module"] => string(7) "default"
  ["controller"] => string(5) "index"
}


--------------------------------------------------------------------------------
2020-11-14T05:20:59+00:00 ERR (3) 404 "competences" was not found.
REMOTE_ADDR: 85.208.96.66
HTTP_REFERER: 
requested: array(5) {
  ["lang"] => string(2) "de"
  ["action"] => string(4) "page"
  ["key"] => string(11) "competences"
  ["module"] => string(7) "default"
  ["controller"] => string(5) "index"
}


--------------------------------------------------------------------------------
2020-11-14T06:42:49+00:00 ERR (3) 404 Seite nicht gefunden
REMOTE_ADDR: 66.249.66.85
HTTP_REFERER: 
requested: array(3) {
  ["controller"] => string(3) "lib"
  ["action"] => string(5) "index"
  ["module"] => string(7) "default"
}


--------------------------------------------------------------------------------
2020-11-14T08:45:55+00:00 ERR (3) 404 Seite nicht gefunden
REMOTE_ADDR: 66.249.66.85
HTTP_REFERER: 
requested: array(3) {
  ["controller"] => string(5) "tests"
  ["action"] => string(5) "index"
  ["module"] => string(7) "default"
}


--------------------------------------------------------------------------------
2020-11-14T08:55:24+00:00 ERR (3) 404 Seite nicht gefunden
REMOTE_ADDR: 40.74.122.22
HTTP_REFERER: 
requested: array(3) {
  ["controller"] => string(4) ".env"
  ["action"] => string(5) "index"
  ["module"] => string(7) "default"
}


--------------------------------------------------------------------------------
2020-11-14T09:38:09+00:00 ERR (3) 404 "hire-lasse" was not found.
REMOTE_ADDR: 88.99.27.172
HTTP_REFERER: 
requested: array(5) {
  ["lang"] => string(2) "de"
  ["action"] => string(4) "page"
  ["key"] => string(10) "hire-lasse"
  ["module"] => string(7) "default"
  ["controller"] => string(5) "index"
}


--------------------------------------------------------------------------------
2020-11-14T09:40:12+00:00 ERR (3) 404 "hire-lasse" was not found.
REMOTE_ADDR: 88.99.27.172
HTTP_REFERER: 
requested: array(5) {
  ["lang"] => string(2) "de"
  ["action"] => string(4) "page"
  ["key"] => string(10) "hire-lasse"
  ["module"] => string(7) "default"
  ["controller"] => string(5) "index"
}


--------------------------------------------------------------------------------
2020-11-14T09:40:19+00:00 ERR (3) 404 "hire-lasse" was not found.
REMOTE_ADDR: 88.99.27.172
HTTP_REFERER: 
requested: array(5) {
  ["lang"] => string(2) "de"
  ["action"] => string(4) "page"
  ["key"] => string(10) "hire-lasse"
  ["module"] => string(7) "default"
  ["controller"] => string(5) "index"
}


--------------------------------------------------------------------------------
