2013-06-28T06:27:07+00:00 ERR (3) 404 Seite nicht gefunden
REMOTE_ADDR: 173.199.116.19
HTTP_REFERER: 
requested: array(4) {
  ["controller"] => string(5) "forum"
  ["action"] => string(13) "viewtopic.php"
  ["module"] => string(7) "default"
  ["t"] => string(2) "13"
}


--------------------------------------------------------------------------------
2013-06-28T08:33:29+00:00 ERR (3) 404 Page not found
REMOTE_ADDR: 94.13.205.238
HTTP_REFERER: 
requested: array(3) {
  ["controller"] => string(32) "apple-touch-icon-precomposed.png"
  ["action"] => string(5) "index"
  ["module"] => string(7) "default"
}


--------------------------------------------------------------------------------
2013-06-28T08:33:30+00:00 ERR (3) 404 Page not found
REMOTE_ADDR: 94.13.205.238
HTTP_REFERER: 
requested: array(3) {
  ["controller"] => string(20) "apple-touch-icon.png"
  ["action"] => string(5) "index"
  ["module"] => string(7) "default"
}


--------------------------------------------------------------------------------
