2016-12-17T01:00:56+00:00 ERR (3) 404 Seite nicht gefunden
REMOTE_ADDR: 66.249.76.136
HTTP_REFERER: 
requested: array(4) {
  ["controller"] => string(5) "diary"
  ["action"] => string(29) "tag:graphicore.de,2013-01-31:"
  ["diary"] => string(27) "20130131135955510a78db3e0d6"
  ["module"] => string(7) "default"
}


--------------------------------------------------------------------------------
2016-12-17T01:14:16+00:00 ERR (3) 404 Seite nicht gefunden
REMOTE_ADDR: 89.203.249.191
HTTP_REFERER: 
requested: array(3) {
  ["controller"] => string(4) "blog"
  ["action"] => string(10) "robots.txt"
  ["module"] => string(7) "default"
}


--------------------------------------------------------------------------------
2016-12-17T01:14:16+00:00 ERR (3) 404 Seite nicht gefunden
REMOTE_ADDR: 89.203.249.191
HTTP_REFERER: 
requested: array(3) {
  ["controller"] => string(4) "blog"
  ["action"] => string(5) "index"
  ["module"] => string(7) "default"
}


--------------------------------------------------------------------------------
2016-12-17T01:14:17+00:00 ERR (3) 404 Seite nicht gefunden
REMOTE_ADDR: 89.203.249.191
HTTP_REFERER: 
requested: array(3) {
  ["controller"] => string(9) "wordpress"
  ["action"] => string(5) "index"
  ["module"] => string(7) "default"
}


--------------------------------------------------------------------------------
2016-12-17T01:14:17+00:00 ERR (3) 404 Seite nicht gefunden
REMOTE_ADDR: 89.203.249.191
HTTP_REFERER: 
requested: array(3) {
  ["controller"] => string(2) "wp"
  ["action"] => string(5) "index"
  ["module"] => string(7) "default"
}


--------------------------------------------------------------------------------
2016-12-17T01:14:17+00:00 ERR (3) 404 Seite nicht gefunden
REMOTE_ADDR: 89.203.249.191
HTTP_REFERER: 
requested: array(3) {
  ["controller"] => string(4) "blog"
  ["action"] => string(10) "robots.txt"
  ["module"] => string(7) "default"
}


--------------------------------------------------------------------------------
2016-12-17T01:14:17+00:00 ERR (3) 404 Seite nicht gefunden
REMOTE_ADDR: 89.203.249.191
HTTP_REFERER: 
requested: array(3) {
  ["controller"] => string(6) "joomla"
  ["action"] => string(10) "robots.txt"
  ["module"] => string(7) "default"
}


--------------------------------------------------------------------------------
2016-12-17T03:36:10+00:00 ERR (3) 404 Seite nicht gefunden
REMOTE_ADDR: 156.216.236.22
HTTP_REFERER: 
requested: array(4) {
  ["controller"] => string(6) "https:"
  [""] => string(19) "silber-und-blei.com"
  ["action"] => string(5) "index"
  ["module"] => string(7) "default"
}


--------------------------------------------------------------------------------
2016-12-17T03:36:25+00:00 ERR (3) 404 Seite nicht gefunden
REMOTE_ADDR: 156.216.236.22
HTTP_REFERER: 
requested: array(3) {
  ["controller"] => string(2) "js"
  ["action"] => string(1) "'"
  ["module"] => string(7) "default"
}


--------------------------------------------------------------------------------
2016-12-17T05:02:13+00:00 ERR (3) 404 Seite nicht gefunden
REMOTE_ADDR: 216.244.66.233
HTTP_REFERER: 
requested: array(5) {
  ["lang"] => string(2) "de"
  ["action"] => string(2) "de"
  ["module"] => string(7) "default"
  ["controller"] => string(5) "index"
  ["key"] => string(0) ""
}


--------------------------------------------------------------------------------
2016-12-17T08:58:07+00:00 ERR (3) 404 Seite nicht gefunden
REMOTE_ADDR: 66.249.76.134
HTTP_REFERER: 
requested: array(4) {
  ["controller"] => string(5) "diary"
  ["action"] => string(29) "tag:graphicore.de,2010-10-01:"
  ["diary"] => string(27) "201010011553324ca603fcc53f3"
  ["module"] => string(7) "default"
}


--------------------------------------------------------------------------------
2016-12-17T09:19:12+00:00 ERR (3) 404 Seite nicht gefunden
REMOTE_ADDR: 66.71.190.99
HTTP_REFERER: 
requested: array(3) {
  ["controller"] => string(8) "wp-admin"
  ["action"] => string(5) "index"
  ["module"] => string(7) "default"
}


--------------------------------------------------------------------------------
2016-12-17T09:28:24+00:00 ERR (3) 404 Seite nicht gefunden
REMOTE_ADDR: 65.39.211.80
HTTP_REFERER: 
requested: array(3) {
  ["controller"] => string(4) "test"
  ["action"] => string(8) "wp-admin"
  ["module"] => string(7) "default"
}


--------------------------------------------------------------------------------
2016-12-17T09:37:05+00:00 ERR (3) 404 Seite nicht gefunden
REMOTE_ADDR: 64.71.32.22
HTTP_REFERER: 
requested: array(3) {
  ["controller"] => string(9) "wordpress"
  ["action"] => string(8) "wp-admin"
  ["module"] => string(7) "default"
}


--------------------------------------------------------------------------------
2016-12-17T09:46:06+00:00 ERR (3) 404 Seite nicht gefunden
REMOTE_ADDR: 187.17.106.68
HTTP_REFERER: 
requested: array(3) {
  ["controller"] => string(4) "blog"
  ["action"] => string(8) "wp-admin"
  ["module"] => string(7) "default"
}


--------------------------------------------------------------------------------
2016-12-17T09:54:48+00:00 ERR (3) 404 Seite nicht gefunden
REMOTE_ADDR: 193.143.77.16
HTTP_REFERER: 
requested: array(3) {
  ["controller"] => string(2) "wp"
  ["action"] => string(8) "wp-admin"
  ["module"] => string(7) "default"
}


--------------------------------------------------------------------------------
2016-12-17T12:39:32+00:00 ERR (3) 404 "hire-lasse" was not found.
REMOTE_ADDR: 136.243.83.16
HTTP_REFERER: 
requested: array(5) {
  ["lang"] => string(2) "de"
  ["action"] => string(4) "page"
  ["key"] => string(10) "hire-lasse"
  ["module"] => string(7) "default"
  ["controller"] => string(5) "index"
}


--------------------------------------------------------------------------------
2016-12-17T15:00:12+00:00 ERR (3) 404 Seite nicht gefunden
REMOTE_ADDR: 216.244.66.233
HTTP_REFERER: 
requested: array(5) {
  ["lang"] => string(2) "de"
  ["action"] => string(2) "en"
  ["module"] => string(7) "default"
  ["controller"] => string(5) "index"
  ["key"] => string(0) ""
}


--------------------------------------------------------------------------------
2016-12-17T15:50:29+00:00 ERR (3) 404 Seite nicht gefunden
REMOTE_ADDR: 195.154.191.64
HTTP_REFERER: 
requested: array(3) {
  ["controller"] => string(6) "up.php"
  ["action"] => string(5) "index"
  ["module"] => string(7) "default"
}


--------------------------------------------------------------------------------
2016-12-17T15:50:29+00:00 ERR (3) 404 Seite nicht gefunden
REMOTE_ADDR: 195.154.191.64
HTTP_REFERER: 
requested: array(3) {
  ["controller"] => string(6) "up.php"
  ["action"] => string(5) "index"
  ["module"] => string(7) "default"
}


--------------------------------------------------------------------------------
2016-12-17T17:51:58+00:00 ERR (3) 404 Seite nicht gefunden
REMOTE_ADDR: 66.249.76.131
HTTP_REFERER: 
requested: array(4) {
  ["controller"] => string(5) "diary"
  ["action"] => string(29) "tag:graphicore.de,2012-09-02:"
  ["diary"] => string(27) "201209021920375043b185ef245"
  ["module"] => string(7) "default"
}


--------------------------------------------------------------------------------
2016-12-17T22:35:47+00:00 ERR (3) 404 "hire-lasse" was not found.
REMOTE_ADDR: 180.76.15.5
HTTP_REFERER: 
requested: array(5) {
  ["lang"] => string(2) "en"
  ["action"] => string(4) "page"
  ["key"] => string(10) "hire-lasse"
  ["module"] => string(7) "default"
  ["controller"] => string(5) "index"
}


--------------------------------------------------------------------------------
