2021-03-02T06:59:43+00:00 ERR (3) 404 Page not found
REMOTE_ADDR: 82.165.49.62
HTTP_REFERER: 
requested: array(3) {
  ["controller"] => string(6) "cpanel"
  ["action"] => string(5) "index"
  ["module"] => string(7) "default"
}


--------------------------------------------------------------------------------
2021-03-02T09:48:25+00:00 ERR (3) 404 Seite nicht gefunden
REMOTE_ADDR: 66.249.66.84
HTTP_REFERER: 
requested: array(4) {
  ["controller"] => string(5) "diary"
  ["action"] => string(29) "tag:graphicore.de,2013-06-07:"
  ["diary"] => string(27) "2013060714011251b1e7a8c1407"
  ["module"] => string(7) "default"
}


--------------------------------------------------------------------------------
2021-03-02T14:14:34+00:00 ERR (3) 404 Seite nicht gefunden
REMOTE_ADDR: 49.12.102.81
HTTP_REFERER: 
requested: array(3) {
  ["controller"] => string(11) "sitemap.xml"
  ["action"] => string(5) "index"
  ["module"] => string(7) "default"
}


--------------------------------------------------------------------------------
2021-03-02T15:06:27+00:00 ERR (3) 404 "competences" was not found.
REMOTE_ADDR: 18.144.74.19
HTTP_REFERER: 
requested: array(5) {
  ["lang"] => string(2) "en"
  ["action"] => string(4) "page"
  ["key"] => string(11) "competences"
  ["module"] => string(7) "default"
  ["controller"] => string(5) "index"
}


--------------------------------------------------------------------------------
2021-03-02T15:06:29+00:00 ERR (3) 404 "hire-lasse" was not found.
REMOTE_ADDR: 18.144.74.19
HTTP_REFERER: 
requested: array(5) {
  ["lang"] => string(2) "en"
  ["action"] => string(4) "page"
  ["key"] => string(10) "hire-lasse"
  ["module"] => string(7) "default"
  ["controller"] => string(5) "index"
}


--------------------------------------------------------------------------------
2021-03-02T15:06:49+00:00 ERR (3) 404 "competences" was not found.
REMOTE_ADDR: 18.144.74.19
HTTP_REFERER: 
requested: array(5) {
  ["lang"] => string(2) "en"
  ["action"] => string(4) "page"
  ["key"] => string(11) "competences"
  ["module"] => string(7) "default"
  ["controller"] => string(5) "index"
}


--------------------------------------------------------------------------------
2021-03-02T15:06:50+00:00 ERR (3) 404 "hire-lasse" was not found.
REMOTE_ADDR: 18.144.74.19
HTTP_REFERER: 
requested: array(5) {
  ["lang"] => string(2) "en"
  ["action"] => string(4) "page"
  ["key"] => string(10) "hire-lasse"
  ["module"] => string(7) "default"
  ["controller"] => string(5) "index"
}


--------------------------------------------------------------------------------
