2015-12-28T09:41:42+00:00 ERR (3) 404 Seite nicht gefunden
REMOTE_ADDR: 89.29.175.68
HTTP_REFERER: 
requested: array(4) {
  ["controller"] => string(6) "https:"
  [""] => string(19) "silber-und-blei.com"
  ["action"] => string(5) "index"
  ["module"] => string(7) "default"
}


--------------------------------------------------------------------------------
2015-12-28T09:41:42+00:00 ERR (3) 404 Seite nicht gefunden
REMOTE_ADDR: 89.29.175.68
HTTP_REFERER: 
requested: array(3) {
  ["controller"] => string(2) "js"
  ["action"] => string(1) "'"
  ["module"] => string(7) "default"
}


--------------------------------------------------------------------------------
2015-12-28T13:38:37+00:00 ERR (3) 404 Seite nicht gefunden
REMOTE_ADDR: 195.154.227.118
HTTP_REFERER: 
requested: array(3) {
  ["controller"] => string(16) "wp-trackback.php"
  ["action"] => string(5) "index"
  ["module"] => string(7) "default"
}


--------------------------------------------------------------------------------
2015-12-28T16:39:11+00:00 ERR (3) 404 "hire-lasse" was not found.
REMOTE_ADDR: 207.46.13.188
HTTP_REFERER: 
requested: array(5) {
  ["lang"] => string(2) "de"
  ["action"] => string(4) "page"
  ["key"] => string(10) "hire-lasse"
  ["module"] => string(7) "default"
  ["controller"] => string(5) "index"
}


--------------------------------------------------------------------------------
