2015-11-05T02:27:03+00:00 ERR (3) 404 Seite nicht gefunden
REMOTE_ADDR: 207.90.2.15
HTTP_REFERER: 
requested: array(5) {
  ["controller"] => string(6) "https:"
  [""] => string(19) "silber-und-blei.com"
  ["galerie"] => string(5) "embed"
  ["action"] => string(5) "index"
  ["module"] => string(7) "default"
}


--------------------------------------------------------------------------------
2015-11-05T06:26:51+00:00 ERR (3) 404 Seite nicht gefunden
REMOTE_ADDR: 70.32.90.246
HTTP_REFERER: 
requested: array(3) {
  ["controller"] => string(12) "wp-login.php"
  ["action"] => string(5) "index"
  ["module"] => string(7) "default"
}


--------------------------------------------------------------------------------
2015-11-05T06:26:51+00:00 ERR (3) 404 Seite nicht gefunden
REMOTE_ADDR: 70.32.90.246
HTTP_REFERER: 
requested: array(3) {
  ["controller"] => string(13) "administrator"
  ["action"] => string(9) "index.php"
  ["module"] => string(7) "default"
}


--------------------------------------------------------------------------------
2015-11-05T06:26:51+00:00 ERR (3) 404 Seite nicht gefunden
REMOTE_ADDR: 70.32.90.246
HTTP_REFERER: 
requested: array(3) {
  ["controller"] => string(4) "user"
  ["action"] => string(5) "index"
  ["module"] => string(7) "default"
}


--------------------------------------------------------------------------------
2015-11-05T06:26:52+00:00 ERR (3) 404 Seite nicht gefunden
REMOTE_ADDR: 70.32.90.246
HTTP_REFERER: 
requested: array(3) {
  ["controller"] => string(9) "admin.php"
  ["action"] => string(5) "index"
  ["module"] => string(7) "default"
}


--------------------------------------------------------------------------------
2015-11-05T07:17:51+00:00 ERR (3) 404 Seite nicht gefunden
REMOTE_ADDR: 74.208.101.2
HTTP_REFERER: 
requested: array(4) {
  ["controller"] => string(6) "https:"
  [""] => string(19) "silber-und-blei.com"
  ["action"] => string(5) "index"
  ["module"] => string(7) "default"
}


--------------------------------------------------------------------------------
2015-11-05T07:17:51+00:00 ERR (3) 404 Seite nicht gefunden
REMOTE_ADDR: 74.208.101.2
HTTP_REFERER: 
requested: array(3) {
  ["controller"] => string(2) "js"
  ["action"] => string(1) "'"
  ["module"] => string(7) "default"
}


--------------------------------------------------------------------------------
2015-11-05T07:33:18+00:00 ERR (3) 404 Seite nicht gefunden
REMOTE_ADDR: 91.185.213.133
HTTP_REFERER: 
requested: array(5) {
  ["controller"] => string(9) "index.php"
  ["action"] => string(5) "index"
  ["module"] => string(7) "default"
  ["option"] => string(10) "com_myblog"
  ["task"] => string(10) "ajaxupload"
}


--------------------------------------------------------------------------------
2015-11-05T07:33:20+00:00 ERR (3) 404 "" was not found.
REMOTE_ADDR: 91.185.213.133
HTTP_REFERER: 
requested: array(7) {
  ["lang"] => string(2) "de"
  ["action"] => string(7) "archive"
  ["key"] => string(0) ""
  ["module"] => string(7) "default"
  ["controller"] => string(5) "index"
  ["option"] => string(10) "com_myblog"
  ["task"] => string(10) "ajaxupload"
}


--------------------------------------------------------------------------------
2015-11-05T11:40:57+00:00 ERR (3) 404 Seite nicht gefunden
REMOTE_ADDR: 104.247.217.132
HTTP_REFERER: 
requested: array(3) {
  ["controller"] => string(12) "wp-login.php"
  ["action"] => string(5) "index"
  ["module"] => string(7) "default"
}


--------------------------------------------------------------------------------
2015-11-05T13:01:27+00:00 ERR (3) 404 Seite nicht gefunden
REMOTE_ADDR: 91.61.120.74
HTTP_REFERER: 
requested: array(3) {
  ["controller"] => string(32) "apple-touch-icon-precomposed.png"
  ["action"] => string(5) "index"
  ["module"] => string(7) "default"
}


--------------------------------------------------------------------------------
2015-11-05T13:01:27+00:00 ERR (3) 404 Seite nicht gefunden
REMOTE_ADDR: 91.61.120.74
HTTP_REFERER: 
requested: array(3) {
  ["controller"] => string(20) "apple-touch-icon.png"
  ["action"] => string(5) "index"
  ["module"] => string(7) "default"
}


--------------------------------------------------------------------------------
2015-11-05T15:52:44+00:00 ERR (3) 404 Seite nicht gefunden
REMOTE_ADDR: 209.95.48.11
HTTP_REFERER: 
requested: array(4) {
  ["controller"] => string(6) "https:"
  [""] => string(19) "silber-und-blei.com"
  ["action"] => string(5) "index"
  ["module"] => string(7) "default"
}


--------------------------------------------------------------------------------
2015-11-05T15:52:54+00:00 ERR (3) 404 Seite nicht gefunden
REMOTE_ADDR: 209.95.48.11
HTTP_REFERER: 
requested: array(3) {
  ["controller"] => string(2) "js"
  ["action"] => string(1) "'"
  ["module"] => string(7) "default"
}


--------------------------------------------------------------------------------
2015-11-05T21:59:08+00:00 ERR (3) 404 Seite nicht gefunden
REMOTE_ADDR: 207.90.2.15
HTTP_REFERER: 
requested: array(5) {
  ["controller"] => string(6) "https:"
  [""] => string(19) "silber-und-blei.com"
  ["galerie"] => string(5) "embed"
  ["action"] => string(5) "index"
  ["module"] => string(7) "default"
}


--------------------------------------------------------------------------------
