2010-12-04T03:42:04+00:00 ERR (3) 404 "story" was not found.
REMOTE_ADDR: 67.16.94.2
HTTP_REFERER: 
requested: array(6) {
  ["lang"] => string(2) "en"
  ["action"] => string(5) "index"
  ["key"] => string(5) "story"
  ["intern"] => string(7) "kontakt"
  ["module"] => string(7) "default"
  ["controller"] => string(5) "index"
}


--------------------------------------------------------------------------------
2010-12-04T06:16:58+00:00 ERR (3) 404 "story" was not found.
REMOTE_ADDR: 67.195.115.82
HTTP_REFERER: 
requested: array(6) {
  ["lang"] => string(2) "en"
  ["action"] => string(5) "index"
  ["key"] => string(5) "story"
  ["intern"] => string(7) "turbine"
  ["module"] => string(7) "default"
  ["controller"] => string(5) "index"
}


--------------------------------------------------------------------------------
2010-12-04T21:10:20+00:00 ERR (3) 404 Seite nicht gefunden
REMOTE_ADDR: 79.125.90.14
HTTP_REFERER: 
requested: array(3) {
  ["controller"] => string(12) "wp-login.php"
  ["action"] => string(5) "index"
  ["module"] => string(7) "default"
}


--------------------------------------------------------------------------------
