2014-12-23T03:14:17+00:00 ERR (3) 404 Seite nicht gefunden
REMOTE_ADDR: 188.165.42.37
HTTP_REFERER: 
requested: array(3) {
  ["controller"] => string(8) "wp-admin"
  ["action"] => string(14) "admin-ajax.php"
  ["module"] => string(7) "default"
}


--------------------------------------------------------------------------------
2014-12-23T03:14:23+00:00 ERR (3) 404 Seite nicht gefunden
REMOTE_ADDR: 188.165.42.37
HTTP_REFERER: 
requested: array(3) {
  ["controller"] => string(8) "wp-admin"
  ["action"] => string(14) "admin-ajax.php"
  ["module"] => string(7) "default"
}


--------------------------------------------------------------------------------
2014-12-23T04:38:43+00:00 ERR (3) 404 Seite nicht gefunden
REMOTE_ADDR: 220.134.138.16
HTTP_REFERER: http://graphicore.de/fckeditor/editor/filemanager/browser/default/connectors/asp/connector.asp
requested: array(6) {
  ["controller"] => string(9) "fckeditor"
  ["action"] => string(6) "editor"
  ["filemanager"] => string(7) "browser"
  ["default"] => string(10) "connectors"
  ["asp"] => string(13) "connector.asp"
  ["module"] => string(7) "default"
}


--------------------------------------------------------------------------------
2014-12-23T04:38:45+00:00 ERR (3) 404 Seite nicht gefunden
REMOTE_ADDR: 220.134.138.16
HTTP_REFERER: http://graphicore.de/admin/fckeditor/editor/filemanager/browser/default/connectors/asp/connector.asp
requested: array(6) {
  ["controller"] => string(5) "admin"
  ["action"] => string(9) "fckeditor"
  ["editor"] => string(11) "filemanager"
  ["browser"] => string(7) "default"
  ["connectors"] => string(3) "asp"
  ["module"] => string(7) "default"
}


--------------------------------------------------------------------------------
2014-12-23T04:38:47+00:00 ERR (3) 404 Seite nicht gefunden
REMOTE_ADDR: 220.134.138.16
HTTP_REFERER: http://graphicore.de/editor/filemanager/browser/default/connectors/asp/connector.asp
requested: array(5) {
  ["controller"] => string(6) "editor"
  ["action"] => string(11) "filemanager"
  ["browser"] => string(7) "default"
  ["connectors"] => string(3) "asp"
  ["module"] => string(7) "default"
}


--------------------------------------------------------------------------------
2014-12-23T04:38:51+00:00 ERR (3) 404 Seite nicht gefunden
REMOTE_ADDR: 220.134.138.16
HTTP_REFERER: http://graphicore.de/manage/fckeditor/editor/filemanager/browser/default/connectors/asp/connector.asp
requested: array(6) {
  ["controller"] => string(6) "manage"
  ["action"] => string(9) "fckeditor"
  ["editor"] => string(11) "filemanager"
  ["browser"] => string(7) "default"
  ["connectors"] => string(3) "asp"
  ["module"] => string(7) "default"
}


--------------------------------------------------------------------------------
2014-12-23T06:17:17+00:00 ERR (3) 404 Seite nicht gefunden
REMOTE_ADDR: 198.57.210.25
HTTP_REFERER: 
requested: array(3) {
  ["controller"] => string(4) "user"
  ["action"] => string(5) "index"
  ["module"] => string(7) "default"
}


--------------------------------------------------------------------------------
2014-12-23T06:17:18+00:00 ERR (3) 404 Seite nicht gefunden
REMOTE_ADDR: 198.57.210.25
HTTP_REFERER: 
requested: array(3) {
  ["controller"] => string(9) "admin.php"
  ["action"] => string(5) "index"
  ["module"] => string(7) "default"
}


--------------------------------------------------------------------------------
2014-12-23T08:17:43+00:00 ERR (3) 404 Seite nicht gefunden
REMOTE_ADDR: 66.249.78.157
HTTP_REFERER: 
requested: array(4) {
  ["controller"] => string(5) "diary"
  ["action"] => string(29) "tag:graphicore.de,2010-09-27:"
  ["diary"] => string(27) "201009272109094ca107f52b79c"
  ["module"] => string(7) "default"
}


--------------------------------------------------------------------------------
2014-12-23T08:20:24+00:00 ERR (3) 404 Seite nicht gefunden
REMOTE_ADDR: 66.249.78.150
HTTP_REFERER: 
requested: array(4) {
  ["controller"] => string(5) "diary"
  ["action"] => string(29) "tag:graphicore.de,2010-09-23:"
  ["diary"] => string(27) "201009231107214c9b34e9d0274"
  ["module"] => string(7) "default"
}


--------------------------------------------------------------------------------
2014-12-23T10:34:38+00:00 ERR (3) 404 "hire-lasse" was not found.
REMOTE_ADDR: 188.143.232.211
HTTP_REFERER: 
requested: array(5) {
  ["lang"] => string(2) "en"
  ["action"] => string(4) "page"
  ["key"] => string(10) "hire-lasse"
  ["module"] => string(7) "default"
  ["controller"] => string(5) "index"
}


--------------------------------------------------------------------------------
2014-12-23T12:49:23+00:00 ERR (3) 404 Seite nicht gefunden
REMOTE_ADDR: 120.138.27.81
HTTP_REFERER: 
requested: array(3) {
  ["controller"] => string(8) "wp-admin"
  ["action"] => string(5) "index"
  ["module"] => string(7) "default"
}


--------------------------------------------------------------------------------
2014-12-23T12:59:41+00:00 ERR (3) 404 Seite nicht gefunden
REMOTE_ADDR: 213.251.182.11
HTTP_REFERER: 
requested: array(3) {
  ["controller"] => string(4) "test"
  ["action"] => string(8) "wp-admin"
  ["module"] => string(7) "default"
}


--------------------------------------------------------------------------------
2014-12-23T13:20:17+00:00 ERR (3) 404 Seite nicht gefunden
REMOTE_ADDR: 213.251.182.12
HTTP_REFERER: 
requested: array(3) {
  ["controller"] => string(4) "blog"
  ["action"] => string(8) "wp-admin"
  ["module"] => string(7) "default"
}


--------------------------------------------------------------------------------
2014-12-23T13:30:49+00:00 ERR (3) 404 Seite nicht gefunden
REMOTE_ADDR: 74.6.53.180
HTTP_REFERER: 
requested: array(3) {
  ["controller"] => string(2) "wp"
  ["action"] => string(8) "wp-admin"
  ["module"] => string(7) "default"
}


--------------------------------------------------------------------------------
2014-12-23T13:41:16+00:00 ERR (3) 404 Seite nicht gefunden
REMOTE_ADDR: 104.171.2.70
HTTP_REFERER: 
requested: array(3) {
  ["controller"] => string(3) "old"
  ["action"] => string(8) "wp-admin"
  ["module"] => string(7) "default"
}


--------------------------------------------------------------------------------
2014-12-23T21:48:27+00:00 ERR (3) 404 "hire-lasse" was not found.
REMOTE_ADDR: 85.114.139.54
HTTP_REFERER: 
requested: array(5) {
  ["lang"] => string(2) "de"
  ["action"] => string(4) "page"
  ["key"] => string(10) "hire-lasse"
  ["module"] => string(7) "default"
  ["controller"] => string(5) "index"
}


--------------------------------------------------------------------------------
2014-12-23T22:45:01+00:00 ERR (3) 404 Seite nicht gefunden
REMOTE_ADDR: 81.30.151.220
HTTP_REFERER: 
requested: array(8) {
  ["controller"] => string(5) "forum"
  ["action"] => string(13) "viewtopic.php"
  ["module"] => string(7) "default"
  ["t"] => string(2) "13"
  ["start"] => string(1) "0"
  ["postdays"] => string(1) "0"
  ["postorder"] => string(3) "asc"
  ["highlight"] => string(0) ""
}


--------------------------------------------------------------------------------
