2018-05-29T02:50:29+00:00 ERR (3) 404 Seite nicht gefunden
REMOTE_ADDR: 87.178.144.167
HTTP_REFERER: 
requested: array(3) {
  ["controller"] => string(6) "https:"
  ["action"] => string(19) "silber-und-blei.com"
  ["module"] => string(7) "default"
}


--------------------------------------------------------------------------------
2018-05-29T03:23:54+00:00 ERR (3) 404 "hire-lasse" was not found.
REMOTE_ADDR: 5.9.112.6
HTTP_REFERER: 
requested: array(5) {
  ["lang"] => string(2) "de"
  ["action"] => string(4) "page"
  ["key"] => string(10) "hire-lasse"
  ["module"] => string(7) "default"
  ["controller"] => string(5) "index"
}


--------------------------------------------------------------------------------
2018-05-29T03:35:47+00:00 ERR (3) 404 "competences" was not found.
REMOTE_ADDR: 66.70.182.142
HTTP_REFERER: 
requested: array(5) {
  ["lang"] => string(2) "en"
  ["action"] => string(4) "page"
  ["key"] => string(11) "competences"
  ["module"] => string(7) "default"
  ["controller"] => string(5) "index"
}


--------------------------------------------------------------------------------
2018-05-29T03:36:56+00:00 ERR (3) 404 "competences" was not found.
REMOTE_ADDR: 66.70.182.175
HTTP_REFERER: 
requested: array(5) {
  ["lang"] => string(2) "en"
  ["action"] => string(4) "page"
  ["key"] => string(11) "competences"
  ["module"] => string(7) "default"
  ["controller"] => string(5) "index"
}


--------------------------------------------------------------------------------
2018-05-29T03:40:43+00:00 ERR (3) 404 Seite nicht gefunden
REMOTE_ADDR: 87.178.144.167
HTTP_REFERER: 
requested: array(4) {
  ["controller"] => string(6) "https:"
  [""] => string(19) "silber-und-blei.com"
  ["action"] => string(5) "index"
  ["module"] => string(7) "default"
}


--------------------------------------------------------------------------------
2018-05-29T10:13:29+00:00 ERR (3) 404 Page not found
REMOTE_ADDR: 86.110.118.66
HTTP_REFERER: http://graphicore.de/wp-content/themes/village/blueprint/gallery/ajaxupload/server/php.php
requested: array(6) {
  ["controller"] => string(10) "wp-content"
  ["action"] => string(6) "themes"
  ["village"] => string(9) "blueprint"
  ["gallery"] => string(10) "ajaxupload"
  ["server"] => string(7) "php.php"
  ["module"] => string(7) "default"
}


--------------------------------------------------------------------------------
2018-05-29T21:00:59+00:00 ERR (3) 404 Seite nicht gefunden
REMOTE_ADDR: 74.201.38.160
HTTP_REFERER: 
requested: array(3) {
  ["controller"] => string(4) "user"
  ["action"] => string(8) "register"
  ["module"] => string(7) "default"
}


--------------------------------------------------------------------------------
2018-05-29T23:44:07+00:00 ERR (3) 404 Seite nicht gefunden
REMOTE_ADDR: 54.236.1.15
HTTP_REFERER: 
requested: array(3) {
  ["controller"] => string(20) "apple-touch-icon.png"
  ["action"] => string(5) "index"
  ["module"] => string(7) "default"
}


--------------------------------------------------------------------------------
