2018-01-26T00:20:37+00:00 ERR (3) 404 Seite nicht gefunden
REMOTE_ADDR: 181.113.154.149
HTTP_REFERER: http://ufojs.org/wp-login.php
requested: array(3) {
  ["controller"] => string(12) "wp-login.php"
  ["action"] => string(5) "index"
  ["module"] => string(7) "default"
}


--------------------------------------------------------------------------------
2018-01-26T00:28:43+00:00 ERR (3) 404 "en" was not found.
REMOTE_ADDR: 216.244.66.201
HTTP_REFERER: 
requested: array(5) {
  ["lang"] => string(2) "en"
  ["action"] => string(7) "archive"
  ["key"] => string(2) "en"
  ["module"] => string(7) "default"
  ["controller"] => string(5) "index"
}


--------------------------------------------------------------------------------
2018-01-26T00:32:38+00:00 ERR (3) 404 Seite nicht gefunden
REMOTE_ADDR: 186.150.163.199
HTTP_REFERER: 
requested: array(3) {
  ["controller"] => string(12) "wp-login.php"
  ["action"] => string(5) "index"
  ["module"] => string(7) "default"
}


--------------------------------------------------------------------------------
2018-01-26T01:08:42+00:00 ERR (3) 404 Seite nicht gefunden
REMOTE_ADDR: 103.52.207.142
HTTP_REFERER: 
requested: array(3) {
  ["controller"] => string(12) "wp-login.php"
  ["action"] => string(5) "index"
  ["module"] => string(7) "default"
}


--------------------------------------------------------------------------------
2018-01-26T01:21:11+00:00 ERR (3) 404 "hire-lasse" was not found.
REMOTE_ADDR: 65.49.2.177
HTTP_REFERER: 
requested: array(5) {
  ["lang"] => string(2) "en"
  ["action"] => string(4) "page"
  ["key"] => string(10) "hire-lasse"
  ["module"] => string(7) "default"
  ["controller"] => string(5) "index"
}


--------------------------------------------------------------------------------
2018-01-26T01:51:23+00:00 ERR (3) 404 Seite nicht gefunden
REMOTE_ADDR: 94.72.104.249
HTTP_REFERER: 
requested: array(3) {
  ["controller"] => string(11) "phpinfo.php"
  ["action"] => string(5) "index"
  ["module"] => string(7) "default"
}


--------------------------------------------------------------------------------
2018-01-26T02:31:37+00:00 ERR (3) 404 Seite nicht gefunden
REMOTE_ADDR: 103.236.112.141
HTTP_REFERER: 
requested: array(3) {
  ["controller"] => string(12) "wp-login.php"
  ["action"] => string(5) "index"
  ["module"] => string(7) "default"
}


--------------------------------------------------------------------------------
2018-01-26T05:38:32+00:00 ERR (3) 404 Seite nicht gefunden
REMOTE_ADDR: 202.158.13.130
HTTP_REFERER: 
requested: array(3) {
  ["controller"] => string(12) "wp-login.php"
  ["action"] => string(5) "index"
  ["module"] => string(7) "default"
}


--------------------------------------------------------------------------------
2018-01-26T05:57:02+00:00 ERR (3) 404 Seite nicht gefunden
REMOTE_ADDR: 50.72.164.62
HTTP_REFERER: 
requested: array(3) {
  ["controller"] => string(12) "wp-login.php"
  ["action"] => string(5) "index"
  ["module"] => string(7) "default"
}


--------------------------------------------------------------------------------
2018-01-26T06:51:26+00:00 ERR (3) 404 Seite nicht gefunden
REMOTE_ADDR: 77.75.129.235
HTTP_REFERER: 
requested: array(3) {
  ["controller"] => string(12) "wp-login.php"
  ["action"] => string(5) "index"
  ["module"] => string(7) "default"
}


--------------------------------------------------------------------------------
2018-01-26T08:54:58+00:00 ERR (3) 404 Seite nicht gefunden
REMOTE_ADDR: 41.193.164.148
HTTP_REFERER: 
requested: array(3) {
  ["controller"] => string(12) "wp-login.php"
  ["action"] => string(5) "index"
  ["module"] => string(7) "default"
}


--------------------------------------------------------------------------------
2018-01-26T08:59:52+00:00 ERR (3) 404 Seite nicht gefunden
REMOTE_ADDR: 120.29.84.248
HTTP_REFERER: 
requested: array(3) {
  ["controller"] => string(12) "wp-login.php"
  ["action"] => string(5) "index"
  ["module"] => string(7) "default"
}


--------------------------------------------------------------------------------
2018-01-26T11:06:02+00:00 ERR (3) 404 Seite nicht gefunden
REMOTE_ADDR: 217.69.133.68
HTTP_REFERER: 
requested: array(3) {
  ["controller"] => string(11) "sitemap.xml"
  ["action"] => string(5) "index"
  ["module"] => string(7) "default"
}


--------------------------------------------------------------------------------
2018-01-26T12:01:37+00:00 ERR (3) 404 Seite nicht gefunden
REMOTE_ADDR: 174.138.22.250
HTTP_REFERER: 
requested: array(3) {
  ["controller"] => string(11) "license.txt"
  ["action"] => string(5) "index"
  ["module"] => string(7) "default"
}


--------------------------------------------------------------------------------
2018-01-26T12:01:40+00:00 ERR (3) 404 Seite nicht gefunden
REMOTE_ADDR: 174.138.22.250
HTTP_REFERER: 
requested: array(3) {
  ["controller"] => string(10) "README.txt"
  ["action"] => string(5) "index"
  ["module"] => string(7) "default"
}


--------------------------------------------------------------------------------
2018-01-26T12:01:41+00:00 ERR (3) 404 Seite nicht gefunden
REMOTE_ADDR: 174.138.22.250
HTTP_REFERER: 
requested: array(4) {
  ["controller"] => string(5) "media"
  ["action"] => string(6) "system"
  ["js"] => string(7) "core.js"
  ["module"] => string(7) "default"
}


--------------------------------------------------------------------------------
2018-01-26T12:01:44+00:00 ERR (3) 404 Seite nicht gefunden
REMOTE_ADDR: 174.138.22.250
HTTP_REFERER: 
requested: array(3) {
  ["controller"] => string(10) "README.txt"
  ["action"] => string(5) "index"
  ["module"] => string(7) "default"
}


--------------------------------------------------------------------------------
2018-01-26T12:01:50+00:00 ERR (3) 404 Seite nicht gefunden
REMOTE_ADDR: 174.138.22.250
HTTP_REFERER: 
requested: array(3) {
  ["controller"] => string(2) "js"
  ["action"] => string(8) "admin.js"
  ["module"] => string(7) "default"
}


--------------------------------------------------------------------------------
2018-01-26T12:02:01+00:00 ERR (3) 404 Seite nicht gefunden
REMOTE_ADDR: 69.89.31.161
HTTP_REFERER: 
requested: array(3) {
  ["controller"] => string(8) "wp-admin"
  ["action"] => string(5) "index"
  ["module"] => string(7) "default"
}


--------------------------------------------------------------------------------
2018-01-26T12:12:10+00:00 ERR (3) 404 Seite nicht gefunden
REMOTE_ADDR: 212.227.221.35
HTTP_REFERER: 
requested: array(3) {
  ["controller"] => string(4) "test"
  ["action"] => string(8) "wp-admin"
  ["module"] => string(7) "default"
}


--------------------------------------------------------------------------------
2018-01-26T12:41:55+00:00 ERR (3) 404 Seite nicht gefunden
REMOTE_ADDR: 91.238.161.174
HTTP_REFERER: 
requested: array(3) {
  ["controller"] => string(2) "wp"
  ["action"] => string(8) "wp-admin"
  ["module"] => string(7) "default"
}


--------------------------------------------------------------------------------
2018-01-26T12:51:39+00:00 ERR (3) 404 Seite nicht gefunden
REMOTE_ADDR: 178.162.214.71
HTTP_REFERER: 
requested: array(3) {
  ["controller"] => string(3) "old"
  ["action"] => string(8) "wp-admin"
  ["module"] => string(7) "default"
}


--------------------------------------------------------------------------------
2018-01-26T13:43:51+00:00 ERR (3) 404 Seite nicht gefunden
REMOTE_ADDR: 180.249.195.125
HTTP_REFERER: 
requested: array(3) {
  ["controller"] => string(12) "wp-login.php"
  ["action"] => string(5) "index"
  ["module"] => string(7) "default"
}


--------------------------------------------------------------------------------
2018-01-26T15:19:02+00:00 ERR (3) 404 Seite nicht gefunden
REMOTE_ADDR: 190.70.66.132
HTTP_REFERER: 
requested: array(3) {
  ["controller"] => string(12) "wp-login.php"
  ["action"] => string(5) "index"
  ["module"] => string(7) "default"
}


--------------------------------------------------------------------------------
2018-01-26T15:20:57+00:00 ERR (3) 404 "" was not found.
REMOTE_ADDR: 54.196.46.164
HTTP_REFERER: 
requested: array(5) {
  ["lang"] => string(2) "en"
  ["action"] => string(7) "archive"
  ["module"] => string(7) "default"
  ["controller"] => string(5) "index"
  ["key"] => string(0) ""
}


--------------------------------------------------------------------------------
2018-01-26T15:38:28+00:00 ERR (3) 404 "hire-lasse" was not found.
REMOTE_ADDR: 54.196.46.164
HTTP_REFERER: 
requested: array(5) {
  ["lang"] => string(2) "en"
  ["action"] => string(4) "page"
  ["key"] => string(10) "hire-lasse"
  ["module"] => string(7) "default"
  ["controller"] => string(5) "index"
}


--------------------------------------------------------------------------------
2018-01-26T16:15:41+00:00 ERR (3) 404 Seite nicht gefunden
REMOTE_ADDR: 5.44.169.63
HTTP_REFERER: 
requested: array(3) {
  ["controller"] => string(12) "wp-login.php"
  ["action"] => string(5) "index"
  ["module"] => string(7) "default"
}


--------------------------------------------------------------------------------
2018-01-26T16:55:22+00:00 ERR (3) 404 Seite nicht gefunden
REMOTE_ADDR: 85.20.188.187
HTTP_REFERER: 
requested: array(3) {
  ["controller"] => string(12) "wp-login.php"
  ["action"] => string(5) "index"
  ["module"] => string(7) "default"
}


--------------------------------------------------------------------------------
2018-01-26T18:45:38+00:00 ERR (3) 404 Seite nicht gefunden
REMOTE_ADDR: 134.41.91.6
HTTP_REFERER: 
requested: array(3) {
  ["controller"] => string(12) "wp-login.php"
  ["action"] => string(5) "index"
  ["module"] => string(7) "default"
}


--------------------------------------------------------------------------------
2018-01-26T19:33:21+00:00 ERR (3) 404 Seite nicht gefunden
REMOTE_ADDR: 78.96.76.75
HTTP_REFERER: 
requested: array(3) {
  ["controller"] => string(12) "wp-login.php"
  ["action"] => string(5) "index"
  ["module"] => string(7) "default"
}


--------------------------------------------------------------------------------
2018-01-26T21:06:19+00:00 ERR (3) 404 Seite nicht gefunden
REMOTE_ADDR: 94.200.220.210
HTTP_REFERER: 
requested: array(3) {
  ["controller"] => string(12) "wp-login.php"
  ["action"] => string(5) "index"
  ["module"] => string(7) "default"
}


--------------------------------------------------------------------------------
2018-01-26T21:40:42+00:00 ERR (3) 404 Seite nicht gefunden
REMOTE_ADDR: 86.97.13.82
HTTP_REFERER: 
requested: array(3) {
  ["controller"] => string(12) "wp-login.php"
  ["action"] => string(5) "index"
  ["module"] => string(7) "default"
}


--------------------------------------------------------------------------------
