2016-02-20T01:42:17+00:00 ERR (3) 404 Seite nicht gefunden
REMOTE_ADDR: 201.70.52.10
HTTP_REFERER: 
requested: array(3) {
  ["controller"] => string(8) "wp-admin"
  ["action"] => string(5) "index"
  ["module"] => string(7) "default"
}


--------------------------------------------------------------------------------
2016-02-20T01:48:20+00:00 ERR (3) 404 Seite nicht gefunden
REMOTE_ADDR: 74.208.16.115
HTTP_REFERER: 
requested: array(3) {
  ["controller"] => string(4) "test"
  ["action"] => string(8) "wp-admin"
  ["module"] => string(7) "default"
}


--------------------------------------------------------------------------------
2016-02-20T01:54:14+00:00 ERR (3) 404 Seite nicht gefunden
REMOTE_ADDR: 91.216.141.78
HTTP_REFERER: 
requested: array(3) {
  ["controller"] => string(9) "wordpress"
  ["action"] => string(8) "wp-admin"
  ["module"] => string(7) "default"
}


--------------------------------------------------------------------------------
2016-02-20T02:00:19+00:00 ERR (3) 404 Seite nicht gefunden
REMOTE_ADDR: 216.239.136.52
HTTP_REFERER: 
requested: array(3) {
  ["controller"] => string(4) "blog"
  ["action"] => string(8) "wp-admin"
  ["module"] => string(7) "default"
}


--------------------------------------------------------------------------------
2016-02-20T02:06:34+00:00 ERR (3) 404 Seite nicht gefunden
REMOTE_ADDR: 107.155.87.163
HTTP_REFERER: 
requested: array(3) {
  ["controller"] => string(2) "wp"
  ["action"] => string(8) "wp-admin"
  ["module"] => string(7) "default"
}


--------------------------------------------------------------------------------
2016-02-20T02:12:42+00:00 ERR (3) 404 Seite nicht gefunden
REMOTE_ADDR: 208.113.185.93
HTTP_REFERER: 
requested: array(3) {
  ["controller"] => string(3) "old"
  ["action"] => string(8) "wp-admin"
  ["module"] => string(7) "default"
}


--------------------------------------------------------------------------------
2016-02-20T04:40:18+00:00 ERR (3) 404 Seite nicht gefunden
REMOTE_ADDR: 188.40.95.70
HTTP_REFERER: 
requested: array(3) {
  ["controller"] => string(5) "diary"
  ["action"] => string(4) "atom"
  ["module"] => string(7) "default"
}


--------------------------------------------------------------------------------
2016-02-20T04:40:20+00:00 ERR (3) 404 Seite nicht gefunden
REMOTE_ADDR: 188.40.95.70
HTTP_REFERER: 
requested: array(3) {
  ["controller"] => string(5) "diary"
  ["action"] => string(17) "tag:graphicore.de"
  ["module"] => string(7) "default"
}


--------------------------------------------------------------------------------
2016-02-20T15:07:17+00:00 ERR (3) 404 Seite nicht gefunden
REMOTE_ADDR: 46.118.155.216
HTTP_REFERER: 
requested: array(4) {
  ["controller"] => string(10) "xmlrpc.php"
  ["action"] => string(5) "index"
  ["module"] => string(7) "default"
  ["rsd"] => string(0) ""
}


--------------------------------------------------------------------------------
2016-02-20T15:07:17+00:00 ERR (3) 404 Seite nicht gefunden
REMOTE_ADDR: 46.118.155.216
HTTP_REFERER: 
requested: array(3) {
  ["controller"] => string(4) "blog"
  ["action"] => string(10) "robots.txt"
  ["module"] => string(7) "default"
}


--------------------------------------------------------------------------------
2016-02-20T15:07:17+00:00 ERR (3) 404 Seite nicht gefunden
REMOTE_ADDR: 46.118.155.216
HTTP_REFERER: 
requested: array(3) {
  ["controller"] => string(4) "blog"
  ["action"] => string(5) "index"
  ["module"] => string(7) "default"
}


--------------------------------------------------------------------------------
2016-02-20T15:07:17+00:00 ERR (3) 404 Seite nicht gefunden
REMOTE_ADDR: 46.118.155.216
HTTP_REFERER: 
requested: array(3) {
  ["controller"] => string(9) "wordpress"
  ["action"] => string(5) "index"
  ["module"] => string(7) "default"
}


--------------------------------------------------------------------------------
2016-02-20T15:07:17+00:00 ERR (3) 404 Seite nicht gefunden
REMOTE_ADDR: 46.118.155.216
HTTP_REFERER: 
requested: array(3) {
  ["controller"] => string(2) "wp"
  ["action"] => string(5) "index"
  ["module"] => string(7) "default"
}


--------------------------------------------------------------------------------
2016-02-20T21:31:43+00:00 ERR (3) 404 Seite nicht gefunden
REMOTE_ADDR: 176.222.138.38
HTTP_REFERER: http://graphicore.de/forum/
requested: array(3) {
  ["controller"] => string(5) "forum"
  ["action"] => string(5) "index"
  ["module"] => string(7) "default"
}


--------------------------------------------------------------------------------
2016-02-20T22:00:26+00:00 ERR (3) 404 "hire-lasse" was not found.
REMOTE_ADDR: 157.55.39.250
HTTP_REFERER: 
requested: array(5) {
  ["lang"] => string(2) "de"
  ["action"] => string(4) "page"
  ["key"] => string(10) "hire-lasse"
  ["module"] => string(7) "default"
  ["controller"] => string(5) "index"
}


--------------------------------------------------------------------------------
