2019-03-19T02:12:45+00:00 ERR (3) 404 "anne" was not found.
REMOTE_ADDR: 157.55.39.224
HTTP_REFERER: 
requested: array(5) {
  ["lang"] => string(2) "de"
  ["action"] => string(4) "page"
  ["key"] => string(4) "anne"
  ["module"] => string(7) "default"
  ["controller"] => string(5) "index"
}


--------------------------------------------------------------------------------
2019-03-19T05:21:52+00:00 ERR (3) 404 Seite nicht gefunden
REMOTE_ADDR: 38.99.62.93
HTTP_REFERER: 
requested: array(3) {
  ["controller"] => string(7) "ads.txt"
  ["action"] => string(5) "index"
  ["module"] => string(7) "default"
}


--------------------------------------------------------------------------------
2019-03-19T05:33:16+00:00 ERR (3) 404 Seite nicht gefunden
REMOTE_ADDR: 54.36.148.191
HTTP_REFERER: 
requested: array(8) {
  ["controller"] => string(5) "forum"
  ["action"] => string(13) "viewtopic.php"
  ["module"] => string(7) "default"
  ["t"] => string(2) "13"
  ["start"] => string(1) "0"
  ["postdays"] => string(1) "0"
  ["postorder"] => string(3) "asc"
  ["highlight"] => string(0) ""
}


--------------------------------------------------------------------------------
2019-03-19T07:51:29+00:00 ERR (3) 404 Seite nicht gefunden
REMOTE_ADDR: 35.175.255.248
HTTP_REFERER: 
requested: array(3) {
  ["controller"] => string(7) "ads.txt"
  ["action"] => string(5) "index"
  ["module"] => string(7) "default"
}


--------------------------------------------------------------------------------
2019-03-19T14:05:28+00:00 ERR (3) 404 "anne" was not found.
REMOTE_ADDR: 66.249.66.218
HTTP_REFERER: 
requested: array(5) {
  ["lang"] => string(2) "de"
  ["action"] => string(4) "page"
  ["key"] => string(4) "anne"
  ["module"] => string(7) "default"
  ["controller"] => string(5) "index"
}


--------------------------------------------------------------------------------
2019-03-19T14:11:43+00:00 ERR (3) 404 Page not found
REMOTE_ADDR: 134.73.199.154
HTTP_REFERER: http://graphicore.de/wp-content/themes/konzept/style.css
requested: array(4) {
  ["controller"] => string(10) "wp-content"
  ["action"] => string(6) "themes"
  ["konzept"] => string(9) "style.css"
  ["module"] => string(7) "default"
}


--------------------------------------------------------------------------------
2019-03-19T14:14:56+00:00 ERR (3) 404 "competences" was not found.
REMOTE_ADDR: 66.249.66.218
HTTP_REFERER: 
requested: array(5) {
  ["lang"] => string(2) "de"
  ["action"] => string(4) "page"
  ["key"] => string(11) "competences"
  ["module"] => string(7) "default"
  ["controller"] => string(5) "index"
}


--------------------------------------------------------------------------------
2019-03-19T18:39:41+00:00 ERR (3) 404 Seite nicht gefunden
REMOTE_ADDR: 46.118.126.68
HTTP_REFERER: 
requested: array(6) {
  ["controller"] => string(7) "mambots"
  ["action"] => string(7) "editors"
  ["fckeditor"] => string(6) "editor"
  ["filemanager"] => string(6) "upload"
  ["php"] => string(10) "upload.php"
  ["module"] => string(7) "default"
}


--------------------------------------------------------------------------------
2019-03-19T20:52:36+00:00 ERR (3) 404 Seite nicht gefunden
REMOTE_ADDR: 169.197.108.30
HTTP_REFERER: 
requested: array(3) {
  ["controller"] => string(4) "node"
  ["action"] => string(1) "1"
  ["module"] => string(7) "default"
}


--------------------------------------------------------------------------------
2019-03-19T21:53:50+00:00 ERR (3) 404 Seite nicht gefunden
REMOTE_ADDR: 216.250.126.131
HTTP_REFERER: 
requested: array(4) {
  ["controller"] => string(6) "https:"
  [""] => string(19) "silber-und-blei.com"
  ["action"] => string(5) "index"
  ["module"] => string(7) "default"
}


--------------------------------------------------------------------------------
