2019-07-27T00:00:35+00:00 ERR (3) 404 Seite nicht gefunden
REMOTE_ADDR: 74.220.215.232
HTTP_REFERER: 
requested: array(3) {
  ["controller"] => string(4) "test"
  ["action"] => string(8) "wp-admin"
  ["module"] => string(7) "default"
}


--------------------------------------------------------------------------------
2019-07-27T00:07:15+00:00 ERR (3) 404 Seite nicht gefunden
REMOTE_ADDR: 18.136.8.191
HTTP_REFERER: 
requested: array(3) {
  ["controller"] => string(9) "wordpress"
  ["action"] => string(8) "wp-admin"
  ["module"] => string(7) "default"
}


--------------------------------------------------------------------------------
2019-07-27T00:13:55+00:00 ERR (3) 404 Seite nicht gefunden
REMOTE_ADDR: 89.47.53.5
HTTP_REFERER: 
requested: array(3) {
  ["controller"] => string(4) "blog"
  ["action"] => string(8) "wp-admin"
  ["module"] => string(7) "default"
}


--------------------------------------------------------------------------------
2019-07-27T00:20:35+00:00 ERR (3) 404 Seite nicht gefunden
REMOTE_ADDR: 173.236.176.142
HTTP_REFERER: 
requested: array(3) {
  ["controller"] => string(2) "wp"
  ["action"] => string(8) "wp-admin"
  ["module"] => string(7) "default"
}


--------------------------------------------------------------------------------
2019-07-27T04:58:33+00:00 ERR (3) 404 "anne" was not found.
REMOTE_ADDR: 66.249.79.90
HTTP_REFERER: 
requested: array(5) {
  ["lang"] => string(2) "en"
  ["action"] => string(4) "page"
  ["key"] => string(4) "anne"
  ["module"] => string(7) "default"
  ["controller"] => string(5) "index"
}


--------------------------------------------------------------------------------
2019-07-27T05:07:47+00:00 ERR (3) 404 Seite nicht gefunden
REMOTE_ADDR: 89.136.31.222
HTTP_REFERER: 
requested: array(4) {
  ["controller"] => string(6) "https:"
  [""] => string(19) "silber-und-blei.com"
  ["action"] => string(5) "index"
  ["module"] => string(7) "default"
}


--------------------------------------------------------------------------------
2019-07-27T06:45:50+00:00 ERR (3) 404 "anne" was not found.
REMOTE_ADDR: 66.249.79.94
HTTP_REFERER: 
requested: array(5) {
  ["lang"] => string(2) "de"
  ["action"] => string(4) "page"
  ["key"] => string(4) "anne"
  ["module"] => string(7) "default"
  ["controller"] => string(5) "index"
}


--------------------------------------------------------------------------------
2019-07-27T07:23:50+00:00 ERR (3) 404 Seite nicht gefunden
REMOTE_ADDR: 68.183.58.214
HTTP_REFERER: 
requested: array(3) {
  ["controller"] => string(17) "adminer-4.6.2.php"
  ["action"] => string(5) "index"
  ["module"] => string(7) "default"
}


--------------------------------------------------------------------------------
2019-07-27T08:06:14+00:00 ERR (3) 404 Seite nicht gefunden
REMOTE_ADDR: 68.183.58.214
HTTP_REFERER: 
requested: array(3) {
  ["controller"] => string(17) "adminer-4.6.1.php"
  ["action"] => string(5) "index"
  ["module"] => string(7) "default"
}


--------------------------------------------------------------------------------
2019-07-27T08:48:21+00:00 ERR (3) 404 Seite nicht gefunden
REMOTE_ADDR: 68.183.58.214
HTTP_REFERER: 
requested: array(3) {
  ["controller"] => string(17) "adminer-4.6.0.php"
  ["action"] => string(5) "index"
  ["module"] => string(7) "default"
}


--------------------------------------------------------------------------------
2019-07-27T09:30:43+00:00 ERR (3) 404 Seite nicht gefunden
REMOTE_ADDR: 68.183.58.214
HTTP_REFERER: 
requested: array(3) {
  ["controller"] => string(17) "adminer-4.5.0.php"
  ["action"] => string(5) "index"
  ["module"] => string(7) "default"
}


--------------------------------------------------------------------------------
2019-07-27T10:12:47+00:00 ERR (3) 404 Seite nicht gefunden
REMOTE_ADDR: 68.183.58.214
HTTP_REFERER: 
requested: array(3) {
  ["controller"] => string(17) "adminer-4.4.0.php"
  ["action"] => string(5) "index"
  ["module"] => string(7) "default"
}


--------------------------------------------------------------------------------
2019-07-27T10:54:53+00:00 ERR (3) 404 Seite nicht gefunden
REMOTE_ADDR: 68.183.58.214
HTTP_REFERER: 
requested: array(3) {
  ["controller"] => string(17) "adminer-4.3.1.php"
  ["action"] => string(5) "index"
  ["module"] => string(7) "default"
}


--------------------------------------------------------------------------------
2019-07-27T11:37:10+00:00 ERR (3) 404 Seite nicht gefunden
REMOTE_ADDR: 68.183.58.214
HTTP_REFERER: 
requested: array(3) {
  ["controller"] => string(17) "adminer-4.3.0.php"
  ["action"] => string(5) "index"
  ["module"] => string(7) "default"
}


--------------------------------------------------------------------------------
2019-07-27T12:19:26+00:00 ERR (3) 404 Seite nicht gefunden
REMOTE_ADDR: 68.183.58.214
HTTP_REFERER: 
requested: array(3) {
  ["controller"] => string(17) "adminer-4.2.5.php"
  ["action"] => string(5) "index"
  ["module"] => string(7) "default"
}


--------------------------------------------------------------------------------
2019-07-27T23:18:06+00:00 ERR (3) 404 Seite nicht gefunden
REMOTE_ADDR: 138.201.251.254
HTTP_REFERER: 
requested: array(5) {
  ["lang"] => string(2) "de"
  ["action"] => string(2) "de"
  ["module"] => string(7) "default"
  ["controller"] => string(5) "index"
  ["key"] => string(0) ""
}


--------------------------------------------------------------------------------
2019-07-27T23:18:09+00:00 ERR (3) 404 Seite nicht gefunden
REMOTE_ADDR: 138.201.251.254
HTTP_REFERER: 
requested: array(5) {
  ["lang"] => string(2) "de"
  ["action"] => string(2) "en"
  ["module"] => string(7) "default"
  ["controller"] => string(5) "index"
  ["key"] => string(0) ""
}


--------------------------------------------------------------------------------
2019-07-27T23:19:53+00:00 ERR (3) 404 The filter "de" was not found.
REMOTE_ADDR: 138.201.251.254
HTTP_REFERER: 
requested: array(5) {
  ["lang"] => string(2) "de"
  ["action"] => string(5) "diary"
  ["key"] => string(2) "de"
  ["module"] => string(7) "default"
  ["controller"] => string(5) "index"
}


--------------------------------------------------------------------------------
2019-07-27T23:20:04+00:00 ERR (3) 404 The filter "en" was not found.
REMOTE_ADDR: 138.201.251.254
HTTP_REFERER: 
requested: array(5) {
  ["lang"] => string(2) "de"
  ["action"] => string(5) "diary"
  ["key"] => string(2) "en"
  ["module"] => string(7) "default"
  ["controller"] => string(5) "index"
}


--------------------------------------------------------------------------------
2019-07-27T23:20:13+00:00 ERR (3) 404 "de" was not found.
REMOTE_ADDR: 138.201.251.254
HTTP_REFERER: 
requested: array(5) {
  ["lang"] => string(2) "de"
  ["action"] => string(4) "page"
  ["key"] => string(2) "de"
  ["module"] => string(7) "default"
  ["controller"] => string(5) "index"
}


--------------------------------------------------------------------------------
2019-07-27T23:20:18+00:00 ERR (3) 404 "en" was not found.
REMOTE_ADDR: 138.201.251.254
HTTP_REFERER: 
requested: array(5) {
  ["lang"] => string(2) "de"
  ["action"] => string(4) "page"
  ["key"] => string(2) "en"
  ["module"] => string(7) "default"
  ["controller"] => string(5) "index"
}


--------------------------------------------------------------------------------
2019-07-27T23:20:29+00:00 ERR (3) 404 "competences" was not found.
REMOTE_ADDR: 138.201.251.254
HTTP_REFERER: 
requested: array(5) {
  ["lang"] => string(2) "de"
  ["action"] => string(4) "page"
  ["key"] => string(11) "competences"
  ["module"] => string(7) "default"
  ["controller"] => string(5) "index"
}


--------------------------------------------------------------------------------
2019-07-27T23:20:52+00:00 ERR (3) 404 "hire-lasse" was not found.
REMOTE_ADDR: 138.201.251.254
HTTP_REFERER: 
requested: array(5) {
  ["lang"] => string(2) "de"
  ["action"] => string(4) "page"
  ["key"] => string(10) "hire-lasse"
  ["module"] => string(7) "default"
  ["controller"] => string(5) "index"
}


--------------------------------------------------------------------------------
2019-07-27T23:20:57+00:00 ERR (3) 404 "de" was not found.
REMOTE_ADDR: 138.201.251.254
HTTP_REFERER: 
requested: array(5) {
  ["lang"] => string(2) "de"
  ["action"] => string(7) "archive"
  ["key"] => string(2) "de"
  ["module"] => string(7) "default"
  ["controller"] => string(5) "index"
}


--------------------------------------------------------------------------------
2019-07-27T23:21:02+00:00 ERR (3) 404 "en" was not found.
REMOTE_ADDR: 138.201.251.254
HTTP_REFERER: 
requested: array(5) {
  ["lang"] => string(2) "de"
  ["action"] => string(7) "archive"
  ["key"] => string(2) "en"
  ["module"] => string(7) "default"
  ["controller"] => string(5) "index"
}


--------------------------------------------------------------------------------
2019-07-27T23:21:06+00:00 ERR (3) 404 Page not found
REMOTE_ADDR: 138.201.251.254
HTTP_REFERER: 
requested: array(5) {
  ["lang"] => string(2) "en"
  ["action"] => string(2) "de"
  ["module"] => string(7) "default"
  ["controller"] => string(5) "index"
  ["key"] => string(0) ""
}


--------------------------------------------------------------------------------
2019-07-27T23:21:10+00:00 ERR (3) 404 Page not found
REMOTE_ADDR: 138.201.251.254
HTTP_REFERER: 
requested: array(5) {
  ["lang"] => string(2) "en"
  ["action"] => string(2) "en"
  ["module"] => string(7) "default"
  ["controller"] => string(5) "index"
  ["key"] => string(0) ""
}


--------------------------------------------------------------------------------
2019-07-27T23:22:47+00:00 ERR (3) 404 The filter "de" was not found.
REMOTE_ADDR: 138.201.251.254
HTTP_REFERER: 
requested: array(5) {
  ["lang"] => string(2) "en"
  ["action"] => string(5) "diary"
  ["key"] => string(2) "de"
  ["module"] => string(7) "default"
  ["controller"] => string(5) "index"
}


--------------------------------------------------------------------------------
2019-07-27T23:22:51+00:00 ERR (3) 404 The filter "en" was not found.
REMOTE_ADDR: 138.201.251.254
HTTP_REFERER: 
requested: array(5) {
  ["lang"] => string(2) "en"
  ["action"] => string(5) "diary"
  ["key"] => string(2) "en"
  ["module"] => string(7) "default"
  ["controller"] => string(5) "index"
}


--------------------------------------------------------------------------------
2019-07-27T23:22:55+00:00 ERR (3) 404 "de" was not found.
REMOTE_ADDR: 138.201.251.254
HTTP_REFERER: 
requested: array(5) {
  ["lang"] => string(2) "en"
  ["action"] => string(4) "page"
  ["key"] => string(2) "de"
  ["module"] => string(7) "default"
  ["controller"] => string(5) "index"
}


--------------------------------------------------------------------------------
2019-07-27T23:22:59+00:00 ERR (3) 404 "en" was not found.
REMOTE_ADDR: 138.201.251.254
HTTP_REFERER: 
requested: array(5) {
  ["lang"] => string(2) "en"
  ["action"] => string(4) "page"
  ["key"] => string(2) "en"
  ["module"] => string(7) "default"
  ["controller"] => string(5) "index"
}


--------------------------------------------------------------------------------
2019-07-27T23:23:03+00:00 ERR (3) 404 "competences" was not found.
REMOTE_ADDR: 138.201.251.254
HTTP_REFERER: 
requested: array(5) {
  ["lang"] => string(2) "en"
  ["action"] => string(4) "page"
  ["key"] => string(11) "competences"
  ["module"] => string(7) "default"
  ["controller"] => string(5) "index"
}


--------------------------------------------------------------------------------
2019-07-27T23:23:07+00:00 ERR (3) 404 "hire-lasse" was not found.
REMOTE_ADDR: 138.201.251.254
HTTP_REFERER: 
requested: array(5) {
  ["lang"] => string(2) "en"
  ["action"] => string(4) "page"
  ["key"] => string(10) "hire-lasse"
  ["module"] => string(7) "default"
  ["controller"] => string(5) "index"
}


--------------------------------------------------------------------------------
2019-07-27T23:23:11+00:00 ERR (3) 404 "de" was not found.
REMOTE_ADDR: 138.201.251.254
HTTP_REFERER: 
requested: array(5) {
  ["lang"] => string(2) "en"
  ["action"] => string(7) "archive"
  ["key"] => string(2) "de"
  ["module"] => string(7) "default"
  ["controller"] => string(5) "index"
}


--------------------------------------------------------------------------------
2019-07-27T23:23:15+00:00 ERR (3) 404 "en" was not found.
REMOTE_ADDR: 138.201.251.254
HTTP_REFERER: 
requested: array(5) {
  ["lang"] => string(2) "en"
  ["action"] => string(7) "archive"
  ["key"] => string(2) "en"
  ["module"] => string(7) "default"
  ["controller"] => string(5) "index"
}


--------------------------------------------------------------------------------
