2013-09-05T00:00:33+00:00 ERR (3) 404 "hire-lasse" was not found.
REMOTE_ADDR: 85.25.71.95
HTTP_REFERER: 
requested: array(5) {
  ["lang"] => string(2) "de"
  ["action"] => string(4) "page"
  ["key"] => string(10) "hire-lasse"
  ["module"] => string(7) "default"
  ["controller"] => string(5) "index"
}


--------------------------------------------------------------------------------
2013-09-05T00:02:47+00:00 ERR (3) 404 "hire-lasse" was not found.
REMOTE_ADDR: 85.25.71.95
HTTP_REFERER: 
requested: array(5) {
  ["lang"] => string(2) "en"
  ["action"] => string(4) "page"
  ["key"] => string(10) "hire-lasse"
  ["module"] => string(7) "default"
  ["controller"] => string(5) "index"
}


--------------------------------------------------------------------------------
2013-09-05T06:50:59+00:00 ERR (3) 404 "" was not found.
REMOTE_ADDR: 208.115.111.73
HTTP_REFERER: 
requested: array(5) {
  ["lang"] => string(2) "en"
  ["action"] => string(7) "archive"
  ["module"] => string(7) "default"
  ["controller"] => string(5) "index"
  ["key"] => string(0) ""
}


--------------------------------------------------------------------------------
2013-09-05T08:46:00+00:00 ERR (3) 404 Seite nicht gefunden
REMOTE_ADDR: 89.123.56.198
HTTP_REFERER: 
requested: array(3) {
  ["controller"] => string(2) "js"
  ["action"] => string(1) "'"
  ["module"] => string(7) "default"
}


--------------------------------------------------------------------------------
2013-09-05T10:47:17+00:00 ERR (3) 404 Seite nicht gefunden
REMOTE_ADDR: 192.99.8.189
HTTP_REFERER: http://graphicore.de/forum/index.php
requested: array(3) {
  ["controller"] => string(5) "forum"
  ["action"] => string(9) "index.php"
  ["module"] => string(7) "default"
}


--------------------------------------------------------------------------------
2013-09-05T12:37:08+00:00 ERR (3) 404 Seite nicht gefunden
REMOTE_ADDR: 109.108.60.102
HTTP_REFERER: http://graphicore.de/forum/index.php
requested: array(3) {
  ["controller"] => string(5) "forum"
  ["action"] => string(9) "index.php"
  ["module"] => string(7) "default"
}


--------------------------------------------------------------------------------
2013-09-05T20:23:12+00:00 ERR (3) 404 Seite nicht gefunden
REMOTE_ADDR: 188.165.85.107
HTTP_REFERER: http://graphicore.de/forum/
requested: array(3) {
  ["controller"] => string(5) "forum"
  ["action"] => string(5) "index"
  ["module"] => string(7) "default"
}


--------------------------------------------------------------------------------
2013-09-05T21:01:11+00:00 ERR (3) 404 Seite nicht gefunden
REMOTE_ADDR: 109.43.1.146
HTTP_REFERER: 
requested: array(3) {
  ["controller"] => string(32) "apple-touch-icon-precomposed.png"
  ["action"] => string(5) "index"
  ["module"] => string(7) "default"
}


--------------------------------------------------------------------------------
2013-09-05T21:01:11+00:00 ERR (3) 404 Seite nicht gefunden
REMOTE_ADDR: 109.43.1.146
HTTP_REFERER: 
requested: array(3) {
  ["controller"] => string(20) "apple-touch-icon.png"
  ["action"] => string(5) "index"
  ["module"] => string(7) "default"
}


--------------------------------------------------------------------------------
