2017-05-02T02:17:55+00:00 ERR (3) 404 "hire-lasse" was not found.
REMOTE_ADDR: 66.249.76.131
HTTP_REFERER: 
requested: array(5) {
  ["lang"] => string(2) "en"
  ["action"] => string(4) "page"
  ["key"] => string(10) "hire-lasse"
  ["module"] => string(7) "default"
  ["controller"] => string(5) "index"
}


--------------------------------------------------------------------------------
2017-05-02T04:18:46+00:00 ERR (3) 404 "hire-lasse" was not found.
REMOTE_ADDR: 194.187.170.146
HTTP_REFERER: 
requested: array(5) {
  ["lang"] => string(2) "de"
  ["action"] => string(4) "page"
  ["key"] => string(10) "hire-lasse"
  ["module"] => string(7) "default"
  ["controller"] => string(5) "index"
}


--------------------------------------------------------------------------------
2017-05-02T04:44:06+00:00 ERR (3) 404 "hire-lasse" was not found.
REMOTE_ADDR: 194.187.170.146
HTTP_REFERER: 
requested: array(5) {
  ["lang"] => string(2) "en"
  ["action"] => string(4) "page"
  ["key"] => string(10) "hire-lasse"
  ["module"] => string(7) "default"
  ["controller"] => string(5) "index"
}


--------------------------------------------------------------------------------
2017-05-02T06:31:45+00:00 ERR (3) 404 Seite nicht gefunden
REMOTE_ADDR: 184.106.10.130
HTTP_REFERER: 
requested: array(3) {
  ["controller"] => string(8) "wp-admin"
  ["action"] => string(5) "index"
  ["module"] => string(7) "default"
}


--------------------------------------------------------------------------------
2017-05-02T06:41:23+00:00 ERR (3) 404 Seite nicht gefunden
REMOTE_ADDR: 207.210.200.145
HTTP_REFERER: 
requested: array(3) {
  ["controller"] => string(4) "test"
  ["action"] => string(8) "wp-admin"
  ["module"] => string(7) "default"
}


--------------------------------------------------------------------------------
2017-05-02T06:51:01+00:00 ERR (3) 404 Seite nicht gefunden
REMOTE_ADDR: 91.238.72.82
HTTP_REFERER: 
requested: array(3) {
  ["controller"] => string(9) "wordpress"
  ["action"] => string(8) "wp-admin"
  ["module"] => string(7) "default"
}


--------------------------------------------------------------------------------
2017-05-02T07:00:47+00:00 ERR (3) 404 Seite nicht gefunden
REMOTE_ADDR: 213.251.182.110
HTTP_REFERER: 
requested: array(3) {
  ["controller"] => string(4) "blog"
  ["action"] => string(8) "wp-admin"
  ["module"] => string(7) "default"
}


--------------------------------------------------------------------------------
2017-05-02T07:10:41+00:00 ERR (3) 404 Seite nicht gefunden
REMOTE_ADDR: 217.199.187.190
HTTP_REFERER: 
requested: array(3) {
  ["controller"] => string(2) "wp"
  ["action"] => string(8) "wp-admin"
  ["module"] => string(7) "default"
}


--------------------------------------------------------------------------------
2017-05-02T07:20:24+00:00 ERR (3) 404 Seite nicht gefunden
REMOTE_ADDR: 151.236.51.89
HTTP_REFERER: 
requested: array(3) {
  ["controller"] => string(3) "old"
  ["action"] => string(8) "wp-admin"
  ["module"] => string(7) "default"
}


--------------------------------------------------------------------------------
2017-05-02T15:27:48+00:00 ERR (3) 404 Page not found
REMOTE_ADDR: 93.227.140.169
HTTP_REFERER: http://www.wday.com/latest
requested: array(3) {
  ["controller"] => string(19) "Xyxi7EvprTXgKkRM.js"
  ["action"] => string(5) "index"
  ["module"] => string(7) "default"
}


--------------------------------------------------------------------------------
2017-05-02T16:58:59+00:00 ERR (3) 404 Page not found
REMOTE_ADDR: 94.208.196.172
HTTP_REFERER: http://alphamom.com/family-fun/crafts/teacher-appreciation-smiling-paper-flowers/
requested: array(3) {
  ["controller"] => string(33) "TOqJr2SzRekOtGftfX1UH2IVB4Dk4p.js"
  ["action"] => string(5) "index"
  ["module"] => string(7) "default"
}


--------------------------------------------------------------------------------
2017-05-02T20:22:18+00:00 ERR (3) 404 Seite nicht gefunden
REMOTE_ADDR: 66.249.76.131
HTTP_REFERER: 
requested: array(3) {
  ["controller"] => string(26) "apple-app-site-association"
  ["action"] => string(5) "index"
  ["module"] => string(7) "default"
}


--------------------------------------------------------------------------------
2017-05-02T21:25:31+00:00 ERR (3) 404 Seite nicht gefunden
REMOTE_ADDR: 66.249.66.43
HTTP_REFERER: 
requested: array(3) {
  ["controller"] => string(11) ".well-known"
  ["action"] => string(15) "assetlinks.json"
  ["module"] => string(7) "default"
}


--------------------------------------------------------------------------------
2017-05-02T21:30:39+00:00 ERR (3) 404 Seite nicht gefunden
REMOTE_ADDR: 66.249.76.134
HTTP_REFERER: 
requested: array(3) {
  ["controller"] => string(11) ".well-known"
  ["action"] => string(26) "apple-app-site-association"
  ["module"] => string(7) "default"
}


--------------------------------------------------------------------------------
