2016-12-16T06:59:09+00:00 ERR (3) 404 "en" was not found.
REMOTE_ADDR: 216.244.66.233
HTTP_REFERER: 
requested: array(5) {
  ["lang"] => string(2) "de"
  ["action"] => string(4) "page"
  ["key"] => string(2) "en"
  ["module"] => string(7) "default"
  ["controller"] => string(5) "index"
}


--------------------------------------------------------------------------------
2016-12-16T07:05:46+00:00 ERR (3) 404 "hire-lasse" was not found.
REMOTE_ADDR: 178.208.108.225
HTTP_REFERER: 
requested: array(5) {
  ["lang"] => string(2) "de"
  ["action"] => string(4) "page"
  ["key"] => string(10) "hire-lasse"
  ["module"] => string(7) "default"
  ["controller"] => string(5) "index"
}


--------------------------------------------------------------------------------
2016-12-16T07:05:48+00:00 ERR (3) 404 Seite nicht gefunden
REMOTE_ADDR: 178.208.108.225
HTTP_REFERER: 
requested: array(3) {
  ["controller"] => string(5) "ufojs"
  ["action"] => string(3) "env"
  ["module"] => string(7) "default"
}


--------------------------------------------------------------------------------
2016-12-16T08:59:27+00:00 ERR (3) 404 "de" was not found.
REMOTE_ADDR: 216.244.66.233
HTTP_REFERER: 
requested: array(5) {
  ["lang"] => string(2) "de"
  ["action"] => string(7) "archive"
  ["key"] => string(2) "de"
  ["module"] => string(7) "default"
  ["controller"] => string(5) "index"
}


--------------------------------------------------------------------------------
2016-12-16T09:02:35+00:00 ERR (3) 404 Seite nicht gefunden
REMOTE_ADDR: 67.52.251.202
HTTP_REFERER: 
requested: array(4) {
  ["controller"] => string(6) "https:"
  [""] => string(19) "silber-und-blei.com"
  ["action"] => string(5) "index"
  ["module"] => string(7) "default"
}


--------------------------------------------------------------------------------
2016-12-16T12:34:40+00:00 ERR (3) 404 Seite nicht gefunden
REMOTE_ADDR: 66.249.75.19
HTTP_REFERER: 
requested: array(4) {
  ["controller"] => string(5) "diary"
  ["action"] => string(29) "tag:graphicore.de,2010-07-09:"
  ["diary"] => string(27) "201007091937074c377a6340b8b"
  ["module"] => string(7) "default"
}


--------------------------------------------------------------------------------
2016-12-16T15:05:40+00:00 ERR (3) 404 Seite nicht gefunden
REMOTE_ADDR: 54.236.1.11
HTTP_REFERER: 
requested: array(3) {
  ["controller"] => string(20) "apple-touch-icon.png"
  ["action"] => string(5) "index"
  ["module"] => string(7) "default"
}


--------------------------------------------------------------------------------
2016-12-16T15:57:47+00:00 ERR (3) 404 Seite nicht gefunden
REMOTE_ADDR: 91.224.160.116
HTTP_REFERER: http://graphicore.de/.git/
requested: array(3) {
  ["controller"] => string(4) ".git"
  ["action"] => string(5) "index"
  ["module"] => string(7) "default"
}


--------------------------------------------------------------------------------
2016-12-16T18:13:53+00:00 ERR (3) 404 "hire-lasse" was not found.
REMOTE_ADDR: 157.55.39.237
HTTP_REFERER: 
requested: array(5) {
  ["lang"] => string(2) "de"
  ["action"] => string(4) "page"
  ["key"] => string(10) "hire-lasse"
  ["module"] => string(7) "default"
  ["controller"] => string(5) "index"
}


--------------------------------------------------------------------------------
2016-12-16T18:19:44+00:00 ERR (3) 404 Seite nicht gefunden
REMOTE_ADDR: 194.54.80.110
HTTP_REFERER: 
requested: array(3) {
  ["controller"] => string(12) "wp-login.php"
  ["action"] => string(5) "index"
  ["module"] => string(7) "default"
}


--------------------------------------------------------------------------------
2016-12-16T18:19:45+00:00 ERR (3) 404 Seite nicht gefunden
REMOTE_ADDR: 194.54.80.110
HTTP_REFERER: 
requested: array(3) {
  ["controller"] => string(13) "administrator"
  ["action"] => string(9) "index.php"
  ["module"] => string(7) "default"
}


--------------------------------------------------------------------------------
2016-12-16T18:19:46+00:00 ERR (3) 404 Seite nicht gefunden
REMOTE_ADDR: 194.54.80.110
HTTP_REFERER: 
requested: array(3) {
  ["controller"] => string(9) "admin.php"
  ["action"] => string(5) "index"
  ["module"] => string(7) "default"
}


--------------------------------------------------------------------------------
2016-12-16T19:07:43+00:00 ERR (3) 404 Seite nicht gefunden
REMOTE_ADDR: 66.249.75.13
HTTP_REFERER: 
requested: array(3) {
  ["controller"] => string(26) "apple-app-site-association"
  ["action"] => string(5) "index"
  ["module"] => string(7) "default"
}


--------------------------------------------------------------------------------
2016-12-16T19:22:49+00:00 ERR (3) 404 Seite nicht gefunden
REMOTE_ADDR: 66.249.76.134
HTTP_REFERER: 
requested: array(3) {
  ["controller"] => string(11) ".well-known"
  ["action"] => string(26) "apple-app-site-association"
  ["module"] => string(7) "default"
}


--------------------------------------------------------------------------------
2016-12-16T19:23:01+00:00 ERR (3) 404 Seite nicht gefunden
REMOTE_ADDR: 66.249.76.136
HTTP_REFERER: 
requested: array(3) {
  ["controller"] => string(11) ".well-known"
  ["action"] => string(15) "assetlinks.json"
  ["module"] => string(7) "default"
}


--------------------------------------------------------------------------------
