2016-08-01T00:15:15+00:00 ERR (3) 404 "hire-lasse" was not found.
REMOTE_ADDR: 194.187.170.121
HTTP_REFERER: 
requested: array(5) {
  ["lang"] => string(2) "de"
  ["action"] => string(4) "page"
  ["key"] => string(10) "hire-lasse"
  ["module"] => string(7) "default"
  ["controller"] => string(5) "index"
}


--------------------------------------------------------------------------------
2016-08-01T00:50:52+00:00 ERR (3) 404 Seite nicht gefunden
REMOTE_ADDR: 120.36.190.8
HTTP_REFERER: 
requested: array(5) {
  ["controller"] => string(10) "wp-content"
  ["action"] => string(7) "plugins"
  ["mailpress"] => string(11) "mp-includes"
  ["module"] => string(7) "default"
  ["id"] => string(1) "3"
}


--------------------------------------------------------------------------------
2016-08-01T03:56:23+00:00 ERR (3) 404 Page not found
REMOTE_ADDR: 195.154.183.187
HTTP_REFERER: http://graphicore.de/modules/vtemslideshow/uploadimage.php
requested: array(3) {
  ["controller"] => string(7) "modules"
  ["action"] => string(13) "vtemslideshow"
  ["module"] => string(7) "default"
}


--------------------------------------------------------------------------------
2016-08-01T05:57:51+00:00 ERR (3) 404 Seite nicht gefunden
REMOTE_ADDR: 66.249.64.140
HTTP_REFERER: 
requested: array(3) {
  ["controller"] => string(11) ".well-known"
  ["action"] => string(15) "assetlinks.json"
  ["module"] => string(7) "default"
}


--------------------------------------------------------------------------------
2016-08-01T06:20:39+00:00 ERR (3) 404 Seite nicht gefunden
REMOTE_ADDR: 91.121.86.136
HTTP_REFERER: 
requested: array(3) {
  ["controller"] => string(5) "diary"
  ["action"] => string(4) "atom"
  ["module"] => string(7) "default"
}


--------------------------------------------------------------------------------
2016-08-01T13:41:48+00:00 ERR (3) 404 Seite nicht gefunden
REMOTE_ADDR: 115.159.55.184
HTTP_REFERER: 
requested: 


--------------------------------------------------------------------------------
2016-08-01T13:41:57+00:00 ERR (3) 404 Seite nicht gefunden
REMOTE_ADDR: 115.159.55.184
HTTP_REFERER: 
requested: 


--------------------------------------------------------------------------------
2016-08-01T13:42:08+00:00 ERR (3) 404 Seite nicht gefunden
REMOTE_ADDR: 115.159.55.184
HTTP_REFERER: 
requested: 


--------------------------------------------------------------------------------
2016-08-01T13:42:18+00:00 ERR (3) 404 Seite nicht gefunden
REMOTE_ADDR: 115.159.55.184
HTTP_REFERER: 
requested: 


--------------------------------------------------------------------------------
2016-08-01T13:44:11+00:00 ERR (3) 404 Seite nicht gefunden
REMOTE_ADDR: 115.159.55.184
HTTP_REFERER: 
requested: 


--------------------------------------------------------------------------------
2016-08-01T13:45:24+00:00 ERR (3) 404 Seite nicht gefunden
REMOTE_ADDR: 115.159.55.184
HTTP_REFERER: 
requested: array(3) {
  ["controller"] => string(7) "www.rar"
  ["action"] => string(5) "index"
  ["module"] => string(7) "default"
}


--------------------------------------------------------------------------------
2016-08-01T13:45:55+00:00 ERR (3) 404 Seite nicht gefunden
REMOTE_ADDR: 115.159.55.184
HTTP_REFERER: 
requested: array(3) {
  ["controller"] => string(7) "www.zip"
  ["action"] => string(5) "index"
  ["module"] => string(7) "default"
}


--------------------------------------------------------------------------------
2016-08-01T13:47:08+00:00 ERR (3) 404 Seite nicht gefunden
REMOTE_ADDR: 115.159.55.184
HTTP_REFERER: 
requested: array(3) {
  ["controller"] => string(7) "web.zip"
  ["action"] => string(5) "index"
  ["module"] => string(7) "default"
}


--------------------------------------------------------------------------------
2016-08-01T13:47:41+00:00 ERR (3) 404 Seite nicht gefunden
REMOTE_ADDR: 115.159.55.184
HTTP_REFERER: 
requested: array(3) {
  ["controller"] => string(17) "graphicore.de.rar"
  ["action"] => string(5) "index"
  ["module"] => string(7) "default"
}


--------------------------------------------------------------------------------
2016-08-01T13:48:19+00:00 ERR (3) 404 Seite nicht gefunden
REMOTE_ADDR: 115.159.55.184
HTTP_REFERER: 
requested: array(3) {
  ["controller"] => string(17) "graphicore.de.zip"
  ["action"] => string(5) "index"
  ["module"] => string(7) "default"
}


--------------------------------------------------------------------------------
2016-08-01T13:49:08+00:00 ERR (3) 404 Seite nicht gefunden
REMOTE_ADDR: 115.159.55.184
HTTP_REFERER: 
requested: array(3) {
  ["controller"] => string(17) "graphicore_de.rar"
  ["action"] => string(5) "index"
  ["module"] => string(7) "default"
}


--------------------------------------------------------------------------------
2016-08-01T13:49:39+00:00 ERR (3) 404 Seite nicht gefunden
REMOTE_ADDR: 115.159.55.184
HTTP_REFERER: 
requested: array(3) {
  ["controller"] => string(17) "graphicore_de.zip"
  ["action"] => string(5) "index"
  ["module"] => string(7) "default"
}


--------------------------------------------------------------------------------
2016-08-01T13:50:07+00:00 ERR (3) 404 Seite nicht gefunden
REMOTE_ADDR: 115.159.55.184
HTTP_REFERER: 
requested: array(3) {
  ["controller"] => string(16) "graphicorede.rar"
  ["action"] => string(5) "index"
  ["module"] => string(7) "default"
}


--------------------------------------------------------------------------------
2016-08-01T13:50:52+00:00 ERR (3) 404 Seite nicht gefunden
REMOTE_ADDR: 115.159.55.184
HTTP_REFERER: 
requested: array(3) {
  ["controller"] => string(17) "graphicore.de.rar"
  ["action"] => string(5) "index"
  ["module"] => string(7) "default"
}


--------------------------------------------------------------------------------
2016-08-01T13:51:54+00:00 ERR (3) 404 Seite nicht gefunden
REMOTE_ADDR: 115.159.55.184
HTTP_REFERER: 
requested: array(3) {
  ["controller"] => string(14) "graphicore.rar"
  ["action"] => string(5) "index"
  ["module"] => string(7) "default"
}


--------------------------------------------------------------------------------
2016-08-01T13:52:25+00:00 ERR (3) 404 Seite nicht gefunden
REMOTE_ADDR: 115.159.55.184
HTTP_REFERER: 
requested: array(3) {
  ["controller"] => string(14) "graphicore.zip"
  ["action"] => string(5) "index"
  ["module"] => string(7) "default"
}


--------------------------------------------------------------------------------
2016-08-01T14:45:38+00:00 ERR (3) 404 Seite nicht gefunden
REMOTE_ADDR: 97.74.6.4
HTTP_REFERER: 
requested: array(4) {
  ["controller"] => string(6) "https:"
  [""] => string(19) "silber-und-blei.com"
  ["action"] => string(5) "index"
  ["module"] => string(7) "default"
}


--------------------------------------------------------------------------------
2016-08-01T14:45:39+00:00 ERR (3) 404 Seite nicht gefunden
REMOTE_ADDR: 97.74.6.4
HTTP_REFERER: 
requested: array(3) {
  ["controller"] => string(2) "js"
  ["action"] => string(1) "'"
  ["module"] => string(7) "default"
}


--------------------------------------------------------------------------------
