2020-03-26T06:52:37+00:00 ERR (3) 404 Seite nicht gefunden
REMOTE_ADDR: 54.36.150.29
HTTP_REFERER: 
requested: array(8) {
  ["controller"] => string(5) "forum"
  ["action"] => string(13) "viewtopic.php"
  ["module"] => string(7) "default"
  ["t"] => string(2) "13"
  ["start"] => string(1) "0"
  ["postdays"] => string(1) "0"
  ["postorder"] => string(3) "asc"
  ["highlight"] => string(0) ""
}


--------------------------------------------------------------------------------
2020-03-26T10:34:49+00:00 ERR (3) 404 Seite nicht gefunden
REMOTE_ADDR: 185.136.162.234
HTTP_REFERER: 
requested: array(3) {
  ["controller"] => string(8) "wp-admin"
  ["action"] => string(11) "install.php"
  ["module"] => string(7) "default"
}


--------------------------------------------------------------------------------
2020-03-26T12:51:05+00:00 ERR (3) 404 "" was not found.
REMOTE_ADDR: 46.118.239.91
HTTP_REFERER: https://villa-krym.ru/
requested: array(5) {
  ["lang"] => string(2) "de"
  ["action"] => string(7) "archive"
  ["module"] => string(7) "default"
  ["controller"] => string(5) "index"
  ["key"] => string(0) ""
}


--------------------------------------------------------------------------------
2020-03-26T12:51:05+00:00 ERR (3) 404 "" was not found.
REMOTE_ADDR: 46.118.239.91
HTTP_REFERER: https://villa-krym.ru/
requested: array(5) {
  ["lang"] => string(2) "de"
  ["action"] => string(7) "archive"
  ["module"] => string(7) "default"
  ["controller"] => string(5) "index"
  ["key"] => string(0) ""
}


--------------------------------------------------------------------------------
2020-03-26T12:51:06+00:00 ERR (3) 404 "" was not found.
REMOTE_ADDR: 46.118.239.91
HTTP_REFERER: https://villa-krym.ru/
requested: array(5) {
  ["lang"] => string(2) "de"
  ["action"] => string(7) "archive"
  ["module"] => string(7) "default"
  ["controller"] => string(5) "index"
  ["key"] => string(0) ""
}


--------------------------------------------------------------------------------
2020-03-26T13:10:44+00:00 ERR (3) 404 "" was not found.
REMOTE_ADDR: 46.118.122.247
HTTP_REFERER: https://megacity.az/
requested: array(5) {
  ["lang"] => string(2) "de"
  ["action"] => string(7) "archive"
  ["module"] => string(7) "default"
  ["controller"] => string(5) "index"
  ["key"] => string(0) ""
}


--------------------------------------------------------------------------------
2020-03-26T13:10:44+00:00 ERR (3) 404 "" was not found.
REMOTE_ADDR: 46.118.122.247
HTTP_REFERER: http://xn----7sbafcvrd1a5e1e.xn--80adxhks/
requested: array(5) {
  ["lang"] => string(2) "de"
  ["action"] => string(7) "archive"
  ["module"] => string(7) "default"
  ["controller"] => string(5) "index"
  ["key"] => string(0) ""
}


--------------------------------------------------------------------------------
2020-03-26T13:10:44+00:00 ERR (3) 404 "" was not found.
REMOTE_ADDR: 46.118.122.247
HTTP_REFERER: http://xn----7sbafcvrd1a5e1e.xn--80adxhks/
requested: array(5) {
  ["lang"] => string(2) "de"
  ["action"] => string(7) "archive"
  ["module"] => string(7) "default"
  ["controller"] => string(5) "index"
  ["key"] => string(0) ""
}


--------------------------------------------------------------------------------
2020-03-26T13:10:44+00:00 ERR (3) 404 "" was not found.
REMOTE_ADDR: 46.118.122.247
HTTP_REFERER: https://megacity.az/
requested: array(5) {
  ["lang"] => string(2) "de"
  ["action"] => string(7) "archive"
  ["module"] => string(7) "default"
  ["controller"] => string(5) "index"
  ["key"] => string(0) ""
}


--------------------------------------------------------------------------------
2020-03-26T13:10:45+00:00 ERR (3) 404 "" was not found.
REMOTE_ADDR: 46.118.122.247
HTTP_REFERER: https://megacity.az/
requested: array(5) {
  ["lang"] => string(2) "de"
  ["action"] => string(7) "archive"
  ["module"] => string(7) "default"
  ["controller"] => string(5) "index"
  ["key"] => string(0) ""
}


--------------------------------------------------------------------------------
2020-03-26T13:10:45+00:00 ERR (3) 404 "" was not found.
REMOTE_ADDR: 46.118.122.247
HTTP_REFERER: http://xn----7sbafcvrd1a5e1e.xn--80adxhks/
requested: array(5) {
  ["lang"] => string(2) "de"
  ["action"] => string(7) "archive"
  ["module"] => string(7) "default"
  ["controller"] => string(5) "index"
  ["key"] => string(0) ""
}


--------------------------------------------------------------------------------
2020-03-26T13:10:45+00:00 ERR (3) 404 "" was not found.
REMOTE_ADDR: 46.118.122.247
HTTP_REFERER: https://megacity.az/
requested: array(5) {
  ["lang"] => string(2) "de"
  ["action"] => string(7) "archive"
  ["module"] => string(7) "default"
  ["controller"] => string(5) "index"
  ["key"] => string(0) ""
}


--------------------------------------------------------------------------------
2020-03-26T13:10:45+00:00 ERR (3) 404 "" was not found.
REMOTE_ADDR: 46.118.122.247
HTTP_REFERER: http://xn----7sbafcvrd1a5e1e.xn--80adxhks/
requested: array(5) {
  ["lang"] => string(2) "de"
  ["action"] => string(7) "archive"
  ["module"] => string(7) "default"
  ["controller"] => string(5) "index"
  ["key"] => string(0) ""
}


--------------------------------------------------------------------------------
2020-03-26T13:10:46+00:00 ERR (3) 404 "" was not found.
REMOTE_ADDR: 46.118.122.247
HTTP_REFERER: https://megacity.az/
requested: array(5) {
  ["lang"] => string(2) "de"
  ["action"] => string(7) "archive"
  ["module"] => string(7) "default"
  ["controller"] => string(5) "index"
  ["key"] => string(0) ""
}


--------------------------------------------------------------------------------
2020-03-26T13:10:46+00:00 ERR (3) 404 "" was not found.
REMOTE_ADDR: 46.118.122.247
HTTP_REFERER: http://xn----7sbafcvrd1a5e1e.xn--80adxhks/
requested: array(5) {
  ["lang"] => string(2) "de"
  ["action"] => string(7) "archive"
  ["module"] => string(7) "default"
  ["controller"] => string(5) "index"
  ["key"] => string(0) ""
}


--------------------------------------------------------------------------------
2020-03-26T18:40:53+00:00 ERR (3) 404 "" was not found.
REMOTE_ADDR: 37.229.204.51
HTTP_REFERER: https://schoolessay.ru/
requested: array(5) {
  ["lang"] => string(2) "de"
  ["action"] => string(7) "archive"
  ["module"] => string(7) "default"
  ["controller"] => string(5) "index"
  ["key"] => string(0) ""
}


--------------------------------------------------------------------------------
2020-03-26T18:40:54+00:00 ERR (3) 404 "" was not found.
REMOTE_ADDR: 37.229.204.51
HTTP_REFERER: https://schoolessay.ru/
requested: array(5) {
  ["lang"] => string(2) "de"
  ["action"] => string(7) "archive"
  ["module"] => string(7) "default"
  ["controller"] => string(5) "index"
  ["key"] => string(0) ""
}


--------------------------------------------------------------------------------
2020-03-26T21:35:07+00:00 ERR (3) 404 "" was not found.
REMOTE_ADDR: 46.118.122.247
HTTP_REFERER: https://mskritual.ru/
requested: array(5) {
  ["lang"] => string(2) "de"
  ["action"] => string(7) "archive"
  ["module"] => string(7) "default"
  ["controller"] => string(5) "index"
  ["key"] => string(0) ""
}


--------------------------------------------------------------------------------
2020-03-26T21:35:07+00:00 ERR (3) 404 "" was not found.
REMOTE_ADDR: 46.118.122.247
HTTP_REFERER: https://mskritual.ru/
requested: array(5) {
  ["lang"] => string(2) "de"
  ["action"] => string(7) "archive"
  ["module"] => string(7) "default"
  ["controller"] => string(5) "index"
  ["key"] => string(0) ""
}


--------------------------------------------------------------------------------
2020-03-26T21:35:08+00:00 ERR (3) 404 "" was not found.
REMOTE_ADDR: 46.118.122.247
HTTP_REFERER: https://mskritual.ru/
requested: array(5) {
  ["lang"] => string(2) "de"
  ["action"] => string(7) "archive"
  ["module"] => string(7) "default"
  ["controller"] => string(5) "index"
  ["key"] => string(0) ""
}


--------------------------------------------------------------------------------
2020-03-26T21:35:08+00:00 ERR (3) 404 "" was not found.
REMOTE_ADDR: 46.118.122.247
HTTP_REFERER: https://mskritual.ru/
requested: array(5) {
  ["lang"] => string(2) "de"
  ["action"] => string(7) "archive"
  ["module"] => string(7) "default"
  ["controller"] => string(5) "index"
  ["key"] => string(0) ""
}


--------------------------------------------------------------------------------
2020-03-26T21:35:09+00:00 ERR (3) 404 "" was not found.
REMOTE_ADDR: 46.118.122.247
HTTP_REFERER: https://mskritual.ru/
requested: array(5) {
  ["lang"] => string(2) "de"
  ["action"] => string(7) "archive"
  ["module"] => string(7) "default"
  ["controller"] => string(5) "index"
  ["key"] => string(0) ""
}


--------------------------------------------------------------------------------
2020-03-26T22:29:27+00:00 ERR (3) 404 "" was not found.
REMOTE_ADDR: 37.229.204.51
HTTP_REFERER: https://home-task.com/
requested: array(5) {
  ["lang"] => string(2) "de"
  ["action"] => string(7) "archive"
  ["module"] => string(7) "default"
  ["controller"] => string(5) "index"
  ["key"] => string(0) ""
}


--------------------------------------------------------------------------------
2020-03-26T22:29:28+00:00 ERR (3) 404 "" was not found.
REMOTE_ADDR: 37.229.204.51
HTTP_REFERER: https://home-task.com/
requested: array(5) {
  ["lang"] => string(2) "de"
  ["action"] => string(7) "archive"
  ["module"] => string(7) "default"
  ["controller"] => string(5) "index"
  ["key"] => string(0) ""
}


--------------------------------------------------------------------------------
2020-03-26T23:26:25+00:00 ERR (3) 404 Seite nicht gefunden
REMOTE_ADDR: 216.244.66.228
HTTP_REFERER: 
requested: array(5) {
  ["lang"] => string(2) "de"
  ["action"] => string(2) "en"
  ["module"] => string(7) "default"
  ["controller"] => string(5) "index"
  ["key"] => string(0) ""
}


--------------------------------------------------------------------------------
