2019-10-14T08:21:59+00:00 ERR (3) 404 Seite nicht gefunden
REMOTE_ADDR: 51.81.9.219
HTTP_REFERER: 
requested: array(3) {
  ["controller"] => string(5) "admin"
  ["action"] => string(5) "index"
  ["module"] => string(7) "default"
}


--------------------------------------------------------------------------------
2019-10-14T12:54:18+00:00 ERR (3) 404 Seite nicht gefunden
REMOTE_ADDR: 51.81.9.219
HTTP_REFERER: 
requested: array(3) {
  ["controller"] => string(5) "admin"
  ["action"] => string(5) "index"
  ["module"] => string(7) "default"
}


--------------------------------------------------------------------------------
2019-10-14T18:56:09+00:00 ERR (3) 404 "story" was not found.
REMOTE_ADDR: 66.249.64.126
HTTP_REFERER: 
requested: array(6) {
  ["lang"] => string(2) "en"
  ["action"] => string(5) "index"
  ["key"] => string(5) "story"
  ["intern"] => string(7) "kontakt"
  ["module"] => string(7) "default"
  ["controller"] => string(5) "index"
}


--------------------------------------------------------------------------------
2019-10-14T19:13:38+00:00 ERR (3) 404 "story" was not found.
REMOTE_ADDR: 66.249.64.122
HTTP_REFERER: 
requested: array(6) {
  ["lang"] => string(2) "de"
  ["action"] => string(5) "index"
  ["key"] => string(5) "story"
  ["intern"] => string(7) "kontakt"
  ["module"] => string(7) "default"
  ["controller"] => string(5) "index"
}


--------------------------------------------------------------------------------
