2021-03-16T08:19:09+00:00 ERR (3) 404 Seite nicht gefunden
REMOTE_ADDR: 211.209.31.49
HTTP_REFERER: http://graphicore.de/wp-login.php
requested: array(3) {
  ["controller"] => string(12) "wp-login.php"
  ["action"] => string(5) "index"
  ["module"] => string(7) "default"
}


--------------------------------------------------------------------------------
2021-03-16T08:19:17+00:00 ERR (3) 404 Seite nicht gefunden
REMOTE_ADDR: 211.209.31.49
HTTP_REFERER: http://graphicore.de/admin/
requested: array(3) {
  ["controller"] => string(5) "admin"
  ["action"] => string(5) "index"
  ["module"] => string(7) "default"
}


--------------------------------------------------------------------------------
2021-03-16T08:19:26+00:00 ERR (3) 404 Seite nicht gefunden
REMOTE_ADDR: 211.209.31.49
HTTP_REFERER: http://graphicore.de/downloader/
requested: array(3) {
  ["controller"] => string(10) "downloader"
  ["action"] => string(5) "index"
  ["module"] => string(7) "default"
}


--------------------------------------------------------------------------------
2021-03-16T12:32:18+00:00 ERR (3) 404 "competences" was not found.
REMOTE_ADDR: 77.75.78.163
HTTP_REFERER: 
requested: array(5) {
  ["lang"] => string(2) "de"
  ["action"] => string(4) "page"
  ["key"] => string(11) "competences"
  ["module"] => string(7) "default"
  ["controller"] => string(5) "index"
}


--------------------------------------------------------------------------------
2021-03-16T16:30:07+00:00 ERR (3) 404 Page not found
REMOTE_ADDR: 204.85.191.9
HTTP_REFERER: https://www.google.com/search
requested: array(3) {
  ["controller"] => string(17) "wp-config.php.swo"
  ["action"] => string(5) "index"
  ["module"] => string(7) "default"
}


--------------------------------------------------------------------------------
2021-03-16T16:30:07+00:00 ERR (3) 404 Page not found
REMOTE_ADDR: 204.85.191.9
HTTP_REFERER: https://www.google.com/search
requested: array(3) {
  ["controller"] => string(17) "wp-config.php.swn"
  ["action"] => string(5) "index"
  ["module"] => string(7) "default"
}


--------------------------------------------------------------------------------
2021-03-16T16:30:07+00:00 ERR (3) 404 Page not found
REMOTE_ADDR: 204.85.191.9
HTTP_REFERER: https://www.google.com/search
requested: array(3) {
  ["controller"] => string(18) "wp-config.php.save"
  ["action"] => string(5) "index"
  ["module"] => string(7) "default"
}


--------------------------------------------------------------------------------
2021-03-16T16:30:07+00:00 ERR (3) 404 Page not found
REMOTE_ADDR: 204.85.191.9
HTTP_REFERER: https://www.google.com/search
requested: array(3) {
  ["controller"] => string(17) "wp-config.php_new"
  ["action"] => string(5) "index"
  ["module"] => string(7) "default"
}


--------------------------------------------------------------------------------
2021-03-16T16:30:07+00:00 ERR (3) 404 Page not found
REMOTE_ADDR: 204.85.191.9
HTTP_REFERER: https://www.google.com/search
requested: array(3) {
  ["controller"] => string(17) "wp-config.php-bak"
  ["action"] => string(5) "index"
  ["module"] => string(7) "default"
}


--------------------------------------------------------------------------------
2021-03-16T16:30:07+00:00 ERR (3) 404 Page not found
REMOTE_ADDR: 204.85.191.9
HTTP_REFERER: https://www.google.com/search
requested: array(3) {
  ["controller"] => string(17) "wp-config.php_bak"
  ["action"] => string(5) "index"
  ["module"] => string(7) "default"
}


--------------------------------------------------------------------------------
2021-03-16T16:30:07+00:00 ERR (3) 404 Page not found
REMOTE_ADDR: 204.85.191.9
HTTP_REFERER: https://www.google.com/search
requested: array(3) {
  ["controller"] => string(18) "wp-config.php.bak1"
  ["action"] => string(5) "index"
  ["module"] => string(7) "default"
}


--------------------------------------------------------------------------------
2021-03-16T16:30:07+00:00 ERR (3) 404 Page not found
REMOTE_ADDR: 204.85.191.9
HTTP_REFERER: https://www.google.com/search
requested: array(3) {
  ["controller"] => string(18) "wp-config.php.cust"
  ["action"] => string(5) "index"
  ["module"] => string(7) "default"
}


--------------------------------------------------------------------------------
2021-03-16T16:30:08+00:00 ERR (3) 404 Page not found
REMOTE_ADDR: 204.85.191.9
HTTP_REFERER: https://www.google.com/search
requested: array(3) {
  ["controller"] => string(17) "wp-config.php_Old"
  ["action"] => string(5) "index"
  ["module"] => string(7) "default"
}


--------------------------------------------------------------------------------
2021-03-16T16:30:09+00:00 ERR (3) 404 Page not found
REMOTE_ADDR: 204.85.191.9
HTTP_REFERER: https://www.google.com/search
requested: array(3) {
  ["controller"] => string(14) "wp-config.php~"
  ["action"] => string(5) "index"
  ["module"] => string(7) "default"
}


--------------------------------------------------------------------------------
2021-03-16T16:30:10+00:00 ERR (3) 404 Page not found
REMOTE_ADDR: 204.85.191.9
HTTP_REFERER: https://www.google.com/search
requested: array(3) {
  ["controller"] => string(17) "wp-config.php.bak"
  ["action"] => string(5) "index"
  ["module"] => string(7) "default"
}


--------------------------------------------------------------------------------
2021-03-16T16:30:10+00:00 ERR (3) 404 Page not found
REMOTE_ADDR: 204.85.191.9
HTTP_REFERER: https://www.google.com/search
requested: array(3) {
  ["controller"] => string(15) "wp-config.php_1"
  ["action"] => string(5) "index"
  ["module"] => string(7) "default"
}


--------------------------------------------------------------------------------
2021-03-16T16:30:10+00:00 ERR (3) 404 Page not found
REMOTE_ADDR: 204.85.191.9
HTTP_REFERER: https://www.google.com/search
requested: array(3) {
  ["controller"] => string(14) "wp-config.good"
  ["action"] => string(5) "index"
  ["module"] => string(7) "default"
}


--------------------------------------------------------------------------------
2021-03-16T16:30:10+00:00 ERR (3) 404 Page not found
REMOTE_ADDR: 204.85.191.9
HTTP_REFERER: https://www.google.com/search
requested: array(3) {
  ["controller"] => string(17) "wp-config.php_bak"
  ["action"] => string(5) "index"
  ["module"] => string(7) "default"
}


--------------------------------------------------------------------------------
2021-03-16T16:30:10+00:00 ERR (3) 404 Page not found
REMOTE_ADDR: 204.85.191.9
HTTP_REFERER: https://www.google.com/search
requested: array(3) {
  ["controller"] => string(14) "wp-config_good"
  ["action"] => string(5) "index"
  ["module"] => string(7) "default"
}


--------------------------------------------------------------------------------
2021-03-16T16:30:11+00:00 ERR (3) 404 Page not found
REMOTE_ADDR: 204.85.191.9
HTTP_REFERER: https://www.google.com/search
requested: array(3) {
  ["controller"] => string(14) "wp-config-good"
  ["action"] => string(5) "index"
  ["module"] => string(7) "default"
}


--------------------------------------------------------------------------------
2021-03-16T16:30:11+00:00 ERR (3) 404 Page not found
REMOTE_ADDR: 204.85.191.9
HTTP_REFERER: https://www.google.com/search
requested: array(3) {
  ["controller"] => string(22) "wp-config.php.disabled"
  ["action"] => string(5) "index"
  ["module"] => string(7) "default"
}


--------------------------------------------------------------------------------
2021-03-16T16:30:11+00:00 ERR (3) 404 Page not found
REMOTE_ADDR: 204.85.191.9
HTTP_REFERER: https://www.google.com/search
requested: array(3) {
  ["controller"] => string(22) "wp-config.php-original"
  ["action"] => string(5) "index"
  ["module"] => string(7) "default"
}


--------------------------------------------------------------------------------
2021-03-16T16:30:11+00:00 ERR (3) 404 Page not found
REMOTE_ADDR: 204.85.191.9
HTTP_REFERER: https://www.google.com/search
requested: array(3) {
  ["controller"] => string(17) "wp-config.php.new"
  ["action"] => string(5) "index"
  ["module"] => string(7) "default"
}


--------------------------------------------------------------------------------
2021-03-16T16:30:11+00:00 ERR (3) 404 Page not found
REMOTE_ADDR: 204.85.191.9
HTTP_REFERER: https://www.google.com/search
requested: array(3) {
  ["controller"] => string(22) "wp-config.php_original"
  ["action"] => string(5) "index"
  ["module"] => string(7) "default"
}


--------------------------------------------------------------------------------
2021-03-16T16:30:11+00:00 ERR (3) 404 Page not found
REMOTE_ADDR: 204.85.191.9
HTTP_REFERER: https://www.google.com/search
requested: array(3) {
  ["controller"] => string(22) "wp-config.php.original"
  ["action"] => string(5) "index"
  ["module"] => string(7) "default"
}


--------------------------------------------------------------------------------
2021-03-16T16:30:11+00:00 ERR (3) 404 Page not found
REMOTE_ADDR: 204.85.191.9
HTTP_REFERER: https://www.google.com/search
requested: array(3) {
  ["controller"] => string(17) "wp-config.php.swp"
  ["action"] => string(5) "index"
  ["module"] => string(7) "default"
}


--------------------------------------------------------------------------------
2021-03-16T16:30:11+00:00 ERR (3) 404 Page not found
REMOTE_ADDR: 204.85.191.9
HTTP_REFERER: https://www.google.com/search
requested: array(3) {
  ["controller"] => string(18) "wp-config.php_orig"
  ["action"] => string(5) "index"
  ["module"] => string(7) "default"
}


--------------------------------------------------------------------------------
2021-03-16T16:30:11+00:00 ERR (3) 404 Page not found
REMOTE_ADDR: 204.85.191.9
HTTP_REFERER: https://www.google.com/search
requested: array(3) {
  ["controller"] => string(13) "wp-config.bak"
  ["action"] => string(5) "index"
  ["module"] => string(7) "default"
}


--------------------------------------------------------------------------------
2021-03-16T16:30:11+00:00 ERR (3) 404 Page not found
REMOTE_ADDR: 204.85.191.9
HTTP_REFERER: https://www.google.com/search
requested: array(3) {
  ["controller"] => string(15) "wp-config.php.5"
  ["action"] => string(5) "index"
  ["module"] => string(7) "default"
}


--------------------------------------------------------------------------------
2021-03-16T16:30:11+00:00 ERR (3) 404 Page not found
REMOTE_ADDR: 204.85.191.9
HTTP_REFERER: https://www.google.com/search
requested: array(3) {
  ["controller"] => string(15) "wp-config.php.6"
  ["action"] => string(5) "index"
  ["module"] => string(7) "default"
}


--------------------------------------------------------------------------------
2021-03-16T16:30:11+00:00 ERR (3) 404 Page not found
REMOTE_ADDR: 204.85.191.9
HTTP_REFERER: https://www.google.com/search
requested: array(3) {
  ["controller"] => string(21) "wp-config.phporiginal"
  ["action"] => string(5) "index"
  ["module"] => string(7) "default"
}


--------------------------------------------------------------------------------
2021-03-16T16:30:11+00:00 ERR (3) 404 Page not found
REMOTE_ADDR: 204.85.191.9
HTTP_REFERER: https://www.google.com/search
requested: array(3) {
  ["controller"] => string(15) "wp-config.php.0"
  ["action"] => string(5) "index"
  ["module"] => string(7) "default"
}


--------------------------------------------------------------------------------
2021-03-16T16:30:11+00:00 ERR (3) 404 Page not found
REMOTE_ADDR: 204.85.191.9
HTTP_REFERER: https://www.google.com/search
requested: array(3) {
  ["controller"] => string(15) "wp-config.php.1"
  ["action"] => string(5) "index"
  ["module"] => string(7) "default"
}


--------------------------------------------------------------------------------
2021-03-16T16:30:11+00:00 ERR (3) 404 Page not found
REMOTE_ADDR: 204.85.191.9
HTTP_REFERER: https://www.google.com/search
requested: array(3) {
  ["controller"] => string(15) "wp-config.php.9"
  ["action"] => string(5) "index"
  ["module"] => string(7) "default"
}


--------------------------------------------------------------------------------
2021-03-16T16:30:11+00:00 ERR (3) 404 Page not found
REMOTE_ADDR: 204.85.191.9
HTTP_REFERER: https://www.google.com/search
requested: array(3) {
  ["controller"] => string(15) "wp-config.php.7"
  ["action"] => string(5) "index"
  ["module"] => string(7) "default"
}


--------------------------------------------------------------------------------
2021-03-16T16:30:11+00:00 ERR (3) 404 Page not found
REMOTE_ADDR: 204.85.191.9
HTTP_REFERER: https://www.google.com/search
requested: array(3) {
  ["controller"] => string(14) "wp-config.php_"
  ["action"] => string(5) "index"
  ["module"] => string(7) "default"
}


--------------------------------------------------------------------------------
2021-03-16T16:30:11+00:00 ERR (3) 404 Page not found
REMOTE_ADDR: 204.85.191.9
HTTP_REFERER: https://www.google.com/search
requested: array(3) {
  ["controller"] => string(15) "wp-config.php.8"
  ["action"] => string(5) "index"
  ["module"] => string(7) "default"
}


--------------------------------------------------------------------------------
2021-03-16T16:30:11+00:00 ERR (3) 404 Page not found
REMOTE_ADDR: 204.85.191.9
HTTP_REFERER: https://www.google.com/search
requested: array(3) {
  ["controller"] => string(15) "wp-config.php.2"
  ["action"] => string(5) "index"
  ["module"] => string(7) "default"
}


--------------------------------------------------------------------------------
2021-03-16T16:30:11+00:00 ERR (3) 404 Page not found
REMOTE_ADDR: 204.85.191.9
HTTP_REFERER: https://www.google.com/search
requested: array(3) {
  ["controller"] => string(15) "wp-config.php.3"
  ["action"] => string(5) "index"
  ["module"] => string(7) "default"
}


--------------------------------------------------------------------------------
2021-03-16T16:30:11+00:00 ERR (3) 404 Page not found
REMOTE_ADDR: 204.85.191.9
HTTP_REFERER: https://www.google.com/search
requested: array(3) {
  ["controller"] => string(15) "wp-config.php.4"
  ["action"] => string(5) "index"
  ["module"] => string(7) "default"
}


--------------------------------------------------------------------------------
2021-03-16T16:30:11+00:00 ERR (3) 404 Page not found
REMOTE_ADDR: 204.85.191.9
HTTP_REFERER: https://www.google.com/search
requested: array(3) {
  ["controller"] => string(18) "wp-config.php.orig"
  ["action"] => string(5) "index"
  ["module"] => string(7) "default"
}


--------------------------------------------------------------------------------
2021-03-16T16:30:11+00:00 ERR (3) 404 Page not found
REMOTE_ADDR: 204.85.191.9
HTTP_REFERER: https://www.google.com/search
requested: array(3) {
  ["controller"] => string(18) "wp-config.php.save"
  ["action"] => string(5) "index"
  ["module"] => string(7) "default"
}


--------------------------------------------------------------------------------
2021-03-16T16:30:11+00:00 ERR (3) 404 Page not found
REMOTE_ADDR: 204.85.191.9
HTTP_REFERER: https://www.google.com/search
requested: array(3) {
  ["controller"] => string(17) "wp-config.php.old"
  ["action"] => string(5) "index"
  ["module"] => string(7) "default"
}


--------------------------------------------------------------------------------
2021-03-16T16:30:11+00:00 ERR (3) 404 Page not found
REMOTE_ADDR: 204.85.191.9
HTTP_REFERER: https://www.google.com/search
requested: array(3) {
  ["controller"] => string(14) "wp-config.php~"
  ["action"] => string(5) "index"
  ["module"] => string(7) "default"
}


--------------------------------------------------------------------------------
2021-03-16T16:30:11+00:00 ERR (3) 404 Page not found
REMOTE_ADDR: 204.85.191.9
HTTP_REFERER: https://www.google.com/search
requested: array(3) {
  ["controller"] => string(20) "wp-config.php.backup"
  ["action"] => string(5) "index"
  ["module"] => string(7) "default"
}


--------------------------------------------------------------------------------
2021-03-16T16:30:11+00:00 ERR (3) 404 Page not found
REMOTE_ADDR: 204.85.191.9
HTTP_REFERER: https://www.google.com/search
requested: array(3) {
  ["controller"] => string(15) "wp-config.php.b"
  ["action"] => string(5) "index"
  ["module"] => string(7) "default"
}


--------------------------------------------------------------------------------
2021-03-16T16:30:11+00:00 ERR (3) 404 Page not found
REMOTE_ADDR: 204.85.191.9
HTTP_REFERER: https://www.google.com/search
requested: array(3) {
  ["controller"] => string(17) "wp-config.php.bak"
  ["action"] => string(5) "index"
  ["module"] => string(7) "default"
}


--------------------------------------------------------------------------------
2021-03-16T16:30:11+00:00 ERR (3) 404 Page not found
REMOTE_ADDR: 204.85.191.9
HTTP_REFERER: https://www.google.com/search
requested: array(3) {
  ["controller"] => string(15) "wp-config.php.a"
  ["action"] => string(5) "index"
  ["module"] => string(7) "default"
}


--------------------------------------------------------------------------------
2021-03-16T16:30:11+00:00 ERR (3) 404 Page not found
REMOTE_ADDR: 204.85.191.9
HTTP_REFERER: https://www.google.com/search
requested: array(3) {
  ["controller"] => string(16) "wp-config.php.bk"
  ["action"] => string(5) "index"
  ["module"] => string(7) "default"
}


--------------------------------------------------------------------------------
2021-03-16T16:38:16+00:00 ERR (3) 404 Seite nicht gefunden
REMOTE_ADDR: 45.64.60.114
HTTP_REFERER: 
requested: array(3) {
  ["controller"] => string(12) "wp-login.php"
  ["action"] => string(5) "index"
  ["module"] => string(7) "default"
}


--------------------------------------------------------------------------------
2021-03-16T16:38:16+00:00 ERR (3) 404 Seite nicht gefunden
REMOTE_ADDR: 45.64.60.114
HTTP_REFERER: 
requested: array(3) {
  ["controller"] => string(12) "wp-login.php"
  ["action"] => string(5) "index"
  ["module"] => string(7) "default"
}


--------------------------------------------------------------------------------
2021-03-16T17:10:24+00:00 ERR (3) 404 Page not found
REMOTE_ADDR: 205.169.39.157
HTTP_REFERER: 
requested: array(3) {
  ["controller"] => string(14) "wp-config.good"
  ["action"] => string(5) "index"
  ["module"] => string(7) "default"
}


--------------------------------------------------------------------------------
2021-03-16T18:15:34+00:00 ERR (3) 404 Page not found
REMOTE_ADDR: 205.169.39.74
HTTP_REFERER: 
requested: array(3) {
  ["controller"] => string(13) "wp-config.bak"
  ["action"] => string(5) "index"
  ["module"] => string(7) "default"
}


--------------------------------------------------------------------------------
2021-03-16T19:33:27+00:00 ERR (3) 404 Page not found
REMOTE_ADDR: 212.90.39.68
HTTP_REFERER: 
requested: array(4) {
  ["controller"] => string(9) "__media__"
  ["action"] => string(2) "js"
  ["module"] => string(7) "default"
  ["d"] => string(10) "google.com"
}


--------------------------------------------------------------------------------
2021-03-16T20:46:21+00:00 ERR (3) 404 unkown Type requested
REMOTE_ADDR: 94.130.34.83
HTTP_REFERER: 
requested: array(5) {
  ["lang"] => string(2) "de"
  ["action"] => string(4) "feed"
  ["key"] => string(1) "r"
  ["module"] => string(7) "default"
  ["controller"] => string(5) "index"
}


--------------------------------------------------------------------------------
