2014-01-07T08:31:43+00:00 ERR (3) 404 Seite nicht gefunden
REMOTE_ADDR: 65.55.215.77
HTTP_REFERER: 
requested: array(3) {
  ["controller"] => string(6) "images"
  ["action"] => string(5) "diary"
  ["module"] => string(7) "default"
}


--------------------------------------------------------------------------------
2014-01-07T20:39:28+00:00 ERR (3) 404 Seite nicht gefunden
REMOTE_ADDR: 218.28.92.115
HTTP_REFERER: http://graphicore.de/forum/index.php
requested: array(3) {
  ["controller"] => string(5) "forum"
  ["action"] => string(9) "index.php"
  ["module"] => string(7) "default"
}


--------------------------------------------------------------------------------
2014-01-07T20:40:05+00:00 ERR (3) 404 "hire-lasse" was not found.
REMOTE_ADDR: 5.10.83.67
HTTP_REFERER: 
requested: array(5) {
  ["lang"] => string(2) "de"
  ["action"] => string(4) "page"
  ["key"] => string(10) "hire-lasse"
  ["module"] => string(7) "default"
  ["controller"] => string(5) "index"
}


--------------------------------------------------------------------------------
