2020-07-10T02:16:03+00:00 ERR (3) 404 Seite nicht gefunden
REMOTE_ADDR: 161.35.172.9
HTTP_REFERER: 
requested: array(5) {
  ["controller"] => string(6) "vendor"
  ["action"] => string(7) "phpunit"
  ["phpunit"] => string(3) "src"
  ["Util"] => string(3) "PHP"
  ["module"] => string(7) "default"
}


--------------------------------------------------------------------------------
2020-07-10T02:16:03+00:00 ERR (3) 404 Seite nicht gefunden
REMOTE_ADDR: 161.35.172.9
HTTP_REFERER: 
requested: array(5) {
  ["controller"] => string(6) "vendor"
  ["action"] => string(7) "phpunit"
  ["phpunit"] => string(4) "Util"
  ["PHP"] => string(14) "eval-stdin.php"
  ["module"] => string(7) "default"
}


--------------------------------------------------------------------------------
2020-07-10T02:16:06+00:00 ERR (3) 404 Seite nicht gefunden
REMOTE_ADDR: 161.35.172.9
HTTP_REFERER: 
requested: array(5) {
  ["controller"] => string(6) "vendor"
  ["action"] => string(7) "phpunit"
  ["src"] => string(4) "Util"
  ["PHP"] => string(14) "eval-stdin.php"
  ["module"] => string(7) "default"
}


--------------------------------------------------------------------------------
2020-07-10T02:16:08+00:00 ERR (3) 404 Seite nicht gefunden
REMOTE_ADDR: 161.35.172.9
HTTP_REFERER: 
requested: array(4) {
  ["controller"] => string(6) "vendor"
  ["action"] => string(7) "phpunit"
  ["Util"] => string(3) "PHP"
  ["module"] => string(7) "default"
}


--------------------------------------------------------------------------------
2020-07-10T02:16:09+00:00 ERR (3) 404 Seite nicht gefunden
REMOTE_ADDR: 161.35.172.9
HTTP_REFERER: 
requested: array(5) {
  ["controller"] => string(7) "phpunit"
  ["action"] => string(7) "phpunit"
  ["src"] => string(4) "Util"
  ["PHP"] => string(14) "eval-stdin.php"
  ["module"] => string(7) "default"
}


--------------------------------------------------------------------------------
2020-07-10T02:16:11+00:00 ERR (3) 404 Seite nicht gefunden
REMOTE_ADDR: 161.35.172.9
HTTP_REFERER: 
requested: array(4) {
  ["controller"] => string(7) "phpunit"
  ["action"] => string(7) "phpunit"
  ["Util"] => string(3) "PHP"
  ["module"] => string(7) "default"
}


--------------------------------------------------------------------------------
2020-07-10T02:16:11+00:00 ERR (3) 404 Seite nicht gefunden
REMOTE_ADDR: 161.35.172.9
HTTP_REFERER: 
requested: array(4) {
  ["controller"] => string(7) "phpunit"
  ["action"] => string(3) "src"
  ["Util"] => string(3) "PHP"
  ["module"] => string(7) "default"
}


--------------------------------------------------------------------------------
2020-07-10T02:16:14+00:00 ERR (3) 404 Seite nicht gefunden
REMOTE_ADDR: 161.35.172.9
HTTP_REFERER: 
requested: array(4) {
  ["controller"] => string(7) "phpunit"
  ["action"] => string(4) "Util"
  ["PHP"] => string(14) "eval-stdin.php"
  ["module"] => string(7) "default"
}


--------------------------------------------------------------------------------
2020-07-10T02:16:16+00:00 ERR (3) 404 Seite nicht gefunden
REMOTE_ADDR: 161.35.172.9
HTTP_REFERER: 
requested: array(5) {
  ["controller"] => string(3) "lib"
  ["action"] => string(7) "phpunit"
  ["phpunit"] => string(3) "src"
  ["Util"] => string(3) "PHP"
  ["module"] => string(7) "default"
}


--------------------------------------------------------------------------------
2020-07-10T02:16:16+00:00 ERR (3) 404 Seite nicht gefunden
REMOTE_ADDR: 161.35.172.9
HTTP_REFERER: 
requested: array(5) {
  ["controller"] => string(3) "lib"
  ["action"] => string(7) "phpunit"
  ["phpunit"] => string(4) "Util"
  ["PHP"] => string(14) "eval-stdin.php"
  ["module"] => string(7) "default"
}


--------------------------------------------------------------------------------
2020-07-10T02:16:17+00:00 ERR (3) 404 Seite nicht gefunden
REMOTE_ADDR: 161.35.172.9
HTTP_REFERER: 
requested: array(5) {
  ["controller"] => string(3) "lib"
  ["action"] => string(7) "phpunit"
  ["src"] => string(4) "Util"
  ["PHP"] => string(14) "eval-stdin.php"
  ["module"] => string(7) "default"
}


--------------------------------------------------------------------------------
2020-07-10T02:16:17+00:00 ERR (3) 404 Seite nicht gefunden
REMOTE_ADDR: 161.35.172.9
HTTP_REFERER: 
requested: array(4) {
  ["controller"] => string(3) "lib"
  ["action"] => string(7) "phpunit"
  ["Util"] => string(3) "PHP"
  ["module"] => string(7) "default"
}


--------------------------------------------------------------------------------
2020-07-10T02:16:18+00:00 ERR (3) 404 Seite nicht gefunden
REMOTE_ADDR: 161.35.172.9
HTTP_REFERER: 
requested: array(6) {
  ["controller"] => string(5) "panel"
  ["action"] => string(6) "vendor"
  ["phpunit"] => string(7) "phpunit"
  ["src"] => string(4) "Util"
  ["PHP"] => string(14) "eval-stdin.php"
  ["module"] => string(7) "default"
}


--------------------------------------------------------------------------------
2020-07-10T02:16:18+00:00 ERR (3) 404 Seite nicht gefunden
REMOTE_ADDR: 161.35.172.9
HTTP_REFERER: 
requested: array(6) {
  ["controller"] => string(9) "workspace"
  ["action"] => string(6) "drupal"
  ["vendor"] => string(7) "phpunit"
  ["phpunit"] => string(3) "src"
  ["Util"] => string(3) "PHP"
  ["module"] => string(7) "default"
}


--------------------------------------------------------------------------------
2020-07-10T02:16:19+00:00 ERR (3) 404 Seite nicht gefunden
REMOTE_ADDR: 161.35.172.9
HTTP_REFERER: 
requested: array(6) {
  ["controller"] => string(5) "admin"
  ["action"] => string(8) "ckeditor"
  ["plugins"] => string(10) "ajaxplorer"
  ["phpunit"] => string(3) "src"
  ["Util"] => string(3) "PHP"
  ["module"] => string(7) "default"
}


--------------------------------------------------------------------------------
2020-07-10T02:16:20+00:00 ERR (3) 404 Seite nicht gefunden
REMOTE_ADDR: 161.35.172.9
HTTP_REFERER: 
requested: array(6) {
  ["controller"] => string(4) "test"
  ["action"] => string(6) "vendor"
  ["phpunit"] => string(7) "phpunit"
  ["src"] => string(4) "Util"
  ["PHP"] => string(14) "eval-stdin.php"
  ["module"] => string(7) "default"
}


--------------------------------------------------------------------------------
2020-07-10T02:16:20+00:00 ERR (3) 404 Seite nicht gefunden
REMOTE_ADDR: 161.35.172.9
HTTP_REFERER: 
requested: array(6) {
  ["controller"] => string(5) "admin"
  ["action"] => string(6) "vendor"
  ["phpunit"] => string(7) "phpunit"
  ["src"] => string(4) "Util"
  ["PHP"] => string(14) "eval-stdin.php"
  ["module"] => string(7) "default"
}


--------------------------------------------------------------------------------
2020-07-10T02:16:21+00:00 ERR (3) 404 Seite nicht gefunden
REMOTE_ADDR: 161.35.172.9
HTTP_REFERER: 
requested: array(6) {
  ["controller"] => string(4) "2018"
  ["action"] => string(11) "scholarship"
  ["vendor"] => string(7) "phpunit"
  ["phpunit"] => string(3) "src"
  ["Util"] => string(3) "PHP"
  ["module"] => string(7) "default"
}


--------------------------------------------------------------------------------
2020-07-10T02:16:21+00:00 ERR (3) 404 Seite nicht gefunden
REMOTE_ADDR: 161.35.172.9
HTTP_REFERER: 
requested: array(6) {
  ["controller"] => string(4) "2018"
  ["action"] => string(6) "vendor"
  ["phpunit"] => string(7) "phpunit"
  ["src"] => string(4) "Util"
  ["PHP"] => string(14) "eval-stdin.php"
  ["module"] => string(7) "default"
}


--------------------------------------------------------------------------------
2020-07-10T02:16:23+00:00 ERR (3) 404 Seite nicht gefunden
REMOTE_ADDR: 161.35.172.9
HTTP_REFERER: 
requested: array(6) {
  ["controller"] => string(4) "2019"
  ["action"] => string(6) "vendor"
  ["phpunit"] => string(7) "phpunit"
  ["src"] => string(4) "Util"
  ["PHP"] => string(14) "eval-stdin.php"
  ["module"] => string(7) "default"
}


--------------------------------------------------------------------------------
2020-07-10T03:27:45+00:00 ERR (3) 404 Seite nicht gefunden
REMOTE_ADDR: 144.202.16.111
HTTP_REFERER: 
requested: array(3) {
  ["controller"] => string(7) "ads.txt"
  ["action"] => string(5) "index"
  ["module"] => string(7) "default"
}


--------------------------------------------------------------------------------
2020-07-10T05:28:53+00:00 ERR (3) 404 Seite nicht gefunden
REMOTE_ADDR: 88.99.161.235
HTTP_REFERER: http://graphicore.de/.git/HEAD
requested: array(3) {
  ["controller"] => string(4) ".git"
  ["action"] => string(4) "HEAD"
  ["module"] => string(7) "default"
}


--------------------------------------------------------------------------------
2020-07-10T06:02:06+00:00 ERR (3) 404 "hire-lasse" was not found.
REMOTE_ADDR: 94.199.2.230
HTTP_REFERER: http://graphicore.de
requested: array(5) {
  ["lang"] => string(2) "en"
  ["action"] => string(4) "page"
  ["key"] => string(10) "hire-lasse"
  ["module"] => string(7) "default"
  ["controller"] => string(5) "index"
}


--------------------------------------------------------------------------------
2020-07-10T06:44:27+00:00 ERR (3) 404 Seite nicht gefunden
REMOTE_ADDR: 46.229.168.146
HTTP_REFERER: 
requested: array(3) {
  ["controller"] => string(11) "sitemap.xml"
  ["action"] => string(5) "index"
  ["module"] => string(7) "default"
}


--------------------------------------------------------------------------------
2020-07-10T07:02:56+00:00 ERR (3) 404 "hire-lasse" was not found.
REMOTE_ADDR: 85.25.177.187
HTTP_REFERER: 
requested: array(5) {
  ["lang"] => string(2) "en"
  ["action"] => string(4) "page"
  ["key"] => string(10) "hire-lasse"
  ["module"] => string(7) "default"
  ["controller"] => string(5) "index"
}


--------------------------------------------------------------------------------
2020-07-10T16:15:05+00:00 ERR (3) 404 "competences" was not found.
REMOTE_ADDR: 62.210.188.218
HTTP_REFERER: 
requested: array(5) {
  ["lang"] => string(2) "en"
  ["action"] => string(4) "page"
  ["key"] => string(11) "competences"
  ["module"] => string(7) "default"
  ["controller"] => string(5) "index"
}


--------------------------------------------------------------------------------
2020-07-10T16:15:12+00:00 ERR (3) 404 "hire-lasse" was not found.
REMOTE_ADDR: 62.210.188.218
HTTP_REFERER: 
requested: array(5) {
  ["lang"] => string(2) "de"
  ["action"] => string(4) "page"
  ["key"] => string(10) "hire-lasse"
  ["module"] => string(7) "default"
  ["controller"] => string(5) "index"
}


--------------------------------------------------------------------------------
2020-07-10T17:43:35+00:00 ERR (3) 404 "hire-lasse" was not found.
REMOTE_ADDR: 54.36.148.89
HTTP_REFERER: 
requested: array(5) {
  ["lang"] => string(2) "en"
  ["action"] => string(4) "page"
  ["key"] => string(10) "hire-lasse"
  ["module"] => string(7) "default"
  ["controller"] => string(5) "index"
}


--------------------------------------------------------------------------------
