2020-09-04T01:05:50+00:00 ERR (3) 404 "competences" was not found.
REMOTE_ADDR: 114.119.129.198
HTTP_REFERER: 
requested: array(5) {
  ["lang"] => string(2) "en"
  ["action"] => string(4) "page"
  ["key"] => string(11) "competences"
  ["module"] => string(7) "default"
  ["controller"] => string(5) "index"
}


--------------------------------------------------------------------------------
2020-09-04T02:05:14+00:00 ERR (3) 404 Seite nicht gefunden
REMOTE_ADDR: 192.71.225.127
HTTP_REFERER: 
requested: array(3) {
  ["controller"] => string(10) "humans.txt"
  ["action"] => string(5) "index"
  ["module"] => string(7) "default"
}


--------------------------------------------------------------------------------
2020-09-04T02:05:14+00:00 ERR (3) 404 Seite nicht gefunden
REMOTE_ADDR: 192.36.52.37
HTTP_REFERER: 
requested: array(3) {
  ["controller"] => string(7) "ads.txt"
  ["action"] => string(5) "index"
  ["module"] => string(7) "default"
}


--------------------------------------------------------------------------------
2020-09-04T13:28:43+00:00 ERR (3) 404 Seite nicht gefunden
REMOTE_ADDR: 3.234.210.161
HTTP_REFERER: 
requested: array(5) {
  ["controller"] => string(10) "wp-content"
  ["action"] => string(7) "plugins"
  ["ioptimization"] => string(13) "IOptimize.php"
  ["module"] => string(7) "default"
  ["rchk"] => string(0) ""
}


--------------------------------------------------------------------------------
2020-09-04T13:56:13+00:00 ERR (3) 404 Seite nicht gefunden
REMOTE_ADDR: 151.80.47.30
HTTP_REFERER: 
requested: array(5) {
  ["controller"] => string(10) "wp-content"
  ["action"] => string(7) "plugins"
  ["wp-file-manager"] => string(3) "lib"
  ["php"] => string(21) "connector.minimal.php"
  ["module"] => string(7) "default"
}


--------------------------------------------------------------------------------
2020-09-04T18:13:58+00:00 ERR (3) 404 Seite nicht gefunden
REMOTE_ADDR: 39.101.65.235
HTTP_REFERER: 
requested: array(3) {
  ["controller"] => string(3) "css"
  ["action"] => string(9) "album.css"
  ["module"] => string(7) "default"
}


--------------------------------------------------------------------------------
2020-09-04T22:49:03+00:00 ERR (3) 404 Seite nicht gefunden
REMOTE_ADDR: 185.89.4.202
HTTP_REFERER: http://graphicore.de/
requested: array(3) {
  ["controller"] => string(2) "wp"
  ["action"] => string(8) "wp-admin"
  ["module"] => string(7) "default"
}


--------------------------------------------------------------------------------
