2015-04-11T03:19:17+00:00 ERR (3) 404 Seite nicht gefunden
REMOTE_ADDR: 94.153.74.50
HTTP_REFERER: http://graphicore.de/forum/
requested: array(3) {
  ["controller"] => string(5) "forum"
  ["action"] => string(5) "index"
  ["module"] => string(7) "default"
}


--------------------------------------------------------------------------------
2015-04-11T09:22:12+00:00 ERR (3) 404 Seite nicht gefunden
REMOTE_ADDR: 23.251.32.80
HTTP_REFERER: 
requested: array(5) {
  ["controller"] => string(5) "admin"
  ["action"] => string(7) "editors"
  ["fckeditor"] => string(6) "editor"
  ["filemanager"] => string(6) "upload"
  ["module"] => string(7) "default"
}


--------------------------------------------------------------------------------
2015-04-11T09:22:12+00:00 ERR (3) 404 Seite nicht gefunden
REMOTE_ADDR: 23.251.32.80
HTTP_REFERER: 
requested: array(4) {
  ["controller"] => string(6) "editor"
  ["action"] => string(11) "filemanager"
  ["upload"] => string(9) "test.html"
  ["module"] => string(7) "default"
}


--------------------------------------------------------------------------------
2015-04-11T09:22:12+00:00 ERR (3) 404 Seite nicht gefunden
REMOTE_ADDR: 23.251.32.80
HTTP_REFERER: 
requested: array(6) {
  ["controller"] => string(5) "admin"
  ["action"] => string(9) "FCKeditor"
  ["editor"] => string(11) "filemanager"
  ["browser"] => string(7) "default"
  ["connectors"] => string(9) "test.html"
  ["module"] => string(7) "default"
}


--------------------------------------------------------------------------------
2015-04-11T09:22:12+00:00 ERR (3) 404 Seite nicht gefunden
REMOTE_ADDR: 23.251.32.80
HTTP_REFERER: 
requested: array(5) {
  ["controller"] => string(6) "editor"
  ["action"] => string(11) "filemanager"
  ["browser"] => string(7) "default"
  ["connectors"] => string(9) "test.html"
  ["module"] => string(7) "default"
}


--------------------------------------------------------------------------------
2015-04-11T09:22:12+00:00 ERR (3) 404 Seite nicht gefunden
REMOTE_ADDR: 23.251.32.80
HTTP_REFERER: 
requested: array(5) {
  ["controller"] => string(7) "editors"
  ["action"] => string(9) "fckeditor"
  ["editor"] => string(11) "filemanager"
  ["upload"] => string(9) "test.html"
  ["module"] => string(7) "default"
}


--------------------------------------------------------------------------------
2015-04-11T09:22:12+00:00 ERR (3) 404 Seite nicht gefunden
REMOTE_ADDR: 23.251.32.80
HTTP_REFERER: 
requested: array(5) {
  ["controller"] => string(9) "FCKeditor"
  ["action"] => string(6) "editor"
  ["filemanager"] => string(7) "browser"
  ["default"] => string(10) "connectors"
  ["module"] => string(7) "default"
}


--------------------------------------------------------------------------------
2015-04-11T09:22:12+00:00 ERR (3) 404 Seite nicht gefunden
REMOTE_ADDR: 23.251.32.80
HTTP_REFERER: 
requested: array(5) {
  ["controller"] => string(5) "admin"
  ["action"] => string(9) "FCKeditor"
  ["editor"] => string(11) "filemanager"
  ["upload"] => string(9) "test.html"
  ["module"] => string(7) "default"
}


--------------------------------------------------------------------------------
2015-04-11T09:22:12+00:00 ERR (3) 404 Seite nicht gefunden
REMOTE_ADDR: 23.251.32.80
HTTP_REFERER: 
requested: array(5) {
  ["controller"] => string(5) "admin"
  ["action"] => string(9) "FCKeditor"
  ["editor"] => string(11) "filemanager"
  ["connectors"] => string(9) "test.html"
  ["module"] => string(7) "default"
}


--------------------------------------------------------------------------------
2015-04-11T09:22:12+00:00 ERR (3) 404 Seite nicht gefunden
REMOTE_ADDR: 23.251.32.80
HTTP_REFERER: 
requested: array(4) {
  ["controller"] => string(9) "FCKeditor"
  ["action"] => string(6) "editor"
  ["filemanager"] => string(10) "connectors"
  ["module"] => string(7) "default"
}


--------------------------------------------------------------------------------
2015-04-11T09:22:12+00:00 ERR (3) 404 Seite nicht gefunden
REMOTE_ADDR: 23.251.32.80
HTTP_REFERER: 
requested: array(5) {
  ["controller"] => string(5) "admin"
  ["action"] => string(9) "fckeditor"
  ["editor"] => string(11) "filemanager"
  ["connectors"] => string(9) "test.html"
  ["module"] => string(7) "default"
}


--------------------------------------------------------------------------------
2015-04-11T09:22:13+00:00 ERR (3) 404 Seite nicht gefunden
REMOTE_ADDR: 23.251.32.80
HTTP_REFERER: 
requested: array(4) {
  ["controller"] => string(9) "FCKeditor"
  ["action"] => string(6) "editor"
  ["filemanager"] => string(6) "upload"
  ["module"] => string(7) "default"
}


--------------------------------------------------------------------------------
2015-04-11T09:22:13+00:00 ERR (3) 404 Seite nicht gefunden
REMOTE_ADDR: 23.251.32.80
HTTP_REFERER: 
requested: array(4) {
  ["controller"] => string(9) "fckeditor"
  ["action"] => string(6) "editor"
  ["filemanager"] => string(6) "upload"
  ["module"] => string(7) "default"
}


--------------------------------------------------------------------------------
2015-04-11T09:22:13+00:00 ERR (3) 404 Seite nicht gefunden
REMOTE_ADDR: 23.251.32.80
HTTP_REFERER: 
requested: array(5) {
  ["controller"] => string(9) "fckeditor"
  ["action"] => string(6) "editor"
  ["filemanager"] => string(7) "browser"
  ["default"] => string(10) "connectors"
  ["module"] => string(7) "default"
}


--------------------------------------------------------------------------------
2015-04-11T09:22:13+00:00 ERR (3) 404 Seite nicht gefunden
REMOTE_ADDR: 23.251.32.80
HTTP_REFERER: 
requested: array(4) {
  ["controller"] => string(9) "fckeditor"
  ["action"] => string(6) "editor"
  ["filemanager"] => string(10) "connectors"
  ["module"] => string(7) "default"
}


--------------------------------------------------------------------------------
2015-04-11T09:22:13+00:00 ERR (3) 404 Seite nicht gefunden
REMOTE_ADDR: 23.251.32.80
HTTP_REFERER: 
requested: array(5) {
  ["controller"] => string(5) "admin"
  ["action"] => string(6) "editor"
  ["filemanager"] => string(7) "browser"
  ["default"] => string(10) "connectors"
  ["module"] => string(7) "default"
}


--------------------------------------------------------------------------------
2015-04-11T13:43:53+00:00 ERR (3) 404 "hire-lasse" was not found.
REMOTE_ADDR: 85.25.236.93
HTTP_REFERER: 
requested: array(5) {
  ["lang"] => string(2) "de"
  ["action"] => string(4) "page"
  ["key"] => string(10) "hire-lasse"
  ["module"] => string(7) "default"
  ["controller"] => string(5) "index"
}


--------------------------------------------------------------------------------
2015-04-11T13:53:15+00:00 ERR (3) 404 "hire-lasse" was not found.
REMOTE_ADDR: 85.25.236.93
HTTP_REFERER: 
requested: array(5) {
  ["lang"] => string(2) "en"
  ["action"] => string(4) "page"
  ["key"] => string(10) "hire-lasse"
  ["module"] => string(7) "default"
  ["controller"] => string(5) "index"
}


--------------------------------------------------------------------------------
