2011-03-20T00:12:27+00:00 ERR (3) 404 Seite nicht gefunden
REMOTE_ADDR: 92.56.34.223
HTTP_REFERER: 
requested: array(3) {
  ["controller"] => string(10) "javascript"
  ["action"] => string(1) "'"
  ["module"] => string(7) "default"
}


--------------------------------------------------------------------------------
2011-03-20T11:34:05+00:00 ERR (3) 404 Seite nicht gefunden
REMOTE_ADDR: 62.163.113.70
HTTP_REFERER: 
requested: array(3) {
  ["controller"] => string(10) "javascript"
  ["action"] => string(1) "'"
  ["module"] => string(7) "default"
}


--------------------------------------------------------------------------------
2011-03-20T20:22:31+00:00 ERR (3) 404 Page not found
REMOTE_ADDR: 208.115.111.248
HTTP_REFERER: 
requested: array(5) {
  ["lang"] => string(2) "en"
  ["action"] => string(2) "de"
  ["module"] => string(7) "default"
  ["controller"] => string(5) "index"
  ["key"] => string(0) ""
}


--------------------------------------------------------------------------------
