2015-06-06T08:46:16+00:00 ERR (3) 404 Seite nicht gefunden
REMOTE_ADDR: 176.38.143.62
HTTP_REFERER: http://graphicore.de/forum/index.php
requested: array(3) {
  ["controller"] => string(5) "forum"
  ["action"] => string(9) "index.php"
  ["module"] => string(7) "default"
}


--------------------------------------------------------------------------------
2015-06-06T13:07:48+00:00 ERR (3) 404 Page not found
REMOTE_ADDR: 5.56.60.47
HTTP_REFERER: 
requested: array(4) {
  ["controller"] => string(8) "wp-admin"
  ["action"] => string(14) "admin-ajax.php"
  ["module"] => string(7) "default"
  ["img"] => string(16) "../wp-config.php"
}


--------------------------------------------------------------------------------
2015-06-06T15:51:23+00:00 ERR (3) 404 Seite nicht gefunden
REMOTE_ADDR: 89.29.175.68
HTTP_REFERER: 
requested: array(4) {
  ["controller"] => string(6) "https:"
  [""] => string(19) "silber-und-blei.com"
  ["action"] => string(5) "index"
  ["module"] => string(7) "default"
}


--------------------------------------------------------------------------------
2015-06-06T15:51:25+00:00 ERR (3) 404 Seite nicht gefunden
REMOTE_ADDR: 89.29.175.68
HTTP_REFERER: 
requested: array(3) {
  ["controller"] => string(2) "js"
  ["action"] => string(1) "'"
  ["module"] => string(7) "default"
}


--------------------------------------------------------------------------------
2015-06-06T15:53:43+00:00 ERR (3) 404 Page not found
REMOTE_ADDR: 5.56.60.47
HTTP_REFERER: 
requested: array(3) {
  ["controller"] => string(7) ".my.cnf"
  ["action"] => string(5) "index"
  ["module"] => string(7) "default"
}


--------------------------------------------------------------------------------
2015-06-06T17:11:22+00:00 ERR (3) 404 "hire-lasse" was not found.
REMOTE_ADDR: 157.55.39.165
HTTP_REFERER: 
requested: array(5) {
  ["lang"] => string(2) "de"
  ["action"] => string(4) "page"
  ["key"] => string(10) "hire-lasse"
  ["module"] => string(7) "default"
  ["controller"] => string(5) "index"
}


--------------------------------------------------------------------------------
2015-06-06T18:48:48+00:00 ERR (3) 404 "hire-lasse" was not found.
REMOTE_ADDR: 68.180.228.218
HTTP_REFERER: 
requested: array(5) {
  ["lang"] => string(2) "en"
  ["action"] => string(4) "page"
  ["key"] => string(10) "hire-lasse"
  ["module"] => string(7) "default"
  ["controller"] => string(5) "index"
}


--------------------------------------------------------------------------------
2015-06-06T23:43:37+00:00 ERR (3) 404 "hire-lasse" was not found.
REMOTE_ADDR: 91.121.79.180
HTTP_REFERER: 
requested: array(5) {
  ["lang"] => string(2) "de"
  ["action"] => string(4) "page"
  ["key"] => string(10) "hire-lasse"
  ["module"] => string(7) "default"
  ["controller"] => string(5) "index"
}


--------------------------------------------------------------------------------
2015-06-06T23:43:37+00:00 ERR (3) 404 "" was not found.
REMOTE_ADDR: 91.121.79.180
HTTP_REFERER: 
requested: array(5) {
  ["lang"] => string(2) "de"
  ["action"] => string(7) "archive"
  ["module"] => string(7) "default"
  ["controller"] => string(5) "index"
  ["key"] => string(0) ""
}


--------------------------------------------------------------------------------
2015-06-06T23:44:11+00:00 ERR (3) 404 "hire-lasse" was not found.
REMOTE_ADDR: 91.121.79.180
HTTP_REFERER: 
requested: array(5) {
  ["lang"] => string(2) "en"
  ["action"] => string(4) "page"
  ["key"] => string(10) "hire-lasse"
  ["module"] => string(7) "default"
  ["controller"] => string(5) "index"
}


--------------------------------------------------------------------------------
2015-06-06T23:44:11+00:00 ERR (3) 404 "" was not found.
REMOTE_ADDR: 91.121.79.180
HTTP_REFERER: 
requested: array(5) {
  ["lang"] => string(2) "en"
  ["action"] => string(7) "archive"
  ["module"] => string(7) "default"
  ["controller"] => string(5) "index"
  ["key"] => string(0) ""
}


--------------------------------------------------------------------------------
