2014-09-10T00:28:47+00:00 ERR (3) 404 "hire-lasse" was not found.
REMOTE_ADDR: 202.46.63.53
HTTP_REFERER: 
requested: array(5) {
  ["lang"] => string(2) "en"
  ["action"] => string(4) "page"
  ["key"] => string(10) "hire-lasse"
  ["module"] => string(7) "default"
  ["controller"] => string(5) "index"
}


--------------------------------------------------------------------------------
2014-09-10T01:23:48+00:00 ERR (3) 404 The filter "de" was not found.
REMOTE_ADDR: 208.115.113.89
HTTP_REFERER: 
requested: array(5) {
  ["lang"] => string(2) "en"
  ["action"] => string(5) "diary"
  ["key"] => string(2) "de"
  ["module"] => string(7) "default"
  ["controller"] => string(5) "index"
}


--------------------------------------------------------------------------------
2014-09-10T03:24:33+00:00 ERR (3) 404 Seite nicht gefunden
REMOTE_ADDR: 208.115.111.73
HTTP_REFERER: 
requested: array(5) {
  ["lang"] => string(2) "de"
  ["action"] => string(2) "en"
  ["module"] => string(7) "default"
  ["controller"] => string(5) "index"
  ["key"] => string(0) ""
}


--------------------------------------------------------------------------------
2014-09-10T05:03:50+00:00 ERR (3) 404 Seite nicht gefunden
REMOTE_ADDR: 122.174.45.42
HTTP_REFERER: http://graphicore.de/blog
requested: array(3) {
  ["controller"] => string(4) "blog"
  ["action"] => string(5) "index"
  ["module"] => string(7) "default"
}


--------------------------------------------------------------------------------
2014-09-10T05:03:50+00:00 ERR (3) 404 Seite nicht gefunden
REMOTE_ADDR: 124.253.123.157
HTTP_REFERER: http://graphicore.de/wp
requested: array(3) {
  ["controller"] => string(2) "wp"
  ["action"] => string(5) "index"
  ["module"] => string(7) "default"
}


--------------------------------------------------------------------------------
2014-09-10T05:03:50+00:00 ERR (3) 404 Seite nicht gefunden
REMOTE_ADDR: 113.186.162.121
HTTP_REFERER: http://graphicore.de/wordpress
requested: array(3) {
  ["controller"] => string(9) "wordpress"
  ["action"] => string(5) "index"
  ["module"] => string(7) "default"
}


--------------------------------------------------------------------------------
2014-09-10T05:03:50+00:00 ERR (3) 404 Seite nicht gefunden
REMOTE_ADDR: 116.124.175.27
HTTP_REFERER: http://graphicore.de/joomla
requested: array(3) {
  ["controller"] => string(6) "joomla"
  ["action"] => string(5) "index"
  ["module"] => string(7) "default"
}


--------------------------------------------------------------------------------
2014-09-10T05:03:52+00:00 ERR (3) 404 Seite nicht gefunden
REMOTE_ADDR: 36.83.105.242
HTTP_REFERER: http://graphicore.de/drupal
requested: array(3) {
  ["controller"] => string(6) "drupal"
  ["action"] => string(5) "index"
  ["module"] => string(7) "default"
}


--------------------------------------------------------------------------------
2014-09-10T10:14:30+00:00 ERR (3) 404 Seite nicht gefunden
REMOTE_ADDR: 50.19.14.56
HTTP_REFERER: 
requested: array(3) {
  ["controller"] => string(20) "apple-touch-icon.png"
  ["action"] => string(5) "index"
  ["module"] => string(7) "default"
}


--------------------------------------------------------------------------------
2014-09-10T12:01:21+00:00 ERR (3) 404 "hire-lasse" was not found.
REMOTE_ADDR: 81.30.151.220
HTTP_REFERER: 
requested: array(5) {
  ["lang"] => string(2) "en"
  ["action"] => string(4) "page"
  ["key"] => string(10) "hire-lasse"
  ["module"] => string(7) "default"
  ["controller"] => string(5) "index"
}


--------------------------------------------------------------------------------
2014-09-10T13:26:46+00:00 ERR (3) 404 "hire-lasse" was not found.
REMOTE_ADDR: 88.198.160.61
HTTP_REFERER: 
requested: array(5) {
  ["lang"] => string(2) "de"
  ["action"] => string(4) "page"
  ["key"] => string(10) "hire-lasse"
  ["module"] => string(7) "default"
  ["controller"] => string(5) "index"
}


--------------------------------------------------------------------------------
2014-09-10T13:31:13+00:00 ERR (3) 404 Seite nicht gefunden
REMOTE_ADDR: 46.4.12.20
HTTP_REFERER: 
requested: array(4) {
  ["controller"] => string(5) "forum"
  ["action"] => string(13) "viewtopic.php"
  ["module"] => string(7) "default"
  ["p"] => string(2) "22"
}


--------------------------------------------------------------------------------
2014-09-10T13:31:28+00:00 ERR (3) 404 Seite nicht gefunden
REMOTE_ADDR: 46.4.12.20
HTTP_REFERER: 
requested: array(4) {
  ["controller"] => string(5) "forum"
  ["action"] => string(13) "viewtopic.php"
  ["module"] => string(7) "default"
  ["p"] => string(2) "23"
}


--------------------------------------------------------------------------------
2014-09-10T13:31:46+00:00 ERR (3) 404 Seite nicht gefunden
REMOTE_ADDR: 46.4.12.20
HTTP_REFERER: 
requested: array(4) {
  ["controller"] => string(5) "forum"
  ["action"] => string(13) "viewtopic.php"
  ["module"] => string(7) "default"
  ["p"] => string(2) "24"
}


--------------------------------------------------------------------------------
2014-09-10T13:32:02+00:00 ERR (3) 404 Seite nicht gefunden
REMOTE_ADDR: 46.4.12.20
HTTP_REFERER: 
requested: array(4) {
  ["controller"] => string(5) "forum"
  ["action"] => string(13) "viewtopic.php"
  ["module"] => string(7) "default"
  ["p"] => string(2) "37"
}


--------------------------------------------------------------------------------
2014-09-10T13:32:15+00:00 ERR (3) 404 Seite nicht gefunden
REMOTE_ADDR: 46.4.12.20
HTTP_REFERER: 
requested: array(4) {
  ["controller"] => string(5) "forum"
  ["action"] => string(13) "viewtopic.php"
  ["module"] => string(7) "default"
  ["p"] => string(2) "54"
}


--------------------------------------------------------------------------------
2014-09-10T13:32:30+00:00 ERR (3) 404 Seite nicht gefunden
REMOTE_ADDR: 46.4.12.20
HTTP_REFERER: 
requested: array(4) {
  ["controller"] => string(5) "forum"
  ["action"] => string(13) "viewtopic.php"
  ["module"] => string(7) "default"
  ["p"] => string(2) "63"
}


--------------------------------------------------------------------------------
2014-09-10T13:32:47+00:00 ERR (3) 404 Seite nicht gefunden
REMOTE_ADDR: 46.4.12.20
HTTP_REFERER: 
requested: array(4) {
  ["controller"] => string(5) "forum"
  ["action"] => string(13) "viewtopic.php"
  ["module"] => string(7) "default"
  ["p"] => string(2) "64"
}


--------------------------------------------------------------------------------
2014-09-10T13:33:08+00:00 ERR (3) 404 Seite nicht gefunden
REMOTE_ADDR: 46.4.12.20
HTTP_REFERER: 
requested: array(4) {
  ["controller"] => string(5) "forum"
  ["action"] => string(13) "viewtopic.php"
  ["module"] => string(7) "default"
  ["p"] => string(2) "67"
}


--------------------------------------------------------------------------------
2014-09-10T13:33:24+00:00 ERR (3) 404 Seite nicht gefunden
REMOTE_ADDR: 46.4.12.20
HTTP_REFERER: 
requested: array(4) {
  ["controller"] => string(5) "forum"
  ["action"] => string(13) "viewtopic.php"
  ["module"] => string(7) "default"
  ["p"] => string(2) "71"
}


--------------------------------------------------------------------------------
2014-09-10T13:33:45+00:00 ERR (3) 404 Seite nicht gefunden
REMOTE_ADDR: 46.4.12.20
HTTP_REFERER: 
requested: array(8) {
  ["controller"] => string(5) "forum"
  ["action"] => string(13) "viewtopic.php"
  ["module"] => string(7) "default"
  ["t"] => string(1) "8"
  ["start"] => string(1) "0"
  ["postdays"] => string(1) "0"
  ["postorder"] => string(3) "asc"
  ["highlight"] => string(0) ""
}


--------------------------------------------------------------------------------
2014-09-10T16:50:55+00:00 ERR (3) 404 "hire-lasse" was not found.
REMOTE_ADDR: 85.114.139.54
HTTP_REFERER: 
requested: array(5) {
  ["lang"] => string(2) "de"
  ["action"] => string(4) "page"
  ["key"] => string(10) "hire-lasse"
  ["module"] => string(7) "default"
  ["controller"] => string(5) "index"
}


--------------------------------------------------------------------------------
