2019-06-09T06:48:53+00:00 ERR (3) 404 Seite nicht gefunden
REMOTE_ADDR: 13.57.182.218
HTTP_REFERER: 
requested: array(3) {
  ["controller"] => string(3) "app"
  ["action"] => string(5) "index"
  ["module"] => string(7) "default"
}


--------------------------------------------------------------------------------
2019-06-09T16:50:20+00:00 ERR (3) 404 Seite nicht gefunden
REMOTE_ADDR: 71.6.165.200
HTTP_REFERER: 
requested: array(3) {
  ["controller"] => string(11) "sitemap.xml"
  ["action"] => string(5) "index"
  ["module"] => string(7) "default"
}


--------------------------------------------------------------------------------
2019-06-09T16:50:25+00:00 ERR (3) 404 Seite nicht gefunden
REMOTE_ADDR: 71.6.165.200
HTTP_REFERER: 
requested: array(3) {
  ["controller"] => string(11) ".well-known"
  ["action"] => string(12) "security.txt"
  ["module"] => string(7) "default"
}


--------------------------------------------------------------------------------
2019-06-09T17:43:52+00:00 ERR (3) 404 "hire-lasse" was not found.
REMOTE_ADDR: 185.26.92.74
HTTP_REFERER: 
requested: array(5) {
  ["lang"] => string(2) "en"
  ["action"] => string(4) "page"
  ["key"] => string(10) "hire-lasse"
  ["module"] => string(7) "default"
  ["controller"] => string(5) "index"
}


--------------------------------------------------------------------------------
2019-06-09T21:02:25+00:00 ERR (3) 404 Seite nicht gefunden
REMOTE_ADDR: 45.40.166.151
HTTP_REFERER: 
requested: array(3) {
  ["controller"] => string(8) "wp-admin"
  ["action"] => string(5) "index"
  ["module"] => string(7) "default"
}


--------------------------------------------------------------------------------
2019-06-09T21:09:23+00:00 ERR (3) 404 Seite nicht gefunden
REMOTE_ADDR: 82.165.81.116
HTTP_REFERER: 
requested: array(3) {
  ["controller"] => string(4) "test"
  ["action"] => string(8) "wp-admin"
  ["module"] => string(7) "default"
}


--------------------------------------------------------------------------------
2019-06-09T21:16:18+00:00 ERR (3) 404 Seite nicht gefunden
REMOTE_ADDR: 74.208.59.28
HTTP_REFERER: 
requested: array(3) {
  ["controller"] => string(9) "wordpress"
  ["action"] => string(8) "wp-admin"
  ["module"] => string(7) "default"
}


--------------------------------------------------------------------------------
2019-06-09T21:23:11+00:00 ERR (3) 404 Seite nicht gefunden
REMOTE_ADDR: 74.208.57.138
HTTP_REFERER: 
requested: array(3) {
  ["controller"] => string(4) "blog"
  ["action"] => string(8) "wp-admin"
  ["module"] => string(7) "default"
}


--------------------------------------------------------------------------------
2019-06-09T21:36:41+00:00 ERR (3) 404 Seite nicht gefunden
REMOTE_ADDR: 192.99.21.122
HTTP_REFERER: 
requested: array(3) {
  ["controller"] => string(3) "old"
  ["action"] => string(8) "wp-admin"
  ["module"] => string(7) "default"
}


--------------------------------------------------------------------------------
