2010-07-25T04:48:40+00:00 ERR (3) 404 "story" was not found.
REMOTE_ADDR: 67.195.115.87
HTTP_REFERER: 
requested: array(6) {
  ["lang"] => string(2) "en"
  ["action"] => string(5) "index"
  ["key"] => string(5) "story"
  ["intern"] => string(7) "turbine"
  ["module"] => string(7) "default"
  ["controller"] => string(5) "index"
}


--------------------------------------------------------------------------------
2010-07-25T18:53:56+00:00 ERR (3) 404 Seite nicht gefunden
REMOTE_ADDR: 93.190.139.174
HTTP_REFERER: http://www.graphicore.de/forum/index.php
requested: array(3) {
  ["controller"] => string(5) "forum"
  ["action"] => string(9) "index.php"
  ["module"] => string(7) "default"
}


--------------------------------------------------------------------------------
