2018-07-26T03:08:29+00:00 ERR (3) 404 Page not found
REMOTE_ADDR: 166.62.90.29
HTTP_REFERER: ufojs.org
requested: array(4) {
  ["controller"] => string(5) "media"
  ["action"] => string(6) "system"
  ["js"] => string(17) "calendar-setup.js"
  ["module"] => string(7) "default"
}


--------------------------------------------------------------------------------
2018-07-26T10:36:40+00:00 ERR (3) 404 "anne" was not found.
REMOTE_ADDR: 216.244.66.228
HTTP_REFERER: 
requested: array(5) {
  ["lang"] => string(2) "de"
  ["action"] => string(4) "page"
  ["key"] => string(4) "anne"
  ["module"] => string(7) "default"
  ["controller"] => string(5) "index"
}


--------------------------------------------------------------------------------
2018-07-26T13:25:40+00:00 ERR (3) 404 "competences" was not found.
REMOTE_ADDR: 159.203.116.123
HTTP_REFERER: http://graphicore.de/en/page/lasse
requested: array(5) {
  ["lang"] => string(2) "en"
  ["action"] => string(4) "page"
  ["key"] => string(11) "competences"
  ["module"] => string(7) "default"
  ["controller"] => string(5) "index"
}


--------------------------------------------------------------------------------
2018-07-26T13:25:45+00:00 ERR (3) 404 "competences" was not found.
REMOTE_ADDR: 159.203.116.123
HTTP_REFERER: http://graphicore.de/de/page/lasse
requested: array(5) {
  ["lang"] => string(2) "de"
  ["action"] => string(4) "page"
  ["key"] => string(11) "competences"
  ["module"] => string(7) "default"
  ["controller"] => string(5) "index"
}


--------------------------------------------------------------------------------
2018-07-26T13:28:55+00:00 ERR (3) 404 "hire-lasse" was not found.
REMOTE_ADDR: 159.203.116.123
HTTP_REFERER: http://graphicore.de/en/archive/2010-09-09_A-Brute-Font-Attack
requested: array(5) {
  ["lang"] => string(2) "en"
  ["action"] => string(4) "page"
  ["key"] => string(10) "hire-lasse"
  ["module"] => string(7) "default"
  ["controller"] => string(5) "index"
}


--------------------------------------------------------------------------------
2018-07-26T13:29:05+00:00 ERR (3) 404 "hire-lasse" was not found.
REMOTE_ADDR: 159.203.116.123
HTTP_REFERER: http://graphicore.de/de/archive/2010-09-09_A-Brute-Font-Attack
requested: array(5) {
  ["lang"] => string(2) "de"
  ["action"] => string(4) "page"
  ["key"] => string(10) "hire-lasse"
  ["module"] => string(7) "default"
  ["controller"] => string(5) "index"
}


--------------------------------------------------------------------------------
2018-07-26T19:21:39+00:00 ERR (3) 404 Seite nicht gefunden
REMOTE_ADDR: 5.228.151.230
HTTP_REFERER: http://graphicore.de/__media__/js/netsoltrademark.php
requested: array(3) {
  ["controller"] => string(9) "__media__"
  ["action"] => string(2) "js"
  ["module"] => string(7) "default"
}


--------------------------------------------------------------------------------
2018-07-26T19:43:52+00:00 ERR (3) 404 Page not found
REMOTE_ADDR: 5.189.162.237
HTTP_REFERER: graphicore.de
requested: array(8) {
  ["controller"] => string(6) "assets"
  ["action"] => string(10) "components"
  ["gallery"] => string(13) "connector.php"
  ["module"] => string(7) "default"
  ["config_prefer_imagemagick"] => string(1) "0"
  ["IMresizedData"] => string(8) "Okzxxcer"
  ["useRawIMoutput"] => string(1) "1"
  ["f"] => string(3) "php"
}


--------------------------------------------------------------------------------
2018-07-26T21:24:11+00:00 ERR (3) 404 "hire-lasse" was not found.
REMOTE_ADDR: 62.138.0.25
HTTP_REFERER: 
requested: array(5) {
  ["lang"] => string(2) "en"
  ["action"] => string(4) "page"
  ["key"] => string(10) "hire-lasse"
  ["module"] => string(7) "default"
  ["controller"] => string(5) "index"
}


--------------------------------------------------------------------------------
2018-07-26T21:50:34+00:00 ERR (3) 404 "competences" was not found.
REMOTE_ADDR: 85.25.210.234
HTTP_REFERER: 
requested: array(5) {
  ["lang"] => string(2) "en"
  ["action"] => string(4) "page"
  ["key"] => string(11) "competences"
  ["module"] => string(7) "default"
  ["controller"] => string(5) "index"
}


--------------------------------------------------------------------------------
2018-07-26T22:02:11+00:00 ERR (3) 404 "hire-lasse" was not found.
REMOTE_ADDR: 85.25.210.234
HTTP_REFERER: 
requested: array(5) {
  ["lang"] => string(2) "de"
  ["action"] => string(4) "page"
  ["key"] => string(10) "hire-lasse"
  ["module"] => string(7) "default"
  ["controller"] => string(5) "index"
}


--------------------------------------------------------------------------------
2018-07-26T22:26:56+00:00 ERR (3) 404 "competences" was not found.
REMOTE_ADDR: 85.25.210.234
HTTP_REFERER: 
requested: array(5) {
  ["lang"] => string(2) "de"
  ["action"] => string(4) "page"
  ["key"] => string(11) "competences"
  ["module"] => string(7) "default"
  ["controller"] => string(5) "index"
}


--------------------------------------------------------------------------------
