2013-12-30T02:26:42+00:00 ERR (3) 404 "hire-lasse" was not found.
REMOTE_ADDR: 212.227.52.170
HTTP_REFERER: http://graphicore.de/en/feed/rss
requested: array(5) {
  ["lang"] => string(2) "en"
  ["action"] => string(4) "page"
  ["key"] => string(10) "hire-lasse"
  ["module"] => string(7) "default"
  ["controller"] => string(5) "index"
}


--------------------------------------------------------------------------------
2013-12-30T02:26:54+00:00 ERR (3) 404 "hire-lasse" was not found.
REMOTE_ADDR: 212.227.52.170
HTTP_REFERER: http://graphicore.de/de/feed/rss
requested: array(5) {
  ["lang"] => string(2) "de"
  ["action"] => string(4) "page"
  ["key"] => string(10) "hire-lasse"
  ["module"] => string(7) "default"
  ["controller"] => string(5) "index"
}


--------------------------------------------------------------------------------
2013-12-30T04:41:21+00:00 ERR (3) 404 Seite nicht gefunden
REMOTE_ADDR: 91.236.74.194
HTTP_REFERER: http://graphicore.de/forum/
requested: array(3) {
  ["controller"] => string(5) "forum"
  ["action"] => string(5) "index"
  ["module"] => string(7) "default"
}


--------------------------------------------------------------------------------
2013-12-30T05:57:29+00:00 ERR (3) 404 The filter "en" was not found.
REMOTE_ADDR: 208.115.113.89
HTTP_REFERER: 
requested: array(5) {
  ["lang"] => string(2) "en"
  ["action"] => string(5) "diary"
  ["key"] => string(2) "en"
  ["module"] => string(7) "default"
  ["controller"] => string(5) "index"
}


--------------------------------------------------------------------------------
2013-12-30T07:43:46+00:00 ERR (3) 404 Seite nicht gefunden
REMOTE_ADDR: 5.10.83.52
HTTP_REFERER: 
requested: array(4) {
  ["controller"] => string(5) "forum"
  ["action"] => string(13) "viewtopic.php"
  ["module"] => string(7) "default"
  ["t"] => string(2) "13"
}


--------------------------------------------------------------------------------
2013-12-30T16:14:24+00:00 ERR (3) 404 Seite nicht gefunden
REMOTE_ADDR: 194.12.74.214
HTTP_REFERER: 
requested: array(3) {
  ["controller"] => string(4) "user"
  ["action"] => string(5) "index"
  ["module"] => string(7) "default"
}


--------------------------------------------------------------------------------
2013-12-30T21:08:10+00:00 ERR (3) 404 "hire-lasse" was not found.
REMOTE_ADDR: 5.10.83.75
HTTP_REFERER: 
requested: array(5) {
  ["lang"] => string(2) "en"
  ["action"] => string(4) "page"
  ["key"] => string(10) "hire-lasse"
  ["module"] => string(7) "default"
  ["controller"] => string(5) "index"
}


--------------------------------------------------------------------------------
