2019-02-12T01:47:38+00:00 ERR (3) 404 Page not found
REMOTE_ADDR: 199.167.137.231
HTTP_REFERER: 
requested: array(3) {
  ["controller"] => string(11) "wp-includes"
  ["action"] => string(15) "wlwmanifest.xml"
  ["module"] => string(7) "default"
}


--------------------------------------------------------------------------------
2019-02-12T01:48:08+00:00 ERR (3) 404 Page not found
REMOTE_ADDR: 199.167.137.231
HTTP_REFERER: 
requested: array(3) {
  ["controller"] => string(9) "wordpress"
  ["action"] => string(11) "wp-includes"
  ["module"] => string(7) "default"
}


--------------------------------------------------------------------------------
2019-02-12T01:48:09+00:00 ERR (3) 404 Page not found
REMOTE_ADDR: 199.167.137.231
HTTP_REFERER: 
requested: array(3) {
  ["controller"] => string(2) "wp"
  ["action"] => string(11) "wp-includes"
  ["module"] => string(7) "default"
}


--------------------------------------------------------------------------------
2019-02-12T01:48:09+00:00 ERR (3) 404 Page not found
REMOTE_ADDR: 199.167.137.231
HTTP_REFERER: 
requested: array(3) {
  ["controller"] => string(4) "site"
  ["action"] => string(11) "wp-includes"
  ["module"] => string(7) "default"
}


--------------------------------------------------------------------------------
2019-02-12T01:48:09+00:00 ERR (3) 404 Page not found
REMOTE_ADDR: 199.167.137.231
HTTP_REFERER: 
requested: array(3) {
  ["controller"] => string(3) "cms"
  ["action"] => string(11) "wp-includes"
  ["module"] => string(7) "default"
}


--------------------------------------------------------------------------------
2019-02-12T08:52:32+00:00 ERR (3) 404 Page not found
REMOTE_ADDR: 23.228.96.82
HTTP_REFERER: http://graphicore.de/wp-content/plugins/wp-dreamworkgallery/readme.txt
requested: array(4) {
  ["controller"] => string(10) "wp-content"
  ["action"] => string(7) "plugins"
  ["wp-dreamworkgallery"] => string(10) "readme.txt"
  ["module"] => string(7) "default"
}


--------------------------------------------------------------------------------
2019-02-12T12:17:18+00:00 ERR (3) 404 Seite nicht gefunden
REMOTE_ADDR: 89.136.31.222
HTTP_REFERER: 
requested: array(4) {
  ["controller"] => string(6) "https:"
  [""] => string(19) "silber-und-blei.com"
  ["action"] => string(5) "index"
  ["module"] => string(7) "default"
}


--------------------------------------------------------------------------------
2019-02-12T18:37:21+00:00 ERR (3) 404 Seite nicht gefunden
REMOTE_ADDR: 129.213.21.173
HTTP_REFERER: graphicore.de/adminer
requested: array(3) {
  ["controller"] => string(7) "adminer"
  ["action"] => string(5) "index"
  ["module"] => string(7) "default"
}


--------------------------------------------------------------------------------
2019-02-12T21:29:28+00:00 ERR (3) 404 Seite nicht gefunden
REMOTE_ADDR: 36.72.199.140
HTTP_REFERER: 
requested: array(3) {
  ["controller"] => string(5) "horde"
  ["action"] => string(3) "imp"
  ["module"] => string(7) "default"
}


--------------------------------------------------------------------------------
2019-02-12T21:29:29+00:00 ERR (3) 404 Seite nicht gefunden
REMOTE_ADDR: 36.72.199.140
HTTP_REFERER: 
requested: array(3) {
  ["controller"] => string(6) "horde3"
  ["action"] => string(3) "imp"
  ["module"] => string(7) "default"
}


--------------------------------------------------------------------------------
2019-02-12T21:29:33+00:00 ERR (3) 404 Seite nicht gefunden
REMOTE_ADDR: 36.72.199.140
HTTP_REFERER: 
requested: array(3) {
  ["controller"] => string(3) "imp"
  ["action"] => string(8) "test.php"
  ["module"] => string(7) "default"
}


--------------------------------------------------------------------------------
