2011-11-16T15:41:10+00:00 ERR (3) 404 Seite nicht gefunden
REMOTE_ADDR: 46.166.129.80
HTTP_REFERER: http://graphicore.de/forum/index.php
requested: array(3) {
  ["controller"] => string(5) "forum"
  ["action"] => string(9) "index.php"
  ["module"] => string(7) "default"
}


--------------------------------------------------------------------------------
2011-11-16T19:24:40+00:00 ERR (3) 404 "" was not found.
REMOTE_ADDR: 130.83.167.153
HTTP_REFERER: 
requested: array(5) {
  ["lang"] => string(2) "de"
  ["action"] => string(7) "archive"
  ["module"] => string(7) "default"
  ["controller"] => string(5) "index"
  ["key"] => string(0) ""
}


--------------------------------------------------------------------------------
2011-11-16T20:57:16+00:00 ERR (3) 404 Seite nicht gefunden
REMOTE_ADDR: 109.230.221.146
HTTP_REFERER: http://graphicore.de/forum/index.php
requested: array(3) {
  ["controller"] => string(5) "forum"
  ["action"] => string(9) "index.php"
  ["module"] => string(7) "default"
}


--------------------------------------------------------------------------------
