2017-06-04T01:22:57+00:00 ERR (3) 404 "hire-lasse" was not found.
REMOTE_ADDR: 51.255.65.63
HTTP_REFERER: 
requested: array(5) {
  ["lang"] => string(2) "en"
  ["action"] => string(4) "page"
  ["key"] => string(10) "hire-lasse"
  ["module"] => string(7) "default"
  ["controller"] => string(5) "index"
}


--------------------------------------------------------------------------------
2017-06-04T05:40:08+00:00 ERR (3) 404 Seite nicht gefunden
REMOTE_ADDR: 192.187.115.90
HTTP_REFERER: http://graphicore.de/wp-admin/
requested: array(4) {
  ["controller"] => string(11) "license.php"
  ["action"] => string(5) "index"
  ["module"] => string(7) "default"
  [1] => string(1) "1"
}


--------------------------------------------------------------------------------
2017-06-04T15:07:22+00:00 ERR (3) 404 "de" was not found.
REMOTE_ADDR: 216.244.66.248
HTTP_REFERER: 
requested: array(5) {
  ["lang"] => string(2) "en"
  ["action"] => string(7) "archive"
  ["key"] => string(2) "de"
  ["module"] => string(7) "default"
  ["controller"] => string(5) "index"
}


--------------------------------------------------------------------------------
2017-06-04T17:52:57+00:00 ERR (3) 404 Seite nicht gefunden
REMOTE_ADDR: 104.168.148.88
HTTP_REFERER: 
requested: array(4) {
  ["controller"] => string(8) "wp-admin"
  ["action"] => string(14) "admin-ajax.php"
  ["module"] => string(7) "default"
  ["client_action"] => string(13) "update_plugin"
}


--------------------------------------------------------------------------------
2017-06-04T17:53:05+00:00 ERR (3) 404 Seite nicht gefunden
REMOTE_ADDR: 104.168.148.88
HTTP_REFERER: 
requested: array(5) {
  ["controller"] => string(10) "wp-content"
  ["action"] => string(7) "plugins"
  ["revslider"] => string(4) "temp"
  ["update_extract"] => string(12) "Uploader.php"
  ["module"] => string(7) "default"
}


--------------------------------------------------------------------------------
2017-06-04T17:53:13+00:00 ERR (3) 404 Seite nicht gefunden
REMOTE_ADDR: 104.168.148.88
HTTP_REFERER: 
requested: array(4) {
  ["controller"] => string(8) "wp-admin"
  ["action"] => string(14) "admin-ajax.php"
  ["module"] => string(7) "default"
  ["client_action"] => string(13) "update_plugin"
}


--------------------------------------------------------------------------------
2017-06-04T17:53:29+00:00 ERR (3) 404 Seite nicht gefunden
REMOTE_ADDR: 104.168.148.88
HTTP_REFERER: 
requested: array(5) {
  ["controller"] => string(10) "wp-content"
  ["action"] => string(7) "plugins"
  ["showbiz"] => string(4) "temp"
  ["update_extract"] => string(12) "Uploader.php"
  ["module"] => string(7) "default"
}


--------------------------------------------------------------------------------
2017-06-04T20:24:14+00:00 ERR (3) 404 "" was not found.
REMOTE_ADDR: 148.251.69.148
HTTP_REFERER: 
requested: array(5) {
  ["lang"] => string(2) "de"
  ["action"] => string(7) "archive"
  ["module"] => string(7) "default"
  ["controller"] => string(5) "index"
  ["key"] => string(0) ""
}


--------------------------------------------------------------------------------
2017-06-04T20:25:13+00:00 ERR (3) 404 "hire-lasse" was not found.
REMOTE_ADDR: 148.251.69.148
HTTP_REFERER: 
requested: array(5) {
  ["lang"] => string(2) "de"
  ["action"] => string(4) "page"
  ["key"] => string(10) "hire-lasse"
  ["module"] => string(7) "default"
  ["controller"] => string(5) "index"
}


--------------------------------------------------------------------------------
2017-06-04T20:25:31+00:00 ERR (3) 404 "" was not found.
REMOTE_ADDR: 148.251.69.148
HTTP_REFERER: 
requested: array(5) {
  ["lang"] => string(2) "en"
  ["action"] => string(7) "archive"
  ["module"] => string(7) "default"
  ["controller"] => string(5) "index"
  ["key"] => string(0) ""
}


--------------------------------------------------------------------------------
2017-06-04T21:43:07+00:00 ERR (3) 404 Seite nicht gefunden
REMOTE_ADDR: 104.168.148.88
HTTP_REFERER: 
requested: array(3) {
  ["controller"] => string(4) "blog"
  ["action"] => string(10) "robots.txt"
  ["module"] => string(7) "default"
}


--------------------------------------------------------------------------------
2017-06-04T21:43:08+00:00 ERR (3) 404 Seite nicht gefunden
REMOTE_ADDR: 104.168.148.88
HTTP_REFERER: 
requested: array(3) {
  ["controller"] => string(4) "blog"
  ["action"] => string(5) "index"
  ["module"] => string(7) "default"
}


--------------------------------------------------------------------------------
2017-06-04T21:43:08+00:00 ERR (3) 404 Seite nicht gefunden
REMOTE_ADDR: 104.168.148.88
HTTP_REFERER: 
requested: array(3) {
  ["controller"] => string(9) "wordpress"
  ["action"] => string(5) "index"
  ["module"] => string(7) "default"
}


--------------------------------------------------------------------------------
2017-06-04T21:43:08+00:00 ERR (3) 404 Seite nicht gefunden
REMOTE_ADDR: 104.168.148.88
HTTP_REFERER: 
requested: array(3) {
  ["controller"] => string(2) "wp"
  ["action"] => string(5) "index"
  ["module"] => string(7) "default"
}


--------------------------------------------------------------------------------
2017-06-04T21:43:09+00:00 ERR (3) 404 Seite nicht gefunden
REMOTE_ADDR: 104.168.148.88
HTTP_REFERER: 
requested: array(3) {
  ["controller"] => string(4) "blog"
  ["action"] => string(10) "robots.txt"
  ["module"] => string(7) "default"
}


--------------------------------------------------------------------------------
2017-06-04T21:43:10+00:00 ERR (3) 404 Seite nicht gefunden
REMOTE_ADDR: 104.168.148.88
HTTP_REFERER: 
requested: array(3) {
  ["controller"] => string(6) "joomla"
  ["action"] => string(10) "robots.txt"
  ["module"] => string(7) "default"
}


--------------------------------------------------------------------------------
2017-06-04T22:06:49+00:00 ERR (3) 404 "hire-lasse" was not found.
REMOTE_ADDR: 207.46.13.52
HTTP_REFERER: 
requested: array(5) {
  ["lang"] => string(2) "de"
  ["action"] => string(4) "page"
  ["key"] => string(10) "hire-lasse"
  ["module"] => string(7) "default"
  ["controller"] => string(5) "index"
}


--------------------------------------------------------------------------------
