2016-02-08T04:42:52+00:00 ERR (3) 404 Seite nicht gefunden
REMOTE_ADDR: 31.210.53.231
HTTP_REFERER: 
requested: array(3) {
  ["controller"] => string(12) "wp-login.php"
  ["action"] => string(5) "index"
  ["module"] => string(7) "default"
}


--------------------------------------------------------------------------------
2016-02-08T04:42:53+00:00 ERR (3) 404 Seite nicht gefunden
REMOTE_ADDR: 31.210.53.231
HTTP_REFERER: 
requested: array(3) {
  ["controller"] => string(13) "administrator"
  ["action"] => string(9) "index.php"
  ["module"] => string(7) "default"
}


--------------------------------------------------------------------------------
2016-02-08T04:42:54+00:00 ERR (3) 404 Seite nicht gefunden
REMOTE_ADDR: 31.210.53.231
HTTP_REFERER: 
requested: array(3) {
  ["controller"] => string(9) "admin.php"
  ["action"] => string(5) "index"
  ["module"] => string(7) "default"
}


--------------------------------------------------------------------------------
2016-02-08T11:50:45+00:00 ERR (3) 404 Seite nicht gefunden
REMOTE_ADDR: 193.201.224.8
HTTP_REFERER: 
requested: array(3) {
  ["controller"] => string(13) "administrator"
  ["action"] => string(5) "index"
  ["module"] => string(7) "default"
}


--------------------------------------------------------------------------------
2016-02-08T11:50:45+00:00 ERR (3) 404 Seite nicht gefunden
REMOTE_ADDR: 193.201.224.8
HTTP_REFERER: 
requested: array(3) {
  ["controller"] => string(9) "admin.php"
  ["action"] => string(5) "index"
  ["module"] => string(7) "default"
}


--------------------------------------------------------------------------------
2016-02-08T15:17:55+00:00 ERR (3) 404 Seite nicht gefunden
REMOTE_ADDR: 94.136.40.78
HTTP_REFERER: 
requested: array(3) {
  ["controller"] => string(8) "wp-admin"
  ["action"] => string(5) "index"
  ["module"] => string(7) "default"
}


--------------------------------------------------------------------------------
2016-02-08T15:24:18+00:00 ERR (3) 404 Seite nicht gefunden
REMOTE_ADDR: 196.22.132.9
HTTP_REFERER: 
requested: array(3) {
  ["controller"] => string(4) "test"
  ["action"] => string(8) "wp-admin"
  ["module"] => string(7) "default"
}


--------------------------------------------------------------------------------
2016-02-08T15:30:27+00:00 ERR (3) 404 Seite nicht gefunden
REMOTE_ADDR: 212.1.210.166
HTTP_REFERER: 
requested: array(3) {
  ["controller"] => string(9) "wordpress"
  ["action"] => string(8) "wp-admin"
  ["module"] => string(7) "default"
}


--------------------------------------------------------------------------------
2016-02-08T15:35:42+00:00 ERR (3) 404 "hire-lasse" was not found.
REMOTE_ADDR: 144.76.15.235
HTTP_REFERER: 
requested: array(5) {
  ["lang"] => string(2) "de"
  ["action"] => string(4) "page"
  ["key"] => string(10) "hire-lasse"
  ["module"] => string(7) "default"
  ["controller"] => string(5) "index"
}


--------------------------------------------------------------------------------
2016-02-08T15:36:13+00:00 ERR (3) 404 "hire-lasse" was not found.
REMOTE_ADDR: 144.76.15.235
HTTP_REFERER: 
requested: array(5) {
  ["lang"] => string(2) "en"
  ["action"] => string(4) "page"
  ["key"] => string(10) "hire-lasse"
  ["module"] => string(7) "default"
  ["controller"] => string(5) "index"
}


--------------------------------------------------------------------------------
2016-02-08T15:37:13+00:00 ERR (3) 404 Seite nicht gefunden
REMOTE_ADDR: 50.62.177.231
HTTP_REFERER: 
requested: array(3) {
  ["controller"] => string(4) "blog"
  ["action"] => string(8) "wp-admin"
  ["module"] => string(7) "default"
}


--------------------------------------------------------------------------------
2016-02-08T15:43:29+00:00 ERR (3) 404 Seite nicht gefunden
REMOTE_ADDR: 192.99.4.126
HTTP_REFERER: 
requested: array(3) {
  ["controller"] => string(2) "wp"
  ["action"] => string(8) "wp-admin"
  ["module"] => string(7) "default"
}


--------------------------------------------------------------------------------
2016-02-08T15:50:08+00:00 ERR (3) 404 Seite nicht gefunden
REMOTE_ADDR: 198.71.231.45
HTTP_REFERER: 
requested: array(3) {
  ["controller"] => string(3) "old"
  ["action"] => string(8) "wp-admin"
  ["module"] => string(7) "default"
}


--------------------------------------------------------------------------------
2016-02-08T19:10:55+00:00 ERR (3) 404 Page not found
REMOTE_ADDR: 129.115.195.56
HTTP_REFERER: 
requested: array(3) {
  ["controller"] => string(32) "apple-touch-icon-precomposed.png"
  ["action"] => string(5) "index"
  ["module"] => string(7) "default"
}


--------------------------------------------------------------------------------
2016-02-08T19:11:02+00:00 ERR (3) 404 Page not found
REMOTE_ADDR: 129.115.195.51
HTTP_REFERER: 
requested: array(3) {
  ["controller"] => string(20) "apple-touch-icon.png"
  ["action"] => string(5) "index"
  ["module"] => string(7) "default"
}


--------------------------------------------------------------------------------
2016-02-08T19:11:18+00:00 ERR (3) 404 Page not found
REMOTE_ADDR: 129.115.195.38
HTTP_REFERER: 
requested: array(3) {
  ["controller"] => string(32) "apple-touch-icon-precomposed.png"
  ["action"] => string(5) "index"
  ["module"] => string(7) "default"
}


--------------------------------------------------------------------------------
2016-02-08T19:11:25+00:00 ERR (3) 404 Page not found
REMOTE_ADDR: 129.115.195.55
HTTP_REFERER: 
requested: array(3) {
  ["controller"] => string(20) "apple-touch-icon.png"
  ["action"] => string(5) "index"
  ["module"] => string(7) "default"
}


--------------------------------------------------------------------------------
