2017-03-25T04:41:10+00:00 ERR (3) 404 Seite nicht gefunden
REMOTE_ADDR: 66.249.76.134
HTTP_REFERER: 
requested: array(3) {
  ["controller"] => string(11) ".well-known"
  ["action"] => string(26) "apple-app-site-association"
  ["module"] => string(7) "default"
}


--------------------------------------------------------------------------------
2017-03-25T04:45:03+00:00 ERR (3) 404 Seite nicht gefunden
REMOTE_ADDR: 66.249.66.126
HTTP_REFERER: 
requested: array(3) {
  ["controller"] => string(11) ".well-known"
  ["action"] => string(15) "assetlinks.json"
  ["module"] => string(7) "default"
}


--------------------------------------------------------------------------------
2017-03-25T04:45:24+00:00 ERR (3) 404 Seite nicht gefunden
REMOTE_ADDR: 66.249.76.131
HTTP_REFERER: 
requested: array(3) {
  ["controller"] => string(26) "apple-app-site-association"
  ["action"] => string(5) "index"
  ["module"] => string(7) "default"
}


--------------------------------------------------------------------------------
2017-03-25T05:17:40+00:00 ERR (3) 404 Seite nicht gefunden
REMOTE_ADDR: 63.141.244.250
HTTP_REFERER: 
requested: array(4) {
  ["controller"] => string(10) "wp-content"
  ["action"] => string(7) "plugins"
  ["mobile-friendly-app-builder-by-easytouch"] => string(10) "readme.txt"
  ["module"] => string(7) "default"
}


--------------------------------------------------------------------------------
2017-03-25T05:27:31+00:00 ERR (3) 404 "hire-lasse" was not found.
REMOTE_ADDR: 207.46.13.18
HTTP_REFERER: 
requested: array(5) {
  ["lang"] => string(2) "de"
  ["action"] => string(4) "page"
  ["key"] => string(10) "hire-lasse"
  ["module"] => string(7) "default"
  ["controller"] => string(5) "index"
}


--------------------------------------------------------------------------------
2017-03-25T13:52:54+00:00 ERR (3) 404 "hire-lasse" was not found.
REMOTE_ADDR: 207.46.13.18
HTTP_REFERER: 
requested: array(5) {
  ["lang"] => string(2) "de"
  ["action"] => string(4) "page"
  ["key"] => string(10) "hire-lasse"
  ["module"] => string(7) "default"
  ["controller"] => string(5) "index"
}


--------------------------------------------------------------------------------
2017-03-25T19:24:29+00:00 ERR (3) 404 Seite nicht gefunden
REMOTE_ADDR: 216.55.146.57
HTTP_REFERER: 
requested: array(3) {
  ["controller"] => string(14) "vmskdl44rededd"
  ["action"] => string(5) "index"
  ["module"] => string(7) "default"
}


--------------------------------------------------------------------------------
2017-03-25T19:24:30+00:00 ERR (3) 404 Seite nicht gefunden
REMOTE_ADDR: 216.55.146.57
HTTP_REFERER: 
requested: array(3) {
  ["controller"] => string(14) "vmskdl44rededd"
  ["action"] => string(5) "index"
  ["module"] => string(7) "default"
}


--------------------------------------------------------------------------------
2017-03-25T19:24:30+00:00 ERR (3) 404 Seite nicht gefunden
REMOTE_ADDR: 216.55.146.57
HTTP_REFERER: 
requested: array(3) {
  ["controller"] => string(15) "N0Wccvvd333.php"
  ["action"] => string(5) "index"
  ["module"] => string(7) "default"
}


--------------------------------------------------------------------------------
2017-03-25T19:24:31+00:00 ERR (3) 404 Seite nicht gefunden
REMOTE_ADDR: 216.55.146.57
HTTP_REFERER: 
requested: array(3) {
  ["controller"] => string(15) "N0Wccvvd333.php"
  ["action"] => string(5) "index"
  ["module"] => string(7) "default"
}


--------------------------------------------------------------------------------
2017-03-25T19:24:31+00:00 ERR (3) 404 Seite nicht gefunden
REMOTE_ADDR: 216.55.146.57
HTTP_REFERER: 
requested: array(3) {
  ["controller"] => string(5) "N0WaY"
  ["action"] => string(9) "N0WaY1bb2"
  ["module"] => string(7) "default"
}


--------------------------------------------------------------------------------
2017-03-25T19:24:32+00:00 ERR (3) 404 Seite nicht gefunden
REMOTE_ADDR: 216.55.146.57
HTTP_REFERER: 
requested: array(3) {
  ["controller"] => string(5) "N0WaY"
  ["action"] => string(9) "N0WaY1bb2"
  ["module"] => string(7) "default"
}


--------------------------------------------------------------------------------
2017-03-25T19:24:33+00:00 ERR (3) 404 Seite nicht gefunden
REMOTE_ADDR: 216.55.146.57
HTTP_REFERER: 
requested: array(3) {
  ["controller"] => string(4) "user"
  ["action"] => string(5) "index"
  ["module"] => string(7) "default"
}


--------------------------------------------------------------------------------
2017-03-25T19:24:35+00:00 ERR (3) 404 Seite nicht gefunden
REMOTE_ADDR: 216.55.146.57
HTTP_REFERER: 
requested: array(3) {
  ["controller"] => string(5) "sites"
  ["action"] => string(7) "default"
  ["module"] => string(7) "default"
}


--------------------------------------------------------------------------------
2017-03-25T19:24:35+00:00 ERR (3) 404 Seite nicht gefunden
REMOTE_ADDR: 216.55.146.57
HTTP_REFERER: 
requested: array(3) {
  ["controller"] => string(5) "sites"
  ["action"] => string(9) "ufojs.org"
  ["module"] => string(7) "default"
}


--------------------------------------------------------------------------------
2017-03-25T19:24:35+00:00 ERR (3) 404 Seite nicht gefunden
REMOTE_ADDR: 216.55.146.57
HTTP_REFERER: 
requested: array(3) {
  ["controller"] => string(12) "wp-login.php"
  ["action"] => string(5) "index"
  ["module"] => string(7) "default"
}


--------------------------------------------------------------------------------
2017-03-25T19:24:36+00:00 ERR (3) 404 Seite nicht gefunden
REMOTE_ADDR: 216.55.146.57
HTTP_REFERER: 
requested: array(3) {
  ["controller"] => string(13) "wp-config.php"
  ["action"] => string(5) "index"
  ["module"] => string(7) "default"
}


--------------------------------------------------------------------------------
2017-03-25T19:24:36+00:00 ERR (3) 404 Seite nicht gefunden
REMOTE_ADDR: 216.55.146.57
HTTP_REFERER: 
requested: array(3) {
  ["controller"] => string(17) "configuration.php"
  ["action"] => string(5) "index"
  ["module"] => string(7) "default"
}


--------------------------------------------------------------------------------
2017-03-25T19:24:37+00:00 ERR (3) 404 Seite nicht gefunden
REMOTE_ADDR: 216.55.146.57
HTTP_REFERER: 
requested: array(3) {
  ["controller"] => string(13) "administrator"
  ["action"] => string(5) "index"
  ["module"] => string(7) "default"
}


--------------------------------------------------------------------------------
2017-03-25T19:31:16+00:00 ERR (3) 404 "hire-lasse" was not found.
REMOTE_ADDR: 163.172.65.182
HTTP_REFERER: 
requested: array(5) {
  ["lang"] => string(2) "en"
  ["action"] => string(4) "page"
  ["key"] => string(10) "hire-lasse"
  ["module"] => string(7) "default"
  ["controller"] => string(5) "index"
}


--------------------------------------------------------------------------------
2017-03-25T21:11:29+00:00 ERR (3) 404 Seite nicht gefunden
REMOTE_ADDR: 188.40.102.81
HTTP_REFERER: 
requested: array(5) {
  ["controller"] => string(10) "components"
  ["action"] => string(15) "com_hdflvplayer"
  ["hdflvplayer"] => string(12) "download.php"
  ["module"] => string(7) "default"
  ["f"] => string(26) "../../../configuration.php"
}


--------------------------------------------------------------------------------
2017-03-25T23:36:36+00:00 ERR (3) 404 Seite nicht gefunden
REMOTE_ADDR: 82.154.7.221
HTTP_REFERER: 
requested: array(3) {
  ["controller"] => string(12) "wp-login.php"
  ["action"] => string(5) "index"
  ["module"] => string(7) "default"
}


--------------------------------------------------------------------------------
2017-03-25T23:56:52+00:00 ERR (3) 404 Seite nicht gefunden
REMOTE_ADDR: 188.40.102.81
HTTP_REFERER: 
requested: array(5) {
  ["controller"] => string(10) "components"
  ["action"] => string(15) "com_hdflvplayer"
  ["hdflvplayer"] => string(12) "download.php"
  ["module"] => string(7) "default"
  ["f"] => string(26) "../../../configuration.php"
}


--------------------------------------------------------------------------------
2017-03-25T23:56:56+00:00 ERR (3) 404 Seite nicht gefunden
REMOTE_ADDR: 188.40.102.81
HTTP_REFERER: 
requested: array(6) {
  ["controller"] => string(10) "components"
  ["action"] => string(9) "com_jnews"
  ["includes"] => string(14) "openflashchart"
  ["php-ofc-library"] => string(20) "ofc_upload_image.php"
  ["module"] => string(7) "default"
  ["name"] => string(7) "mil.php"
}


--------------------------------------------------------------------------------
