2018-12-12T02:04:52+00:00 ERR (3) 404 Seite nicht gefunden
REMOTE_ADDR: 181.74.106.12
HTTP_REFERER: 
requested: array(3) {
  ["controller"] => string(12) "wp-login.php"
  ["action"] => string(5) "index"
  ["module"] => string(7) "default"
}


--------------------------------------------------------------------------------
2018-12-12T02:44:09+00:00 ERR (3) 404 Page not found
REMOTE_ADDR: 209.90.225.116
HTTP_REFERER: http://graphicore.de/wp-content/plugins/wp-homepage-slideshow/readme.txt
requested: array(4) {
  ["controller"] => string(10) "wp-content"
  ["action"] => string(7) "plugins"
  ["wp-homepage-slideshow"] => string(10) "readme.txt"
  ["module"] => string(7) "default"
}


--------------------------------------------------------------------------------
2018-12-12T09:55:49+00:00 ERR (3) 404 "competences" was not found.
REMOTE_ADDR: 23.237.4.26
HTTP_REFERER: 
requested: array(5) {
  ["lang"] => string(2) "de"
  ["action"] => string(4) "page"
  ["key"] => string(11) "competences"
  ["module"] => string(7) "default"
  ["controller"] => string(5) "index"
}


--------------------------------------------------------------------------------
2018-12-12T09:55:54+00:00 ERR (3) 404 "hire-lasse" was not found.
REMOTE_ADDR: 23.237.4.26
HTTP_REFERER: 
requested: array(5) {
  ["lang"] => string(2) "de"
  ["action"] => string(4) "page"
  ["key"] => string(10) "hire-lasse"
  ["module"] => string(7) "default"
  ["controller"] => string(5) "index"
}


--------------------------------------------------------------------------------
2018-12-12T09:56:35+00:00 ERR (3) 404 "competences" was not found.
REMOTE_ADDR: 23.237.4.26
HTTP_REFERER: 
requested: array(5) {
  ["lang"] => string(2) "en"
  ["action"] => string(4) "page"
  ["key"] => string(11) "competences"
  ["module"] => string(7) "default"
  ["controller"] => string(5) "index"
}


--------------------------------------------------------------------------------
2018-12-12T09:56:38+00:00 ERR (3) 404 "hire-lasse" was not found.
REMOTE_ADDR: 23.237.4.26
HTTP_REFERER: 
requested: array(5) {
  ["lang"] => string(2) "en"
  ["action"] => string(4) "page"
  ["key"] => string(10) "hire-lasse"
  ["module"] => string(7) "default"
  ["controller"] => string(5) "index"
}


--------------------------------------------------------------------------------
2018-12-12T15:41:14+00:00 ERR (3) 404 Page not found
REMOTE_ADDR: 95.90.216.203
HTTP_REFERER: 
requested: array(3) {
  ["controller"] => string(10) "fontbakery"
  ["action"] => string(5) "index"
  ["module"] => string(7) "default"
}


--------------------------------------------------------------------------------
2018-12-12T16:13:58+00:00 ERR (3) 404 Seite nicht gefunden
REMOTE_ADDR: 179.53.154.132
HTTP_REFERER: 
requested: array(3) {
  ["controller"] => string(10) "xmlrpc.php"
  ["action"] => string(5) "index"
  ["module"] => string(7) "default"
}


--------------------------------------------------------------------------------
2018-12-12T23:48:20+00:00 ERR (3) 404 Seite nicht gefunden
REMOTE_ADDR: 5.188.210.3
HTTP_REFERER: 
requested: array(4) {
  ["controller"] => string(9) "__media__"
  ["action"] => string(2) "js"
  ["module"] => string(7) "default"
  ["d"] => string(11) "zkdwqlrq.gq"
}


--------------------------------------------------------------------------------
