2019-01-09T01:23:44+00:00 ERR (3) 404 Page not found
REMOTE_ADDR: 185.22.173.142
HTTP_REFERER: 
requested: array(3) {
  ["controller"] => string(4) ".git"
  ["action"] => string(4) "info"
  ["module"] => string(7) "default"
}


--------------------------------------------------------------------------------
2019-01-09T01:59:14+00:00 ERR (3) 404 "" was not found.
REMOTE_ADDR: 134.249.67.95
HTTP_REFERER: https://sel-hoz.com/
requested: array(5) {
  ["lang"] => string(2) "en"
  ["action"] => string(7) "archive"
  ["module"] => string(7) "default"
  ["controller"] => string(5) "index"
  ["key"] => string(0) ""
}


--------------------------------------------------------------------------------
2019-01-09T01:59:14+00:00 ERR (3) 404 "" was not found.
REMOTE_ADDR: 134.249.67.95
HTTP_REFERER: https://sel-hoz.com/
requested: array(5) {
  ["lang"] => string(2) "en"
  ["action"] => string(7) "archive"
  ["module"] => string(7) "default"
  ["controller"] => string(5) "index"
  ["key"] => string(0) ""
}


--------------------------------------------------------------------------------
2019-01-09T01:59:15+00:00 ERR (3) 404 "" was not found.
REMOTE_ADDR: 134.249.67.95
HTTP_REFERER: https://sel-hoz.com/
requested: array(5) {
  ["lang"] => string(2) "en"
  ["action"] => string(7) "archive"
  ["module"] => string(7) "default"
  ["controller"] => string(5) "index"
  ["key"] => string(0) ""
}


--------------------------------------------------------------------------------
2019-01-09T02:46:14+00:00 ERR (3) 404 "" was not found.
REMOTE_ADDR: 134.249.52.146
HTTP_REFERER: https://your-tales.ru/
requested: array(5) {
  ["lang"] => string(2) "en"
  ["action"] => string(7) "archive"
  ["module"] => string(7) "default"
  ["controller"] => string(5) "index"
  ["key"] => string(0) ""
}


--------------------------------------------------------------------------------
2019-01-09T02:46:14+00:00 ERR (3) 404 "" was not found.
REMOTE_ADDR: 134.249.52.146
HTTP_REFERER: https://your-tales.ru/
requested: array(5) {
  ["lang"] => string(2) "en"
  ["action"] => string(7) "archive"
  ["module"] => string(7) "default"
  ["controller"] => string(5) "index"
  ["key"] => string(0) ""
}


--------------------------------------------------------------------------------
2019-01-09T02:46:15+00:00 ERR (3) 404 "" was not found.
REMOTE_ADDR: 134.249.52.146
HTTP_REFERER: https://your-tales.ru/
requested: array(5) {
  ["lang"] => string(2) "en"
  ["action"] => string(7) "archive"
  ["module"] => string(7) "default"
  ["controller"] => string(5) "index"
  ["key"] => string(0) ""
}


--------------------------------------------------------------------------------
2019-01-09T04:25:58+00:00 ERR (3) 404 "" was not found.
REMOTE_ADDR: 134.249.52.146
HTTP_REFERER: https://javlibrary.cc/
requested: array(5) {
  ["lang"] => string(2) "en"
  ["action"] => string(7) "archive"
  ["module"] => string(7) "default"
  ["controller"] => string(5) "index"
  ["key"] => string(0) ""
}


--------------------------------------------------------------------------------
2019-01-09T04:25:59+00:00 ERR (3) 404 "" was not found.
REMOTE_ADDR: 134.249.52.146
HTTP_REFERER: https://javlibrary.cc/
requested: array(5) {
  ["lang"] => string(2) "en"
  ["action"] => string(7) "archive"
  ["module"] => string(7) "default"
  ["controller"] => string(5) "index"
  ["key"] => string(0) ""
}


--------------------------------------------------------------------------------
2019-01-09T04:25:59+00:00 ERR (3) 404 "" was not found.
REMOTE_ADDR: 134.249.52.146
HTTP_REFERER: https://javlibrary.cc/
requested: array(5) {
  ["lang"] => string(2) "en"
  ["action"] => string(7) "archive"
  ["module"] => string(7) "default"
  ["controller"] => string(5) "index"
  ["key"] => string(0) ""
}


--------------------------------------------------------------------------------
2019-01-09T09:45:39+00:00 ERR (3) 404 Seite nicht gefunden
REMOTE_ADDR: 179.43.145.251
HTTP_REFERER: 
requested: array(3) {
  ["controller"] => string(6) "https:"
  ["action"] => string(19) "silber-und-blei.com"
  ["module"] => string(7) "default"
}


--------------------------------------------------------------------------------
2019-01-09T10:29:32+00:00 ERR (3) 404 Seite nicht gefunden
REMOTE_ADDR: 46.229.168.129
HTTP_REFERER: 
requested: array(3) {
  ["controller"] => string(11) "sitemap.xml"
  ["action"] => string(5) "index"
  ["module"] => string(7) "default"
}


--------------------------------------------------------------------------------
2019-01-09T13:07:42+00:00 ERR (3) 404 Seite nicht gefunden
REMOTE_ADDR: 59.89.205.55
HTTP_REFERER: 
requested: array(3) {
  ["controller"] => string(10) "xmlrpc.php"
  ["action"] => string(5) "index"
  ["module"] => string(7) "default"
}


--------------------------------------------------------------------------------
2019-01-09T15:03:29+00:00 ERR (3) 404 Seite nicht gefunden
REMOTE_ADDR: 179.43.145.251
HTTP_REFERER: 
requested: array(4) {
  ["controller"] => string(6) "https:"
  [""] => string(19) "silber-und-blei.com"
  ["action"] => string(5) "index"
  ["module"] => string(7) "default"
}


--------------------------------------------------------------------------------
2019-01-09T18:21:16+00:00 ERR (3) 404 Seite nicht gefunden
REMOTE_ADDR: 62.4.55.144
HTTP_REFERER: 
requested: array(3) {
  ["controller"] => string(10) "xmlrpc.php"
  ["action"] => string(5) "index"
  ["module"] => string(7) "default"
}


--------------------------------------------------------------------------------
2019-01-09T22:39:22+00:00 ERR (3) 404 "" was not found.
REMOTE_ADDR: 134.249.55.222
HTTP_REFERER: https://tamada69.com/
requested: array(5) {
  ["lang"] => string(2) "en"
  ["action"] => string(7) "archive"
  ["module"] => string(7) "default"
  ["controller"] => string(5) "index"
  ["key"] => string(0) ""
}


--------------------------------------------------------------------------------
2019-01-09T22:39:23+00:00 ERR (3) 404 "" was not found.
REMOTE_ADDR: 134.249.55.222
HTTP_REFERER: https://tamada69.com/
requested: array(5) {
  ["lang"] => string(2) "en"
  ["action"] => string(7) "archive"
  ["module"] => string(7) "default"
  ["controller"] => string(5) "index"
  ["key"] => string(0) ""
}


--------------------------------------------------------------------------------
2019-01-09T22:39:23+00:00 ERR (3) 404 "" was not found.
REMOTE_ADDR: 134.249.55.222
HTTP_REFERER: https://tamada69.com/
requested: array(5) {
  ["lang"] => string(2) "en"
  ["action"] => string(7) "archive"
  ["module"] => string(7) "default"
  ["controller"] => string(5) "index"
  ["key"] => string(0) ""
}


--------------------------------------------------------------------------------
2019-01-09T23:29:04+00:00 ERR (3) 404 "anne" was not found.
REMOTE_ADDR: 66.249.66.200
HTTP_REFERER: 
requested: array(5) {
  ["lang"] => string(2) "en"
  ["action"] => string(4) "page"
  ["key"] => string(4) "anne"
  ["module"] => string(7) "default"
  ["controller"] => string(5) "index"
}


--------------------------------------------------------------------------------
