2017-01-12T02:32:41+00:00 ERR (3) 404 Seite nicht gefunden
REMOTE_ADDR: 185.92.221.185
HTTP_REFERER: 
requested: array(3) {
  ["controller"] => string(5) "mysql"
  ["action"] => string(7) "sql.php"
  ["module"] => string(7) "default"
}


--------------------------------------------------------------------------------
2017-01-12T03:32:17+00:00 ERR (3) 404 "hire-lasse" was not found.
REMOTE_ADDR: 157.55.39.123
HTTP_REFERER: 
requested: array(5) {
  ["lang"] => string(2) "de"
  ["action"] => string(4) "page"
  ["key"] => string(10) "hire-lasse"
  ["module"] => string(7) "default"
  ["controller"] => string(5) "index"
}


--------------------------------------------------------------------------------
2017-01-12T03:35:42+00:00 ERR (3) 404 Seite nicht gefunden
REMOTE_ADDR: 193.28.200.57
HTTP_REFERER: http://findclan.org/ads/recruit/1620
requested: array(3) {
  ["controller"] => string(5) "forum"
  ["action"] => string(5) "index"
  ["module"] => string(7) "default"
}


--------------------------------------------------------------------------------
2017-01-12T03:35:43+00:00 ERR (3) 404 Seite nicht gefunden
REMOTE_ADDR: 193.28.200.57
HTTP_REFERER: http://findclan.org/ads/recruit/1620
requested: array(3) {
  ["controller"] => string(5) "forum"
  ["action"] => string(5) "index"
  ["module"] => string(7) "default"
}


--------------------------------------------------------------------------------
2017-01-12T03:35:47+00:00 ERR (3) 404 Seite nicht gefunden
REMOTE_ADDR: 193.28.200.57
HTTP_REFERER: http://findclan.org/ads/recruit/1620
requested: array(3) {
  ["controller"] => string(5) "forum"
  ["action"] => string(5) "index"
  ["module"] => string(7) "default"
}


--------------------------------------------------------------------------------
2017-01-12T03:35:47+00:00 ERR (3) 404 Seite nicht gefunden
REMOTE_ADDR: 193.28.200.57
HTTP_REFERER: http://findclan.org/ads/recruit/1620
requested: array(3) {
  ["controller"] => string(5) "forum"
  ["action"] => string(5) "index"
  ["module"] => string(7) "default"
}


--------------------------------------------------------------------------------
2017-01-12T05:37:45+00:00 ERR (3) 404 Seite nicht gefunden
REMOTE_ADDR: 66.249.75.19
HTTP_REFERER: 
requested: array(3) {
  ["controller"] => string(11) ".well-known"
  ["action"] => string(26) "apple-app-site-association"
  ["module"] => string(7) "default"
}


--------------------------------------------------------------------------------
2017-01-12T05:37:45+00:00 ERR (3) 404 Seite nicht gefunden
REMOTE_ADDR: 66.249.76.131
HTTP_REFERER: 
requested: array(3) {
  ["controller"] => string(26) "apple-app-site-association"
  ["action"] => string(5) "index"
  ["module"] => string(7) "default"
}


--------------------------------------------------------------------------------
2017-01-12T05:42:43+00:00 ERR (3) 404 Seite nicht gefunden
REMOTE_ADDR: 66.249.75.16
HTTP_REFERER: 
requested: array(3) {
  ["controller"] => string(11) ".well-known"
  ["action"] => string(15) "assetlinks.json"
  ["module"] => string(7) "default"
}


--------------------------------------------------------------------------------
2017-01-12T07:25:49+00:00 ERR (3) 404 "hire-lasse" was not found.
REMOTE_ADDR: 138.201.59.34
HTTP_REFERER: http://graphicore.de/de/feed/rss
requested: array(5) {
  ["lang"] => string(2) "de"
  ["action"] => string(4) "page"
  ["key"] => string(10) "hire-lasse"
  ["module"] => string(7) "default"
  ["controller"] => string(5) "index"
}


--------------------------------------------------------------------------------
2017-01-12T07:27:09+00:00 ERR (3) 404 "hire-lasse" was not found.
REMOTE_ADDR: 138.201.59.34
HTTP_REFERER: http://graphicore.de/en/feed/rss
requested: array(5) {
  ["lang"] => string(2) "en"
  ["action"] => string(4) "page"
  ["key"] => string(10) "hire-lasse"
  ["module"] => string(7) "default"
  ["controller"] => string(5) "index"
}


--------------------------------------------------------------------------------
2017-01-12T10:10:50+00:00 ERR (3) 404 "hire-lasse" was not found.
REMOTE_ADDR: 66.249.76.136
HTTP_REFERER: 
requested: array(5) {
  ["lang"] => string(2) "en"
  ["action"] => string(4) "page"
  ["key"] => string(10) "hire-lasse"
  ["module"] => string(7) "default"
  ["controller"] => string(5) "index"
}


--------------------------------------------------------------------------------
2017-01-12T22:06:19+00:00 ERR (3) 404 Page not found
REMOTE_ADDR: 107.170.38.165
HTTP_REFERER: graphicore.de
requested: array(4) {
  ["controller"] => string(15) "adodb.class.php"
  ["action"] => string(5) "index"
  ["module"] => string(7) "default"
  ["array"] => string(56) "cHJpbnQoJzcwODQ3NGZnNjVhMDE4NTQzbzcxYzZhNzQ5Y2M0OGUzJyk="
}


--------------------------------------------------------------------------------
2017-01-12T22:10:11+00:00 ERR (3) 404 Seite nicht gefunden
REMOTE_ADDR: 73.247.36.210
HTTP_REFERER: 
requested: array(3) {
  ["controller"] => string(12) "wp-login.php"
  ["action"] => string(5) "index"
  ["module"] => string(7) "default"
}


--------------------------------------------------------------------------------
