2019-01-11T00:14:25+00:00 ERR (3) 404 "" was not found.
REMOTE_ADDR: 37.115.189.46
HTTP_REFERER: https://moyparnik.com/
requested: array(5) {
  ["lang"] => string(2) "en"
  ["action"] => string(7) "archive"
  ["module"] => string(7) "default"
  ["controller"] => string(5) "index"
  ["key"] => string(0) ""
}


--------------------------------------------------------------------------------
2019-01-11T00:14:26+00:00 ERR (3) 404 "" was not found.
REMOTE_ADDR: 37.115.189.46
HTTP_REFERER: https://moyparnik.com/
requested: array(5) {
  ["lang"] => string(2) "en"
  ["action"] => string(7) "archive"
  ["module"] => string(7) "default"
  ["controller"] => string(5) "index"
  ["key"] => string(0) ""
}


--------------------------------------------------------------------------------
2019-01-11T00:14:26+00:00 ERR (3) 404 "" was not found.
REMOTE_ADDR: 37.115.189.46
HTTP_REFERER: https://moyparnik.com/
requested: array(5) {
  ["lang"] => string(2) "en"
  ["action"] => string(7) "archive"
  ["module"] => string(7) "default"
  ["controller"] => string(5) "index"
  ["key"] => string(0) ""
}


--------------------------------------------------------------------------------
2019-01-11T05:07:09+00:00 ERR (3) 404 Seite nicht gefunden
REMOTE_ADDR: 5.188.210.3
HTTP_REFERER: 
requested: array(4) {
  ["controller"] => string(9) "__media__"
  ["action"] => string(2) "js"
  ["module"] => string(7) "default"
  ["d"] => string(11) "zkdwqlrq.gq"
}


--------------------------------------------------------------------------------
2019-01-11T07:04:04+00:00 ERR (3) 404 "" was not found.
REMOTE_ADDR: 37.115.189.46
HTTP_REFERER: https://www.123movies.love/
requested: array(5) {
  ["lang"] => string(2) "en"
  ["action"] => string(7) "archive"
  ["module"] => string(7) "default"
  ["controller"] => string(5) "index"
  ["key"] => string(0) ""
}


--------------------------------------------------------------------------------
2019-01-11T07:04:08+00:00 ERR (3) 404 "" was not found.
REMOTE_ADDR: 37.115.189.46
HTTP_REFERER: https://www.123movies.love/
requested: array(5) {
  ["lang"] => string(2) "en"
  ["action"] => string(7) "archive"
  ["module"] => string(7) "default"
  ["controller"] => string(5) "index"
  ["key"] => string(0) ""
}


--------------------------------------------------------------------------------
2019-01-11T07:04:11+00:00 ERR (3) 404 "" was not found.
REMOTE_ADDR: 37.115.189.46
HTTP_REFERER: https://www.123movies.love/
requested: array(5) {
  ["lang"] => string(2) "en"
  ["action"] => string(7) "archive"
  ["module"] => string(7) "default"
  ["controller"] => string(5) "index"
  ["key"] => string(0) ""
}


--------------------------------------------------------------------------------
2019-01-11T08:39:22+00:00 ERR (3) 404 "" was not found.
REMOTE_ADDR: 46.119.122.127
HTTP_REFERER: https://jav-fetish.site/
requested: array(5) {
  ["lang"] => string(2) "en"
  ["action"] => string(7) "archive"
  ["module"] => string(7) "default"
  ["controller"] => string(5) "index"
  ["key"] => string(0) ""
}


--------------------------------------------------------------------------------
2019-01-11T08:39:22+00:00 ERR (3) 404 "" was not found.
REMOTE_ADDR: 46.119.122.127
HTTP_REFERER: https://jav-fetish.site/
requested: array(5) {
  ["lang"] => string(2) "en"
  ["action"] => string(7) "archive"
  ["module"] => string(7) "default"
  ["controller"] => string(5) "index"
  ["key"] => string(0) ""
}


--------------------------------------------------------------------------------
2019-01-11T08:39:23+00:00 ERR (3) 404 "" was not found.
REMOTE_ADDR: 46.119.122.127
HTTP_REFERER: https://jav-fetish.site/
requested: array(5) {
  ["lang"] => string(2) "en"
  ["action"] => string(7) "archive"
  ["module"] => string(7) "default"
  ["controller"] => string(5) "index"
  ["key"] => string(0) ""
}


--------------------------------------------------------------------------------
2019-01-11T11:57:06+00:00 ERR (3) 404 "" was not found.
REMOTE_ADDR: 46.119.122.127
HTTP_REFERER: https://supermama.top/
requested: array(5) {
  ["lang"] => string(2) "en"
  ["action"] => string(7) "archive"
  ["module"] => string(7) "default"
  ["controller"] => string(5) "index"
  ["key"] => string(0) ""
}


--------------------------------------------------------------------------------
2019-01-11T11:57:07+00:00 ERR (3) 404 "" was not found.
REMOTE_ADDR: 46.119.122.127
HTTP_REFERER: https://supermama.top/
requested: array(5) {
  ["lang"] => string(2) "en"
  ["action"] => string(7) "archive"
  ["module"] => string(7) "default"
  ["controller"] => string(5) "index"
  ["key"] => string(0) ""
}


--------------------------------------------------------------------------------
2019-01-11T11:57:07+00:00 ERR (3) 404 "" was not found.
REMOTE_ADDR: 46.119.122.127
HTTP_REFERER: https://supermama.top/
requested: array(5) {
  ["lang"] => string(2) "en"
  ["action"] => string(7) "archive"
  ["module"] => string(7) "default"
  ["controller"] => string(5) "index"
  ["key"] => string(0) ""
}


--------------------------------------------------------------------------------
2019-01-11T12:01:23+00:00 ERR (3) 404 "" was not found.
REMOTE_ADDR: 37.115.189.46
HTTP_REFERER: https://mrbojikobi4.biz/
requested: array(5) {
  ["lang"] => string(2) "en"
  ["action"] => string(7) "archive"
  ["module"] => string(7) "default"
  ["controller"] => string(5) "index"
  ["key"] => string(0) ""
}


--------------------------------------------------------------------------------
2019-01-11T12:01:24+00:00 ERR (3) 404 "" was not found.
REMOTE_ADDR: 37.115.189.46
HTTP_REFERER: https://mrbojikobi4.biz/
requested: array(5) {
  ["lang"] => string(2) "en"
  ["action"] => string(7) "archive"
  ["module"] => string(7) "default"
  ["controller"] => string(5) "index"
  ["key"] => string(0) ""
}


--------------------------------------------------------------------------------
2019-01-11T12:01:24+00:00 ERR (3) 404 "" was not found.
REMOTE_ADDR: 37.115.189.46
HTTP_REFERER: https://mrbojikobi4.biz/
requested: array(5) {
  ["lang"] => string(2) "en"
  ["action"] => string(7) "archive"
  ["module"] => string(7) "default"
  ["controller"] => string(5) "index"
  ["key"] => string(0) ""
}


--------------------------------------------------------------------------------
2019-01-11T15:38:23+00:00 ERR (3) 404 "competences" was not found.
REMOTE_ADDR: 5.9.65.19
HTTP_REFERER: 
requested: array(5) {
  ["lang"] => string(2) "en"
  ["action"] => string(4) "page"
  ["key"] => string(11) "competences"
  ["module"] => string(7) "default"
  ["controller"] => string(5) "index"
}


--------------------------------------------------------------------------------
2019-01-11T15:39:57+00:00 ERR (3) 404 "hire-lasse" was not found.
REMOTE_ADDR: 5.9.65.19
HTTP_REFERER: 
requested: array(5) {
  ["lang"] => string(2) "en"
  ["action"] => string(4) "page"
  ["key"] => string(10) "hire-lasse"
  ["module"] => string(7) "default"
  ["controller"] => string(5) "index"
}


--------------------------------------------------------------------------------
2019-01-11T15:40:04+00:00 ERR (3) 404 "hire-lasse" was not found.
REMOTE_ADDR: 5.9.65.19
HTTP_REFERER: 
requested: array(5) {
  ["lang"] => string(2) "de"
  ["action"] => string(4) "page"
  ["key"] => string(10) "hire-lasse"
  ["module"] => string(7) "default"
  ["controller"] => string(5) "index"
}


--------------------------------------------------------------------------------
2019-01-11T15:41:40+00:00 ERR (3) 404 "competences" was not found.
REMOTE_ADDR: 5.9.65.19
HTTP_REFERER: 
requested: array(5) {
  ["lang"] => string(2) "de"
  ["action"] => string(4) "page"
  ["key"] => string(11) "competences"
  ["module"] => string(7) "default"
  ["controller"] => string(5) "index"
}


--------------------------------------------------------------------------------
2019-01-11T16:46:40+00:00 ERR (3) 404 "" was not found.
REMOTE_ADDR: 46.119.122.127
HTTP_REFERER: http://narosty.com/
requested: array(5) {
  ["lang"] => string(2) "en"
  ["action"] => string(7) "archive"
  ["module"] => string(7) "default"
  ["controller"] => string(5) "index"
  ["key"] => string(0) ""
}


--------------------------------------------------------------------------------
2019-01-11T16:46:40+00:00 ERR (3) 404 "" was not found.
REMOTE_ADDR: 46.119.122.127
HTTP_REFERER: http://narosty.com/
requested: array(5) {
  ["lang"] => string(2) "en"
  ["action"] => string(7) "archive"
  ["module"] => string(7) "default"
  ["controller"] => string(5) "index"
  ["key"] => string(0) ""
}


--------------------------------------------------------------------------------
2019-01-11T16:46:41+00:00 ERR (3) 404 "" was not found.
REMOTE_ADDR: 46.119.122.127
HTTP_REFERER: http://narosty.com/
requested: array(5) {
  ["lang"] => string(2) "en"
  ["action"] => string(7) "archive"
  ["module"] => string(7) "default"
  ["controller"] => string(5) "index"
  ["key"] => string(0) ""
}


--------------------------------------------------------------------------------
2019-01-11T17:29:20+00:00 ERR (3) 404 "" was not found.
REMOTE_ADDR: 46.119.122.127
HTTP_REFERER: https://spain-poetry.com/
requested: array(5) {
  ["lang"] => string(2) "en"
  ["action"] => string(7) "archive"
  ["module"] => string(7) "default"
  ["controller"] => string(5) "index"
  ["key"] => string(0) ""
}


--------------------------------------------------------------------------------
2019-01-11T17:29:20+00:00 ERR (3) 404 "" was not found.
REMOTE_ADDR: 46.119.122.127
HTTP_REFERER: https://spain-poetry.com/
requested: array(5) {
  ["lang"] => string(2) "en"
  ["action"] => string(7) "archive"
  ["module"] => string(7) "default"
  ["controller"] => string(5) "index"
  ["key"] => string(0) ""
}


--------------------------------------------------------------------------------
2019-01-11T17:29:21+00:00 ERR (3) 404 "" was not found.
REMOTE_ADDR: 46.119.122.127
HTTP_REFERER: https://spain-poetry.com/
requested: array(5) {
  ["lang"] => string(2) "en"
  ["action"] => string(7) "archive"
  ["module"] => string(7) "default"
  ["controller"] => string(5) "index"
  ["key"] => string(0) ""
}


--------------------------------------------------------------------------------
2019-01-11T18:12:43+00:00 ERR (3) 404 "competences" was not found.
REMOTE_ADDR: 144.76.119.201
HTTP_REFERER: 
requested: array(5) {
  ["lang"] => string(2) "de"
  ["action"] => string(4) "page"
  ["key"] => string(11) "competences"
  ["module"] => string(7) "default"
  ["controller"] => string(5) "index"
}


--------------------------------------------------------------------------------
2019-01-11T18:36:26+00:00 ERR (3) 404 "" was not found.
REMOTE_ADDR: 37.115.189.46
HTTP_REFERER: http://fialka.tomsk.ru/
requested: array(5) {
  ["lang"] => string(2) "en"
  ["action"] => string(7) "archive"
  ["module"] => string(7) "default"
  ["controller"] => string(5) "index"
  ["key"] => string(0) ""
}


--------------------------------------------------------------------------------
2019-01-11T18:36:27+00:00 ERR (3) 404 "" was not found.
REMOTE_ADDR: 37.115.189.46
HTTP_REFERER: http://fialka.tomsk.ru/
requested: array(5) {
  ["lang"] => string(2) "en"
  ["action"] => string(7) "archive"
  ["module"] => string(7) "default"
  ["controller"] => string(5) "index"
  ["key"] => string(0) ""
}


--------------------------------------------------------------------------------
2019-01-11T18:36:27+00:00 ERR (3) 404 "" was not found.
REMOTE_ADDR: 37.115.189.46
HTTP_REFERER: http://fialka.tomsk.ru/
requested: array(5) {
  ["lang"] => string(2) "en"
  ["action"] => string(7) "archive"
  ["module"] => string(7) "default"
  ["controller"] => string(5) "index"
  ["key"] => string(0) ""
}


--------------------------------------------------------------------------------
