2014-01-02T10:13:04+00:00 ERR (3) 404 "hire-lasse" was not found.
REMOTE_ADDR: 213.239.208.23
HTTP_REFERER: http://graphicore.de/en/feed/rss
requested: array(5) {
  ["lang"] => string(2) "en"
  ["action"] => string(4) "page"
  ["key"] => string(10) "hire-lasse"
  ["module"] => string(7) "default"
  ["controller"] => string(5) "index"
}


--------------------------------------------------------------------------------
2014-01-02T10:13:04+00:00 ERR (3) 404 "hire-lasse" was not found.
REMOTE_ADDR: 213.239.208.23
HTTP_REFERER: http://graphicore.de/en/feed/rss
requested: array(5) {
  ["lang"] => string(2) "de"
  ["action"] => string(4) "page"
  ["key"] => string(10) "hire-lasse"
  ["module"] => string(7) "default"
  ["controller"] => string(5) "index"
}


--------------------------------------------------------------------------------
2014-01-02T10:18:16+00:00 ERR (3) 404 "hire-lasse" was not found.
REMOTE_ADDR: 5.10.83.39
HTTP_REFERER: 
requested: array(5) {
  ["lang"] => string(2) "en"
  ["action"] => string(4) "page"
  ["key"] => string(10) "hire-lasse"
  ["module"] => string(7) "default"
  ["controller"] => string(5) "index"
}


--------------------------------------------------------------------------------
2014-01-02T13:27:54+00:00 ERR (3) 404 Page not found
REMOTE_ADDR: 180.76.5.65
HTTP_REFERER: 
requested: array(3) {
  ["controller"] => string(7) "galerie"
  ["action"] => string(19) "Neueste_Bilder.html"
  ["module"] => string(7) "default"
}


--------------------------------------------------------------------------------
2014-01-02T15:36:41+00:00 ERR (3) 404 Seite nicht gefunden
REMOTE_ADDR: 89.28.24.190
HTTP_REFERER: http://graphicore.de/forum/index.php
requested: array(3) {
  ["controller"] => string(5) "forum"
  ["action"] => string(9) "index.php"
  ["module"] => string(7) "default"
}


--------------------------------------------------------------------------------
2014-01-02T18:27:08+00:00 ERR (3) 404 Seite nicht gefunden
REMOTE_ADDR: 209.17.114.78
HTTP_REFERER: 
requested: array(3) {
  ["controller"] => string(9) "wordpress"
  ["action"] => string(8) "wp-admin"
  ["module"] => string(7) "default"
}


--------------------------------------------------------------------------------
2014-01-02T18:50:23+00:00 ERR (3) 404 Seite nicht gefunden
REMOTE_ADDR: 66.96.183.7
HTTP_REFERER: 
requested: array(3) {
  ["controller"] => string(4) "blog"
  ["action"] => string(8) "wp-admin"
  ["module"] => string(7) "default"
}


--------------------------------------------------------------------------------
2014-01-02T19:14:10+00:00 ERR (3) 404 Seite nicht gefunden
REMOTE_ADDR: 192.227.238.227
HTTP_REFERER: 
requested: array(3) {
  ["controller"] => string(8) "wp-admin"
  ["action"] => string(5) "index"
  ["module"] => string(7) "default"
}


--------------------------------------------------------------------------------
2014-01-02T19:37:07+00:00 ERR (3) 404 Seite nicht gefunden
REMOTE_ADDR: 98.130.0.212
HTTP_REFERER: 
requested: array(3) {
  ["controller"] => string(2) "wp"
  ["action"] => string(8) "wp-admin"
  ["module"] => string(7) "default"
}


--------------------------------------------------------------------------------
2014-01-02T21:20:58+00:00 ERR (3) 404 "" was not found.
REMOTE_ADDR: 208.115.113.89
HTTP_REFERER: 
requested: array(5) {
  ["lang"] => string(2) "de"
  ["action"] => string(7) "archive"
  ["module"] => string(7) "default"
  ["controller"] => string(5) "index"
  ["key"] => string(0) ""
}


--------------------------------------------------------------------------------
2014-01-02T21:28:02+00:00 ERR (3) 404 Seite nicht gefunden
REMOTE_ADDR: 89.28.24.190
HTTP_REFERER: http://graphicore.de/forum/index.php+++++++++++++++++++++++++++++++++++++++++Result:+%f0%e5%f1%f3%f0%f1+%e4%eb%ff+%ef%ee%f1%f2%e8%ed%e3%e0+%ed%e5%ef%f0%e8%e3%ee%e4%e5%ed+%28%eb%e8%e1%ee+%ee%f2%f1%f3%f2%f1%f2%e2%f3%e5%f2+%ef%ee%e4%ea%eb%fe%f7%e5%ed%e8%e5+%ea+%e8%ed%f2%e5%f0%ed%e5%f2%f3%29
requested: array(3) {
  ["controller"] => string(5) "forum"
  ["action"] => string(261) "index.php+++++++++++++++++++++++++++++++++++++++++Result:+%f0%e5%f1%f3%f0%f1+%e4%eb%ff+%ef%ee%f1%f2%e8%ed%e3%e0+%ed%e5%ef%f0%e8%e3%ee%e4%e5%ed+%28%eb%e8%e1%ee+%ee%f2%f1%f3%f2%f1%f2%e2%f3%e5%f2+%ef%ee%e4%ea%eb%fe%f7%e5%ed%e8%e5+%ea+%e8%ed%f2%e5%f0%ed%e5%f2%f3%29"
  ["module"] => string(7) "default"
}


--------------------------------------------------------------------------------
