2012-04-27T01:41:55+00:00 ERR (3) 404 Seite nicht gefunden
REMOTE_ADDR: 217.69.133.29
HTTP_REFERER: 
requested: array(3) {
  ["controller"] => string(11) "sitemap.xml"
  ["action"] => string(5) "index"
  ["module"] => string(7) "default"
}


--------------------------------------------------------------------------------
2012-04-27T04:17:52+00:00 ERR (3) 404 Seite nicht gefunden
REMOTE_ADDR: 173.93.200.103
HTTP_REFERER: http://graphicore.de/forum/index.php
requested: array(3) {
  ["controller"] => string(5) "forum"
  ["action"] => string(9) "index.php"
  ["module"] => string(7) "default"
}


--------------------------------------------------------------------------------
2012-04-27T14:26:39+00:00 ERR (3) 404 "zimmer-frei" was not found.
REMOTE_ADDR: 69.171.234.5
HTTP_REFERER: 
requested: array(5) {
  ["lang"] => string(2) "de"
  ["action"] => string(4) "page"
  ["key"] => string(11) "zimmer-frei"
  ["module"] => string(7) "default"
  ["controller"] => string(5) "index"
}


--------------------------------------------------------------------------------
2012-04-27T15:53:11+00:00 ERR (3) 404 "" was not found.
REMOTE_ADDR: 139.18.2.209
HTTP_REFERER: 
requested: array(5) {
  ["lang"] => string(2) "en"
  ["action"] => string(7) "archive"
  ["module"] => string(7) "default"
  ["controller"] => string(5) "index"
  ["key"] => string(0) ""
}


--------------------------------------------------------------------------------
2012-04-27T21:22:21+00:00 ERR (3) 404 Seite nicht gefunden
REMOTE_ADDR: 46.165.197.142
HTTP_REFERER: 
requested: array(4) {
  ["controller"] => string(5) "forum"
  ["action"] => string(13) "viewtopic.php"
  ["module"] => string(7) "default"
  ["p"] => string(2) "13"
}


--------------------------------------------------------------------------------
2012-04-27T21:22:28+00:00 ERR (3) 404 Seite nicht gefunden
REMOTE_ADDR: 46.165.197.142
HTTP_REFERER: 
requested: array(4) {
  ["controller"] => string(5) "forum"
  ["action"] => string(13) "viewtopic.php"
  ["module"] => string(7) "default"
  ["p"] => string(2) "14"
}


--------------------------------------------------------------------------------
2012-04-27T21:22:39+00:00 ERR (3) 404 Seite nicht gefunden
REMOTE_ADDR: 46.165.197.142
HTTP_REFERER: 
requested: array(4) {
  ["controller"] => string(5) "forum"
  ["action"] => string(13) "viewtopic.php"
  ["module"] => string(7) "default"
  ["p"] => string(2) "15"
}


--------------------------------------------------------------------------------
2012-04-27T21:22:51+00:00 ERR (3) 404 Seite nicht gefunden
REMOTE_ADDR: 46.165.197.142
HTTP_REFERER: 
requested: array(4) {
  ["controller"] => string(5) "forum"
  ["action"] => string(13) "viewtopic.php"
  ["module"] => string(7) "default"
  ["p"] => string(2) "17"
}


--------------------------------------------------------------------------------
2012-04-27T21:22:59+00:00 ERR (3) 404 Seite nicht gefunden
REMOTE_ADDR: 46.165.197.142
HTTP_REFERER: 
requested: array(4) {
  ["controller"] => string(5) "forum"
  ["action"] => string(13) "viewtopic.php"
  ["module"] => string(7) "default"
  ["p"] => string(2) "41"
}


--------------------------------------------------------------------------------
2012-04-27T21:23:08+00:00 ERR (3) 404 Seite nicht gefunden
REMOTE_ADDR: 46.165.197.142
HTTP_REFERER: 
requested: array(4) {
  ["controller"] => string(5) "forum"
  ["action"] => string(13) "viewtopic.php"
  ["module"] => string(7) "default"
  ["p"] => string(2) "42"
}


--------------------------------------------------------------------------------
2012-04-27T21:23:13+00:00 ERR (3) 404 Seite nicht gefunden
REMOTE_ADDR: 46.165.197.142
HTTP_REFERER: 
requested: array(4) {
  ["controller"] => string(5) "forum"
  ["action"] => string(13) "viewtopic.php"
  ["module"] => string(7) "default"
  ["p"] => string(2) "44"
}


--------------------------------------------------------------------------------
2012-04-27T21:23:19+00:00 ERR (3) 404 Seite nicht gefunden
REMOTE_ADDR: 46.165.197.142
HTTP_REFERER: 
requested: array(4) {
  ["controller"] => string(5) "forum"
  ["action"] => string(13) "viewtopic.php"
  ["module"] => string(7) "default"
  ["p"] => string(2) "46"
}


--------------------------------------------------------------------------------
2012-04-27T21:23:25+00:00 ERR (3) 404 Seite nicht gefunden
REMOTE_ADDR: 46.165.197.142
HTTP_REFERER: 
requested: array(4) {
  ["controller"] => string(5) "forum"
  ["action"] => string(13) "viewtopic.php"
  ["module"] => string(7) "default"
  ["p"] => string(2) "48"
}


--------------------------------------------------------------------------------
2012-04-27T21:23:33+00:00 ERR (3) 404 Seite nicht gefunden
REMOTE_ADDR: 46.165.197.142
HTTP_REFERER: 
requested: array(4) {
  ["controller"] => string(5) "forum"
  ["action"] => string(13) "viewtopic.php"
  ["module"] => string(7) "default"
  ["p"] => string(2) "50"
}


--------------------------------------------------------------------------------
2012-04-27T21:23:37+00:00 ERR (3) 404 Seite nicht gefunden
REMOTE_ADDR: 46.165.197.142
HTTP_REFERER: 
requested: array(4) {
  ["controller"] => string(5) "forum"
  ["action"] => string(13) "viewtopic.php"
  ["module"] => string(7) "default"
  ["p"] => string(2) "57"
}


--------------------------------------------------------------------------------
2012-04-27T21:23:48+00:00 ERR (3) 404 Seite nicht gefunden
REMOTE_ADDR: 46.165.197.142
HTTP_REFERER: 
requested: array(4) {
  ["controller"] => string(5) "forum"
  ["action"] => string(13) "viewtopic.php"
  ["module"] => string(7) "default"
  ["p"] => string(2) "58"
}


--------------------------------------------------------------------------------
2012-04-27T21:23:53+00:00 ERR (3) 404 Seite nicht gefunden
REMOTE_ADDR: 46.165.197.142
HTTP_REFERER: 
requested: array(4) {
  ["controller"] => string(5) "forum"
  ["action"] => string(13) "viewtopic.php"
  ["module"] => string(7) "default"
  ["p"] => string(2) "59"
}


--------------------------------------------------------------------------------
2012-04-27T21:24:00+00:00 ERR (3) 404 Seite nicht gefunden
REMOTE_ADDR: 46.165.197.142
HTTP_REFERER: 
requested: array(4) {
  ["controller"] => string(5) "forum"
  ["action"] => string(13) "viewtopic.php"
  ["module"] => string(7) "default"
  ["p"] => string(2) "60"
}


--------------------------------------------------------------------------------
2012-04-27T21:24:05+00:00 ERR (3) 404 Seite nicht gefunden
REMOTE_ADDR: 46.165.197.142
HTTP_REFERER: 
requested: array(4) {
  ["controller"] => string(5) "forum"
  ["action"] => string(13) "viewtopic.php"
  ["module"] => string(7) "default"
  ["t"] => string(1) "9"
}


--------------------------------------------------------------------------------
