2013-04-09T13:21:09+00:00 ERR (3) 404 Seite nicht gefunden
REMOTE_ADDR: 178.19.109.34
HTTP_REFERER: http://graphicore.de/forum/index.php
requested: array(3) {
  ["controller"] => string(5) "forum"
  ["action"] => string(9) "index.php"
  ["module"] => string(7) "default"
}


--------------------------------------------------------------------------------
2013-04-09T15:35:20+00:00 ERR (3) 404 Seite nicht gefunden
REMOTE_ADDR: 77.237.73.3
HTTP_REFERER: http://graphicore.de/forum/index.php
requested: array(3) {
  ["controller"] => string(5) "forum"
  ["action"] => string(9) "index.php"
  ["module"] => string(7) "default"
}


--------------------------------------------------------------------------------
2013-04-09T19:00:40+00:00 ERR (3) 404 "" was not found.
REMOTE_ADDR: 208.115.111.73
HTTP_REFERER: 
requested: array(5) {
  ["lang"] => string(2) "en"
  ["action"] => string(7) "archive"
  ["module"] => string(7) "default"
  ["controller"] => string(5) "index"
  ["key"] => string(0) ""
}


--------------------------------------------------------------------------------
2013-04-09T22:48:28+00:00 ERR (3) 404 Seite nicht gefunden
REMOTE_ADDR: 151.55.49.175
HTTP_REFERER: 
requested: array(3) {
  ["controller"] => string(1) "("
  ["action"] => string(5) "index"
  ["module"] => string(7) "default"
}


--------------------------------------------------------------------------------
2013-04-09T22:48:28+00:00 ERR (3) 404 Seite nicht gefunden
REMOTE_ADDR: 151.55.49.175
HTTP_REFERER: 
requested: array(3) {
  ["controller"] => string(1) "("
  ["action"] => string(5) "index"
  ["module"] => string(7) "default"
}


--------------------------------------------------------------------------------
2013-04-09T22:48:39+00:00 ERR (3) 404 Seite nicht gefunden
REMOTE_ADDR: 151.55.49.175
HTTP_REFERER: 
requested: array(3) {
  ["controller"] => string(1) "("
  ["action"] => string(1) "("
  ["module"] => string(7) "default"
}


--------------------------------------------------------------------------------
2013-04-09T22:48:40+00:00 ERR (3) 404 Seite nicht gefunden
REMOTE_ADDR: 151.55.49.175
HTTP_REFERER: 
requested: array(3) {
  ["controller"] => string(1) "("
  ["action"] => string(1) "("
  ["module"] => string(7) "default"
}


--------------------------------------------------------------------------------
