2020-10-03T00:20:37+00:00 ERR (3) 404 "hire-lasse" was not found.
REMOTE_ADDR: 185.191.171.14
HTTP_REFERER: 
requested: array(5) {
  ["lang"] => string(2) "de"
  ["action"] => string(4) "page"
  ["key"] => string(10) "hire-lasse"
  ["module"] => string(7) "default"
  ["controller"] => string(5) "index"
}


--------------------------------------------------------------------------------
2020-10-03T02:01:50+00:00 ERR (3) 404 Seite nicht gefunden
REMOTE_ADDR: 114.119.145.36
HTTP_REFERER: 
requested: array(3) {
  ["controller"] => string(9) "downloads"
  ["action"] => string(27) "generaltesting.tar.%20gz%20"
  ["module"] => string(7) "default"
}


--------------------------------------------------------------------------------
2020-10-03T06:48:11+00:00 ERR (3) 404 Seite nicht gefunden
REMOTE_ADDR: 81.88.52.33
HTTP_REFERER: http://graphicore.de/
requested: array(3) {
  ["controller"] => string(9) "wordpress"
  ["action"] => string(8) "wp-admin"
  ["module"] => string(7) "default"
}


--------------------------------------------------------------------------------
2020-10-03T07:43:18+00:00 ERR (3) 404 Seite nicht gefunden
REMOTE_ADDR: 82.165.224.140
HTTP_REFERER: 
requested: array(3) {
  ["controller"] => string(11) "sitemap.xml"
  ["action"] => string(5) "index"
  ["module"] => string(7) "default"
}


--------------------------------------------------------------------------------
2020-10-03T07:43:21+00:00 ERR (3) 404 Seite nicht gefunden
REMOTE_ADDR: 82.165.224.140
HTTP_REFERER: 
requested: array(3) {
  ["controller"] => string(8) "wp-admin"
  ["action"] => string(14) "admin-ajax.php"
  ["module"] => string(7) "default"
}


--------------------------------------------------------------------------------
2020-10-03T11:04:53+00:00 ERR (3) 404 "competences" was not found.
REMOTE_ADDR: 54.177.8.173
HTTP_REFERER: 
requested: array(5) {
  ["lang"] => string(2) "en"
  ["action"] => string(4) "page"
  ["key"] => string(11) "competences"
  ["module"] => string(7) "default"
  ["controller"] => string(5) "index"
}


--------------------------------------------------------------------------------
2020-10-03T11:04:54+00:00 ERR (3) 404 "hire-lasse" was not found.
REMOTE_ADDR: 54.177.8.173
HTTP_REFERER: 
requested: array(5) {
  ["lang"] => string(2) "en"
  ["action"] => string(4) "page"
  ["key"] => string(10) "hire-lasse"
  ["module"] => string(7) "default"
  ["controller"] => string(5) "index"
}


--------------------------------------------------------------------------------
2020-10-03T11:05:06+00:00 ERR (3) 404 "competences" was not found.
REMOTE_ADDR: 54.177.8.173
HTTP_REFERER: 
requested: array(5) {
  ["lang"] => string(2) "en"
  ["action"] => string(4) "page"
  ["key"] => string(11) "competences"
  ["module"] => string(7) "default"
  ["controller"] => string(5) "index"
}


--------------------------------------------------------------------------------
2020-10-03T11:05:07+00:00 ERR (3) 404 "hire-lasse" was not found.
REMOTE_ADDR: 54.177.8.173
HTTP_REFERER: 
requested: array(5) {
  ["lang"] => string(2) "en"
  ["action"] => string(4) "page"
  ["key"] => string(10) "hire-lasse"
  ["module"] => string(7) "default"
  ["controller"] => string(5) "index"
}


--------------------------------------------------------------------------------
2020-10-03T13:41:57+00:00 ERR (3) 404 Seite nicht gefunden
REMOTE_ADDR: 141.138.168.149
HTTP_REFERER: http://graphicore.de/
requested: array(3) {
  ["controller"] => string(8) "wp-admin"
  ["action"] => string(5) "index"
  ["module"] => string(7) "default"
}


--------------------------------------------------------------------------------
2020-10-03T15:52:52+00:00 ERR (3) 404 Seite nicht gefunden
REMOTE_ADDR: 141.138.168.149
HTTP_REFERER: http://graphicore.de/
requested: array(3) {
  ["controller"] => string(2) "wp"
  ["action"] => string(8) "wp-admin"
  ["module"] => string(7) "default"
}


--------------------------------------------------------------------------------
2020-10-03T20:52:25+00:00 ERR (3) 404 "anne" was not found.
REMOTE_ADDR: 40.77.167.130
HTTP_REFERER: 
requested: array(5) {
  ["lang"] => string(2) "de"
  ["action"] => string(4) "page"
  ["key"] => string(4) "anne"
  ["module"] => string(7) "default"
  ["controller"] => string(5) "index"
}


--------------------------------------------------------------------------------
2020-10-03T21:42:37+00:00 ERR (3) 404 "competences" was not found.
REMOTE_ADDR: 66.249.66.84
HTTP_REFERER: 
requested: array(5) {
  ["lang"] => string(2) "de"
  ["action"] => string(4) "page"
  ["key"] => string(11) "competences"
  ["module"] => string(7) "default"
  ["controller"] => string(5) "index"
}


--------------------------------------------------------------------------------
