2014-01-08T07:01:37+00:00 ERR (3) 404 "de" was not found.
REMOTE_ADDR: 208.115.111.73
HTTP_REFERER: 
requested: array(5) {
  ["lang"] => string(2) "en"
  ["action"] => string(4) "page"
  ["key"] => string(2) "de"
  ["module"] => string(7) "default"
  ["controller"] => string(5) "index"
}


--------------------------------------------------------------------------------
2014-01-08T15:10:37+00:00 ERR (3) 404 "en" was not found.
REMOTE_ADDR: 208.115.111.73
HTTP_REFERER: 
requested: array(5) {
  ["lang"] => string(2) "de"
  ["action"] => string(7) "archive"
  ["key"] => string(2) "en"
  ["module"] => string(7) "default"
  ["controller"] => string(5) "index"
}


--------------------------------------------------------------------------------
2014-01-08T15:57:40+00:00 ERR (3) 404 Page not found
REMOTE_ADDR: 180.76.6.51
HTTP_REFERER: 
requested: array(3) {
  ["controller"] => string(7) "galerie"
  ["action"] => string(19) "Friedhofsengel.html"
  ["module"] => string(7) "default"
}


--------------------------------------------------------------------------------
2014-01-08T21:07:57+00:00 ERR (3) 404 Seite nicht gefunden
REMOTE_ADDR: 89.28.24.190
HTTP_REFERER: http://graphicore.de/forum/index.php
requested: array(3) {
  ["controller"] => string(5) "forum"
  ["action"] => string(9) "index.php"
  ["module"] => string(7) "default"
}


--------------------------------------------------------------------------------
