2016-04-07T04:48:07+00:00 ERR (3) 404 Seite nicht gefunden
REMOTE_ADDR: 145.249.133.21
HTTP_REFERER: http://UFOJS.org/administrator/index.php
requested: array(3) {
  ["controller"] => string(13) "administrator"
  ["action"] => string(9) "index.php"
  ["module"] => string(7) "default"
}


--------------------------------------------------------------------------------
2016-04-07T15:07:09+00:00 ERR (3) 404 Seite nicht gefunden
REMOTE_ADDR: 62.210.148.246
HTTP_REFERER: 
requested: array(8) {
  ["controller"] => string(5) "forum"
  ["action"] => string(13) "viewtopic.php"
  ["module"] => string(7) "default"
  ["t"] => string(2) "13"
  ["start"] => string(1) "0"
  ["postdays"] => string(1) "0"
  ["postorder"] => string(3) "asc"
  ["highlight"] => string(0) ""
}


--------------------------------------------------------------------------------
2016-04-07T15:43:50+00:00 ERR (3) 404 "hire-lasse" was not found.
REMOTE_ADDR: 66.249.75.164
HTTP_REFERER: 
requested: array(5) {
  ["lang"] => string(2) "de"
  ["action"] => string(4) "page"
  ["key"] => string(10) "hire-lasse"
  ["module"] => string(7) "default"
  ["controller"] => string(5) "index"
}


--------------------------------------------------------------------------------
