2011-05-28T09:30:48+00:00 ERR (3) 404 Seite nicht gefunden
REMOTE_ADDR: 89.149.195.18
HTTP_REFERER: 
requested: array(3) {
  ["controller"] => string(5) "forum"
  ["action"] => string(9) "index.php"
  ["module"] => string(7) "default"
}


--------------------------------------------------------------------------------
2011-05-28T11:48:14+00:00 ERR (3) 404 Seite nicht gefunden
REMOTE_ADDR: 78.22.171.66
HTTP_REFERER: 
requested: array(4) {
  ["controller"] => string(6) "https:"
  ["action"] => string(10) "github.com"
  ["graphicore"] => string(35) "graphicore-fontforge-python-scripts"
  ["module"] => string(7) "default"
}


--------------------------------------------------------------------------------
2011-05-28T12:21:54+00:00 ERR (3) 404 Seite nicht gefunden
REMOTE_ADDR: 62.194.37.153
HTTP_REFERER: 
requested: array(3) {
  ["controller"] => string(10) "javascript"
  ["action"] => string(1) "'"
  ["module"] => string(7) "default"
}


--------------------------------------------------------------------------------
2011-05-28T23:43:29+00:00 ERR (3) 404 "topic" was not found.
REMOTE_ADDR: 220.142.176.120
HTTP_REFERER: http://graphicore.de/de/index/topic/intern/news/
requested: array(6) {
  ["lang"] => string(2) "de"
  ["action"] => string(5) "index"
  ["key"] => string(5) "topic"
  ["intern"] => string(4) "news"
  ["module"] => string(7) "default"
  ["controller"] => string(5) "index"
}


--------------------------------------------------------------------------------
