2015-06-03T01:38:06+00:00 ERR (3) 404 Seite nicht gefunden
REMOTE_ADDR: 91.121.89.151
HTTP_REFERER: 
requested: array(3) {
  ["controller"] => string(5) "diary"
  ["action"] => string(4) "atom"
  ["module"] => string(7) "default"
}


--------------------------------------------------------------------------------
2015-06-03T01:38:08+00:00 ERR (3) 404 Seite nicht gefunden
REMOTE_ADDR: 91.121.89.151
HTTP_REFERER: 
requested: array(3) {
  ["controller"] => string(5) "diary"
  ["action"] => string(17) "tag:graphicore.de"
  ["module"] => string(7) "default"
}


--------------------------------------------------------------------------------
2015-06-03T11:30:08+00:00 ERR (3) 404 Page not found
REMOTE_ADDR: 5.56.60.47
HTTP_REFERER: 
requested: array(3) {
  ["controller"] => string(14) "wp-config.php~"
  ["action"] => string(5) "index"
  ["module"] => string(7) "default"
}


--------------------------------------------------------------------------------
2015-06-03T16:13:41+00:00 ERR (3) 404 "" was not found.
REMOTE_ADDR: 155.254.246.160
HTTP_REFERER: 
requested: array(5) {
  ["lang"] => string(2) "en"
  ["action"] => string(7) "archive"
  ["module"] => string(7) "default"
  ["controller"] => string(5) "index"
  ["key"] => string(0) ""
}


--------------------------------------------------------------------------------
2015-06-03T17:16:14+00:00 ERR (3) 404 Seite nicht gefunden
REMOTE_ADDR: 79.197.178.146
HTTP_REFERER: 
requested: array(3) {
  ["controller"] => string(11) "sitemap.xml"
  ["action"] => string(5) "index"
  ["module"] => string(7) "default"
}


--------------------------------------------------------------------------------
2015-06-03T18:15:25+00:00 ERR (3) 404 Seite nicht gefunden
REMOTE_ADDR: 92.85.171.87
HTTP_REFERER: 
requested: array(4) {
  ["controller"] => string(6) "https:"
  [""] => string(19) "silber-und-blei.com"
  ["action"] => string(5) "index"
  ["module"] => string(7) "default"
}


--------------------------------------------------------------------------------
2015-06-03T18:15:26+00:00 ERR (3) 404 Seite nicht gefunden
REMOTE_ADDR: 92.85.171.87
HTTP_REFERER: 
requested: array(3) {
  ["controller"] => string(2) "js"
  ["action"] => string(1) "'"
  ["module"] => string(7) "default"
}


--------------------------------------------------------------------------------
