2019-11-25T07:30:33+00:00 ERR (3) 404 Seite nicht gefunden
REMOTE_ADDR: 2.50.88.227
HTTP_REFERER: http://graphicore.de/forum/index.php
requested: array(3) {
  ["controller"] => string(5) "forum"
  ["action"] => string(9) "index.php"
  ["module"] => string(7) "default"
}


--------------------------------------------------------------------------------
2019-11-25T11:54:58+00:00 ERR (3) 404 "hire-lasse" was not found.
REMOTE_ADDR: 139.18.2.214
HTTP_REFERER: http://graphicore.de/de/feed/rss
requested: array(5) {
  ["lang"] => string(2) "de"
  ["action"] => string(4) "page"
  ["key"] => string(10) "hire-lasse"
  ["module"] => string(7) "default"
  ["controller"] => string(5) "index"
}


--------------------------------------------------------------------------------
2019-11-25T11:58:18+00:00 ERR (3) 404 "hire-lasse" was not found.
REMOTE_ADDR: 85.25.177.187
HTTP_REFERER: 
requested: array(5) {
  ["lang"] => string(2) "de"
  ["action"] => string(4) "page"
  ["key"] => string(10) "hire-lasse"
  ["module"] => string(7) "default"
  ["controller"] => string(5) "index"
}


--------------------------------------------------------------------------------
2019-11-25T12:01:39+00:00 ERR (3) 404 "hire-lasse" was not found.
REMOTE_ADDR: 139.18.2.214
HTTP_REFERER: http://graphicore.de/en/feed/rss
requested: array(5) {
  ["lang"] => string(2) "en"
  ["action"] => string(4) "page"
  ["key"] => string(10) "hire-lasse"
  ["module"] => string(7) "default"
  ["controller"] => string(5) "index"
}


--------------------------------------------------------------------------------
2019-11-25T12:01:54+00:00 ERR (3) 404 "competences" was not found.
REMOTE_ADDR: 139.18.2.214
HTTP_REFERER: http://graphicore.de/de/page/lasse
requested: array(5) {
  ["lang"] => string(2) "de"
  ["action"] => string(4) "page"
  ["key"] => string(11) "competences"
  ["module"] => string(7) "default"
  ["controller"] => string(5) "index"
}


--------------------------------------------------------------------------------
2019-11-25T12:02:05+00:00 ERR (3) 404 "competences" was not found.
REMOTE_ADDR: 139.18.2.214
HTTP_REFERER: http://graphicore.de/en/page/lasse
requested: array(5) {
  ["lang"] => string(2) "en"
  ["action"] => string(4) "page"
  ["key"] => string(11) "competences"
  ["module"] => string(7) "default"
  ["controller"] => string(5) "index"
}


--------------------------------------------------------------------------------
2019-11-25T16:47:41+00:00 ERR (3) 404 Seite nicht gefunden
REMOTE_ADDR: 66.249.64.94
HTTP_REFERER: 
requested: array(3) {
  ["controller"] => string(5) "tests"
  ["action"] => string(5) "index"
  ["module"] => string(7) "default"
}


--------------------------------------------------------------------------------
2019-11-25T17:45:29+00:00 ERR (3) 404 "hire-lasse" was not found.
REMOTE_ADDR: 85.25.177.187
HTTP_REFERER: 
requested: array(5) {
  ["lang"] => string(2) "en"
  ["action"] => string(4) "page"
  ["key"] => string(10) "hire-lasse"
  ["module"] => string(7) "default"
  ["controller"] => string(5) "index"
}


--------------------------------------------------------------------------------
2019-11-25T20:37:25+00:00 ERR (3) 404 Seite nicht gefunden
REMOTE_ADDR: 2.50.88.227
HTTP_REFERER: http://graphicore.de/forum/index.php
requested: array(3) {
  ["controller"] => string(5) "forum"
  ["action"] => string(9) "index.php"
  ["module"] => string(7) "default"
}


--------------------------------------------------------------------------------
2019-11-25T22:25:27+00:00 ERR (3) 404 Seite nicht gefunden
REMOTE_ADDR: 70.35.199.82
HTTP_REFERER: 
requested: array(4) {
  ["controller"] => string(6) "https:"
  [""] => string(19) "silber-und-blei.com"
  ["action"] => string(5) "index"
  ["module"] => string(7) "default"
}


--------------------------------------------------------------------------------
