2016-09-07T01:23:34+00:00 ERR (3) 404 Seite nicht gefunden
REMOTE_ADDR: 91.121.109.55
HTTP_REFERER: 
requested: array(4) {
  ["controller"] => string(5) "forum"
  ["action"] => string(13) "viewtopic.php"
  ["module"] => string(7) "default"
  ["p"] => string(2) "22"
}


--------------------------------------------------------------------------------
2016-09-07T01:23:37+00:00 ERR (3) 404 Seite nicht gefunden
REMOTE_ADDR: 91.121.109.55
HTTP_REFERER: 
requested: array(4) {
  ["controller"] => string(5) "forum"
  ["action"] => string(13) "viewtopic.php"
  ["module"] => string(7) "default"
  ["p"] => string(2) "61"
}


--------------------------------------------------------------------------------
2016-09-07T01:23:41+00:00 ERR (3) 404 Seite nicht gefunden
REMOTE_ADDR: 91.121.109.55
HTTP_REFERER: 
requested: array(4) {
  ["controller"] => string(5) "forum"
  ["action"] => string(13) "viewtopic.php"
  ["module"] => string(7) "default"
  ["p"] => string(2) "62"
}


--------------------------------------------------------------------------------
2016-09-07T01:23:45+00:00 ERR (3) 404 Seite nicht gefunden
REMOTE_ADDR: 91.121.109.55
HTTP_REFERER: 
requested: array(4) {
  ["controller"] => string(5) "forum"
  ["action"] => string(13) "viewtopic.php"
  ["module"] => string(7) "default"
  ["p"] => string(2) "63"
}


--------------------------------------------------------------------------------
2016-09-07T10:14:37+00:00 ERR (3) 404 Seite nicht gefunden
REMOTE_ADDR: 96.10.247.210
HTTP_REFERER: 
requested: array(4) {
  ["controller"] => string(6) "https:"
  [""] => string(19) "silber-und-blei.com"
  ["action"] => string(5) "index"
  ["module"] => string(7) "default"
}


--------------------------------------------------------------------------------
2016-09-07T10:14:38+00:00 ERR (3) 404 Seite nicht gefunden
REMOTE_ADDR: 96.10.247.210
HTTP_REFERER: 
requested: array(3) {
  ["controller"] => string(2) "js"
  ["action"] => string(1) "'"
  ["module"] => string(7) "default"
}


--------------------------------------------------------------------------------
2016-09-07T15:47:23+00:00 ERR (3) 404 Seite nicht gefunden
REMOTE_ADDR: 92.222.94.114
HTTP_REFERER: 
requested: array(3) {
  ["controller"] => string(5) "diary"
  ["action"] => string(4) "atom"
  ["module"] => string(7) "default"
}


--------------------------------------------------------------------------------
2016-09-07T16:03:27+00:00 ERR (3) 404 Seite nicht gefunden
REMOTE_ADDR: 138.201.127.112
HTTP_REFERER: 
requested: array(3) {
  ["controller"] => string(5) "diary"
  ["action"] => string(4) "atom"
  ["module"] => string(7) "default"
}


--------------------------------------------------------------------------------
2016-09-07T19:50:06+00:00 ERR (3) 404 Seite nicht gefunden
REMOTE_ADDR: 188.120.236.246
HTTP_REFERER: 
requested: array(3) {
  ["controller"] => string(7) "manager"
  ["action"] => string(5) "index"
  ["module"] => string(7) "default"
}


--------------------------------------------------------------------------------
