2021-01-21T06:02:03+00:00 ERR (3) 404 "competences" was not found.
REMOTE_ADDR: 62.138.2.14
HTTP_REFERER: 
requested: array(5) {
  ["lang"] => string(2) "en"
  ["action"] => string(4) "page"
  ["key"] => string(11) "competences"
  ["module"] => string(7) "default"
  ["controller"] => string(5) "index"
}


--------------------------------------------------------------------------------
2021-01-21T12:16:17+00:00 ERR (3) 404 "competences" was not found.
REMOTE_ADDR: 62.138.2.14
HTTP_REFERER: 
requested: array(5) {
  ["lang"] => string(2) "en"
  ["action"] => string(4) "page"
  ["key"] => string(11) "competences"
  ["module"] => string(7) "default"
  ["controller"] => string(5) "index"
}


--------------------------------------------------------------------------------
2021-01-21T17:32:29+00:00 ERR (3) 404 Seite nicht gefunden
REMOTE_ADDR: 107.152.241.86
HTTP_REFERER: 
requested: array(3) {
  ["controller"] => string(17) "wp-config.php.bak"
  ["action"] => string(5) "index"
  ["module"] => string(7) "default"
}


--------------------------------------------------------------------------------
2021-01-21T19:22:07+00:00 ERR (3) 404 "competences" was not found.
REMOTE_ADDR: 62.138.2.14
HTTP_REFERER: 
requested: array(5) {
  ["lang"] => string(2) "en"
  ["action"] => string(4) "page"
  ["key"] => string(11) "competences"
  ["module"] => string(7) "default"
  ["controller"] => string(5) "index"
}


--------------------------------------------------------------------------------
2021-01-21T19:48:29+00:00 ERR (3) 404 "competences" was not found.
REMOTE_ADDR: 62.138.2.14
HTTP_REFERER: 
requested: array(5) {
  ["lang"] => string(2) "de"
  ["action"] => string(4) "page"
  ["key"] => string(11) "competences"
  ["module"] => string(7) "default"
  ["controller"] => string(5) "index"
}


--------------------------------------------------------------------------------
2021-01-21T20:31:14+00:00 ERR (3) 404 Seite nicht gefunden
REMOTE_ADDR: 13.66.139.23
HTTP_REFERER: 
requested: array(3) {
  ["controller"] => string(8) "atom.xml"
  ["action"] => string(5) "index"
  ["module"] => string(7) "default"
}


--------------------------------------------------------------------------------
2021-01-21T22:21:25+00:00 ERR (3) 404 "competences" was not found.
REMOTE_ADDR: 62.138.2.14
HTTP_REFERER: 
requested: array(5) {
  ["lang"] => string(2) "de"
  ["action"] => string(4) "page"
  ["key"] => string(11) "competences"
  ["module"] => string(7) "default"
  ["controller"] => string(5) "index"
}


--------------------------------------------------------------------------------
2021-01-21T22:48:54+00:00 ERR (3) 404 "hire-lasse" was not found.
REMOTE_ADDR: 62.138.2.14
HTTP_REFERER: 
requested: array(5) {
  ["lang"] => string(2) "en"
  ["action"] => string(4) "page"
  ["key"] => string(10) "hire-lasse"
  ["module"] => string(7) "default"
  ["controller"] => string(5) "index"
}


--------------------------------------------------------------------------------
2021-01-21T23:27:56+00:00 ERR (3) 404 "hire-lasse" was not found.
REMOTE_ADDR: 62.138.2.14
HTTP_REFERER: 
requested: array(5) {
  ["lang"] => string(2) "de"
  ["action"] => string(4) "page"
  ["key"] => string(10) "hire-lasse"
  ["module"] => string(7) "default"
  ["controller"] => string(5) "index"
}


--------------------------------------------------------------------------------
