2020-03-06T01:25:56+00:00 ERR (3) 404 "" was not found.
REMOTE_ADDR: 176.8.244.215
HTTP_REFERER: http://www.gelendzhic.ru/
requested: array(5) {
  ["lang"] => string(2) "de"
  ["action"] => string(7) "archive"
  ["module"] => string(7) "default"
  ["controller"] => string(5) "index"
  ["key"] => string(0) ""
}


--------------------------------------------------------------------------------
2020-03-06T01:25:57+00:00 ERR (3) 404 "" was not found.
REMOTE_ADDR: 176.8.244.215
HTTP_REFERER: http://www.gelendzhic.ru/
requested: array(5) {
  ["lang"] => string(2) "de"
  ["action"] => string(7) "archive"
  ["module"] => string(7) "default"
  ["controller"] => string(5) "index"
  ["key"] => string(0) ""
}


--------------------------------------------------------------------------------
2020-03-06T01:25:59+00:00 ERR (3) 404 "" was not found.
REMOTE_ADDR: 176.8.244.215
HTTP_REFERER: http://www.gelendzhic.ru/
requested: array(5) {
  ["lang"] => string(2) "de"
  ["action"] => string(7) "archive"
  ["module"] => string(7) "default"
  ["controller"] => string(5) "index"
  ["key"] => string(0) ""
}


--------------------------------------------------------------------------------
2020-03-06T03:23:25+00:00 ERR (3) 404 Page not found
REMOTE_ADDR: 54.36.113.142
HTTP_REFERER: 
requested: array(3) {
  ["controller"] => string(7) "ads.txt"
  ["action"] => string(5) "index"
  ["module"] => string(7) "default"
}


--------------------------------------------------------------------------------
2020-03-06T03:26:26+00:00 ERR (3) 404 "" was not found.
REMOTE_ADDR: 46.185.119.151
HTTP_REFERER: http://www.gelendzhic.ru/
requested: array(5) {
  ["lang"] => string(2) "de"
  ["action"] => string(7) "archive"
  ["module"] => string(7) "default"
  ["controller"] => string(5) "index"
  ["key"] => string(0) ""
}


--------------------------------------------------------------------------------
2020-03-06T03:26:26+00:00 ERR (3) 404 "" was not found.
REMOTE_ADDR: 46.185.119.151
HTTP_REFERER: http://www.gelendzhic.ru/
requested: array(5) {
  ["lang"] => string(2) "de"
  ["action"] => string(7) "archive"
  ["module"] => string(7) "default"
  ["controller"] => string(5) "index"
  ["key"] => string(0) ""
}


--------------------------------------------------------------------------------
2020-03-06T03:26:27+00:00 ERR (3) 404 "" was not found.
REMOTE_ADDR: 46.185.119.151
HTTP_REFERER: http://www.gelendzhic.ru/
requested: array(5) {
  ["lang"] => string(2) "de"
  ["action"] => string(7) "archive"
  ["module"] => string(7) "default"
  ["controller"] => string(5) "index"
  ["key"] => string(0) ""
}


--------------------------------------------------------------------------------
2020-03-06T06:31:37+00:00 ERR (3) 404 "" was not found.
REMOTE_ADDR: 37.115.187.152
HTTP_REFERER: https://javlibrary.cc/
requested: array(5) {
  ["lang"] => string(2) "de"
  ["action"] => string(7) "archive"
  ["module"] => string(7) "default"
  ["controller"] => string(5) "index"
  ["key"] => string(0) ""
}


--------------------------------------------------------------------------------
2020-03-06T06:31:38+00:00 ERR (3) 404 "" was not found.
REMOTE_ADDR: 37.115.187.152
HTTP_REFERER: https://javlibrary.cc/
requested: array(5) {
  ["lang"] => string(2) "de"
  ["action"] => string(7) "archive"
  ["module"] => string(7) "default"
  ["controller"] => string(5) "index"
  ["key"] => string(0) ""
}


--------------------------------------------------------------------------------
2020-03-06T06:31:38+00:00 ERR (3) 404 "" was not found.
REMOTE_ADDR: 37.115.187.152
HTTP_REFERER: https://javlibrary.cc/
requested: array(5) {
  ["lang"] => string(2) "de"
  ["action"] => string(7) "archive"
  ["module"] => string(7) "default"
  ["controller"] => string(5) "index"
  ["key"] => string(0) ""
}


--------------------------------------------------------------------------------
2020-03-06T06:33:55+00:00 ERR (3) 404 "" was not found.
REMOTE_ADDR: 46.118.112.198
HTTP_REFERER: https://cabinet-gosuslugi.ru/
requested: array(5) {
  ["lang"] => string(2) "de"
  ["action"] => string(7) "archive"
  ["module"] => string(7) "default"
  ["controller"] => string(5) "index"
  ["key"] => string(0) ""
}


--------------------------------------------------------------------------------
2020-03-06T06:33:56+00:00 ERR (3) 404 "" was not found.
REMOTE_ADDR: 46.118.112.198
HTTP_REFERER: https://krandiagnostika.ru/
requested: array(5) {
  ["lang"] => string(2) "de"
  ["action"] => string(7) "archive"
  ["module"] => string(7) "default"
  ["controller"] => string(5) "index"
  ["key"] => string(0) ""
}


--------------------------------------------------------------------------------
2020-03-06T06:33:56+00:00 ERR (3) 404 "" was not found.
REMOTE_ADDR: 46.118.112.198
HTTP_REFERER: https://cabinet-gosuslugi.ru/
requested: array(5) {
  ["lang"] => string(2) "de"
  ["action"] => string(7) "archive"
  ["module"] => string(7) "default"
  ["controller"] => string(5) "index"
  ["key"] => string(0) ""
}


--------------------------------------------------------------------------------
2020-03-06T06:33:56+00:00 ERR (3) 404 "" was not found.
REMOTE_ADDR: 46.118.112.198
HTTP_REFERER: https://krandiagnostika.ru/
requested: array(5) {
  ["lang"] => string(2) "de"
  ["action"] => string(7) "archive"
  ["module"] => string(7) "default"
  ["controller"] => string(5) "index"
  ["key"] => string(0) ""
}


--------------------------------------------------------------------------------
2020-03-06T06:33:56+00:00 ERR (3) 404 "" was not found.
REMOTE_ADDR: 46.118.112.198
HTTP_REFERER: https://cabinet-gosuslugi.ru/
requested: array(5) {
  ["lang"] => string(2) "de"
  ["action"] => string(7) "archive"
  ["module"] => string(7) "default"
  ["controller"] => string(5) "index"
  ["key"] => string(0) ""
}


--------------------------------------------------------------------------------
2020-03-06T06:33:57+00:00 ERR (3) 404 "" was not found.
REMOTE_ADDR: 46.118.112.198
HTTP_REFERER: https://krandiagnostika.ru/
requested: array(5) {
  ["lang"] => string(2) "de"
  ["action"] => string(7) "archive"
  ["module"] => string(7) "default"
  ["controller"] => string(5) "index"
  ["key"] => string(0) ""
}


--------------------------------------------------------------------------------
2020-03-06T07:11:12+00:00 ERR (3) 404 "hire-lasse" was not found.
REMOTE_ADDR: 54.36.148.249
HTTP_REFERER: 
requested: array(5) {
  ["lang"] => string(2) "de"
  ["action"] => string(4) "page"
  ["key"] => string(10) "hire-lasse"
  ["module"] => string(7) "default"
  ["controller"] => string(5) "index"
}


--------------------------------------------------------------------------------
2020-03-06T08:24:21+00:00 ERR (3) 404 "" was not found.
REMOTE_ADDR: 46.118.121.248
HTTP_REFERER: https://sar-pravo.ru/
requested: array(5) {
  ["lang"] => string(2) "de"
  ["action"] => string(7) "archive"
  ["module"] => string(7) "default"
  ["controller"] => string(5) "index"
  ["key"] => string(0) ""
}


--------------------------------------------------------------------------------
2020-03-06T08:24:21+00:00 ERR (3) 404 "" was not found.
REMOTE_ADDR: 46.118.121.248
HTTP_REFERER: https://sar-pravo.ru/
requested: array(5) {
  ["lang"] => string(2) "de"
  ["action"] => string(7) "archive"
  ["module"] => string(7) "default"
  ["controller"] => string(5) "index"
  ["key"] => string(0) ""
}


--------------------------------------------------------------------------------
2020-03-06T08:24:22+00:00 ERR (3) 404 "" was not found.
REMOTE_ADDR: 46.118.121.248
HTTP_REFERER: https://sar-pravo.ru/
requested: array(5) {
  ["lang"] => string(2) "de"
  ["action"] => string(7) "archive"
  ["module"] => string(7) "default"
  ["controller"] => string(5) "index"
  ["key"] => string(0) ""
}


--------------------------------------------------------------------------------
2020-03-06T14:38:33+00:00 ERR (3) 404 Seite nicht gefunden
REMOTE_ADDR: 3.136.161.176
HTTP_REFERER: 
requested: array(3) {
  ["controller"] => string(8) "wp-admin"
  ["action"] => string(5) "index"
  ["module"] => string(7) "default"
}


--------------------------------------------------------------------------------
2020-03-06T18:02:36+00:00 ERR (3) 404 "" was not found.
REMOTE_ADDR: 46.118.121.248
HTTP_REFERER: https://bitcoin-ua.top/
requested: array(5) {
  ["lang"] => string(2) "de"
  ["action"] => string(7) "archive"
  ["module"] => string(7) "default"
  ["controller"] => string(5) "index"
  ["key"] => string(0) ""
}


--------------------------------------------------------------------------------
2020-03-06T18:02:36+00:00 ERR (3) 404 "" was not found.
REMOTE_ADDR: 46.118.121.248
HTTP_REFERER: https://stop-zavisimost.com/
requested: array(5) {
  ["lang"] => string(2) "de"
  ["action"] => string(7) "archive"
  ["module"] => string(7) "default"
  ["controller"] => string(5) "index"
  ["key"] => string(0) ""
}


--------------------------------------------------------------------------------
2020-03-06T18:02:36+00:00 ERR (3) 404 "" was not found.
REMOTE_ADDR: 46.118.121.248
HTTP_REFERER: https://stop-zavisimost.com/
requested: array(5) {
  ["lang"] => string(2) "de"
  ["action"] => string(7) "archive"
  ["module"] => string(7) "default"
  ["controller"] => string(5) "index"
  ["key"] => string(0) ""
}


--------------------------------------------------------------------------------
2020-03-06T18:02:36+00:00 ERR (3) 404 "" was not found.
REMOTE_ADDR: 46.118.121.248
HTTP_REFERER: https://bitcoin-ua.top/
requested: array(5) {
  ["lang"] => string(2) "de"
  ["action"] => string(7) "archive"
  ["module"] => string(7) "default"
  ["controller"] => string(5) "index"
  ["key"] => string(0) ""
}


--------------------------------------------------------------------------------
2020-03-06T18:02:37+00:00 ERR (3) 404 "" was not found.
REMOTE_ADDR: 46.118.121.248
HTTP_REFERER: https://stop-zavisimost.com/
requested: array(5) {
  ["lang"] => string(2) "de"
  ["action"] => string(7) "archive"
  ["module"] => string(7) "default"
  ["controller"] => string(5) "index"
  ["key"] => string(0) ""
}


--------------------------------------------------------------------------------
2020-03-06T18:02:37+00:00 ERR (3) 404 "" was not found.
REMOTE_ADDR: 46.118.121.248
HTTP_REFERER: https://bitcoin-ua.top/
requested: array(5) {
  ["lang"] => string(2) "de"
  ["action"] => string(7) "archive"
  ["module"] => string(7) "default"
  ["controller"] => string(5) "index"
  ["key"] => string(0) ""
}


--------------------------------------------------------------------------------
2020-03-06T22:15:58+00:00 ERR (3) 404 Seite nicht gefunden
REMOTE_ADDR: 108.61.204.179
HTTP_REFERER: 
requested: array(4) {
  ["controller"] => string(6) "https:"
  [""] => string(19) "silber-und-blei.com"
  ["action"] => string(5) "index"
  ["module"] => string(7) "default"
}


--------------------------------------------------------------------------------
