2017-05-26T03:52:05+00:00 ERR (3) 404 "hire-lasse" was not found.
REMOTE_ADDR: 40.77.167.99
HTTP_REFERER: 
requested: array(5) {
  ["lang"] => string(2) "de"
  ["action"] => string(4) "page"
  ["key"] => string(10) "hire-lasse"
  ["module"] => string(7) "default"
  ["controller"] => string(5) "index"
}


--------------------------------------------------------------------------------
2017-05-26T13:47:42+00:00 ERR (3) 404 Page not found
REMOTE_ADDR: 216.244.66.248
HTTP_REFERER: 
requested: array(5) {
  ["lang"] => string(2) "en"
  ["action"] => string(2) "de"
  ["module"] => string(7) "default"
  ["controller"] => string(5) "index"
  ["key"] => string(0) ""
}


--------------------------------------------------------------------------------
2017-05-26T16:12:58+00:00 ERR (3) 404 Seite nicht gefunden
REMOTE_ADDR: 178.137.83.166
HTTP_REFERER: 
requested: array(3) {
  ["controller"] => string(4) "blog"
  ["action"] => string(10) "robots.txt"
  ["module"] => string(7) "default"
}


--------------------------------------------------------------------------------
2017-05-26T16:12:58+00:00 ERR (3) 404 Seite nicht gefunden
REMOTE_ADDR: 178.137.83.166
HTTP_REFERER: 
requested: array(3) {
  ["controller"] => string(4) "blog"
  ["action"] => string(5) "index"
  ["module"] => string(7) "default"
}


--------------------------------------------------------------------------------
2017-05-26T16:12:58+00:00 ERR (3) 404 Seite nicht gefunden
REMOTE_ADDR: 178.137.83.166
HTTP_REFERER: 
requested: array(3) {
  ["controller"] => string(9) "wordpress"
  ["action"] => string(5) "index"
  ["module"] => string(7) "default"
}


--------------------------------------------------------------------------------
2017-05-26T16:12:58+00:00 ERR (3) 404 Seite nicht gefunden
REMOTE_ADDR: 178.137.83.166
HTTP_REFERER: 
requested: array(3) {
  ["controller"] => string(2) "wp"
  ["action"] => string(5) "index"
  ["module"] => string(7) "default"
}


--------------------------------------------------------------------------------
2017-05-26T18:32:47+00:00 ERR (3) 404 Seite nicht gefunden
REMOTE_ADDR: 185.98.6.192
HTTP_REFERER: 
requested: array(3) {
  ["controller"] => string(13) "administrator"
  ["action"] => string(12) "webadmin.php"
  ["module"] => string(7) "default"
}


--------------------------------------------------------------------------------
2017-05-26T18:32:47+00:00 ERR (3) 404 Seite nicht gefunden
REMOTE_ADDR: 185.98.6.192
HTTP_REFERER: 
requested: array(3) {
  ["controller"] => string(8) "webadmin"
  ["action"] => string(12) "webadmin.php"
  ["module"] => string(7) "default"
}


--------------------------------------------------------------------------------
2017-05-26T18:32:47+00:00 ERR (3) 404 Seite nicht gefunden
REMOTE_ADDR: 185.98.6.192
HTTP_REFERER: 
requested: array(3) {
  ["controller"] => string(6) "upload"
  ["action"] => string(12) "webadmin.php"
  ["module"] => string(7) "default"
}


--------------------------------------------------------------------------------
2017-05-26T18:32:47+00:00 ERR (3) 404 Seite nicht gefunden
REMOTE_ADDR: 185.98.6.192
HTTP_REFERER: 
requested: array(3) {
  ["controller"] => string(5) "admin"
  ["action"] => string(12) "webadmin.php"
  ["module"] => string(7) "default"
}


--------------------------------------------------------------------------------
2017-05-26T18:32:47+00:00 ERR (3) 404 Seite nicht gefunden
REMOTE_ADDR: 185.98.6.192
HTTP_REFERER: 
requested: array(3) {
  ["controller"] => string(12) "webadmin.php"
  ["action"] => string(5) "index"
  ["module"] => string(7) "default"
}


--------------------------------------------------------------------------------
2017-05-26T18:49:53+00:00 ERR (3) 404 Page not found
REMOTE_ADDR: 78.158.11.226
HTTP_REFERER: http://www.google.com/url?sa=t&rct=j&q=graphicore.de&source=web&cd=5&ved=0CF0QFjAE&url=http:%2F%2Fgraphicore.de%2Fimages%2Fsilber-und-blei.svg&cad=rja
requested: array(3) {
  ["controller"] => string(6) "images"
  ["action"] => string(19) "silber-und-blei.svg"
  ["module"] => string(7) "default"
}


--------------------------------------------------------------------------------
2017-05-26T19:49:33+00:00 ERR (3) 404 Seite nicht gefunden
REMOTE_ADDR: 86.123.240.209
HTTP_REFERER: 
requested: array(4) {
  ["controller"] => string(6) "https:"
  [""] => string(19) "silber-und-blei.com"
  ["action"] => string(5) "index"
  ["module"] => string(7) "default"
}


--------------------------------------------------------------------------------
2017-05-26T19:49:33+00:00 ERR (3) 404 Seite nicht gefunden
REMOTE_ADDR: 86.123.240.209
HTTP_REFERER: 
requested: array(3) {
  ["controller"] => string(2) "js"
  ["action"] => string(1) "'"
  ["module"] => string(7) "default"
}


--------------------------------------------------------------------------------
2017-05-26T22:30:10+00:00 ERR (3) 404 "hire-lasse" was not found.
REMOTE_ADDR: 216.244.66.248
HTTP_REFERER: 
requested: array(5) {
  ["lang"] => string(2) "en"
  ["action"] => string(4) "page"
  ["key"] => string(10) "hire-lasse"
  ["module"] => string(7) "default"
  ["controller"] => string(5) "index"
}


--------------------------------------------------------------------------------
