2015-03-09T02:19:50+00:00 ERR (3) 404 Seite nicht gefunden
REMOTE_ADDR: 202.46.48.38
HTTP_REFERER: 
requested: array(3) {
  ["controller"] => string(6) "images"
  ["action"] => string(5) "diary"
  ["module"] => string(7) "default"
}


--------------------------------------------------------------------------------
2015-03-09T05:30:26+00:00 ERR (3) 404 Page not found
REMOTE_ADDR: 80.82.16.118
HTTP_REFERER: http://www.graphicore.de/
requested: array(3) {
  ["controller"] => string(5) "forum"
  ["action"] => string(5) "index"
  ["module"] => string(7) "default"
}


--------------------------------------------------------------------------------
2015-03-09T09:30:07+00:00 ERR (3) 404 Seite nicht gefunden
REMOTE_ADDR: 220.134.138.16
HTTP_REFERER: http://graphicore.de/fckeditor/editor/filemanager/browser/default/connectors/asp/connector.asp
requested: array(6) {
  ["controller"] => string(9) "fckeditor"
  ["action"] => string(6) "editor"
  ["filemanager"] => string(7) "browser"
  ["default"] => string(10) "connectors"
  ["asp"] => string(13) "connector.asp"
  ["module"] => string(7) "default"
}


--------------------------------------------------------------------------------
2015-03-09T09:30:09+00:00 ERR (3) 404 Seite nicht gefunden
REMOTE_ADDR: 220.134.138.16
HTTP_REFERER: http://graphicore.de/admin/fckeditor/editor/filemanager/browser/default/connectors/asp/connector.asp
requested: array(6) {
  ["controller"] => string(5) "admin"
  ["action"] => string(9) "fckeditor"
  ["editor"] => string(11) "filemanager"
  ["browser"] => string(7) "default"
  ["connectors"] => string(3) "asp"
  ["module"] => string(7) "default"
}


--------------------------------------------------------------------------------
2015-03-09T09:30:12+00:00 ERR (3) 404 Seite nicht gefunden
REMOTE_ADDR: 220.134.138.16
HTTP_REFERER: http://graphicore.de/editor/filemanager/browser/default/connectors/asp/connector.asp
requested: array(5) {
  ["controller"] => string(6) "editor"
  ["action"] => string(11) "filemanager"
  ["browser"] => string(7) "default"
  ["connectors"] => string(3) "asp"
  ["module"] => string(7) "default"
}


--------------------------------------------------------------------------------
2015-03-09T09:30:15+00:00 ERR (3) 404 Seite nicht gefunden
REMOTE_ADDR: 220.134.138.16
HTTP_REFERER: http://graphicore.de/manage/fckeditor/editor/filemanager/browser/default/connectors/asp/connector.asp
requested: array(6) {
  ["controller"] => string(6) "manage"
  ["action"] => string(9) "fckeditor"
  ["editor"] => string(11) "filemanager"
  ["browser"] => string(7) "default"
  ["connectors"] => string(3) "asp"
  ["module"] => string(7) "default"
}


--------------------------------------------------------------------------------
2015-03-09T21:56:14+00:00 ERR (3) 404 Seite nicht gefunden
REMOTE_ADDR: 217.12.204.117
HTTP_REFERER: http://graphicore.de/webmanage/fckeditor/editor/filemanager/browser/default/connectors/asp/connector.asp
requested: array(6) {
  ["controller"] => string(9) "webmanage"
  ["action"] => string(9) "fckeditor"
  ["editor"] => string(11) "filemanager"
  ["browser"] => string(7) "default"
  ["connectors"] => string(3) "asp"
  ["module"] => string(7) "default"
}


--------------------------------------------------------------------------------
2015-03-09T21:56:15+00:00 ERR (3) 404 Seite nicht gefunden
REMOTE_ADDR: 217.12.204.117
HTTP_REFERER: http://graphicore.de/editor/editor/filemanager/browser/default/connectors/asp/connector.asp
requested: array(6) {
  ["controller"] => string(6) "editor"
  ["action"] => string(6) "editor"
  ["filemanager"] => string(7) "browser"
  ["default"] => string(10) "connectors"
  ["asp"] => string(13) "connector.asp"
  ["module"] => string(7) "default"
}


--------------------------------------------------------------------------------
2015-03-09T21:56:15+00:00 ERR (3) 404 Seite nicht gefunden
REMOTE_ADDR: 217.12.204.117
HTTP_REFERER: http://graphicore.de/fckeditor/editor/filemanager/browser/default/connectors/asp/connector.asp
requested: array(6) {
  ["controller"] => string(9) "fckeditor"
  ["action"] => string(6) "editor"
  ["filemanager"] => string(7) "browser"
  ["default"] => string(10) "connectors"
  ["asp"] => string(13) "connector.asp"
  ["module"] => string(7) "default"
}


--------------------------------------------------------------------------------
2015-03-09T21:56:15+00:00 ERR (3) 404 Seite nicht gefunden
REMOTE_ADDR: 217.12.204.117
HTTP_REFERER: http://graphicore.de/admin/fckeditor/editor/filemanager/browser/default/connectors/asp/connector.asp
requested: array(6) {
  ["controller"] => string(5) "admin"
  ["action"] => string(9) "fckeditor"
  ["editor"] => string(11) "filemanager"
  ["browser"] => string(7) "default"
  ["connectors"] => string(3) "asp"
  ["module"] => string(7) "default"
}


--------------------------------------------------------------------------------
2015-03-09T21:56:16+00:00 ERR (3) 404 Seite nicht gefunden
REMOTE_ADDR: 217.12.204.117
HTTP_REFERER: http://graphicore.de/editor/filemanager/browser/default/connectors/asp/connector.asp
requested: array(5) {
  ["controller"] => string(6) "editor"
  ["action"] => string(11) "filemanager"
  ["browser"] => string(7) "default"
  ["connectors"] => string(3) "asp"
  ["module"] => string(7) "default"
}


--------------------------------------------------------------------------------
2015-03-09T21:56:16+00:00 ERR (3) 404 Seite nicht gefunden
REMOTE_ADDR: 217.12.204.117
HTTP_REFERER: http://graphicore.de/manage/fckeditor/editor/filemanager/browser/default/connectors/asp/connector.asp
requested: array(6) {
  ["controller"] => string(6) "manage"
  ["action"] => string(9) "fckeditor"
  ["editor"] => string(11) "filemanager"
  ["browser"] => string(7) "default"
  ["connectors"] => string(3) "asp"
  ["module"] => string(7) "default"
}


--------------------------------------------------------------------------------
