2016-01-19T04:30:58+00:00 ERR (3) 404 Seite nicht gefunden
REMOTE_ADDR: 46.211.34.236
HTTP_REFERER: 
requested: array(3) {
  ["controller"] => string(12) "wp-login.php"
  ["action"] => string(5) "index"
  ["module"] => string(7) "default"
}


--------------------------------------------------------------------------------
2016-01-19T04:30:58+00:00 ERR (3) 404 Seite nicht gefunden
REMOTE_ADDR: 46.211.34.236
HTTP_REFERER: 
requested: array(3) {
  ["controller"] => string(13) "administrator"
  ["action"] => string(5) "index"
  ["module"] => string(7) "default"
}


--------------------------------------------------------------------------------
2016-01-19T04:30:58+00:00 ERR (3) 404 Seite nicht gefunden
REMOTE_ADDR: 46.211.34.236
HTTP_REFERER: 
requested: array(3) {
  ["controller"] => string(9) "admin.php"
  ["action"] => string(5) "index"
  ["module"] => string(7) "default"
}


--------------------------------------------------------------------------------
2016-01-19T05:01:00+00:00 ERR (3) 404 Seite nicht gefunden
REMOTE_ADDR: 140.117.150.103
HTTP_REFERER: 
requested: array(3) {
  ["controller"] => string(13) "administrator"
  ["action"] => string(9) "index.php"
  ["module"] => string(7) "default"
}


--------------------------------------------------------------------------------
2016-01-19T07:03:43+00:00 ERR (3) 404 "hire-lasse" was not found.
REMOTE_ADDR: 157.55.39.23
HTTP_REFERER: 
requested: array(5) {
  ["lang"] => string(2) "de"
  ["action"] => string(4) "page"
  ["key"] => string(10) "hire-lasse"
  ["module"] => string(7) "default"
  ["controller"] => string(5) "index"
}


--------------------------------------------------------------------------------
2016-01-19T15:09:00+00:00 ERR (3) 404 "hire-lasse" was not found.
REMOTE_ADDR: 5.9.151.22
HTTP_REFERER: 
requested: array(5) {
  ["lang"] => string(2) "de"
  ["action"] => string(4) "page"
  ["key"] => string(10) "hire-lasse"
  ["module"] => string(7) "default"
  ["controller"] => string(5) "index"
}


--------------------------------------------------------------------------------
2016-01-19T15:09:05+00:00 ERR (3) 404 Seite nicht gefunden
REMOTE_ADDR: 5.9.151.22
HTTP_REFERER: 
requested: array(8) {
  ["controller"] => string(5) "forum"
  ["action"] => string(13) "viewtopic.php"
  ["module"] => string(7) "default"
  ["t"] => string(2) "13"
  ["start"] => string(1) "0"
  ["postdays"] => string(1) "0"
  ["postorder"] => string(3) "asc"
  ["highlight"] => string(0) ""
}


--------------------------------------------------------------------------------
2016-01-19T20:34:47+00:00 ERR (3) 404 Seite nicht gefunden
REMOTE_ADDR: 180.250.50.253
HTTP_REFERER: 
requested: array(3) {
  ["controller"] => string(7) "cgi-bin"
  ["action"] => string(8) "test-cgi"
  ["module"] => string(7) "default"
}


--------------------------------------------------------------------------------
2016-01-19T21:44:33+00:00 ERR (3) 404 "hire-lasse" was not found.
REMOTE_ADDR: 159.203.123.37
HTTP_REFERER: http://graphicore.de/en/archive/2010-09-09_A-Brute-Font-Attack
requested: array(5) {
  ["lang"] => string(2) "en"
  ["action"] => string(4) "page"
  ["key"] => string(10) "hire-lasse"
  ["module"] => string(7) "default"
  ["controller"] => string(5) "index"
}


--------------------------------------------------------------------------------
2016-01-19T21:44:43+00:00 ERR (3) 404 "hire-lasse" was not found.
REMOTE_ADDR: 159.203.123.37
HTTP_REFERER: http://graphicore.de/de/archive/2010-09-09_A-Brute-Font-Attack
requested: array(5) {
  ["lang"] => string(2) "de"
  ["action"] => string(4) "page"
  ["key"] => string(10) "hire-lasse"
  ["module"] => string(7) "default"
  ["controller"] => string(5) "index"
}


--------------------------------------------------------------------------------
2016-01-19T22:35:44+00:00 ERR (3) 404 "hire-lasse" was not found.
REMOTE_ADDR: 207.46.13.38
HTTP_REFERER: 
requested: array(5) {
  ["lang"] => string(2) "de"
  ["action"] => string(4) "page"
  ["key"] => string(10) "hire-lasse"
  ["module"] => string(7) "default"
  ["controller"] => string(5) "index"
}


--------------------------------------------------------------------------------
