2016-09-02T00:28:15+00:00 ERR (3) 404 Seite nicht gefunden
REMOTE_ADDR: 66.249.76.42
HTTP_REFERER: 
requested: array(3) {
  ["controller"] => string(26) "apple-app-site-association"
  ["action"] => string(5) "index"
  ["module"] => string(7) "default"
}


--------------------------------------------------------------------------------
2016-09-02T03:28:46+00:00 ERR (3) 404 Seite nicht gefunden
REMOTE_ADDR: 46.119.127.129
HTTP_REFERER: 
requested: array(4) {
  ["controller"] => string(10) "xmlrpc.php"
  ["action"] => string(5) "index"
  ["module"] => string(7) "default"
  ["rsd"] => string(0) ""
}


--------------------------------------------------------------------------------
2016-09-02T03:28:46+00:00 ERR (3) 404 Seite nicht gefunden
REMOTE_ADDR: 46.119.127.129
HTTP_REFERER: 
requested: array(3) {
  ["controller"] => string(4) "blog"
  ["action"] => string(10) "robots.txt"
  ["module"] => string(7) "default"
}


--------------------------------------------------------------------------------
2016-09-02T03:28:46+00:00 ERR (3) 404 Seite nicht gefunden
REMOTE_ADDR: 46.119.127.129
HTTP_REFERER: 
requested: array(3) {
  ["controller"] => string(4) "blog"
  ["action"] => string(5) "index"
  ["module"] => string(7) "default"
}


--------------------------------------------------------------------------------
2016-09-02T03:28:46+00:00 ERR (3) 404 Seite nicht gefunden
REMOTE_ADDR: 46.119.127.129
HTTP_REFERER: 
requested: array(3) {
  ["controller"] => string(9) "wordpress"
  ["action"] => string(5) "index"
  ["module"] => string(7) "default"
}


--------------------------------------------------------------------------------
2016-09-02T03:28:47+00:00 ERR (3) 404 Seite nicht gefunden
REMOTE_ADDR: 46.119.127.129
HTTP_REFERER: 
requested: array(3) {
  ["controller"] => string(2) "wp"
  ["action"] => string(5) "index"
  ["module"] => string(7) "default"
}


--------------------------------------------------------------------------------
2016-09-02T07:56:57+00:00 ERR (3) 404 Seite nicht gefunden
REMOTE_ADDR: 74.111.27.177
HTTP_REFERER: 
requested: array(3) {
  ["controller"] => string(5) "diary"
  ["action"] => string(4) "atom"
  ["module"] => string(7) "default"
}


--------------------------------------------------------------------------------
2016-09-02T08:38:00+00:00 ERR (3) 404 Seite nicht gefunden
REMOTE_ADDR: 31.134.123.191
HTTP_REFERER: 
requested: array(3) {
  ["controller"] => string(4) "blog"
  ["action"] => string(10) "robots.txt"
  ["module"] => string(7) "default"
}


--------------------------------------------------------------------------------
2016-09-02T08:38:00+00:00 ERR (3) 404 Seite nicht gefunden
REMOTE_ADDR: 31.134.123.191
HTTP_REFERER: 
requested: array(3) {
  ["controller"] => string(4) "blog"
  ["action"] => string(5) "index"
  ["module"] => string(7) "default"
}


--------------------------------------------------------------------------------
2016-09-02T08:38:00+00:00 ERR (3) 404 Seite nicht gefunden
REMOTE_ADDR: 31.134.123.191
HTTP_REFERER: 
requested: array(3) {
  ["controller"] => string(9) "wordpress"
  ["action"] => string(5) "index"
  ["module"] => string(7) "default"
}


--------------------------------------------------------------------------------
2016-09-02T08:38:01+00:00 ERR (3) 404 Seite nicht gefunden
REMOTE_ADDR: 31.134.123.191
HTTP_REFERER: 
requested: array(3) {
  ["controller"] => string(2) "wp"
  ["action"] => string(5) "index"
  ["module"] => string(7) "default"
}


--------------------------------------------------------------------------------
2016-09-02T14:59:25+00:00 ERR (3) 404 Seite nicht gefunden
REMOTE_ADDR: 46.166.199.137
HTTP_REFERER: http://graphicore.de/forum/index.php
requested: array(3) {
  ["controller"] => string(5) "forum"
  ["action"] => string(9) "index.php"
  ["module"] => string(7) "default"
}


--------------------------------------------------------------------------------
2016-09-02T16:43:21+00:00 ERR (3) 404 Seite nicht gefunden
REMOTE_ADDR: 5.9.63.149
HTTP_REFERER: 
requested: array(3) {
  ["controller"] => string(5) "diary"
  ["action"] => string(4) "atom"
  ["module"] => string(7) "default"
}


--------------------------------------------------------------------------------
2016-09-02T21:46:43+00:00 ERR (3) 404 "hire-lasse" was not found.
REMOTE_ADDR: 207.46.13.2
HTTP_REFERER: 
requested: array(5) {
  ["lang"] => string(2) "de"
  ["action"] => string(4) "page"
  ["key"] => string(10) "hire-lasse"
  ["module"] => string(7) "default"
  ["controller"] => string(5) "index"
}


--------------------------------------------------------------------------------
2016-09-02T22:39:37+00:00 ERR (3) 404 Seite nicht gefunden
REMOTE_ADDR: 196.207.70.240
HTTP_REFERER: 
requested: array(3) {
  ["controller"] => string(12) "wp-login.php"
  ["action"] => string(5) "index"
  ["module"] => string(7) "default"
}


--------------------------------------------------------------------------------
