2011-05-18T08:52:57+00:00 ERR (3) 404 "story" was not found.
REMOTE_ADDR: 66.249.71.12
HTTP_REFERER: 
requested: array(6) {
  ["lang"] => string(2) "en"
  ["action"] => string(5) "index"
  ["key"] => string(5) "story"
  ["intern"] => string(6) "abraum"
  ["module"] => string(7) "default"
  ["controller"] => string(5) "index"
}


--------------------------------------------------------------------------------
2011-05-18T22:35:09+00:00 ERR (3) 404 Seite nicht gefunden
REMOTE_ADDR: 92.82.225.197
HTTP_REFERER: 
requested: array(3) {
  ["controller"] => string(10) "javascript"
  ["action"] => string(1) "'"
  ["module"] => string(7) "default"
}


--------------------------------------------------------------------------------
