2015-09-13T01:03:44+00:00 ERR (3) 404 "hire-lasse" was not found.
REMOTE_ADDR: 192.95.29.116
HTTP_REFERER: 
requested: array(5) {
  ["lang"] => string(2) "de"
  ["action"] => string(4) "page"
  ["key"] => string(10) "hire-lasse"
  ["module"] => string(7) "default"
  ["controller"] => string(5) "index"
}


--------------------------------------------------------------------------------
2015-09-13T01:03:44+00:00 ERR (3) 404 "" was not found.
REMOTE_ADDR: 192.95.29.116
HTTP_REFERER: 
requested: array(5) {
  ["lang"] => string(2) "de"
  ["action"] => string(7) "archive"
  ["module"] => string(7) "default"
  ["controller"] => string(5) "index"
  ["key"] => string(0) ""
}


--------------------------------------------------------------------------------
2015-09-13T01:04:23+00:00 ERR (3) 404 "hire-lasse" was not found.
REMOTE_ADDR: 192.95.29.116
HTTP_REFERER: 
requested: array(5) {
  ["lang"] => string(2) "en"
  ["action"] => string(4) "page"
  ["key"] => string(10) "hire-lasse"
  ["module"] => string(7) "default"
  ["controller"] => string(5) "index"
}


--------------------------------------------------------------------------------
2015-09-13T01:04:24+00:00 ERR (3) 404 "" was not found.
REMOTE_ADDR: 192.95.29.116
HTTP_REFERER: 
requested: array(5) {
  ["lang"] => string(2) "en"
  ["action"] => string(7) "archive"
  ["module"] => string(7) "default"
  ["controller"] => string(5) "index"
  ["key"] => string(0) ""
}


--------------------------------------------------------------------------------
2015-09-13T01:54:51+00:00 ERR (3) 404 "hire-lasse" was not found.
REMOTE_ADDR: 104.131.217.174
HTTP_REFERER: http://graphicore.de/en/archive/2010-09-09_A-Brute-Font-Attack
requested: array(5) {
  ["lang"] => string(2) "en"
  ["action"] => string(4) "page"
  ["key"] => string(10) "hire-lasse"
  ["module"] => string(7) "default"
  ["controller"] => string(5) "index"
}


--------------------------------------------------------------------------------
2015-09-13T01:55:01+00:00 ERR (3) 404 "hire-lasse" was not found.
REMOTE_ADDR: 104.131.217.174
HTTP_REFERER: http://graphicore.de/de/archive/2010-09-09_A-Brute-Font-Attack
requested: array(5) {
  ["lang"] => string(2) "de"
  ["action"] => string(4) "page"
  ["key"] => string(10) "hire-lasse"
  ["module"] => string(7) "default"
  ["controller"] => string(5) "index"
}


--------------------------------------------------------------------------------
2015-09-13T02:35:21+00:00 ERR (3) 404 Seite nicht gefunden
REMOTE_ADDR: 52.21.22.209
HTTP_REFERER: 
requested: array(3) {
  ["controller"] => string(20) "apple-touch-icon.png"
  ["action"] => string(5) "index"
  ["module"] => string(7) "default"
}


--------------------------------------------------------------------------------
2015-09-13T04:07:32+00:00 ERR (3) 404 "" was not found.
REMOTE_ADDR: 46.118.126.38
HTTP_REFERER: http://download-video-vkontakte.ru/
requested: array(5) {
  ["lang"] => string(2) "en"
  ["action"] => string(7) "archive"
  ["module"] => string(7) "default"
  ["controller"] => string(5) "index"
  ["key"] => string(0) ""
}


--------------------------------------------------------------------------------
2015-09-13T04:07:33+00:00 ERR (3) 404 "" was not found.
REMOTE_ADDR: 46.118.126.38
HTTP_REFERER: http://download-video-vkontakte.ru/
requested: array(5) {
  ["lang"] => string(2) "en"
  ["action"] => string(7) "archive"
  ["module"] => string(7) "default"
  ["controller"] => string(5) "index"
  ["key"] => string(0) ""
}


--------------------------------------------------------------------------------
2015-09-13T04:07:34+00:00 ERR (3) 404 "" was not found.
REMOTE_ADDR: 46.118.126.38
HTTP_REFERER: http://download-video-vkontakte.ru/
requested: array(5) {
  ["lang"] => string(2) "en"
  ["action"] => string(7) "archive"
  ["module"] => string(7) "default"
  ["controller"] => string(5) "index"
  ["key"] => string(0) ""
}


--------------------------------------------------------------------------------
2015-09-13T04:58:40+00:00 ERR (3) 404 "" was not found.
REMOTE_ADDR: 46.185.117.31
HTTP_REFERER: http://prohoster.info/
requested: array(5) {
  ["lang"] => string(2) "en"
  ["action"] => string(7) "archive"
  ["module"] => string(7) "default"
  ["controller"] => string(5) "index"
  ["key"] => string(0) ""
}


--------------------------------------------------------------------------------
2015-09-13T08:27:11+00:00 ERR (3) 404 "" was not found.
REMOTE_ADDR: 46.118.118.173
HTTP_REFERER: http://avtointeres.ru/
requested: array(5) {
  ["lang"] => string(2) "en"
  ["action"] => string(7) "archive"
  ["module"] => string(7) "default"
  ["controller"] => string(5) "index"
  ["key"] => string(0) ""
}


--------------------------------------------------------------------------------
2015-09-13T08:27:11+00:00 ERR (3) 404 "" was not found.
REMOTE_ADDR: 46.118.118.173
HTTP_REFERER: http://avtointeres.ru/
requested: array(5) {
  ["lang"] => string(2) "en"
  ["action"] => string(7) "archive"
  ["module"] => string(7) "default"
  ["controller"] => string(5) "index"
  ["key"] => string(0) ""
}


--------------------------------------------------------------------------------
2015-09-13T08:27:12+00:00 ERR (3) 404 "" was not found.
REMOTE_ADDR: 46.118.118.173
HTTP_REFERER: http://avtointeres.ru/
requested: array(5) {
  ["lang"] => string(2) "en"
  ["action"] => string(7) "archive"
  ["module"] => string(7) "default"
  ["controller"] => string(5) "index"
  ["key"] => string(0) ""
}


--------------------------------------------------------------------------------
2015-09-13T09:17:52+00:00 ERR (3) 404 Seite nicht gefunden
REMOTE_ADDR: 24.38.19.220
HTTP_REFERER: 
requested: array(4) {
  ["controller"] => string(6) "https:"
  [""] => string(19) "silber-und-blei.com"
  ["action"] => string(5) "index"
  ["module"] => string(7) "default"
}


--------------------------------------------------------------------------------
2015-09-13T09:17:57+00:00 ERR (3) 404 Seite nicht gefunden
REMOTE_ADDR: 24.38.19.220
HTTP_REFERER: 
requested: array(3) {
  ["controller"] => string(2) "js"
  ["action"] => string(1) "'"
  ["module"] => string(7) "default"
}


--------------------------------------------------------------------------------
2015-09-13T10:44:02+00:00 ERR (3) 404 "" was not found.
REMOTE_ADDR: 178.137.92.63
HTTP_REFERER: http://modabutik.ru/
requested: array(5) {
  ["lang"] => string(2) "en"
  ["action"] => string(7) "archive"
  ["module"] => string(7) "default"
  ["controller"] => string(5) "index"
  ["key"] => string(0) ""
}


--------------------------------------------------------------------------------
2015-09-13T10:44:02+00:00 ERR (3) 404 "" was not found.
REMOTE_ADDR: 178.137.92.63
HTTP_REFERER: http://modabutik.ru/
requested: array(5) {
  ["lang"] => string(2) "en"
  ["action"] => string(7) "archive"
  ["module"] => string(7) "default"
  ["controller"] => string(5) "index"
  ["key"] => string(0) ""
}


--------------------------------------------------------------------------------
2015-09-13T11:54:54+00:00 ERR (3) 404 Seite nicht gefunden
REMOTE_ADDR: 37.115.146.161
HTTP_REFERER: http://graphicore.de/forum/
requested: array(3) {
  ["controller"] => string(5) "forum"
  ["action"] => string(5) "index"
  ["module"] => string(7) "default"
}


--------------------------------------------------------------------------------
2015-09-13T12:05:19+00:00 ERR (3) 404 "" was not found.
REMOTE_ADDR: 178.137.92.63
HTTP_REFERER: http://x360-torrent.net/
requested: array(5) {
  ["lang"] => string(2) "en"
  ["action"] => string(7) "archive"
  ["module"] => string(7) "default"
  ["controller"] => string(5) "index"
  ["key"] => string(0) ""
}


--------------------------------------------------------------------------------
2015-09-13T12:05:20+00:00 ERR (3) 404 "" was not found.
REMOTE_ADDR: 178.137.92.63
HTTP_REFERER: http://x360-torrent.net/
requested: array(5) {
  ["lang"] => string(2) "en"
  ["action"] => string(7) "archive"
  ["module"] => string(7) "default"
  ["controller"] => string(5) "index"
  ["key"] => string(0) ""
}


--------------------------------------------------------------------------------
2015-09-13T12:05:20+00:00 ERR (3) 404 "" was not found.
REMOTE_ADDR: 178.137.92.63
HTTP_REFERER: http://x360-torrent.net/
requested: array(5) {
  ["lang"] => string(2) "en"
  ["action"] => string(7) "archive"
  ["module"] => string(7) "default"
  ["controller"] => string(5) "index"
  ["key"] => string(0) ""
}


--------------------------------------------------------------------------------
2015-09-13T13:58:56+00:00 ERR (3) 404 Page not found
REMOTE_ADDR: 176.214.164.242
HTTP_REFERER: 
requested: array(3) {
  ["controller"] => string(12) "wp-login.php"
  ["action"] => string(5) "index"
  ["module"] => string(7) "default"
}


--------------------------------------------------------------------------------
2015-09-13T13:58:57+00:00 ERR (3) 404 Page not found
REMOTE_ADDR: 176.214.164.242
HTTP_REFERER: 
requested: array(3) {
  ["controller"] => string(8) "wp-login"
  ["action"] => string(5) "index"
  ["module"] => string(7) "default"
}


--------------------------------------------------------------------------------
2015-09-13T13:58:59+00:00 ERR (3) 404 Page not found
REMOTE_ADDR: 176.214.164.242
HTTP_REFERER: 
requested: array(3) {
  ["controller"] => string(9) "wordpress"
  ["action"] => string(12) "wp-login.php"
  ["module"] => string(7) "default"
}


--------------------------------------------------------------------------------
2015-09-13T13:59:00+00:00 ERR (3) 404 Page not found
REMOTE_ADDR: 176.214.164.242
HTTP_REFERER: 
requested: array(3) {
  ["controller"] => string(8) "wp-admin"
  ["action"] => string(12) "wp-login.php"
  ["module"] => string(7) "default"
}


--------------------------------------------------------------------------------
2015-09-13T13:59:01+00:00 ERR (3) 404 Page not found
REMOTE_ADDR: 176.214.164.242
HTTP_REFERER: 
requested: array(3) {
  ["controller"] => string(7) "section"
  ["action"] => string(12) "wp-login.php"
  ["module"] => string(7) "default"
}


--------------------------------------------------------------------------------
2015-09-13T13:59:02+00:00 ERR (3) 404 Page not found
REMOTE_ADDR: 176.214.164.242
HTTP_REFERER: 
requested: array(3) {
  ["controller"] => string(3) "cms"
  ["action"] => string(12) "wp-login.php"
  ["module"] => string(7) "default"
}


--------------------------------------------------------------------------------
2015-09-13T13:59:02+00:00 ERR (3) 404 Page not found
REMOTE_ADDR: 176.214.164.242
HTTP_REFERER: 
requested: array(3) {
  ["controller"] => string(4) "site"
  ["action"] => string(12) "wp-login.php"
  ["module"] => string(7) "default"
}


--------------------------------------------------------------------------------
2015-09-13T13:59:03+00:00 ERR (3) 404 Page not found
REMOTE_ADDR: 176.214.164.242
HTTP_REFERER: 
requested: array(3) {
  ["controller"] => string(4) "blog"
  ["action"] => string(12) "wp-login.php"
  ["module"] => string(7) "default"
}


--------------------------------------------------------------------------------
2015-09-13T13:59:04+00:00 ERR (3) 404 Page not found
REMOTE_ADDR: 176.214.164.242
HTTP_REFERER: 
requested: array(3) {
  ["controller"] => string(5) "admin"
  ["action"] => string(12) "wp-login.php"
  ["module"] => string(7) "default"
}


--------------------------------------------------------------------------------
2015-09-13T13:59:05+00:00 ERR (3) 404 Page not found
REMOTE_ADDR: 176.214.164.242
HTTP_REFERER: 
requested: array(3) {
  ["controller"] => string(2) "wp"
  ["action"] => string(12) "wp-login.php"
  ["module"] => string(7) "default"
}


--------------------------------------------------------------------------------
2015-09-13T19:53:25+00:00 ERR (3) 404 Seite nicht gefunden
REMOTE_ADDR: 136.243.36.96
HTTP_REFERER: 
requested: array(3) {
  ["controller"] => string(11) "sitemap.xml"
  ["action"] => string(5) "index"
  ["module"] => string(7) "default"
}


--------------------------------------------------------------------------------
2015-09-13T19:53:33+00:00 ERR (3) 404 Seite nicht gefunden
REMOTE_ADDR: 136.243.36.96
HTTP_REFERER: 
requested: array(3) {
  ["controller"] => string(11) "sitemap.xml"
  ["action"] => string(5) "index"
  ["module"] => string(7) "default"
}


--------------------------------------------------------------------------------
2015-09-13T19:58:31+00:00 ERR (3) 404 "hire-lasse" was not found.
REMOTE_ADDR: 136.243.36.96
HTTP_REFERER: 
requested: array(5) {
  ["lang"] => string(2) "de"
  ["action"] => string(4) "page"
  ["key"] => string(10) "hire-lasse"
  ["module"] => string(7) "default"
  ["controller"] => string(5) "index"
}


--------------------------------------------------------------------------------
2015-09-13T20:00:48+00:00 ERR (3) 404 "hire-lasse" was not found.
REMOTE_ADDR: 136.243.36.96
HTTP_REFERER: 
requested: array(5) {
  ["lang"] => string(2) "en"
  ["action"] => string(4) "page"
  ["key"] => string(10) "hire-lasse"
  ["module"] => string(7) "default"
  ["controller"] => string(5) "index"
}


--------------------------------------------------------------------------------
2015-09-13T21:05:45+00:00 ERR (3) 404 "" was not found.
REMOTE_ADDR: 178.137.92.63
HTTP_REFERER: http://www.sharok.biz/
requested: array(5) {
  ["lang"] => string(2) "en"
  ["action"] => string(7) "archive"
  ["module"] => string(7) "default"
  ["controller"] => string(5) "index"
  ["key"] => string(0) ""
}


--------------------------------------------------------------------------------
