2017-02-06T00:48:33+00:00 ERR (3) 404 Page not found
REMOTE_ADDR: 89.74.31.49
HTTP_REFERER: http://www.graphicore.de/forum
requested: array(3) {
  ["controller"] => string(5) "forum"
  ["action"] => string(5) "index"
  ["module"] => string(7) "default"
}


--------------------------------------------------------------------------------
2017-02-06T06:35:17+00:00 ERR (3) 404 Seite nicht gefunden
REMOTE_ADDR: 66.249.65.196
HTTP_REFERER: 
requested: array(3) {
  ["controller"] => string(11) ".well-known"
  ["action"] => string(26) "apple-app-site-association"
  ["module"] => string(7) "default"
}


--------------------------------------------------------------------------------
2017-02-06T06:40:25+00:00 ERR (3) 404 Seite nicht gefunden
REMOTE_ADDR: 66.249.64.146
HTTP_REFERER: 
requested: array(3) {
  ["controller"] => string(26) "apple-app-site-association"
  ["action"] => string(5) "index"
  ["module"] => string(7) "default"
}


--------------------------------------------------------------------------------
2017-02-06T06:45:45+00:00 ERR (3) 404 Seite nicht gefunden
REMOTE_ADDR: 66.249.65.196
HTTP_REFERER: 
requested: array(3) {
  ["controller"] => string(11) ".well-known"
  ["action"] => string(15) "assetlinks.json"
  ["module"] => string(7) "default"
}


--------------------------------------------------------------------------------
2017-02-06T07:17:55+00:00 ERR (3) 404 Seite nicht gefunden
REMOTE_ADDR: 104.47.137.195
HTTP_REFERER: 
requested: array(4) {
  ["controller"] => string(6) "https:"
  [""] => string(19) "silber-und-blei.com"
  ["action"] => string(5) "index"
  ["module"] => string(7) "default"
}


--------------------------------------------------------------------------------
2017-02-06T07:17:55+00:00 ERR (3) 404 Seite nicht gefunden
REMOTE_ADDR: 104.47.137.195
HTTP_REFERER: 
requested: array(3) {
  ["controller"] => string(2) "js"
  ["action"] => string(1) "'"
  ["module"] => string(7) "default"
}


--------------------------------------------------------------------------------
2017-02-06T13:00:53+00:00 ERR (3) 404 Seite nicht gefunden
REMOTE_ADDR: 163.172.54.110
HTTP_REFERER: 
requested: array(3) {
  ["controller"] => string(11) "sitemap.xml"
  ["action"] => string(5) "index"
  ["module"] => string(7) "default"
}


--------------------------------------------------------------------------------
2017-02-06T13:06:22+00:00 ERR (3) 404 Seite nicht gefunden
REMOTE_ADDR: 94.23.0.221
HTTP_REFERER: 
requested: array(3) {
  ["controller"] => string(4) "blog"
  ["action"] => string(5) "index"
  ["module"] => string(7) "default"
}


--------------------------------------------------------------------------------
2017-02-06T13:06:22+00:00 ERR (3) 404 Seite nicht gefunden
REMOTE_ADDR: 94.23.0.221
HTTP_REFERER: 
requested: array(3) {
  ["controller"] => string(4) "site"
  ["action"] => string(5) "index"
  ["module"] => string(7) "default"
}


--------------------------------------------------------------------------------
2017-02-06T13:06:29+00:00 ERR (3) 404 "hire-lasse" was not found.
REMOTE_ADDR: 94.23.0.221
HTTP_REFERER: 
requested: array(5) {
  ["lang"] => string(2) "de"
  ["action"] => string(4) "page"
  ["key"] => string(10) "hire-lasse"
  ["module"] => string(7) "default"
  ["controller"] => string(5) "index"
}


--------------------------------------------------------------------------------
2017-02-06T13:06:32+00:00 ERR (3) 404 "hire-lasse" was not found.
REMOTE_ADDR: 94.23.0.221
HTTP_REFERER: 
requested: array(5) {
  ["lang"] => string(2) "en"
  ["action"] => string(4) "page"
  ["key"] => string(10) "hire-lasse"
  ["module"] => string(7) "default"
  ["controller"] => string(5) "index"
}


--------------------------------------------------------------------------------
2017-02-06T23:05:39+00:00 ERR (3) 404 Seite nicht gefunden
REMOTE_ADDR: 185.156.173.244
HTTP_REFERER: 
requested: array(3) {
  ["controller"] => string(5) "forum"
  ["action"] => string(5) "index"
  ["module"] => string(7) "default"
}


--------------------------------------------------------------------------------
2017-02-06T23:54:16+00:00 ERR (3) 404 Seite nicht gefunden
REMOTE_ADDR: 104.47.146.56
HTTP_REFERER: 
requested: array(4) {
  ["controller"] => string(6) "https:"
  [""] => string(19) "silber-und-blei.com"
  ["action"] => string(5) "index"
  ["module"] => string(7) "default"
}


--------------------------------------------------------------------------------
2017-02-06T23:54:23+00:00 ERR (3) 404 Seite nicht gefunden
REMOTE_ADDR: 104.47.146.56
HTTP_REFERER: 
requested: array(3) {
  ["controller"] => string(2) "js"
  ["action"] => string(1) "'"
  ["module"] => string(7) "default"
}


--------------------------------------------------------------------------------
2017-02-06T23:54:57+00:00 ERR (3) 404 Seite nicht gefunden
REMOTE_ADDR: 185.94.193.75
HTTP_REFERER: http://graphicore.de/forum
requested: array(3) {
  ["controller"] => string(5) "forum"
  ["action"] => string(5) "index"
  ["module"] => string(7) "default"
}


--------------------------------------------------------------------------------
