2015-08-03T00:06:19+00:00 ERR (3) 404 Seite nicht gefunden
REMOTE_ADDR: 80.196.166.198
HTTP_REFERER: 
requested: array(3) {
  ["controller"] => string(2) "wp"
  ["action"] => string(8) "wp-admin"
  ["module"] => string(7) "default"
}


--------------------------------------------------------------------------------
2015-08-03T00:15:01+00:00 ERR (3) 404 Seite nicht gefunden
REMOTE_ADDR: 79.170.40.163
HTTP_REFERER: 
requested: array(3) {
  ["controller"] => string(3) "old"
  ["action"] => string(8) "wp-admin"
  ["module"] => string(7) "default"
}


--------------------------------------------------------------------------------
2015-08-03T03:04:04+00:00 ERR (3) 404 Seite nicht gefunden
REMOTE_ADDR: 217.111.146.154
HTTP_REFERER: 
requested: array(5) {
  ["controller"] => string(8) "wp-admin"
  ["action"] => string(14) "admin-ajax.php"
  ["module"] => string(7) "default"
  ["client_action"] => string(19) "update_captions_css"
  ["data"] => string(15) "Hacked by d3b~X"
}


--------------------------------------------------------------------------------
2015-08-03T03:04:05+00:00 ERR (3) 404 Seite nicht gefunden
REMOTE_ADDR: 217.111.146.154
HTTP_REFERER: 
requested: array(4) {
  ["controller"] => string(8) "wp-admin"
  ["action"] => string(14) "admin-ajax.php"
  ["module"] => string(7) "default"
  ["client_action"] => string(16) "get_captions_css"
}


--------------------------------------------------------------------------------
2015-08-03T03:04:06+00:00 ERR (3) 404 Seite nicht gefunden
REMOTE_ADDR: 217.111.146.154
HTTP_REFERER: 
requested: array(3) {
  ["controller"] => string(9) "index.php"
  ["action"] => string(5) "index"
  ["module"] => string(7) "default"
}


--------------------------------------------------------------------------------
2015-08-03T03:04:06+00:00 ERR (3) 404 Page not found
REMOTE_ADDR: 217.111.146.154
HTTP_REFERER: 
requested: array(3) {
  ["controller"] => string(10) "nyet%2Egif"
  ["action"] => string(5) "index"
  ["module"] => string(7) "default"
}


--------------------------------------------------------------------------------
2015-08-03T03:04:06+00:00 ERR (3) 404 Seite nicht gefunden
REMOTE_ADDR: 217.111.146.154
HTTP_REFERER: 
requested: array(3) {
  ["controller"] => string(8) "nyet.gif"
  ["action"] => string(5) "index"
  ["module"] => string(7) "default"
}


--------------------------------------------------------------------------------
2015-08-03T04:13:34+00:00 ERR (3) 404 Seite nicht gefunden
REMOTE_ADDR: 74.208.75.4
HTTP_REFERER: 
requested: array(4) {
  ["controller"] => string(6) "https:"
  [""] => string(19) "silber-und-blei.com"
  ["action"] => string(5) "index"
  ["module"] => string(7) "default"
}


--------------------------------------------------------------------------------
2015-08-03T04:13:35+00:00 ERR (3) 404 Seite nicht gefunden
REMOTE_ADDR: 74.208.75.4
HTTP_REFERER: 
requested: array(3) {
  ["controller"] => string(2) "js"
  ["action"] => string(1) "'"
  ["module"] => string(7) "default"
}


--------------------------------------------------------------------------------
2015-08-03T08:09:18+00:00 ERR (3) 404 Page not found
REMOTE_ADDR: 94.73.155.10
HTTP_REFERER: 
requested: array(5) {
  ["controller"] => string(10) "wp-content"
  ["action"] => string(7) "uploads"
  ["gravity_forms"] => string(14) "_input_1_.php5"
  ["module"] => string(7) "default"
  ["pass"] => string(10) "kl12s120qa"
}


--------------------------------------------------------------------------------
2015-08-03T08:59:45+00:00 ERR (3) 404 Seite nicht gefunden
REMOTE_ADDR: 66.249.69.53
HTTP_REFERER: 
requested: array(3) {
  ["controller"] => string(5) "tests"
  ["action"] => string(5) "index"
  ["module"] => string(7) "default"
}


--------------------------------------------------------------------------------
2015-08-03T10:19:26+00:00 ERR (3) 404 "" was not found.
REMOTE_ADDR: 208.115.113.89
HTTP_REFERER: 
requested: array(5) {
  ["lang"] => string(2) "de"
  ["action"] => string(7) "archive"
  ["module"] => string(7) "default"
  ["controller"] => string(5) "index"
  ["key"] => string(0) ""
}


--------------------------------------------------------------------------------
2015-08-03T17:22:56+00:00 ERR (3) 404 Seite nicht gefunden
REMOTE_ADDR: 66.249.78.225
HTTP_REFERER: 
requested: array(3) {
  ["controller"] => string(3) "lib"
  ["action"] => string(5) "index"
  ["module"] => string(7) "default"
}


--------------------------------------------------------------------------------
2015-08-03T23:24:01+00:00 ERR (3) 404 Seite nicht gefunden
REMOTE_ADDR: 46.29.255.108
HTTP_REFERER: 
requested: array(4) {
  ["controller"] => string(6) "https:"
  [""] => string(19) "silber-und-blei.com"
  ["action"] => string(5) "index"
  ["module"] => string(7) "default"
}


--------------------------------------------------------------------------------
2015-08-03T23:24:02+00:00 ERR (3) 404 Seite nicht gefunden
REMOTE_ADDR: 46.29.255.108
HTTP_REFERER: 
requested: array(3) {
  ["controller"] => string(2) "js"
  ["action"] => string(1) "'"
  ["module"] => string(7) "default"
}


--------------------------------------------------------------------------------
