2011-09-13T15:19:00+00:00 ERR (3) 404 Seite nicht gefunden
REMOTE_ADDR: 46.4.100.231
HTTP_REFERER: 
requested: array(3) {
  ["controller"] => string(11) "sitemap.xml"
  ["action"] => string(5) "index"
  ["module"] => string(7) "default"
}


--------------------------------------------------------------------------------
2011-09-13T21:27:05+00:00 ERR (3) 404 "" was not found.
REMOTE_ADDR: 157.55.16.87
HTTP_REFERER: 
requested: array(5) {
  ["lang"] => string(2) "de"
  ["action"] => string(7) "archive"
  ["module"] => string(7) "default"
  ["controller"] => string(5) "index"
  ["key"] => string(0) ""
}


--------------------------------------------------------------------------------
2011-09-13T22:33:33+00:00 ERR (3) 404 Seite nicht gefunden
REMOTE_ADDR: 213.93.10.213
HTTP_REFERER: 
requested: array(3) {
  ["controller"] => string(10) "javascript"
  ["action"] => string(1) "'"
  ["module"] => string(7) "default"
}


--------------------------------------------------------------------------------
