2017-04-27T00:29:41+00:00 ERR (3) 404 Seite nicht gefunden
REMOTE_ADDR: 98.126.85.122
HTTP_REFERER: 
requested: array(3) {
  ["controller"] => string(7) "configs"
  ["action"] => string(11) "config.php~"
  ["module"] => string(7) "default"
}


--------------------------------------------------------------------------------
2017-04-27T02:25:09+00:00 ERR (3) 404 Page not found
REMOTE_ADDR: 80.11.201.73
HTTP_REFERER: http://www.hgtv.ca/cleaning-and-organization/photos/15-things-you-should-never-recycle-and-10-surprising-things-you-can-1893934/
requested: array(3) {
  ["controller"] => string(18) "L9x8CXKG6q4e8IX.js"
  ["action"] => string(5) "index"
  ["module"] => string(7) "default"
}


--------------------------------------------------------------------------------
2017-04-27T03:23:47+00:00 ERR (3) 404 Seite nicht gefunden
REMOTE_ADDR: 98.126.85.122
HTTP_REFERER: 
requested: array(3) {
  ["controller"] => string(3) "inc"
  ["action"] => string(11) "dbconn.php~"
  ["module"] => string(7) "default"
}


--------------------------------------------------------------------------------
2017-04-27T03:50:45+00:00 ERR (3) 404 "hire-lasse" was not found.
REMOTE_ADDR: 207.46.13.172
HTTP_REFERER: 
requested: array(5) {
  ["lang"] => string(2) "de"
  ["action"] => string(4) "page"
  ["key"] => string(10) "hire-lasse"
  ["module"] => string(7) "default"
  ["controller"] => string(5) "index"
}


--------------------------------------------------------------------------------
2017-04-27T05:40:52+00:00 ERR (3) 404 Page not found
REMOTE_ADDR: 50.148.78.122
HTTP_REFERER: http://www.repeatcrafterme.com/2012/03/crock-pot-baked-potatoes.html#utm_campaign=4927&utm_source=11503&utm_medium=0
requested: array(3) {
  ["controller"] => string(33) "y4hZPQWAbegKmxfK1GfIOgw1PSJcRg.js"
  ["action"] => string(5) "index"
  ["module"] => string(7) "default"
}


--------------------------------------------------------------------------------
2017-04-27T06:08:35+00:00 ERR (3) 404 Seite nicht gefunden
REMOTE_ADDR: 164.132.161.5
HTTP_REFERER: 
requested: array(8) {
  ["controller"] => string(5) "forum"
  ["action"] => string(13) "viewtopic.php"
  ["module"] => string(7) "default"
  ["t"] => string(2) "13"
  ["start"] => string(1) "0"
  ["postdays"] => string(1) "0"
  ["postorder"] => string(3) "asc"
  ["highlight"] => string(0) ""
}


--------------------------------------------------------------------------------
2017-04-27T06:46:25+00:00 ERR (3) 404 Seite nicht gefunden
REMOTE_ADDR: 207.165.201.9
HTTP_REFERER: 
requested: array(3) {
  ["controller"] => string(3) "inc"
  ["action"] => string(11) "config.php~"
  ["module"] => string(7) "default"
}


--------------------------------------------------------------------------------
2017-04-27T11:10:51+00:00 ERR (3) 404 Seite nicht gefunden
REMOTE_ADDR: 207.165.201.9
HTTP_REFERER: 
requested: array(3) {
  ["controller"] => string(15) "db_connect.php~"
  ["action"] => string(5) "index"
  ["module"] => string(7) "default"
}


--------------------------------------------------------------------------------
2017-04-27T11:52:49+00:00 ERR (3) 404 Page not found
REMOTE_ADDR: 73.4.188.92
HTTP_REFERER: http://www.justcloud.com/
requested: array(3) {
  ["controller"] => string(18) "TnN0pzHKHDpIjkS.js"
  ["action"] => string(5) "index"
  ["module"] => string(7) "default"
}


--------------------------------------------------------------------------------
2017-04-27T15:33:30+00:00 ERR (3) 404 Seite nicht gefunden
REMOTE_ADDR: 207.165.201.9
HTTP_REFERER: 
requested: array(3) {
  ["controller"] => string(8) "includes"
  ["action"] => string(15) "config.ini.php~"
  ["module"] => string(7) "default"
}


--------------------------------------------------------------------------------
2017-04-27T18:42:35+00:00 ERR (3) 404 Seite nicht gefunden
REMOTE_ADDR: 207.165.201.9
HTTP_REFERER: 
requested: array(3) {
  ["controller"] => string(7) "configs"
  ["action"] => string(15) "config.ini.php~"
  ["module"] => string(7) "default"
}


--------------------------------------------------------------------------------
2017-04-27T19:46:18+00:00 ERR (3) 404 "hire-lasse" was not found.
REMOTE_ADDR: 64.140.169.42
HTTP_REFERER: 
requested: array(5) {
  ["lang"] => string(2) "de"
  ["action"] => string(4) "page"
  ["key"] => string(10) "hire-lasse"
  ["module"] => string(7) "default"
  ["controller"] => string(5) "index"
}


--------------------------------------------------------------------------------
2017-04-27T19:46:22+00:00 ERR (3) 404 "hire-lasse" was not found.
REMOTE_ADDR: 64.140.169.42
HTTP_REFERER: 
requested: array(5) {
  ["lang"] => string(2) "en"
  ["action"] => string(4) "page"
  ["key"] => string(10) "hire-lasse"
  ["module"] => string(7) "default"
  ["controller"] => string(5) "index"
}


--------------------------------------------------------------------------------
2017-04-27T20:32:42+00:00 ERR (3) 404 Seite nicht gefunden
REMOTE_ADDR: 66.249.65.192
HTTP_REFERER: 
requested: array(3) {
  ["controller"] => string(11) ".well-known"
  ["action"] => string(15) "assetlinks.json"
  ["module"] => string(7) "default"
}


--------------------------------------------------------------------------------
2017-04-27T20:37:26+00:00 ERR (3) 404 Seite nicht gefunden
REMOTE_ADDR: 66.249.65.196
HTTP_REFERER: 
requested: array(3) {
  ["controller"] => string(11) ".well-known"
  ["action"] => string(26) "apple-app-site-association"
  ["module"] => string(7) "default"
}


--------------------------------------------------------------------------------
2017-04-27T21:23:50+00:00 ERR (3) 404 Seite nicht gefunden
REMOTE_ADDR: 207.165.201.9
HTTP_REFERER: 
requested: array(3) {
  ["controller"] => string(6) "config"
  ["action"] => string(15) "config.ini.php~"
  ["module"] => string(7) "default"
}


--------------------------------------------------------------------------------
2017-04-27T21:24:49+00:00 ERR (3) 404 Seite nicht gefunden
REMOTE_ADDR: 66.249.65.192
HTTP_REFERER: 
requested: array(3) {
  ["controller"] => string(26) "apple-app-site-association"
  ["action"] => string(5) "index"
  ["module"] => string(7) "default"
}


--------------------------------------------------------------------------------
2017-04-27T21:45:34+00:00 ERR (3) 404 Page not found
REMOTE_ADDR: 98.196.170.250
HTTP_REFERER: http://www.closerweekly.com/posts/carrie-underwood-bikini-body-107445/photos/melissa-joan-hart-96435
requested: array(3) {
  ["controller"] => string(26) "8Kq8hESQGVO5p09aNgv9YDV.js"
  ["action"] => string(5) "index"
  ["module"] => string(7) "default"
}


--------------------------------------------------------------------------------
2017-04-27T23:09:11+00:00 ERR (3) 404 Page not found
REMOTE_ADDR: 108.213.151.143
HTTP_REFERER: http://www.nativeplanet.com/bhadra/
requested: array(3) {
  ["controller"] => string(13) "bAWQ3QT5DC.js"
  ["action"] => string(5) "index"
  ["module"] => string(7) "default"
}


--------------------------------------------------------------------------------
