2020-05-24T08:35:42+00:00 ERR (3) 404 "hire-lasse" was not found.
REMOTE_ADDR: 54.36.149.81
HTTP_REFERER: 
requested: array(5) {
  ["lang"] => string(2) "en"
  ["action"] => string(4) "page"
  ["key"] => string(10) "hire-lasse"
  ["module"] => string(7) "default"
  ["controller"] => string(5) "index"
}


--------------------------------------------------------------------------------
2020-05-24T20:43:17+00:00 ERR (3) 404 Seite nicht gefunden
REMOTE_ADDR: 207.47.45.73
HTTP_REFERER: 
requested: array(3) {
  ["controller"] => string(8) "wp-admin"
  ["action"] => string(11) "upgrade.php"
  ["module"] => string(7) "default"
}


--------------------------------------------------------------------------------
2020-05-24T20:43:19+00:00 ERR (3) 404 Seite nicht gefunden
REMOTE_ADDR: 207.47.45.73
HTTP_REFERER: 
requested: array(3) {
  ["controller"] => string(12) "wp-login.php"
  ["action"] => string(5) "index"
  ["module"] => string(7) "default"
}


--------------------------------------------------------------------------------
2020-05-24T20:43:20+00:00 ERR (3) 404 Seite nicht gefunden
REMOTE_ADDR: 207.47.45.73
HTTP_REFERER: 
requested: array(3) {
  ["controller"] => string(8) "wp-admin"
  ["action"] => string(5) "index"
  ["module"] => string(7) "default"
}


--------------------------------------------------------------------------------
2020-05-24T20:43:21+00:00 ERR (3) 404 Seite nicht gefunden
REMOTE_ADDR: 207.47.45.73
HTTP_REFERER: 
requested: array(3) {
  ["controller"] => string(11) "readme.html"
  ["action"] => string(5) "index"
  ["module"] => string(7) "default"
}


--------------------------------------------------------------------------------
2020-05-24T20:43:21+00:00 ERR (3) 404 Seite nicht gefunden
REMOTE_ADDR: 207.47.45.73
HTTP_REFERER: 
requested: array(3) {
  ["controller"] => string(8) "language"
  ["action"] => string(5) "en-GB"
  ["module"] => string(7) "default"
}


--------------------------------------------------------------------------------
2020-05-24T20:43:22+00:00 ERR (3) 404 Seite nicht gefunden
REMOTE_ADDR: 207.47.45.73
HTTP_REFERER: 
requested: array(4) {
  ["controller"] => string(13) "administrator"
  ["action"] => string(9) "manifests"
  ["files"] => string(10) "joomla.xml"
  ["module"] => string(7) "default"
}


--------------------------------------------------------------------------------
2020-05-24T20:43:22+00:00 ERR (3) 404 Seite nicht gefunden
REMOTE_ADDR: 207.47.45.73
HTTP_REFERER: 
requested: array(3) {
  ["controller"] => string(13) "CHANGELOG.txt"
  ["action"] => string(5) "index"
  ["module"] => string(7) "default"
}


--------------------------------------------------------------------------------
2020-05-24T20:43:23+00:00 ERR (3) 404 Seite nicht gefunden
REMOTE_ADDR: 207.47.45.73
HTTP_REFERER: 
requested: array(3) {
  ["controller"] => string(7) "modules"
  ["action"] => string(10) "README.txt"
  ["module"] => string(7) "default"
}


--------------------------------------------------------------------------------
2020-05-24T20:43:24+00:00 ERR (3) 404 Seite nicht gefunden
REMOTE_ADDR: 207.47.45.73
HTTP_REFERER: 
requested: array(3) {
  ["controller"] => string(17) "RELEASE_NOTES.txt"
  ["action"] => string(5) "index"
  ["module"] => string(7) "default"
}


--------------------------------------------------------------------------------
2020-05-24T20:43:25+00:00 ERR (3) 404 Seite nicht gefunden
REMOTE_ADDR: 207.47.45.73
HTTP_REFERER: 
requested: array(3) {
  ["controller"] => string(2) "js"
  ["action"] => string(4) "mage"
  ["module"] => string(7) "default"
}


--------------------------------------------------------------------------------
2020-05-24T20:43:25+00:00 ERR (3) 404 Seite nicht gefunden
REMOTE_ADDR: 207.47.45.73
HTTP_REFERER: 
requested: array(3) {
  ["controller"] => string(6) "errors"
  ["action"] => string(10) "design.xml"
  ["module"] => string(7) "default"
}


--------------------------------------------------------------------------------
2020-05-24T20:43:26+00:00 ERR (3) 404 Seite nicht gefunden
REMOTE_ADDR: 207.47.45.73
HTTP_REFERER: 
requested: array(3) {
  ["controller"] => string(14) "config.inc.php"
  ["action"] => string(5) "index"
  ["module"] => string(7) "default"
}


--------------------------------------------------------------------------------
2020-05-24T20:52:23+00:00 ERR (3) 404 "competences" was not found.
REMOTE_ADDR: 54.36.148.196
HTTP_REFERER: 
requested: array(5) {
  ["lang"] => string(2) "de"
  ["action"] => string(4) "page"
  ["key"] => string(11) "competences"
  ["module"] => string(7) "default"
  ["controller"] => string(5) "index"
}


--------------------------------------------------------------------------------
