2017-01-13T00:38:56+00:00 ERR (3) 404 Seite nicht gefunden
REMOTE_ADDR: 86.123.246.252
HTTP_REFERER: 
requested: array(4) {
  ["controller"] => string(6) "https:"
  [""] => string(19) "silber-und-blei.com"
  ["action"] => string(5) "index"
  ["module"] => string(7) "default"
}


--------------------------------------------------------------------------------
2017-01-13T00:38:56+00:00 ERR (3) 404 Seite nicht gefunden
REMOTE_ADDR: 86.123.246.252
HTTP_REFERER: 
requested: array(3) {
  ["controller"] => string(2) "js"
  ["action"] => string(1) "'"
  ["module"] => string(7) "default"
}


--------------------------------------------------------------------------------
2017-01-13T01:39:29+00:00 ERR (3) 404 "hire-lasse" was not found.
REMOTE_ADDR: 40.77.167.58
HTTP_REFERER: 
requested: array(5) {
  ["lang"] => string(2) "de"
  ["action"] => string(4) "page"
  ["key"] => string(10) "hire-lasse"
  ["module"] => string(7) "default"
  ["controller"] => string(5) "index"
}


--------------------------------------------------------------------------------
2017-01-13T03:46:48+00:00 ERR (3) 404 Seite nicht gefunden
REMOTE_ADDR: 207.228.96.122
HTTP_REFERER: 
requested: array(4) {
  ["controller"] => string(6) "https:"
  [""] => string(19) "silber-und-blei.com"
  ["action"] => string(5) "index"
  ["module"] => string(7) "default"
}


--------------------------------------------------------------------------------
2017-01-13T03:46:51+00:00 ERR (3) 404 Seite nicht gefunden
REMOTE_ADDR: 207.228.96.122
HTTP_REFERER: 
requested: array(3) {
  ["controller"] => string(2) "js"
  ["action"] => string(1) "'"
  ["module"] => string(7) "default"
}


--------------------------------------------------------------------------------
2017-01-13T06:35:42+00:00 ERR (3) 404 Seite nicht gefunden
REMOTE_ADDR: 207.228.96.122
HTTP_REFERER: 
requested: array(4) {
  ["controller"] => string(6) "https:"
  [""] => string(19) "silber-und-blei.com"
  ["action"] => string(5) "index"
  ["module"] => string(7) "default"
}


--------------------------------------------------------------------------------
2017-01-13T06:35:44+00:00 ERR (3) 404 Seite nicht gefunden
REMOTE_ADDR: 207.228.96.122
HTTP_REFERER: 
requested: array(3) {
  ["controller"] => string(2) "js"
  ["action"] => string(1) "'"
  ["module"] => string(7) "default"
}


--------------------------------------------------------------------------------
2017-01-13T08:09:15+00:00 ERR (3) 404 Seite nicht gefunden
REMOTE_ADDR: 207.228.96.122
HTTP_REFERER: 
requested: array(4) {
  ["controller"] => string(6) "https:"
  [""] => string(19) "silber-und-blei.com"
  ["action"] => string(5) "index"
  ["module"] => string(7) "default"
}


--------------------------------------------------------------------------------
2017-01-13T08:09:17+00:00 ERR (3) 404 Seite nicht gefunden
REMOTE_ADDR: 207.228.96.122
HTTP_REFERER: 
requested: array(3) {
  ["controller"] => string(2) "js"
  ["action"] => string(1) "'"
  ["module"] => string(7) "default"
}


--------------------------------------------------------------------------------
2017-01-13T08:10:00+00:00 ERR (3) 404 Seite nicht gefunden
REMOTE_ADDR: 207.228.96.122
HTTP_REFERER: 
requested: array(4) {
  ["controller"] => string(6) "https:"
  [""] => string(19) "silber-und-blei.com"
  ["action"] => string(5) "index"
  ["module"] => string(7) "default"
}


--------------------------------------------------------------------------------
2017-01-13T08:10:01+00:00 ERR (3) 404 Seite nicht gefunden
REMOTE_ADDR: 207.228.96.122
HTTP_REFERER: 
requested: array(3) {
  ["controller"] => string(2) "js"
  ["action"] => string(1) "'"
  ["module"] => string(7) "default"
}


--------------------------------------------------------------------------------
2017-01-13T08:32:49+00:00 ERR (3) 404 Seite nicht gefunden
REMOTE_ADDR: 207.228.96.122
HTTP_REFERER: 
requested: array(4) {
  ["controller"] => string(6) "https:"
  [""] => string(19) "silber-und-blei.com"
  ["action"] => string(5) "index"
  ["module"] => string(7) "default"
}


--------------------------------------------------------------------------------
2017-01-13T08:32:51+00:00 ERR (3) 404 Seite nicht gefunden
REMOTE_ADDR: 207.228.96.122
HTTP_REFERER: 
requested: array(3) {
  ["controller"] => string(2) "js"
  ["action"] => string(1) "'"
  ["module"] => string(7) "default"
}


--------------------------------------------------------------------------------
2017-01-13T13:23:43+00:00 ERR (3) 404 "hire-lasse" was not found.
REMOTE_ADDR: 40.77.167.58
HTTP_REFERER: 
requested: array(5) {
  ["lang"] => string(2) "de"
  ["action"] => string(4) "page"
  ["key"] => string(10) "hire-lasse"
  ["module"] => string(7) "default"
  ["controller"] => string(5) "index"
}


--------------------------------------------------------------------------------
2017-01-13T17:28:07+00:00 ERR (3) 404 Seite nicht gefunden
REMOTE_ADDR: 66.249.76.131
HTTP_REFERER: 
requested: array(3) {
  ["controller"] => string(11) ".well-known"
  ["action"] => string(26) "apple-app-site-association"
  ["module"] => string(7) "default"
}


--------------------------------------------------------------------------------
2017-01-13T17:28:08+00:00 ERR (3) 404 Seite nicht gefunden
REMOTE_ADDR: 66.249.76.134
HTTP_REFERER: 
requested: array(3) {
  ["controller"] => string(26) "apple-app-site-association"
  ["action"] => string(5) "index"
  ["module"] => string(7) "default"
}


--------------------------------------------------------------------------------
2017-01-13T17:28:08+00:00 ERR (3) 404 Seite nicht gefunden
REMOTE_ADDR: 66.249.76.134
HTTP_REFERER: 
requested: array(3) {
  ["controller"] => string(11) ".well-known"
  ["action"] => string(26) "apple-app-site-association"
  ["module"] => string(7) "default"
}


--------------------------------------------------------------------------------
2017-01-13T17:33:05+00:00 ERR (3) 404 Seite nicht gefunden
REMOTE_ADDR: 66.249.76.134
HTTP_REFERER: 
requested: array(3) {
  ["controller"] => string(11) ".well-known"
  ["action"] => string(15) "assetlinks.json"
  ["module"] => string(7) "default"
}


--------------------------------------------------------------------------------
2017-01-13T19:39:47+00:00 ERR (3) 404 "hire-lasse" was not found.
REMOTE_ADDR: 40.77.167.58
HTTP_REFERER: 
requested: array(5) {
  ["lang"] => string(2) "de"
  ["action"] => string(4) "page"
  ["key"] => string(10) "hire-lasse"
  ["module"] => string(7) "default"
  ["controller"] => string(5) "index"
}


--------------------------------------------------------------------------------
