2017-11-21T00:07:37+00:00 ERR (3) 404 Seite nicht gefunden
REMOTE_ADDR: 105.228.218.162
HTTP_REFERER: 
requested: array(3) {
  ["controller"] => string(12) "wp-login.php"
  ["action"] => string(5) "index"
  ["module"] => string(7) "default"
}


--------------------------------------------------------------------------------
2017-11-21T00:41:08+00:00 ERR (3) 404 Seite nicht gefunden
REMOTE_ADDR: 106.73.192.192
HTTP_REFERER: 
requested: array(3) {
  ["controller"] => string(12) "wp-login.php"
  ["action"] => string(5) "index"
  ["module"] => string(7) "default"
}


--------------------------------------------------------------------------------
2017-11-21T00:46:23+00:00 ERR (3) 404 Seite nicht gefunden
REMOTE_ADDR: 23.114.180.10
HTTP_REFERER: 
requested: array(3) {
  ["controller"] => string(12) "wp-login.php"
  ["action"] => string(5) "index"
  ["module"] => string(7) "default"
}


--------------------------------------------------------------------------------
2017-11-21T00:47:39+00:00 ERR (3) 404 Seite nicht gefunden
REMOTE_ADDR: 87.250.6.151
HTTP_REFERER: 
requested: array(3) {
  ["controller"] => string(12) "wp-login.php"
  ["action"] => string(5) "index"
  ["module"] => string(7) "default"
}


--------------------------------------------------------------------------------
2017-11-21T01:31:24+00:00 ERR (3) 404 Seite nicht gefunden
REMOTE_ADDR: 190.5.48.73
HTTP_REFERER: 
requested: array(3) {
  ["controller"] => string(12) "wp-login.php"
  ["action"] => string(5) "index"
  ["module"] => string(7) "default"
}


--------------------------------------------------------------------------------
2017-11-21T01:49:47+00:00 ERR (3) 404 Seite nicht gefunden
REMOTE_ADDR: 109.93.133.216
HTTP_REFERER: 
requested: array(3) {
  ["controller"] => string(12) "wp-login.php"
  ["action"] => string(5) "index"
  ["module"] => string(7) "default"
}


--------------------------------------------------------------------------------
2017-11-21T03:15:33+00:00 ERR (3) 404 Seite nicht gefunden
REMOTE_ADDR: 73.235.90.124
HTTP_REFERER: 
requested: array(3) {
  ["controller"] => string(12) "wp-login.php"
  ["action"] => string(5) "index"
  ["module"] => string(7) "default"
}


--------------------------------------------------------------------------------
2017-11-21T03:29:02+00:00 ERR (3) 404 Seite nicht gefunden
REMOTE_ADDR: 122.174.205.179
HTTP_REFERER: 
requested: array(3) {
  ["controller"] => string(12) "wp-login.php"
  ["action"] => string(5) "index"
  ["module"] => string(7) "default"
}


--------------------------------------------------------------------------------
2017-11-21T04:16:40+00:00 ERR (3) 404 Seite nicht gefunden
REMOTE_ADDR: 117.208.37.103
HTTP_REFERER: 
requested: array(3) {
  ["controller"] => string(12) "wp-login.php"
  ["action"] => string(5) "index"
  ["module"] => string(7) "default"
}


--------------------------------------------------------------------------------
2017-11-21T04:46:31+00:00 ERR (3) 404 Seite nicht gefunden
REMOTE_ADDR: 120.28.193.168
HTTP_REFERER: 
requested: array(3) {
  ["controller"] => string(12) "wp-login.php"
  ["action"] => string(5) "index"
  ["module"] => string(7) "default"
}


--------------------------------------------------------------------------------
2017-11-21T05:14:59+00:00 ERR (3) 404 Seite nicht gefunden
REMOTE_ADDR: 176.228.58.151
HTTP_REFERER: 
requested: array(3) {
  ["controller"] => string(12) "wp-login.php"
  ["action"] => string(5) "index"
  ["module"] => string(7) "default"
}


--------------------------------------------------------------------------------
2017-11-21T06:02:23+00:00 ERR (3) 404 Seite nicht gefunden
REMOTE_ADDR: 124.13.203.90
HTTP_REFERER: 
requested: array(3) {
  ["controller"] => string(12) "wp-login.php"
  ["action"] => string(5) "index"
  ["module"] => string(7) "default"
}


--------------------------------------------------------------------------------
2017-11-21T06:38:31+00:00 ERR (3) 404 Seite nicht gefunden
REMOTE_ADDR: 91.144.146.82
HTTP_REFERER: 
requested: array(3) {
  ["controller"] => string(12) "wp-login.php"
  ["action"] => string(5) "index"
  ["module"] => string(7) "default"
}


--------------------------------------------------------------------------------
2017-11-21T06:38:44+00:00 ERR (3) 404 Seite nicht gefunden
REMOTE_ADDR: 104.172.66.220
HTTP_REFERER: 
requested: array(3) {
  ["controller"] => string(12) "wp-login.php"
  ["action"] => string(5) "index"
  ["module"] => string(7) "default"
}


--------------------------------------------------------------------------------
2017-11-21T07:17:45+00:00 ERR (3) 404 Seite nicht gefunden
REMOTE_ADDR: 182.65.72.227
HTTP_REFERER: 
requested: array(3) {
  ["controller"] => string(12) "wp-login.php"
  ["action"] => string(5) "index"
  ["module"] => string(7) "default"
}


--------------------------------------------------------------------------------
2017-11-21T07:27:28+00:00 ERR (3) 404 Seite nicht gefunden
REMOTE_ADDR: 121.123.135.93
HTTP_REFERER: 
requested: array(3) {
  ["controller"] => string(12) "wp-login.php"
  ["action"] => string(5) "index"
  ["module"] => string(7) "default"
}


--------------------------------------------------------------------------------
2017-11-21T08:25:37+00:00 ERR (3) 404 Seite nicht gefunden
REMOTE_ADDR: 171.50.222.176
HTTP_REFERER: 
requested: array(3) {
  ["controller"] => string(12) "wp-login.php"
  ["action"] => string(5) "index"
  ["module"] => string(7) "default"
}


--------------------------------------------------------------------------------
2017-11-21T08:40:35+00:00 ERR (3) 404 Seite nicht gefunden
REMOTE_ADDR: 183.171.65.36
HTTP_REFERER: 
requested: array(3) {
  ["controller"] => string(12) "wp-login.php"
  ["action"] => string(5) "index"
  ["module"] => string(7) "default"
}


--------------------------------------------------------------------------------
2017-11-21T09:36:37+00:00 ERR (3) 404 Seite nicht gefunden
REMOTE_ADDR: 190.36.107.98
HTTP_REFERER: 
requested: array(3) {
  ["controller"] => string(12) "wp-login.php"
  ["action"] => string(5) "index"
  ["module"] => string(7) "default"
}


--------------------------------------------------------------------------------
2017-11-21T09:57:06+00:00 ERR (3) 404 Seite nicht gefunden
REMOTE_ADDR: 85.117.111.154
HTTP_REFERER: 
requested: array(3) {
  ["controller"] => string(12) "wp-login.php"
  ["action"] => string(5) "index"
  ["module"] => string(7) "default"
}


--------------------------------------------------------------------------------
2017-11-21T10:08:11+00:00 ERR (3) 404 Seite nicht gefunden
REMOTE_ADDR: 121.44.249.192
HTTP_REFERER: 
requested: array(3) {
  ["controller"] => string(12) "wp-login.php"
  ["action"] => string(5) "index"
  ["module"] => string(7) "default"
}


--------------------------------------------------------------------------------
2017-11-21T10:16:11+00:00 ERR (3) 404 Seite nicht gefunden
REMOTE_ADDR: 89.91.199.150
HTTP_REFERER: 
requested: array(3) {
  ["controller"] => string(12) "wp-login.php"
  ["action"] => string(5) "index"
  ["module"] => string(7) "default"
}


--------------------------------------------------------------------------------
2017-11-21T10:21:30+00:00 ERR (3) 404 Seite nicht gefunden
REMOTE_ADDR: 67.242.70.30
HTTP_REFERER: 
requested: array(3) {
  ["controller"] => string(12) "wp-login.php"
  ["action"] => string(5) "index"
  ["module"] => string(7) "default"
}


--------------------------------------------------------------------------------
2017-11-21T11:00:56+00:00 ERR (3) 404 Seite nicht gefunden
REMOTE_ADDR: 115.186.174.54
HTTP_REFERER: 
requested: array(3) {
  ["controller"] => string(12) "wp-login.php"
  ["action"] => string(5) "index"
  ["module"] => string(7) "default"
}


--------------------------------------------------------------------------------
2017-11-21T11:05:11+00:00 ERR (3) 404 Seite nicht gefunden
REMOTE_ADDR: 45.64.239.100
HTTP_REFERER: 
requested: array(3) {
  ["controller"] => string(12) "wp-login.php"
  ["action"] => string(5) "index"
  ["module"] => string(7) "default"
}


--------------------------------------------------------------------------------
2017-11-21T11:38:53+00:00 ERR (3) 404 Seite nicht gefunden
REMOTE_ADDR: 109.147.7.127
HTTP_REFERER: 
requested: array(3) {
  ["controller"] => string(12) "wp-login.php"
  ["action"] => string(5) "index"
  ["module"] => string(7) "default"
}


--------------------------------------------------------------------------------
2017-11-21T11:56:10+00:00 ERR (3) 404 Seite nicht gefunden
REMOTE_ADDR: 192.117.162.16
HTTP_REFERER: 
requested: array(3) {
  ["controller"] => string(12) "wp-login.php"
  ["action"] => string(5) "index"
  ["module"] => string(7) "default"
}


--------------------------------------------------------------------------------
2017-11-21T12:21:34+00:00 ERR (3) 404 Seite nicht gefunden
REMOTE_ADDR: 49.146.46.213
HTTP_REFERER: 
requested: array(3) {
  ["controller"] => string(12) "wp-login.php"
  ["action"] => string(5) "index"
  ["module"] => string(7) "default"
}


--------------------------------------------------------------------------------
2017-11-21T12:27:34+00:00 ERR (3) 404 Seite nicht gefunden
REMOTE_ADDR: 77.173.41.100
HTTP_REFERER: 
requested: array(3) {
  ["controller"] => string(12) "wp-login.php"
  ["action"] => string(5) "index"
  ["module"] => string(7) "default"
}


--------------------------------------------------------------------------------
2017-11-21T12:28:15+00:00 ERR (3) 404 Seite nicht gefunden
REMOTE_ADDR: 179.35.28.117
HTTP_REFERER: 
requested: array(3) {
  ["controller"] => string(12) "wp-login.php"
  ["action"] => string(5) "index"
  ["module"] => string(7) "default"
}


--------------------------------------------------------------------------------
2017-11-21T12:30:37+00:00 ERR (3) 404 Seite nicht gefunden
REMOTE_ADDR: 61.6.36.135
HTTP_REFERER: 
requested: array(3) {
  ["controller"] => string(12) "wp-login.php"
  ["action"] => string(5) "index"
  ["module"] => string(7) "default"
}


--------------------------------------------------------------------------------
2017-11-21T12:34:54+00:00 ERR (3) 404 Seite nicht gefunden
REMOTE_ADDR: 182.186.115.35
HTTP_REFERER: 
requested: array(3) {
  ["controller"] => string(12) "wp-login.php"
  ["action"] => string(5) "index"
  ["module"] => string(7) "default"
}


--------------------------------------------------------------------------------
2017-11-21T12:50:35+00:00 ERR (3) 404 Seite nicht gefunden
REMOTE_ADDR: 5.14.59.24
HTTP_REFERER: 
requested: array(3) {
  ["controller"] => string(12) "wp-login.php"
  ["action"] => string(5) "index"
  ["module"] => string(7) "default"
}


--------------------------------------------------------------------------------
2017-11-21T13:25:40+00:00 ERR (3) 404 Seite nicht gefunden
REMOTE_ADDR: 82.118.168.50
HTTP_REFERER: 
requested: array(3) {
  ["controller"] => string(12) "wp-login.php"
  ["action"] => string(5) "index"
  ["module"] => string(7) "default"
}


--------------------------------------------------------------------------------
2017-11-21T13:26:52+00:00 ERR (3) 404 Seite nicht gefunden
REMOTE_ADDR: 150.129.238.234
HTTP_REFERER: 
requested: array(3) {
  ["controller"] => string(12) "wp-login.php"
  ["action"] => string(5) "index"
  ["module"] => string(7) "default"
}


--------------------------------------------------------------------------------
2017-11-21T13:56:22+00:00 ERR (3) 404 Seite nicht gefunden
REMOTE_ADDR: 59.92.117.138
HTTP_REFERER: 
requested: array(3) {
  ["controller"] => string(12) "wp-login.php"
  ["action"] => string(5) "index"
  ["module"] => string(7) "default"
}


--------------------------------------------------------------------------------
2017-11-21T14:37:45+00:00 ERR (3) 404 Seite nicht gefunden
REMOTE_ADDR: 94.197.121.62
HTTP_REFERER: 
requested: array(3) {
  ["controller"] => string(12) "wp-login.php"
  ["action"] => string(5) "index"
  ["module"] => string(7) "default"
}


--------------------------------------------------------------------------------
2017-11-21T15:02:01+00:00 ERR (3) 404 Seite nicht gefunden
REMOTE_ADDR: 41.100.150.133
HTTP_REFERER: 
requested: array(3) {
  ["controller"] => string(12) "wp-login.php"
  ["action"] => string(5) "index"
  ["module"] => string(7) "default"
}


--------------------------------------------------------------------------------
2017-11-21T15:12:15+00:00 ERR (3) 404 Seite nicht gefunden
REMOTE_ADDR: 1.1.204.135
HTTP_REFERER: 
requested: array(3) {
  ["controller"] => string(12) "wp-login.php"
  ["action"] => string(5) "index"
  ["module"] => string(7) "default"
}


--------------------------------------------------------------------------------
2017-11-21T15:19:54+00:00 ERR (3) 404 Seite nicht gefunden
REMOTE_ADDR: 193.205.128.7
HTTP_REFERER: 
requested: array(3) {
  ["controller"] => string(12) "wp-login.php"
  ["action"] => string(5) "index"
  ["module"] => string(7) "default"
}


--------------------------------------------------------------------------------
2017-11-21T15:24:41+00:00 ERR (3) 404 Seite nicht gefunden
REMOTE_ADDR: 200.127.114.158
HTTP_REFERER: 
requested: array(3) {
  ["controller"] => string(12) "wp-login.php"
  ["action"] => string(5) "index"
  ["module"] => string(7) "default"
}


--------------------------------------------------------------------------------
2017-11-21T15:38:38+00:00 ERR (3) 404 Seite nicht gefunden
REMOTE_ADDR: 176.88.69.121
HTTP_REFERER: 
requested: array(3) {
  ["controller"] => string(12) "wp-login.php"
  ["action"] => string(5) "index"
  ["module"] => string(7) "default"
}


--------------------------------------------------------------------------------
2017-11-21T15:51:08+00:00 ERR (3) 404 Seite nicht gefunden
REMOTE_ADDR: 2.85.164.231
HTTP_REFERER: 
requested: array(3) {
  ["controller"] => string(12) "wp-login.php"
  ["action"] => string(5) "index"
  ["module"] => string(7) "default"
}


--------------------------------------------------------------------------------
2017-11-21T15:55:51+00:00 ERR (3) 404 Seite nicht gefunden
REMOTE_ADDR: 115.133.200.133
HTTP_REFERER: 
requested: array(3) {
  ["controller"] => string(12) "wp-login.php"
  ["action"] => string(5) "index"
  ["module"] => string(7) "default"
}


--------------------------------------------------------------------------------
2017-11-21T16:06:28+00:00 ERR (3) 404 Seite nicht gefunden
REMOTE_ADDR: 183.83.65.250
HTTP_REFERER: 
requested: array(3) {
  ["controller"] => string(12) "wp-login.php"
  ["action"] => string(5) "index"
  ["module"] => string(7) "default"
}


--------------------------------------------------------------------------------
2017-11-21T16:16:13+00:00 ERR (3) 404 Seite nicht gefunden
REMOTE_ADDR: 203.128.31.15
HTTP_REFERER: 
requested: array(3) {
  ["controller"] => string(12) "wp-login.php"
  ["action"] => string(5) "index"
  ["module"] => string(7) "default"
}


--------------------------------------------------------------------------------
2017-11-21T16:28:00+00:00 ERR (3) 404 Seite nicht gefunden
REMOTE_ADDR: 189.115.61.17
HTTP_REFERER: 
requested: array(3) {
  ["controller"] => string(12) "wp-login.php"
  ["action"] => string(5) "index"
  ["module"] => string(7) "default"
}


--------------------------------------------------------------------------------
2017-11-21T16:53:48+00:00 ERR (3) 404 Seite nicht gefunden
REMOTE_ADDR: 31.223.145.63
HTTP_REFERER: 
requested: array(3) {
  ["controller"] => string(12) "wp-login.php"
  ["action"] => string(5) "index"
  ["module"] => string(7) "default"
}


--------------------------------------------------------------------------------
2017-11-21T17:08:15+00:00 ERR (3) 404 Seite nicht gefunden
REMOTE_ADDR: 46.174.238.149
HTTP_REFERER: 
requested: array(3) {
  ["controller"] => string(12) "wp-login.php"
  ["action"] => string(5) "index"
  ["module"] => string(7) "default"
}


--------------------------------------------------------------------------------
2017-11-21T17:46:31+00:00 ERR (3) 404 Seite nicht gefunden
REMOTE_ADDR: 212.252.142.170
HTTP_REFERER: 
requested: array(3) {
  ["controller"] => string(12) "wp-login.php"
  ["action"] => string(5) "index"
  ["module"] => string(7) "default"
}


--------------------------------------------------------------------------------
2017-11-21T17:50:58+00:00 ERR (3) 404 Seite nicht gefunden
REMOTE_ADDR: 175.201.192.220
HTTP_REFERER: 
requested: array(3) {
  ["controller"] => string(12) "wp-login.php"
  ["action"] => string(5) "index"
  ["module"] => string(7) "default"
}


--------------------------------------------------------------------------------
2017-11-21T17:57:17+00:00 ERR (3) 404 Seite nicht gefunden
REMOTE_ADDR: 180.246.195.94
HTTP_REFERER: 
requested: array(3) {
  ["controller"] => string(12) "wp-login.php"
  ["action"] => string(5) "index"
  ["module"] => string(7) "default"
}


--------------------------------------------------------------------------------
2017-11-21T18:00:51+00:00 ERR (3) 404 Seite nicht gefunden
REMOTE_ADDR: 197.0.243.76
HTTP_REFERER: 
requested: array(3) {
  ["controller"] => string(12) "wp-login.php"
  ["action"] => string(5) "index"
  ["module"] => string(7) "default"
}


--------------------------------------------------------------------------------
2017-11-21T18:43:58+00:00 ERR (3) 404 Seite nicht gefunden
REMOTE_ADDR: 81.243.168.12
HTTP_REFERER: 
requested: array(3) {
  ["controller"] => string(12) "wp-login.php"
  ["action"] => string(5) "index"
  ["module"] => string(7) "default"
}


--------------------------------------------------------------------------------
2017-11-21T19:12:03+00:00 ERR (3) 404 Seite nicht gefunden
REMOTE_ADDR: 177.87.8.70
HTTP_REFERER: 
requested: array(3) {
  ["controller"] => string(12) "wp-login.php"
  ["action"] => string(5) "index"
  ["module"] => string(7) "default"
}


--------------------------------------------------------------------------------
2017-11-21T19:18:15+00:00 ERR (3) 404 Seite nicht gefunden
REMOTE_ADDR: 178.222.132.245
HTTP_REFERER: 
requested: array(3) {
  ["controller"] => string(12) "wp-login.php"
  ["action"] => string(5) "index"
  ["module"] => string(7) "default"
}


--------------------------------------------------------------------------------
2017-11-21T19:55:15+00:00 ERR (3) 404 Seite nicht gefunden
REMOTE_ADDR: 41.96.211.37
HTTP_REFERER: 
requested: array(3) {
  ["controller"] => string(12) "wp-login.php"
  ["action"] => string(5) "index"
  ["module"] => string(7) "default"
}


--------------------------------------------------------------------------------
2017-11-21T20:02:29+00:00 ERR (3) 404 Seite nicht gefunden
REMOTE_ADDR: 178.78.194.167
HTTP_REFERER: 
requested: array(3) {
  ["controller"] => string(12) "wp-login.php"
  ["action"] => string(5) "index"
  ["module"] => string(7) "default"
}


--------------------------------------------------------------------------------
2017-11-21T21:05:11+00:00 ERR (3) 404 Seite nicht gefunden
REMOTE_ADDR: 58.178.93.134
HTTP_REFERER: 
requested: array(3) {
  ["controller"] => string(12) "wp-login.php"
  ["action"] => string(5) "index"
  ["module"] => string(7) "default"
}


--------------------------------------------------------------------------------
2017-11-21T21:10:30+00:00 ERR (3) 404 Seite nicht gefunden
REMOTE_ADDR: 84.222.0.14
HTTP_REFERER: 
requested: array(3) {
  ["controller"] => string(12) "wp-login.php"
  ["action"] => string(5) "index"
  ["module"] => string(7) "default"
}


--------------------------------------------------------------------------------
2017-11-21T21:53:46+00:00 ERR (3) 404 Seite nicht gefunden
REMOTE_ADDR: 201.149.12.242
HTTP_REFERER: 
requested: array(3) {
  ["controller"] => string(12) "wp-login.php"
  ["action"] => string(5) "index"
  ["module"] => string(7) "default"
}


--------------------------------------------------------------------------------
2017-11-21T22:53:52+00:00 ERR (3) 404 Seite nicht gefunden
REMOTE_ADDR: 78.97.23.126
HTTP_REFERER: 
requested: array(3) {
  ["controller"] => string(12) "wp-login.php"
  ["action"] => string(5) "index"
  ["module"] => string(7) "default"
}


--------------------------------------------------------------------------------
2017-11-21T23:16:07+00:00 ERR (3) 404 Seite nicht gefunden
REMOTE_ADDR: 168.0.154.2
HTTP_REFERER: 
requested: array(3) {
  ["controller"] => string(12) "wp-login.php"
  ["action"] => string(5) "index"
  ["module"] => string(7) "default"
}


--------------------------------------------------------------------------------
2017-11-21T23:30:49+00:00 ERR (3) 404 Seite nicht gefunden
REMOTE_ADDR: 24.6.182.201
HTTP_REFERER: 
requested: array(3) {
  ["controller"] => string(12) "wp-login.php"
  ["action"] => string(5) "index"
  ["module"] => string(7) "default"
}


--------------------------------------------------------------------------------
2017-11-21T23:35:14+00:00 ERR (3) 404 Seite nicht gefunden
REMOTE_ADDR: 168.181.121.99
HTTP_REFERER: 
requested: array(3) {
  ["controller"] => string(12) "wp-login.php"
  ["action"] => string(5) "index"
  ["module"] => string(7) "default"
}


--------------------------------------------------------------------------------
