2011-10-09T00:30:34+00:00 ERR (3) 404 "" was not found.
REMOTE_ADDR: 77.20.40.173
HTTP_REFERER: 
requested: array(5) {
  ["lang"] => string(2) "de"
  ["action"] => string(7) "archive"
  ["module"] => string(7) "default"
  ["controller"] => string(5) "index"
  ["key"] => string(0) ""
}


--------------------------------------------------------------------------------
2011-10-09T19:43:42+00:00 ERR (3) 404 Seite nicht gefunden
REMOTE_ADDR: 202.99.232.76
HTTP_REFERER: http://graphicore.de/forum/index.php
requested: array(3) {
  ["controller"] => string(5) "forum"
  ["action"] => string(9) "index.php"
  ["module"] => string(7) "default"
}


--------------------------------------------------------------------------------
