2020-06-11T04:17:37+00:00 ERR (3) 404 Page not found
REMOTE_ADDR: 70.37.160.62
HTTP_REFERER: 
requested: array(3) {
  ["controller"] => string(11) "wp-includes"
  ["action"] => string(15) "wlwmanifest.xml"
  ["module"] => string(7) "default"
}


--------------------------------------------------------------------------------
2020-06-11T04:17:38+00:00 ERR (3) 404 Page not found
REMOTE_ADDR: 70.37.160.62
HTTP_REFERER: 
requested: array(3) {
  ["controller"] => string(4) "blog"
  ["action"] => string(11) "wp-includes"
  ["module"] => string(7) "default"
}


--------------------------------------------------------------------------------
2020-06-11T04:17:38+00:00 ERR (3) 404 Page not found
REMOTE_ADDR: 70.37.160.62
HTTP_REFERER: 
requested: array(3) {
  ["controller"] => string(3) "web"
  ["action"] => string(11) "wp-includes"
  ["module"] => string(7) "default"
}


--------------------------------------------------------------------------------
2020-06-11T04:17:38+00:00 ERR (3) 404 Page not found
REMOTE_ADDR: 70.37.160.62
HTTP_REFERER: 
requested: array(3) {
  ["controller"] => string(9) "wordpress"
  ["action"] => string(11) "wp-includes"
  ["module"] => string(7) "default"
}


--------------------------------------------------------------------------------
2020-06-11T04:17:38+00:00 ERR (3) 404 Page not found
REMOTE_ADDR: 70.37.160.62
HTTP_REFERER: 
requested: array(3) {
  ["controller"] => string(7) "website"
  ["action"] => string(11) "wp-includes"
  ["module"] => string(7) "default"
}


--------------------------------------------------------------------------------
2020-06-11T04:17:38+00:00 ERR (3) 404 Page not found
REMOTE_ADDR: 70.37.160.62
HTTP_REFERER: 
requested: array(3) {
  ["controller"] => string(2) "wp"
  ["action"] => string(11) "wp-includes"
  ["module"] => string(7) "default"
}


--------------------------------------------------------------------------------
2020-06-11T04:17:39+00:00 ERR (3) 404 Page not found
REMOTE_ADDR: 70.37.160.62
HTTP_REFERER: 
requested: array(3) {
  ["controller"] => string(4) "news"
  ["action"] => string(11) "wp-includes"
  ["module"] => string(7) "default"
}


--------------------------------------------------------------------------------
2020-06-11T04:17:39+00:00 ERR (3) 404 Page not found
REMOTE_ADDR: 70.37.160.62
HTTP_REFERER: 
requested: array(3) {
  ["controller"] => string(4) "2015"
  ["action"] => string(11) "wp-includes"
  ["module"] => string(7) "default"
}


--------------------------------------------------------------------------------
2020-06-11T04:17:39+00:00 ERR (3) 404 Page not found
REMOTE_ADDR: 70.37.160.62
HTTP_REFERER: 
requested: array(3) {
  ["controller"] => string(4) "2016"
  ["action"] => string(11) "wp-includes"
  ["module"] => string(7) "default"
}


--------------------------------------------------------------------------------
2020-06-11T04:17:39+00:00 ERR (3) 404 Page not found
REMOTE_ADDR: 70.37.160.62
HTTP_REFERER: 
requested: array(3) {
  ["controller"] => string(4) "2017"
  ["action"] => string(11) "wp-includes"
  ["module"] => string(7) "default"
}


--------------------------------------------------------------------------------
2020-06-11T04:17:39+00:00 ERR (3) 404 Page not found
REMOTE_ADDR: 70.37.160.62
HTTP_REFERER: 
requested: array(3) {
  ["controller"] => string(4) "2018"
  ["action"] => string(11) "wp-includes"
  ["module"] => string(7) "default"
}


--------------------------------------------------------------------------------
2020-06-11T04:17:40+00:00 ERR (3) 404 Page not found
REMOTE_ADDR: 70.37.160.62
HTTP_REFERER: 
requested: array(3) {
  ["controller"] => string(4) "shop"
  ["action"] => string(11) "wp-includes"
  ["module"] => string(7) "default"
}


--------------------------------------------------------------------------------
2020-06-11T04:17:40+00:00 ERR (3) 404 Page not found
REMOTE_ADDR: 70.37.160.62
HTTP_REFERER: 
requested: array(3) {
  ["controller"] => string(3) "wp1"
  ["action"] => string(11) "wp-includes"
  ["module"] => string(7) "default"
}


--------------------------------------------------------------------------------
2020-06-11T04:17:40+00:00 ERR (3) 404 Page not found
REMOTE_ADDR: 70.37.160.62
HTTP_REFERER: 
requested: array(3) {
  ["controller"] => string(4) "test"
  ["action"] => string(11) "wp-includes"
  ["module"] => string(7) "default"
}


--------------------------------------------------------------------------------
2020-06-11T04:17:40+00:00 ERR (3) 404 Page not found
REMOTE_ADDR: 70.37.160.62
HTTP_REFERER: 
requested: array(3) {
  ["controller"] => string(5) "media"
  ["action"] => string(11) "wp-includes"
  ["module"] => string(7) "default"
}


--------------------------------------------------------------------------------
2020-06-11T04:17:40+00:00 ERR (3) 404 Page not found
REMOTE_ADDR: 70.37.160.62
HTTP_REFERER: 
requested: array(3) {
  ["controller"] => string(3) "wp2"
  ["action"] => string(11) "wp-includes"
  ["module"] => string(7) "default"
}


--------------------------------------------------------------------------------
2020-06-11T04:17:41+00:00 ERR (3) 404 Page not found
REMOTE_ADDR: 70.37.160.62
HTTP_REFERER: 
requested: array(3) {
  ["controller"] => string(4) "site"
  ["action"] => string(11) "wp-includes"
  ["module"] => string(7) "default"
}


--------------------------------------------------------------------------------
2020-06-11T04:17:41+00:00 ERR (3) 404 Page not found
REMOTE_ADDR: 70.37.160.62
HTTP_REFERER: 
requested: array(3) {
  ["controller"] => string(3) "cms"
  ["action"] => string(11) "wp-includes"
  ["module"] => string(7) "default"
}


--------------------------------------------------------------------------------
2020-06-11T04:17:41+00:00 ERR (3) 404 Page not found
REMOTE_ADDR: 70.37.160.62
HTTP_REFERER: 
requested: array(3) {
  ["controller"] => string(4) "sito"
  ["action"] => string(11) "wp-includes"
  ["module"] => string(7) "default"
}


--------------------------------------------------------------------------------
2020-06-11T18:45:40+00:00 ERR (3) 404 Page not found
REMOTE_ADDR: 54.36.113.142
HTTP_REFERER: 
requested: array(3) {
  ["controller"] => string(7) "ads.txt"
  ["action"] => string(5) "index"
  ["module"] => string(7) "default"
}


--------------------------------------------------------------------------------
2020-06-11T20:50:44+00:00 ERR (3) 404 "competences" was not found.
REMOTE_ADDR: 85.25.185.196
HTTP_REFERER: 
requested: array(5) {
  ["lang"] => string(2) "en"
  ["action"] => string(4) "page"
  ["key"] => string(11) "competences"
  ["module"] => string(7) "default"
  ["controller"] => string(5) "index"
}


--------------------------------------------------------------------------------
2020-06-11T20:56:47+00:00 ERR (3) 404 "hire-lasse" was not found.
REMOTE_ADDR: 85.25.185.196
HTTP_REFERER: 
requested: array(5) {
  ["lang"] => string(2) "en"
  ["action"] => string(4) "page"
  ["key"] => string(10) "hire-lasse"
  ["module"] => string(7) "default"
  ["controller"] => string(5) "index"
}


--------------------------------------------------------------------------------
