2013-08-08T04:16:29+00:00 ERR (3) 404 Seite nicht gefunden
REMOTE_ADDR: 36.248.119.33
HTTP_REFERER: http://graphicore.de/join.php
requested: array(3) {
  ["controller"] => string(8) "join.php"
  ["action"] => string(5) "index"
  ["module"] => string(7) "default"
}


--------------------------------------------------------------------------------
2013-08-08T04:16:31+00:00 ERR (3) 404 Seite nicht gefunden
REMOTE_ADDR: 36.248.119.33
HTTP_REFERER: 
requested: array(3) {
  ["controller"] => string(6) "signup"
  ["action"] => string(5) "index"
  ["module"] => string(7) "default"
}


--------------------------------------------------------------------------------
2013-08-08T04:16:41+00:00 ERR (3) 404 Seite nicht gefunden
REMOTE_ADDR: 36.248.119.33
HTTP_REFERER: http://graphicore.de/
requested: array(3) {
  ["controller"] => string(12) "wp-login.php"
  ["action"] => string(5) "index"
  ["module"] => string(7) "default"
}


--------------------------------------------------------------------------------
2013-08-08T04:16:43+00:00 ERR (3) 404 Seite nicht gefunden
REMOTE_ADDR: 36.248.119.33
HTTP_REFERER: http://graphicore.de/
requested: array(3) {
  ["controller"] => string(17) "tiki-register.php"
  ["action"] => string(5) "index"
  ["module"] => string(7) "default"
}


--------------------------------------------------------------------------------
2013-08-08T04:16:45+00:00 ERR (3) 404 Seite nicht gefunden
REMOTE_ADDR: 36.248.119.33
HTTP_REFERER: http://graphicore.de/
requested: array(3) {
  ["controller"] => string(12) "sign_up.html"
  ["action"] => string(5) "index"
  ["module"] => string(7) "default"
}


--------------------------------------------------------------------------------
2013-08-08T04:16:50+00:00 ERR (3) 404 Seite nicht gefunden
REMOTE_ADDR: 36.248.119.33
HTTP_REFERER: http://graphicore.de/
requested: array(3) {
  ["controller"] => string(6) "signup"
  ["action"] => string(5) "index"
  ["module"] => string(7) "default"
}


--------------------------------------------------------------------------------
2013-08-08T04:16:51+00:00 ERR (3) 404 Seite nicht gefunden
REMOTE_ADDR: 36.248.119.33
HTTP_REFERER: 
requested: array(3) {
  ["controller"] => string(10) "signup.php"
  ["action"] => string(5) "index"
  ["module"] => string(7) "default"
}


--------------------------------------------------------------------------------
2013-08-08T04:16:55+00:00 ERR (3) 404 Seite nicht gefunden
REMOTE_ADDR: 36.248.119.33
HTTP_REFERER: 
requested: array(3) {
  ["controller"] => string(10) "signup.php"
  ["action"] => string(5) "index"
  ["module"] => string(7) "default"
}


--------------------------------------------------------------------------------
2013-08-08T04:17:00+00:00 ERR (3) 404 Seite nicht gefunden
REMOTE_ADDR: 36.248.119.33
HTTP_REFERER: http://graphicore.de/
requested: array(3) {
  ["controller"] => string(6) "forums"
  ["action"] => string(9) "index.php"
  ["module"] => string(7) "default"
}


--------------------------------------------------------------------------------
2013-08-08T04:17:05+00:00 ERR (3) 404 Seite nicht gefunden
REMOTE_ADDR: 36.248.119.33
HTTP_REFERER: http://graphicore.de/
requested: array(3) {
  ["controller"] => string(6) "signup"
  ["action"] => string(5) "index"
  ["module"] => string(7) "default"
}


--------------------------------------------------------------------------------
2013-08-08T04:17:06+00:00 ERR (3) 404 Seite nicht gefunden
REMOTE_ADDR: 36.248.119.33
HTTP_REFERER: 
requested: array(3) {
  ["controller"] => string(8) "join.php"
  ["action"] => string(5) "index"
  ["module"] => string(7) "default"
}


--------------------------------------------------------------------------------
2013-08-08T04:17:09+00:00 ERR (3) 404 Seite nicht gefunden
REMOTE_ADDR: 36.248.119.33
HTTP_REFERER: http://graphicore.de/
requested: array(3) {
  ["controller"] => string(10) "signup.php"
  ["action"] => string(5) "index"
  ["module"] => string(7) "default"
}


--------------------------------------------------------------------------------
2013-08-08T04:17:10+00:00 ERR (3) 404 Seite nicht gefunden
REMOTE_ADDR: 36.248.119.33
HTTP_REFERER: 
requested: array(3) {
  ["controller"] => string(8) "YaBB.cgi"
  ["action"] => string(5) "index"
  ["module"] => string(7) "default"
}


--------------------------------------------------------------------------------
2013-08-08T04:17:14+00:00 ERR (3) 404 Seite nicht gefunden
REMOTE_ADDR: 36.248.119.33
HTTP_REFERER: 
requested: array(3) {
  ["controller"] => string(7) "YaBB.pl"
  ["action"] => string(5) "index"
  ["module"] => string(7) "default"
}


--------------------------------------------------------------------------------
2013-08-08T04:17:15+00:00 ERR (3) 404 Seite nicht gefunden
REMOTE_ADDR: 36.248.119.33
HTTP_REFERER: http://graphicore.de/
requested: array(3) {
  ["controller"] => string(6) "member"
  ["action"] => string(8) "register"
  ["module"] => string(7) "default"
}


--------------------------------------------------------------------------------
2013-08-08T04:17:17+00:00 ERR (3) 404 Seite nicht gefunden
REMOTE_ADDR: 36.248.119.33
HTTP_REFERER: http://graphicore.de/index.php/forums/member/register
requested: array(3) {
  ["controller"] => string(6) "forums"
  ["action"] => string(6) "member"
  ["module"] => string(7) "default"
}


--------------------------------------------------------------------------------
2013-08-08T04:17:18+00:00 ERR (3) 404 Seite nicht gefunden
REMOTE_ADDR: 36.248.119.33
HTTP_REFERER: http://graphicore.de/
requested: array(3) {
  ["controller"] => string(5) "forum"
  ["action"] => string(6) "member"
  ["module"] => string(7) "default"
}


--------------------------------------------------------------------------------
2013-08-08T04:17:18+00:00 ERR (3) 404 Seite nicht gefunden
REMOTE_ADDR: 36.248.119.33
HTTP_REFERER: http://graphicore.de/
requested: array(3) {
  ["controller"] => string(10) "signup.php"
  ["action"] => string(5) "index"
  ["module"] => string(7) "default"
}


--------------------------------------------------------------------------------
2013-08-08T04:17:19+00:00 ERR (3) 404 Seite nicht gefunden
REMOTE_ADDR: 36.248.119.33
HTTP_REFERER: http://graphicore.de/
requested: array(3) {
  ["controller"] => string(10) "signup.php"
  ["action"] => string(5) "index"
  ["module"] => string(7) "default"
}


--------------------------------------------------------------------------------
2013-08-08T04:17:20+00:00 ERR (3) 404 Seite nicht gefunden
REMOTE_ADDR: 36.248.119.33
HTTP_REFERER: http://graphicore.de/
requested: array(3) {
  ["controller"] => string(12) "register.php"
  ["action"] => string(5) "index"
  ["module"] => string(7) "default"
}


--------------------------------------------------------------------------------
2013-08-08T04:17:22+00:00 ERR (3) 404 Seite nicht gefunden
REMOTE_ADDR: 36.248.119.33
HTTP_REFERER: http://graphicore.de/
requested: array(3) {
  ["controller"] => string(8) "join.php"
  ["action"] => string(5) "index"
  ["module"] => string(7) "default"
}


--------------------------------------------------------------------------------
2013-08-08T04:17:23+00:00 ERR (3) 404 Seite nicht gefunden
REMOTE_ADDR: 36.248.119.33
HTTP_REFERER: http://graphicore.de/
requested: array(3) {
  ["controller"] => string(5) "blogs"
  ["action"] => string(4) "load"
  ["module"] => string(7) "default"
}


--------------------------------------------------------------------------------
2013-08-08T04:17:24+00:00 ERR (3) 404 Seite nicht gefunden
REMOTE_ADDR: 36.248.119.33
HTTP_REFERER: http://graphicore.de/
requested: array(3) {
  ["controller"] => string(6) "member"
  ["action"] => string(8) "join.php"
  ["module"] => string(7) "default"
}


--------------------------------------------------------------------------------
2013-08-08T05:41:37+00:00 ERR (3) 404 Seite nicht gefunden
REMOTE_ADDR: 46.73.24.117
HTTP_REFERER: http://graphicore.de/forum/
requested: array(3) {
  ["controller"] => string(5) "forum"
  ["action"] => string(5) "index"
  ["module"] => string(7) "default"
}


--------------------------------------------------------------------------------
2013-08-08T08:26:28+00:00 ERR (3) 404 Seite nicht gefunden
REMOTE_ADDR: 209.21.92.17
HTTP_REFERER: http://graphicore.de/forum/index.php
requested: array(3) {
  ["controller"] => string(5) "forum"
  ["action"] => string(9) "index.php"
  ["module"] => string(7) "default"
}


--------------------------------------------------------------------------------
2013-08-08T10:51:19+00:00 ERR (3) 404 Seite nicht gefunden
REMOTE_ADDR: 198.2.218.34
HTTP_REFERER: http://graphicore.de/forum/index.php
requested: array(3) {
  ["controller"] => string(5) "forum"
  ["action"] => string(9) "index.php"
  ["module"] => string(7) "default"
}


--------------------------------------------------------------------------------
2013-08-08T17:02:09+00:00 ERR (3) 404 Seite nicht gefunden
REMOTE_ADDR: 209.21.92.17
HTTP_REFERER: http://graphicore.de/forum/index.php
requested: array(3) {
  ["controller"] => string(5) "forum"
  ["action"] => string(9) "index.php"
  ["module"] => string(7) "default"
}


--------------------------------------------------------------------------------
2013-08-08T19:28:39+00:00 ERR (3) 404 "hire-lasse" was not found.
REMOTE_ADDR: 5.10.83.57
HTTP_REFERER: 
requested: array(5) {
  ["lang"] => string(2) "de"
  ["action"] => string(4) "page"
  ["key"] => string(10) "hire-lasse"
  ["module"] => string(7) "default"
  ["controller"] => string(5) "index"
}


--------------------------------------------------------------------------------
