2015-05-19T05:01:32+00:00 ERR (3) 404 Seite nicht gefunden
REMOTE_ADDR: 194.187.168.25
HTTP_REFERER: 
requested: array(4) {
  ["controller"] => string(5) "diary"
  ["action"] => string(29) "tag:graphicore.de,2013-06-06:"
  ["diary"] => string(27) "2013060618252451b0d41400bf3"
  ["module"] => string(7) "default"
}


--------------------------------------------------------------------------------
2015-05-19T05:02:18+00:00 ERR (3) 404 Seite nicht gefunden
REMOTE_ADDR: 194.187.168.25
HTTP_REFERER: 
requested: array(4) {
  ["controller"] => string(5) "diary"
  ["action"] => string(29) "tag:graphicore.de,2014-02-27:"
  ["diary"] => string(27) "20140227142708530f4b3c7eae4"
  ["module"] => string(7) "default"
}


--------------------------------------------------------------------------------
2015-05-19T05:02:27+00:00 ERR (3) 404 Seite nicht gefunden
REMOTE_ADDR: 194.187.168.25
HTTP_REFERER: 
requested: array(4) {
  ["controller"] => string(5) "diary"
  ["action"] => string(29) "tag:graphicore.de,2010-10-01:"
  ["diary"] => string(27) "201010011553324ca603fcc53f3"
  ["module"] => string(7) "default"
}


--------------------------------------------------------------------------------
2015-05-19T05:07:41+00:00 ERR (3) 404 Seite nicht gefunden
REMOTE_ADDR: 194.187.168.25
HTTP_REFERER: 
requested: array(4) {
  ["controller"] => string(5) "diary"
  ["action"] => string(29) "tag:graphicore.de,2012-01-17:"
  ["diary"] => string(27) "201201171404524f15800404a4f"
  ["module"] => string(7) "default"
}


--------------------------------------------------------------------------------
2015-05-19T05:08:16+00:00 ERR (3) 404 Seite nicht gefunden
REMOTE_ADDR: 194.187.168.25
HTTP_REFERER: 
requested: array(4) {
  ["controller"] => string(5) "diary"
  ["action"] => string(29) "tag:graphicore.de,2014-02-27:"
  ["diary"] => string(27) "20140227115040530f26907c1a8"
  ["module"] => string(7) "default"
}


--------------------------------------------------------------------------------
2015-05-19T05:08:37+00:00 ERR (3) 404 Seite nicht gefunden
REMOTE_ADDR: 194.187.168.25
HTTP_REFERER: 
requested: array(4) {
  ["controller"] => string(5) "diary"
  ["action"] => string(29) "tag:graphicore.de,2010-10-06:"
  ["diary"] => string(27) "201010061331004cac7a14de999"
  ["module"] => string(7) "default"
}


--------------------------------------------------------------------------------
2015-05-19T05:09:20+00:00 ERR (3) 404 Seite nicht gefunden
REMOTE_ADDR: 194.187.168.25
HTTP_REFERER: 
requested: array(4) {
  ["controller"] => string(5) "diary"
  ["action"] => string(29) "tag:graphicore.de,2010-10-12:"
  ["diary"] => string(27) "201010121448344cb475424313c"
  ["module"] => string(7) "default"
}


--------------------------------------------------------------------------------
2015-05-19T05:11:21+00:00 ERR (3) 404 Seite nicht gefunden
REMOTE_ADDR: 194.187.168.25
HTTP_REFERER: 
requested: array(4) {
  ["controller"] => string(5) "diary"
  ["action"] => string(29) "tag:graphicore.de,2013-06-12:"
  ["diary"] => string(27) "2013061209052451b839d4ca32b"
  ["module"] => string(7) "default"
}


--------------------------------------------------------------------------------
2015-05-19T05:13:30+00:00 ERR (3) 404 Seite nicht gefunden
REMOTE_ADDR: 194.187.168.25
HTTP_REFERER: 
requested: array(3) {
  ["controller"] => string(5) "diary"
  ["action"] => string(4) "atom"
  ["module"] => string(7) "default"
}


--------------------------------------------------------------------------------
2015-05-19T05:14:10+00:00 ERR (3) 404 Seite nicht gefunden
REMOTE_ADDR: 194.187.168.25
HTTP_REFERER: 
requested: array(4) {
  ["controller"] => string(5) "diary"
  ["action"] => string(29) "tag:graphicore.de,2010-09-27:"
  ["diary"] => string(27) "201009272109094ca107f52b79c"
  ["module"] => string(7) "default"
}


--------------------------------------------------------------------------------
2015-05-19T05:15:32+00:00 ERR (3) 404 Seite nicht gefunden
REMOTE_ADDR: 194.187.168.25
HTTP_REFERER: 
requested: array(4) {
  ["controller"] => string(5) "diary"
  ["action"] => string(29) "tag:graphicore.de,2013-11-12:"
  ["diary"] => string(27) "2013111217533652826b2018ca8"
  ["module"] => string(7) "default"
}


--------------------------------------------------------------------------------
2015-05-19T05:22:28+00:00 ERR (3) 404 Seite nicht gefunden
REMOTE_ADDR: 194.187.168.25
HTTP_REFERER: 
requested: array(4) {
  ["controller"] => string(5) "diary"
  ["action"] => string(29) "tag:graphicore.de,2013-06-07:"
  ["diary"] => string(27) "2013060714011251b1e7a8c1407"
  ["module"] => string(7) "default"
}


--------------------------------------------------------------------------------
2015-05-19T09:38:01+00:00 ERR (3) 404 Seite nicht gefunden
REMOTE_ADDR: 217.69.133.13
HTTP_REFERER: 
requested: array(3) {
  ["controller"] => string(11) "sitemap.xml"
  ["action"] => string(5) "index"
  ["module"] => string(7) "default"
}


--------------------------------------------------------------------------------
2015-05-19T12:01:22+00:00 ERR (3) 404 "hire-lasse" was not found.
REMOTE_ADDR: 100.43.85.16
HTTP_REFERER: 
requested: array(5) {
  ["lang"] => string(2) "de"
  ["action"] => string(4) "page"
  ["key"] => string(10) "hire-lasse"
  ["module"] => string(7) "default"
  ["controller"] => string(5) "index"
}


--------------------------------------------------------------------------------
2015-05-19T12:39:55+00:00 ERR (3) 404 "" was not found.
REMOTE_ADDR: 94.153.67.72
HTTP_REFERER: http://viparenda.kz/ru/
requested: array(5) {
  ["lang"] => string(2) "en"
  ["action"] => string(7) "archive"
  ["module"] => string(7) "default"
  ["controller"] => string(5) "index"
  ["key"] => string(0) ""
}


--------------------------------------------------------------------------------
2015-05-19T12:39:56+00:00 ERR (3) 404 "" was not found.
REMOTE_ADDR: 94.153.67.72
HTTP_REFERER: http://viparenda.kz/ru/
requested: array(5) {
  ["lang"] => string(2) "en"
  ["action"] => string(7) "archive"
  ["module"] => string(7) "default"
  ["controller"] => string(5) "index"
  ["key"] => string(0) ""
}


--------------------------------------------------------------------------------
2015-05-19T12:39:56+00:00 ERR (3) 404 "" was not found.
REMOTE_ADDR: 94.153.67.72
HTTP_REFERER: http://viparenda.kz/ru/
requested: array(5) {
  ["lang"] => string(2) "en"
  ["action"] => string(7) "archive"
  ["module"] => string(7) "default"
  ["controller"] => string(5) "index"
  ["key"] => string(0) ""
}


--------------------------------------------------------------------------------
2015-05-19T14:18:14+00:00 ERR (3) 404 Seite nicht gefunden
REMOTE_ADDR: 91.61.112.85
HTTP_REFERER: 
requested: array(3) {
  ["controller"] => string(32) "apple-touch-icon-precomposed.png"
  ["action"] => string(5) "index"
  ["module"] => string(7) "default"
}


--------------------------------------------------------------------------------
2015-05-19T14:18:14+00:00 ERR (3) 404 Seite nicht gefunden
REMOTE_ADDR: 91.61.112.85
HTTP_REFERER: 
requested: array(3) {
  ["controller"] => string(20) "apple-touch-icon.png"
  ["action"] => string(5) "index"
  ["module"] => string(7) "default"
}


--------------------------------------------------------------------------------
2015-05-19T15:03:07+00:00 ERR (3) 404 Seite nicht gefunden
REMOTE_ADDR: 78.46.50.246
HTTP_REFERER: 
requested: array(3) {
  ["controller"] => string(5) "diary"
  ["action"] => string(4) "atom"
  ["module"] => string(7) "default"
}


--------------------------------------------------------------------------------
2015-05-19T15:03:17+00:00 ERR (3) 404 Seite nicht gefunden
REMOTE_ADDR: 78.46.50.246
HTTP_REFERER: 
requested: array(3) {
  ["controller"] => string(5) "diary"
  ["action"] => string(17) "tag:graphicore.de"
  ["module"] => string(7) "default"
}


--------------------------------------------------------------------------------
2015-05-19T19:55:12+00:00 ERR (3) 404 "" was not found.
REMOTE_ADDR: 94.153.9.66
HTTP_REFERER: http://mvsteel.ru/
requested: array(5) {
  ["lang"] => string(2) "en"
  ["action"] => string(7) "archive"
  ["module"] => string(7) "default"
  ["controller"] => string(5) "index"
  ["key"] => string(0) ""
}


--------------------------------------------------------------------------------
2015-05-19T19:55:12+00:00 ERR (3) 404 "" was not found.
REMOTE_ADDR: 94.153.9.66
HTTP_REFERER: http://mvsteel.ru/
requested: array(5) {
  ["lang"] => string(2) "en"
  ["action"] => string(7) "archive"
  ["module"] => string(7) "default"
  ["controller"] => string(5) "index"
  ["key"] => string(0) ""
}


--------------------------------------------------------------------------------
2015-05-19T19:55:13+00:00 ERR (3) 404 "" was not found.
REMOTE_ADDR: 94.153.9.66
HTTP_REFERER: http://mvsteel.ru/
requested: array(5) {
  ["lang"] => string(2) "en"
  ["action"] => string(7) "archive"
  ["module"] => string(7) "default"
  ["controller"] => string(5) "index"
  ["key"] => string(0) ""
}


--------------------------------------------------------------------------------
2015-05-19T20:36:11+00:00 ERR (3) 404 Page not found
REMOTE_ADDR: 144.76.64.115
HTTP_REFERER: 
requested: array(3) {
  ["controller"] => string(4) "blog"
  ["action"] => string(5) "index"
  ["module"] => string(7) "default"
}


--------------------------------------------------------------------------------
2015-05-19T21:37:38+00:00 ERR (3) 404 "" was not found.
REMOTE_ADDR: 94.153.9.66
HTTP_REFERER: http://chelnytruck.ru/
requested: array(5) {
  ["lang"] => string(2) "en"
  ["action"] => string(7) "archive"
  ["module"] => string(7) "default"
  ["controller"] => string(5) "index"
  ["key"] => string(0) ""
}


--------------------------------------------------------------------------------
2015-05-19T21:37:38+00:00 ERR (3) 404 "" was not found.
REMOTE_ADDR: 94.153.9.66
HTTP_REFERER: http://chelnytruck.ru/
requested: array(5) {
  ["lang"] => string(2) "en"
  ["action"] => string(7) "archive"
  ["module"] => string(7) "default"
  ["controller"] => string(5) "index"
  ["key"] => string(0) ""
}


--------------------------------------------------------------------------------
2015-05-19T21:37:38+00:00 ERR (3) 404 "" was not found.
REMOTE_ADDR: 94.153.9.66
HTTP_REFERER: http://chelnytruck.ru/
requested: array(5) {
  ["lang"] => string(2) "en"
  ["action"] => string(7) "archive"
  ["module"] => string(7) "default"
  ["controller"] => string(5) "index"
  ["key"] => string(0) ""
}


--------------------------------------------------------------------------------
2015-05-19T22:44:32+00:00 ERR (3) 404 "" was not found.
REMOTE_ADDR: 178.137.19.143
HTTP_REFERER: http://red-chair.net/
requested: array(5) {
  ["lang"] => string(2) "en"
  ["action"] => string(7) "archive"
  ["module"] => string(7) "default"
  ["controller"] => string(5) "index"
  ["key"] => string(0) ""
}


--------------------------------------------------------------------------------
2015-05-19T22:44:32+00:00 ERR (3) 404 "" was not found.
REMOTE_ADDR: 178.137.19.143
HTTP_REFERER: http://euromasterclass.ru/
requested: array(5) {
  ["lang"] => string(2) "en"
  ["action"] => string(7) "archive"
  ["module"] => string(7) "default"
  ["controller"] => string(5) "index"
  ["key"] => string(0) ""
}


--------------------------------------------------------------------------------
2015-05-19T22:44:33+00:00 ERR (3) 404 "" was not found.
REMOTE_ADDR: 178.137.19.143
HTTP_REFERER: http://red-chair.net/
requested: array(5) {
  ["lang"] => string(2) "en"
  ["action"] => string(7) "archive"
  ["module"] => string(7) "default"
  ["controller"] => string(5) "index"
  ["key"] => string(0) ""
}


--------------------------------------------------------------------------------
2015-05-19T22:44:33+00:00 ERR (3) 404 "" was not found.
REMOTE_ADDR: 178.137.19.143
HTTP_REFERER: http://euromasterclass.ru/
requested: array(5) {
  ["lang"] => string(2) "en"
  ["action"] => string(7) "archive"
  ["module"] => string(7) "default"
  ["controller"] => string(5) "index"
  ["key"] => string(0) ""
}


--------------------------------------------------------------------------------
2015-05-19T22:44:33+00:00 ERR (3) 404 "" was not found.
REMOTE_ADDR: 178.137.19.143
HTTP_REFERER: http://red-chair.net/
requested: array(5) {
  ["lang"] => string(2) "en"
  ["action"] => string(7) "archive"
  ["module"] => string(7) "default"
  ["controller"] => string(5) "index"
  ["key"] => string(0) ""
}


--------------------------------------------------------------------------------
2015-05-19T22:44:33+00:00 ERR (3) 404 "" was not found.
REMOTE_ADDR: 178.137.19.143
HTTP_REFERER: http://euromasterclass.ru/
requested: array(5) {
  ["lang"] => string(2) "en"
  ["action"] => string(7) "archive"
  ["module"] => string(7) "default"
  ["controller"] => string(5) "index"
  ["key"] => string(0) ""
}


--------------------------------------------------------------------------------
