2014-10-04T07:03:40+00:00 ERR (3) 404 "en" was not found.
REMOTE_ADDR: 208.115.111.73
HTTP_REFERER: 
requested: array(5) {
  ["lang"] => string(2) "en"
  ["action"] => string(4) "page"
  ["key"] => string(2) "en"
  ["module"] => string(7) "default"
  ["controller"] => string(5) "index"
}


--------------------------------------------------------------------------------
2014-10-04T12:31:20+00:00 ERR (3) 404 Seite nicht gefunden
REMOTE_ADDR: 69.163.144.100
HTTP_REFERER: 
requested: array(3) {
  ["controller"] => string(8) "wp-admin"
  ["action"] => string(5) "index"
  ["module"] => string(7) "default"
}


--------------------------------------------------------------------------------
2014-10-04T12:40:08+00:00 ERR (3) 404 Seite nicht gefunden
REMOTE_ADDR: 199.116.253.153
HTTP_REFERER: 
requested: array(3) {
  ["controller"] => string(9) "wordpress"
  ["action"] => string(9) "wordpress"
  ["module"] => string(7) "default"
}


--------------------------------------------------------------------------------
2014-10-04T12:48:58+00:00 ERR (3) 404 Seite nicht gefunden
REMOTE_ADDR: 50.63.197.203
HTTP_REFERER: 
requested: array(3) {
  ["controller"] => string(9) "wordpress"
  ["action"] => string(8) "wp-admin"
  ["module"] => string(7) "default"
}


--------------------------------------------------------------------------------
2014-10-04T12:57:49+00:00 ERR (3) 404 Seite nicht gefunden
REMOTE_ADDR: 198.57.247.158
HTTP_REFERER: 
requested: array(3) {
  ["controller"] => string(4) "blog"
  ["action"] => string(8) "wp-admin"
  ["module"] => string(7) "default"
}


--------------------------------------------------------------------------------
2014-10-04T13:06:50+00:00 ERR (3) 404 Seite nicht gefunden
REMOTE_ADDR: 74.6.53.181
HTTP_REFERER: 
requested: array(3) {
  ["controller"] => string(2) "wp"
  ["action"] => string(8) "wp-admin"
  ["module"] => string(7) "default"
}


--------------------------------------------------------------------------------
2014-10-04T13:15:44+00:00 ERR (3) 404 Seite nicht gefunden
REMOTE_ADDR: 192.185.4.86
HTTP_REFERER: 
requested: array(3) {
  ["controller"] => string(3) "old"
  ["action"] => string(8) "wp-admin"
  ["module"] => string(7) "default"
}


--------------------------------------------------------------------------------
2014-10-04T13:26:34+00:00 ERR (3) 404 "de" was not found.
REMOTE_ADDR: 208.115.113.89
HTTP_REFERER: 
requested: array(5) {
  ["lang"] => string(2) "en"
  ["action"] => string(7) "archive"
  ["key"] => string(2) "de"
  ["module"] => string(7) "default"
  ["controller"] => string(5) "index"
}


--------------------------------------------------------------------------------
2014-10-04T15:42:25+00:00 ERR (3) 404 "story" was not found.
REMOTE_ADDR: 157.55.39.223
HTTP_REFERER: 
requested: array(6) {
  ["lang"] => string(2) "de"
  ["action"] => string(5) "index"
  ["key"] => string(5) "story"
  ["intern"] => string(7) "kontakt"
  ["module"] => string(7) "default"
  ["controller"] => string(5) "index"
}


--------------------------------------------------------------------------------
2014-10-04T19:02:22+00:00 ERR (3) 404 "hire-lasse" was not found.
REMOTE_ADDR: 180.76.5.150
HTTP_REFERER: 
requested: array(5) {
  ["lang"] => string(2) "en"
  ["action"] => string(4) "page"
  ["key"] => string(10) "hire-lasse"
  ["module"] => string(7) "default"
  ["controller"] => string(5) "index"
}


--------------------------------------------------------------------------------
2014-10-04T19:28:58+00:00 ERR (3) 404 "hire-lasse" was not found.
REMOTE_ADDR: 192.99.149.88
HTTP_REFERER: 
requested: array(5) {
  ["lang"] => string(2) "en"
  ["action"] => string(4) "page"
  ["key"] => string(10) "hire-lasse"
  ["module"] => string(7) "default"
  ["controller"] => string(5) "index"
}


--------------------------------------------------------------------------------
