2016-06-01T00:04:21+00:00 ERR (3) 404 Seite nicht gefunden
REMOTE_ADDR: 66.249.66.128
HTTP_REFERER: 
requested: array(3) {
  ["controller"] => string(4) "Dies"
  ["action"] => string(5) "index"
  ["module"] => string(7) "default"
}


--------------------------------------------------------------------------------
2016-06-01T00:23:43+00:00 ERR (3) 404 Seite nicht gefunden
REMOTE_ADDR: 66.249.66.186
HTTP_REFERER: 
requested: array(3) {
  ["controller"] => string(11) ".well-known"
  ["action"] => string(26) "apple-app-site-association"
  ["module"] => string(7) "default"
}


--------------------------------------------------------------------------------
2016-06-01T00:25:49+00:00 ERR (3) 404 Seite nicht gefunden
REMOTE_ADDR: 66.249.66.186
HTTP_REFERER: 
requested: array(3) {
  ["controller"] => string(26) "apple-app-site-association"
  ["action"] => string(5) "index"
  ["module"] => string(7) "default"
}


--------------------------------------------------------------------------------
2016-06-01T11:01:09+00:00 ERR (3) 404 "hire-lasse" was not found.
REMOTE_ADDR: 85.93.91.84
HTTP_REFERER: 
requested: array(5) {
  ["lang"] => string(2) "en"
  ["action"] => string(4) "page"
  ["key"] => string(10) "hire-lasse"
  ["module"] => string(7) "default"
  ["controller"] => string(5) "index"
}


--------------------------------------------------------------------------------
2016-06-01T11:38:18+00:00 ERR (3) 404 "story" was not found.
REMOTE_ADDR: 66.249.78.231
HTTP_REFERER: 
requested: array(6) {
  ["lang"] => string(2) "en"
  ["action"] => string(5) "index"
  ["key"] => string(5) "story"
  ["intern"] => string(7) "kontakt"
  ["module"] => string(7) "default"
  ["controller"] => string(5) "index"
}


--------------------------------------------------------------------------------
2016-06-01T13:11:18+00:00 ERR (3) 404 Seite nicht gefunden
REMOTE_ADDR: 66.249.78.225
HTTP_REFERER: 
requested: array(3) {
  ["controller"] => string(4) "Dies"
  ["action"] => string(5) "index"
  ["module"] => string(7) "default"
}


--------------------------------------------------------------------------------
2016-06-01T15:54:30+00:00 ERR (3) 404 Seite nicht gefunden
REMOTE_ADDR: 85.222.36.115
HTTP_REFERER: http://graphicore.de/forum
requested: array(3) {
  ["controller"] => string(5) "forum"
  ["action"] => string(5) "index"
  ["module"] => string(7) "default"
}


--------------------------------------------------------------------------------
2016-06-01T17:08:10+00:00 ERR (3) 404 "hire-lasse" was not found.
REMOTE_ADDR: 80.246.188.132
HTTP_REFERER: 
requested: array(5) {
  ["lang"] => string(2) "de"
  ["action"] => string(4) "page"
  ["key"] => string(10) "hire-lasse"
  ["module"] => string(7) "default"
  ["controller"] => string(5) "index"
}


--------------------------------------------------------------------------------
2016-06-01T23:06:19+00:00 ERR (3) 404 Seite nicht gefunden
REMOTE_ADDR: 85.222.36.115
HTTP_REFERER: http://graphicore.de/forum
requested: array(3) {
  ["controller"] => string(5) "forum"
  ["action"] => string(5) "index"
  ["module"] => string(7) "default"
}


--------------------------------------------------------------------------------
2016-06-01T23:18:30+00:00 ERR (3) 404 Page not found
REMOTE_ADDR: 208.115.113.89
HTTP_REFERER: 
requested: array(5) {
  ["lang"] => string(2) "en"
  ["action"] => string(2) "de"
  ["module"] => string(7) "default"
  ["controller"] => string(5) "index"
  ["key"] => string(0) ""
}


--------------------------------------------------------------------------------
