2019-03-22T01:07:54+00:00 ERR (3) 404 "2014-02-27_sibylle_frankKleine" was not found.
REMOTE_ADDR: 66.249.66.218
HTTP_REFERER: 
requested: array(5) {
  ["lang"] => string(2) "de"
  ["action"] => string(7) "archive"
  ["key"] => string(30) "2014-02-27_sibylle_frankKleine"
  ["module"] => string(7) "default"
  ["controller"] => string(5) "index"
}


--------------------------------------------------------------------------------
2019-03-22T02:18:29+00:00 ERR (3) 404 "competences" was not found.
REMOTE_ADDR: 52.201.27.211
HTTP_REFERER: 
requested: array(5) {
  ["lang"] => string(2) "de"
  ["action"] => string(4) "page"
  ["key"] => string(11) "competences"
  ["module"] => string(7) "default"
  ["controller"] => string(5) "index"
}


--------------------------------------------------------------------------------
2019-03-22T10:09:10+00:00 ERR (3) 404 Page not found
REMOTE_ADDR: 15.164.48.200
HTTP_REFERER: 
requested: array(3) {
  ["controller"] => string(9) "vacancies"
  ["action"] => string(5) "index"
  ["module"] => string(7) "default"
}


--------------------------------------------------------------------------------
2019-03-22T10:12:06+00:00 ERR (3) 404 Page not found
REMOTE_ADDR: 15.164.48.200
HTTP_REFERER: 
requested: array(3) {
  ["controller"] => string(5) "apply"
  ["action"] => string(5) "index"
  ["module"] => string(7) "default"
}


--------------------------------------------------------------------------------
2019-03-22T10:15:20+00:00 ERR (3) 404 Page not found
REMOTE_ADDR: 15.164.48.200
HTTP_REFERER: http://career.graphicore.de
requested: array(3) {
  ["controller"] => string(4) "jobs"
  ["action"] => string(5) "index"
  ["module"] => string(7) "default"
}


--------------------------------------------------------------------------------
2019-03-22T10:16:00+00:00 ERR (3) 404 Page not found
REMOTE_ADDR: 15.164.48.200
HTTP_REFERER: 
requested: array(3) {
  ["controller"] => string(8) "openings"
  ["action"] => string(5) "index"
  ["module"] => string(7) "default"
}


--------------------------------------------------------------------------------
2019-03-22T18:20:45+00:00 ERR (3) 404 Seite nicht gefunden
REMOTE_ADDR: 13.59.203.238
HTTP_REFERER: https://google.com
requested: array(3) {
  ["controller"] => string(12) "wp-login.php"
  ["action"] => string(5) "index"
  ["module"] => string(7) "default"
}


--------------------------------------------------------------------------------
2019-03-22T21:23:24+00:00 ERR (3) 404 Page not found
REMOTE_ADDR: 23.228.81.10
HTTP_REFERER: http://graphicore.de/wp-content/themes/brainstorm/style.css
requested: array(4) {
  ["controller"] => string(10) "wp-content"
  ["action"] => string(6) "themes"
  ["brainstorm"] => string(9) "style.css"
  ["module"] => string(7) "default"
}


--------------------------------------------------------------------------------
