2017-01-21T04:07:03+00:00 ERR (3) 404 Seite nicht gefunden
REMOTE_ADDR: 138.201.59.34
HTTP_REFERER: http://www.graphicore.de/forum/viewtopic.php?t=13&
requested: array(4) {
  ["controller"] => string(5) "forum"
  ["action"] => string(13) "viewtopic.php"
  ["module"] => string(7) "default"
  ["t"] => string(2) "13"
}


--------------------------------------------------------------------------------
2017-01-21T11:57:38+00:00 ERR (3) 404 Seite nicht gefunden
REMOTE_ADDR: 66.249.76.136
HTTP_REFERER: 
requested: array(3) {
  ["controller"] => string(11) ".well-known"
  ["action"] => string(26) "apple-app-site-association"
  ["module"] => string(7) "default"
}


--------------------------------------------------------------------------------
2017-01-21T12:05:00+00:00 ERR (3) 404 Seite nicht gefunden
REMOTE_ADDR: 66.249.76.136
HTTP_REFERER: 
requested: array(3) {
  ["controller"] => string(26) "apple-app-site-association"
  ["action"] => string(5) "index"
  ["module"] => string(7) "default"
}


--------------------------------------------------------------------------------
2017-01-21T13:07:27+00:00 ERR (3) 404 Seite nicht gefunden
REMOTE_ADDR: 66.249.76.131
HTTP_REFERER: 
requested: array(3) {
  ["controller"] => string(11) ".well-known"
  ["action"] => string(15) "assetlinks.json"
  ["module"] => string(7) "default"
}


--------------------------------------------------------------------------------
