2018-01-05T00:10:25+00:00 ERR (3) 404 Seite nicht gefunden
REMOTE_ADDR: 167.57.153.49
HTTP_REFERER: 
requested: array(3) {
  ["controller"] => string(12) "wp-login.php"
  ["action"] => string(5) "index"
  ["module"] => string(7) "default"
}


--------------------------------------------------------------------------------
2018-01-05T00:48:50+00:00 ERR (3) 404 Seite nicht gefunden
REMOTE_ADDR: 175.140.138.130
HTTP_REFERER: 
requested: array(3) {
  ["controller"] => string(12) "wp-login.php"
  ["action"] => string(5) "index"
  ["module"] => string(7) "default"
}


--------------------------------------------------------------------------------
2018-01-05T00:53:42+00:00 ERR (3) 404 Seite nicht gefunden
REMOTE_ADDR: 50.90.127.179
HTTP_REFERER: 
requested: array(3) {
  ["controller"] => string(12) "wp-login.php"
  ["action"] => string(5) "index"
  ["module"] => string(7) "default"
}


--------------------------------------------------------------------------------
2018-01-05T01:03:09+00:00 ERR (3) 404 Seite nicht gefunden
REMOTE_ADDR: 121.103.78.13
HTTP_REFERER: 
requested: array(3) {
  ["controller"] => string(12) "wp-login.php"
  ["action"] => string(5) "index"
  ["module"] => string(7) "default"
}


--------------------------------------------------------------------------------
2018-01-05T01:11:05+00:00 ERR (3) 404 Seite nicht gefunden
REMOTE_ADDR: 115.133.109.195
HTTP_REFERER: 
requested: array(3) {
  ["controller"] => string(12) "wp-login.php"
  ["action"] => string(5) "index"
  ["module"] => string(7) "default"
}


--------------------------------------------------------------------------------
2018-01-05T01:34:42+00:00 ERR (3) 404 Seite nicht gefunden
REMOTE_ADDR: 62.120.87.57
HTTP_REFERER: 
requested: array(3) {
  ["controller"] => string(12) "wp-login.php"
  ["action"] => string(5) "index"
  ["module"] => string(7) "default"
}


--------------------------------------------------------------------------------
2018-01-05T01:43:04+00:00 ERR (3) 404 Seite nicht gefunden
REMOTE_ADDR: 180.190.171.185
HTTP_REFERER: 
requested: array(3) {
  ["controller"] => string(12) "wp-login.php"
  ["action"] => string(5) "index"
  ["module"] => string(7) "default"
}


--------------------------------------------------------------------------------
2018-01-05T02:08:17+00:00 ERR (3) 404 Seite nicht gefunden
REMOTE_ADDR: 188.246.70.110
HTTP_REFERER: 
requested: array(3) {
  ["controller"] => string(12) "wp-login.php"
  ["action"] => string(5) "index"
  ["module"] => string(7) "default"
}


--------------------------------------------------------------------------------
2018-01-05T02:11:14+00:00 ERR (3) 404 Seite nicht gefunden
REMOTE_ADDR: 137.186.137.28
HTTP_REFERER: 
requested: array(3) {
  ["controller"] => string(12) "wp-login.php"
  ["action"] => string(5) "index"
  ["module"] => string(7) "default"
}


--------------------------------------------------------------------------------
2018-01-05T02:15:34+00:00 ERR (3) 404 Seite nicht gefunden
REMOTE_ADDR: 89.115.59.167
HTTP_REFERER: 
requested: array(3) {
  ["controller"] => string(12) "wp-login.php"
  ["action"] => string(5) "index"
  ["module"] => string(7) "default"
}


--------------------------------------------------------------------------------
2018-01-05T02:21:03+00:00 ERR (3) 404 Seite nicht gefunden
REMOTE_ADDR: 189.163.120.109
HTTP_REFERER: 
requested: array(3) {
  ["controller"] => string(12) "wp-login.php"
  ["action"] => string(5) "index"
  ["module"] => string(7) "default"
}


--------------------------------------------------------------------------------
2018-01-05T02:29:58+00:00 ERR (3) 404 Seite nicht gefunden
REMOTE_ADDR: 41.232.34.242
HTTP_REFERER: 
requested: array(3) {
  ["controller"] => string(12) "wp-login.php"
  ["action"] => string(5) "index"
  ["module"] => string(7) "default"
}


--------------------------------------------------------------------------------
2018-01-05T03:03:38+00:00 ERR (3) 404 "" was not found.
REMOTE_ADDR: 64.62.252.163
HTTP_REFERER: 
requested: array(5) {
  ["lang"] => string(2) "de"
  ["action"] => string(7) "archive"
  ["module"] => string(7) "default"
  ["controller"] => string(5) "index"
  ["key"] => string(0) ""
}


--------------------------------------------------------------------------------
2018-01-05T03:06:05+00:00 ERR (3) 404 Seite nicht gefunden
REMOTE_ADDR: 187.148.100.193
HTTP_REFERER: 
requested: array(3) {
  ["controller"] => string(12) "wp-login.php"
  ["action"] => string(5) "index"
  ["module"] => string(7) "default"
}


--------------------------------------------------------------------------------
2018-01-05T03:06:12+00:00 ERR (3) 404 Seite nicht gefunden
REMOTE_ADDR: 160.177.171.150
HTTP_REFERER: 
requested: array(3) {
  ["controller"] => string(12) "wp-login.php"
  ["action"] => string(5) "index"
  ["module"] => string(7) "default"
}


--------------------------------------------------------------------------------
2018-01-05T03:45:00+00:00 ERR (3) 404 Seite nicht gefunden
REMOTE_ADDR: 109.76.186.114
HTTP_REFERER: 
requested: array(3) {
  ["controller"] => string(12) "wp-login.php"
  ["action"] => string(5) "index"
  ["module"] => string(7) "default"
}


--------------------------------------------------------------------------------
2018-01-05T04:02:36+00:00 ERR (3) 404 Seite nicht gefunden
REMOTE_ADDR: 95.60.61.30
HTTP_REFERER: 
requested: array(3) {
  ["controller"] => string(12) "wp-login.php"
  ["action"] => string(5) "index"
  ["module"] => string(7) "default"
}


--------------------------------------------------------------------------------
2018-01-05T04:15:14+00:00 ERR (3) 404 Seite nicht gefunden
REMOTE_ADDR: 87.214.79.42
HTTP_REFERER: 
requested: array(3) {
  ["controller"] => string(12) "wp-login.php"
  ["action"] => string(5) "index"
  ["module"] => string(7) "default"
}


--------------------------------------------------------------------------------
2018-01-05T04:22:37+00:00 ERR (3) 404 Seite nicht gefunden
REMOTE_ADDR: 103.217.84.226
HTTP_REFERER: 
requested: array(3) {
  ["controller"] => string(12) "wp-login.php"
  ["action"] => string(5) "index"
  ["module"] => string(7) "default"
}


--------------------------------------------------------------------------------
2018-01-05T04:35:56+00:00 ERR (3) 404 Seite nicht gefunden
REMOTE_ADDR: 106.51.21.128
HTTP_REFERER: 
requested: array(3) {
  ["controller"] => string(12) "wp-login.php"
  ["action"] => string(5) "index"
  ["module"] => string(7) "default"
}


--------------------------------------------------------------------------------
2018-01-05T04:40:21+00:00 ERR (3) 404 Seite nicht gefunden
REMOTE_ADDR: 92.245.5.200
HTTP_REFERER: 
requested: array(3) {
  ["controller"] => string(12) "wp-login.php"
  ["action"] => string(5) "index"
  ["module"] => string(7) "default"
}


--------------------------------------------------------------------------------
2018-01-05T05:23:30+00:00 ERR (3) 404 Seite nicht gefunden
REMOTE_ADDR: 182.181.54.118
HTTP_REFERER: 
requested: array(3) {
  ["controller"] => string(12) "wp-login.php"
  ["action"] => string(5) "index"
  ["module"] => string(7) "default"
}


--------------------------------------------------------------------------------
2018-01-05T05:30:25+00:00 ERR (3) 404 Seite nicht gefunden
REMOTE_ADDR: 117.208.95.205
HTTP_REFERER: 
requested: array(3) {
  ["controller"] => string(12) "wp-login.php"
  ["action"] => string(5) "index"
  ["module"] => string(7) "default"
}


--------------------------------------------------------------------------------
2018-01-05T05:45:45+00:00 ERR (3) 404 Seite nicht gefunden
REMOTE_ADDR: 81.198.251.97
HTTP_REFERER: 
requested: array(3) {
  ["controller"] => string(12) "wp-login.php"
  ["action"] => string(5) "index"
  ["module"] => string(7) "default"
}


--------------------------------------------------------------------------------
2018-01-05T05:46:24+00:00 ERR (3) 404 Seite nicht gefunden
REMOTE_ADDR: 109.65.153.80
HTTP_REFERER: 
requested: array(3) {
  ["controller"] => string(12) "wp-login.php"
  ["action"] => string(5) "index"
  ["module"] => string(7) "default"
}


--------------------------------------------------------------------------------
2018-01-05T05:50:29+00:00 ERR (3) 404 Seite nicht gefunden
REMOTE_ADDR: 90.12.237.216
HTTP_REFERER: 
requested: array(3) {
  ["controller"] => string(12) "wp-login.php"
  ["action"] => string(5) "index"
  ["module"] => string(7) "default"
}


--------------------------------------------------------------------------------
2018-01-05T06:08:45+00:00 ERR (3) 404 Seite nicht gefunden
REMOTE_ADDR: 60.48.83.130
HTTP_REFERER: 
requested: array(3) {
  ["controller"] => string(12) "wp-login.php"
  ["action"] => string(5) "index"
  ["module"] => string(7) "default"
}


--------------------------------------------------------------------------------
2018-01-05T06:24:51+00:00 ERR (3) 404 Seite nicht gefunden
REMOTE_ADDR: 105.184.26.58
HTTP_REFERER: 
requested: array(3) {
  ["controller"] => string(12) "wp-login.php"
  ["action"] => string(5) "index"
  ["module"] => string(7) "default"
}


--------------------------------------------------------------------------------
2018-01-05T06:34:07+00:00 ERR (3) 404 Seite nicht gefunden
REMOTE_ADDR: 117.193.73.227
HTTP_REFERER: 
requested: array(3) {
  ["controller"] => string(12) "wp-login.php"
  ["action"] => string(5) "index"
  ["module"] => string(7) "default"
}


--------------------------------------------------------------------------------
2018-01-05T06:45:55+00:00 ERR (3) 404 Seite nicht gefunden
REMOTE_ADDR: 87.113.53.241
HTTP_REFERER: 
requested: array(3) {
  ["controller"] => string(12) "wp-login.php"
  ["action"] => string(5) "index"
  ["module"] => string(7) "default"
}


--------------------------------------------------------------------------------
2018-01-05T07:03:56+00:00 ERR (3) 404 Page not found
REMOTE_ADDR: 185.21.217.5
HTTP_REFERER: 
requested: array(4) {
  ["controller"] => string(7) "cgi-bin"
  ["action"] => string(4) "php5"
  ["module"] => string(7) "default"
  ["%2D%64_%61%6C%6C%6F%77%5F%75%72%6C%5F%69%6E%63%6C%75%64%65%3D%6F%6E_%2D%64_%73%61%66%65%5F%6D%6F%64%65%3D%6F%66%66_%2D%64_%73%75%68%6F%73%69%6E%2E%73%69%6D%75%6C%61%74%69%6F%6E%3D%6F%6E_%2D%64_%64%69%73%61%62%6C%65%5F%66%75%6E%63%74%69%6F%6E%73%3D%22%22_%2D%64_%6F%70%65%6E%5F%62%61%73%65%64%69%72%3D%6E%6F%6E%65_%2D%64_%61%75%74%6F%5F%70%72%65%70%65%6E%64%5F%66%69%6C%65%3D%70%68%70%3A%2F%2F%69%6E%70%75%74_%2D%64_%63%67%69%2E%66%6F%72%63%65%5F%72%65%64%69%72%65%63%74%3D%30_%2D%64_%63%67%69%2E%72%65%64%69%72%65%63%74%5F%73%74%61%74%75%73%5F%65%6E%76%3D%30_%2D%6E"] => string(0) ""
}


--------------------------------------------------------------------------------
2018-01-05T07:03:57+00:00 ERR (3) 404 Page not found
REMOTE_ADDR: 185.21.217.5
HTTP_REFERER: 
requested: array(4) {
  ["controller"] => string(7) "cgi-bin"
  ["action"] => string(4) "php4"
  ["module"] => string(7) "default"
  ["%2D%64_%61%6C%6C%6F%77%5F%75%72%6C%5F%69%6E%63%6C%75%64%65%3D%6F%6E_%2D%64_%73%61%66%65%5F%6D%6F%64%65%3D%6F%66%66_%2D%64_%73%75%68%6F%73%69%6E%2E%73%69%6D%75%6C%61%74%69%6F%6E%3D%6F%6E_%2D%64_%64%69%73%61%62%6C%65%5F%66%75%6E%63%74%69%6F%6E%73%3D%22%22_%2D%64_%6F%70%65%6E%5F%62%61%73%65%64%69%72%3D%6E%6F%6E%65_%2D%64_%61%75%74%6F%5F%70%72%65%70%65%6E%64%5F%66%69%6C%65%3D%70%68%70%3A%2F%2F%69%6E%70%75%74_%2D%64_%63%67%69%2E%66%6F%72%63%65%5F%72%65%64%69%72%65%63%74%3D%30_%2D%64_%63%67%69%2E%72%65%64%69%72%65%63%74%5F%73%74%61%74%75%73%5F%65%6E%76%3D%30_%2D%6E"] => string(0) ""
}


--------------------------------------------------------------------------------
2018-01-05T07:03:58+00:00 ERR (3) 404 Page not found
REMOTE_ADDR: 185.21.217.5
HTTP_REFERER: 
requested: array(4) {
  ["controller"] => string(7) "cgi-bin"
  ["action"] => string(7) "php-cgi"
  ["module"] => string(7) "default"
  ["%2D%64_%61%6C%6C%6F%77%5F%75%72%6C%5F%69%6E%63%6C%75%64%65%3D%6F%6E_%2D%64_%73%61%66%65%5F%6D%6F%64%65%3D%6F%66%66_%2D%64_%73%75%68%6F%73%69%6E%2E%73%69%6D%75%6C%61%74%69%6F%6E%3D%6F%6E_%2D%64_%64%69%73%61%62%6C%65%5F%66%75%6E%63%74%69%6F%6E%73%3D%22%22_%2D%64_%6F%70%65%6E%5F%62%61%73%65%64%69%72%3D%6E%6F%6E%65_%2D%64_%61%75%74%6F%5F%70%72%65%70%65%6E%64%5F%66%69%6C%65%3D%70%68%70%3A%2F%2F%69%6E%70%75%74_%2D%64_%63%67%69%2E%66%6F%72%63%65%5F%72%65%64%69%72%65%63%74%3D%30_%2D%64_%63%67%69%2E%72%65%64%69%72%65%63%74%5F%73%74%61%74%75%73%5F%65%6E%76%3D%30_%2D%6E"] => string(0) ""
}


--------------------------------------------------------------------------------
2018-01-05T07:03:58+00:00 ERR (3) 404 Page not found
REMOTE_ADDR: 185.21.217.5
HTTP_REFERER: 
requested: array(4) {
  ["controller"] => string(7) "cgi-bin"
  ["action"] => string(7) "php.cgi"
  ["module"] => string(7) "default"
  ["%2D%64_%61%6C%6C%6F%77%5F%75%72%6C%5F%69%6E%63%6C%75%64%65%3D%6F%6E_%2D%64_%73%61%66%65%5F%6D%6F%64%65%3D%6F%66%66_%2D%64_%73%75%68%6F%73%69%6E%2E%73%69%6D%75%6C%61%74%69%6F%6E%3D%6F%6E_%2D%64_%64%69%73%61%62%6C%65%5F%66%75%6E%63%74%69%6F%6E%73%3D%22%22_%2D%64_%6F%70%65%6E%5F%62%61%73%65%64%69%72%3D%6E%6F%6E%65_%2D%64_%61%75%74%6F%5F%70%72%65%70%65%6E%64%5F%66%69%6C%65%3D%70%68%70%3A%2F%2F%69%6E%70%75%74_%2D%64_%63%67%69%2E%66%6F%72%63%65%5F%72%65%64%69%72%65%63%74%3D%30_%2D%64_%63%67%69%2E%72%65%64%69%72%65%63%74%5F%73%74%61%74%75%73%5F%65%6E%76%3D%30_%2D%6E"] => string(0) ""
}


--------------------------------------------------------------------------------
2018-01-05T07:19:40+00:00 ERR (3) 404 Seite nicht gefunden
REMOTE_ADDR: 47.42.239.9
HTTP_REFERER: 
requested: array(3) {
  ["controller"] => string(12) "wp-login.php"
  ["action"] => string(5) "index"
  ["module"] => string(7) "default"
}


--------------------------------------------------------------------------------
2018-01-05T07:25:23+00:00 ERR (3) 404 Seite nicht gefunden
REMOTE_ADDR: 79.255.45.87
HTTP_REFERER: 
requested: array(3) {
  ["controller"] => string(6) "https:"
  ["action"] => string(19) "silber-und-blei.com"
  ["module"] => string(7) "default"
}


--------------------------------------------------------------------------------
2018-01-05T07:44:13+00:00 ERR (3) 404 Seite nicht gefunden
REMOTE_ADDR: 61.8.158.107
HTTP_REFERER: 
requested: array(3) {
  ["controller"] => string(12) "wp-login.php"
  ["action"] => string(5) "index"
  ["module"] => string(7) "default"
}


--------------------------------------------------------------------------------
2018-01-05T08:14:27+00:00 ERR (3) 404 Seite nicht gefunden
REMOTE_ADDR: 79.255.45.87
HTTP_REFERER: 
requested: array(4) {
  ["controller"] => string(6) "https:"
  [""] => string(19) "silber-und-blei.com"
  ["action"] => string(5) "index"
  ["module"] => string(7) "default"
}


--------------------------------------------------------------------------------
2018-01-05T08:15:01+00:00 ERR (3) 404 Seite nicht gefunden
REMOTE_ADDR: 77.127.22.160
HTTP_REFERER: 
requested: array(3) {
  ["controller"] => string(12) "wp-login.php"
  ["action"] => string(5) "index"
  ["module"] => string(7) "default"
}


--------------------------------------------------------------------------------
2018-01-05T08:30:33+00:00 ERR (3) 404 "" was not found.
REMOTE_ADDR: 64.62.252.163
HTTP_REFERER: 
requested: array(5) {
  ["lang"] => string(2) "en"
  ["action"] => string(7) "archive"
  ["module"] => string(7) "default"
  ["controller"] => string(5) "index"
  ["key"] => string(0) ""
}


--------------------------------------------------------------------------------
2018-01-05T08:31:18+00:00 ERR (3) 404 Seite nicht gefunden
REMOTE_ADDR: 110.93.200.154
HTTP_REFERER: 
requested: array(3) {
  ["controller"] => string(12) "wp-login.php"
  ["action"] => string(5) "index"
  ["module"] => string(7) "default"
}


--------------------------------------------------------------------------------
2018-01-05T08:31:19+00:00 ERR (3) 404 "" was not found.
REMOTE_ADDR: 64.62.252.163
HTTP_REFERER: 
requested: array(5) {
  ["lang"] => string(2) "de"
  ["action"] => string(7) "archive"
  ["module"] => string(7) "default"
  ["controller"] => string(5) "index"
  ["key"] => string(0) ""
}


--------------------------------------------------------------------------------
2018-01-05T08:31:19+00:00 ERR (3) 404 "" was not found.
REMOTE_ADDR: 64.62.252.163
HTTP_REFERER: 
requested: array(5) {
  ["lang"] => string(2) "en"
  ["action"] => string(7) "archive"
  ["module"] => string(7) "default"
  ["controller"] => string(5) "index"
  ["key"] => string(0) ""
}


--------------------------------------------------------------------------------
2018-01-05T08:50:30+00:00 ERR (3) 404 Seite nicht gefunden
REMOTE_ADDR: 24.133.211.153
HTTP_REFERER: 
requested: array(3) {
  ["controller"] => string(12) "wp-login.php"
  ["action"] => string(5) "index"
  ["module"] => string(7) "default"
}


--------------------------------------------------------------------------------
2018-01-05T09:32:47+00:00 ERR (3) 404 Seite nicht gefunden
REMOTE_ADDR: 49.148.83.21
HTTP_REFERER: 
requested: array(3) {
  ["controller"] => string(12) "wp-login.php"
  ["action"] => string(5) "index"
  ["module"] => string(7) "default"
}


--------------------------------------------------------------------------------
2018-01-05T09:43:45+00:00 ERR (3) 404 Seite nicht gefunden
REMOTE_ADDR: 86.120.40.101
HTTP_REFERER: 
requested: array(3) {
  ["controller"] => string(12) "wp-login.php"
  ["action"] => string(5) "index"
  ["module"] => string(7) "default"
}


--------------------------------------------------------------------------------
2018-01-05T09:59:29+00:00 ERR (3) 404 Seite nicht gefunden
REMOTE_ADDR: 178.79.0.16
HTTP_REFERER: 
requested: array(3) {
  ["controller"] => string(12) "wp-login.php"
  ["action"] => string(5) "index"
  ["module"] => string(7) "default"
}


--------------------------------------------------------------------------------
2018-01-05T10:26:38+00:00 ERR (3) 404 Seite nicht gefunden
REMOTE_ADDR: 117.200.165.255
HTTP_REFERER: 
requested: array(3) {
  ["controller"] => string(12) "wp-login.php"
  ["action"] => string(5) "index"
  ["module"] => string(7) "default"
}


--------------------------------------------------------------------------------
2018-01-05T10:34:54+00:00 ERR (3) 404 Seite nicht gefunden
REMOTE_ADDR: 112.196.171.75
HTTP_REFERER: 
requested: array(3) {
  ["controller"] => string(12) "wp-login.php"
  ["action"] => string(5) "index"
  ["module"] => string(7) "default"
}


--------------------------------------------------------------------------------
2018-01-05T10:58:31+00:00 ERR (3) 404 Seite nicht gefunden
REMOTE_ADDR: 103.69.26.128
HTTP_REFERER: 
requested: array(3) {
  ["controller"] => string(12) "wp-login.php"
  ["action"] => string(5) "index"
  ["module"] => string(7) "default"
}


--------------------------------------------------------------------------------
2018-01-05T11:13:47+00:00 ERR (3) 404 Seite nicht gefunden
REMOTE_ADDR: 167.249.168.74
HTTP_REFERER: 
requested: array(3) {
  ["controller"] => string(12) "wp-login.php"
  ["action"] => string(5) "index"
  ["module"] => string(7) "default"
}


--------------------------------------------------------------------------------
2018-01-05T11:23:16+00:00 ERR (3) 404 Seite nicht gefunden
REMOTE_ADDR: 83.55.128.129
HTTP_REFERER: 
requested: array(3) {
  ["controller"] => string(12) "wp-login.php"
  ["action"] => string(5) "index"
  ["module"] => string(7) "default"
}


--------------------------------------------------------------------------------
2018-01-05T11:33:31+00:00 ERR (3) 404 Seite nicht gefunden
REMOTE_ADDR: 213.149.62.74
HTTP_REFERER: 
requested: array(3) {
  ["controller"] => string(12) "wp-login.php"
  ["action"] => string(5) "index"
  ["module"] => string(7) "default"
}


--------------------------------------------------------------------------------
2018-01-05T11:42:10+00:00 ERR (3) 404 Seite nicht gefunden
REMOTE_ADDR: 80.97.226.212
HTTP_REFERER: 
requested: array(3) {
  ["controller"] => string(12) "wp-login.php"
  ["action"] => string(5) "index"
  ["module"] => string(7) "default"
}


--------------------------------------------------------------------------------
2018-01-05T11:51:50+00:00 ERR (3) 404 Seite nicht gefunden
REMOTE_ADDR: 192.140.148.108
HTTP_REFERER: 
requested: array(3) {
  ["controller"] => string(12) "wp-login.php"
  ["action"] => string(5) "index"
  ["module"] => string(7) "default"
}


--------------------------------------------------------------------------------
2018-01-05T12:15:17+00:00 ERR (3) 404 Seite nicht gefunden
REMOTE_ADDR: 27.5.189.88
HTTP_REFERER: 
requested: array(3) {
  ["controller"] => string(12) "wp-login.php"
  ["action"] => string(5) "index"
  ["module"] => string(7) "default"
}


--------------------------------------------------------------------------------
2018-01-05T12:15:24+00:00 ERR (3) 404 Seite nicht gefunden
REMOTE_ADDR: 2.81.148.134
HTTP_REFERER: 
requested: array(3) {
  ["controller"] => string(12) "wp-login.php"
  ["action"] => string(5) "index"
  ["module"] => string(7) "default"
}


--------------------------------------------------------------------------------
2018-01-05T13:04:13+00:00 ERR (3) 404 Seite nicht gefunden
REMOTE_ADDR: 217.39.100.182
HTTP_REFERER: 
requested: array(3) {
  ["controller"] => string(12) "wp-login.php"
  ["action"] => string(5) "index"
  ["module"] => string(7) "default"
}


--------------------------------------------------------------------------------
2018-01-05T13:16:10+00:00 ERR (3) 404 Seite nicht gefunden
REMOTE_ADDR: 124.29.237.123
HTTP_REFERER: 
requested: array(3) {
  ["controller"] => string(12) "wp-login.php"
  ["action"] => string(5) "index"
  ["module"] => string(7) "default"
}


--------------------------------------------------------------------------------
2018-01-05T14:03:30+00:00 ERR (3) 404 Seite nicht gefunden
REMOTE_ADDR: 106.71.47.187
HTTP_REFERER: 
requested: array(3) {
  ["controller"] => string(12) "wp-login.php"
  ["action"] => string(5) "index"
  ["module"] => string(7) "default"
}


--------------------------------------------------------------------------------
2018-01-05T14:06:37+00:00 ERR (3) 404 Seite nicht gefunden
REMOTE_ADDR: 86.45.137.178
HTTP_REFERER: 
requested: array(3) {
  ["controller"] => string(12) "wp-login.php"
  ["action"] => string(5) "index"
  ["module"] => string(7) "default"
}


--------------------------------------------------------------------------------
2018-01-05T14:11:17+00:00 ERR (3) 404 Seite nicht gefunden
REMOTE_ADDR: 92.58.65.97
HTTP_REFERER: 
requested: array(3) {
  ["controller"] => string(12) "wp-login.php"
  ["action"] => string(5) "index"
  ["module"] => string(7) "default"
}


--------------------------------------------------------------------------------
2018-01-05T14:18:12+00:00 ERR (3) 404 Seite nicht gefunden
REMOTE_ADDR: 112.134.121.181
HTTP_REFERER: 
requested: array(3) {
  ["controller"] => string(12) "wp-login.php"
  ["action"] => string(5) "index"
  ["module"] => string(7) "default"
}


--------------------------------------------------------------------------------
2018-01-05T14:30:18+00:00 ERR (3) 404 Seite nicht gefunden
REMOTE_ADDR: 191.189.14.146
HTTP_REFERER: 
requested: array(3) {
  ["controller"] => string(12) "wp-login.php"
  ["action"] => string(5) "index"
  ["module"] => string(7) "default"
}


--------------------------------------------------------------------------------
2018-01-05T14:30:26+00:00 ERR (3) 404 Seite nicht gefunden
REMOTE_ADDR: 190.100.245.131
HTTP_REFERER: 
requested: array(3) {
  ["controller"] => string(12) "wp-login.php"
  ["action"] => string(5) "index"
  ["module"] => string(7) "default"
}


--------------------------------------------------------------------------------
2018-01-05T14:41:47+00:00 ERR (3) 404 Seite nicht gefunden
REMOTE_ADDR: 126.109.12.70
HTTP_REFERER: 
requested: array(3) {
  ["controller"] => string(12) "wp-login.php"
  ["action"] => string(5) "index"
  ["module"] => string(7) "default"
}


--------------------------------------------------------------------------------
2018-01-05T14:49:00+00:00 ERR (3) 404 Seite nicht gefunden
REMOTE_ADDR: 103.83.128.30
HTTP_REFERER: 
requested: array(3) {
  ["controller"] => string(12) "wp-login.php"
  ["action"] => string(5) "index"
  ["module"] => string(7) "default"
}


--------------------------------------------------------------------------------
2018-01-05T15:01:37+00:00 ERR (3) 404 Seite nicht gefunden
REMOTE_ADDR: 179.214.67.149
HTTP_REFERER: 
requested: array(3) {
  ["controller"] => string(12) "wp-login.php"
  ["action"] => string(5) "index"
  ["module"] => string(7) "default"
}


--------------------------------------------------------------------------------
2018-01-05T15:03:32+00:00 ERR (3) 404 Seite nicht gefunden
REMOTE_ADDR: 94.47.15.214
HTTP_REFERER: 
requested: array(3) {
  ["controller"] => string(12) "wp-login.php"
  ["action"] => string(5) "index"
  ["module"] => string(7) "default"
}


--------------------------------------------------------------------------------
2018-01-05T15:25:22+00:00 ERR (3) 404 Seite nicht gefunden
REMOTE_ADDR: 203.106.114.133
HTTP_REFERER: 
requested: array(3) {
  ["controller"] => string(12) "wp-login.php"
  ["action"] => string(5) "index"
  ["module"] => string(7) "default"
}


--------------------------------------------------------------------------------
2018-01-05T15:31:53+00:00 ERR (3) 404 Seite nicht gefunden
REMOTE_ADDR: 41.86.228.253
HTTP_REFERER: 
requested: array(3) {
  ["controller"] => string(12) "wp-login.php"
  ["action"] => string(5) "index"
  ["module"] => string(7) "default"
}


--------------------------------------------------------------------------------
2018-01-05T15:40:39+00:00 ERR (3) 404 Seite nicht gefunden
REMOTE_ADDR: 176.136.255.53
HTTP_REFERER: 
requested: array(3) {
  ["controller"] => string(12) "wp-login.php"
  ["action"] => string(5) "index"
  ["module"] => string(7) "default"
}


--------------------------------------------------------------------------------
2018-01-05T16:06:20+00:00 ERR (3) 404 Seite nicht gefunden
REMOTE_ADDR: 174.138.203.199
HTTP_REFERER: 
requested: array(3) {
  ["controller"] => string(12) "wp-login.php"
  ["action"] => string(5) "index"
  ["module"] => string(7) "default"
}


--------------------------------------------------------------------------------
2018-01-05T16:12:53+00:00 ERR (3) 404 Seite nicht gefunden
REMOTE_ADDR: 185.2.188.215
HTTP_REFERER: 
requested: array(3) {
  ["controller"] => string(12) "wp-login.php"
  ["action"] => string(5) "index"
  ["module"] => string(7) "default"
}


--------------------------------------------------------------------------------
2018-01-05T16:29:10+00:00 ERR (3) 404 Seite nicht gefunden
REMOTE_ADDR: 41.230.40.28
HTTP_REFERER: 
requested: array(3) {
  ["controller"] => string(12) "wp-login.php"
  ["action"] => string(5) "index"
  ["module"] => string(7) "default"
}


--------------------------------------------------------------------------------
2018-01-05T16:35:13+00:00 ERR (3) 404 Seite nicht gefunden
REMOTE_ADDR: 5.173.225.152
HTTP_REFERER: 
requested: array(3) {
  ["controller"] => string(12) "wp-login.php"
  ["action"] => string(5) "index"
  ["module"] => string(7) "default"
}


--------------------------------------------------------------------------------
2018-01-05T16:37:17+00:00 ERR (3) 404 Page not found
REMOTE_ADDR: 78.128.92.174
HTTP_REFERER: 
requested: array(3) {
  ["controller"] => string(8) "wp-admin"
  ["action"] => string(5) "index"
  ["module"] => string(7) "default"
}


--------------------------------------------------------------------------------
2018-01-05T16:37:17+00:00 ERR (3) 404 Page not found
REMOTE_ADDR: 78.128.92.174
HTTP_REFERER: 
requested: array(3) {
  ["controller"] => string(12) "wp-login.php"
  ["action"] => string(5) "index"
  ["module"] => string(7) "default"
}


--------------------------------------------------------------------------------
2018-01-05T16:40:06+00:00 ERR (3) 404 Seite nicht gefunden
REMOTE_ADDR: 47.35.121.81
HTTP_REFERER: 
requested: array(3) {
  ["controller"] => string(12) "wp-login.php"
  ["action"] => string(5) "index"
  ["module"] => string(7) "default"
}


--------------------------------------------------------------------------------
2018-01-05T16:47:58+00:00 ERR (3) 404 Seite nicht gefunden
REMOTE_ADDR: 109.92.144.242
HTTP_REFERER: 
requested: array(3) {
  ["controller"] => string(12) "wp-login.php"
  ["action"] => string(5) "index"
  ["module"] => string(7) "default"
}


--------------------------------------------------------------------------------
2018-01-05T16:48:39+00:00 ERR (3) 404 Seite nicht gefunden
REMOTE_ADDR: 112.198.118.190
HTTP_REFERER: 
requested: array(3) {
  ["controller"] => string(12) "wp-login.php"
  ["action"] => string(5) "index"
  ["module"] => string(7) "default"
}


--------------------------------------------------------------------------------
2018-01-05T16:55:22+00:00 ERR (3) 404 Seite nicht gefunden
REMOTE_ADDR: 72.141.16.113
HTTP_REFERER: 
requested: array(3) {
  ["controller"] => string(12) "wp-login.php"
  ["action"] => string(5) "index"
  ["module"] => string(7) "default"
}


--------------------------------------------------------------------------------
2018-01-05T16:57:42+00:00 ERR (3) 404 Seite nicht gefunden
REMOTE_ADDR: 86.83.44.45
HTTP_REFERER: 
requested: array(3) {
  ["controller"] => string(12) "wp-login.php"
  ["action"] => string(5) "index"
  ["module"] => string(7) "default"
}


--------------------------------------------------------------------------------
2018-01-05T17:00:17+00:00 ERR (3) 404 Seite nicht gefunden
REMOTE_ADDR: 178.221.91.169
HTTP_REFERER: 
requested: array(3) {
  ["controller"] => string(12) "wp-login.php"
  ["action"] => string(5) "index"
  ["module"] => string(7) "default"
}


--------------------------------------------------------------------------------
2018-01-05T17:07:44+00:00 ERR (3) 404 Seite nicht gefunden
REMOTE_ADDR: 103.87.59.184
HTTP_REFERER: 
requested: array(3) {
  ["controller"] => string(12) "wp-login.php"
  ["action"] => string(5) "index"
  ["module"] => string(7) "default"
}


--------------------------------------------------------------------------------
2018-01-05T17:14:43+00:00 ERR (3) 404 Seite nicht gefunden
REMOTE_ADDR: 46.118.114.206
HTTP_REFERER: http://graphicore.de/blog/wp-login.php
requested: array(3) {
  ["controller"] => string(4) "blog"
  ["action"] => string(12) "wp-login.php"
  ["module"] => string(7) "default"
}


--------------------------------------------------------------------------------
2018-01-05T17:14:43+00:00 ERR (3) 404 Seite nicht gefunden
REMOTE_ADDR: 46.118.114.206
HTTP_REFERER: http://graphicore.de/wordpress/wp-login.php
requested: array(3) {
  ["controller"] => string(9) "wordpress"
  ["action"] => string(12) "wp-login.php"
  ["module"] => string(7) "default"
}


--------------------------------------------------------------------------------
2018-01-05T17:14:43+00:00 ERR (3) 404 Seite nicht gefunden
REMOTE_ADDR: 46.118.114.206
HTTP_REFERER: http://graphicore.de/wp-login.php
requested: array(3) {
  ["controller"] => string(12) "wp-login.php"
  ["action"] => string(5) "index"
  ["module"] => string(7) "default"
}


--------------------------------------------------------------------------------
2018-01-05T17:20:28+00:00 ERR (3) 404 Seite nicht gefunden
REMOTE_ADDR: 104.204.104.202
HTTP_REFERER: 
requested: array(3) {
  ["controller"] => string(12) "wp-login.php"
  ["action"] => string(5) "index"
  ["module"] => string(7) "default"
}


--------------------------------------------------------------------------------
2018-01-05T17:32:40+00:00 ERR (3) 404 Seite nicht gefunden
REMOTE_ADDR: 115.97.215.49
HTTP_REFERER: 
requested: array(3) {
  ["controller"] => string(12) "wp-login.php"
  ["action"] => string(5) "index"
  ["module"] => string(7) "default"
}


--------------------------------------------------------------------------------
2018-01-05T17:33:36+00:00 ERR (3) 404 Seite nicht gefunden
REMOTE_ADDR: 103.204.244.2
HTTP_REFERER: 
requested: array(3) {
  ["controller"] => string(12) "wp-login.php"
  ["action"] => string(5) "index"
  ["module"] => string(7) "default"
}


--------------------------------------------------------------------------------
2018-01-05T17:51:26+00:00 ERR (3) 404 Seite nicht gefunden
REMOTE_ADDR: 81.184.9.7
HTTP_REFERER: 
requested: array(3) {
  ["controller"] => string(12) "wp-login.php"
  ["action"] => string(5) "index"
  ["module"] => string(7) "default"
}


--------------------------------------------------------------------------------
2018-01-05T17:56:33+00:00 ERR (3) 404 Seite nicht gefunden
REMOTE_ADDR: 124.176.149.38
HTTP_REFERER: 
requested: array(3) {
  ["controller"] => string(12) "wp-login.php"
  ["action"] => string(5) "index"
  ["module"] => string(7) "default"
}


--------------------------------------------------------------------------------
2018-01-05T18:10:07+00:00 ERR (3) 404 Seite nicht gefunden
REMOTE_ADDR: 109.81.209.136
HTTP_REFERER: 
requested: array(3) {
  ["controller"] => string(12) "wp-login.php"
  ["action"] => string(5) "index"
  ["module"] => string(7) "default"
}


--------------------------------------------------------------------------------
2018-01-05T18:10:24+00:00 ERR (3) 404 Seite nicht gefunden
REMOTE_ADDR: 37.231.176.226
HTTP_REFERER: 
requested: array(3) {
  ["controller"] => string(12) "wp-login.php"
  ["action"] => string(5) "index"
  ["module"] => string(7) "default"
}


--------------------------------------------------------------------------------
2018-01-05T18:11:06+00:00 ERR (3) 404 Seite nicht gefunden
REMOTE_ADDR: 128.201.52.2
HTTP_REFERER: 
requested: array(3) {
  ["controller"] => string(12) "wp-login.php"
  ["action"] => string(5) "index"
  ["module"] => string(7) "default"
}


--------------------------------------------------------------------------------
2018-01-05T18:12:36+00:00 ERR (3) 404 Seite nicht gefunden
REMOTE_ADDR: 185.12.78.183
HTTP_REFERER: 
requested: array(3) {
  ["controller"] => string(12) "wp-login.php"
  ["action"] => string(5) "index"
  ["module"] => string(7) "default"
}


--------------------------------------------------------------------------------
2018-01-05T18:12:42+00:00 ERR (3) 404 Seite nicht gefunden
REMOTE_ADDR: 188.252.80.15
HTTP_REFERER: 
requested: array(3) {
  ["controller"] => string(12) "wp-login.php"
  ["action"] => string(5) "index"
  ["module"] => string(7) "default"
}


--------------------------------------------------------------------------------
2018-01-05T18:19:20+00:00 ERR (3) 404 Seite nicht gefunden
REMOTE_ADDR: 146.241.164.209
HTTP_REFERER: 
requested: array(3) {
  ["controller"] => string(12) "wp-login.php"
  ["action"] => string(5) "index"
  ["module"] => string(7) "default"
}


--------------------------------------------------------------------------------
2018-01-05T18:36:13+00:00 ERR (3) 404 Seite nicht gefunden
REMOTE_ADDR: 69.47.122.238
HTTP_REFERER: 
requested: array(3) {
  ["controller"] => string(12) "wp-login.php"
  ["action"] => string(5) "index"
  ["module"] => string(7) "default"
}


--------------------------------------------------------------------------------
2018-01-05T18:48:09+00:00 ERR (3) 404 Seite nicht gefunden
REMOTE_ADDR: 176.88.47.192
HTTP_REFERER: 
requested: array(3) {
  ["controller"] => string(12) "wp-login.php"
  ["action"] => string(5) "index"
  ["module"] => string(7) "default"
}


--------------------------------------------------------------------------------
2018-01-05T19:05:55+00:00 ERR (3) 404 Seite nicht gefunden
REMOTE_ADDR: 46.107.252.226
HTTP_REFERER: 
requested: array(3) {
  ["controller"] => string(12) "wp-login.php"
  ["action"] => string(5) "index"
  ["module"] => string(7) "default"
}


--------------------------------------------------------------------------------
2018-01-05T19:19:57+00:00 ERR (3) 404 Seite nicht gefunden
REMOTE_ADDR: 202.156.183.80
HTTP_REFERER: 
requested: array(3) {
  ["controller"] => string(12) "wp-login.php"
  ["action"] => string(5) "index"
  ["module"] => string(7) "default"
}


--------------------------------------------------------------------------------
2018-01-05T19:36:43+00:00 ERR (3) 404 Seite nicht gefunden
REMOTE_ADDR: 62.248.29.74
HTTP_REFERER: 
requested: array(3) {
  ["controller"] => string(12) "wp-login.php"
  ["action"] => string(5) "index"
  ["module"] => string(7) "default"
}


--------------------------------------------------------------------------------
2018-01-05T19:42:23+00:00 ERR (3) 404 Seite nicht gefunden
REMOTE_ADDR: 86.199.221.100
HTTP_REFERER: 
requested: array(3) {
  ["controller"] => string(12) "wp-login.php"
  ["action"] => string(5) "index"
  ["module"] => string(7) "default"
}


--------------------------------------------------------------------------------
2018-01-05T20:00:19+00:00 ERR (3) 404 Seite nicht gefunden
REMOTE_ADDR: 186.144.69.246
HTTP_REFERER: 
requested: array(3) {
  ["controller"] => string(12) "wp-login.php"
  ["action"] => string(5) "index"
  ["module"] => string(7) "default"
}


--------------------------------------------------------------------------------
2018-01-05T20:06:09+00:00 ERR (3) 404 Seite nicht gefunden
REMOTE_ADDR: 89.2.90.167
HTTP_REFERER: 
requested: array(3) {
  ["controller"] => string(12) "wp-login.php"
  ["action"] => string(5) "index"
  ["module"] => string(7) "default"
}


--------------------------------------------------------------------------------
2018-01-05T20:15:39+00:00 ERR (3) 404 Seite nicht gefunden
REMOTE_ADDR: 103.47.18.92
HTTP_REFERER: 
requested: array(3) {
  ["controller"] => string(12) "wp-login.php"
  ["action"] => string(5) "index"
  ["module"] => string(7) "default"
}


--------------------------------------------------------------------------------
2018-01-05T20:16:08+00:00 ERR (3) 404 Seite nicht gefunden
REMOTE_ADDR: 14.139.54.194
HTTP_REFERER: 
requested: array(3) {
  ["controller"] => string(12) "wp-login.php"
  ["action"] => string(5) "index"
  ["module"] => string(7) "default"
}


--------------------------------------------------------------------------------
2018-01-05T20:20:47+00:00 ERR (3) 404 Seite nicht gefunden
REMOTE_ADDR: 116.75.244.211
HTTP_REFERER: 
requested: array(3) {
  ["controller"] => string(12) "wp-login.php"
  ["action"] => string(5) "index"
  ["module"] => string(7) "default"
}


--------------------------------------------------------------------------------
2018-01-05T20:32:39+00:00 ERR (3) 404 Seite nicht gefunden
REMOTE_ADDR: 41.102.189.62
HTTP_REFERER: 
requested: array(3) {
  ["controller"] => string(12) "wp-login.php"
  ["action"] => string(5) "index"
  ["module"] => string(7) "default"
}


--------------------------------------------------------------------------------
2018-01-05T20:57:27+00:00 ERR (3) 404 Seite nicht gefunden
REMOTE_ADDR: 78.173.238.188
HTTP_REFERER: 
requested: array(3) {
  ["controller"] => string(12) "wp-login.php"
  ["action"] => string(5) "index"
  ["module"] => string(7) "default"
}


--------------------------------------------------------------------------------
2018-01-05T21:28:47+00:00 ERR (3) 404 Seite nicht gefunden
REMOTE_ADDR: 116.212.183.98
HTTP_REFERER: 
requested: array(3) {
  ["controller"] => string(12) "wp-login.php"
  ["action"] => string(5) "index"
  ["module"] => string(7) "default"
}


--------------------------------------------------------------------------------
2018-01-05T21:44:30+00:00 ERR (3) 404 Seite nicht gefunden
REMOTE_ADDR: 92.245.178.227
HTTP_REFERER: 
requested: array(3) {
  ["controller"] => string(12) "wp-login.php"
  ["action"] => string(5) "index"
  ["module"] => string(7) "default"
}


--------------------------------------------------------------------------------
2018-01-05T21:51:27+00:00 ERR (3) 404 Seite nicht gefunden
REMOTE_ADDR: 160.177.3.182
HTTP_REFERER: 
requested: array(3) {
  ["controller"] => string(12) "wp-login.php"
  ["action"] => string(5) "index"
  ["module"] => string(7) "default"
}


--------------------------------------------------------------------------------
2018-01-05T22:08:03+00:00 ERR (3) 404 Seite nicht gefunden
REMOTE_ADDR: 195.211.138.141
HTTP_REFERER: 
requested: array(3) {
  ["controller"] => string(12) "wp-login.php"
  ["action"] => string(5) "index"
  ["module"] => string(7) "default"
}


--------------------------------------------------------------------------------
2018-01-05T22:15:49+00:00 ERR (3) 404 Seite nicht gefunden
REMOTE_ADDR: 125.209.96.10
HTTP_REFERER: 
requested: array(3) {
  ["controller"] => string(12) "wp-login.php"
  ["action"] => string(5) "index"
  ["module"] => string(7) "default"
}


--------------------------------------------------------------------------------
2018-01-05T23:06:25+00:00 ERR (3) 404 Seite nicht gefunden
REMOTE_ADDR: 41.227.255.200
HTTP_REFERER: 
requested: array(3) {
  ["controller"] => string(12) "wp-login.php"
  ["action"] => string(5) "index"
  ["module"] => string(7) "default"
}


--------------------------------------------------------------------------------
2018-01-05T23:13:52+00:00 ERR (3) 404 Seite nicht gefunden
REMOTE_ADDR: 124.29.237.220
HTTP_REFERER: 
requested: array(3) {
  ["controller"] => string(12) "wp-login.php"
  ["action"] => string(5) "index"
  ["module"] => string(7) "default"
}


--------------------------------------------------------------------------------
2018-01-05T23:52:03+00:00 ERR (3) 404 Seite nicht gefunden
REMOTE_ADDR: 41.239.160.227
HTTP_REFERER: 
requested: array(3) {
  ["controller"] => string(12) "wp-login.php"
  ["action"] => string(5) "index"
  ["module"] => string(7) "default"
}


--------------------------------------------------------------------------------
2018-01-05T23:57:43+00:00 ERR (3) 404 Seite nicht gefunden
REMOTE_ADDR: 187.13.115.61
HTTP_REFERER: 
requested: array(3) {
  ["controller"] => string(12) "wp-login.php"
  ["action"] => string(5) "index"
  ["module"] => string(7) "default"
}


--------------------------------------------------------------------------------
