2015-12-20T01:05:49+00:00 ERR (3) 404 "hire-lasse" was not found.
REMOTE_ADDR: 192.95.29.116
HTTP_REFERER: 
requested: array(5) {
  ["lang"] => string(2) "de"
  ["action"] => string(4) "page"
  ["key"] => string(10) "hire-lasse"
  ["module"] => string(7) "default"
  ["controller"] => string(5) "index"
}


--------------------------------------------------------------------------------
2015-12-20T01:06:26+00:00 ERR (3) 404 "hire-lasse" was not found.
REMOTE_ADDR: 192.95.29.116
HTTP_REFERER: 
requested: array(5) {
  ["lang"] => string(2) "en"
  ["action"] => string(4) "page"
  ["key"] => string(10) "hire-lasse"
  ["module"] => string(7) "default"
  ["controller"] => string(5) "index"
}


--------------------------------------------------------------------------------
2015-12-20T01:15:01+00:00 ERR (3) 404 Seite nicht gefunden
REMOTE_ADDR: 95.160.16.164
HTTP_REFERER: 
requested: array(3) {
  ["controller"] => string(13) "administrator"
  ["action"] => string(5) "index"
  ["module"] => string(7) "default"
}


--------------------------------------------------------------------------------
2015-12-20T01:18:42+00:00 ERR (3) 404 Seite nicht gefunden
REMOTE_ADDR: 177.47.187.20
HTTP_REFERER: 
requested: array(5) {
  ["controller"] => string(10) "components"
  ["action"] => string(15) "com_hdflvplayer"
  ["hdflvplayer"] => string(12) "download.php"
  ["module"] => string(7) "default"
  ["f"] => string(26) "../../../configuration.php"
}


--------------------------------------------------------------------------------
2015-12-20T01:18:46+00:00 ERR (3) 404 Seite nicht gefunden
REMOTE_ADDR: 177.47.187.20
HTTP_REFERER: 
requested: array(6) {
  ["controller"] => string(10) "components"
  ["action"] => string(9) "com_jnews"
  ["includes"] => string(14) "openflashchart"
  ["php-ofc-library"] => string(20) "ofc_upload_image.php"
  ["module"] => string(7) "default"
  ["name"] => string(7) "mil.php"
}


--------------------------------------------------------------------------------
2015-12-20T03:33:40+00:00 ERR (3) 404 "hire-lasse" was not found.
REMOTE_ADDR: 157.55.39.52
HTTP_REFERER: 
requested: array(5) {
  ["lang"] => string(2) "de"
  ["action"] => string(4) "page"
  ["key"] => string(10) "hire-lasse"
  ["module"] => string(7) "default"
  ["controller"] => string(5) "index"
}


--------------------------------------------------------------------------------
2015-12-20T10:33:59+00:00 ERR (3) 404 "hire-lasse" was not found.
REMOTE_ADDR: 46.4.120.3
HTTP_REFERER: 
requested: array(5) {
  ["lang"] => string(2) "en"
  ["action"] => string(4) "page"
  ["key"] => string(10) "hire-lasse"
  ["module"] => string(7) "default"
  ["controller"] => string(5) "index"
}


--------------------------------------------------------------------------------
2015-12-20T13:36:00+00:00 ERR (3) 404 Seite nicht gefunden
REMOTE_ADDR: 195.154.226.90
HTTP_REFERER: 
requested: array(3) {
  ["controller"] => string(16) "wp-trackback.php"
  ["action"] => string(5) "index"
  ["module"] => string(7) "default"
}


--------------------------------------------------------------------------------
2015-12-20T14:59:39+00:00 ERR (3) 404 Seite nicht gefunden
REMOTE_ADDR: 87.106.1.182
HTTP_REFERER: 
requested: array(3) {
  ["controller"] => string(5) "admin"
  ["action"] => string(5) "index"
  ["module"] => string(7) "default"
}


--------------------------------------------------------------------------------
2015-12-20T16:51:37+00:00 ERR (3) 404 Seite nicht gefunden
REMOTE_ADDR: 195.154.146.225
HTTP_REFERER: 
requested: array(3) {
  ["controller"] => string(16) "wp-trackback.php"
  ["action"] => string(5) "index"
  ["module"] => string(7) "default"
}


--------------------------------------------------------------------------------
2015-12-20T17:18:40+00:00 ERR (3) 404 "hire-lasse" was not found.
REMOTE_ADDR: 77.248.252.113
HTTP_REFERER: 
requested: array(5) {
  ["lang"] => string(2) "de"
  ["action"] => string(4) "page"
  ["key"] => string(10) "hire-lasse"
  ["module"] => string(7) "default"
  ["controller"] => string(5) "index"
}


--------------------------------------------------------------------------------
2015-12-20T21:35:43+00:00 ERR (3) 404 Seite nicht gefunden
REMOTE_ADDR: 195.154.227.118
HTTP_REFERER: 
requested: array(3) {
  ["controller"] => string(16) "wp-trackback.php"
  ["action"] => string(5) "index"
  ["module"] => string(7) "default"
}


--------------------------------------------------------------------------------
2015-12-20T22:01:15+00:00 ERR (3) 404 "hire-lasse" was not found.
REMOTE_ADDR: 157.55.39.53
HTTP_REFERER: 
requested: array(5) {
  ["lang"] => string(2) "de"
  ["action"] => string(4) "page"
  ["key"] => string(10) "hire-lasse"
  ["module"] => string(7) "default"
  ["controller"] => string(5) "index"
}


--------------------------------------------------------------------------------
