2013-03-03T01:23:57+00:00 ERR (3) 404 Seite nicht gefunden
REMOTE_ADDR: 66.249.75.207
HTTP_REFERER: 
requested: array(4) {
  ["controller"] => string(5) "diary"
  ["action"] => string(29) "tag:graphicore.de,2010-09-23:"
  ["diary"] => string(27) "201009231107214c9b34e9d0274"
  ["module"] => string(7) "default"
}


--------------------------------------------------------------------------------
2013-03-03T02:25:44+00:00 ERR (3) 404 Seite nicht gefunden
REMOTE_ADDR: 66.249.78.207
HTTP_REFERER: 
requested: array(4) {
  ["controller"] => string(5) "diary"
  ["action"] => string(29) "tag:graphicore.de,2010-10-18:"
  ["diary"] => string(27) "201010181349214cbc5061f0048"
  ["module"] => string(7) "default"
}


--------------------------------------------------------------------------------
2013-03-03T08:59:41+00:00 ERR (3) 404 Seite nicht gefunden
REMOTE_ADDR: 208.115.113.89
HTTP_REFERER: 
requested: array(4) {
  ["controller"] => string(5) "forum"
  ["action"] => string(13) "viewtopic.php"
  ["module"] => string(7) "default"
  ["t"] => string(2) "13"
}


--------------------------------------------------------------------------------
2013-03-03T21:41:30+00:00 ERR (3) 404 Seite nicht gefunden
REMOTE_ADDR: 92.244.233.221
HTTP_REFERER: 
requested: array(3) {
  ["controller"] => string(5) "forum"
  ["action"] => string(9) "index.php"
  ["module"] => string(7) "default"
}


--------------------------------------------------------------------------------
