2019-06-23T02:18:17+00:00 ERR (3) 404 Seite nicht gefunden
REMOTE_ADDR: 51.38.162.236
HTTP_REFERER: http://www.google.com/'"`
requested: array(3) {
  ["controller"] => string(3) "'"`"
  ["action"] => string(5) "index"
  ["module"] => string(7) "default"
}


--------------------------------------------------------------------------------
2019-06-23T03:12:16+00:00 ERR (3) 404 Page not found
REMOTE_ADDR: 194.99.105.4
HTTP_REFERER: http://www.graphicore.de/forum/
requested: array(3) {
  ["controller"] => string(5) "forum"
  ["action"] => string(5) "index"
  ["module"] => string(7) "default"
}


--------------------------------------------------------------------------------
2019-06-23T04:19:13+00:00 ERR (3) 404 Seite nicht gefunden
REMOTE_ADDR: 23.250.125.234
HTTP_REFERER: 
requested: array(5) {
  ["controller"] => string(6) "vendor"
  ["action"] => string(7) "phpunit"
  ["phpunit"] => string(3) "src"
  ["Util"] => string(3) "PHP"
  ["module"] => string(7) "default"
}


--------------------------------------------------------------------------------
2019-06-23T04:19:14+00:00 ERR (3) 404 Seite nicht gefunden
REMOTE_ADDR: 23.250.125.234
HTTP_REFERER: 
requested: array(5) {
  ["controller"] => string(6) "vendor"
  ["action"] => string(7) "phpunit"
  ["phpunit"] => string(3) "src"
  ["Util"] => string(3) "PHP"
  ["module"] => string(7) "default"
}


--------------------------------------------------------------------------------
