2019-04-25T06:27:15+00:00 ERR (3) 404 Seite nicht gefunden
REMOTE_ADDR: 109.102.111.88
HTTP_REFERER: 
requested: array(3) {
  ["controller"] => string(6) "https:"
  ["action"] => string(19) "silber-und-blei.com"
  ["module"] => string(7) "default"
}


--------------------------------------------------------------------------------
2019-04-25T06:36:13+00:00 ERR (3) 404 Seite nicht gefunden
REMOTE_ADDR: 78.37.180.159
HTTP_REFERER: http://graphicore.de/forum/index.php
requested: array(3) {
  ["controller"] => string(5) "forum"
  ["action"] => string(9) "index.php"
  ["module"] => string(7) "default"
}


--------------------------------------------------------------------------------
2019-04-25T07:33:01+00:00 ERR (3) 404 Seite nicht gefunden
REMOTE_ADDR: 46.182.222.10
HTTP_REFERER: 
requested: array(3) {
  ["controller"] => string(4) "test"
  ["action"] => string(8) "wp-admin"
  ["module"] => string(7) "default"
}


--------------------------------------------------------------------------------
2019-04-25T07:40:09+00:00 ERR (3) 404 Seite nicht gefunden
REMOTE_ADDR: 94.190.186.9
HTTP_REFERER: 
requested: array(3) {
  ["controller"] => string(9) "wordpress"
  ["action"] => string(8) "wp-admin"
  ["module"] => string(7) "default"
}


--------------------------------------------------------------------------------
2019-04-25T07:47:11+00:00 ERR (3) 404 Seite nicht gefunden
REMOTE_ADDR: 50.63.197.103
HTTP_REFERER: 
requested: array(3) {
  ["controller"] => string(4) "blog"
  ["action"] => string(8) "wp-admin"
  ["module"] => string(7) "default"
}


--------------------------------------------------------------------------------
2019-04-25T07:54:21+00:00 ERR (3) 404 Seite nicht gefunden
REMOTE_ADDR: 193.143.77.10
HTTP_REFERER: 
requested: array(3) {
  ["controller"] => string(2) "wp"
  ["action"] => string(8) "wp-admin"
  ["module"] => string(7) "default"
}


--------------------------------------------------------------------------------
2019-04-25T08:01:18+00:00 ERR (3) 404 Seite nicht gefunden
REMOTE_ADDR: 82.165.84.68
HTTP_REFERER: 
requested: array(3) {
  ["controller"] => string(3) "old"
  ["action"] => string(8) "wp-admin"
  ["module"] => string(7) "default"
}


--------------------------------------------------------------------------------
2019-04-25T10:21:36+00:00 ERR (3) 404 Seite nicht gefunden
REMOTE_ADDR: 117.228.193.226
HTTP_REFERER: 
requested: array(3) {
  ["controller"] => string(12) "wp-login.php"
  ["action"] => string(5) "index"
  ["module"] => string(7) "default"
}


--------------------------------------------------------------------------------
2019-04-25T21:52:02+00:00 ERR (3) 404 Page not found
REMOTE_ADDR: 104.148.64.26
HTTP_REFERER: http://graphicore.de/modules/namamodule/uploadimage.php
requested: array(3) {
  ["controller"] => string(7) "modules"
  ["action"] => string(10) "namamodule"
  ["module"] => string(7) "default"
}


--------------------------------------------------------------------------------
2019-04-25T22:09:16+00:00 ERR (3) 404 "hire-lasse" was not found.
REMOTE_ADDR: 66.249.69.218
HTTP_REFERER: 
requested: array(5) {
  ["lang"] => string(2) "en"
  ["action"] => string(4) "page"
  ["key"] => string(10) "hire-lasse"
  ["module"] => string(7) "default"
  ["controller"] => string(5) "index"
}


--------------------------------------------------------------------------------
