2010-07-15T00:34:06+00:00 ERR (3) 404 "story" was not found.
REMOTE_ADDR: 95.108.155.251
HTTP_REFERER: 
requested: array(6) {
  ["lang"] => string(2) "en"
  ["action"] => string(5) "index"
  ["key"] => string(5) "story"
  ["intern"] => string(9) "impressum"
  ["module"] => string(7) "default"
  ["controller"] => string(5) "index"
}


--------------------------------------------------------------------------------
2010-07-15T00:50:46+00:00 ERR (3) 404 Seite nicht gefunden
REMOTE_ADDR: 66.249.66.67
HTTP_REFERER: 
requested: array(4) {
  ["controller"] => string(6) "images"
  ["action"] => string(7) "managed"
  ["en"] => string(11) "storyTeaser"
  ["module"] => string(7) "default"
}


--------------------------------------------------------------------------------
2010-07-15T00:52:15+00:00 ERR (3) 404 Seite nicht gefunden
REMOTE_ADDR: 66.249.66.67
HTTP_REFERER: 
requested: array(4) {
  ["controller"] => string(6) "images"
  ["action"] => string(7) "managed"
  ["en"] => string(11) "storyTeaser"
  ["module"] => string(7) "default"
}


--------------------------------------------------------------------------------
2010-07-15T03:51:06+00:00 ERR (3) 404 "story" was not found.
REMOTE_ADDR: 65.55.3.206
HTTP_REFERER: 
requested: array(6) {
  ["lang"] => string(2) "de"
  ["action"] => string(5) "index"
  ["key"] => string(5) "story"
  ["intern"] => string(6) "typete"
  ["module"] => string(7) "default"
  ["controller"] => string(5) "index"
}


--------------------------------------------------------------------------------
2010-07-15T03:51:09+00:00 ERR (3) 404 "story" was not found.
REMOTE_ADDR: 65.55.3.206
HTTP_REFERER: 
requested: array(6) {
  ["lang"] => string(2) "de"
  ["action"] => string(5) "index"
  ["key"] => string(5) "story"
  ["intern"] => string(6) "typete"
  ["module"] => string(7) "default"
  ["controller"] => string(5) "index"
}


--------------------------------------------------------------------------------
2010-07-15T05:48:20+00:00 ERR (3) 404 "story" was not found.
REMOTE_ADDR: 95.108.155.251
HTTP_REFERER: 
requested: array(6) {
  ["lang"] => string(2) "en"
  ["action"] => string(5) "index"
  ["key"] => string(5) "story"
  ["intern"] => string(7) "kontakt"
  ["module"] => string(7) "default"
  ["controller"] => string(5) "index"
}


--------------------------------------------------------------------------------
2010-07-15T08:52:07+00:00 ERR (3) 404 Seite nicht gefunden
REMOTE_ADDR: 66.249.66.67
HTTP_REFERER: 
requested: array(4) {
  ["controller"] => string(5) "diary"
  ["action"] => string(29) "tag:graphicore.de,2010-07-09:"
  ["diary"] => string(27) "201007091937074c377a6340b8b"
  ["module"] => string(7) "default"
}


--------------------------------------------------------------------------------
2010-07-15T09:27:32+00:00 ERR (3) 404 Seite nicht gefunden
REMOTE_ADDR: 95.108.155.251
HTTP_REFERER: 
requested: array(3) {
  ["controller"] => string(16) "function.require"
  ["action"] => string(5) "index"
  ["module"] => string(7) "default"
}


--------------------------------------------------------------------------------
2010-07-15T10:04:50+00:00 ERR (3) 404 Seite nicht gefunden
REMOTE_ADDR: 94.223.2.20
HTTP_REFERER: 
requested: array(4) {
  ["controller"] => string(6) "images"
  [""] => string(5) "diary"
  ["action"] => string(5) "index"
  ["module"] => string(7) "default"
}


--------------------------------------------------------------------------------
2010-07-15T11:17:44+00:00 ERR (3) 404 Seite nicht gefunden
REMOTE_ADDR: 95.108.155.251
HTTP_REFERER: 
requested: array(3) {
  ["controller"] => string(21) "function.require-once"
  ["action"] => string(5) "index"
  ["module"] => string(7) "default"
}


--------------------------------------------------------------------------------
2010-07-15T13:54:09+00:00 ERR (3) 404 "story" was not found.
REMOTE_ADDR: 207.46.199.44
HTTP_REFERER: 
requested: array(6) {
  ["lang"] => string(2) "en"
  ["action"] => string(5) "index"
  ["key"] => string(5) "story"
  ["intern"] => string(7) "kontakt"
  ["module"] => string(7) "default"
  ["controller"] => string(5) "index"
}


--------------------------------------------------------------------------------
2010-07-15T18:43:48+00:00 ERR (3) 404 "story" was not found.
REMOTE_ADDR: 66.249.66.91
HTTP_REFERER: 
requested: array(6) {
  ["lang"] => string(2) "en"
  ["action"] => string(5) "index"
  ["key"] => string(5) "story"
  ["intern"] => string(6) "abraum"
  ["module"] => string(7) "default"
  ["controller"] => string(5) "index"
}


--------------------------------------------------------------------------------
2010-07-15T19:51:49+00:00 ERR (3) 404 "story" was not found.
REMOTE_ADDR: 66.249.66.91
HTTP_REFERER: 
requested: array(6) {
  ["lang"] => string(2) "de"
  ["action"] => string(5) "index"
  ["key"] => string(5) "story"
  ["intern"] => string(14) "dieKulturlosen"
  ["module"] => string(7) "default"
  ["controller"] => string(5) "index"
}


--------------------------------------------------------------------------------
2010-07-15T20:02:10+00:00 ERR (3) 404 "story" was not found.
REMOTE_ADDR: 66.249.66.67
HTTP_REFERER: 
requested: array(6) {
  ["lang"] => string(2) "en"
  ["action"] => string(5) "index"
  ["key"] => string(5) "story"
  ["intern"] => string(6) "abraum"
  ["module"] => string(7) "default"
  ["controller"] => string(5) "index"
}


--------------------------------------------------------------------------------
2010-07-15T20:46:31+00:00 ERR (3) 404 "story" was not found.
REMOTE_ADDR: 66.249.66.67
HTTP_REFERER: 
requested: array(6) {
  ["lang"] => string(2) "de"
  ["action"] => string(5) "index"
  ["key"] => string(5) "story"
  ["intern"] => string(9) "pixelding"
  ["module"] => string(7) "default"
  ["controller"] => string(5) "index"
}


--------------------------------------------------------------------------------
2010-07-15T21:20:03+00:00 ERR (3) 404 "story" was not found.
REMOTE_ADDR: 66.249.66.67
HTTP_REFERER: 
requested: array(6) {
  ["lang"] => string(2) "de"
  ["action"] => string(5) "index"
  ["key"] => string(5) "story"
  ["intern"] => string(14) "dieKulturlosen"
  ["module"] => string(7) "default"
  ["controller"] => string(5) "index"
}


--------------------------------------------------------------------------------
2010-07-15T22:07:49+00:00 ERR (3) 404 "topic" was not found.
REMOTE_ADDR: 91.204.128.7
HTTP_REFERER: http://www.graphicore.de/de/index/topic/intern/news/+%28200+ok%29+ACCEPTED
requested: array(6) {
  ["lang"] => string(2) "de"
  ["action"] => string(5) "index"
  ["key"] => string(5) "topic"
  ["intern"] => string(4) "news"
  ["module"] => string(7) "default"
  ["controller"] => string(5) "index"
}


--------------------------------------------------------------------------------
