2014-11-29T01:00:43+00:00 ERR (3) 404 Page not found
REMOTE_ADDR: 173.175.127.144
HTTP_REFERER: 
requested: array(3) {
  ["controller"] => string(32) "apple-touch-icon-precomposed.png"
  ["action"] => string(5) "index"
  ["module"] => string(7) "default"
}


--------------------------------------------------------------------------------
2014-11-29T01:00:44+00:00 ERR (3) 404 Page not found
REMOTE_ADDR: 173.175.127.144
HTTP_REFERER: 
requested: array(3) {
  ["controller"] => string(20) "apple-touch-icon.png"
  ["action"] => string(5) "index"
  ["module"] => string(7) "default"
}


--------------------------------------------------------------------------------
2014-11-29T04:23:12+00:00 ERR (3) 404 Seite nicht gefunden
REMOTE_ADDR: 198.245.62.100
HTTP_REFERER: 
requested: array(3) {
  ["controller"] => string(12) "wp-login.php"
  ["action"] => string(5) "index"
  ["module"] => string(7) "default"
}


--------------------------------------------------------------------------------
2014-11-29T04:23:23+00:00 ERR (3) 404 Seite nicht gefunden
REMOTE_ADDR: 198.245.62.100
HTTP_REFERER: 
requested: array(3) {
  ["controller"] => string(4) "blog"
  ["action"] => string(12) "wp-login.php"
  ["module"] => string(7) "default"
}


--------------------------------------------------------------------------------
2014-11-29T04:23:28+00:00 ERR (3) 404 Seite nicht gefunden
REMOTE_ADDR: 198.245.62.100
HTTP_REFERER: 
requested: array(3) {
  ["controller"] => string(6) "social"
  ["action"] => string(12) "wp-login.php"
  ["module"] => string(7) "default"
}


--------------------------------------------------------------------------------
2014-11-29T04:23:28+00:00 ERR (3) 404 Seite nicht gefunden
REMOTE_ADDR: 198.245.62.100
HTTP_REFERER: 
requested: array(3) {
  ["controller"] => string(13) "administrator"
  ["action"] => string(9) "index.php"
  ["module"] => string(7) "default"
}


--------------------------------------------------------------------------------
2014-11-29T04:23:39+00:00 ERR (3) 404 Seite nicht gefunden
REMOTE_ADDR: 198.245.62.100
HTTP_REFERER: 
requested: array(3) {
  ["controller"] => string(9) "uploadify"
  ["action"] => string(13) "uploadify.css"
  ["module"] => string(7) "default"
}


--------------------------------------------------------------------------------
2014-11-29T04:23:49+00:00 ERR (3) 404 Seite nicht gefunden
REMOTE_ADDR: 198.245.62.100
HTTP_REFERER: 
requested: array(3) {
  ["controller"] => string(2) "js"
  ["action"] => string(9) "uploadify"
  ["module"] => string(7) "default"
}


--------------------------------------------------------------------------------
2014-11-29T04:23:50+00:00 ERR (3) 404 Seite nicht gefunden
REMOTE_ADDR: 198.245.62.100
HTTP_REFERER: 
requested: array(3) {
  ["controller"] => string(7) "scripts"
  ["action"] => string(9) "uploadify"
  ["module"] => string(7) "default"
}


--------------------------------------------------------------------------------
2014-11-29T04:23:50+00:00 ERR (3) 404 Seite nicht gefunden
REMOTE_ADDR: 198.245.62.100
HTTP_REFERER: 
requested: array(3) {
  ["controller"] => string(5) "admin"
  ["action"] => string(9) "uploadify"
  ["module"] => string(7) "default"
}


--------------------------------------------------------------------------------
2014-11-29T04:23:51+00:00 ERR (3) 404 Seite nicht gefunden
REMOTE_ADDR: 198.245.62.100
HTTP_REFERER: 
requested: array(4) {
  ["controller"] => string(5) "admin"
  ["action"] => string(7) "scripts"
  ["uploadify"] => string(13) "uploadify.css"
  ["module"] => string(7) "default"
}


--------------------------------------------------------------------------------
2014-11-29T04:23:51+00:00 ERR (3) 404 Seite nicht gefunden
REMOTE_ADDR: 198.245.62.100
HTTP_REFERER: 
requested: array(3) {
  ["controller"] => string(8) "includes"
  ["action"] => string(9) "uploadify"
  ["module"] => string(7) "default"
}


--------------------------------------------------------------------------------
2014-11-29T04:23:51+00:00 ERR (3) 404 Seite nicht gefunden
REMOTE_ADDR: 198.245.62.100
HTTP_REFERER: 
requested: array(4) {
  ["controller"] => string(5) "admin"
  ["action"] => string(8) "includes"
  ["uploadify"] => string(13) "uploadify.css"
  ["module"] => string(7) "default"
}


--------------------------------------------------------------------------------
2014-11-29T05:03:27+00:00 ERR (3) 404 Seite nicht gefunden
REMOTE_ADDR: 179.185.46.210
HTTP_REFERER: http://ufojs.org/wp
requested: array(3) {
  ["controller"] => string(2) "wp"
  ["action"] => string(5) "index"
  ["module"] => string(7) "default"
}


--------------------------------------------------------------------------------
2014-11-29T07:58:56+00:00 ERR (3) 404 Seite nicht gefunden
REMOTE_ADDR: 46.151.52.43
HTTP_REFERER: http://graphicore.de/webmanage/fckeditor/editor/filemanager/browser/default/connectors/asp/connector.asp
requested: array(6) {
  ["controller"] => string(9) "webmanage"
  ["action"] => string(9) "fckeditor"
  ["editor"] => string(11) "filemanager"
  ["browser"] => string(7) "default"
  ["connectors"] => string(3) "asp"
  ["module"] => string(7) "default"
}


--------------------------------------------------------------------------------
2014-11-29T07:58:57+00:00 ERR (3) 404 Seite nicht gefunden
REMOTE_ADDR: 46.151.52.43
HTTP_REFERER: http://graphicore.de/editor/editor/filemanager/browser/default/connectors/asp/connector.asp
requested: array(6) {
  ["controller"] => string(6) "editor"
  ["action"] => string(6) "editor"
  ["filemanager"] => string(7) "browser"
  ["default"] => string(10) "connectors"
  ["asp"] => string(13) "connector.asp"
  ["module"] => string(7) "default"
}


--------------------------------------------------------------------------------
2014-11-29T07:58:57+00:00 ERR (3) 404 Seite nicht gefunden
REMOTE_ADDR: 46.151.52.43
HTTP_REFERER: http://graphicore.de/fckeditor/editor/filemanager/browser/default/connectors/asp/connector.asp
requested: array(6) {
  ["controller"] => string(9) "fckeditor"
  ["action"] => string(6) "editor"
  ["filemanager"] => string(7) "browser"
  ["default"] => string(10) "connectors"
  ["asp"] => string(13) "connector.asp"
  ["module"] => string(7) "default"
}


--------------------------------------------------------------------------------
2014-11-29T07:58:58+00:00 ERR (3) 404 Seite nicht gefunden
REMOTE_ADDR: 46.151.52.43
HTTP_REFERER: http://graphicore.de/admin/fckeditor/editor/filemanager/browser/default/connectors/asp/connector.asp
requested: array(6) {
  ["controller"] => string(5) "admin"
  ["action"] => string(9) "fckeditor"
  ["editor"] => string(11) "filemanager"
  ["browser"] => string(7) "default"
  ["connectors"] => string(3) "asp"
  ["module"] => string(7) "default"
}


--------------------------------------------------------------------------------
2014-11-29T07:58:58+00:00 ERR (3) 404 Seite nicht gefunden
REMOTE_ADDR: 46.151.52.43
HTTP_REFERER: http://graphicore.de/editor/filemanager/browser/default/connectors/asp/connector.asp
requested: array(5) {
  ["controller"] => string(6) "editor"
  ["action"] => string(11) "filemanager"
  ["browser"] => string(7) "default"
  ["connectors"] => string(3) "asp"
  ["module"] => string(7) "default"
}


--------------------------------------------------------------------------------
2014-11-29T07:58:58+00:00 ERR (3) 404 Seite nicht gefunden
REMOTE_ADDR: 46.151.52.43
HTTP_REFERER: http://graphicore.de/manage/fckeditor/editor/filemanager/browser/default/connectors/asp/connector.asp
requested: array(6) {
  ["controller"] => string(6) "manage"
  ["action"] => string(9) "fckeditor"
  ["editor"] => string(11) "filemanager"
  ["browser"] => string(7) "default"
  ["connectors"] => string(3) "asp"
  ["module"] => string(7) "default"
}


--------------------------------------------------------------------------------
2014-11-29T21:32:10+00:00 ERR (3) 404 Seite nicht gefunden
REMOTE_ADDR: 148.251.124.174
HTTP_REFERER: 
requested: array(4) {
  ["controller"] => string(5) "forum"
  ["action"] => string(13) "viewtopic.php"
  ["module"] => string(7) "default"
  ["p"] => string(2) "22"
}


--------------------------------------------------------------------------------
2014-11-29T21:32:51+00:00 ERR (3) 404 Seite nicht gefunden
REMOTE_ADDR: 148.251.124.174
HTTP_REFERER: 
requested: array(4) {
  ["controller"] => string(5) "forum"
  ["action"] => string(13) "viewtopic.php"
  ["module"] => string(7) "default"
  ["p"] => string(2) "23"
}


--------------------------------------------------------------------------------
2014-11-29T21:33:28+00:00 ERR (3) 404 Seite nicht gefunden
REMOTE_ADDR: 148.251.124.174
HTTP_REFERER: 
requested: array(4) {
  ["controller"] => string(5) "forum"
  ["action"] => string(13) "viewtopic.php"
  ["module"] => string(7) "default"
  ["p"] => string(2) "24"
}


--------------------------------------------------------------------------------
2014-11-29T21:34:16+00:00 ERR (3) 404 Seite nicht gefunden
REMOTE_ADDR: 148.251.124.174
HTTP_REFERER: 
requested: array(4) {
  ["controller"] => string(5) "forum"
  ["action"] => string(13) "viewtopic.php"
  ["module"] => string(7) "default"
  ["p"] => string(2) "37"
}


--------------------------------------------------------------------------------
2014-11-29T21:34:41+00:00 ERR (3) 404 Seite nicht gefunden
REMOTE_ADDR: 148.251.124.174
HTTP_REFERER: 
requested: array(4) {
  ["controller"] => string(5) "forum"
  ["action"] => string(13) "viewtopic.php"
  ["module"] => string(7) "default"
  ["p"] => string(2) "54"
}


--------------------------------------------------------------------------------
2014-11-29T21:35:03+00:00 ERR (3) 404 Seite nicht gefunden
REMOTE_ADDR: 148.251.124.174
HTTP_REFERER: 
requested: array(4) {
  ["controller"] => string(5) "forum"
  ["action"] => string(13) "viewtopic.php"
  ["module"] => string(7) "default"
  ["p"] => string(2) "63"
}


--------------------------------------------------------------------------------
2014-11-29T21:35:11+00:00 ERR (3) 404 Seite nicht gefunden
REMOTE_ADDR: 148.251.124.174
HTTP_REFERER: 
requested: array(4) {
  ["controller"] => string(5) "forum"
  ["action"] => string(13) "viewtopic.php"
  ["module"] => string(7) "default"
  ["p"] => string(2) "64"
}


--------------------------------------------------------------------------------
2014-11-29T21:35:17+00:00 ERR (3) 404 Seite nicht gefunden
REMOTE_ADDR: 148.251.124.174
HTTP_REFERER: 
requested: array(4) {
  ["controller"] => string(5) "forum"
  ["action"] => string(13) "viewtopic.php"
  ["module"] => string(7) "default"
  ["p"] => string(2) "67"
}


--------------------------------------------------------------------------------
2014-11-29T21:35:30+00:00 ERR (3) 404 Seite nicht gefunden
REMOTE_ADDR: 148.251.124.174
HTTP_REFERER: 
requested: array(4) {
  ["controller"] => string(5) "forum"
  ["action"] => string(13) "viewtopic.php"
  ["module"] => string(7) "default"
  ["p"] => string(2) "71"
}


--------------------------------------------------------------------------------
2014-11-29T21:35:41+00:00 ERR (3) 404 Seite nicht gefunden
REMOTE_ADDR: 148.251.124.174
HTTP_REFERER: 
requested: array(8) {
  ["controller"] => string(5) "forum"
  ["action"] => string(13) "viewtopic.php"
  ["module"] => string(7) "default"
  ["t"] => string(1) "8"
  ["start"] => string(1) "0"
  ["postdays"] => string(1) "0"
  ["postorder"] => string(3) "asc"
  ["highlight"] => string(0) ""
}


--------------------------------------------------------------------------------
