2015-11-03T00:00:18+00:00 ERR (3) 404 Seite nicht gefunden
REMOTE_ADDR: 66.249.67.116
HTTP_REFERER: 
requested: array(4) {
  ["controller"] => string(5) "diary"
  ["action"] => string(29) "tag:graphicore.de,2013-01-31:"
  ["diary"] => string(27) "20130131135955510a78db3e0d6"
  ["module"] => string(7) "default"
}


--------------------------------------------------------------------------------
2015-11-03T00:16:45+00:00 ERR (3) 404 Seite nicht gefunden
REMOTE_ADDR: 66.249.67.110
HTTP_REFERER: 
requested: array(4) {
  ["controller"] => string(5) "diary"
  ["action"] => string(29) "tag:graphicore.de,2010-10-01:"
  ["diary"] => string(27) "201010011553324ca603fcc53f3"
  ["module"] => string(7) "default"
}


--------------------------------------------------------------------------------
2015-11-03T00:19:06+00:00 ERR (3) 404 Seite nicht gefunden
REMOTE_ADDR: 66.249.67.104
HTTP_REFERER: 
requested: array(4) {
  ["controller"] => string(5) "diary"
  ["action"] => string(29) "tag:graphicore.de,2012-09-02:"
  ["diary"] => string(27) "201209021920375043b185ef245"
  ["module"] => string(7) "default"
}


--------------------------------------------------------------------------------
2015-11-03T00:28:30+00:00 ERR (3) 404 Seite nicht gefunden
REMOTE_ADDR: 66.249.67.116
HTTP_REFERER: 
requested: array(4) {
  ["controller"] => string(5) "diary"
  ["action"] => string(29) "tag:graphicore.de,2010-07-09:"
  ["diary"] => string(27) "201007091937074c377a6340b8b"
  ["module"] => string(7) "default"
}


--------------------------------------------------------------------------------
2015-11-03T00:54:21+00:00 ERR (3) 404 Seite nicht gefunden
REMOTE_ADDR: 66.249.67.104
HTTP_REFERER: 
requested: array(4) {
  ["controller"] => string(5) "diary"
  ["action"] => string(29) "tag:graphicore.de,2010-10-06:"
  ["diary"] => string(27) "201010061331004cac7a14de999"
  ["module"] => string(7) "default"
}


--------------------------------------------------------------------------------
2015-11-03T01:06:06+00:00 ERR (3) 404 Seite nicht gefunden
REMOTE_ADDR: 66.249.67.116
HTTP_REFERER: 
requested: array(4) {
  ["controller"] => string(5) "diary"
  ["action"] => string(29) "tag:graphicore.de,2013-11-12:"
  ["diary"] => string(27) "2013111217533652826b2018ca8"
  ["module"] => string(7) "default"
}


--------------------------------------------------------------------------------
2015-11-03T01:10:48+00:00 ERR (3) 404 Seite nicht gefunden
REMOTE_ADDR: 66.249.67.104
HTTP_REFERER: 
requested: array(4) {
  ["controller"] => string(5) "diary"
  ["action"] => string(29) "tag:graphicore.de,2010-10-12:"
  ["diary"] => string(27) "201010121448344cb475424313c"
  ["module"] => string(7) "default"
}


--------------------------------------------------------------------------------
2015-11-03T01:46:03+00:00 ERR (3) 404 Seite nicht gefunden
REMOTE_ADDR: 66.249.67.110
HTTP_REFERER: 
requested: array(4) {
  ["controller"] => string(5) "diary"
  ["action"] => string(29) "tag:graphicore.de,2012-01-17:"
  ["diary"] => string(27) "201201171404524f15800404a4f"
  ["module"] => string(7) "default"
}


--------------------------------------------------------------------------------
2015-11-03T01:48:24+00:00 ERR (3) 404 Seite nicht gefunden
REMOTE_ADDR: 66.249.67.104
HTTP_REFERER: 
requested: array(4) {
  ["controller"] => string(5) "diary"
  ["action"] => string(29) "tag:graphicore.de,2010-09-27:"
  ["diary"] => string(27) "201009272105474ca1072b79bf6"
  ["module"] => string(7) "default"
}


--------------------------------------------------------------------------------
2015-11-03T02:02:09+00:00 ERR (3) 404 Seite nicht gefunden
REMOTE_ADDR: 80.79.124.190
HTTP_REFERER: 
requested: array(3) {
  ["controller"] => string(6) "images"
  ["action"] => string(21) "joomla_logo_black.jpg"
  ["module"] => string(7) "default"
}


--------------------------------------------------------------------------------
2015-11-03T02:02:10+00:00 ERR (3) 404 Seite nicht gefunden
REMOTE_ADDR: 80.79.124.190
HTTP_REFERER: 
requested: array(3) {
  ["controller"] => string(4) "misc"
  ["action"] => string(13) "druplicon.png"
  ["module"] => string(7) "default"
}


--------------------------------------------------------------------------------
2015-11-03T07:05:05+00:00 ERR (3) 404 Seite nicht gefunden
REMOTE_ADDR: 217.12.204.163
HTTP_REFERER: 
requested: array(4) {
  ["controller"] => string(9) "fckeditor"
  ["action"] => string(6) "editor"
  ["filemanager"] => string(10) "connectors"
  ["module"] => string(7) "default"
}


--------------------------------------------------------------------------------
2015-11-03T10:43:04+00:00 ERR (3) 404 Seite nicht gefunden
REMOTE_ADDR: 185.82.201.17
HTTP_REFERER: 
requested: array(3) {
  ["controller"] => string(9) "admin.php"
  ["action"] => string(5) "index"
  ["module"] => string(7) "default"
}


--------------------------------------------------------------------------------
2015-11-03T20:47:09+00:00 ERR (3) 404 Seite nicht gefunden
REMOTE_ADDR: 195.154.200.93
HTTP_REFERER: 
requested: array(3) {
  ["controller"] => string(5) "diary"
  ["action"] => string(17) "tag:graphicore.de"
  ["module"] => string(7) "default"
}


--------------------------------------------------------------------------------
