2013-12-10T11:23:01+00:00 ERR (3) 404 The filter "de" was not found.
REMOTE_ADDR: 208.115.111.73
HTTP_REFERER: 
requested: array(5) {
  ["lang"] => string(2) "de"
  ["action"] => string(5) "diary"
  ["key"] => string(2) "de"
  ["module"] => string(7) "default"
  ["controller"] => string(5) "index"
}


--------------------------------------------------------------------------------
2013-12-10T15:11:48+00:00 ERR (3) 404 The filter "en" was not found.
REMOTE_ADDR: 208.115.111.73
HTTP_REFERER: 
requested: array(5) {
  ["lang"] => string(2) "de"
  ["action"] => string(5) "diary"
  ["key"] => string(2) "en"
  ["module"] => string(7) "default"
  ["controller"] => string(5) "index"
}


--------------------------------------------------------------------------------
2013-12-10T15:11:49+00:00 ERR (3) 404 Page not found
REMOTE_ADDR: 208.115.111.73
HTTP_REFERER: 
requested: array(5) {
  ["lang"] => string(2) "en"
  ["action"] => string(2) "en"
  ["module"] => string(7) "default"
  ["controller"] => string(5) "index"
  ["key"] => string(0) ""
}


--------------------------------------------------------------------------------
2013-12-10T17:44:10+00:00 ERR (3) 404 Seite nicht gefunden
REMOTE_ADDR: 89.67.167.245
HTTP_REFERER: http://graphicore.de/forum
requested: array(3) {
  ["controller"] => string(5) "forum"
  ["action"] => string(5) "index"
  ["module"] => string(7) "default"
}


--------------------------------------------------------------------------------
2013-12-10T19:12:51+00:00 ERR (3) 404 "en" was not found.
REMOTE_ADDR: 208.115.111.73
HTTP_REFERER: 
requested: array(5) {
  ["lang"] => string(2) "de"
  ["action"] => string(4) "page"
  ["key"] => string(2) "en"
  ["module"] => string(7) "default"
  ["controller"] => string(5) "index"
}


--------------------------------------------------------------------------------
2013-12-10T19:50:44+00:00 ERR (3) 404 Seite nicht gefunden
REMOTE_ADDR: 195.14.234.228
HTTP_REFERER: 
requested: array(3) {
  ["controller"] => string(4) "feed"
  ["action"] => string(5) "index"
  ["module"] => string(7) "default"
}


--------------------------------------------------------------------------------
2013-12-10T19:59:03+00:00 ERR (3) 404 Seite nicht gefunden
REMOTE_ADDR: 195.14.234.228
HTTP_REFERER: 
requested: array(3) {
  ["controller"] => string(4) "feed"
  ["action"] => string(5) "index"
  ["module"] => string(7) "default"
}


--------------------------------------------------------------------------------
