2016-01-04T00:23:57+00:00 ERR (3) 404 Seite nicht gefunden
REMOTE_ADDR: 108.174.24.107
HTTP_REFERER: http://graphicore.de/administrator/
requested: array(3) {
  ["controller"] => string(13) "administrator"
  ["action"] => string(5) "index"
  ["module"] => string(7) "default"
}


--------------------------------------------------------------------------------
2016-01-04T00:23:57+00:00 ERR (3) 404 Seite nicht gefunden
REMOTE_ADDR: 108.174.24.107
HTTP_REFERER: http://graphicore.de/admin.php
requested: array(3) {
  ["controller"] => string(9) "admin.php"
  ["action"] => string(5) "index"
  ["module"] => string(7) "default"
}


--------------------------------------------------------------------------------
2016-01-04T00:23:58+00:00 ERR (3) 404 Seite nicht gefunden
REMOTE_ADDR: 108.174.24.107
HTTP_REFERER: http://graphicore.de/bitrix/admin/
requested: array(3) {
  ["controller"] => string(6) "bitrix"
  ["action"] => string(5) "admin"
  ["module"] => string(7) "default"
}


--------------------------------------------------------------------------------
2016-01-04T00:23:59+00:00 ERR (3) 404 Seite nicht gefunden
REMOTE_ADDR: 108.174.24.107
HTTP_REFERER: http://graphicore.de/admin/
requested: array(3) {
  ["controller"] => string(5) "admin"
  ["action"] => string(5) "index"
  ["module"] => string(7) "default"
}


--------------------------------------------------------------------------------
2016-01-04T02:27:39+00:00 ERR (3) 404 Seite nicht gefunden
REMOTE_ADDR: 173.254.203.80
HTTP_REFERER: 
requested: array(3) {
  ["controller"] => string(12) "wp-login.php"
  ["action"] => string(5) "index"
  ["module"] => string(7) "default"
}


--------------------------------------------------------------------------------
2016-01-04T06:44:09+00:00 ERR (3) 404 Seite nicht gefunden
REMOTE_ADDR: 195.154.226.90
HTTP_REFERER: 
requested: array(3) {
  ["controller"] => string(16) "wp-trackback.php"
  ["action"] => string(5) "index"
  ["module"] => string(7) "default"
}


--------------------------------------------------------------------------------
2016-01-04T13:05:30+00:00 ERR (3) 404 Seite nicht gefunden
REMOTE_ADDR: 195.154.227.118
HTTP_REFERER: 
requested: array(3) {
  ["controller"] => string(16) "wp-trackback.php"
  ["action"] => string(5) "index"
  ["module"] => string(7) "default"
}


--------------------------------------------------------------------------------
2016-01-04T16:00:10+00:00 ERR (3) 404 "hire-lasse" was not found.
REMOTE_ADDR: 157.55.39.105
HTTP_REFERER: 
requested: array(5) {
  ["lang"] => string(2) "de"
  ["action"] => string(4) "page"
  ["key"] => string(10) "hire-lasse"
  ["module"] => string(7) "default"
  ["controller"] => string(5) "index"
}


--------------------------------------------------------------------------------
2016-01-04T16:37:33+00:00 ERR (3) 404 Seite nicht gefunden
REMOTE_ADDR: 91.230.204.77
HTTP_REFERER: 
requested: array(3) {
  ["controller"] => string(8) "wp-admin"
  ["action"] => string(5) "index"
  ["module"] => string(7) "default"
}


--------------------------------------------------------------------------------
2016-01-04T16:43:41+00:00 ERR (3) 404 Seite nicht gefunden
REMOTE_ADDR: 5.9.43.242
HTTP_REFERER: 
requested: array(3) {
  ["controller"] => string(4) "test"
  ["action"] => string(8) "wp-admin"
  ["module"] => string(7) "default"
}


--------------------------------------------------------------------------------
2016-01-04T16:49:37+00:00 ERR (3) 404 Seite nicht gefunden
REMOTE_ADDR: 50.63.197.85
HTTP_REFERER: 
requested: array(3) {
  ["controller"] => string(9) "wordpress"
  ["action"] => string(8) "wp-admin"
  ["module"] => string(7) "default"
}


--------------------------------------------------------------------------------
2016-01-04T16:55:44+00:00 ERR (3) 404 Seite nicht gefunden
REMOTE_ADDR: 178.208.83.15
HTTP_REFERER: 
requested: array(3) {
  ["controller"] => string(4) "blog"
  ["action"] => string(8) "wp-admin"
  ["module"] => string(7) "default"
}


--------------------------------------------------------------------------------
2016-01-04T17:01:40+00:00 ERR (3) 404 Seite nicht gefunden
REMOTE_ADDR: 66.33.204.137
HTTP_REFERER: 
requested: array(3) {
  ["controller"] => string(2) "wp"
  ["action"] => string(8) "wp-admin"
  ["module"] => string(7) "default"
}


--------------------------------------------------------------------------------
2016-01-04T17:07:46+00:00 ERR (3) 404 Seite nicht gefunden
REMOTE_ADDR: 185.12.108.247
HTTP_REFERER: 
requested: array(3) {
  ["controller"] => string(3) "old"
  ["action"] => string(8) "wp-admin"
  ["module"] => string(7) "default"
}


--------------------------------------------------------------------------------
2016-01-04T18:29:21+00:00 ERR (3) 404 Seite nicht gefunden
REMOTE_ADDR: 91.61.121.152
HTTP_REFERER: 
requested: array(3) {
  ["controller"] => string(32) "apple-touch-icon-precomposed.png"
  ["action"] => string(5) "index"
  ["module"] => string(7) "default"
}


--------------------------------------------------------------------------------
2016-01-04T18:29:21+00:00 ERR (3) 404 Seite nicht gefunden
REMOTE_ADDR: 91.61.121.152
HTTP_REFERER: 
requested: array(3) {
  ["controller"] => string(20) "apple-touch-icon.png"
  ["action"] => string(5) "index"
  ["module"] => string(7) "default"
}


--------------------------------------------------------------------------------
2016-01-04T18:29:22+00:00 ERR (3) 404 Seite nicht gefunden
REMOTE_ADDR: 91.61.121.152
HTTP_REFERER: 
requested: array(3) {
  ["controller"] => string(32) "apple-touch-icon-precomposed.png"
  ["action"] => string(5) "index"
  ["module"] => string(7) "default"
}


--------------------------------------------------------------------------------
2016-01-04T18:29:22+00:00 ERR (3) 404 Seite nicht gefunden
REMOTE_ADDR: 91.61.121.152
HTTP_REFERER: 
requested: array(3) {
  ["controller"] => string(20) "apple-touch-icon.png"
  ["action"] => string(5) "index"
  ["module"] => string(7) "default"
}


--------------------------------------------------------------------------------
2016-01-04T23:08:56+00:00 ERR (3) 404 Seite nicht gefunden
REMOTE_ADDR: 183.91.14.219
HTTP_REFERER: 
requested: array(3) {
  ["controller"] => string(8) "wp-admin"
  ["action"] => string(5) "index"
  ["module"] => string(7) "default"
}


--------------------------------------------------------------------------------
2016-01-04T23:14:57+00:00 ERR (3) 404 Seite nicht gefunden
REMOTE_ADDR: 97.74.6.175
HTTP_REFERER: 
requested: array(3) {
  ["controller"] => string(4) "test"
  ["action"] => string(8) "wp-admin"
  ["module"] => string(7) "default"
}


--------------------------------------------------------------------------------
2016-01-04T23:20:57+00:00 ERR (3) 404 Seite nicht gefunden
REMOTE_ADDR: 67.55.85.148
HTTP_REFERER: 
requested: array(3) {
  ["controller"] => string(9) "wordpress"
  ["action"] => string(8) "wp-admin"
  ["module"] => string(7) "default"
}


--------------------------------------------------------------------------------
2016-01-04T23:26:58+00:00 ERR (3) 404 Seite nicht gefunden
REMOTE_ADDR: 219.94.192.47
HTTP_REFERER: 
requested: array(3) {
  ["controller"] => string(4) "blog"
  ["action"] => string(8) "wp-admin"
  ["module"] => string(7) "default"
}


--------------------------------------------------------------------------------
2016-01-04T23:32:53+00:00 ERR (3) 404 Seite nicht gefunden
REMOTE_ADDR: 104.130.141.191
HTTP_REFERER: 
requested: array(3) {
  ["controller"] => string(2) "wp"
  ["action"] => string(8) "wp-admin"
  ["module"] => string(7) "default"
}


--------------------------------------------------------------------------------
2016-01-04T23:38:42+00:00 ERR (3) 404 Seite nicht gefunden
REMOTE_ADDR: 176.9.61.55
HTTP_REFERER: 
requested: array(3) {
  ["controller"] => string(3) "old"
  ["action"] => string(8) "wp-admin"
  ["module"] => string(7) "default"
}


--------------------------------------------------------------------------------
