2017-02-17T00:02:17+00:00 ERR (3) 404 Seite nicht gefunden
REMOTE_ADDR: 87.210.17.86
HTTP_REFERER: 
requested: array(4) {
  ["controller"] => string(6) "https:"
  [""] => string(19) "silber-und-blei.com"
  ["action"] => string(5) "index"
  ["module"] => string(7) "default"
}


--------------------------------------------------------------------------------
2017-02-17T00:02:18+00:00 ERR (3) 404 Seite nicht gefunden
REMOTE_ADDR: 87.210.17.86
HTTP_REFERER: 
requested: array(3) {
  ["controller"] => string(2) "js"
  ["action"] => string(1) "'"
  ["module"] => string(7) "default"
}


--------------------------------------------------------------------------------
2017-02-17T15:34:50+00:00 ERR (3) 404 Seite nicht gefunden
REMOTE_ADDR: 45.40.165.15
HTTP_REFERER: 
requested: array(3) {
  ["controller"] => string(8) "wp-admin"
  ["action"] => string(5) "index"
  ["module"] => string(7) "default"
}


--------------------------------------------------------------------------------
2017-02-17T15:44:10+00:00 ERR (3) 404 Seite nicht gefunden
REMOTE_ADDR: 98.130.2.59
HTTP_REFERER: 
requested: array(3) {
  ["controller"] => string(4) "test"
  ["action"] => string(8) "wp-admin"
  ["module"] => string(7) "default"
}


--------------------------------------------------------------------------------
2017-02-17T15:53:21+00:00 ERR (3) 404 Seite nicht gefunden
REMOTE_ADDR: 216.64.158.69
HTTP_REFERER: 
requested: array(3) {
  ["controller"] => string(9) "wordpress"
  ["action"] => string(8) "wp-admin"
  ["module"] => string(7) "default"
}


--------------------------------------------------------------------------------
2017-02-17T16:02:32+00:00 ERR (3) 404 Seite nicht gefunden
REMOTE_ADDR: 129.121.176.193
HTTP_REFERER: 
requested: array(3) {
  ["controller"] => string(4) "blog"
  ["action"] => string(8) "wp-admin"
  ["module"] => string(7) "default"
}


--------------------------------------------------------------------------------
2017-02-17T16:11:42+00:00 ERR (3) 404 Seite nicht gefunden
REMOTE_ADDR: 91.198.106.180
HTTP_REFERER: 
requested: array(3) {
  ["controller"] => string(2) "wp"
  ["action"] => string(8) "wp-admin"
  ["module"] => string(7) "default"
}


--------------------------------------------------------------------------------
2017-02-17T16:20:53+00:00 ERR (3) 404 Seite nicht gefunden
REMOTE_ADDR: 79.170.40.163
HTTP_REFERER: 
requested: array(3) {
  ["controller"] => string(3) "old"
  ["action"] => string(8) "wp-admin"
  ["module"] => string(7) "default"
}


--------------------------------------------------------------------------------
