2017-06-30T00:03:18+00:00 ERR (3) 404 Page not found
REMOTE_ADDR: 210.224.185.196
HTTP_REFERER: ufojs.org
requested: array(3) {
  ["controller"] => string(10) "rnnvhs.php"
  ["action"] => string(5) "index"
  ["module"] => string(7) "default"
}


--------------------------------------------------------------------------------
2017-06-30T00:07:12+00:00 ERR (3) 404 Page not found
REMOTE_ADDR: 210.224.185.196
HTTP_REFERER: ufojs.org
requested: array(3) {
  ["controller"] => string(6) "images"
  ["action"] => string(8) "temp.php"
  ["module"] => string(7) "default"
}


--------------------------------------------------------------------------------
2017-06-30T00:11:15+00:00 ERR (3) 404 Page not found
REMOTE_ADDR: 210.224.185.196
HTTP_REFERER: ufojs.org
requested: array(3) {
  ["controller"] => string(6) "yt.php"
  ["action"] => string(5) "index"
  ["module"] => string(7) "default"
}


--------------------------------------------------------------------------------
2017-06-30T00:19:13+00:00 ERR (3) 404 Page not found
REMOTE_ADDR: 210.224.185.196
HTTP_REFERER: ufojs.org
requested: array(3) {
  ["controller"] => string(7) "modules"
  ["action"] => string(7) "modules"
  ["module"] => string(7) "default"
}


--------------------------------------------------------------------------------
2017-06-30T00:30:29+00:00 ERR (3) 404 Page not found
REMOTE_ADDR: 210.224.185.196
HTTP_REFERER: ufojs.org
requested: array(3) {
  ["controller"] => string(7) "sfn.php"
  ["action"] => string(5) "index"
  ["module"] => string(7) "default"
}


--------------------------------------------------------------------------------
2017-06-30T00:31:07+00:00 ERR (3) 404 Page not found
REMOTE_ADDR: 210.224.185.196
HTTP_REFERER: ufojs.org
requested: array(3) {
  ["controller"] => string(8) "temp.php"
  ["action"] => string(5) "index"
  ["module"] => string(7) "default"
}


--------------------------------------------------------------------------------
2017-06-30T00:31:31+00:00 ERR (3) 404 Page not found
REMOTE_ADDR: 210.224.185.196
HTTP_REFERER: ufojs.org
requested: array(3) {
  ["controller"] => string(10) "sample.php"
  ["action"] => string(5) "index"
  ["module"] => string(7) "default"
}


--------------------------------------------------------------------------------
2017-06-30T02:59:13+00:00 ERR (3) 404 "hire-lasse" was not found.
REMOTE_ADDR: 68.180.229.48
HTTP_REFERER: 
requested: array(5) {
  ["lang"] => string(2) "en"
  ["action"] => string(4) "page"
  ["key"] => string(10) "hire-lasse"
  ["module"] => string(7) "default"
  ["controller"] => string(5) "index"
}


--------------------------------------------------------------------------------
2017-06-30T09:08:15+00:00 ERR (3) 404 Seite nicht gefunden
REMOTE_ADDR: 198.204.235.28
HTTP_REFERER: 
requested: array(3) {
  ["controller"] => string(13) "administrator"
  ["action"] => string(10) "robots.txt"
  ["module"] => string(7) "default"
}


--------------------------------------------------------------------------------
2017-06-30T14:48:47+00:00 ERR (3) 404 "hire-lasse" was not found.
REMOTE_ADDR: 157.55.39.96
HTTP_REFERER: 
requested: array(5) {
  ["lang"] => string(2) "de"
  ["action"] => string(4) "page"
  ["key"] => string(10) "hire-lasse"
  ["module"] => string(7) "default"
  ["controller"] => string(5) "index"
}


--------------------------------------------------------------------------------
2017-06-30T20:51:08+00:00 ERR (3) 404 Seite nicht gefunden
REMOTE_ADDR: 107.150.63.171
HTTP_REFERER: 
requested: array(3) {
  ["controller"] => string(13) "administrator"
  ["action"] => string(10) "robots.txt"
  ["module"] => string(7) "default"
}


--------------------------------------------------------------------------------
