2015-12-29T07:19:58+00:00 ERR (3) 404 Seite nicht gefunden
REMOTE_ADDR: 195.154.227.118
HTTP_REFERER: http://graphicore.de/wp-trackback.php
requested: array(3) {
  ["controller"] => string(16) "wp-trackback.php"
  ["action"] => string(5) "index"
  ["module"] => string(7) "default"
}


--------------------------------------------------------------------------------
2015-12-29T08:34:40+00:00 ERR (3) 404 Page not found
REMOTE_ADDR: 167.114.225.92
HTTP_REFERER: 
requested: array(3) {
  ["controller"] => string(9) "admin.php"
  ["action"] => string(5) "index"
  ["module"] => string(7) "default"
}


--------------------------------------------------------------------------------
2015-12-29T08:34:40+00:00 ERR (3) 404 Page not found
REMOTE_ADDR: 167.114.225.92
HTTP_REFERER: 
requested: array(4) {
  ["controller"] => string(6) "bitrix"
  ["action"] => string(5) "admin"
  ["module"] => string(7) "default"
  ["lang"] => string(2) "en"
}


--------------------------------------------------------------------------------
2015-12-29T08:34:40+00:00 ERR (3) 404 Page not found
REMOTE_ADDR: 167.114.225.92
HTTP_REFERER: 
requested: array(3) {
  ["controller"] => string(5) "admin"
  ["action"] => string(9) "login.php"
  ["module"] => string(7) "default"
}


--------------------------------------------------------------------------------
2015-12-29T08:34:40+00:00 ERR (3) 404 Page not found
REMOTE_ADDR: 167.114.225.92
HTTP_REFERER: 
requested: array(3) {
  ["controller"] => string(5) "admin"
  ["action"] => string(5) "index"
  ["module"] => string(7) "default"
}


--------------------------------------------------------------------------------
2015-12-29T08:34:41+00:00 ERR (3) 404 Page not found
REMOTE_ADDR: 167.114.225.92
HTTP_REFERER: 
requested: array(3) {
  ["controller"] => string(4) "user"
  ["action"] => string(5) "index"
  ["module"] => string(7) "default"
}


--------------------------------------------------------------------------------
2015-12-29T09:52:04+00:00 ERR (3) 404 Seite nicht gefunden
REMOTE_ADDR: 123.57.175.207
HTTP_REFERER: 
requested: array(3) {
  ["controller"] => string(8) "wp-admin"
  ["action"] => string(14) "admin-ajax.php"
  ["module"] => string(7) "default"
}


--------------------------------------------------------------------------------
2015-12-29T11:50:17+00:00 ERR (3) 404 Page not found
REMOTE_ADDR: 167.114.225.92
HTTP_REFERER: 
requested: array(3) {
  ["controller"] => string(9) "admin.php"
  ["action"] => string(5) "index"
  ["module"] => string(7) "default"
}


--------------------------------------------------------------------------------
2015-12-29T11:50:17+00:00 ERR (3) 404 Page not found
REMOTE_ADDR: 167.114.225.92
HTTP_REFERER: 
requested: array(4) {
  ["controller"] => string(6) "bitrix"
  ["action"] => string(5) "admin"
  ["module"] => string(7) "default"
  ["lang"] => string(2) "en"
}


--------------------------------------------------------------------------------
2015-12-29T11:50:17+00:00 ERR (3) 404 Page not found
REMOTE_ADDR: 167.114.225.92
HTTP_REFERER: 
requested: array(3) {
  ["controller"] => string(5) "admin"
  ["action"] => string(9) "login.php"
  ["module"] => string(7) "default"
}


--------------------------------------------------------------------------------
2015-12-29T11:50:17+00:00 ERR (3) 404 Page not found
REMOTE_ADDR: 167.114.225.92
HTTP_REFERER: 
requested: array(3) {
  ["controller"] => string(5) "admin"
  ["action"] => string(5) "index"
  ["module"] => string(7) "default"
}


--------------------------------------------------------------------------------
2015-12-29T11:50:17+00:00 ERR (3) 404 Page not found
REMOTE_ADDR: 167.114.225.92
HTTP_REFERER: 
requested: array(3) {
  ["controller"] => string(4) "user"
  ["action"] => string(5) "index"
  ["module"] => string(7) "default"
}


--------------------------------------------------------------------------------
2015-12-29T15:54:11+00:00 ERR (3) 404 "hire-lasse" was not found.
REMOTE_ADDR: 40.77.167.81
HTTP_REFERER: 
requested: array(5) {
  ["lang"] => string(2) "de"
  ["action"] => string(4) "page"
  ["key"] => string(10) "hire-lasse"
  ["module"] => string(7) "default"
  ["controller"] => string(5) "index"
}


--------------------------------------------------------------------------------
2015-12-29T21:56:26+00:00 ERR (3) 404 Page not found
REMOTE_ADDR: 185.93.187.49
HTTP_REFERER: 
requested: array(3) {
  ["controller"] => string(12) "wp-login.php"
  ["action"] => string(5) "index"
  ["module"] => string(7) "default"
}


--------------------------------------------------------------------------------
2015-12-29T21:56:27+00:00 ERR (3) 404 Page not found
REMOTE_ADDR: 185.93.187.49
HTTP_REFERER: 
requested: array(3) {
  ["controller"] => string(13) "administrator"
  ["action"] => string(5) "index"
  ["module"] => string(7) "default"
}


--------------------------------------------------------------------------------
2015-12-29T21:56:27+00:00 ERR (3) 404 Page not found
REMOTE_ADDR: 185.93.187.49
HTTP_REFERER: 
requested: array(3) {
  ["controller"] => string(9) "admin.php"
  ["action"] => string(5) "index"
  ["module"] => string(7) "default"
}


--------------------------------------------------------------------------------
2015-12-29T22:09:23+00:00 ERR (3) 404 Seite nicht gefunden
REMOTE_ADDR: 195.154.226.90
HTTP_REFERER: 
requested: array(3) {
  ["controller"] => string(16) "wp-trackback.php"
  ["action"] => string(5) "index"
  ["module"] => string(7) "default"
}


--------------------------------------------------------------------------------
2015-12-29T22:25:33+00:00 ERR (3) 404 Seite nicht gefunden
REMOTE_ADDR: 5.9.73.227
HTTP_REFERER: 
requested: array(8) {
  ["controller"] => string(5) "forum"
  ["action"] => string(13) "viewtopic.php"
  ["module"] => string(7) "default"
  ["t"] => string(2) "13"
  ["start"] => string(1) "0"
  ["postdays"] => string(1) "0"
  ["postorder"] => string(3) "asc"
  ["highlight"] => string(0) ""
}


--------------------------------------------------------------------------------
2015-12-29T23:51:20+00:00 ERR (3) 404 "hire-lasse" was not found.
REMOTE_ADDR: 195.154.200.68
HTTP_REFERER: 
requested: array(5) {
  ["lang"] => string(2) "de"
  ["action"] => string(4) "page"
  ["key"] => string(10) "hire-lasse"
  ["module"] => string(7) "default"
  ["controller"] => string(5) "index"
}


--------------------------------------------------------------------------------
2015-12-29T23:51:40+00:00 ERR (3) 404 Seite nicht gefunden
REMOTE_ADDR: 195.154.200.68
HTTP_REFERER: 
requested: array(8) {
  ["controller"] => string(5) "forum"
  ["action"] => string(13) "viewtopic.php"
  ["module"] => string(7) "default"
  ["t"] => string(2) "13"
  ["start"] => string(1) "0"
  ["postdays"] => string(1) "0"
  ["postorder"] => string(3) "asc"
  ["highlight"] => string(0) ""
}


--------------------------------------------------------------------------------
