2013-10-28T00:55:22+00:00 ERR (3) 404 "topic" was not found.
REMOTE_ADDR: 176.14.98.94
HTTP_REFERER: http://graphicore.de/en/index/topic/intern/projekte/
requested: array(6) {
  ["lang"] => string(2) "en"
  ["action"] => string(5) "index"
  ["key"] => string(5) "topic"
  ["intern"] => string(8) "projekte"
  ["module"] => string(7) "default"
  ["controller"] => string(5) "index"
}


--------------------------------------------------------------------------------
2013-10-28T05:47:31+00:00 ERR (3) 404 Seite nicht gefunden
REMOTE_ADDR: 54.226.214.213
HTTP_REFERER: 
requested: array(5) {
  ["controller"] => string(13) "MuraProxy.cfc"
  ["action"] => string(5) "index"
  ["module"] => string(7) "default"
  ["method"] => string(14) "isValidSession"
  ["authtoken"] => string(0) ""
}


--------------------------------------------------------------------------------
2013-10-28T15:12:08+00:00 ERR (3) 404 Seite nicht gefunden
REMOTE_ADDR: 198.50.159.31
HTTP_REFERER: 
requested: array(3) {
  ["controller"] => string(5) "forum"
  ["action"] => string(9) "index.php"
  ["module"] => string(7) "default"
}


--------------------------------------------------------------------------------
2013-10-28T15:16:37+00:00 ERR (3) 404 "hire-lasse" was not found.
REMOTE_ADDR: 208.115.111.73
HTTP_REFERER: 
requested: array(5) {
  ["lang"] => string(2) "de"
  ["action"] => string(4) "page"
  ["key"] => string(10) "hire-lasse"
  ["module"] => string(7) "default"
  ["controller"] => string(5) "index"
}


--------------------------------------------------------------------------------
2013-10-28T17:34:06+00:00 ERR (3) 404 The filter "en" was not found.
REMOTE_ADDR: 208.115.113.89
HTTP_REFERER: 
requested: array(5) {
  ["lang"] => string(2) "en"
  ["action"] => string(5) "diary"
  ["key"] => string(2) "en"
  ["module"] => string(7) "default"
  ["controller"] => string(5) "index"
}


--------------------------------------------------------------------------------
2013-10-28T22:43:10+00:00 ERR (3) 404 "hire-lasse" was not found.
REMOTE_ADDR: 84.19.190.55
HTTP_REFERER: 
requested: array(5) {
  ["lang"] => string(2) "de"
  ["action"] => string(4) "page"
  ["key"] => string(10) "hire-lasse"
  ["module"] => string(7) "default"
  ["controller"] => string(5) "index"
}


--------------------------------------------------------------------------------
