2015-09-24T00:26:58+00:00 ERR (3) 404 "" was not found.
REMOTE_ADDR: 134.249.234.21
HTTP_REFERER: http://www.pozvonim.com/
requested: array(5) {
  ["lang"] => string(2) "en"
  ["action"] => string(7) "archive"
  ["module"] => string(7) "default"
  ["controller"] => string(5) "index"
  ["key"] => string(0) ""
}


--------------------------------------------------------------------------------
2015-09-24T00:26:58+00:00 ERR (3) 404 "" was not found.
REMOTE_ADDR: 134.249.234.21
HTTP_REFERER: http://www.pozvonim.com/
requested: array(5) {
  ["lang"] => string(2) "en"
  ["action"] => string(7) "archive"
  ["module"] => string(7) "default"
  ["controller"] => string(5) "index"
  ["key"] => string(0) ""
}


--------------------------------------------------------------------------------
2015-09-24T00:26:59+00:00 ERR (3) 404 "" was not found.
REMOTE_ADDR: 134.249.234.21
HTTP_REFERER: http://www.pozvonim.com/
requested: array(5) {
  ["lang"] => string(2) "en"
  ["action"] => string(7) "archive"
  ["module"] => string(7) "default"
  ["controller"] => string(5) "index"
  ["key"] => string(0) ""
}


--------------------------------------------------------------------------------
2015-09-24T02:57:43+00:00 ERR (3) 404 Seite nicht gefunden
REMOTE_ADDR: 149.86.184.110
HTTP_REFERER: 
requested: array(4) {
  ["controller"] => string(6) "https:"
  [""] => string(19) "silber-und-blei.com"
  ["action"] => string(5) "index"
  ["module"] => string(7) "default"
}


--------------------------------------------------------------------------------
2015-09-24T02:57:44+00:00 ERR (3) 404 Seite nicht gefunden
REMOTE_ADDR: 149.86.184.110
HTTP_REFERER: 
requested: array(3) {
  ["controller"] => string(2) "js"
  ["action"] => string(1) "'"
  ["module"] => string(7) "default"
}


--------------------------------------------------------------------------------
2015-09-24T05:10:29+00:00 ERR (3) 404 "hire-lasse" was not found.
REMOTE_ADDR: 157.55.39.102
HTTP_REFERER: 
requested: array(5) {
  ["lang"] => string(2) "de"
  ["action"] => string(4) "page"
  ["key"] => string(10) "hire-lasse"
  ["module"] => string(7) "default"
  ["controller"] => string(5) "index"
}


--------------------------------------------------------------------------------
2015-09-24T06:05:28+00:00 ERR (3) 404 "" was not found.
REMOTE_ADDR: 176.8.89.217
HTTP_REFERER: http://pornotwit.com/
requested: array(5) {
  ["lang"] => string(2) "en"
  ["action"] => string(7) "archive"
  ["module"] => string(7) "default"
  ["controller"] => string(5) "index"
  ["key"] => string(0) ""
}


--------------------------------------------------------------------------------
2015-09-24T06:05:28+00:00 ERR (3) 404 "" was not found.
REMOTE_ADDR: 176.8.89.217
HTTP_REFERER: http://pornotwit.com/
requested: array(5) {
  ["lang"] => string(2) "en"
  ["action"] => string(7) "archive"
  ["module"] => string(7) "default"
  ["controller"] => string(5) "index"
  ["key"] => string(0) ""
}


--------------------------------------------------------------------------------
2015-09-24T08:23:32+00:00 ERR (3) 404 "" was not found.
REMOTE_ADDR: 178.137.93.29
HTTP_REFERER: http://fishingwiki.ru/
requested: array(5) {
  ["lang"] => string(2) "en"
  ["action"] => string(7) "archive"
  ["module"] => string(7) "default"
  ["controller"] => string(5) "index"
  ["key"] => string(0) ""
}


--------------------------------------------------------------------------------
2015-09-24T08:23:33+00:00 ERR (3) 404 "" was not found.
REMOTE_ADDR: 178.137.93.29
HTTP_REFERER: http://fishingwiki.ru/
requested: array(5) {
  ["lang"] => string(2) "en"
  ["action"] => string(7) "archive"
  ["module"] => string(7) "default"
  ["controller"] => string(5) "index"
  ["key"] => string(0) ""
}


--------------------------------------------------------------------------------
2015-09-24T12:13:28+00:00 ERR (3) 404 Seite nicht gefunden
REMOTE_ADDR: 219.92.244.155
HTTP_REFERER: 
requested: array(9) {
  ["controller"] => string(9) "fckeditor"
  [""] => string(6) "editor"
  ["filemanager"] => string(10) "connectors"
  ["asp"] => string(13) "connector.asp"
  ["action"] => string(5) "index"
  ["module"] => string(7) "default"
  ["Command"] => string(10) "GetFolders"
  ["Type"] => string(4) "File"
  ["CurrentFolder"] => string(1) "/"
}


--------------------------------------------------------------------------------
2015-09-24T12:13:29+00:00 ERR (3) 404 Seite nicht gefunden
REMOTE_ADDR: 219.92.244.155
HTTP_REFERER: 
requested: array(9) {
  ["controller"] => string(9) "fckeditor"
  [""] => string(6) "editor"
  ["filemanager"] => string(10) "connectors"
  ["aspx"] => string(14) "connector.aspx"
  ["action"] => string(5) "index"
  ["module"] => string(7) "default"
  ["Command"] => string(10) "GetFolders"
  ["Type"] => string(4) "File"
  ["CurrentFolder"] => string(1) "/"
}


--------------------------------------------------------------------------------
2015-09-24T12:13:29+00:00 ERR (3) 404 Seite nicht gefunden
REMOTE_ADDR: 219.92.244.155
HTTP_REFERER: 
requested: array(9) {
  ["controller"] => string(9) "fckeditor"
  [""] => string(6) "editor"
  ["filemanager"] => string(10) "connectors"
  ["php"] => string(13) "connector.php"
  ["action"] => string(5) "index"
  ["module"] => string(7) "default"
  ["Command"] => string(10) "GetFolders"
  ["Type"] => string(4) "File"
  ["CurrentFolder"] => string(1) "/"
}


--------------------------------------------------------------------------------
2015-09-24T12:13:30+00:00 ERR (3) 404 Seite nicht gefunden
REMOTE_ADDR: 219.92.244.155
HTTP_REFERER: 
requested: array(9) {
  ["controller"] => string(9) "fckeditor"
  [""] => string(6) "editor"
  ["filemanager"] => string(10) "connectors"
  ["jsp"] => string(13) "connector.jsp"
  ["action"] => string(5) "index"
  ["module"] => string(7) "default"
  ["Command"] => string(10) "GetFolders"
  ["Type"] => string(4) "File"
  ["CurrentFolder"] => string(1) "/"
}


--------------------------------------------------------------------------------
2015-09-24T12:13:30+00:00 ERR (3) 404 Seite nicht gefunden
REMOTE_ADDR: 219.92.244.155
HTTP_REFERER: 
requested: array(10) {
  ["controller"] => string(9) "fckeditor"
  [""] => string(6) "editor"
  ["filemanager"] => string(7) "browser"
  ["default"] => string(10) "connectors"
  ["asp"] => string(13) "connector.asp"
  ["action"] => string(5) "index"
  ["module"] => string(7) "default"
  ["Command"] => string(10) "GetFolders"
  ["Type"] => string(4) "File"
  ["CurrentFolder"] => string(1) "/"
}


--------------------------------------------------------------------------------
2015-09-24T12:13:31+00:00 ERR (3) 404 Seite nicht gefunden
REMOTE_ADDR: 219.92.244.155
HTTP_REFERER: 
requested: array(10) {
  ["controller"] => string(9) "fckeditor"
  [""] => string(6) "editor"
  ["filemanager"] => string(7) "browser"
  ["default"] => string(10) "connectors"
  ["aspx"] => string(14) "connector.aspx"
  ["action"] => string(5) "index"
  ["module"] => string(7) "default"
  ["Command"] => string(10) "GetFolders"
  ["Type"] => string(4) "File"
  ["CurrentFolder"] => string(1) "/"
}


--------------------------------------------------------------------------------
2015-09-24T12:13:31+00:00 ERR (3) 404 Seite nicht gefunden
REMOTE_ADDR: 219.92.244.155
HTTP_REFERER: 
requested: array(10) {
  ["controller"] => string(9) "fckeditor"
  [""] => string(6) "editor"
  ["filemanager"] => string(7) "browser"
  ["default"] => string(10) "connectors"
  ["php"] => string(13) "connector.php"
  ["action"] => string(5) "index"
  ["module"] => string(7) "default"
  ["Command"] => string(10) "GetFolders"
  ["Type"] => string(4) "File"
  ["CurrentFolder"] => string(1) "/"
}


--------------------------------------------------------------------------------
2015-09-24T16:26:36+00:00 ERR (3) 404 Seite nicht gefunden
REMOTE_ADDR: 192.187.126.163
HTTP_REFERER: 
requested: array(3) {
  ["controller"] => string(4) "file"
  ["action"] => string(13) "fckeditor_old"
  ["module"] => string(7) "default"
}


--------------------------------------------------------------------------------
2015-09-24T18:05:04+00:00 ERR (3) 404 Seite nicht gefunden
REMOTE_ADDR: 195.3.144.88
HTTP_REFERER: 
requested: array(3) {
  ["controller"] => string(9) "admin.php"
  ["action"] => string(5) "index"
  ["module"] => string(7) "default"
}


--------------------------------------------------------------------------------
2015-09-24T19:48:23+00:00 ERR (3) 404 "hire-lasse" was not found.
REMOTE_ADDR: 157.55.39.34
HTTP_REFERER: 
requested: array(5) {
  ["lang"] => string(2) "de"
  ["action"] => string(4) "page"
  ["key"] => string(10) "hire-lasse"
  ["module"] => string(7) "default"
  ["controller"] => string(5) "index"
}


--------------------------------------------------------------------------------
2015-09-24T20:12:37+00:00 ERR (3) 404 "" was not found.
REMOTE_ADDR: 176.8.91.248
HTTP_REFERER: http://www.sharok.biz/
requested: array(5) {
  ["lang"] => string(2) "en"
  ["action"] => string(7) "archive"
  ["module"] => string(7) "default"
  ["controller"] => string(5) "index"
  ["key"] => string(0) ""
}


--------------------------------------------------------------------------------
2015-09-24T20:12:37+00:00 ERR (3) 404 "" was not found.
REMOTE_ADDR: 176.8.91.248
HTTP_REFERER: http://gamesintrend.com/
requested: array(5) {
  ["lang"] => string(2) "en"
  ["action"] => string(7) "archive"
  ["module"] => string(7) "default"
  ["controller"] => string(5) "index"
  ["key"] => string(0) ""
}


--------------------------------------------------------------------------------
2015-09-24T20:12:38+00:00 ERR (3) 404 "" was not found.
REMOTE_ADDR: 176.8.91.248
HTTP_REFERER: http://gamesintrend.com/
requested: array(5) {
  ["lang"] => string(2) "en"
  ["action"] => string(7) "archive"
  ["module"] => string(7) "default"
  ["controller"] => string(5) "index"
  ["key"] => string(0) ""
}


--------------------------------------------------------------------------------
2015-09-24T20:12:38+00:00 ERR (3) 404 "" was not found.
REMOTE_ADDR: 176.8.91.248
HTTP_REFERER: http://www.sharok.biz/
requested: array(5) {
  ["lang"] => string(2) "en"
  ["action"] => string(7) "archive"
  ["module"] => string(7) "default"
  ["controller"] => string(5) "index"
  ["key"] => string(0) ""
}


--------------------------------------------------------------------------------
2015-09-24T20:12:38+00:00 ERR (3) 404 "" was not found.
REMOTE_ADDR: 176.8.91.248
HTTP_REFERER: http://www.sharok.biz/
requested: array(5) {
  ["lang"] => string(2) "en"
  ["action"] => string(7) "archive"
  ["module"] => string(7) "default"
  ["controller"] => string(5) "index"
  ["key"] => string(0) ""
}


--------------------------------------------------------------------------------
2015-09-24T20:12:38+00:00 ERR (3) 404 "" was not found.
REMOTE_ADDR: 176.8.91.248
HTTP_REFERER: http://gamesintrend.com/
requested: array(5) {
  ["lang"] => string(2) "en"
  ["action"] => string(7) "archive"
  ["module"] => string(7) "default"
  ["controller"] => string(5) "index"
  ["key"] => string(0) ""
}


--------------------------------------------------------------------------------
2015-09-24T21:08:14+00:00 ERR (3) 404 Seite nicht gefunden
REMOTE_ADDR: 192.187.126.163
HTTP_REFERER: 
requested: array(3) {
  ["controller"] => string(10) "htmleditor"
  ["action"] => string(6) "editor"
  ["module"] => string(7) "default"
}


--------------------------------------------------------------------------------
2015-09-24T22:37:53+00:00 ERR (3) 404 Seite nicht gefunden
REMOTE_ADDR: 69.30.215.130
HTTP_REFERER: 
requested: array(3) {
  ["controller"] => string(5) "diary"
  ["action"] => string(4) "atom"
  ["module"] => string(7) "default"
}


--------------------------------------------------------------------------------
2015-09-24T23:15:41+00:00 ERR (3) 404 "" was not found.
REMOTE_ADDR: 178.137.93.29
HTTP_REFERER: http://www.rospromtest.ru/questions.php
requested: array(5) {
  ["lang"] => string(2) "en"
  ["action"] => string(7) "archive"
  ["module"] => string(7) "default"
  ["controller"] => string(5) "index"
  ["key"] => string(0) ""
}


--------------------------------------------------------------------------------
2015-09-24T23:15:41+00:00 ERR (3) 404 "" was not found.
REMOTE_ADDR: 178.137.93.29
HTTP_REFERER: http://www.rospromtest.ru/questions.php
requested: array(5) {
  ["lang"] => string(2) "en"
  ["action"] => string(7) "archive"
  ["module"] => string(7) "default"
  ["controller"] => string(5) "index"
  ["key"] => string(0) ""
}


--------------------------------------------------------------------------------
2015-09-24T23:15:42+00:00 ERR (3) 404 "" was not found.
REMOTE_ADDR: 178.137.93.29
HTTP_REFERER: http://www.rospromtest.ru/questions.php
requested: array(5) {
  ["lang"] => string(2) "en"
  ["action"] => string(7) "archive"
  ["module"] => string(7) "default"
  ["controller"] => string(5) "index"
  ["key"] => string(0) ""
}


--------------------------------------------------------------------------------
