2018-02-20T00:17:13+00:00 ERR (3) 404 Seite nicht gefunden
REMOTE_ADDR: 94.72.104.249
HTTP_REFERER: 
requested: array(6) {
  ["controller"] => string(13) "administrator"
  ["action"] => string(10) "components"
  ["com_joomlaupdate"] => string(11) "restore.php"
  ["module"] => string(7) "default"
  ["task"] => string(11) "stepRestore"
  ["factory"] => string(0) ""
}


--------------------------------------------------------------------------------
2018-02-20T00:22:11+00:00 ERR (3) 404 Seite nicht gefunden
REMOTE_ADDR: 84.10.24.91
HTTP_REFERER: 
requested: array(6) {
  ["controller"] => string(13) "administrator"
  ["action"] => string(10) "components"
  ["com_joomlaupdate"] => string(11) "restore.php"
  ["module"] => string(7) "default"
  ["task"] => string(11) "stepRestore"
  ["factory"] => string(0) ""
}


--------------------------------------------------------------------------------
2018-02-20T01:07:58+00:00 ERR (3) 404 Seite nicht gefunden
REMOTE_ADDR: 186.237.215.133
HTTP_REFERER: 
requested: array(3) {
  ["controller"] => string(12) "wp-login.php"
  ["action"] => string(5) "index"
  ["module"] => string(7) "default"
}


--------------------------------------------------------------------------------
2018-02-20T01:39:54+00:00 ERR (3) 404 "hire-lasse" was not found.
REMOTE_ADDR: 62.138.0.25
HTTP_REFERER: 
requested: array(5) {
  ["lang"] => string(2) "de"
  ["action"] => string(4) "page"
  ["key"] => string(10) "hire-lasse"
  ["module"] => string(7) "default"
  ["controller"] => string(5) "index"
}


--------------------------------------------------------------------------------
2018-02-20T01:40:44+00:00 ERR (3) 404 "en" was not found.
REMOTE_ADDR: 216.244.66.248
HTTP_REFERER: 
requested: array(5) {
  ["lang"] => string(2) "en"
  ["action"] => string(4) "page"
  ["key"] => string(2) "en"
  ["module"] => string(7) "default"
  ["controller"] => string(5) "index"
}


--------------------------------------------------------------------------------
2018-02-20T03:21:45+00:00 ERR (3) 404 Seite nicht gefunden
REMOTE_ADDR: 105.99.140.55
HTTP_REFERER: 
requested: array(3) {
  ["controller"] => string(12) "wp-login.php"
  ["action"] => string(5) "index"
  ["module"] => string(7) "default"
}


--------------------------------------------------------------------------------
2018-02-20T05:03:49+00:00 ERR (3) 404 Seite nicht gefunden
REMOTE_ADDR: 195.22.127.224
HTTP_REFERER: 
requested: array(3) {
  ["controller"] => string(3) "MSD"
  ["action"] => string(7) "sql.php"
  ["module"] => string(7) "default"
}


--------------------------------------------------------------------------------
2018-02-20T05:03:49+00:00 ERR (3) 404 Seite nicht gefunden
REMOTE_ADDR: 195.22.127.224
HTTP_REFERER: 
requested: array(3) {
  ["controller"] => string(3) "Msd"
  ["action"] => string(7) "sql.php"
  ["module"] => string(7) "default"
}


--------------------------------------------------------------------------------
2018-02-20T05:03:50+00:00 ERR (3) 404 Seite nicht gefunden
REMOTE_ADDR: 195.22.127.224
HTTP_REFERER: 
requested: array(3) {
  ["controller"] => string(17) "MySQLDumper1.24.4"
  ["action"] => string(9) "msd1.24.4"
  ["module"] => string(7) "default"
}


--------------------------------------------------------------------------------
2018-02-20T05:03:50+00:00 ERR (3) 404 Seite nicht gefunden
REMOTE_ADDR: 195.22.127.224
HTTP_REFERER: 
requested: array(3) {
  ["controller"] => string(17) "MySQLDumper1.24.4"
  ["action"] => string(7) "sql.php"
  ["module"] => string(7) "default"
}


--------------------------------------------------------------------------------
2018-02-20T05:03:50+00:00 ERR (3) 404 Seite nicht gefunden
REMOTE_ADDR: 195.22.127.224
HTTP_REFERER: 
requested: array(3) {
  ["controller"] => string(23) "MySQLDumper1.24.4stable"
  ["action"] => string(7) "sql.php"
  ["module"] => string(7) "default"
}


--------------------------------------------------------------------------------
2018-02-20T05:03:50+00:00 ERR (3) 404 Seite nicht gefunden
REMOTE_ADDR: 195.22.127.224
HTTP_REFERER: 
requested: array(3) {
  ["controller"] => string(11) "MySqlDumper"
  ["action"] => string(7) "sql.php"
  ["module"] => string(7) "default"
}


--------------------------------------------------------------------------------
2018-02-20T05:03:50+00:00 ERR (3) 404 Seite nicht gefunden
REMOTE_ADDR: 195.22.127.224
HTTP_REFERER: 
requested: array(3) {
  ["controller"] => string(11) "Mysqldumper"
  ["action"] => string(7) "sql.php"
  ["module"] => string(7) "default"
}


--------------------------------------------------------------------------------
2018-02-20T05:03:51+00:00 ERR (3) 404 Seite nicht gefunden
REMOTE_ADDR: 195.22.127.224
HTTP_REFERER: 
requested: array(3) {
  ["controller"] => string(5) "admin"
  ["action"] => string(7) "sql.php"
  ["module"] => string(7) "default"
}


--------------------------------------------------------------------------------
2018-02-20T05:03:51+00:00 ERR (3) 404 Seite nicht gefunden
REMOTE_ADDR: 195.22.127.224
HTTP_REFERER: 
requested: array(3) {
  ["controller"] => string(5) "admin"
  ["action"] => string(3) "sql"
  ["module"] => string(7) "default"
}


--------------------------------------------------------------------------------
2018-02-20T05:03:51+00:00 ERR (3) 404 Seite nicht gefunden
REMOTE_ADDR: 195.22.127.224
HTTP_REFERER: 
requested: array(3) {
  ["controller"] => string(6) "backup"
  ["action"] => string(7) "sql.php"
  ["module"] => string(7) "default"
}


--------------------------------------------------------------------------------
2018-02-20T05:03:51+00:00 ERR (3) 404 Seite nicht gefunden
REMOTE_ADDR: 195.22.127.224
HTTP_REFERER: 
requested: array(3) {
  ["controller"] => string(7) "backups"
  ["action"] => string(7) "sql.php"
  ["module"] => string(7) "default"
}


--------------------------------------------------------------------------------
2018-02-20T05:03:51+00:00 ERR (3) 404 Seite nicht gefunden
REMOTE_ADDR: 195.22.127.224
HTTP_REFERER: 
requested: array(3) {
  ["controller"] => string(8) "database"
  ["action"] => string(7) "sql.php"
  ["module"] => string(7) "default"
}


--------------------------------------------------------------------------------
2018-02-20T05:03:52+00:00 ERR (3) 404 Seite nicht gefunden
REMOTE_ADDR: 195.22.127.224
HTTP_REFERER: 
requested: array(3) {
  ["controller"] => string(9) "datenbank"
  ["action"] => string(7) "sql.php"
  ["module"] => string(7) "default"
}


--------------------------------------------------------------------------------
2018-02-20T05:03:52+00:00 ERR (3) 404 Seite nicht gefunden
REMOTE_ADDR: 195.22.127.224
HTTP_REFERER: 
requested: array(3) {
  ["controller"] => string(4) "dump"
  ["action"] => string(7) "sql.php"
  ["module"] => string(7) "default"
}


--------------------------------------------------------------------------------
2018-02-20T05:03:52+00:00 ERR (3) 404 Seite nicht gefunden
REMOTE_ADDR: 195.22.127.224
HTTP_REFERER: 
requested: array(3) {
  ["controller"] => string(6) "dumper"
  ["action"] => string(7) "sql.php"
  ["module"] => string(7) "default"
}


--------------------------------------------------------------------------------
2018-02-20T05:03:52+00:00 ERR (3) 404 Seite nicht gefunden
REMOTE_ADDR: 195.22.127.224
HTTP_REFERER: 
requested: array(3) {
  ["controller"] => string(3) "msd"
  ["action"] => string(7) "sql.php"
  ["module"] => string(7) "default"
}


--------------------------------------------------------------------------------
2018-02-20T05:03:52+00:00 ERR (3) 404 Seite nicht gefunden
REMOTE_ADDR: 195.22.127.224
HTTP_REFERER: 
requested: array(3) {
  ["controller"] => string(9) "msd1.24.2"
  ["action"] => string(7) "sql.php"
  ["module"] => string(7) "default"
}


--------------------------------------------------------------------------------
2018-02-20T05:03:52+00:00 ERR (3) 404 Seite nicht gefunden
REMOTE_ADDR: 195.22.127.224
HTTP_REFERER: 
requested: array(3) {
  ["controller"] => string(9) "msd1.24.3"
  ["action"] => string(7) "sql.php"
  ["module"] => string(7) "default"
}


--------------------------------------------------------------------------------
2018-02-20T05:03:53+00:00 ERR (3) 404 Seite nicht gefunden
REMOTE_ADDR: 195.22.127.224
HTTP_REFERER: 
requested: array(3) {
  ["controller"] => string(9) "msd1.24.4"
  ["action"] => string(7) "sql.php"
  ["module"] => string(7) "default"
}


--------------------------------------------------------------------------------
2018-02-20T05:03:53+00:00 ERR (3) 404 Seite nicht gefunden
REMOTE_ADDR: 195.22.127.224
HTTP_REFERER: 
requested: array(3) {
  ["controller"] => string(13) "msd1.24stable"
  ["action"] => string(7) "sql.php"
  ["module"] => string(7) "default"
}


--------------------------------------------------------------------------------
2018-02-20T05:03:53+00:00 ERR (3) 404 Seite nicht gefunden
REMOTE_ADDR: 195.22.127.224
HTTP_REFERER: 
requested: array(3) {
  ["controller"] => string(7) "myadmin"
  ["action"] => string(7) "sql.php"
  ["module"] => string(7) "default"
}


--------------------------------------------------------------------------------
2018-02-20T05:03:53+00:00 ERR (3) 404 Seite nicht gefunden
REMOTE_ADDR: 195.22.127.224
HTTP_REFERER: 
requested: array(3) {
  ["controller"] => string(5) "mysql"
  ["action"] => string(7) "sql.php"
  ["module"] => string(7) "default"
}


--------------------------------------------------------------------------------
2018-02-20T05:03:53+00:00 ERR (3) 404 Seite nicht gefunden
REMOTE_ADDR: 195.22.127.224
HTTP_REFERER: 
requested: array(3) {
  ["controller"] => string(11) "mysqldumper"
  ["action"] => string(7) "sql.php"
  ["module"] => string(7) "default"
}


--------------------------------------------------------------------------------
2018-02-20T05:03:59+00:00 ERR (3) 404 Seite nicht gefunden
REMOTE_ADDR: 195.22.127.224
HTTP_REFERER: 
requested: array(3) {
  ["controller"] => string(3) "sql"
  ["action"] => string(7) "sql.php"
  ["module"] => string(7) "default"
}


--------------------------------------------------------------------------------
2018-02-20T06:16:23+00:00 ERR (3) 404 Seite nicht gefunden
REMOTE_ADDR: 122.53.87.146
HTTP_REFERER: 
requested: array(3) {
  ["controller"] => string(12) "wp-login.php"
  ["action"] => string(5) "index"
  ["module"] => string(7) "default"
}


--------------------------------------------------------------------------------
2018-02-20T06:23:16+00:00 ERR (3) 404 Seite nicht gefunden
REMOTE_ADDR: 93.214.50.46
HTTP_REFERER: 
requested: array(3) {
  ["controller"] => string(12) "wp-login.php"
  ["action"] => string(5) "index"
  ["module"] => string(7) "default"
}


--------------------------------------------------------------------------------
2018-02-20T06:59:29+00:00 ERR (3) 404 Seite nicht gefunden
REMOTE_ADDR: 212.118.120.132
HTTP_REFERER: 
requested: array(3) {
  ["controller"] => string(12) "wp-login.php"
  ["action"] => string(5) "index"
  ["module"] => string(7) "default"
}


--------------------------------------------------------------------------------
2018-02-20T07:01:36+00:00 ERR (3) 404 Seite nicht gefunden
REMOTE_ADDR: 174.138.26.175
HTTP_REFERER: 
requested: array(3) {
  ["controller"] => string(13) "CHANGELOG.txt"
  ["action"] => string(5) "index"
  ["module"] => string(7) "default"
}


--------------------------------------------------------------------------------
2018-02-20T07:01:38+00:00 ERR (3) 404 Seite nicht gefunden
REMOTE_ADDR: 174.138.26.175
HTTP_REFERER: 
requested: array(3) {
  ["controller"] => string(4) "core"
  ["action"] => string(13) "CHANGELOG.txt"
  ["module"] => string(7) "default"
}


--------------------------------------------------------------------------------
2018-02-20T07:01:40+00:00 ERR (3) 404 Seite nicht gefunden
REMOTE_ADDR: 174.138.26.175
HTTP_REFERER: 
requested: array(3) {
  ["controller"] => string(11) "license.txt"
  ["action"] => string(5) "index"
  ["module"] => string(7) "default"
}


--------------------------------------------------------------------------------
2018-02-20T07:01:48+00:00 ERR (3) 404 Seite nicht gefunden
REMOTE_ADDR: 174.138.26.175
HTTP_REFERER: 
requested: array(3) {
  ["controller"] => string(10) "README.txt"
  ["action"] => string(5) "index"
  ["module"] => string(7) "default"
}


--------------------------------------------------------------------------------
2018-02-20T07:01:49+00:00 ERR (3) 404 Seite nicht gefunden
REMOTE_ADDR: 174.138.26.175
HTTP_REFERER: 
requested: array(4) {
  ["controller"] => string(5) "media"
  ["action"] => string(6) "system"
  ["js"] => string(7) "core.js"
  ["module"] => string(7) "default"
}


--------------------------------------------------------------------------------
2018-02-20T07:01:53+00:00 ERR (3) 404 Seite nicht gefunden
REMOTE_ADDR: 174.138.26.175
HTTP_REFERER: 
requested: array(3) {
  ["controller"] => string(10) "README.txt"
  ["action"] => string(5) "index"
  ["module"] => string(7) "default"
}


--------------------------------------------------------------------------------
2018-02-20T07:01:58+00:00 ERR (3) 404 Seite nicht gefunden
REMOTE_ADDR: 174.138.26.175
HTTP_REFERER: 
requested: array(3) {
  ["controller"] => string(2) "js"
  ["action"] => string(8) "admin.js"
  ["module"] => string(7) "default"
}


--------------------------------------------------------------------------------
2018-02-20T08:16:00+00:00 ERR (3) 404 Seite nicht gefunden
REMOTE_ADDR: 118.33.163.68
HTTP_REFERER: 
requested: array(3) {
  ["controller"] => string(12) "wp-login.php"
  ["action"] => string(5) "index"
  ["module"] => string(7) "default"
}


--------------------------------------------------------------------------------
2018-02-20T08:30:31+00:00 ERR (3) 404 Seite nicht gefunden
REMOTE_ADDR: 93.137.1.163
HTTP_REFERER: 
requested: array(3) {
  ["controller"] => string(12) "wp-login.php"
  ["action"] => string(5) "index"
  ["module"] => string(7) "default"
}


--------------------------------------------------------------------------------
2018-02-20T08:43:09+00:00 ERR (3) 404 Seite nicht gefunden
REMOTE_ADDR: 109.102.111.64
HTTP_REFERER: 
requested: array(4) {
  ["controller"] => string(6) "https:"
  [""] => string(19) "silber-und-blei.com"
  ["action"] => string(5) "index"
  ["module"] => string(7) "default"
}


--------------------------------------------------------------------------------
2018-02-20T09:01:15+00:00 ERR (3) 404 Seite nicht gefunden
REMOTE_ADDR: 37.34.240.196
HTTP_REFERER: 
requested: array(3) {
  ["controller"] => string(12) "wp-login.php"
  ["action"] => string(5) "index"
  ["module"] => string(7) "default"
}


--------------------------------------------------------------------------------
2018-02-20T09:52:27+00:00 ERR (3) 404 Seite nicht gefunden
REMOTE_ADDR: 14.139.155.214
HTTP_REFERER: 
requested: array(3) {
  ["controller"] => string(12) "wp-login.php"
  ["action"] => string(5) "index"
  ["module"] => string(7) "default"
}


--------------------------------------------------------------------------------
2018-02-20T10:52:44+00:00 ERR (3) 404 "de" was not found.
REMOTE_ADDR: 216.244.66.248
HTTP_REFERER: 
requested: array(5) {
  ["lang"] => string(2) "en"
  ["action"] => string(7) "archive"
  ["key"] => string(2) "de"
  ["module"] => string(7) "default"
  ["controller"] => string(5) "index"
}


--------------------------------------------------------------------------------
2018-02-20T12:08:13+00:00 ERR (3) 404 Seite nicht gefunden
REMOTE_ADDR: 172.5.78.87
HTTP_REFERER: 
requested: array(3) {
  ["controller"] => string(12) "wp-login.php"
  ["action"] => string(5) "index"
  ["module"] => string(7) "default"
}


--------------------------------------------------------------------------------
2018-02-20T14:13:30+00:00 ERR (3) 404 Seite nicht gefunden
REMOTE_ADDR: 111.94.88.106
HTTP_REFERER: 
requested: array(3) {
  ["controller"] => string(12) "wp-login.php"
  ["action"] => string(5) "index"
  ["module"] => string(7) "default"
}


--------------------------------------------------------------------------------
2018-02-20T14:15:46+00:00 ERR (3) 404 Seite nicht gefunden
REMOTE_ADDR: 23.91.71.248
HTTP_REFERER: 
requested: array(3) {
  ["controller"] => string(11) "wp-includes"
  ["action"] => string(15) "wlwmanifest.xml"
  ["module"] => string(7) "default"
}


--------------------------------------------------------------------------------
2018-02-20T14:15:46+00:00 ERR (3) 404 Seite nicht gefunden
REMOTE_ADDR: 23.91.71.248
HTTP_REFERER: 
requested: array(3) {
  ["controller"] => string(4) "blog"
  ["action"] => string(5) "index"
  ["module"] => string(7) "default"
}


--------------------------------------------------------------------------------
2018-02-20T14:15:46+00:00 ERR (3) 404 Seite nicht gefunden
REMOTE_ADDR: 23.91.71.248
HTTP_REFERER: 
requested: array(3) {
  ["controller"] => string(4) "blog"
  ["action"] => string(11) "wp-includes"
  ["module"] => string(7) "default"
}


--------------------------------------------------------------------------------
2018-02-20T14:25:07+00:00 ERR (3) 404 Seite nicht gefunden
REMOTE_ADDR: 106.202.101.98
HTTP_REFERER: 
requested: array(3) {
  ["controller"] => string(12) "wp-login.php"
  ["action"] => string(5) "index"
  ["module"] => string(7) "default"
}


--------------------------------------------------------------------------------
2018-02-20T14:27:39+00:00 ERR (3) 404 "hire-lasse" was not found.
REMOTE_ADDR: 148.251.54.44
HTTP_REFERER: 
requested: array(5) {
  ["lang"] => string(2) "de"
  ["action"] => string(4) "page"
  ["key"] => string(10) "hire-lasse"
  ["module"] => string(7) "default"
  ["controller"] => string(5) "index"
}


--------------------------------------------------------------------------------
2018-02-20T15:11:04+00:00 ERR (3) 404 "hire-lasse" was not found.
REMOTE_ADDR: 180.76.15.149
HTTP_REFERER: 
requested: array(5) {
  ["lang"] => string(2) "en"
  ["action"] => string(4) "page"
  ["key"] => string(10) "hire-lasse"
  ["module"] => string(7) "default"
  ["controller"] => string(5) "index"
}


--------------------------------------------------------------------------------
2018-02-20T15:14:06+00:00 ERR (3) 404 Seite nicht gefunden
REMOTE_ADDR: 93.40.192.107
HTTP_REFERER: 
requested: array(3) {
  ["controller"] => string(12) "wp-login.php"
  ["action"] => string(5) "index"
  ["module"] => string(7) "default"
}


--------------------------------------------------------------------------------
2018-02-20T16:02:06+00:00 ERR (3) 404 Seite nicht gefunden
REMOTE_ADDR: 39.43.27.160
HTTP_REFERER: 
requested: array(3) {
  ["controller"] => string(12) "wp-login.php"
  ["action"] => string(5) "index"
  ["module"] => string(7) "default"
}


--------------------------------------------------------------------------------
2018-02-20T17:30:02+00:00 ERR (3) 404 Seite nicht gefunden
REMOTE_ADDR: 111.239.110.152
HTTP_REFERER: 
requested: array(3) {
  ["controller"] => string(12) "wp-login.php"
  ["action"] => string(5) "index"
  ["module"] => string(7) "default"
}


--------------------------------------------------------------------------------
2018-02-20T18:44:57+00:00 ERR (3) 404 "hire-lasse" was not found.
REMOTE_ADDR: 23.237.4.26
HTTP_REFERER: 
requested: array(5) {
  ["lang"] => string(2) "de"
  ["action"] => string(4) "page"
  ["key"] => string(10) "hire-lasse"
  ["module"] => string(7) "default"
  ["controller"] => string(5) "index"
}


--------------------------------------------------------------------------------
2018-02-20T18:45:38+00:00 ERR (3) 404 "hire-lasse" was not found.
REMOTE_ADDR: 23.237.4.26
HTTP_REFERER: 
requested: array(5) {
  ["lang"] => string(2) "en"
  ["action"] => string(4) "page"
  ["key"] => string(10) "hire-lasse"
  ["module"] => string(7) "default"
  ["controller"] => string(5) "index"
}


--------------------------------------------------------------------------------
2018-02-20T20:03:45+00:00 ERR (3) 404 Seite nicht gefunden
REMOTE_ADDR: 54.236.1.15
HTTP_REFERER: 
requested: array(3) {
  ["controller"] => string(20) "apple-touch-icon.png"
  ["action"] => string(5) "index"
  ["module"] => string(7) "default"
}


--------------------------------------------------------------------------------
2018-02-20T20:33:43+00:00 ERR (3) 404 "de" was not found.
REMOTE_ADDR: 216.244.66.248
HTTP_REFERER: 
requested: array(5) {
  ["lang"] => string(2) "de"
  ["action"] => string(4) "page"
  ["key"] => string(2) "de"
  ["module"] => string(7) "default"
  ["controller"] => string(5) "index"
}


--------------------------------------------------------------------------------
2018-02-20T23:05:02+00:00 ERR (3) 404 Seite nicht gefunden
REMOTE_ADDR: 109.102.111.71
HTTP_REFERER: 
requested: array(4) {
  ["controller"] => string(6) "https:"
  [""] => string(19) "silber-und-blei.com"
  ["action"] => string(5) "index"
  ["module"] => string(7) "default"
}


--------------------------------------------------------------------------------
