2018-07-16T15:17:41+00:00 ERR (3) 404 "competences" was not found.
REMOTE_ADDR: 62.138.0.25
HTTP_REFERER: 
requested: array(5) {
  ["lang"] => string(2) "de"
  ["action"] => string(4) "page"
  ["key"] => string(11) "competences"
  ["module"] => string(7) "default"
  ["controller"] => string(5) "index"
}


--------------------------------------------------------------------------------
2018-07-16T15:18:10+00:00 ERR (3) 404 Seite nicht gefunden
REMOTE_ADDR: 109.102.111.66
HTTP_REFERER: 
requested: array(4) {
  ["controller"] => string(6) "https:"
  [""] => string(19) "silber-und-blei.com"
  ["action"] => string(5) "index"
  ["module"] => string(7) "default"
}


--------------------------------------------------------------------------------
2018-07-16T17:22:12+00:00 ERR (3) 404 Seite nicht gefunden
REMOTE_ADDR: 109.102.111.66
HTTP_REFERER: 
requested: array(3) {
  ["controller"] => string(6) "https:"
  ["action"] => string(19) "silber-und-blei.com"
  ["module"] => string(7) "default"
}


--------------------------------------------------------------------------------
