2021-01-04T00:28:30+00:00 ERR (3) 404 Seite nicht gefunden
REMOTE_ADDR: 65.189.210.125
HTTP_REFERER: http://graphicore.de/forum/
requested: array(3) {
  ["controller"] => string(5) "forum"
  ["action"] => string(5) "index"
  ["module"] => string(7) "default"
}


--------------------------------------------------------------------------------
2021-01-04T00:33:55+00:00 ERR (3) 404 Seite nicht gefunden
REMOTE_ADDR: 107.152.241.86
HTTP_REFERER: 
requested: array(3) {
  ["controller"] => string(12) "wp-atom2.php"
  ["action"] => string(5) "index"
  ["module"] => string(7) "default"
}


--------------------------------------------------------------------------------
2021-01-04T00:33:57+00:00 ERR (3) 404 Seite nicht gefunden
REMOTE_ADDR: 107.152.241.86
HTTP_REFERER: 
requested: array(3) {
  ["controller"] => string(12) "wp-atom2.php"
  ["action"] => string(5) "index"
  ["module"] => string(7) "default"
}


--------------------------------------------------------------------------------
2021-01-04T10:30:56+00:00 ERR (3) 404 Seite nicht gefunden
REMOTE_ADDR: 13.66.139.110
HTTP_REFERER: 
requested: array(3) {
  ["controller"] => string(8) "atom.xml"
  ["action"] => string(5) "index"
  ["module"] => string(7) "default"
}


--------------------------------------------------------------------------------
2021-01-04T10:50:17+00:00 ERR (3) 404 Seite nicht gefunden
REMOTE_ADDR: 13.66.139.110
HTTP_REFERER: 
requested: array(3) {
  ["controller"] => string(17) "sitemap_index.xml"
  ["action"] => string(5) "index"
  ["module"] => string(7) "default"
}


--------------------------------------------------------------------------------
2021-01-04T11:59:00+00:00 ERR (3) 404 Seite nicht gefunden
REMOTE_ADDR: 13.66.139.114
HTTP_REFERER: 
requested: array(3) {
  ["controller"] => string(14) "sitemap.xml.gz"
  ["action"] => string(5) "index"
  ["module"] => string(7) "default"
}


--------------------------------------------------------------------------------
2021-01-04T12:33:41+00:00 ERR (3) 404 Seite nicht gefunden
REMOTE_ADDR: 64.227.50.5
HTTP_REFERER: 
requested: array(3) {
  ["controller"] => string(11) ".well-known"
  ["action"] => string(12) "security.txt"
  ["module"] => string(7) "default"
}


--------------------------------------------------------------------------------
2021-01-04T12:33:42+00:00 ERR (3) 404 Seite nicht gefunden
REMOTE_ADDR: 64.227.50.5
HTTP_REFERER: 
requested: array(3) {
  ["controller"] => string(12) "security.txt"
  ["action"] => string(5) "index"
  ["module"] => string(7) "default"
}


--------------------------------------------------------------------------------
