2015-04-09T01:33:52+00:00 ERR (3) 404 Seite nicht gefunden
REMOTE_ADDR: 176.58.240.90
HTTP_REFERER: 
requested: array(4) {
  ["controller"] => string(6) "https:"
  [""] => string(19) "silber-und-blei.com"
  ["action"] => string(5) "index"
  ["module"] => string(7) "default"
}


--------------------------------------------------------------------------------
2015-04-09T01:33:52+00:00 ERR (3) 404 Seite nicht gefunden
REMOTE_ADDR: 176.58.240.90
HTTP_REFERER: 
requested: array(3) {
  ["controller"] => string(2) "js"
  ["action"] => string(1) "'"
  ["module"] => string(7) "default"
}


--------------------------------------------------------------------------------
2015-04-09T03:40:20+00:00 ERR (3) 404 "" was not found.
REMOTE_ADDR: 157.55.39.172
HTTP_REFERER: 
requested: array(5) {
  ["lang"] => string(2) "en"
  ["action"] => string(7) "archive"
  ["module"] => string(7) "default"
  ["controller"] => string(5) "index"
  ["key"] => string(0) ""
}


--------------------------------------------------------------------------------
2015-04-09T04:30:33+00:00 ERR (3) 404 "" was not found.
REMOTE_ADDR: 157.55.39.171
HTTP_REFERER: 
requested: array(5) {
  ["lang"] => string(2) "en"
  ["action"] => string(7) "archive"
  ["module"] => string(7) "default"
  ["controller"] => string(5) "index"
  ["key"] => string(0) ""
}


--------------------------------------------------------------------------------
2015-04-09T09:19:41+00:00 ERR (3) 404 Page not found
REMOTE_ADDR: 109.239.41.65
HTTP_REFERER: 
requested: array(3) {
  ["controller"] => string(9) "wordpress"
  ["action"] => string(12) "wp-login.php"
  ["module"] => string(7) "default"
}


--------------------------------------------------------------------------------
2015-04-09T09:19:43+00:00 ERR (3) 404 Page not found
REMOTE_ADDR: 109.239.41.65
HTTP_REFERER: 
requested: array(3) {
  ["controller"] => string(4) "site"
  ["action"] => string(12) "wp-login.php"
  ["module"] => string(7) "default"
}


--------------------------------------------------------------------------------
2015-04-09T09:19:44+00:00 ERR (3) 404 Page not found
REMOTE_ADDR: 109.239.41.65
HTTP_REFERER: 
requested: array(3) {
  ["controller"] => string(4) "blog"
  ["action"] => string(12) "wp-login.php"
  ["module"] => string(7) "default"
}


--------------------------------------------------------------------------------
2015-04-09T09:19:45+00:00 ERR (3) 404 Page not found
REMOTE_ADDR: 109.239.41.65
HTTP_REFERER: 
requested: array(3) {
  ["controller"] => string(2) "wp"
  ["action"] => string(12) "wp-login.php"
  ["module"] => string(7) "default"
}


--------------------------------------------------------------------------------
2015-04-09T09:19:46+00:00 ERR (3) 404 Page not found
REMOTE_ADDR: 109.239.41.65
HTTP_REFERER: 
requested: array(3) {
  ["controller"] => string(12) "wp-login.php"
  ["action"] => string(5) "index"
  ["module"] => string(7) "default"
}


--------------------------------------------------------------------------------
2015-04-09T09:19:47+00:00 ERR (3) 404 Page not found
REMOTE_ADDR: 109.239.41.65
HTTP_REFERER: 
requested: array(3) {
  ["controller"] => string(8) "wp-login"
  ["action"] => string(5) "index"
  ["module"] => string(7) "default"
}


--------------------------------------------------------------------------------
2015-04-09T09:19:48+00:00 ERR (3) 404 Page not found
REMOTE_ADDR: 109.239.41.65
HTTP_REFERER: 
requested: array(3) {
  ["controller"] => string(13) "administrator"
  ["action"] => string(9) "index.php"
  ["module"] => string(7) "default"
}


--------------------------------------------------------------------------------
2015-04-09T10:43:39+00:00 ERR (3) 404 "hire-lasse" was not found.
REMOTE_ADDR: 176.9.143.40
HTTP_REFERER: 
requested: array(5) {
  ["lang"] => string(2) "de"
  ["action"] => string(4) "page"
  ["key"] => string(10) "hire-lasse"
  ["module"] => string(7) "default"
  ["controller"] => string(5) "index"
}


--------------------------------------------------------------------------------
2015-04-09T20:14:22+00:00 ERR (3) 404 Seite nicht gefunden
REMOTE_ADDR: 186.202.95.140
HTTP_REFERER: 
requested: array(3) {
  ["controller"] => string(8) "wp-admin"
  ["action"] => string(5) "index"
  ["module"] => string(7) "default"
}


--------------------------------------------------------------------------------
2015-04-09T20:24:52+00:00 ERR (3) 404 Seite nicht gefunden
REMOTE_ADDR: 69.65.3.173
HTTP_REFERER: 
requested: array(3) {
  ["controller"] => string(4) "test"
  ["action"] => string(8) "wp-admin"
  ["module"] => string(7) "default"
}


--------------------------------------------------------------------------------
2015-04-09T20:34:15+00:00 ERR (3) 404 Seite nicht gefunden
REMOTE_ADDR: 130.94.188.187
HTTP_REFERER: 
requested: array(3) {
  ["controller"] => string(9) "wordpress"
  ["action"] => string(8) "wp-admin"
  ["module"] => string(7) "default"
}


--------------------------------------------------------------------------------
2015-04-09T20:43:53+00:00 ERR (3) 404 Seite nicht gefunden
REMOTE_ADDR: 211.75.138.199
HTTP_REFERER: 
requested: array(3) {
  ["controller"] => string(4) "blog"
  ["action"] => string(8) "wp-admin"
  ["module"] => string(7) "default"
}


--------------------------------------------------------------------------------
2015-04-09T20:53:32+00:00 ERR (3) 404 Seite nicht gefunden
REMOTE_ADDR: 68.142.232.21
HTTP_REFERER: 
requested: array(3) {
  ["controller"] => string(2) "wp"
  ["action"] => string(8) "wp-admin"
  ["module"] => string(7) "default"
}


--------------------------------------------------------------------------------
2015-04-09T21:03:20+00:00 ERR (3) 404 Seite nicht gefunden
REMOTE_ADDR: 212.90.148.93
HTTP_REFERER: 
requested: array(3) {
  ["controller"] => string(3) "old"
  ["action"] => string(8) "wp-admin"
  ["module"] => string(7) "default"
}


--------------------------------------------------------------------------------
