2021-03-27T01:56:00+00:00 ERR (3) 404 unkown Type requested
REMOTE_ADDR: 13.66.139.99
HTTP_REFERER: 
requested: array(5) {
  ["lang"] => string(2) "de"
  ["action"] => string(4) "feed"
  ["key"] => string(25) "toytoytoys_ab-6-jahre.png"
  ["module"] => string(7) "default"
  ["controller"] => string(5) "index"
}


--------------------------------------------------------------------------------
2021-03-27T09:54:56+00:00 ERR (3) 404 Seite nicht gefunden
REMOTE_ADDR: 158.101.214.18
HTTP_REFERER: 
requested: array(3) {
  ["controller"] => string(4) ".git"
  ["action"] => string(6) "config"
  ["module"] => string(7) "default"
}


--------------------------------------------------------------------------------
2021-03-27T10:04:49+00:00 ERR (3) 404 "kulturlose-shot012.png" was not found.
REMOTE_ADDR: 13.66.139.99
HTTP_REFERER: 
requested: array(5) {
  ["lang"] => string(2) "en"
  ["action"] => string(7) "archive"
  ["key"] => string(22) "kulturlose-shot012.png"
  ["module"] => string(7) "default"
  ["controller"] => string(5) "index"
}


--------------------------------------------------------------------------------
2021-03-27T16:31:05+00:00 ERR (3) 404 The filter "2013-06-06_silber-und-blei.png" was not found.
REMOTE_ADDR: 13.66.139.101
HTTP_REFERER: 
requested: array(5) {
  ["lang"] => string(2) "en"
  ["action"] => string(5) "diary"
  ["key"] => string(30) "2013-06-06_silber-und-blei.png"
  ["module"] => string(7) "default"
  ["controller"] => string(5) "index"
}


--------------------------------------------------------------------------------
2021-03-27T17:40:06+00:00 ERR (3) 404 "anne" was not found.
REMOTE_ADDR: 66.249.66.84
HTTP_REFERER: 
requested: array(5) {
  ["lang"] => string(2) "en"
  ["action"] => string(4) "page"
  ["key"] => string(4) "anne"
  ["module"] => string(7) "default"
  ["controller"] => string(5) "index"
}


--------------------------------------------------------------------------------
2021-03-27T18:43:20+00:00 ERR (3) 404 "competences" was not found.
REMOTE_ADDR: 77.75.77.17
HTTP_REFERER: 
requested: array(5) {
  ["lang"] => string(2) "en"
  ["action"] => string(4) "page"
  ["key"] => string(11) "competences"
  ["module"] => string(7) "default"
  ["controller"] => string(5) "index"
}


--------------------------------------------------------------------------------
