2019-11-13T03:04:01+00:00 ERR (3) 404 Seite nicht gefunden
REMOTE_ADDR: 167.71.156.62
HTTP_REFERER: 
requested: array(3) {
  ["controller"] => string(11) "wp-includes"
  ["action"] => string(15) "wlwmanifest.xml"
  ["module"] => string(7) "default"
}


--------------------------------------------------------------------------------
2019-11-13T03:04:14+00:00 ERR (3) 404 Seite nicht gefunden
REMOTE_ADDR: 167.71.156.62
HTTP_REFERER: 
requested: array(3) {
  ["controller"] => string(10) "components"
  ["action"] => string(5) "index"
  ["module"] => string(7) "default"
}


--------------------------------------------------------------------------------
2019-11-13T04:25:25+00:00 ERR (3) 404 "hire-lasse" was not found.
REMOTE_ADDR: 77.75.78.162
HTTP_REFERER: 
requested: array(5) {
  ["lang"] => string(2) "en"
  ["action"] => string(4) "page"
  ["key"] => string(10) "hire-lasse"
  ["module"] => string(7) "default"
  ["controller"] => string(5) "index"
}


--------------------------------------------------------------------------------
2019-11-13T09:07:00+00:00 ERR (3) 404 Seite nicht gefunden
REMOTE_ADDR: 124.150.132.80
HTTP_REFERER: 
requested: array(3) {
  ["controller"] => string(10) "xmlrpc.php"
  ["action"] => string(5) "index"
  ["module"] => string(7) "default"
}


--------------------------------------------------------------------------------
2019-11-13T11:07:36+00:00 ERR (3) 404 Seite nicht gefunden
REMOTE_ADDR: 209.141.49.246
HTTP_REFERER: 
requested: array(4) {
  ["controller"] => string(10) "wp-content"
  ["action"] => string(7) "plugins"
  ["ubh"] => string(6) "up.php"
  ["module"] => string(7) "default"
}


--------------------------------------------------------------------------------
2019-11-13T15:25:29+00:00 ERR (3) 404 Seite nicht gefunden
REMOTE_ADDR: 92.39.220.72
HTTP_REFERER: 
requested: array(3) {
  ["controller"] => string(5) "forum"
  ["action"] => string(5) "index"
  ["module"] => string(7) "default"
}


--------------------------------------------------------------------------------
2019-11-13T17:45:44+00:00 ERR (3) 404 Seite nicht gefunden
REMOTE_ADDR: 131.72.236.163
HTTP_REFERER: 
requested: array(3) {
  ["controller"] => string(10) "xmlrpc.php"
  ["action"] => string(5) "index"
  ["module"] => string(7) "default"
}


--------------------------------------------------------------------------------
2019-11-13T21:04:12+00:00 ERR (3) 404 Seite nicht gefunden
REMOTE_ADDR: 209.141.49.246
HTTP_REFERER: 
requested: array(4) {
  ["controller"] => string(10) "wp-content"
  ["action"] => string(7) "plugins"
  ["ubh"] => string(6) "up.php"
  ["module"] => string(7) "default"
}


--------------------------------------------------------------------------------
2019-11-13T22:25:12+00:00 ERR (3) 404 "competences" was not found.
REMOTE_ADDR: 114.223.163.231
HTTP_REFERER: 
requested: array(5) {
  ["lang"] => string(2) "de"
  ["action"] => string(4) "page"
  ["key"] => string(11) "competences"
  ["module"] => string(7) "default"
  ["controller"] => string(5) "index"
}


--------------------------------------------------------------------------------
2019-11-13T23:48:02+00:00 ERR (3) 404 Seite nicht gefunden
REMOTE_ADDR: 13.66.132.138
HTTP_REFERER: 
requested: array(5) {
  ["controller"] => string(6) "vendor"
  ["action"] => string(7) "phpunit"
  ["src"] => string(4) "Util"
  ["PHP"] => string(14) "eval-stdin.php"
  ["module"] => string(7) "default"
}


--------------------------------------------------------------------------------
2019-11-13T23:48:06+00:00 ERR (3) 404 Seite nicht gefunden
REMOTE_ADDR: 13.66.132.138
HTTP_REFERER: 
requested: array(4) {
  ["controller"] => string(6) "vendor"
  ["action"] => string(7) "phpunit"
  ["Util"] => string(3) "PHP"
  ["module"] => string(7) "default"
}


--------------------------------------------------------------------------------
2019-11-13T23:48:12+00:00 ERR (3) 404 Seite nicht gefunden
REMOTE_ADDR: 13.66.132.138
HTTP_REFERER: 
requested: array(4) {
  ["controller"] => string(7) "phpunit"
  ["action"] => string(7) "phpunit"
  ["Util"] => string(3) "PHP"
  ["module"] => string(7) "default"
}


--------------------------------------------------------------------------------
2019-11-13T23:48:20+00:00 ERR (3) 404 Seite nicht gefunden
REMOTE_ADDR: 13.66.132.138
HTTP_REFERER: 
requested: array(5) {
  ["controller"] => string(3) "lib"
  ["action"] => string(7) "phpunit"
  ["phpunit"] => string(3) "src"
  ["Util"] => string(3) "PHP"
  ["module"] => string(7) "default"
}


--------------------------------------------------------------------------------
2019-11-13T23:48:24+00:00 ERR (3) 404 Seite nicht gefunden
REMOTE_ADDR: 13.66.132.138
HTTP_REFERER: 
requested: array(5) {
  ["controller"] => string(3) "lib"
  ["action"] => string(7) "phpunit"
  ["phpunit"] => string(4) "Util"
  ["PHP"] => string(14) "eval-stdin.php"
  ["module"] => string(7) "default"
}


--------------------------------------------------------------------------------
2019-11-13T23:48:31+00:00 ERR (3) 404 Seite nicht gefunden
REMOTE_ADDR: 13.66.132.138
HTTP_REFERER: 
requested: array(6) {
  ["controller"] => string(5) "panel"
  ["action"] => string(6) "vendor"
  ["phpunit"] => string(7) "phpunit"
  ["src"] => string(4) "Util"
  ["PHP"] => string(14) "eval-stdin.php"
  ["module"] => string(7) "default"
}


--------------------------------------------------------------------------------
2019-11-13T23:48:33+00:00 ERR (3) 404 Seite nicht gefunden
REMOTE_ADDR: 13.66.132.138
HTTP_REFERER: 
requested: array(6) {
  ["controller"] => string(4) "test"
  ["action"] => string(6) "vendor"
  ["phpunit"] => string(7) "phpunit"
  ["src"] => string(4) "Util"
  ["PHP"] => string(14) "eval-stdin.php"
  ["module"] => string(7) "default"
}


--------------------------------------------------------------------------------
2019-11-13T23:48:37+00:00 ERR (3) 404 Seite nicht gefunden
REMOTE_ADDR: 13.66.132.138
HTTP_REFERER: 
requested: array(6) {
  ["controller"] => string(5) "admin"
  ["action"] => string(6) "vendor"
  ["phpunit"] => string(7) "phpunit"
  ["src"] => string(4) "Util"
  ["PHP"] => string(14) "eval-stdin.php"
  ["module"] => string(7) "default"
}


--------------------------------------------------------------------------------
2019-11-13T23:48:45+00:00 ERR (3) 404 Seite nicht gefunden
REMOTE_ADDR: 13.66.132.138
HTTP_REFERER: 
requested: array(7) {
  ["controller"] => string(5) "sites"
  ["action"] => string(3) "all"
  ["libraries"] => string(9) "mailchimp"
  ["vendor"] => string(7) "phpunit"
  ["phpunit"] => string(3) "src"
  ["Util"] => string(3) "PHP"
  ["module"] => string(7) "default"
}


--------------------------------------------------------------------------------
2019-11-13T23:55:58+00:00 ERR (3) 404 "competences" was not found.
REMOTE_ADDR: 167.114.210.37
HTTP_REFERER: 
requested: array(5) {
  ["lang"] => string(2) "de"
  ["action"] => string(4) "page"
  ["key"] => string(11) "competences"
  ["module"] => string(7) "default"
  ["controller"] => string(5) "index"
}


--------------------------------------------------------------------------------
