2014-11-28T02:14:41+00:00 ERR (3) 404 Seite nicht gefunden
REMOTE_ADDR: 54.205.246.145
HTTP_REFERER: 
requested: array(3) {
  ["controller"] => string(20) "apple-touch-icon.png"
  ["action"] => string(5) "index"
  ["module"] => string(7) "default"
}


--------------------------------------------------------------------------------
2014-11-28T03:17:41+00:00 ERR (3) 404 "hire-lasse" was not found.
REMOTE_ADDR: 202.46.55.202
HTTP_REFERER: 
requested: array(5) {
  ["lang"] => string(2) "en"
  ["action"] => string(4) "page"
  ["key"] => string(10) "hire-lasse"
  ["module"] => string(7) "default"
  ["controller"] => string(5) "index"
}


--------------------------------------------------------------------------------
2014-11-28T04:53:56+00:00 ERR (3) 404 "hire-lasse" was not found.
REMOTE_ADDR: 66.249.78.156
HTTP_REFERER: 
requested: array(5) {
  ["lang"] => string(2) "de"
  ["action"] => string(4) "page"
  ["key"] => string(10) "hire-lasse"
  ["module"] => string(7) "default"
  ["controller"] => string(5) "index"
}


--------------------------------------------------------------------------------
2014-11-28T06:26:51+00:00 ERR (3) 404 Seite nicht gefunden
REMOTE_ADDR: 178.137.95.44
HTTP_REFERER: http://graphicore.de/forum/
requested: array(3) {
  ["controller"] => string(5) "forum"
  ["action"] => string(5) "index"
  ["module"] => string(7) "default"
}


--------------------------------------------------------------------------------
2014-11-28T08:02:41+00:00 ERR (3) 404 Seite nicht gefunden
REMOTE_ADDR: 123.30.187.149
HTTP_REFERER: 
requested: array(3) {
  ["controller"] => string(12) "wp-login.php"
  ["action"] => string(5) "index"
  ["module"] => string(7) "default"
}


--------------------------------------------------------------------------------
2014-11-28T08:02:42+00:00 ERR (3) 404 Seite nicht gefunden
REMOTE_ADDR: 123.30.187.149
HTTP_REFERER: 
requested: array(3) {
  ["controller"] => string(13) "administrator"
  ["action"] => string(9) "index.php"
  ["module"] => string(7) "default"
}


--------------------------------------------------------------------------------
2014-11-28T16:52:23+00:00 ERR (3) 404 Seite nicht gefunden
REMOTE_ADDR: 91.236.74.185
HTTP_REFERER: http://graphicore.de/forum/
requested: array(3) {
  ["controller"] => string(5) "forum"
  ["action"] => string(5) "index"
  ["module"] => string(7) "default"
}


--------------------------------------------------------------------------------
2014-11-28T18:29:58+00:00 ERR (3) 404 "2010-09-09_A-Brute-Font-Attack&amp;sa" was not found.
REMOTE_ADDR: 207.46.13.37
HTTP_REFERER: 
requested: array(5) {
  ["lang"] => string(2) "en"
  ["action"] => string(7) "archive"
  ["key"] => string(33) "2010-09-09_A-Brute-Font-Attack&sa"
  ["module"] => string(7) "default"
  ["controller"] => string(5) "index"
}


--------------------------------------------------------------------------------
