2018-12-20T07:51:43+00:00 ERR (3) 404 Seite nicht gefunden
REMOTE_ADDR: 197.61.154.136
HTTP_REFERER: 
requested: array(4) {
  ["controller"] => string(6) "assets"
  ["action"] => string(8) "ckeditor"
  ["kcfinder"] => string(10) "upload.php"
  ["module"] => string(7) "default"
}


--------------------------------------------------------------------------------
2018-12-20T07:52:19+00:00 ERR (3) 404 Seite nicht gefunden
REMOTE_ADDR: 197.61.154.136
HTTP_REFERER: 
requested: array(5) {
  ["controller"] => string(6) "assets"
  ["action"] => string(8) "ckeditor"
  ["kcfinder"] => string(6) "upload"
  ["files"] => string(11) "priv.php.jd"
  ["module"] => string(7) "default"
}


--------------------------------------------------------------------------------
2018-12-20T07:52:38+00:00 ERR (3) 404 Seite nicht gefunden
REMOTE_ADDR: 197.61.154.136
HTTP_REFERER: 
requested: array(4) {
  ["controller"] => string(6) "assets"
  ["action"] => string(5) "admin"
  ["ckeditor"] => string(8) "kcfinder"
  ["module"] => string(7) "default"
}


--------------------------------------------------------------------------------
2018-12-20T07:52:57+00:00 ERR (3) 404 Seite nicht gefunden
REMOTE_ADDR: 197.61.154.136
HTTP_REFERER: 
requested: array(5) {
  ["controller"] => string(6) "assets"
  ["action"] => string(5) "admin"
  ["ckeditor"] => string(8) "kcfinder"
  ["upload"] => string(5) "files"
  ["module"] => string(7) "default"
}


--------------------------------------------------------------------------------
2018-12-20T07:53:07+00:00 ERR (3) 404 Seite nicht gefunden
REMOTE_ADDR: 197.61.154.136
HTTP_REFERER: 
requested: array(4) {
  ["controller"] => string(6) "assets"
  ["action"] => string(7) "plugins"
  ["ckeditor"] => string(8) "kcfinder"
  ["module"] => string(7) "default"
}


--------------------------------------------------------------------------------
2018-12-20T07:53:14+00:00 ERR (3) 404 Seite nicht gefunden
REMOTE_ADDR: 197.61.154.136
HTTP_REFERER: 
requested: array(5) {
  ["controller"] => string(6) "assets"
  ["action"] => string(7) "plugins"
  ["ckeditor"] => string(8) "kcfinder"
  ["upload"] => string(5) "files"
  ["module"] => string(7) "default"
}


--------------------------------------------------------------------------------
2018-12-20T07:53:26+00:00 ERR (3) 404 Seite nicht gefunden
REMOTE_ADDR: 197.61.154.136
HTTP_REFERER: 
requested: array(4) {
  ["controller"] => string(5) "admin"
  ["action"] => string(8) "ckeditor"
  ["kcfinder"] => string(10) "upload.php"
  ["module"] => string(7) "default"
}


--------------------------------------------------------------------------------
2018-12-20T17:34:29+00:00 ERR (3) 404 Seite nicht gefunden
REMOTE_ADDR: 78.30.13.29
HTTP_REFERER: 
requested: array(4) {
  ["controller"] => string(6) "https:"
  [""] => string(19) "silber-und-blei.com"
  ["action"] => string(5) "index"
  ["module"] => string(7) "default"
}


--------------------------------------------------------------------------------
2018-12-20T20:51:38+00:00 ERR (3) 404 "hire-lasse" was not found.
REMOTE_ADDR: 162.208.51.45
HTTP_REFERER: 
requested: array(5) {
  ["lang"] => string(2) "en"
  ["action"] => string(4) "page"
  ["key"] => string(10) "hire-lasse"
  ["module"] => string(7) "default"
  ["controller"] => string(5) "index"
}


--------------------------------------------------------------------------------
2018-12-20T20:51:47+00:00 ERR (3) 404 "hire-lasse" was not found.
REMOTE_ADDR: 162.208.51.45
HTTP_REFERER: 
requested: array(5) {
  ["lang"] => string(2) "de"
  ["action"] => string(4) "page"
  ["key"] => string(10) "hire-lasse"
  ["module"] => string(7) "default"
  ["controller"] => string(5) "index"
}


--------------------------------------------------------------------------------
2018-12-20T20:53:32+00:00 ERR (3) 404 "competences" was not found.
REMOTE_ADDR: 162.208.51.45
HTTP_REFERER: 
requested: array(5) {
  ["lang"] => string(2) "de"
  ["action"] => string(4) "page"
  ["key"] => string(11) "competences"
  ["module"] => string(7) "default"
  ["controller"] => string(5) "index"
}


--------------------------------------------------------------------------------
2018-12-20T20:53:32+00:00 ERR (3) 404 "competences" was not found.
REMOTE_ADDR: 162.208.51.45
HTTP_REFERER: 
requested: array(5) {
  ["lang"] => string(2) "en"
  ["action"] => string(4) "page"
  ["key"] => string(11) "competences"
  ["module"] => string(7) "default"
  ["controller"] => string(5) "index"
}


--------------------------------------------------------------------------------
