2011-08-07T00:05:19+00:00 ERR (3) 404 "story" was not found.
REMOTE_ADDR: 66.249.71.111
HTTP_REFERER: 
requested: array(6) {
  ["lang"] => string(2) "en"
  ["action"] => string(5) "index"
  ["key"] => string(5) "story"
  ["intern"] => string(6) "abraum"
  ["module"] => string(7) "default"
  ["controller"] => string(5) "index"
}


--------------------------------------------------------------------------------
2011-08-07T04:39:33+00:00 ERR (3) 404 Seite nicht gefunden
REMOTE_ADDR: 66.249.71.111
HTTP_REFERER: 
requested: array(8) {
  ["controller"] => string(5) "forum"
  ["action"] => string(13) "viewtopic.php"
  ["module"] => string(7) "default"
  ["t"] => string(2) "13"
  ["start"] => string(1) "0"
  ["postdays"] => string(1) "0"
  ["postorder"] => string(3) "asc"
  ["highlight"] => string(0) ""
}


--------------------------------------------------------------------------------
2011-08-07T14:36:19+00:00 ERR (3) 404 The filter "en" was not found.
REMOTE_ADDR: 208.115.111.74
HTTP_REFERER: 
requested: array(5) {
  ["lang"] => string(2) "en"
  ["action"] => string(5) "diary"
  ["key"] => string(2) "en"
  ["module"] => string(7) "default"
  ["controller"] => string(5) "index"
}


--------------------------------------------------------------------------------
2011-08-07T16:26:29+00:00 ERR (3) 404 "" was not found.
REMOTE_ADDR: 77.20.40.82
HTTP_REFERER: 
requested: array(5) {
  ["lang"] => string(2) "en"
  ["action"] => string(7) "archive"
  ["module"] => string(7) "default"
  ["controller"] => string(5) "index"
  ["key"] => string(0) ""
}


--------------------------------------------------------------------------------
2011-08-07T20:41:54+00:00 ERR (3) 404 "topic" was not found.
REMOTE_ADDR: 91.224.160.132
HTTP_REFERER: http://graphicore.de/de/index/topic/intern/news/
requested: array(6) {
  ["lang"] => string(2) "de"
  ["action"] => string(5) "index"
  ["key"] => string(5) "topic"
  ["intern"] => string(4) "news"
  ["module"] => string(7) "default"
  ["controller"] => string(5) "index"
}


--------------------------------------------------------------------------------
