2016-09-05T00:13:31+00:00 ERR (3) 404 Seite nicht gefunden
REMOTE_ADDR: 195.154.183.187
HTTP_REFERER: 
requested: array(5) {
  ["controller"] => string(10) "wp-content"
  ["action"] => string(6) "themes"
  ["mTheme-Unus"] => string(3) "css"
  ["module"] => string(7) "default"
  ["files"] => string(25) "../../../../wp-config.php"
}


--------------------------------------------------------------------------------
2016-09-05T00:13:31+00:00 ERR (3) 404 Seite nicht gefunden
REMOTE_ADDR: 195.154.183.187
HTTP_REFERER: 
requested: array(6) {
  ["controller"] => string(10) "wp-content"
  ["action"] => string(7) "plugins"
  ["hb-audio-gallery-lite"] => string(7) "gallery"
  ["module"] => string(7) "default"
  ["file_path"] => string(25) "../../../../wp-config.php"
  ["file_size"] => string(2) "10"
}


--------------------------------------------------------------------------------
2016-09-05T00:13:31+00:00 ERR (3) 404 Seite nicht gefunden
REMOTE_ADDR: 195.154.183.187
HTTP_REFERER: 
requested: array(8) {
  ["controller"] => string(8) "wp-admin"
  ["action"] => string(9) "admin.php"
  ["module"] => string(7) "default"
  ["page"] => string(7) "miwoftp"
  ["option"] => string(11) "com_miwoftp"
  ["item"] => string(13) "wp-config.php"
  ["order"] => string(4) "name"
  ["srt"] => string(3) "yes"
}


--------------------------------------------------------------------------------
2016-09-05T00:13:31+00:00 ERR (3) 404 Seite nicht gefunden
REMOTE_ADDR: 195.154.183.187
HTTP_REFERER: 
requested: array(5) {
  ["controller"] => string(10) "wp-content"
  ["action"] => string(7) "plugins"
  ["google-mp3-audio-player"] => string(19) "direct_download.php"
  ["module"] => string(7) "default"
  ["file"] => string(22) "../../../wp-config.php"
}


--------------------------------------------------------------------------------
2016-09-05T00:13:31+00:00 ERR (3) 404 Seite nicht gefunden
REMOTE_ADDR: 195.154.183.187
HTTP_REFERER: 
requested: array(5) {
  ["controller"] => string(10) "wp-content"
  ["action"] => string(7) "plugins"
  ["db-backup"] => string(12) "download.php"
  ["module"] => string(7) "default"
  ["file"] => string(22) "../../../wp-config.php"
}


--------------------------------------------------------------------------------
2016-09-05T00:13:31+00:00 ERR (3) 404 Seite nicht gefunden
REMOTE_ADDR: 195.154.183.187
HTTP_REFERER: 
requested: array(4) {
  ["controller"] => string(18) "force-download.php"
  ["action"] => string(5) "index"
  ["module"] => string(7) "default"
  ["file"] => string(13) "wp-config.php"
}


--------------------------------------------------------------------------------
2016-09-05T00:13:32+00:00 ERR (3) 404 Seite nicht gefunden
REMOTE_ADDR: 195.154.183.187
HTTP_REFERER: 
requested: array(5) {
  ["controller"] => string(10) "wp-content"
  ["action"] => string(6) "themes"
  ["ypo-theme"] => string(12) "download.php"
  ["module"] => string(7) "default"
  ["download"] => string(25) "../../../../wp-config.php"
}


--------------------------------------------------------------------------------
2016-09-05T12:31:00+00:00 ERR (3) 404 Seite nicht gefunden
REMOTE_ADDR: 81.109.65.38
HTTP_REFERER: 
requested: array(3) {
  ["controller"] => string(5) "diary"
  ["action"] => string(4) "atom"
  ["module"] => string(7) "default"
}


--------------------------------------------------------------------------------
2016-09-05T12:40:46+00:00 ERR (3) 404 "hire-lasse" was not found.
REMOTE_ADDR: 40.77.167.84
HTTP_REFERER: 
requested: array(5) {
  ["lang"] => string(2) "de"
  ["action"] => string(4) "page"
  ["key"] => string(10) "hire-lasse"
  ["module"] => string(7) "default"
  ["controller"] => string(5) "index"
}


--------------------------------------------------------------------------------
2016-09-05T13:53:21+00:00 ERR (3) 404 Seite nicht gefunden
REMOTE_ADDR: 62.210.90.118
HTTP_REFERER: 
requested: array(3) {
  ["controller"] => string(5) "diary"
  ["action"] => string(4) "atom"
  ["module"] => string(7) "default"
}


--------------------------------------------------------------------------------
2016-09-05T14:01:36+00:00 ERR (3) 404 Seite nicht gefunden
REMOTE_ADDR: 69.30.198.202
HTTP_REFERER: 
requested: array(4) {
  ["controller"] => string(5) "forum"
  ["action"] => string(13) "viewtopic.php"
  ["module"] => string(7) "default"
  ["p"] => string(2) "22"
}


--------------------------------------------------------------------------------
2016-09-05T14:01:39+00:00 ERR (3) 404 Seite nicht gefunden
REMOTE_ADDR: 69.30.198.202
HTTP_REFERER: 
requested: array(4) {
  ["controller"] => string(5) "forum"
  ["action"] => string(13) "viewtopic.php"
  ["module"] => string(7) "default"
  ["p"] => string(2) "61"
}


--------------------------------------------------------------------------------
2016-09-05T14:01:57+00:00 ERR (3) 404 Seite nicht gefunden
REMOTE_ADDR: 69.30.198.202
HTTP_REFERER: 
requested: array(4) {
  ["controller"] => string(5) "forum"
  ["action"] => string(13) "viewtopic.php"
  ["module"] => string(7) "default"
  ["p"] => string(2) "62"
}


--------------------------------------------------------------------------------
2016-09-05T14:02:02+00:00 ERR (3) 404 Seite nicht gefunden
REMOTE_ADDR: 69.30.198.202
HTTP_REFERER: 
requested: array(4) {
  ["controller"] => string(5) "forum"
  ["action"] => string(13) "viewtopic.php"
  ["module"] => string(7) "default"
  ["p"] => string(2) "63"
}


--------------------------------------------------------------------------------
2016-09-05T14:57:39+00:00 ERR (3) 404 Seite nicht gefunden
REMOTE_ADDR: 66.249.75.1
HTTP_REFERER: 
requested: array(3) {
  ["controller"] => string(11) ".well-known"
  ["action"] => string(26) "apple-app-site-association"
  ["module"] => string(7) "default"
}


--------------------------------------------------------------------------------
2016-09-05T14:59:38+00:00 ERR (3) 404 Seite nicht gefunden
REMOTE_ADDR: 66.249.76.40
HTTP_REFERER: 
requested: array(3) {
  ["controller"] => string(26) "apple-app-site-association"
  ["action"] => string(5) "index"
  ["module"] => string(7) "default"
}


--------------------------------------------------------------------------------
2016-09-05T15:01:38+00:00 ERR (3) 404 Seite nicht gefunden
REMOTE_ADDR: 66.249.76.42
HTTP_REFERER: 
requested: array(3) {
  ["controller"] => string(11) ".well-known"
  ["action"] => string(15) "assetlinks.json"
  ["module"] => string(7) "default"
}


--------------------------------------------------------------------------------
2016-09-05T15:43:32+00:00 ERR (3) 404 Page not found
REMOTE_ADDR: 195.154.181.168
HTTP_REFERER: http://graphicore.de/wp-includes/insmod.php
requested: array(3) {
  ["controller"] => string(11) "wp-includes"
  ["action"] => string(10) "insmod.php"
  ["module"] => string(7) "default"
}


--------------------------------------------------------------------------------
2016-09-05T17:25:03+00:00 ERR (3) 404 Seite nicht gefunden
REMOTE_ADDR: 41.34.21.31
HTTP_REFERER: 
requested: array(3) {
  ["controller"] => string(12) "wp-login.php"
  ["action"] => string(5) "index"
  ["module"] => string(7) "default"
}


--------------------------------------------------------------------------------
2016-09-05T17:51:12+00:00 ERR (3) 404 "en" was not found.
REMOTE_ADDR: 216.244.66.233
HTTP_REFERER: 
requested: array(5) {
  ["lang"] => string(2) "de"
  ["action"] => string(7) "archive"
  ["key"] => string(2) "en"
  ["module"] => string(7) "default"
  ["controller"] => string(5) "index"
}


--------------------------------------------------------------------------------
2016-09-05T17:51:12+00:00 ERR (3) 404 "en" was not found.
REMOTE_ADDR: 216.244.66.233
HTTP_REFERER: 
requested: array(5) {
  ["lang"] => string(2) "de"
  ["action"] => string(7) "archive"
  ["key"] => string(2) "en"
  ["module"] => string(7) "default"
  ["controller"] => string(5) "index"
}


--------------------------------------------------------------------------------
2016-09-05T19:53:18+00:00 ERR (3) 404 Seite nicht gefunden
REMOTE_ADDR: 185.127.25.91
HTTP_REFERER: 
requested: array(3) {
  ["controller"] => string(7) "manager"
  ["action"] => string(5) "index"
  ["module"] => string(7) "default"
}


--------------------------------------------------------------------------------
2016-09-05T20:36:41+00:00 ERR (3) 404 "hire-lasse" was not found.
REMOTE_ADDR: 80.248.225.146
HTTP_REFERER: 
requested: array(5) {
  ["lang"] => string(2) "en"
  ["action"] => string(4) "page"
  ["key"] => string(10) "hire-lasse"
  ["module"] => string(7) "default"
  ["controller"] => string(5) "index"
}


--------------------------------------------------------------------------------
2016-09-05T20:36:46+00:00 ERR (3) 404 "hire-lasse" was not found.
REMOTE_ADDR: 80.248.225.146
HTTP_REFERER: 
requested: array(5) {
  ["lang"] => string(2) "de"
  ["action"] => string(4) "page"
  ["key"] => string(10) "hire-lasse"
  ["module"] => string(7) "default"
  ["controller"] => string(5) "index"
}


--------------------------------------------------------------------------------
