2020-09-15T00:18:57+00:00 ERR (3) 404 "" was not found.
REMOTE_ADDR: 216.18.204.201
HTTP_REFERER: http://graphicore.de/
requested: array(5) {
  ["lang"] => string(2) "de"
  ["action"] => string(7) "archive"
  ["module"] => string(7) "default"
  ["controller"] => string(5) "index"
  ["key"] => string(0) ""
}


--------------------------------------------------------------------------------
2020-09-15T00:19:46+00:00 ERR (3) 404 "competences" was not found.
REMOTE_ADDR: 216.18.204.201
HTTP_REFERER: http://graphicore.de/
requested: array(5) {
  ["lang"] => string(2) "de"
  ["action"] => string(4) "page"
  ["key"] => string(11) "competences"
  ["module"] => string(7) "default"
  ["controller"] => string(5) "index"
}


--------------------------------------------------------------------------------
2020-09-15T00:24:35+00:00 ERR (3) 404 "" was not found.
REMOTE_ADDR: 216.18.204.201
HTTP_REFERER: http://graphicore.de/
requested: array(5) {
  ["lang"] => string(2) "en"
  ["action"] => string(7) "archive"
  ["module"] => string(7) "default"
  ["controller"] => string(5) "index"
  ["key"] => string(0) ""
}


--------------------------------------------------------------------------------
2020-09-15T00:24:58+00:00 ERR (3) 404 "hire-lasse" was not found.
REMOTE_ADDR: 216.18.204.201
HTTP_REFERER: http://graphicore.de/
requested: array(5) {
  ["lang"] => string(2) "de"
  ["action"] => string(4) "page"
  ["key"] => string(10) "hire-lasse"
  ["module"] => string(7) "default"
  ["controller"] => string(5) "index"
}


--------------------------------------------------------------------------------
2020-09-15T00:25:06+00:00 ERR (3) 404 "competences" was not found.
REMOTE_ADDR: 216.18.204.201
HTTP_REFERER: http://graphicore.de/
requested: array(5) {
  ["lang"] => string(2) "en"
  ["action"] => string(4) "page"
  ["key"] => string(11) "competences"
  ["module"] => string(7) "default"
  ["controller"] => string(5) "index"
}


--------------------------------------------------------------------------------
2020-09-15T00:26:52+00:00 ERR (3) 404 "hire-lasse" was not found.
REMOTE_ADDR: 216.18.204.201
HTTP_REFERER: http://graphicore.de/
requested: array(5) {
  ["lang"] => string(2) "en"
  ["action"] => string(4) "page"
  ["key"] => string(10) "hire-lasse"
  ["module"] => string(7) "default"
  ["controller"] => string(5) "index"
}


--------------------------------------------------------------------------------
2020-09-15T00:56:55+00:00 ERR (3) 404 "" was not found.
REMOTE_ADDR: 216.18.204.201
HTTP_REFERER: http://graphicore.de/
requested: array(5) {
  ["lang"] => string(2) "de"
  ["action"] => string(7) "archive"
  ["module"] => string(7) "default"
  ["controller"] => string(5) "index"
  ["key"] => string(0) ""
}


--------------------------------------------------------------------------------
2020-09-15T00:57:23+00:00 ERR (3) 404 "competences" was not found.
REMOTE_ADDR: 216.18.204.201
HTTP_REFERER: http://graphicore.de/
requested: array(5) {
  ["lang"] => string(2) "de"
  ["action"] => string(4) "page"
  ["key"] => string(11) "competences"
  ["module"] => string(7) "default"
  ["controller"] => string(5) "index"
}


--------------------------------------------------------------------------------
2020-09-15T00:59:44+00:00 ERR (3) 404 Page not found
REMOTE_ADDR: 157.55.192.39
HTTP_REFERER: www.google.com
requested: array(5) {
  ["controller"] => string(10) "wp-content"
  ["action"] => string(7) "plugins"
  ["ioptimization"] => string(13) "IOptimize.php"
  ["module"] => string(7) "default"
  ["rchk"] => string(0) ""
}


--------------------------------------------------------------------------------
2020-09-15T01:40:52+00:00 ERR (3) 404 "" was not found.
REMOTE_ADDR: 216.18.204.201
HTTP_REFERER: http://graphicore.de/
requested: array(5) {
  ["lang"] => string(2) "en"
  ["action"] => string(7) "archive"
  ["module"] => string(7) "default"
  ["controller"] => string(5) "index"
  ["key"] => string(0) ""
}


--------------------------------------------------------------------------------
2020-09-15T01:41:33+00:00 ERR (3) 404 "hire-lasse" was not found.
REMOTE_ADDR: 216.18.204.201
HTTP_REFERER: http://graphicore.de/
requested: array(5) {
  ["lang"] => string(2) "de"
  ["action"] => string(4) "page"
  ["key"] => string(10) "hire-lasse"
  ["module"] => string(7) "default"
  ["controller"] => string(5) "index"
}


--------------------------------------------------------------------------------
2020-09-15T01:41:46+00:00 ERR (3) 404 "competences" was not found.
REMOTE_ADDR: 216.18.204.201
HTTP_REFERER: http://graphicore.de/
requested: array(5) {
  ["lang"] => string(2) "en"
  ["action"] => string(4) "page"
  ["key"] => string(11) "competences"
  ["module"] => string(7) "default"
  ["controller"] => string(5) "index"
}


--------------------------------------------------------------------------------
2020-09-15T01:45:23+00:00 ERR (3) 404 "hire-lasse" was not found.
REMOTE_ADDR: 216.18.204.201
HTTP_REFERER: http://graphicore.de/
requested: array(5) {
  ["lang"] => string(2) "en"
  ["action"] => string(4) "page"
  ["key"] => string(10) "hire-lasse"
  ["module"] => string(7) "default"
  ["controller"] => string(5) "index"
}


--------------------------------------------------------------------------------
2020-09-15T01:47:39+00:00 ERR (3) 404 "" was not found.
REMOTE_ADDR: 216.18.204.201
HTTP_REFERER: http://graphicore.de/
requested: array(5) {
  ["lang"] => string(2) "de"
  ["action"] => string(7) "archive"
  ["module"] => string(7) "default"
  ["controller"] => string(5) "index"
  ["key"] => string(0) ""
}


--------------------------------------------------------------------------------
2020-09-15T01:48:10+00:00 ERR (3) 404 "competences" was not found.
REMOTE_ADDR: 216.18.204.201
HTTP_REFERER: http://graphicore.de/
requested: array(5) {
  ["lang"] => string(2) "de"
  ["action"] => string(4) "page"
  ["key"] => string(11) "competences"
  ["module"] => string(7) "default"
  ["controller"] => string(5) "index"
}


--------------------------------------------------------------------------------
2020-09-15T02:25:57+00:00 ERR (3) 404 "" was not found.
REMOTE_ADDR: 216.18.204.201
HTTP_REFERER: http://graphicore.de/
requested: array(5) {
  ["lang"] => string(2) "en"
  ["action"] => string(7) "archive"
  ["module"] => string(7) "default"
  ["controller"] => string(5) "index"
  ["key"] => string(0) ""
}


--------------------------------------------------------------------------------
2020-09-15T02:26:18+00:00 ERR (3) 404 "hire-lasse" was not found.
REMOTE_ADDR: 216.18.204.201
HTTP_REFERER: http://graphicore.de/
requested: array(5) {
  ["lang"] => string(2) "de"
  ["action"] => string(4) "page"
  ["key"] => string(10) "hire-lasse"
  ["module"] => string(7) "default"
  ["controller"] => string(5) "index"
}


--------------------------------------------------------------------------------
2020-09-15T02:26:32+00:00 ERR (3) 404 "competences" was not found.
REMOTE_ADDR: 216.18.204.201
HTTP_REFERER: http://graphicore.de/
requested: array(5) {
  ["lang"] => string(2) "en"
  ["action"] => string(4) "page"
  ["key"] => string(11) "competences"
  ["module"] => string(7) "default"
  ["controller"] => string(5) "index"
}


--------------------------------------------------------------------------------
2020-09-15T02:28:40+00:00 ERR (3) 404 "hire-lasse" was not found.
REMOTE_ADDR: 216.18.204.201
HTTP_REFERER: http://graphicore.de/
requested: array(5) {
  ["lang"] => string(2) "en"
  ["action"] => string(4) "page"
  ["key"] => string(10) "hire-lasse"
  ["module"] => string(7) "default"
  ["controller"] => string(5) "index"
}


--------------------------------------------------------------------------------
2020-09-15T02:30:29+00:00 ERR (3) 404 "" was not found.
REMOTE_ADDR: 216.18.204.201
HTTP_REFERER: http://graphicore.de/
requested: array(5) {
  ["lang"] => string(2) "de"
  ["action"] => string(7) "archive"
  ["module"] => string(7) "default"
  ["controller"] => string(5) "index"
  ["key"] => string(0) ""
}


--------------------------------------------------------------------------------
2020-09-15T02:30:58+00:00 ERR (3) 404 "competences" was not found.
REMOTE_ADDR: 216.18.204.201
HTTP_REFERER: http://graphicore.de/
requested: array(5) {
  ["lang"] => string(2) "de"
  ["action"] => string(4) "page"
  ["key"] => string(11) "competences"
  ["module"] => string(7) "default"
  ["controller"] => string(5) "index"
}


--------------------------------------------------------------------------------
2020-09-15T05:09:12+00:00 ERR (3) 404 "hire-lasse" was not found.
REMOTE_ADDR: 209.45.61.108
HTTP_REFERER: 
requested: array(5) {
  ["lang"] => string(2) "en"
  ["action"] => string(4) "page"
  ["key"] => string(10) "hire-lasse"
  ["module"] => string(7) "default"
  ["controller"] => string(5) "index"
}


--------------------------------------------------------------------------------
2020-09-15T05:09:13+00:00 ERR (3) 404 "hire-lasse" was not found.
REMOTE_ADDR: 209.45.61.108
HTTP_REFERER: http://graphicore.de/en/page/hire-lasse
requested: array(5) {
  ["lang"] => string(2) "de"
  ["action"] => string(4) "page"
  ["key"] => string(10) "hire-lasse"
  ["module"] => string(7) "default"
  ["controller"] => string(5) "index"
}


--------------------------------------------------------------------------------
2020-09-15T05:09:59+00:00 ERR (3) 404 "hire-lasse" was not found.
REMOTE_ADDR: 209.45.61.108
HTTP_REFERER: http://graphicore.de/en/page/hire-lasse
requested: array(5) {
  ["lang"] => string(2) "en"
  ["action"] => string(4) "page"
  ["key"] => string(10) "hire-lasse"
  ["module"] => string(7) "default"
  ["controller"] => string(5) "index"
}


--------------------------------------------------------------------------------
2020-09-15T08:16:14+00:00 ERR (3) 404 Seite nicht gefunden
REMOTE_ADDR: 35.239.143.173
HTTP_REFERER: 
requested: array(3) {
  ["controller"] => string(4) "blog"
  ["action"] => string(5) "index"
  ["module"] => string(7) "default"
}


--------------------------------------------------------------------------------
2020-09-15T08:16:15+00:00 ERR (3) 404 Seite nicht gefunden
REMOTE_ADDR: 35.239.143.173
HTTP_REFERER: 
requested: array(3) {
  ["controller"] => string(2) "wp"
  ["action"] => string(5) "index"
  ["module"] => string(7) "default"
}


--------------------------------------------------------------------------------
2020-09-15T08:16:15+00:00 ERR (3) 404 Seite nicht gefunden
REMOTE_ADDR: 35.239.143.173
HTTP_REFERER: 
requested: array(3) {
  ["controller"] => string(9) "wordpress"
  ["action"] => string(5) "index"
  ["module"] => string(7) "default"
}


--------------------------------------------------------------------------------
2020-09-15T08:16:16+00:00 ERR (3) 404 Seite nicht gefunden
REMOTE_ADDR: 35.239.143.173
HTTP_REFERER: 
requested: array(3) {
  ["controller"] => string(3) "new"
  ["action"] => string(5) "index"
  ["module"] => string(7) "default"
}


--------------------------------------------------------------------------------
2020-09-15T08:16:17+00:00 ERR (3) 404 Seite nicht gefunden
REMOTE_ADDR: 35.239.143.173
HTTP_REFERER: 
requested: array(3) {
  ["controller"] => string(3) "old"
  ["action"] => string(5) "index"
  ["module"] => string(7) "default"
}


--------------------------------------------------------------------------------
2020-09-15T08:16:18+00:00 ERR (3) 404 Seite nicht gefunden
REMOTE_ADDR: 35.239.143.173
HTTP_REFERER: 
requested: array(3) {
  ["controller"] => string(4) "test"
  ["action"] => string(5) "index"
  ["module"] => string(7) "default"
}


--------------------------------------------------------------------------------
2020-09-15T08:16:19+00:00 ERR (3) 404 Seite nicht gefunden
REMOTE_ADDR: 35.239.143.173
HTTP_REFERER: 
requested: array(3) {
  ["controller"] => string(4) "main"
  ["action"] => string(5) "index"
  ["module"] => string(7) "default"
}


--------------------------------------------------------------------------------
2020-09-15T08:16:19+00:00 ERR (3) 404 Seite nicht gefunden
REMOTE_ADDR: 35.239.143.173
HTTP_REFERER: 
requested: array(3) {
  ["controller"] => string(4) "site"
  ["action"] => string(5) "index"
  ["module"] => string(7) "default"
}


--------------------------------------------------------------------------------
2020-09-15T08:16:20+00:00 ERR (3) 404 Seite nicht gefunden
REMOTE_ADDR: 35.239.143.173
HTTP_REFERER: 
requested: array(3) {
  ["controller"] => string(6) "backup"
  ["action"] => string(5) "index"
  ["module"] => string(7) "default"
}


--------------------------------------------------------------------------------
2020-09-15T08:16:21+00:00 ERR (3) 404 Seite nicht gefunden
REMOTE_ADDR: 35.239.143.173
HTTP_REFERER: 
requested: array(3) {
  ["controller"] => string(4) "demo"
  ["action"] => string(5) "index"
  ["module"] => string(7) "default"
}


--------------------------------------------------------------------------------
2020-09-15T08:16:22+00:00 ERR (3) 404 Seite nicht gefunden
REMOTE_ADDR: 35.239.143.173
HTTP_REFERER: 
requested: array(3) {
  ["controller"] => string(4) "home"
  ["action"] => string(5) "index"
  ["module"] => string(7) "default"
}


--------------------------------------------------------------------------------
2020-09-15T08:16:23+00:00 ERR (3) 404 Seite nicht gefunden
REMOTE_ADDR: 35.239.143.173
HTTP_REFERER: 
requested: array(3) {
  ["controller"] => string(3) "tmp"
  ["action"] => string(5) "index"
  ["module"] => string(7) "default"
}


--------------------------------------------------------------------------------
2020-09-15T08:16:24+00:00 ERR (3) 404 Seite nicht gefunden
REMOTE_ADDR: 35.239.143.173
HTTP_REFERER: 
requested: array(3) {
  ["controller"] => string(3) "cms"
  ["action"] => string(5) "index"
  ["module"] => string(7) "default"
}


--------------------------------------------------------------------------------
2020-09-15T08:16:24+00:00 ERR (3) 404 Seite nicht gefunden
REMOTE_ADDR: 35.239.143.173
HTTP_REFERER: 
requested: array(3) {
  ["controller"] => string(3) "dev"
  ["action"] => string(5) "index"
  ["module"] => string(7) "default"
}


--------------------------------------------------------------------------------
2020-09-15T08:16:25+00:00 ERR (3) 404 Seite nicht gefunden
REMOTE_ADDR: 35.239.143.173
HTTP_REFERER: 
requested: array(3) {
  ["controller"] => string(6) "old-wp"
  ["action"] => string(5) "index"
  ["module"] => string(7) "default"
}


--------------------------------------------------------------------------------
2020-09-15T08:16:26+00:00 ERR (3) 404 Seite nicht gefunden
REMOTE_ADDR: 35.239.143.173
HTTP_REFERER: 
requested: array(3) {
  ["controller"] => string(3) "web"
  ["action"] => string(5) "index"
  ["module"] => string(7) "default"
}


--------------------------------------------------------------------------------
2020-09-15T08:16:26+00:00 ERR (3) 404 Seite nicht gefunden
REMOTE_ADDR: 35.239.143.173
HTTP_REFERER: 
requested: array(3) {
  ["controller"] => string(8) "old-site"
  ["action"] => string(5) "index"
  ["module"] => string(7) "default"
}


--------------------------------------------------------------------------------
2020-09-15T08:16:27+00:00 ERR (3) 404 Seite nicht gefunden
REMOTE_ADDR: 35.239.143.173
HTTP_REFERER: 
requested: array(3) {
  ["controller"] => string(4) "temp"
  ["action"] => string(5) "index"
  ["module"] => string(7) "default"
}


--------------------------------------------------------------------------------
2020-09-15T08:16:28+00:00 ERR (3) 404 Seite nicht gefunden
REMOTE_ADDR: 35.239.143.173
HTTP_REFERER: 
requested: array(3) {
  ["controller"] => string(4) "2018"
  ["action"] => string(5) "index"
  ["module"] => string(7) "default"
}


--------------------------------------------------------------------------------
2020-09-15T08:16:29+00:00 ERR (3) 404 Seite nicht gefunden
REMOTE_ADDR: 35.239.143.173
HTTP_REFERER: 
requested: array(3) {
  ["controller"] => string(4) "2019"
  ["action"] => string(5) "index"
  ["module"] => string(7) "default"
}


--------------------------------------------------------------------------------
2020-09-15T08:16:29+00:00 ERR (3) 404 Seite nicht gefunden
REMOTE_ADDR: 35.239.143.173
HTTP_REFERER: 
requested: array(3) {
  ["controller"] => string(2) "bk"
  ["action"] => string(5) "index"
  ["module"] => string(7) "default"
}


--------------------------------------------------------------------------------
2020-09-15T08:16:30+00:00 ERR (3) 404 Seite nicht gefunden
REMOTE_ADDR: 35.239.143.173
HTTP_REFERER: 
requested: array(3) {
  ["controller"] => string(3) "wp1"
  ["action"] => string(5) "index"
  ["module"] => string(7) "default"
}


--------------------------------------------------------------------------------
2020-09-15T08:16:31+00:00 ERR (3) 404 Seite nicht gefunden
REMOTE_ADDR: 35.239.143.173
HTTP_REFERER: 
requested: array(3) {
  ["controller"] => string(3) "wp2"
  ["action"] => string(5) "index"
  ["module"] => string(7) "default"
}


--------------------------------------------------------------------------------
2020-09-15T08:16:31+00:00 ERR (3) 404 Seite nicht gefunden
REMOTE_ADDR: 35.239.143.173
HTTP_REFERER: 
requested: array(3) {
  ["controller"] => string(2) "v1"
  ["action"] => string(5) "index"
  ["module"] => string(7) "default"
}


--------------------------------------------------------------------------------
2020-09-15T08:16:32+00:00 ERR (3) 404 Seite nicht gefunden
REMOTE_ADDR: 35.239.143.173
HTTP_REFERER: 
requested: array(3) {
  ["controller"] => string(2) "v2"
  ["action"] => string(5) "index"
  ["module"] => string(7) "default"
}


--------------------------------------------------------------------------------
2020-09-15T08:16:33+00:00 ERR (3) 404 Seite nicht gefunden
REMOTE_ADDR: 35.239.143.173
HTTP_REFERER: 
requested: array(3) {
  ["controller"] => string(3) "bak"
  ["action"] => string(5) "index"
  ["module"] => string(7) "default"
}


--------------------------------------------------------------------------------
2020-09-15T08:16:34+00:00 ERR (3) 404 Seite nicht gefunden
REMOTE_ADDR: 35.239.143.173
HTTP_REFERER: 
requested: array(3) {
  ["controller"] => string(7) "install"
  ["action"] => string(5) "index"
  ["module"] => string(7) "default"
}


--------------------------------------------------------------------------------
2020-09-15T08:16:35+00:00 ERR (3) 404 Seite nicht gefunden
REMOTE_ADDR: 35.239.143.173
HTTP_REFERER: 
requested: array(3) {
  ["controller"] => string(4) "2020"
  ["action"] => string(5) "index"
  ["module"] => string(7) "default"
}


--------------------------------------------------------------------------------
2020-09-15T08:16:36+00:00 ERR (3) 404 Seite nicht gefunden
REMOTE_ADDR: 35.239.143.173
HTTP_REFERER: 
requested: array(3) {
  ["controller"] => string(8) "new-site"
  ["action"] => string(5) "index"
  ["module"] => string(7) "default"
}


--------------------------------------------------------------------------------
2020-09-15T11:26:24+00:00 ERR (3) 404 "hire-lasse" was not found.
REMOTE_ADDR: 114.119.129.198
HTTP_REFERER: 
requested: array(5) {
  ["lang"] => string(2) "de"
  ["action"] => string(4) "page"
  ["key"] => string(10) "hire-lasse"
  ["module"] => string(7) "default"
  ["controller"] => string(5) "index"
}


--------------------------------------------------------------------------------
2020-09-15T14:17:52+00:00 ERR (3) 404 "" was not found.
REMOTE_ADDR: 216.18.204.201
HTTP_REFERER: http://graphicore.de/
requested: array(5) {
  ["lang"] => string(2) "en"
  ["action"] => string(7) "archive"
  ["module"] => string(7) "default"
  ["controller"] => string(5) "index"
  ["key"] => string(0) ""
}


--------------------------------------------------------------------------------
2020-09-15T14:18:16+00:00 ERR (3) 404 "hire-lasse" was not found.
REMOTE_ADDR: 216.18.204.201
HTTP_REFERER: http://graphicore.de/
requested: array(5) {
  ["lang"] => string(2) "de"
  ["action"] => string(4) "page"
  ["key"] => string(10) "hire-lasse"
  ["module"] => string(7) "default"
  ["controller"] => string(5) "index"
}


--------------------------------------------------------------------------------
2020-09-15T14:18:21+00:00 ERR (3) 404 "competences" was not found.
REMOTE_ADDR: 216.18.204.201
HTTP_REFERER: http://graphicore.de/
requested: array(5) {
  ["lang"] => string(2) "en"
  ["action"] => string(4) "page"
  ["key"] => string(11) "competences"
  ["module"] => string(7) "default"
  ["controller"] => string(5) "index"
}


--------------------------------------------------------------------------------
2020-09-15T14:20:16+00:00 ERR (3) 404 "hire-lasse" was not found.
REMOTE_ADDR: 216.18.204.201
HTTP_REFERER: http://graphicore.de/
requested: array(5) {
  ["lang"] => string(2) "en"
  ["action"] => string(4) "page"
  ["key"] => string(10) "hire-lasse"
  ["module"] => string(7) "default"
  ["controller"] => string(5) "index"
}


--------------------------------------------------------------------------------
2020-09-15T14:22:34+00:00 ERR (3) 404 "" was not found.
REMOTE_ADDR: 216.18.204.201
HTTP_REFERER: http://graphicore.de/
requested: array(5) {
  ["lang"] => string(2) "de"
  ["action"] => string(7) "archive"
  ["module"] => string(7) "default"
  ["controller"] => string(5) "index"
  ["key"] => string(0) ""
}


--------------------------------------------------------------------------------
2020-09-15T14:23:04+00:00 ERR (3) 404 "competences" was not found.
REMOTE_ADDR: 216.18.204.201
HTTP_REFERER: http://graphicore.de/
requested: array(5) {
  ["lang"] => string(2) "de"
  ["action"] => string(4) "page"
  ["key"] => string(11) "competences"
  ["module"] => string(7) "default"
  ["controller"] => string(5) "index"
}


--------------------------------------------------------------------------------
2020-09-15T14:42:13+00:00 ERR (3) 404 "" was not found.
REMOTE_ADDR: 216.18.204.201
HTTP_REFERER: http://graphicore.de/
requested: array(5) {
  ["lang"] => string(2) "en"
  ["action"] => string(7) "archive"
  ["module"] => string(7) "default"
  ["controller"] => string(5) "index"
  ["key"] => string(0) ""
}


--------------------------------------------------------------------------------
2020-09-15T14:42:43+00:00 ERR (3) 404 "hire-lasse" was not found.
REMOTE_ADDR: 216.18.204.201
HTTP_REFERER: http://graphicore.de/
requested: array(5) {
  ["lang"] => string(2) "de"
  ["action"] => string(4) "page"
  ["key"] => string(10) "hire-lasse"
  ["module"] => string(7) "default"
  ["controller"] => string(5) "index"
}


--------------------------------------------------------------------------------
2020-09-15T14:42:51+00:00 ERR (3) 404 "competences" was not found.
REMOTE_ADDR: 216.18.204.201
HTTP_REFERER: http://graphicore.de/
requested: array(5) {
  ["lang"] => string(2) "en"
  ["action"] => string(4) "page"
  ["key"] => string(11) "competences"
  ["module"] => string(7) "default"
  ["controller"] => string(5) "index"
}


--------------------------------------------------------------------------------
2020-09-15T14:44:56+00:00 ERR (3) 404 "hire-lasse" was not found.
REMOTE_ADDR: 216.18.204.201
HTTP_REFERER: http://graphicore.de/
requested: array(5) {
  ["lang"] => string(2) "en"
  ["action"] => string(4) "page"
  ["key"] => string(10) "hire-lasse"
  ["module"] => string(7) "default"
  ["controller"] => string(5) "index"
}


--------------------------------------------------------------------------------
2020-09-15T14:47:17+00:00 ERR (3) 404 "" was not found.
REMOTE_ADDR: 216.18.204.201
HTTP_REFERER: http://graphicore.de/
requested: array(5) {
  ["lang"] => string(2) "de"
  ["action"] => string(7) "archive"
  ["module"] => string(7) "default"
  ["controller"] => string(5) "index"
  ["key"] => string(0) ""
}


--------------------------------------------------------------------------------
2020-09-15T14:47:48+00:00 ERR (3) 404 "competences" was not found.
REMOTE_ADDR: 216.18.204.201
HTTP_REFERER: http://graphicore.de/
requested: array(5) {
  ["lang"] => string(2) "de"
  ["action"] => string(4) "page"
  ["key"] => string(11) "competences"
  ["module"] => string(7) "default"
  ["controller"] => string(5) "index"
}


--------------------------------------------------------------------------------
2020-09-15T15:35:13+00:00 ERR (3) 404 "" was not found.
REMOTE_ADDR: 216.18.204.201
HTTP_REFERER: http://graphicore.de/
requested: array(5) {
  ["lang"] => string(2) "en"
  ["action"] => string(7) "archive"
  ["module"] => string(7) "default"
  ["controller"] => string(5) "index"
  ["key"] => string(0) ""
}


--------------------------------------------------------------------------------
2020-09-15T15:35:37+00:00 ERR (3) 404 "hire-lasse" was not found.
REMOTE_ADDR: 216.18.204.201
HTTP_REFERER: http://graphicore.de/
requested: array(5) {
  ["lang"] => string(2) "de"
  ["action"] => string(4) "page"
  ["key"] => string(10) "hire-lasse"
  ["module"] => string(7) "default"
  ["controller"] => string(5) "index"
}


--------------------------------------------------------------------------------
2020-09-15T15:35:47+00:00 ERR (3) 404 "competences" was not found.
REMOTE_ADDR: 216.18.204.201
HTTP_REFERER: http://graphicore.de/
requested: array(5) {
  ["lang"] => string(2) "en"
  ["action"] => string(4) "page"
  ["key"] => string(11) "competences"
  ["module"] => string(7) "default"
  ["controller"] => string(5) "index"
}


--------------------------------------------------------------------------------
2020-09-15T15:38:22+00:00 ERR (3) 404 "hire-lasse" was not found.
REMOTE_ADDR: 216.18.204.201
HTTP_REFERER: http://graphicore.de/
requested: array(5) {
  ["lang"] => string(2) "en"
  ["action"] => string(4) "page"
  ["key"] => string(10) "hire-lasse"
  ["module"] => string(7) "default"
  ["controller"] => string(5) "index"
}


--------------------------------------------------------------------------------
2020-09-15T15:40:28+00:00 ERR (3) 404 "" was not found.
REMOTE_ADDR: 216.18.204.201
HTTP_REFERER: http://graphicore.de/
requested: array(5) {
  ["lang"] => string(2) "de"
  ["action"] => string(7) "archive"
  ["module"] => string(7) "default"
  ["controller"] => string(5) "index"
  ["key"] => string(0) ""
}


--------------------------------------------------------------------------------
2020-09-15T15:40:55+00:00 ERR (3) 404 "competences" was not found.
REMOTE_ADDR: 216.18.204.201
HTTP_REFERER: http://graphicore.de/
requested: array(5) {
  ["lang"] => string(2) "de"
  ["action"] => string(4) "page"
  ["key"] => string(11) "competences"
  ["module"] => string(7) "default"
  ["controller"] => string(5) "index"
}


--------------------------------------------------------------------------------
2020-09-15T16:13:58+00:00 ERR (3) 404 "" was not found.
REMOTE_ADDR: 216.18.204.201
HTTP_REFERER: http://graphicore.de/
requested: array(5) {
  ["lang"] => string(2) "en"
  ["action"] => string(7) "archive"
  ["module"] => string(7) "default"
  ["controller"] => string(5) "index"
  ["key"] => string(0) ""
}


--------------------------------------------------------------------------------
2020-09-15T16:14:45+00:00 ERR (3) 404 "hire-lasse" was not found.
REMOTE_ADDR: 216.18.204.201
HTTP_REFERER: http://graphicore.de/
requested: array(5) {
  ["lang"] => string(2) "de"
  ["action"] => string(4) "page"
  ["key"] => string(10) "hire-lasse"
  ["module"] => string(7) "default"
  ["controller"] => string(5) "index"
}


--------------------------------------------------------------------------------
2020-09-15T16:14:56+00:00 ERR (3) 404 "competences" was not found.
REMOTE_ADDR: 216.18.204.201
HTTP_REFERER: http://graphicore.de/
requested: array(5) {
  ["lang"] => string(2) "en"
  ["action"] => string(4) "page"
  ["key"] => string(11) "competences"
  ["module"] => string(7) "default"
  ["controller"] => string(5) "index"
}


--------------------------------------------------------------------------------
2020-09-15T16:18:39+00:00 ERR (3) 404 Seite nicht gefunden
REMOTE_ADDR: 114.119.141.228
HTTP_REFERER: 
requested: array(3) {
  ["controller"] => string(9) "downloads"
  ["action"] => string(27) "generaltesting.tar.%20gz%20"
  ["module"] => string(7) "default"
}


--------------------------------------------------------------------------------
2020-09-15T16:18:51+00:00 ERR (3) 404 "hire-lasse" was not found.
REMOTE_ADDR: 216.18.204.201
HTTP_REFERER: http://graphicore.de/
requested: array(5) {
  ["lang"] => string(2) "en"
  ["action"] => string(4) "page"
  ["key"] => string(10) "hire-lasse"
  ["module"] => string(7) "default"
  ["controller"] => string(5) "index"
}


--------------------------------------------------------------------------------
2020-09-15T16:21:19+00:00 ERR (3) 404 "" was not found.
REMOTE_ADDR: 216.18.204.201
HTTP_REFERER: http://graphicore.de/
requested: array(5) {
  ["lang"] => string(2) "de"
  ["action"] => string(7) "archive"
  ["module"] => string(7) "default"
  ["controller"] => string(5) "index"
  ["key"] => string(0) ""
}


--------------------------------------------------------------------------------
2020-09-15T16:21:48+00:00 ERR (3) 404 "competences" was not found.
REMOTE_ADDR: 216.18.204.201
HTTP_REFERER: http://graphicore.de/
requested: array(5) {
  ["lang"] => string(2) "de"
  ["action"] => string(4) "page"
  ["key"] => string(11) "competences"
  ["module"] => string(7) "default"
  ["controller"] => string(5) "index"
}


--------------------------------------------------------------------------------
2020-09-15T17:25:20+00:00 ERR (3) 404 "" was not found.
REMOTE_ADDR: 216.18.204.201
HTTP_REFERER: http://graphicore.de/
requested: array(5) {
  ["lang"] => string(2) "en"
  ["action"] => string(7) "archive"
  ["module"] => string(7) "default"
  ["controller"] => string(5) "index"
  ["key"] => string(0) ""
}


--------------------------------------------------------------------------------
2020-09-15T17:26:02+00:00 ERR (3) 404 "hire-lasse" was not found.
REMOTE_ADDR: 216.18.204.201
HTTP_REFERER: http://graphicore.de/
requested: array(5) {
  ["lang"] => string(2) "de"
  ["action"] => string(4) "page"
  ["key"] => string(10) "hire-lasse"
  ["module"] => string(7) "default"
  ["controller"] => string(5) "index"
}


--------------------------------------------------------------------------------
2020-09-15T17:26:19+00:00 ERR (3) 404 "competences" was not found.
REMOTE_ADDR: 216.18.204.201
HTTP_REFERER: http://graphicore.de/
requested: array(5) {
  ["lang"] => string(2) "en"
  ["action"] => string(4) "page"
  ["key"] => string(11) "competences"
  ["module"] => string(7) "default"
  ["controller"] => string(5) "index"
}


--------------------------------------------------------------------------------
2020-09-15T17:29:25+00:00 ERR (3) 404 "hire-lasse" was not found.
REMOTE_ADDR: 191.233.142.131
HTTP_REFERER: 
requested: array(5) {
  ["lang"] => string(2) "en"
  ["action"] => string(4) "page"
  ["key"] => string(10) "hire-lasse"
  ["module"] => string(7) "default"
  ["controller"] => string(5) "index"
}


--------------------------------------------------------------------------------
2020-09-15T17:29:29+00:00 ERR (3) 404 "hire-lasse" was not found.
REMOTE_ADDR: 191.233.142.131
HTTP_REFERER: http://graphicore.de/en/page/hire-lasse
requested: array(5) {
  ["lang"] => string(2) "de"
  ["action"] => string(4) "page"
  ["key"] => string(10) "hire-lasse"
  ["module"] => string(7) "default"
  ["controller"] => string(5) "index"
}


--------------------------------------------------------------------------------
2020-09-15T17:29:34+00:00 ERR (3) 404 "hire-lasse" was not found.
REMOTE_ADDR: 216.18.204.201
HTTP_REFERER: http://graphicore.de/
requested: array(5) {
  ["lang"] => string(2) "en"
  ["action"] => string(4) "page"
  ["key"] => string(10) "hire-lasse"
  ["module"] => string(7) "default"
  ["controller"] => string(5) "index"
}


--------------------------------------------------------------------------------
2020-09-15T17:29:36+00:00 ERR (3) 404 "hire-lasse" was not found.
REMOTE_ADDR: 191.233.142.131
HTTP_REFERER: http://graphicore.de/en/page/hire-lasse
requested: array(5) {
  ["lang"] => string(2) "en"
  ["action"] => string(4) "page"
  ["key"] => string(10) "hire-lasse"
  ["module"] => string(7) "default"
  ["controller"] => string(5) "index"
}


--------------------------------------------------------------------------------
2020-09-15T17:31:56+00:00 ERR (3) 404 "" was not found.
REMOTE_ADDR: 216.18.204.201
HTTP_REFERER: http://graphicore.de/
requested: array(5) {
  ["lang"] => string(2) "de"
  ["action"] => string(7) "archive"
  ["module"] => string(7) "default"
  ["controller"] => string(5) "index"
  ["key"] => string(0) ""
}


--------------------------------------------------------------------------------
2020-09-15T17:32:37+00:00 ERR (3) 404 "competences" was not found.
REMOTE_ADDR: 216.18.204.201
HTTP_REFERER: http://graphicore.de/
requested: array(5) {
  ["lang"] => string(2) "de"
  ["action"] => string(4) "page"
  ["key"] => string(11) "competences"
  ["module"] => string(7) "default"
  ["controller"] => string(5) "index"
}


--------------------------------------------------------------------------------
2020-09-15T18:05:01+00:00 ERR (3) 404 Seite nicht gefunden
REMOTE_ADDR: 104.227.77.172
HTTP_REFERER: 
requested: array(3) {
  ["controller"] => string(10) "wp-content"
  ["action"] => string(12) "wp-links.php"
  ["module"] => string(7) "default"
}


--------------------------------------------------------------------------------
2020-09-15T20:18:43+00:00 ERR (3) 404 "hire-lasse" was not found.
REMOTE_ADDR: 114.119.156.31
HTTP_REFERER: 
requested: array(5) {
  ["lang"] => string(2) "de"
  ["action"] => string(4) "page"
  ["key"] => string(10) "hire-lasse"
  ["module"] => string(7) "default"
  ["controller"] => string(5) "index"
}


--------------------------------------------------------------------------------
2020-09-15T20:26:31+00:00 ERR (3) 404 "" was not found.
REMOTE_ADDR: 216.18.204.201
HTTP_REFERER: http://graphicore.de/
requested: array(5) {
  ["lang"] => string(2) "en"
  ["action"] => string(7) "archive"
  ["module"] => string(7) "default"
  ["controller"] => string(5) "index"
  ["key"] => string(0) ""
}


--------------------------------------------------------------------------------
2020-09-15T20:27:17+00:00 ERR (3) 404 "hire-lasse" was not found.
REMOTE_ADDR: 216.18.204.201
HTTP_REFERER: http://graphicore.de/
requested: array(5) {
  ["lang"] => string(2) "de"
  ["action"] => string(4) "page"
  ["key"] => string(10) "hire-lasse"
  ["module"] => string(7) "default"
  ["controller"] => string(5) "index"
}


--------------------------------------------------------------------------------
2020-09-15T20:27:31+00:00 ERR (3) 404 "competences" was not found.
REMOTE_ADDR: 216.18.204.201
HTTP_REFERER: http://graphicore.de/
requested: array(5) {
  ["lang"] => string(2) "en"
  ["action"] => string(4) "page"
  ["key"] => string(11) "competences"
  ["module"] => string(7) "default"
  ["controller"] => string(5) "index"
}


--------------------------------------------------------------------------------
2020-09-15T20:30:47+00:00 ERR (3) 404 "hire-lasse" was not found.
REMOTE_ADDR: 216.18.204.201
HTTP_REFERER: http://graphicore.de/
requested: array(5) {
  ["lang"] => string(2) "en"
  ["action"] => string(4) "page"
  ["key"] => string(10) "hire-lasse"
  ["module"] => string(7) "default"
  ["controller"] => string(5) "index"
}


--------------------------------------------------------------------------------
2020-09-15T20:34:13+00:00 ERR (3) 404 "" was not found.
REMOTE_ADDR: 216.18.204.201
HTTP_REFERER: http://graphicore.de/
requested: array(5) {
  ["lang"] => string(2) "de"
  ["action"] => string(7) "archive"
  ["module"] => string(7) "default"
  ["controller"] => string(5) "index"
  ["key"] => string(0) ""
}


--------------------------------------------------------------------------------
2020-09-15T20:35:08+00:00 ERR (3) 404 "competences" was not found.
REMOTE_ADDR: 216.18.204.201
HTTP_REFERER: http://graphicore.de/
requested: array(5) {
  ["lang"] => string(2) "de"
  ["action"] => string(4) "page"
  ["key"] => string(11) "competences"
  ["module"] => string(7) "default"
  ["controller"] => string(5) "index"
}


--------------------------------------------------------------------------------
2020-09-15T22:04:02+00:00 ERR (3) 404 "" was not found.
REMOTE_ADDR: 216.18.204.201
HTTP_REFERER: http://graphicore.de/
requested: array(5) {
  ["lang"] => string(2) "en"
  ["action"] => string(7) "archive"
  ["module"] => string(7) "default"
  ["controller"] => string(5) "index"
  ["key"] => string(0) ""
}


--------------------------------------------------------------------------------
2020-09-15T22:04:35+00:00 ERR (3) 404 "hire-lasse" was not found.
REMOTE_ADDR: 216.18.204.201
HTTP_REFERER: http://graphicore.de/
requested: array(5) {
  ["lang"] => string(2) "de"
  ["action"] => string(4) "page"
  ["key"] => string(10) "hire-lasse"
  ["module"] => string(7) "default"
  ["controller"] => string(5) "index"
}


--------------------------------------------------------------------------------
2020-09-15T22:04:44+00:00 ERR (3) 404 "competences" was not found.
REMOTE_ADDR: 216.18.204.201
HTTP_REFERER: http://graphicore.de/
requested: array(5) {
  ["lang"] => string(2) "en"
  ["action"] => string(4) "page"
  ["key"] => string(11) "competences"
  ["module"] => string(7) "default"
  ["controller"] => string(5) "index"
}


--------------------------------------------------------------------------------
2020-09-15T22:06:51+00:00 ERR (3) 404 "hire-lasse" was not found.
REMOTE_ADDR: 216.18.204.201
HTTP_REFERER: http://graphicore.de/
requested: array(5) {
  ["lang"] => string(2) "en"
  ["action"] => string(4) "page"
  ["key"] => string(10) "hire-lasse"
  ["module"] => string(7) "default"
  ["controller"] => string(5) "index"
}


--------------------------------------------------------------------------------
2020-09-15T22:08:46+00:00 ERR (3) 404 "" was not found.
REMOTE_ADDR: 216.18.204.201
HTTP_REFERER: http://graphicore.de/
requested: array(5) {
  ["lang"] => string(2) "de"
  ["action"] => string(7) "archive"
  ["module"] => string(7) "default"
  ["controller"] => string(5) "index"
  ["key"] => string(0) ""
}


--------------------------------------------------------------------------------
2020-09-15T22:09:13+00:00 ERR (3) 404 "competences" was not found.
REMOTE_ADDR: 216.18.204.201
HTTP_REFERER: http://graphicore.de/
requested: array(5) {
  ["lang"] => string(2) "de"
  ["action"] => string(4) "page"
  ["key"] => string(11) "competences"
  ["module"] => string(7) "default"
  ["controller"] => string(5) "index"
}


--------------------------------------------------------------------------------
2020-09-15T23:33:30+00:00 ERR (3) 404 "competences" was not found.
REMOTE_ADDR: 114.119.156.49
HTTP_REFERER: 
requested: array(5) {
  ["lang"] => string(2) "en"
  ["action"] => string(4) "page"
  ["key"] => string(11) "competences"
  ["module"] => string(7) "default"
  ["controller"] => string(5) "index"
}


--------------------------------------------------------------------------------
