2015-04-08T11:35:56+00:00 ERR (3) 404 "hire-lasse" was not found.
REMOTE_ADDR: 162.243.26.16
HTTP_REFERER: http://graphicore.de/de/archive/2010-09-09_A-Brute-Font-Attack
requested: array(5) {
  ["lang"] => string(2) "de"
  ["action"] => string(4) "page"
  ["key"] => string(10) "hire-lasse"
  ["module"] => string(7) "default"
  ["controller"] => string(5) "index"
}


--------------------------------------------------------------------------------
2015-04-08T11:36:22+00:00 ERR (3) 404 "hire-lasse" was not found.
REMOTE_ADDR: 162.243.26.16
HTTP_REFERER: http://graphicore.de/en/archive/2010-09-09_A-Brute-Font-Attack
requested: array(5) {
  ["lang"] => string(2) "en"
  ["action"] => string(4) "page"
  ["key"] => string(10) "hire-lasse"
  ["module"] => string(7) "default"
  ["controller"] => string(5) "index"
}


--------------------------------------------------------------------------------
2015-04-08T19:37:38+00:00 ERR (3) 404 "" was not found.
REMOTE_ADDR: 157.55.39.172
HTTP_REFERER: 
requested: array(5) {
  ["lang"] => string(2) "en"
  ["action"] => string(7) "archive"
  ["module"] => string(7) "default"
  ["controller"] => string(5) "index"
  ["key"] => string(0) ""
}


--------------------------------------------------------------------------------
2015-04-08T21:16:07+00:00 ERR (3) 404 Seite nicht gefunden
REMOTE_ADDR: 91.200.12.28
HTTP_REFERER: http://graphicore.de/fckeditor/editor/filemanager/browser/default/connectors/test.html
requested: array(5) {
  ["controller"] => string(9) "fckeditor"
  ["action"] => string(6) "editor"
  ["filemanager"] => string(7) "browser"
  ["default"] => string(10) "connectors"
  ["module"] => string(7) "default"
}


--------------------------------------------------------------------------------
2015-04-08T21:16:07+00:00 ERR (3) 404 Seite nicht gefunden
REMOTE_ADDR: 91.200.12.28
HTTP_REFERER: http://graphicore.de/admin/fckeditor/editor/filemanager/browser/default/connectors/test.html
requested: array(6) {
  ["controller"] => string(5) "admin"
  ["action"] => string(9) "fckeditor"
  ["editor"] => string(11) "filemanager"
  ["browser"] => string(7) "default"
  ["connectors"] => string(9) "test.html"
  ["module"] => string(7) "default"
}


--------------------------------------------------------------------------------
2015-04-08T21:16:08+00:00 ERR (3) 404 Seite nicht gefunden
REMOTE_ADDR: 91.200.12.28
HTTP_REFERER: http://graphicore.de/cms/fckeditor/editor/filemanager/browser/default/connectors/test.html
requested: array(6) {
  ["controller"] => string(3) "cms"
  ["action"] => string(9) "fckeditor"
  ["editor"] => string(11) "filemanager"
  ["browser"] => string(7) "default"
  ["connectors"] => string(9) "test.html"
  ["module"] => string(7) "default"
}


--------------------------------------------------------------------------------
2015-04-08T21:16:08+00:00 ERR (3) 404 Seite nicht gefunden
REMOTE_ADDR: 91.200.12.28
HTTP_REFERER: http://graphicore.de/fck/editor/filemanager/browser/default/connectors/test.html
requested: array(5) {
  ["controller"] => string(3) "fck"
  ["action"] => string(6) "editor"
  ["filemanager"] => string(7) "browser"
  ["default"] => string(10) "connectors"
  ["module"] => string(7) "default"
}


--------------------------------------------------------------------------------
2015-04-08T21:16:08+00:00 ERR (3) 404 Seite nicht gefunden
REMOTE_ADDR: 91.200.12.28
HTTP_REFERER: http://graphicore.de/include/fckeditor/editor/filemanager/browser/default/connectors/test.html
requested: array(6) {
  ["controller"] => string(7) "include"
  ["action"] => string(9) "fckeditor"
  ["editor"] => string(11) "filemanager"
  ["browser"] => string(7) "default"
  ["connectors"] => string(9) "test.html"
  ["module"] => string(7) "default"
}


--------------------------------------------------------------------------------
2015-04-08T21:16:08+00:00 ERR (3) 404 Seite nicht gefunden
REMOTE_ADDR: 91.200.12.28
HTTP_REFERER: http://graphicore.de/manage/fckeditor/editor/filemanager/browser/default/connectors/test.html
requested: array(6) {
  ["controller"] => string(6) "manage"
  ["action"] => string(9) "fckeditor"
  ["editor"] => string(11) "filemanager"
  ["browser"] => string(7) "default"
  ["connectors"] => string(9) "test.html"
  ["module"] => string(7) "default"
}


--------------------------------------------------------------------------------
2015-04-08T21:16:08+00:00 ERR (3) 404 Seite nicht gefunden
REMOTE_ADDR: 91.200.12.28
HTTP_REFERER: http://graphicore.de/editor/filemanager/browser/default/connectors/test.html
requested: array(5) {
  ["controller"] => string(6) "editor"
  ["action"] => string(11) "filemanager"
  ["browser"] => string(7) "default"
  ["connectors"] => string(9) "test.html"
  ["module"] => string(7) "default"
}


--------------------------------------------------------------------------------
