2016-06-06T01:43:53+00:00 ERR (3) 404 Seite nicht gefunden
REMOTE_ADDR: 86.123.247.81
HTTP_REFERER: 
requested: array(4) {
  ["controller"] => string(6) "https:"
  [""] => string(19) "silber-und-blei.com"
  ["action"] => string(5) "index"
  ["module"] => string(7) "default"
}


--------------------------------------------------------------------------------
2016-06-06T01:43:53+00:00 ERR (3) 404 Seite nicht gefunden
REMOTE_ADDR: 86.123.247.81
HTTP_REFERER: 
requested: array(3) {
  ["controller"] => string(2) "js"
  ["action"] => string(1) "'"
  ["module"] => string(7) "default"
}


--------------------------------------------------------------------------------
2016-06-06T02:53:21+00:00 ERR (3) 404 Seite nicht gefunden
REMOTE_ADDR: 66.249.78.225
HTTP_REFERER: 
requested: array(3) {
  ["controller"] => string(11) ".well-known"
  ["action"] => string(26) "apple-app-site-association"
  ["module"] => string(7) "default"
}


--------------------------------------------------------------------------------
2016-06-06T02:54:16+00:00 ERR (3) 404 Seite nicht gefunden
REMOTE_ADDR: 66.249.78.225
HTTP_REFERER: 
requested: array(3) {
  ["controller"] => string(26) "apple-app-site-association"
  ["action"] => string(5) "index"
  ["module"] => string(7) "default"
}


--------------------------------------------------------------------------------
2016-06-06T16:56:27+00:00 ERR (3) 404 "2010-09-27_turbo_art_collectiveThomas" was not found.
REMOTE_ADDR: 66.249.78.225
HTTP_REFERER: 
requested: array(5) {
  ["lang"] => string(2) "en"
  ["action"] => string(7) "archive"
  ["key"] => string(37) "2010-09-27_turbo_art_collectiveThomas"
  ["module"] => string(7) "default"
  ["controller"] => string(5) "index"
}


--------------------------------------------------------------------------------
2016-06-06T17:55:24+00:00 ERR (3) 404 Seite nicht gefunden
REMOTE_ADDR: 60.250.77.209
HTTP_REFERER: 
requested: array(3) {
  ["controller"] => string(11) "wp-includes"
  ["action"] => string(6) "images"
  ["module"] => string(7) "default"
}


--------------------------------------------------------------------------------
2016-06-06T18:15:01+00:00 ERR (3) 404 Seite nicht gefunden
REMOTE_ADDR: 47.61.203.6
HTTP_REFERER: 
requested: array(4) {
  ["controller"] => string(6) "https:"
  [""] => string(19) "silber-und-blei.com"
  ["action"] => string(5) "index"
  ["module"] => string(7) "default"
}


--------------------------------------------------------------------------------
2016-06-06T18:15:02+00:00 ERR (3) 404 Seite nicht gefunden
REMOTE_ADDR: 47.61.203.6
HTTP_REFERER: 
requested: array(3) {
  ["controller"] => string(2) "js"
  ["action"] => string(1) "'"
  ["module"] => string(7) "default"
}


--------------------------------------------------------------------------------
2016-06-06T18:21:21+00:00 ERR (3) 404 "hire-lasse" was not found.
REMOTE_ADDR: 207.46.13.104
HTTP_REFERER: 
requested: array(5) {
  ["lang"] => string(2) "de"
  ["action"] => string(4) "page"
  ["key"] => string(10) "hire-lasse"
  ["module"] => string(7) "default"
  ["controller"] => string(5) "index"
}


--------------------------------------------------------------------------------
2016-06-06T20:07:41+00:00 ERR (3) 404 Seite nicht gefunden
REMOTE_ADDR: 79.170.44.110
HTTP_REFERER: 
requested: array(3) {
  ["controller"] => string(8) "wp-admin"
  ["action"] => string(5) "index"
  ["module"] => string(7) "default"
}


--------------------------------------------------------------------------------
2016-06-06T20:14:20+00:00 ERR (3) 404 Seite nicht gefunden
REMOTE_ADDR: 184.154.224.19
HTTP_REFERER: 
requested: array(3) {
  ["controller"] => string(4) "test"
  ["action"] => string(8) "wp-admin"
  ["module"] => string(7) "default"
}


--------------------------------------------------------------------------------
2016-06-06T20:21:01+00:00 ERR (3) 404 Seite nicht gefunden
REMOTE_ADDR: 217.160.90.93
HTTP_REFERER: 
requested: array(3) {
  ["controller"] => string(9) "wordpress"
  ["action"] => string(8) "wp-admin"
  ["module"] => string(7) "default"
}


--------------------------------------------------------------------------------
2016-06-06T20:27:45+00:00 ERR (3) 404 Seite nicht gefunden
REMOTE_ADDR: 219.94.128.34
HTTP_REFERER: 
requested: array(3) {
  ["controller"] => string(4) "blog"
  ["action"] => string(8) "wp-admin"
  ["module"] => string(7) "default"
}


--------------------------------------------------------------------------------
2016-06-06T20:34:10+00:00 ERR (3) 404 Seite nicht gefunden
REMOTE_ADDR: 69.90.29.44
HTTP_REFERER: 
requested: array(3) {
  ["controller"] => string(2) "wp"
  ["action"] => string(8) "wp-admin"
  ["module"] => string(7) "default"
}


--------------------------------------------------------------------------------
2016-06-06T20:40:43+00:00 ERR (3) 404 Seite nicht gefunden
REMOTE_ADDR: 216.172.189.88
HTTP_REFERER: 
requested: array(3) {
  ["controller"] => string(3) "old"
  ["action"] => string(8) "wp-admin"
  ["module"] => string(7) "default"
}


--------------------------------------------------------------------------------
2016-06-06T22:10:52+00:00 ERR (3) 404 Seite nicht gefunden
REMOTE_ADDR: 5.149.254.109
HTTP_REFERER: 
requested: array(3) {
  ["controller"] => string(9) "wordpress"
  ["action"] => string(5) "index"
  ["module"] => string(7) "default"
}


--------------------------------------------------------------------------------
