2017-06-14T01:26:36+00:00 ERR (3) 404 Seite nicht gefunden
REMOTE_ADDR: 192.187.100.58
HTTP_REFERER: 
requested: array(3) {
  ["controller"] => string(10) "wp-content"
  ["action"] => string(7) "uploads"
  ["module"] => string(7) "default"
}


--------------------------------------------------------------------------------
2017-06-14T01:26:37+00:00 ERR (3) 404 Seite nicht gefunden
REMOTE_ADDR: 192.187.100.58
HTTP_REFERER: http://graphicore.de/wp-admin/
requested: array(5) {
  ["controller"] => string(9) "uploadify"
  ["action"] => string(13) "uploadify.php"
  ["module"] => string(7) "default"
  ["folder"] => string(1) "/"
  [1] => string(1) "1"
}


--------------------------------------------------------------------------------
2017-06-14T01:26:38+00:00 ERR (3) 404 Seite nicht gefunden
REMOTE_ADDR: 192.187.100.58
HTTP_REFERER: http://graphicore.de/wp-admin/
requested: array(5) {
  ["controller"] => string(9) "uploadify"
  ["action"] => string(13) "uploadify.php"
  ["module"] => string(7) "default"
  ["folder"] => string(1) "/"
  [1] => string(1) "1"
}


--------------------------------------------------------------------------------
2017-06-14T01:26:39+00:00 ERR (3) 404 Seite nicht gefunden
REMOTE_ADDR: 192.187.100.58
HTTP_REFERER: http://graphicore.de/wp-admin/
requested: array(4) {
  ["controller"] => string(8) "wp-admin"
  ["action"] => string(14) "admin-ajax.php"
  ["module"] => string(7) "default"
  ["client_action"] => string(13) "update_plugin"
}


--------------------------------------------------------------------------------
2017-06-14T01:26:39+00:00 ERR (3) 404 Seite nicht gefunden
REMOTE_ADDR: 192.187.100.58
HTTP_REFERER: http://graphicore.de/wp-admin/
requested: array(4) {
  ["controller"] => string(8) "wp-admin"
  ["action"] => string(14) "admin-ajax.php"
  ["module"] => string(7) "default"
  ["client_action"] => string(13) "update_plugin"
}


--------------------------------------------------------------------------------
2017-06-14T01:26:40+00:00 ERR (3) 404 Seite nicht gefunden
REMOTE_ADDR: 192.187.100.58
HTTP_REFERER: http://graphicore.de/wp-admin/
requested: array(4) {
  ["controller"] => string(11) "license.php"
  ["action"] => string(5) "index"
  ["module"] => string(7) "default"
  [1] => string(1) "1"
}


--------------------------------------------------------------------------------
2017-06-14T01:26:40+00:00 ERR (3) 404 Seite nicht gefunden
REMOTE_ADDR: 192.187.100.58
HTTP_REFERER: http://graphicore.de/wp-admin/
requested: array(4) {
  ["controller"] => string(11) "license.php"
  ["action"] => string(5) "index"
  ["module"] => string(7) "default"
  [1] => string(1) "1"
}


--------------------------------------------------------------------------------
2017-06-14T07:41:50+00:00 ERR (3) 404 "hire-lasse" was not found.
REMOTE_ADDR: 85.25.210.41
HTTP_REFERER: 
requested: array(5) {
  ["lang"] => string(2) "en"
  ["action"] => string(4) "page"
  ["key"] => string(10) "hire-lasse"
  ["module"] => string(7) "default"
  ["controller"] => string(5) "index"
}


--------------------------------------------------------------------------------
2017-06-14T08:07:23+00:00 ERR (3) 404 Seite nicht gefunden
REMOTE_ADDR: 35.186.148.210
HTTP_REFERER: 
requested: array(3) {
  ["controller"] => string(4) "blog"
  ["action"] => string(10) "robots.txt"
  ["module"] => string(7) "default"
}


--------------------------------------------------------------------------------
2017-06-14T08:07:23+00:00 ERR (3) 404 Seite nicht gefunden
REMOTE_ADDR: 35.186.148.210
HTTP_REFERER: 
requested: array(3) {
  ["controller"] => string(4) "blog"
  ["action"] => string(5) "index"
  ["module"] => string(7) "default"
}


--------------------------------------------------------------------------------
2017-06-14T13:10:39+00:00 ERR (3) 404 "hire-lasse" was not found.
REMOTE_ADDR: 157.55.39.249
HTTP_REFERER: 
requested: array(5) {
  ["lang"] => string(2) "de"
  ["action"] => string(4) "page"
  ["key"] => string(10) "hire-lasse"
  ["module"] => string(7) "default"
  ["controller"] => string(5) "index"
}


--------------------------------------------------------------------------------
