2021-01-19T01:25:26+00:00 ERR (3) 404 "hire-lasse" was not found.
REMOTE_ADDR: 77.75.77.62
HTTP_REFERER: 
requested: array(5) {
  ["lang"] => string(2) "en"
  ["action"] => string(4) "page"
  ["key"] => string(10) "hire-lasse"
  ["module"] => string(7) "default"
  ["controller"] => string(5) "index"
}


--------------------------------------------------------------------------------
2021-01-19T02:06:26+00:00 ERR (3) 404 Seite nicht gefunden
REMOTE_ADDR: 82.165.52.101
HTTP_REFERER: 
requested: array(3) {
  ["controller"] => string(11) "wp-includes"
  ["action"] => string(3) "css"
  ["module"] => string(7) "default"
}


--------------------------------------------------------------------------------
2021-01-19T02:06:49+00:00 ERR (3) 404 Seite nicht gefunden
REMOTE_ADDR: 82.165.52.101
HTTP_REFERER: 
requested: array(3) {
  ["controller"] => string(11) "wp-includes"
  ["action"] => string(5) "fonts"
  ["module"] => string(7) "default"
}


--------------------------------------------------------------------------------
2021-01-19T03:40:48+00:00 ERR (3) 404 "" was not found.
REMOTE_ADDR: 173.231.59.211
HTTP_REFERER: http://graphicore.de/
requested: array(5) {
  ["lang"] => string(2) "de"
  ["action"] => string(7) "archive"
  ["module"] => string(7) "default"
  ["controller"] => string(5) "index"
  ["key"] => string(0) ""
}


--------------------------------------------------------------------------------
2021-01-19T03:50:31+00:00 ERR (3) 404 "competences" was not found.
REMOTE_ADDR: 173.231.59.211
HTTP_REFERER: http://graphicore.de/
requested: array(5) {
  ["lang"] => string(2) "de"
  ["action"] => string(4) "page"
  ["key"] => string(11) "competences"
  ["module"] => string(7) "default"
  ["controller"] => string(5) "index"
}


--------------------------------------------------------------------------------
2021-01-19T04:37:06+00:00 ERR (3) 404 "" was not found.
REMOTE_ADDR: 173.231.59.211
HTTP_REFERER: http://graphicore.de/
requested: array(5) {
  ["lang"] => string(2) "en"
  ["action"] => string(7) "archive"
  ["module"] => string(7) "default"
  ["controller"] => string(5) "index"
  ["key"] => string(0) ""
}


--------------------------------------------------------------------------------
2021-01-19T04:45:41+00:00 ERR (3) 404 "hire-lasse" was not found.
REMOTE_ADDR: 173.231.59.211
HTTP_REFERER: http://graphicore.de/
requested: array(5) {
  ["lang"] => string(2) "de"
  ["action"] => string(4) "page"
  ["key"] => string(10) "hire-lasse"
  ["module"] => string(7) "default"
  ["controller"] => string(5) "index"
}


--------------------------------------------------------------------------------
2021-01-19T04:45:46+00:00 ERR (3) 404 "competences" was not found.
REMOTE_ADDR: 173.231.59.211
HTTP_REFERER: http://graphicore.de/
requested: array(5) {
  ["lang"] => string(2) "en"
  ["action"] => string(4) "page"
  ["key"] => string(11) "competences"
  ["module"] => string(7) "default"
  ["controller"] => string(5) "index"
}


--------------------------------------------------------------------------------
2021-01-19T10:22:06+00:00 ERR (3) 404 Seite nicht gefunden
REMOTE_ADDR: 103.224.241.45
HTTP_REFERER: 
requested: array(3) {
  ["controller"] => string(7) "cgi-bin"
  ["action"] => string(3) "php"
  ["module"] => string(7) "default"
}


--------------------------------------------------------------------------------
2021-01-19T10:22:06+00:00 ERR (3) 404 Seite nicht gefunden
REMOTE_ADDR: 103.224.241.45
HTTP_REFERER: 
requested: array(3) {
  ["controller"] => string(7) "cgi-bin"
  ["action"] => string(4) "php5"
  ["module"] => string(7) "default"
}


--------------------------------------------------------------------------------
2021-01-19T10:22:06+00:00 ERR (3) 404 Seite nicht gefunden
REMOTE_ADDR: 103.224.241.45
HTTP_REFERER: 
requested: array(3) {
  ["controller"] => string(7) "cgi-bin"
  ["action"] => string(7) "php-cgi"
  ["module"] => string(7) "default"
}


--------------------------------------------------------------------------------
2021-01-19T10:22:07+00:00 ERR (3) 404 Seite nicht gefunden
REMOTE_ADDR: 103.224.241.45
HTTP_REFERER: 
requested: array(3) {
  ["controller"] => string(7) "cgi-bin"
  ["action"] => string(7) "php.cgi"
  ["module"] => string(7) "default"
}


--------------------------------------------------------------------------------
2021-01-19T10:22:07+00:00 ERR (3) 404 Seite nicht gefunden
REMOTE_ADDR: 103.224.241.45
HTTP_REFERER: 
requested: array(3) {
  ["controller"] => string(7) "cgi-bin"
  ["action"] => string(4) "php4"
  ["module"] => string(7) "default"
}


--------------------------------------------------------------------------------
2021-01-19T10:22:07+00:00 ERR (3) 404 Seite nicht gefunden
REMOTE_ADDR: 103.224.241.45
HTTP_REFERER: 
requested: array(3) {
  ["controller"] => string(7) "cgi-bin"
  ["action"] => string(8) "php5-cli"
  ["module"] => string(7) "default"
}


--------------------------------------------------------------------------------
2021-01-19T10:22:07+00:00 ERR (3) 404 Seite nicht gefunden
REMOTE_ADDR: 103.224.241.45
HTTP_REFERER: 
requested: array(3) {
  ["controller"] => string(7) "cgi-bin"
  ["action"] => string(8) "test.cgi"
  ["module"] => string(7) "default"
}


--------------------------------------------------------------------------------
2021-01-19T10:22:07+00:00 ERR (3) 404 Seite nicht gefunden
REMOTE_ADDR: 103.224.241.45
HTTP_REFERER: 
requested: array(3) {
  ["controller"] => string(7) "cgi-sys"
  ["action"] => string(4) "php5"
  ["module"] => string(7) "default"
}


--------------------------------------------------------------------------------
2021-01-19T14:52:57+00:00 ERR (3) 404 Seite nicht gefunden
REMOTE_ADDR: 84.244.180.7
HTTP_REFERER: 
requested: array(3) {
  ["controller"] => string(7) "cgi-bin"
  ["action"] => string(3) "php"
  ["module"] => string(7) "default"
}


--------------------------------------------------------------------------------
2021-01-19T14:52:57+00:00 ERR (3) 404 Seite nicht gefunden
REMOTE_ADDR: 84.244.180.7
HTTP_REFERER: 
requested: array(3) {
  ["controller"] => string(7) "cgi-bin"
  ["action"] => string(4) "php5"
  ["module"] => string(7) "default"
}


--------------------------------------------------------------------------------
2021-01-19T14:52:57+00:00 ERR (3) 404 Seite nicht gefunden
REMOTE_ADDR: 84.244.180.7
HTTP_REFERER: 
requested: array(3) {
  ["controller"] => string(7) "cgi-bin"
  ["action"] => string(7) "php-cgi"
  ["module"] => string(7) "default"
}


--------------------------------------------------------------------------------
2021-01-19T14:52:57+00:00 ERR (3) 404 Seite nicht gefunden
REMOTE_ADDR: 84.244.180.7
HTTP_REFERER: 
requested: array(3) {
  ["controller"] => string(7) "cgi-bin"
  ["action"] => string(7) "php.cgi"
  ["module"] => string(7) "default"
}


--------------------------------------------------------------------------------
2021-01-19T14:52:57+00:00 ERR (3) 404 Seite nicht gefunden
REMOTE_ADDR: 84.244.180.7
HTTP_REFERER: 
requested: array(3) {
  ["controller"] => string(7) "cgi-bin"
  ["action"] => string(4) "php4"
  ["module"] => string(7) "default"
}


--------------------------------------------------------------------------------
2021-01-19T16:35:28+00:00 ERR (3) 404 "competences" was not found.
REMOTE_ADDR: 66.249.64.156
HTTP_REFERER: 
requested: array(5) {
  ["lang"] => string(2) "de"
  ["action"] => string(4) "page"
  ["key"] => string(11) "competences"
  ["module"] => string(7) "default"
  ["controller"] => string(5) "index"
}


--------------------------------------------------------------------------------
2021-01-19T17:33:26+00:00 ERR (3) 404 "lasse." was not found.
REMOTE_ADDR: 34.219.186.129
HTTP_REFERER: 
requested: array(5) {
  ["lang"] => string(2) "en"
  ["action"] => string(4) "page"
  ["key"] => string(6) "lasse."
  ["module"] => string(7) "default"
  ["controller"] => string(5) "index"
}


--------------------------------------------------------------------------------
2021-01-19T18:18:25+00:00 ERR (3) 404 Seite nicht gefunden
REMOTE_ADDR: 13.66.139.23
HTTP_REFERER: 
requested: array(3) {
  ["controller"] => string(8) "atom.xml"
  ["action"] => string(5) "index"
  ["module"] => string(7) "default"
}


--------------------------------------------------------------------------------
2021-01-19T19:22:37+00:00 ERR (3) 404 Seite nicht gefunden
REMOTE_ADDR: 51.222.43.127
HTTP_REFERER: 
requested: array(3) {
  ["controller"] => string(11) "sitemap.xml"
  ["action"] => string(5) "index"
  ["module"] => string(7) "default"
}


--------------------------------------------------------------------------------
2021-01-19T19:22:56+00:00 ERR (3) 404 Seite nicht gefunden
REMOTE_ADDR: 51.222.43.127
HTTP_REFERER: 
requested: array(3) {
  ["controller"] => string(7) "ads.txt"
  ["action"] => string(5) "index"
  ["module"] => string(7) "default"
}


--------------------------------------------------------------------------------
2021-01-19T20:55:09+00:00 ERR (3) 404 "anne" was not found.
REMOTE_ADDR: 66.249.64.156
HTTP_REFERER: 
requested: array(5) {
  ["lang"] => string(2) "en"
  ["action"] => string(4) "page"
  ["key"] => string(4) "anne"
  ["module"] => string(7) "default"
  ["controller"] => string(5) "index"
}


--------------------------------------------------------------------------------
2021-01-19T23:28:32+00:00 ERR (3) 404 Seite nicht gefunden
REMOTE_ADDR: 68.65.121.177
HTTP_REFERER: http://graphicore.de/
requested: array(3) {
  ["controller"] => string(9) "wordpress"
  ["action"] => string(8) "wp-admin"
  ["module"] => string(7) "default"
}


--------------------------------------------------------------------------------
