2015-11-23T05:30:15+00:00 ERR (3) 404 "hire-lasse" was not found.
REMOTE_ADDR: 188.165.15.222
HTTP_REFERER: 
requested: array(5) {
  ["lang"] => string(2) "en"
  ["action"] => string(4) "page"
  ["key"] => string(10) "hire-lasse"
  ["module"] => string(7) "default"
  ["controller"] => string(5) "index"
}


--------------------------------------------------------------------------------
2015-11-23T06:53:47+00:00 ERR (3) 404 "" was not found.
REMOTE_ADDR: 207.46.13.90
HTTP_REFERER: 
requested: array(5) {
  ["lang"] => string(2) "en"
  ["action"] => string(7) "archive"
  ["module"] => string(7) "default"
  ["controller"] => string(5) "index"
  ["key"] => string(0) ""
}


--------------------------------------------------------------------------------
2015-11-23T15:08:02+00:00 ERR (3) 404 Seite nicht gefunden
REMOTE_ADDR: 199.68.207.222
HTTP_REFERER: 
requested: array(4) {
  ["controller"] => string(6) "https:"
  [""] => string(19) "silber-und-blei.com"
  ["action"] => string(5) "index"
  ["module"] => string(7) "default"
}


--------------------------------------------------------------------------------
2015-11-23T15:08:05+00:00 ERR (3) 404 Seite nicht gefunden
REMOTE_ADDR: 199.68.207.222
HTTP_REFERER: 
requested: array(3) {
  ["controller"] => string(2) "js"
  ["action"] => string(1) "'"
  ["module"] => string(7) "default"
}


--------------------------------------------------------------------------------
2015-11-23T19:18:41+00:00 ERR (3) 404 Seite nicht gefunden
REMOTE_ADDR: 148.251.180.152
HTTP_REFERER: 
requested: array(3) {
  ["controller"] => string(8) "wp-admin"
  ["action"] => string(14) "admin-ajax.php"
  ["module"] => string(7) "default"
}


--------------------------------------------------------------------------------
2015-11-23T19:18:41+00:00 ERR (3) 404 "wp-admin" was not found.
REMOTE_ADDR: 148.251.180.152
HTTP_REFERER: 
requested: array(5) {
  ["lang"] => string(2) "en"
  ["action"] => string(7) "archive"
  ["key"] => string(8) "wp-admin"
  ["module"] => string(7) "default"
  ["controller"] => string(5) "index"
}


--------------------------------------------------------------------------------
2015-11-23T19:26:02+00:00 ERR (3) 404 Seite nicht gefunden
REMOTE_ADDR: 148.251.180.152
HTTP_REFERER: 
requested: array(3) {
  ["controller"] => string(8) "wp-admin"
  ["action"] => string(14) "admin-ajax.php"
  ["module"] => string(7) "default"
}


--------------------------------------------------------------------------------
2015-11-23T19:26:02+00:00 ERR (3) 404 "wp-admin" was not found.
REMOTE_ADDR: 148.251.180.152
HTTP_REFERER: 
requested: array(5) {
  ["lang"] => string(2) "en"
  ["action"] => string(7) "archive"
  ["key"] => string(8) "wp-admin"
  ["module"] => string(7) "default"
  ["controller"] => string(5) "index"
}


--------------------------------------------------------------------------------
2015-11-23T20:23:23+00:00 ERR (3) 404 Seite nicht gefunden
REMOTE_ADDR: 54.175.107.6
HTTP_REFERER: 
requested: array(3) {
  ["controller"] => string(12) "wp-login.php"
  ["action"] => string(5) "index"
  ["module"] => string(7) "default"
}


--------------------------------------------------------------------------------
