2017-07-20T04:49:12+00:00 ERR (3) 404 Seite nicht gefunden
REMOTE_ADDR: 62.210.177.53
HTTP_REFERER: 
requested: array(3) {
  ["controller"] => string(9) "libraries"
  ["action"] => string(7) "sfn.php"
  ["module"] => string(7) "default"
}


--------------------------------------------------------------------------------
2017-07-20T12:12:50+00:00 ERR (3) 404 Seite nicht gefunden
REMOTE_ADDR: 23.225.168.33
HTTP_REFERER: 
requested: array(5) {
  ["controller"] => string(10) "wp-content"
  ["action"] => string(7) "plugins"
  ["woozone"] => string(7) "modules"
  ["remote_support"] => string(17) "remote_tunnel.php"
  ["module"] => string(7) "default"
}


--------------------------------------------------------------------------------
2017-07-20T15:07:03+00:00 ERR (3) 404 "hire-lasse" was not found.
REMOTE_ADDR: 66.249.76.70
HTTP_REFERER: 
requested: array(5) {
  ["lang"] => string(2) "de"
  ["action"] => string(4) "page"
  ["key"] => string(10) "hire-lasse"
  ["module"] => string(7) "default"
  ["controller"] => string(5) "index"
}


--------------------------------------------------------------------------------
