2010-05-31T12:57:33+00:00 ERR (3) 404 Page not found
REMOTE_ADDR: 127.0.0.1
HTTP_REFERER: http://localhost/graphicore2/public/style/style.css
requested: array(3) {
  ["controller"] => string(5) "style"
  ["action"] => string(9) "blank.gif"
  ["module"] => string(7) "default"
}


--------------------------------------------------------------------------------
2010-05-31T12:57:33+00:00 ERR (3) 404 Page not found
REMOTE_ADDR: 127.0.0.1
HTTP_REFERER: http://localhost/graphicore2/public/style/style.css
requested: array(3) {
  ["controller"] => string(5) "style"
  ["action"] => string(18) "inprogress_big.gif"
  ["module"] => string(7) "default"
}


--------------------------------------------------------------------------------
2010-05-31T13:11:47+00:00 ERR (3) 404 Page not found
REMOTE_ADDR: 127.0.0.1
HTTP_REFERER: http://localhost/graphicore2/public/style/style.css
requested: array(3) {
  ["controller"] => string(5) "style"
  ["action"] => string(18) "inprogress_big.gif"
  ["module"] => string(7) "default"
}


--------------------------------------------------------------------------------
2010-05-31T13:11:47+00:00 ERR (3) 404 Page not found
REMOTE_ADDR: 127.0.0.1
HTTP_REFERER: http://localhost/graphicore2/public/style/style.css
requested: array(3) {
  ["controller"] => string(5) "style"
  ["action"] => string(9) "blank.gif"
  ["module"] => string(7) "default"
}


--------------------------------------------------------------------------------
2010-05-31T13:12:47+00:00 ERR (3) 404 Page not found
REMOTE_ADDR: 127.0.0.1
HTTP_REFERER: http://localhost/graphicore2/public/style/style.css
requested: array(3) {
  ["controller"] => string(5) "style"
  ["action"] => string(6) "images"
  ["module"] => string(7) "default"
}


--------------------------------------------------------------------------------
2010-05-31T13:15:39+00:00 ERR (3) 404 Page not found
REMOTE_ADDR: 127.0.0.1
HTTP_REFERER: http://localhost/graphicore2/public/style/style.css
requested: array(3) {
  ["controller"] => string(5) "style"
  ["action"] => string(14) "entries_bg.gif"
  ["module"] => string(7) "default"
}


--------------------------------------------------------------------------------
2010-05-31T13:15:49+00:00 ERR (3) 404 Page not found
REMOTE_ADDR: 127.0.0.1
HTTP_REFERER: 
requested: array(3) {
  ["controller"] => string(5) "style"
  ["action"] => string(14) "entries_bg.gif"
  ["module"] => string(7) "default"
}


--------------------------------------------------------------------------------
2010-05-31T13:16:19+00:00 ERR (3) 404 Page not found
REMOTE_ADDR: 127.0.0.1
HTTP_REFERER: http://localhost/graphicore2/public/style/style.css
requested: array(3) {
  ["controller"] => string(5) "style"
  ["action"] => string(15) "entries__bg.gif"
  ["module"] => string(7) "default"
}


--------------------------------------------------------------------------------
2010-05-31T13:16:20+00:00 ERR (3) 404 Page not found
REMOTE_ADDR: 127.0.0.1
HTTP_REFERER: http://localhost/graphicore2/public/style/style.css
requested: array(3) {
  ["controller"] => string(5) "style"
  ["action"] => string(13) "entriesbg.gif"
  ["module"] => string(7) "default"
}


--------------------------------------------------------------------------------
2010-05-31T13:16:21+00:00 ERR (3) 404 Page not found
REMOTE_ADDR: 127.0.0.1
HTTP_REFERER: http://localhost/graphicore2/public/style/style.css
requested: array(3) {
  ["controller"] => string(5) "style"
  ["action"] => string(14) "entries_bg.gif"
  ["module"] => string(7) "default"
}


--------------------------------------------------------------------------------
2010-05-31T15:09:38+00:00 ERR (3) 404 "mission" was not found.
REMOTE_ADDR: 127.0.0.1
HTTP_REFERER: http://localhost/graphicore2/public/de/index/diary
requested: array(5) {
  ["lang"] => string(2) "de"
  ["controller"] => string(5) "index"
  ["action"] => string(4) "page"
  ["key"] => string(7) "mission"
  ["module"] => string(7) "default"
}


--------------------------------------------------------------------------------
2010-05-31T16:16:48+00:00 ERR (3) 404 "mockup24" was not found.
REMOTE_ADDR: 192.168.2.102
HTTP_REFERER: http://192.168.2.2/graphicore2/public/
requested: array(5) {
  ["lang"] => string(2) "de"
  ["controller"] => string(5) "index"
  ["action"] => string(7) "archive"
  ["key"] => string(8) "mockup24"
  ["module"] => string(7) "default"
}


--------------------------------------------------------------------------------
2010-05-31T16:17:40+00:00 ERR (3) 404 "mockup24" was not found.
REMOTE_ADDR: 192.168.2.102
HTTP_REFERER: 
requested: array(5) {
  ["lang"] => string(2) "de"
  ["controller"] => string(5) "index"
  ["action"] => string(7) "archive"
  ["key"] => string(8) "mockup24"
  ["module"] => string(7) "default"
}


--------------------------------------------------------------------------------
