2020-03-21T01:14:09+00:00 ERR (3) 404 "" was not found.
REMOTE_ADDR: 178.137.83.98
HTTP_REFERER: https://vulkan-on-line.ru/
requested: array(5) {
  ["lang"] => string(2) "de"
  ["action"] => string(7) "archive"
  ["module"] => string(7) "default"
  ["controller"] => string(5) "index"
  ["key"] => string(0) ""
}


--------------------------------------------------------------------------------
2020-03-21T01:14:10+00:00 ERR (3) 404 "" was not found.
REMOTE_ADDR: 178.137.83.98
HTTP_REFERER: https://vulkan-on-line.ru/
requested: array(5) {
  ["lang"] => string(2) "de"
  ["action"] => string(7) "archive"
  ["module"] => string(7) "default"
  ["controller"] => string(5) "index"
  ["key"] => string(0) ""
}


--------------------------------------------------------------------------------
2020-03-21T01:14:10+00:00 ERR (3) 404 "" was not found.
REMOTE_ADDR: 178.137.83.98
HTTP_REFERER: https://vulkan-on-line.ru/
requested: array(5) {
  ["lang"] => string(2) "de"
  ["action"] => string(7) "archive"
  ["module"] => string(7) "default"
  ["controller"] => string(5) "index"
  ["key"] => string(0) ""
}


--------------------------------------------------------------------------------
2020-03-21T01:14:11+00:00 ERR (3) 404 "" was not found.
REMOTE_ADDR: 178.137.83.98
HTTP_REFERER: https://vulkan-on-line.ru/
requested: array(5) {
  ["lang"] => string(2) "de"
  ["action"] => string(7) "archive"
  ["module"] => string(7) "default"
  ["controller"] => string(5) "index"
  ["key"] => string(0) ""
}


--------------------------------------------------------------------------------
2020-03-21T01:14:11+00:00 ERR (3) 404 "" was not found.
REMOTE_ADDR: 178.137.83.98
HTTP_REFERER: https://vulkan-on-line.ru/
requested: array(5) {
  ["lang"] => string(2) "de"
  ["action"] => string(7) "archive"
  ["module"] => string(7) "default"
  ["controller"] => string(5) "index"
  ["key"] => string(0) ""
}


--------------------------------------------------------------------------------
2020-03-21T02:04:07+00:00 ERR (3) 404 "" was not found.
REMOTE_ADDR: 37.229.205.89
HTTP_REFERER: https://gosuslugi-lichnyj-cabinet.ru/
requested: array(5) {
  ["lang"] => string(2) "de"
  ["action"] => string(7) "archive"
  ["module"] => string(7) "default"
  ["controller"] => string(5) "index"
  ["key"] => string(0) ""
}


--------------------------------------------------------------------------------
2020-03-21T02:04:08+00:00 ERR (3) 404 "" was not found.
REMOTE_ADDR: 37.229.205.89
HTTP_REFERER: https://gosuslugi-lichnyj-cabinet.ru/
requested: array(5) {
  ["lang"] => string(2) "de"
  ["action"] => string(7) "archive"
  ["module"] => string(7) "default"
  ["controller"] => string(5) "index"
  ["key"] => string(0) ""
}


--------------------------------------------------------------------------------
2020-03-21T02:46:04+00:00 ERR (3) 404 "hire-lasse" was not found.
REMOTE_ADDR: 85.25.185.196
HTTP_REFERER: 
requested: array(5) {
  ["lang"] => string(2) "de"
  ["action"] => string(4) "page"
  ["key"] => string(10) "hire-lasse"
  ["module"] => string(7) "default"
  ["controller"] => string(5) "index"
}


--------------------------------------------------------------------------------
2020-03-21T03:37:51+00:00 ERR (3) 404 "hire-lasse" was not found.
REMOTE_ADDR: 85.25.185.196
HTTP_REFERER: 
requested: array(5) {
  ["lang"] => string(2) "en"
  ["action"] => string(4) "page"
  ["key"] => string(10) "hire-lasse"
  ["module"] => string(7) "default"
  ["controller"] => string(5) "index"
}


--------------------------------------------------------------------------------
2020-03-21T03:56:25+00:00 ERR (3) 404 "" was not found.
REMOTE_ADDR: 46.119.163.78
HTTP_REFERER: http://xxxsiterips.xyz/
requested: array(5) {
  ["lang"] => string(2) "de"
  ["action"] => string(7) "archive"
  ["module"] => string(7) "default"
  ["controller"] => string(5) "index"
  ["key"] => string(0) ""
}


--------------------------------------------------------------------------------
2020-03-21T03:56:26+00:00 ERR (3) 404 "" was not found.
REMOTE_ADDR: 46.119.163.78
HTTP_REFERER: http://xxxsiterips.xyz/
requested: array(5) {
  ["lang"] => string(2) "de"
  ["action"] => string(7) "archive"
  ["module"] => string(7) "default"
  ["controller"] => string(5) "index"
  ["key"] => string(0) ""
}


--------------------------------------------------------------------------------
2020-03-21T03:56:26+00:00 ERR (3) 404 "" was not found.
REMOTE_ADDR: 46.119.163.78
HTTP_REFERER: http://xxxsiterips.xyz/
requested: array(5) {
  ["lang"] => string(2) "de"
  ["action"] => string(7) "archive"
  ["module"] => string(7) "default"
  ["controller"] => string(5) "index"
  ["key"] => string(0) ""
}


--------------------------------------------------------------------------------
2020-03-21T03:56:27+00:00 ERR (3) 404 "" was not found.
REMOTE_ADDR: 46.119.163.78
HTTP_REFERER: http://xxxsiterips.xyz/
requested: array(5) {
  ["lang"] => string(2) "de"
  ["action"] => string(7) "archive"
  ["module"] => string(7) "default"
  ["controller"] => string(5) "index"
  ["key"] => string(0) ""
}


--------------------------------------------------------------------------------
2020-03-21T03:56:27+00:00 ERR (3) 404 "" was not found.
REMOTE_ADDR: 46.119.163.78
HTTP_REFERER: http://xxxsiterips.xyz/
requested: array(5) {
  ["lang"] => string(2) "de"
  ["action"] => string(7) "archive"
  ["module"] => string(7) "default"
  ["controller"] => string(5) "index"
  ["key"] => string(0) ""
}


--------------------------------------------------------------------------------
2020-03-21T03:57:24+00:00 ERR (3) 404 "competences" was not found.
REMOTE_ADDR: 85.25.185.196
HTTP_REFERER: 
requested: array(5) {
  ["lang"] => string(2) "de"
  ["action"] => string(4) "page"
  ["key"] => string(11) "competences"
  ["module"] => string(7) "default"
  ["controller"] => string(5) "index"
}


--------------------------------------------------------------------------------
2020-03-21T03:58:30+00:00 ERR (3) 404 "competences" was not found.
REMOTE_ADDR: 85.25.185.196
HTTP_REFERER: 
requested: array(5) {
  ["lang"] => string(2) "de"
  ["action"] => string(4) "page"
  ["key"] => string(11) "competences"
  ["module"] => string(7) "default"
  ["controller"] => string(5) "index"
}


--------------------------------------------------------------------------------
2020-03-21T05:31:09+00:00 ERR (3) 404 "competences" was not found.
REMOTE_ADDR: 85.25.185.196
HTTP_REFERER: 
requested: array(5) {
  ["lang"] => string(2) "en"
  ["action"] => string(4) "page"
  ["key"] => string(11) "competences"
  ["module"] => string(7) "default"
  ["controller"] => string(5) "index"
}


--------------------------------------------------------------------------------
2020-03-21T07:09:53+00:00 ERR (3) 404 "" was not found.
REMOTE_ADDR: 46.119.121.64
HTTP_REFERER: https://raymark.ru/
requested: array(5) {
  ["lang"] => string(2) "de"
  ["action"] => string(7) "archive"
  ["module"] => string(7) "default"
  ["controller"] => string(5) "index"
  ["key"] => string(0) ""
}


--------------------------------------------------------------------------------
2020-03-21T07:09:53+00:00 ERR (3) 404 "" was not found.
REMOTE_ADDR: 46.119.121.64
HTTP_REFERER: https://raymark.ru/
requested: array(5) {
  ["lang"] => string(2) "de"
  ["action"] => string(7) "archive"
  ["module"] => string(7) "default"
  ["controller"] => string(5) "index"
  ["key"] => string(0) ""
}


--------------------------------------------------------------------------------
2020-03-21T07:09:54+00:00 ERR (3) 404 "" was not found.
REMOTE_ADDR: 46.119.121.64
HTTP_REFERER: https://raymark.ru/
requested: array(5) {
  ["lang"] => string(2) "de"
  ["action"] => string(7) "archive"
  ["module"] => string(7) "default"
  ["controller"] => string(5) "index"
  ["key"] => string(0) ""
}


--------------------------------------------------------------------------------
2020-03-21T07:09:54+00:00 ERR (3) 404 "" was not found.
REMOTE_ADDR: 46.119.121.64
HTTP_REFERER: https://raymark.ru/
requested: array(5) {
  ["lang"] => string(2) "de"
  ["action"] => string(7) "archive"
  ["module"] => string(7) "default"
  ["controller"] => string(5) "index"
  ["key"] => string(0) ""
}


--------------------------------------------------------------------------------
2020-03-21T07:09:55+00:00 ERR (3) 404 "" was not found.
REMOTE_ADDR: 46.119.121.64
HTTP_REFERER: https://raymark.ru/
requested: array(5) {
  ["lang"] => string(2) "de"
  ["action"] => string(7) "archive"
  ["module"] => string(7) "default"
  ["controller"] => string(5) "index"
  ["key"] => string(0) ""
}


--------------------------------------------------------------------------------
2020-03-21T15:27:24+00:00 ERR (3) 404 "hire-lasse" was not found.
REMOTE_ADDR: 85.25.185.196
HTTP_REFERER: 
requested: array(5) {
  ["lang"] => string(2) "de"
  ["action"] => string(4) "page"
  ["key"] => string(10) "hire-lasse"
  ["module"] => string(7) "default"
  ["controller"] => string(5) "index"
}


--------------------------------------------------------------------------------
2020-03-21T16:41:08+00:00 ERR (3) 404 "hire-lasse" was not found.
REMOTE_ADDR: 85.25.185.196
HTTP_REFERER: 
requested: array(5) {
  ["lang"] => string(2) "en"
  ["action"] => string(4) "page"
  ["key"] => string(10) "hire-lasse"
  ["module"] => string(7) "default"
  ["controller"] => string(5) "index"
}


--------------------------------------------------------------------------------
2020-03-21T17:02:51+00:00 ERR (3) 404 Seite nicht gefunden
REMOTE_ADDR: 103.6.198.160
HTTP_REFERER: http://graphicore.de/
requested: array(3) {
  ["controller"] => string(3) "OLD"
  ["action"] => string(5) "index"
  ["module"] => string(7) "default"
}


--------------------------------------------------------------------------------
2020-03-21T17:07:32+00:00 ERR (3) 404 "competences" was not found.
REMOTE_ADDR: 85.25.185.196
HTTP_REFERER: 
requested: array(5) {
  ["lang"] => string(2) "de"
  ["action"] => string(4) "page"
  ["key"] => string(11) "competences"
  ["module"] => string(7) "default"
  ["controller"] => string(5) "index"
}


--------------------------------------------------------------------------------
2020-03-21T17:41:57+00:00 ERR (3) 404 Seite nicht gefunden
REMOTE_ADDR: 162.241.218.235
HTTP_REFERER: http://graphicore.de/
requested: array(3) {
  ["controller"] => string(6) "backup"
  ["action"] => string(5) "index"
  ["module"] => string(7) "default"
}


--------------------------------------------------------------------------------
2020-03-21T18:37:27+00:00 ERR (3) 404 Seite nicht gefunden
REMOTE_ADDR: 35.209.161.84
HTTP_REFERER: http://graphicore.de/
requested: array(3) {
  ["controller"] => string(4) "test"
  ["action"] => string(5) "index"
  ["module"] => string(7) "default"
}


--------------------------------------------------------------------------------
2020-03-21T18:48:40+00:00 ERR (3) 404 "" was not found.
REMOTE_ADDR: 176.8.244.215
HTTP_REFERER: https://predmety.in.ua/
requested: array(5) {
  ["lang"] => string(2) "de"
  ["action"] => string(7) "archive"
  ["module"] => string(7) "default"
  ["controller"] => string(5) "index"
  ["key"] => string(0) ""
}


--------------------------------------------------------------------------------
2020-03-21T18:48:41+00:00 ERR (3) 404 "" was not found.
REMOTE_ADDR: 176.8.244.215
HTTP_REFERER: https://predmety.in.ua/
requested: array(5) {
  ["lang"] => string(2) "de"
  ["action"] => string(7) "archive"
  ["module"] => string(7) "default"
  ["controller"] => string(5) "index"
  ["key"] => string(0) ""
}


--------------------------------------------------------------------------------
2020-03-21T18:48:41+00:00 ERR (3) 404 "" was not found.
REMOTE_ADDR: 176.8.244.215
HTTP_REFERER: https://predmety.in.ua/
requested: array(5) {
  ["lang"] => string(2) "de"
  ["action"] => string(7) "archive"
  ["module"] => string(7) "default"
  ["controller"] => string(5) "index"
  ["key"] => string(0) ""
}


--------------------------------------------------------------------------------
2020-03-21T23:18:58+00:00 ERR (3) 404 "" was not found.
REMOTE_ADDR: 46.119.121.64
HTTP_REFERER: https://eldoradorent.az/
requested: array(5) {
  ["lang"] => string(2) "de"
  ["action"] => string(7) "archive"
  ["module"] => string(7) "default"
  ["controller"] => string(5) "index"
  ["key"] => string(0) ""
}


--------------------------------------------------------------------------------
2020-03-21T23:18:59+00:00 ERR (3) 404 "" was not found.
REMOTE_ADDR: 46.119.121.64
HTTP_REFERER: https://eldoradorent.az/
requested: array(5) {
  ["lang"] => string(2) "de"
  ["action"] => string(7) "archive"
  ["module"] => string(7) "default"
  ["controller"] => string(5) "index"
  ["key"] => string(0) ""
}


--------------------------------------------------------------------------------
2020-03-21T23:19:00+00:00 ERR (3) 404 "" was not found.
REMOTE_ADDR: 46.119.121.64
HTTP_REFERER: https://eldoradorent.az/
requested: array(5) {
  ["lang"] => string(2) "de"
  ["action"] => string(7) "archive"
  ["module"] => string(7) "default"
  ["controller"] => string(5) "index"
  ["key"] => string(0) ""
}


--------------------------------------------------------------------------------
2020-03-21T23:19:00+00:00 ERR (3) 404 "" was not found.
REMOTE_ADDR: 46.119.121.64
HTTP_REFERER: https://eldoradorent.az/
requested: array(5) {
  ["lang"] => string(2) "de"
  ["action"] => string(7) "archive"
  ["module"] => string(7) "default"
  ["controller"] => string(5) "index"
  ["key"] => string(0) ""
}


--------------------------------------------------------------------------------
2020-03-21T23:19:01+00:00 ERR (3) 404 "" was not found.
REMOTE_ADDR: 46.119.121.64
HTTP_REFERER: https://eldoradorent.az/
requested: array(5) {
  ["lang"] => string(2) "de"
  ["action"] => string(7) "archive"
  ["module"] => string(7) "default"
  ["controller"] => string(5) "index"
  ["key"] => string(0) ""
}


--------------------------------------------------------------------------------
