2021-03-25T01:04:23+00:00 ERR (3) 404 "competences" was not found.
REMOTE_ADDR: 95.216.160.154
HTTP_REFERER: 
requested: array(5) {
  ["lang"] => string(2) "de"
  ["action"] => string(4) "page"
  ["key"] => string(11) "competences"
  ["module"] => string(7) "default"
  ["controller"] => string(5) "index"
}


--------------------------------------------------------------------------------
2021-03-25T01:04:32+00:00 ERR (3) 404 "competences" was not found.
REMOTE_ADDR: 95.216.160.154
HTTP_REFERER: 
requested: array(5) {
  ["lang"] => string(2) "en"
  ["action"] => string(4) "page"
  ["key"] => string(11) "competences"
  ["module"] => string(7) "default"
  ["controller"] => string(5) "index"
}


--------------------------------------------------------------------------------
2021-03-25T01:04:33+00:00 ERR (3) 404 "hire-lasse" was not found.
REMOTE_ADDR: 95.216.160.154
HTTP_REFERER: 
requested: array(5) {
  ["lang"] => string(2) "de"
  ["action"] => string(4) "page"
  ["key"] => string(10) "hire-lasse"
  ["module"] => string(7) "default"
  ["controller"] => string(5) "index"
}


--------------------------------------------------------------------------------
2021-03-25T01:04:33+00:00 ERR (3) 404 "hire-lasse" was not found.
REMOTE_ADDR: 95.216.160.154
HTTP_REFERER: 
requested: array(5) {
  ["lang"] => string(2) "en"
  ["action"] => string(4) "page"
  ["key"] => string(10) "hire-lasse"
  ["module"] => string(7) "default"
  ["controller"] => string(5) "index"
}


--------------------------------------------------------------------------------
2021-03-25T01:13:25+00:00 ERR (3) 404 unkown Type requested
REMOTE_ADDR: 13.66.139.103
HTTP_REFERER: 
requested: array(5) {
  ["lang"] => string(2) "de"
  ["action"] => string(4) "feed"
  ["key"] => string(23) "abraum-poster_label.png"
  ["module"] => string(7) "default"
  ["controller"] => string(5) "index"
}


--------------------------------------------------------------------------------
2021-03-25T01:21:14+00:00 ERR (3) 404 unkown Type requested
REMOTE_ADDR: 13.66.139.10
HTTP_REFERER: 
requested: array(5) {
  ["lang"] => string(2) "de"
  ["action"] => string(4) "feed"
  ["key"] => string(22) "kulturlose-shot025.png"
  ["module"] => string(7) "default"
  ["controller"] => string(5) "index"
}


--------------------------------------------------------------------------------
2021-03-25T01:28:12+00:00 ERR (3) 404 unkown Type requested
REMOTE_ADDR: 13.66.139.40
HTTP_REFERER: 
requested: array(5) {
  ["lang"] => string(2) "de"
  ["action"] => string(4) "feed"
  ["key"] => string(22) "kulturlose-shot006.png"
  ["module"] => string(7) "default"
  ["controller"] => string(5) "index"
}


--------------------------------------------------------------------------------
2021-03-25T03:01:31+00:00 ERR (3) 404 "hire-lasse" was not found.
REMOTE_ADDR: 77.75.79.62
HTTP_REFERER: 
requested: array(5) {
  ["lang"] => string(2) "de"
  ["action"] => string(4) "page"
  ["key"] => string(10) "hire-lasse"
  ["module"] => string(7) "default"
  ["controller"] => string(5) "index"
}


--------------------------------------------------------------------------------
2021-03-25T04:19:02+00:00 ERR (3) 404 The filter "2012-09-02_piece-of-prayer.png" was not found.
REMOTE_ADDR: 13.66.139.101
HTTP_REFERER: 
requested: array(5) {
  ["lang"] => string(2) "en"
  ["action"] => string(5) "diary"
  ["key"] => string(30) "2012-09-02_piece-of-prayer.png"
  ["module"] => string(7) "default"
  ["controller"] => string(5) "index"
}


--------------------------------------------------------------------------------
2021-03-25T04:21:47+00:00 ERR (3) 404 unkown Type requested
REMOTE_ADDR: 13.66.139.103
HTTP_REFERER: 
requested: array(5) {
  ["lang"] => string(2) "de"
  ["action"] => string(4) "feed"
  ["key"] => string(16) "typete-klein.png"
  ["module"] => string(7) "default"
  ["controller"] => string(5) "index"
}


--------------------------------------------------------------------------------
2021-03-25T04:51:30+00:00 ERR (3) 404 unkown Type requested
REMOTE_ADDR: 13.66.139.103
HTTP_REFERER: 
requested: array(5) {
  ["lang"] => string(2) "de"
  ["action"] => string(4) "feed"
  ["key"] => string(22) "kulturlose-shot026.png"
  ["module"] => string(7) "default"
  ["controller"] => string(5) "index"
}


--------------------------------------------------------------------------------
2021-03-25T06:00:17+00:00 ERR (3) 404 unkown Type requested
REMOTE_ADDR: 13.66.139.103
HTTP_REFERER: 
requested: array(5) {
  ["lang"] => string(2) "de"
  ["action"] => string(4) "feed"
  ["key"] => string(22) "kulturlose-shot031.png"
  ["module"] => string(7) "default"
  ["controller"] => string(5) "index"
}


--------------------------------------------------------------------------------
2021-03-25T06:04:51+00:00 ERR (3) 404 unkown Type requested
REMOTE_ADDR: 13.66.139.10
HTTP_REFERER: 
requested: array(5) {
  ["lang"] => string(2) "de"
  ["action"] => string(4) "feed"
  ["key"] => string(22) "kulturlose-shot023.png"
  ["module"] => string(7) "default"
  ["controller"] => string(5) "index"
}


--------------------------------------------------------------------------------
2021-03-25T06:55:26+00:00 ERR (3) 404 unkown Type requested
REMOTE_ADDR: 13.66.139.106
HTTP_REFERER: 
requested: array(5) {
  ["lang"] => string(2) "de"
  ["action"] => string(4) "feed"
  ["key"] => string(22) "kulturlose-shot009.png"
  ["module"] => string(7) "default"
  ["controller"] => string(5) "index"
}


--------------------------------------------------------------------------------
2021-03-25T06:59:32+00:00 ERR (3) 404 unkown Type requested
REMOTE_ADDR: 13.66.139.103
HTTP_REFERER: 
requested: array(5) {
  ["lang"] => string(2) "de"
  ["action"] => string(4) "feed"
  ["key"] => string(22) "kulturlose-shot019.png"
  ["module"] => string(7) "default"
  ["controller"] => string(5) "index"
}


--------------------------------------------------------------------------------
2021-03-25T07:50:53+00:00 ERR (3) 404 unkown Type requested
REMOTE_ADDR: 13.66.139.106
HTTP_REFERER: 
requested: array(5) {
  ["lang"] => string(2) "de"
  ["action"] => string(4) "feed"
  ["key"] => string(22) "kulturlose-shot009.png"
  ["module"] => string(7) "default"
  ["controller"] => string(5) "index"
}


--------------------------------------------------------------------------------
2021-03-25T08:40:34+00:00 ERR (3) 404 unkown Type requested
REMOTE_ADDR: 13.66.139.106
HTTP_REFERER: 
requested: array(5) {
  ["lang"] => string(2) "de"
  ["action"] => string(4) "feed"
  ["key"] => string(20) "kulturlose-cover.png"
  ["module"] => string(7) "default"
  ["controller"] => string(5) "index"
}


--------------------------------------------------------------------------------
2021-03-25T10:36:15+00:00 ERR (3) 404 "hire-lasse" was not found.
REMOTE_ADDR: 54.36.148.139
HTTP_REFERER: 
requested: array(5) {
  ["lang"] => string(2) "en"
  ["action"] => string(4) "page"
  ["key"] => string(10) "hire-lasse"
  ["module"] => string(7) "default"
  ["controller"] => string(5) "index"
}


--------------------------------------------------------------------------------
2021-03-25T11:53:02+00:00 ERR (3) 404 Seite nicht gefunden
REMOTE_ADDR: 39.103.170.104
HTTP_REFERER: 
requested: array(3) {
  ["controller"] => string(5) "xxxss"
  ["action"] => string(5) "index"
  ["module"] => string(7) "default"
}


--------------------------------------------------------------------------------
2021-03-25T16:36:06+00:00 ERR (3) 404 "kulturlose-shot002.png" was not found.
REMOTE_ADDR: 13.66.139.103
HTTP_REFERER: 
requested: array(5) {
  ["lang"] => string(2) "en"
  ["action"] => string(7) "archive"
  ["key"] => string(22) "kulturlose-shot002.png"
  ["module"] => string(7) "default"
  ["controller"] => string(5) "index"
}


--------------------------------------------------------------------------------
2021-03-25T17:27:22+00:00 ERR (3) 404 "kulturlose-shot003.png" was not found.
REMOTE_ADDR: 13.66.139.99
HTTP_REFERER: 
requested: array(5) {
  ["lang"] => string(2) "en"
  ["action"] => string(7) "archive"
  ["key"] => string(22) "kulturlose-shot003.png"
  ["module"] => string(7) "default"
  ["controller"] => string(5) "index"
}


--------------------------------------------------------------------------------
2021-03-25T20:10:22+00:00 ERR (3) 404 "kulturlose-shot023.png" was not found.
REMOTE_ADDR: 13.66.139.10
HTTP_REFERER: 
requested: array(5) {
  ["lang"] => string(2) "en"
  ["action"] => string(7) "archive"
  ["key"] => string(22) "kulturlose-shot023.png"
  ["module"] => string(7) "default"
  ["controller"] => string(5) "index"
}


--------------------------------------------------------------------------------
2021-03-25T21:15:44+00:00 ERR (3) 404 unkown Type requested
REMOTE_ADDR: 13.66.139.103
HTTP_REFERER: 
requested: array(5) {
  ["lang"] => string(2) "de"
  ["action"] => string(4) "feed"
  ["key"] => string(26) "toytoytoys_myLin_klein.png"
  ["module"] => string(7) "default"
  ["controller"] => string(5) "index"
}


--------------------------------------------------------------------------------
2021-03-25T22:28:51+00:00 ERR (3) 404 "kulturlose-shot031.png" was not found.
REMOTE_ADDR: 13.66.139.103
HTTP_REFERER: 
requested: array(5) {
  ["lang"] => string(2) "en"
  ["action"] => string(7) "archive"
  ["key"] => string(22) "kulturlose-shot031.png"
  ["module"] => string(7) "default"
  ["controller"] => string(5) "index"
}


--------------------------------------------------------------------------------
2021-03-25T22:50:47+00:00 ERR (3) 404 "kulturlose-shot010.png" was not found.
REMOTE_ADDR: 13.66.139.10
HTTP_REFERER: 
requested: array(5) {
  ["lang"] => string(2) "en"
  ["action"] => string(7) "archive"
  ["key"] => string(22) "kulturlose-shot010.png"
  ["module"] => string(7) "default"
  ["controller"] => string(5) "index"
}


--------------------------------------------------------------------------------
