2016-02-13T00:13:32+00:00 ERR (3) 404 Seite nicht gefunden
REMOTE_ADDR: 195.154.226.90
HTTP_REFERER: http://graphicore.de/wp-trackback.php
requested: array(3) {
  ["controller"] => string(16) "wp-trackback.php"
  ["action"] => string(5) "index"
  ["module"] => string(7) "default"
}


--------------------------------------------------------------------------------
2016-02-13T12:59:03+00:00 ERR (3) 404 "hire-lasse" was not found.
REMOTE_ADDR: 85.25.210.234
HTTP_REFERER: 
requested: array(5) {
  ["lang"] => string(2) "de"
  ["action"] => string(4) "page"
  ["key"] => string(10) "hire-lasse"
  ["module"] => string(7) "default"
  ["controller"] => string(5) "index"
}


--------------------------------------------------------------------------------
2016-02-13T17:56:17+00:00 ERR (3) 404 Seite nicht gefunden
REMOTE_ADDR: 50.62.208.36
HTTP_REFERER: 
requested: array(3) {
  ["controller"] => string(5) "xampp"
  ["action"] => string(5) "index"
  ["module"] => string(7) "default"
}


--------------------------------------------------------------------------------
2016-02-13T19:30:46+00:00 ERR (3) 404 "hire-lasse" was not found.
REMOTE_ADDR: 40.77.167.65
HTTP_REFERER: 
requested: array(5) {
  ["lang"] => string(2) "de"
  ["action"] => string(4) "page"
  ["key"] => string(10) "hire-lasse"
  ["module"] => string(7) "default"
  ["controller"] => string(5) "index"
}


--------------------------------------------------------------------------------
2016-02-13T20:43:49+00:00 ERR (3) 404 "hire-lasse" was not found.
REMOTE_ADDR: 62.138.0.25
HTTP_REFERER: 
requested: array(5) {
  ["lang"] => string(2) "en"
  ["action"] => string(4) "page"
  ["key"] => string(10) "hire-lasse"
  ["module"] => string(7) "default"
  ["controller"] => string(5) "index"
}


--------------------------------------------------------------------------------
2016-02-13T22:25:43+00:00 ERR (3) 404 Seite nicht gefunden
REMOTE_ADDR: 195.154.200.68
HTTP_REFERER: 
requested: array(3) {
  ["controller"] => string(5) "diary"
  ["action"] => string(4) "atom"
  ["module"] => string(7) "default"
}


--------------------------------------------------------------------------------
2016-02-13T22:26:01+00:00 ERR (3) 404 Seite nicht gefunden
REMOTE_ADDR: 195.154.200.68
HTTP_REFERER: 
requested: array(3) {
  ["controller"] => string(5) "diary"
  ["action"] => string(17) "tag:graphicore.de"
  ["module"] => string(7) "default"
}


--------------------------------------------------------------------------------
