2016-01-27T00:06:56+00:00 ERR (3) 404 "hire-lasse" was not found.
REMOTE_ADDR: 194.187.168.215
HTTP_REFERER: 
requested: array(5) {
  ["lang"] => string(2) "en"
  ["action"] => string(4) "page"
  ["key"] => string(10) "hire-lasse"
  ["module"] => string(7) "default"
  ["controller"] => string(5) "index"
}


--------------------------------------------------------------------------------
2016-01-27T01:30:28+00:00 ERR (3) 404 Seite nicht gefunden
REMOTE_ADDR: 46.219.254.58
HTTP_REFERER: 
requested: array(3) {
  ["controller"] => string(12) "wp-login.php"
  ["action"] => string(5) "index"
  ["module"] => string(7) "default"
}


--------------------------------------------------------------------------------
2016-01-27T01:30:28+00:00 ERR (3) 404 Seite nicht gefunden
REMOTE_ADDR: 46.219.254.58
HTTP_REFERER: 
requested: array(3) {
  ["controller"] => string(13) "administrator"
  ["action"] => string(5) "index"
  ["module"] => string(7) "default"
}


--------------------------------------------------------------------------------
2016-01-27T01:30:29+00:00 ERR (3) 404 Seite nicht gefunden
REMOTE_ADDR: 46.219.254.58
HTTP_REFERER: 
requested: array(3) {
  ["controller"] => string(9) "admin.php"
  ["action"] => string(5) "index"
  ["module"] => string(7) "default"
}


--------------------------------------------------------------------------------
2016-01-27T02:52:39+00:00 ERR (3) 404 Seite nicht gefunden
REMOTE_ADDR: 198.252.44.13
HTTP_REFERER: 
requested: array(5) {
  ["controller"] => string(6) "https:"
  [""] => string(19) "silber-und-blei.com"
  ["galerie"] => string(5) "embed"
  ["action"] => string(5) "index"
  ["module"] => string(7) "default"
}


--------------------------------------------------------------------------------
2016-01-27T04:12:06+00:00 ERR (3) 404 "hire-lasse" was not found.
REMOTE_ADDR: 66.249.75.161
HTTP_REFERER: 
requested: array(5) {
  ["lang"] => string(2) "de"
  ["action"] => string(4) "page"
  ["key"] => string(10) "hire-lasse"
  ["module"] => string(7) "default"
  ["controller"] => string(5) "index"
}


--------------------------------------------------------------------------------
2016-01-27T05:16:56+00:00 ERR (3) 404 Seite nicht gefunden
REMOTE_ADDR: 195.112.235.59
HTTP_REFERER: http://graphicore.de/forum/
requested: array(3) {
  ["controller"] => string(5) "forum"
  ["action"] => string(5) "index"
  ["module"] => string(7) "default"
}


--------------------------------------------------------------------------------
2016-01-27T07:36:45+00:00 ERR (3) 404 Seite nicht gefunden
REMOTE_ADDR: 37.113.52.73
HTTP_REFERER: 
requested: array(3) {
  ["controller"] => string(13) "administrator"
  ["action"] => string(5) "index"
  ["module"] => string(7) "default"
}


--------------------------------------------------------------------------------
2016-01-27T07:36:45+00:00 ERR (3) 404 Seite nicht gefunden
REMOTE_ADDR: 37.113.52.73
HTTP_REFERER: http://graphicore.de/administrator/
requested: array(3) {
  ["controller"] => string(13) "administrator"
  ["action"] => string(9) "index.php"
  ["module"] => string(7) "default"
}


--------------------------------------------------------------------------------
2016-01-27T07:58:51+00:00 ERR (3) 404 Seite nicht gefunden
REMOTE_ADDR: 95.152.12.23
HTTP_REFERER: 
requested: array(3) {
  ["controller"] => string(13) "administrator"
  ["action"] => string(5) "index"
  ["module"] => string(7) "default"
}


--------------------------------------------------------------------------------
2016-01-27T07:58:51+00:00 ERR (3) 404 Seite nicht gefunden
REMOTE_ADDR: 95.152.12.23
HTTP_REFERER: http://graphicore.de/administrator/
requested: array(3) {
  ["controller"] => string(13) "administrator"
  ["action"] => string(9) "index.php"
  ["module"] => string(7) "default"
}


--------------------------------------------------------------------------------
2016-01-27T08:04:38+00:00 ERR (3) 404 Seite nicht gefunden
REMOTE_ADDR: 95.152.12.23
HTTP_REFERER: 
requested: array(3) {
  ["controller"] => string(12) "wp-login.php"
  ["action"] => string(5) "index"
  ["module"] => string(7) "default"
}


--------------------------------------------------------------------------------
2016-01-27T08:04:38+00:00 ERR (3) 404 Seite nicht gefunden
REMOTE_ADDR: 95.152.12.23
HTTP_REFERER: http://graphicore.de/wp-login.php
requested: array(3) {
  ["controller"] => string(8) "wp-admin"
  ["action"] => string(5) "index"
  ["module"] => string(7) "default"
}


--------------------------------------------------------------------------------
2016-01-27T08:08:31+00:00 ERR (3) 404 Seite nicht gefunden
REMOTE_ADDR: 95.152.12.23
HTTP_REFERER: 
requested: array(3) {
  ["controller"] => string(9) "admin.php"
  ["action"] => string(5) "index"
  ["module"] => string(7) "default"
}


--------------------------------------------------------------------------------
2016-01-27T08:09:36+00:00 ERR (3) 404 Seite nicht gefunden
REMOTE_ADDR: 95.152.12.23
HTTP_REFERER: 
requested: array(3) {
  ["controller"] => string(5) "admin"
  ["action"] => string(5) "index"
  ["module"] => string(7) "default"
}


--------------------------------------------------------------------------------
2016-01-27T08:13:32+00:00 ERR (3) 404 Seite nicht gefunden
REMOTE_ADDR: 82.200.111.66
HTTP_REFERER: 
requested: array(3) {
  ["controller"] => string(13) "administrator"
  ["action"] => string(5) "index"
  ["module"] => string(7) "default"
}


--------------------------------------------------------------------------------
2016-01-27T08:13:32+00:00 ERR (3) 404 Seite nicht gefunden
REMOTE_ADDR: 82.200.111.66
HTTP_REFERER: http://graphicore.de/administrator/
requested: array(3) {
  ["controller"] => string(13) "administrator"
  ["action"] => string(9) "index.php"
  ["module"] => string(7) "default"
}


--------------------------------------------------------------------------------
2016-01-27T08:18:46+00:00 ERR (3) 404 Seite nicht gefunden
REMOTE_ADDR: 82.200.111.66
HTTP_REFERER: 
requested: array(3) {
  ["controller"] => string(12) "wp-login.php"
  ["action"] => string(5) "index"
  ["module"] => string(7) "default"
}


--------------------------------------------------------------------------------
2016-01-27T08:18:46+00:00 ERR (3) 404 Seite nicht gefunden
REMOTE_ADDR: 82.200.111.66
HTTP_REFERER: http://graphicore.de/wp-login.php
requested: array(3) {
  ["controller"] => string(8) "wp-admin"
  ["action"] => string(5) "index"
  ["module"] => string(7) "default"
}


--------------------------------------------------------------------------------
2016-01-27T08:23:34+00:00 ERR (3) 404 Seite nicht gefunden
REMOTE_ADDR: 82.200.111.66
HTTP_REFERER: 
requested: array(3) {
  ["controller"] => string(9) "admin.php"
  ["action"] => string(5) "index"
  ["module"] => string(7) "default"
}


--------------------------------------------------------------------------------
2016-01-27T08:24:52+00:00 ERR (3) 404 Seite nicht gefunden
REMOTE_ADDR: 82.200.111.66
HTTP_REFERER: 
requested: array(3) {
  ["controller"] => string(5) "admin"
  ["action"] => string(5) "index"
  ["module"] => string(7) "default"
}


--------------------------------------------------------------------------------
2016-01-27T08:32:51+00:00 ERR (3) 404 Seite nicht gefunden
REMOTE_ADDR: 185.69.127.98
HTTP_REFERER: 
requested: array(3) {
  ["controller"] => string(13) "administrator"
  ["action"] => string(5) "index"
  ["module"] => string(7) "default"
}


--------------------------------------------------------------------------------
2016-01-27T08:32:51+00:00 ERR (3) 404 Seite nicht gefunden
REMOTE_ADDR: 185.69.127.98
HTTP_REFERER: http://graphicore.de/administrator/
requested: array(3) {
  ["controller"] => string(13) "administrator"
  ["action"] => string(9) "index.php"
  ["module"] => string(7) "default"
}


--------------------------------------------------------------------------------
2016-01-27T08:45:30+00:00 ERR (3) 404 Seite nicht gefunden
REMOTE_ADDR: 185.69.127.98
HTTP_REFERER: 
requested: array(3) {
  ["controller"] => string(12) "wp-login.php"
  ["action"] => string(5) "index"
  ["module"] => string(7) "default"
}


--------------------------------------------------------------------------------
2016-01-27T08:45:31+00:00 ERR (3) 404 Seite nicht gefunden
REMOTE_ADDR: 185.69.127.98
HTTP_REFERER: http://graphicore.de/wp-login.php
requested: array(3) {
  ["controller"] => string(8) "wp-admin"
  ["action"] => string(5) "index"
  ["module"] => string(7) "default"
}


--------------------------------------------------------------------------------
2016-01-27T08:46:49+00:00 ERR (3) 404 Seite nicht gefunden
REMOTE_ADDR: 213.149.6.93
HTTP_REFERER: 
requested: array(3) {
  ["controller"] => string(13) "administrator"
  ["action"] => string(5) "index"
  ["module"] => string(7) "default"
}


--------------------------------------------------------------------------------
2016-01-27T08:46:50+00:00 ERR (3) 404 Seite nicht gefunden
REMOTE_ADDR: 213.149.6.93
HTTP_REFERER: http://graphicore.de/administrator/
requested: array(3) {
  ["controller"] => string(13) "administrator"
  ["action"] => string(9) "index.php"
  ["module"] => string(7) "default"
}


--------------------------------------------------------------------------------
2016-01-27T08:51:56+00:00 ERR (3) 404 Seite nicht gefunden
REMOTE_ADDR: 213.149.6.93
HTTP_REFERER: 
requested: array(3) {
  ["controller"] => string(12) "wp-login.php"
  ["action"] => string(5) "index"
  ["module"] => string(7) "default"
}


--------------------------------------------------------------------------------
2016-01-27T08:51:56+00:00 ERR (3) 404 Seite nicht gefunden
REMOTE_ADDR: 213.149.6.93
HTTP_REFERER: http://graphicore.de/wp-login.php
requested: array(3) {
  ["controller"] => string(8) "wp-admin"
  ["action"] => string(5) "index"
  ["module"] => string(7) "default"
}


--------------------------------------------------------------------------------
2016-01-27T08:54:04+00:00 ERR (3) 404 Seite nicht gefunden
REMOTE_ADDR: 185.69.127.98
HTTP_REFERER: 
requested: array(3) {
  ["controller"] => string(9) "admin.php"
  ["action"] => string(5) "index"
  ["module"] => string(7) "default"
}


--------------------------------------------------------------------------------
2016-01-27T08:55:57+00:00 ERR (3) 404 Seite nicht gefunden
REMOTE_ADDR: 213.149.6.93
HTTP_REFERER: 
requested: array(3) {
  ["controller"] => string(9) "admin.php"
  ["action"] => string(5) "index"
  ["module"] => string(7) "default"
}


--------------------------------------------------------------------------------
2016-01-27T08:56:01+00:00 ERR (3) 404 Seite nicht gefunden
REMOTE_ADDR: 185.69.127.98
HTTP_REFERER: 
requested: array(3) {
  ["controller"] => string(5) "admin"
  ["action"] => string(5) "index"
  ["module"] => string(7) "default"
}


--------------------------------------------------------------------------------
2016-01-27T08:56:53+00:00 ERR (3) 404 Seite nicht gefunden
REMOTE_ADDR: 213.149.6.93
HTTP_REFERER: 
requested: array(3) {
  ["controller"] => string(5) "admin"
  ["action"] => string(5) "index"
  ["module"] => string(7) "default"
}


--------------------------------------------------------------------------------
2016-01-27T08:58:49+00:00 ERR (3) 404 Seite nicht gefunden
REMOTE_ADDR: 46.0.53.250
HTTP_REFERER: 
requested: array(3) {
  ["controller"] => string(13) "administrator"
  ["action"] => string(5) "index"
  ["module"] => string(7) "default"
}


--------------------------------------------------------------------------------
2016-01-27T08:58:49+00:00 ERR (3) 404 Seite nicht gefunden
REMOTE_ADDR: 46.0.53.250
HTTP_REFERER: http://graphicore.de/administrator/
requested: array(3) {
  ["controller"] => string(13) "administrator"
  ["action"] => string(9) "index.php"
  ["module"] => string(7) "default"
}


--------------------------------------------------------------------------------
2016-01-27T09:01:44+00:00 ERR (3) 404 Seite nicht gefunden
REMOTE_ADDR: 46.0.53.250
HTTP_REFERER: 
requested: array(3) {
  ["controller"] => string(12) "wp-login.php"
  ["action"] => string(5) "index"
  ["module"] => string(7) "default"
}


--------------------------------------------------------------------------------
2016-01-27T09:01:45+00:00 ERR (3) 404 Seite nicht gefunden
REMOTE_ADDR: 46.0.53.250
HTTP_REFERER: http://graphicore.de/wp-login.php
requested: array(3) {
  ["controller"] => string(8) "wp-admin"
  ["action"] => string(5) "index"
  ["module"] => string(7) "default"
}


--------------------------------------------------------------------------------
2016-01-27T09:05:23+00:00 ERR (3) 404 Seite nicht gefunden
REMOTE_ADDR: 46.0.53.250
HTTP_REFERER: 
requested: array(3) {
  ["controller"] => string(9) "admin.php"
  ["action"] => string(5) "index"
  ["module"] => string(7) "default"
}


--------------------------------------------------------------------------------
2016-01-27T09:05:59+00:00 ERR (3) 404 Seite nicht gefunden
REMOTE_ADDR: 46.0.53.250
HTTP_REFERER: 
requested: array(3) {
  ["controller"] => string(5) "admin"
  ["action"] => string(5) "index"
  ["module"] => string(7) "default"
}


--------------------------------------------------------------------------------
2016-01-27T09:07:46+00:00 ERR (3) 404 Seite nicht gefunden
REMOTE_ADDR: 77.40.117.196
HTTP_REFERER: 
requested: array(3) {
  ["controller"] => string(13) "administrator"
  ["action"] => string(5) "index"
  ["module"] => string(7) "default"
}


--------------------------------------------------------------------------------
2016-01-27T09:07:46+00:00 ERR (3) 404 Seite nicht gefunden
REMOTE_ADDR: 77.40.117.196
HTTP_REFERER: http://graphicore.de/administrator/
requested: array(3) {
  ["controller"] => string(13) "administrator"
  ["action"] => string(9) "index.php"
  ["module"] => string(7) "default"
}


--------------------------------------------------------------------------------
2016-01-27T09:10:18+00:00 ERR (3) 404 Seite nicht gefunden
REMOTE_ADDR: 77.40.117.196
HTTP_REFERER: 
requested: array(3) {
  ["controller"] => string(12) "wp-login.php"
  ["action"] => string(5) "index"
  ["module"] => string(7) "default"
}


--------------------------------------------------------------------------------
2016-01-27T09:10:18+00:00 ERR (3) 404 Seite nicht gefunden
REMOTE_ADDR: 77.40.117.196
HTTP_REFERER: http://graphicore.de/wp-login.php
requested: array(3) {
  ["controller"] => string(8) "wp-admin"
  ["action"] => string(5) "index"
  ["module"] => string(7) "default"
}


--------------------------------------------------------------------------------
2016-01-27T09:13:35+00:00 ERR (3) 404 Seite nicht gefunden
REMOTE_ADDR: 77.40.117.196
HTTP_REFERER: 
requested: array(3) {
  ["controller"] => string(9) "admin.php"
  ["action"] => string(5) "index"
  ["module"] => string(7) "default"
}


--------------------------------------------------------------------------------
2016-01-27T09:14:31+00:00 ERR (3) 404 Seite nicht gefunden
REMOTE_ADDR: 77.40.117.196
HTTP_REFERER: 
requested: array(3) {
  ["controller"] => string(5) "admin"
  ["action"] => string(5) "index"
  ["module"] => string(7) "default"
}


--------------------------------------------------------------------------------
2016-01-27T20:48:21+00:00 ERR (3) 404 "hire-lasse" was not found.
REMOTE_ADDR: 40.77.167.34
HTTP_REFERER: 
requested: array(5) {
  ["lang"] => string(2) "de"
  ["action"] => string(4) "page"
  ["key"] => string(10) "hire-lasse"
  ["module"] => string(7) "default"
  ["controller"] => string(5) "index"
}


--------------------------------------------------------------------------------
2016-01-27T22:05:46+00:00 ERR (3) 404 Seite nicht gefunden
REMOTE_ADDR: 79.114.249.57
HTTP_REFERER: 
requested: array(4) {
  ["controller"] => string(6) "https:"
  [""] => string(19) "silber-und-blei.com"
  ["action"] => string(5) "index"
  ["module"] => string(7) "default"
}


--------------------------------------------------------------------------------
2016-01-27T22:05:47+00:00 ERR (3) 404 Seite nicht gefunden
REMOTE_ADDR: 79.114.249.57
HTTP_REFERER: 
requested: array(3) {
  ["controller"] => string(2) "js"
  ["action"] => string(1) "'"
  ["module"] => string(7) "default"
}


--------------------------------------------------------------------------------
