2017-04-28T00:07:34+00:00 ERR (3) 404 Seite nicht gefunden
REMOTE_ADDR: 207.165.201.9
HTTP_REFERER: 
requested: array(3) {
  ["controller"] => string(11) "dbconn.php~"
  ["action"] => string(5) "index"
  ["module"] => string(7) "default"
}


--------------------------------------------------------------------------------
2017-04-28T03:25:32+00:00 ERR (3) 404 Seite nicht gefunden
REMOTE_ADDR: 207.165.201.9
HTTP_REFERER: 
requested: array(3) {
  ["controller"] => string(13) "dbconfig.php~"
  ["action"] => string(5) "index"
  ["module"] => string(7) "default"
}


--------------------------------------------------------------------------------
2017-04-28T08:28:50+00:00 ERR (3) 404 Page not found
REMOTE_ADDR: 198.24.83.118
HTTP_REFERER: http://pencilkids.com/monkeygohappyhalloweenwalkthrough.html
requested: array(3) {
  ["controller"] => string(27) "E6kjcAaSpgrHZNcKE05iQf52.js"
  ["action"] => string(5) "index"
  ["module"] => string(7) "default"
}


--------------------------------------------------------------------------------
2017-04-28T10:34:00+00:00 ERR (3) 404 Seite nicht gefunden
REMOTE_ADDR: 98.126.85.122
HTTP_REFERER: 
requested: array(3) {
  ["controller"] => string(5) "sites"
  ["action"] => string(7) "default"
  ["module"] => string(7) "default"
}


--------------------------------------------------------------------------------
2017-04-28T16:30:41+00:00 ERR (3) 404 Page not found
REMOTE_ADDR: 72.95.96.39
HTTP_REFERER: http://www.songtexte.com/artist/browse/m
requested: array(3) {
  ["controller"] => string(27) "f8JkJENT59otwLKqZrTF13sf.js"
  ["action"] => string(5) "index"
  ["module"] => string(7) "default"
}


--------------------------------------------------------------------------------
2017-04-28T16:44:55+00:00 ERR (3) 404 Page not found
REMOTE_ADDR: 12.8.185.66
HTTP_REFERER: http://www.examiner.com/topic/google
requested: array(3) {
  ["controller"] => string(24) "W7POkjiLc6Mti6oetvBrL.js"
  ["action"] => string(5) "index"
  ["module"] => string(7) "default"
}


--------------------------------------------------------------------------------
2017-04-28T17:35:49+00:00 ERR (3) 404 Page not found
REMOTE_ADDR: 88.245.141.80
HTTP_REFERER: 
requested: array(3) {
  ["controller"] => string(9) "admin.php"
  ["action"] => string(5) "index"
  ["module"] => string(7) "default"
}


--------------------------------------------------------------------------------
2017-04-28T17:35:50+00:00 ERR (3) 404 Page not found
REMOTE_ADDR: 88.245.141.80
HTTP_REFERER: 
requested: array(4) {
  ["controller"] => string(6) "bitrix"
  ["action"] => string(5) "admin"
  ["module"] => string(7) "default"
  ["lang"] => string(2) "en"
}


--------------------------------------------------------------------------------
2017-04-28T18:38:27+00:00 ERR (3) 404 Page not found
REMOTE_ADDR: 84.163.207.120
HTTP_REFERER: http://food52.com/recipes/community-picks
requested: array(3) {
  ["controller"] => string(29) "0smShuisCrK3nxc5VbMyBSlPrH.js"
  ["action"] => string(5) "index"
  ["module"] => string(7) "default"
}


--------------------------------------------------------------------------------
2017-04-28T20:44:06+00:00 ERR (3) 404 Page not found
REMOTE_ADDR: 83.156.155.227
HTTP_REFERER: http://www.sonicgames.com/videos/sonic-x-dub-unfair-ball
requested: array(3) {
  ["controller"] => string(19) "D8UgOitE2IfVd54a.js"
  ["action"] => string(5) "index"
  ["module"] => string(7) "default"
}


--------------------------------------------------------------------------------
2017-04-28T22:08:40+00:00 ERR (3) 404 Page not found
REMOTE_ADDR: 86.219.210.7
HTTP_REFERER: http://www.dresslily.com/women-s-swimwear-c-44.html
requested: array(3) {
  ["controller"] => string(33) "MnBc3KhiOj4IMGmPnGA82BVg8iYA4v.js"
  ["action"] => string(5) "index"
  ["module"] => string(7) "default"
}


--------------------------------------------------------------------------------
