2012-02-17T00:31:15+00:00 ERR (3) 404 "topic" was not found.
REMOTE_ADDR: 193.105.210.98
HTTP_REFERER: http://graphicore.de/en/index/topic/intern/projekte/
requested: array(6) {
  ["lang"] => string(2) "en"
  ["action"] => string(5) "index"
  ["key"] => string(5) "topic"
  ["intern"] => string(8) "projekte"
  ["module"] => string(7) "default"
  ["controller"] => string(5) "index"
}


--------------------------------------------------------------------------------
2012-02-17T00:58:08+00:00 ERR (3) 404 Seite nicht gefunden
REMOTE_ADDR: 220.161.150.114
HTTP_REFERER: http://graphicore.de/forum/index.php
requested: array(3) {
  ["controller"] => string(5) "forum"
  ["action"] => string(9) "index.php"
  ["module"] => string(7) "default"
}


--------------------------------------------------------------------------------
2012-02-17T11:59:41+00:00 ERR (3) 404 Seite nicht gefunden
REMOTE_ADDR: 89.252.58.228
HTTP_REFERER: http://graphicore.de/forum/index.php
requested: array(3) {
  ["controller"] => string(5) "forum"
  ["action"] => string(9) "index.php"
  ["module"] => string(7) "default"
}


--------------------------------------------------------------------------------
