2010-08-14T01:30:53+00:00 ERR (3) 404 "story" was not found.
REMOTE_ADDR: 95.108.155.251
HTTP_REFERER: 
requested: array(6) {
  ["lang"] => string(2) "en"
  ["action"] => string(5) "index"
  ["key"] => string(5) "story"
  ["intern"] => string(7) "turbine"
  ["module"] => string(7) "default"
  ["controller"] => string(5) "index"
}


--------------------------------------------------------------------------------
2010-08-14T01:41:58+00:00 ERR (3) 404 "topic" was not found.
REMOTE_ADDR: 212.117.183.163
HTTP_REFERER: http://www.graphicore.de/de/index/topic/intern/news/
requested: array(6) {
  ["lang"] => string(2) "de"
  ["action"] => string(5) "index"
  ["key"] => string(5) "topic"
  ["intern"] => string(4) "news"
  ["module"] => string(7) "default"
  ["controller"] => string(5) "index"
}


--------------------------------------------------------------------------------
2010-08-14T04:04:11+00:00 ERR (3) 404 "topic" was not found.
REMOTE_ADDR: 95.108.155.251
HTTP_REFERER: 
requested: array(6) {
  ["lang"] => string(2) "de"
  ["action"] => string(5) "index"
  ["key"] => string(5) "topic"
  ["intern"] => string(4) "news"
  ["module"] => string(7) "default"
  ["controller"] => string(5) "index"
}


--------------------------------------------------------------------------------
2010-08-14T06:30:53+00:00 ERR (3) 404 Seite nicht gefunden
REMOTE_ADDR: 95.108.155.251
HTTP_REFERER: 
requested: array(3) {
  ["controller"] => string(21) "function.require-once"
  ["action"] => string(5) "index"
  ["module"] => string(7) "default"
}


--------------------------------------------------------------------------------
2010-08-14T07:56:08+00:00 ERR (3) 404 Seite nicht gefunden
REMOTE_ADDR: 66.249.66.169
HTTP_REFERER: 
requested: array(3) {
  ["controller"] => string(6) "images"
  ["action"] => string(9) "unordered"
  ["module"] => string(7) "default"
}


--------------------------------------------------------------------------------
2010-08-14T08:07:51+00:00 ERR (3) 404 "story" was not found.
REMOTE_ADDR: 67.195.115.87
HTTP_REFERER: 
requested: array(6) {
  ["lang"] => string(2) "en"
  ["action"] => string(5) "index"
  ["key"] => string(5) "story"
  ["intern"] => string(7) "kontakt"
  ["module"] => string(7) "default"
  ["controller"] => string(5) "index"
}


--------------------------------------------------------------------------------
2010-08-14T09:42:51+00:00 ERR (3) 404 "topic" was not found.
REMOTE_ADDR: 89.169.130.139
HTTP_REFERER: http://www.graphicore.de/de/index/topic/intern/news/
requested: array(6) {
  ["lang"] => string(2) "de"
  ["action"] => string(5) "index"
  ["key"] => string(5) "topic"
  ["intern"] => string(4) "news"
  ["module"] => string(7) "default"
  ["controller"] => string(5) "index"
}


--------------------------------------------------------------------------------
2010-08-14T12:21:05+00:00 ERR (3) 404 "topic" was not found.
REMOTE_ADDR: 95.108.155.251
HTTP_REFERER: 
requested: array(6) {
  ["lang"] => string(2) "en"
  ["action"] => string(5) "index"
  ["key"] => string(5) "topic"
  ["intern"] => string(8) "projekte"
  ["module"] => string(7) "default"
  ["controller"] => string(5) "index"
}


--------------------------------------------------------------------------------
2010-08-14T13:04:40+00:00 ERR (3) 404 Seite nicht gefunden
REMOTE_ADDR: 66.249.66.169
HTTP_REFERER: 
requested: array(4) {
  ["controller"] => string(6) "images"
  ["action"] => string(7) "managed"
  ["en"] => string(11) "storyTeaser"
  ["module"] => string(7) "default"
}


--------------------------------------------------------------------------------
2010-08-14T13:05:57+00:00 ERR (3) 404 Seite nicht gefunden
REMOTE_ADDR: 66.249.66.169
HTTP_REFERER: 
requested: array(4) {
  ["controller"] => string(6) "images"
  ["action"] => string(7) "managed"
  ["en"] => string(11) "storyTeaser"
  ["module"] => string(7) "default"
}


--------------------------------------------------------------------------------
2010-08-14T16:09:26+00:00 ERR (3) 404 "topic" was not found.
REMOTE_ADDR: 173.236.65.6
HTTP_REFERER: http://www.graphicore.de/de/index/topic/intern/news/
requested: array(6) {
  ["lang"] => string(2) "de"
  ["action"] => string(5) "index"
  ["key"] => string(5) "topic"
  ["intern"] => string(4) "news"
  ["module"] => string(7) "default"
  ["controller"] => string(5) "index"
}


--------------------------------------------------------------------------------
2010-08-14T17:19:17+00:00 ERR (3) 404 "story" was not found.
REMOTE_ADDR: 67.195.115.87
HTTP_REFERER: 
requested: array(6) {
  ["lang"] => string(2) "en"
  ["action"] => string(5) "index"
  ["key"] => string(5) "story"
  ["intern"] => string(14) "dieKulturlosen"
  ["module"] => string(7) "default"
  ["controller"] => string(5) "index"
}


--------------------------------------------------------------------------------
