2015-09-02T01:05:48+00:00 ERR (3) 404 "" was not found.
REMOTE_ADDR: 46.185.117.31
HTTP_REFERER: http://prahaprint.cz/
requested: array(5) {
  ["lang"] => string(2) "en"
  ["action"] => string(7) "archive"
  ["module"] => string(7) "default"
  ["controller"] => string(5) "index"
  ["key"] => string(0) ""
}


--------------------------------------------------------------------------------
2015-09-02T01:05:49+00:00 ERR (3) 404 "" was not found.
REMOTE_ADDR: 46.185.117.31
HTTP_REFERER: http://prahaprint.cz/
requested: array(5) {
  ["lang"] => string(2) "en"
  ["action"] => string(7) "archive"
  ["module"] => string(7) "default"
  ["controller"] => string(5) "index"
  ["key"] => string(0) ""
}


--------------------------------------------------------------------------------
2015-09-02T01:05:49+00:00 ERR (3) 404 "" was not found.
REMOTE_ADDR: 46.185.117.31
HTTP_REFERER: http://prahaprint.cz/
requested: array(5) {
  ["lang"] => string(2) "en"
  ["action"] => string(7) "archive"
  ["module"] => string(7) "default"
  ["controller"] => string(5) "index"
  ["key"] => string(0) ""
}


--------------------------------------------------------------------------------
2015-09-02T01:46:36+00:00 ERR (3) 404 "hire-lasse" was not found.
REMOTE_ADDR: 79.240.251.150
HTTP_REFERER: 
requested: array(5) {
  ["lang"] => string(2) "de"
  ["action"] => string(4) "page"
  ["key"] => string(10) "hire-lasse"
  ["module"] => string(7) "default"
  ["controller"] => string(5) "index"
}


--------------------------------------------------------------------------------
2015-09-02T02:34:22+00:00 ERR (3) 404 "" was not found.
REMOTE_ADDR: 178.137.92.63
HTTP_REFERER: http://igru-torrent.net/
requested: array(5) {
  ["lang"] => string(2) "en"
  ["action"] => string(7) "archive"
  ["module"] => string(7) "default"
  ["controller"] => string(5) "index"
  ["key"] => string(0) ""
}


--------------------------------------------------------------------------------
2015-09-02T02:34:22+00:00 ERR (3) 404 "" was not found.
REMOTE_ADDR: 178.137.92.63
HTTP_REFERER: http://video-woman.com/
requested: array(5) {
  ["lang"] => string(2) "en"
  ["action"] => string(7) "archive"
  ["module"] => string(7) "default"
  ["controller"] => string(5) "index"
  ["key"] => string(0) ""
}


--------------------------------------------------------------------------------
2015-09-02T02:34:22+00:00 ERR (3) 404 "" was not found.
REMOTE_ADDR: 178.137.92.63
HTTP_REFERER: http://video-woman.com/
requested: array(5) {
  ["lang"] => string(2) "en"
  ["action"] => string(7) "archive"
  ["module"] => string(7) "default"
  ["controller"] => string(5) "index"
  ["key"] => string(0) ""
}


--------------------------------------------------------------------------------
2015-09-02T07:07:46+00:00 ERR (3) 404 Seite nicht gefunden
REMOTE_ADDR: 52.4.212.67
HTTP_REFERER: 
requested: array(3) {
  ["controller"] => string(20) "apple-touch-icon.png"
  ["action"] => string(5) "index"
  ["module"] => string(7) "default"
}


--------------------------------------------------------------------------------
2015-09-02T07:08:53+00:00 ERR (3) 404 "" was not found.
REMOTE_ADDR: 178.137.92.63
HTTP_REFERER: http://live-videochat.ru/
requested: array(5) {
  ["lang"] => string(2) "en"
  ["action"] => string(7) "archive"
  ["module"] => string(7) "default"
  ["controller"] => string(5) "index"
  ["key"] => string(0) ""
}


--------------------------------------------------------------------------------
2015-09-02T07:08:54+00:00 ERR (3) 404 "" was not found.
REMOTE_ADDR: 178.137.92.63
HTTP_REFERER: http://live-videochat.ru/
requested: array(5) {
  ["lang"] => string(2) "en"
  ["action"] => string(7) "archive"
  ["module"] => string(7) "default"
  ["controller"] => string(5) "index"
  ["key"] => string(0) ""
}


--------------------------------------------------------------------------------
2015-09-02T11:58:57+00:00 ERR (3) 404 Seite nicht gefunden
REMOTE_ADDR: 78.186.38.129
HTTP_REFERER: 
requested: array(3) {
  ["controller"] => string(10) "xmlrpc.php"
  ["action"] => string(5) "index"
  ["module"] => string(7) "default"
}


--------------------------------------------------------------------------------
2015-09-02T12:16:08+00:00 ERR (3) 404 "hire-lasse" was not found.
REMOTE_ADDR: 217.69.133.18
HTTP_REFERER: 
requested: array(5) {
  ["lang"] => string(2) "en"
  ["action"] => string(4) "page"
  ["key"] => string(10) "hire-lasse"
  ["module"] => string(7) "default"
  ["controller"] => string(5) "index"
}


--------------------------------------------------------------------------------
2015-09-02T12:16:09+00:00 ERR (3) 404 "hire-lasse" was not found.
REMOTE_ADDR: 217.69.133.15
HTTP_REFERER: 
requested: array(5) {
  ["lang"] => string(2) "de"
  ["action"] => string(4) "page"
  ["key"] => string(10) "hire-lasse"
  ["module"] => string(7) "default"
  ["controller"] => string(5) "index"
}


--------------------------------------------------------------------------------
2015-09-02T12:53:18+00:00 ERR (3) 404 "" was not found.
REMOTE_ADDR: 46.118.118.173
HTTP_REFERER: http://www.banibistro.ru/
requested: array(5) {
  ["lang"] => string(2) "en"
  ["action"] => string(7) "archive"
  ["module"] => string(7) "default"
  ["controller"] => string(5) "index"
  ["key"] => string(0) ""
}


--------------------------------------------------------------------------------
2015-09-02T12:53:19+00:00 ERR (3) 404 "" was not found.
REMOTE_ADDR: 46.118.118.173
HTTP_REFERER: http://www.banibistro.ru/
requested: array(5) {
  ["lang"] => string(2) "en"
  ["action"] => string(7) "archive"
  ["module"] => string(7) "default"
  ["controller"] => string(5) "index"
  ["key"] => string(0) ""
}


--------------------------------------------------------------------------------
2015-09-02T14:20:05+00:00 ERR (3) 404 Seite nicht gefunden
REMOTE_ADDR: 194.183.4.16
HTTP_REFERER: http://ru.drugspowerstore.com/
requested: array(3) {
  ["controller"] => string(5) "forum"
  ["action"] => string(5) "index"
  ["module"] => string(7) "default"
}


--------------------------------------------------------------------------------
2015-09-02T17:43:27+00:00 ERR (3) 404 "" was not found.
REMOTE_ADDR: 46.118.126.38
HTTP_REFERER: http://mmm-sib.com/tags/
requested: array(5) {
  ["lang"] => string(2) "en"
  ["action"] => string(7) "archive"
  ["module"] => string(7) "default"
  ["controller"] => string(5) "index"
  ["key"] => string(0) ""
}


--------------------------------------------------------------------------------
2015-09-02T17:43:28+00:00 ERR (3) 404 "" was not found.
REMOTE_ADDR: 46.118.126.38
HTTP_REFERER: http://mmm-sib.com/tags/
requested: array(5) {
  ["lang"] => string(2) "en"
  ["action"] => string(7) "archive"
  ["module"] => string(7) "default"
  ["controller"] => string(5) "index"
  ["key"] => string(0) ""
}


--------------------------------------------------------------------------------
2015-09-02T17:43:28+00:00 ERR (3) 404 "" was not found.
REMOTE_ADDR: 46.118.126.38
HTTP_REFERER: http://mmm-sib.com/tags/
requested: array(5) {
  ["lang"] => string(2) "en"
  ["action"] => string(7) "archive"
  ["module"] => string(7) "default"
  ["controller"] => string(5) "index"
  ["key"] => string(0) ""
}


--------------------------------------------------------------------------------
2015-09-02T18:16:29+00:00 ERR (3) 404 Seite nicht gefunden
REMOTE_ADDR: 74.208.69.84
HTTP_REFERER: 
requested: array(4) {
  ["controller"] => string(6) "https:"
  [""] => string(19) "silber-und-blei.com"
  ["action"] => string(5) "index"
  ["module"] => string(7) "default"
}


--------------------------------------------------------------------------------
2015-09-02T18:16:32+00:00 ERR (3) 404 Seite nicht gefunden
REMOTE_ADDR: 74.208.69.84
HTTP_REFERER: 
requested: array(3) {
  ["controller"] => string(2) "js"
  ["action"] => string(1) "'"
  ["module"] => string(7) "default"
}


--------------------------------------------------------------------------------
2015-09-02T20:30:30+00:00 ERR (3) 404 Seite nicht gefunden
REMOTE_ADDR: 46.4.87.105
HTTP_REFERER: 
requested: array(3) {
  ["controller"] => string(5) "diary"
  ["action"] => string(4) "atom"
  ["module"] => string(7) "default"
}


--------------------------------------------------------------------------------
2015-09-02T21:47:37+00:00 ERR (3) 404 Seite nicht gefunden
REMOTE_ADDR: 52.24.232.6
HTTP_REFERER: 
requested: array(3) {
  ["controller"] => string(11) "license.txt"
  ["action"] => string(5) "index"
  ["module"] => string(7) "default"
}


--------------------------------------------------------------------------------
2015-09-02T23:37:37+00:00 ERR (3) 404 "" was not found.
REMOTE_ADDR: 46.118.118.173
HTTP_REFERER: http://ak-consult.ru/
requested: array(5) {
  ["lang"] => string(2) "en"
  ["action"] => string(7) "archive"
  ["module"] => string(7) "default"
  ["controller"] => string(5) "index"
  ["key"] => string(0) ""
}


--------------------------------------------------------------------------------
2015-09-02T23:37:38+00:00 ERR (3) 404 "" was not found.
REMOTE_ADDR: 46.118.118.173
HTTP_REFERER: http://ak-consult.ru/
requested: array(5) {
  ["lang"] => string(2) "en"
  ["action"] => string(7) "archive"
  ["module"] => string(7) "default"
  ["controller"] => string(5) "index"
  ["key"] => string(0) ""
}


--------------------------------------------------------------------------------
