2012-04-12T11:45:20+00:00 ERR (3) 404 Seite nicht gefunden
REMOTE_ADDR: 184.98.151.235
HTTP_REFERER: http://graphicore.de/forum/index.php
requested: array(3) {
  ["controller"] => string(5) "forum"
  ["action"] => string(9) "index.php"
  ["module"] => string(7) "default"
}


--------------------------------------------------------------------------------
2012-04-12T12:08:55+00:00 ERR (3) 404 "" was not found.
REMOTE_ADDR: 139.18.2.209
HTTP_REFERER: 
requested: array(5) {
  ["lang"] => string(2) "de"
  ["action"] => string(7) "archive"
  ["module"] => string(7) "default"
  ["controller"] => string(5) "index"
  ["key"] => string(0) ""
}


--------------------------------------------------------------------------------
