2010-09-21T06:59:39+00:00 ERR (3) 404 "story" was not found.
REMOTE_ADDR: 67.195.110.176
HTTP_REFERER: 
requested: array(6) {
  ["lang"] => string(2) "en"
  ["action"] => string(5) "index"
  ["key"] => string(5) "story"
  ["intern"] => string(9) "impressum"
  ["module"] => string(7) "default"
  ["controller"] => string(5) "index"
}


--------------------------------------------------------------------------------
2010-09-21T08:17:08+00:00 ERR (3) 404 Seite nicht gefunden
REMOTE_ADDR: 66.249.66.245
HTTP_REFERER: 
requested: array(3) {
  ["controller"] => string(5) "style"
  ["action"] => string(9) "style.css"
  ["module"] => string(7) "default"
}


--------------------------------------------------------------------------------
2010-09-21T08:17:09+00:00 ERR (3) 404 Seite nicht gefunden
REMOTE_ADDR: 66.249.66.245
HTTP_REFERER: 
requested: array(3) {
  ["controller"] => string(10) "javascript"
  ["action"] => string(8) "dmain.js"
  ["module"] => string(7) "default"
}


--------------------------------------------------------------------------------
2010-09-21T08:17:26+00:00 ERR (3) 404 Seite nicht gefunden
REMOTE_ADDR: 66.249.66.245
HTTP_REFERER: 
requested: array(4) {
  ["controller"] => string(6) "images"
  ["action"] => string(7) "managed"
  ["en"] => string(11) "diaryTeaser"
  ["module"] => string(7) "default"
}


--------------------------------------------------------------------------------
2010-09-21T08:17:28+00:00 ERR (3) 404 Seite nicht gefunden
REMOTE_ADDR: 66.249.66.245
HTTP_REFERER: 
requested: array(3) {
  ["controller"] => string(6) "images"
  ["action"] => string(6) "layout"
  ["module"] => string(7) "default"
}


--------------------------------------------------------------------------------
