2011-11-24T01:13:57+00:00 ERR (3) 404 Page not found
REMOTE_ADDR: 176.9.7.28
HTTP_REFERER: 
requested: array(3) {
  ["controller"] => string(6) "images"
  ["action"] => string(5) "diary"
  ["module"] => string(7) "default"
}


--------------------------------------------------------------------------------
2011-11-24T10:03:19+00:00 ERR (3) 404 "ucp.php" was not found.
REMOTE_ADDR: 91.207.6.154
HTTP_REFERER: 
requested: array(7) {
  ["lang"] => string(2) "en"
  ["action"] => string(7) "archive"
  ["key"] => string(7) "ucp.php"
  ["module"] => string(7) "default"
  ["controller"] => string(5) "index"
  ["mode"] => string(8) "register"
  ["coppa"] => string(1) "0"
}


--------------------------------------------------------------------------------
2011-11-24T10:03:19+00:00 ERR (3) 404 Page not found
REMOTE_ADDR: 91.207.6.154
HTTP_REFERER: 
requested: array(5) {
  ["controller"] => string(7) "ucp.php"
  ["action"] => string(5) "index"
  ["module"] => string(7) "default"
  ["mode"] => string(8) "register"
  ["coppa"] => string(1) "0"
}


--------------------------------------------------------------------------------
2011-11-24T10:03:20+00:00 ERR (3) 404 Page not found
REMOTE_ADDR: 91.207.6.154
HTTP_REFERER: 
requested: array(5) {
  ["controller"] => string(5) "forum"
  ["action"] => string(7) "ucp.php"
  ["module"] => string(7) "default"
  ["mode"] => string(8) "register"
  ["coppa"] => string(1) "0"
}


--------------------------------------------------------------------------------
2011-11-24T10:03:23+00:00 ERR (3) 404 "profile.php" was not found.
REMOTE_ADDR: 91.207.6.154
HTTP_REFERER: 
requested: array(6) {
  ["lang"] => string(2) "en"
  ["action"] => string(7) "archive"
  ["key"] => string(11) "profile.php"
  ["module"] => string(7) "default"
  ["controller"] => string(5) "index"
  ["mode"] => string(8) "register"
}


--------------------------------------------------------------------------------
2011-11-24T10:03:24+00:00 ERR (3) 404 Page not found
REMOTE_ADDR: 91.207.6.154
HTTP_REFERER: 
requested: array(4) {
  ["controller"] => string(11) "profile.php"
  ["action"] => string(5) "index"
  ["module"] => string(7) "default"
  ["mode"] => string(8) "register"
}


--------------------------------------------------------------------------------
2011-11-24T10:03:24+00:00 ERR (3) 404 Page not found
REMOTE_ADDR: 91.207.6.154
HTTP_REFERER: 
requested: array(4) {
  ["controller"] => string(5) "forum"
  ["action"] => string(11) "profile.php"
  ["module"] => string(7) "default"
  ["mode"] => string(8) "register"
}


--------------------------------------------------------------------------------
2011-11-24T10:03:25+00:00 ERR (3) 404 "profile.php" was not found.
REMOTE_ADDR: 91.207.6.154
HTTP_REFERER: 
requested: array(6) {
  ["lang"] => string(2) "en"
  ["action"] => string(7) "archive"
  ["key"] => string(11) "profile.php"
  ["module"] => string(7) "default"
  ["controller"] => string(5) "index"
  ["mode"] => string(6) "joinup"
}


--------------------------------------------------------------------------------
2011-11-24T10:03:25+00:00 ERR (3) 404 Page not found
REMOTE_ADDR: 91.207.6.154
HTTP_REFERER: 
requested: array(4) {
  ["controller"] => string(11) "profile.php"
  ["action"] => string(5) "index"
  ["module"] => string(7) "default"
  ["mode"] => string(6) "joinup"
}


--------------------------------------------------------------------------------
2011-11-24T10:03:26+00:00 ERR (3) 404 Page not found
REMOTE_ADDR: 91.207.6.154
HTTP_REFERER: 
requested: array(4) {
  ["controller"] => string(5) "forum"
  ["action"] => string(11) "profile.php"
  ["module"] => string(7) "default"
  ["mode"] => string(6) "joinup"
}


--------------------------------------------------------------------------------
2011-11-24T10:19:26+00:00 ERR (3) 404 Seite nicht gefunden
REMOTE_ADDR: 46.17.97.30
HTTP_REFERER: http://graphicore.de/forum/index.php
requested: array(3) {
  ["controller"] => string(5) "forum"
  ["action"] => string(9) "index.php"
  ["module"] => string(7) "default"
}


--------------------------------------------------------------------------------
2011-11-24T13:59:24+00:00 ERR (3) 404 Seite nicht gefunden
REMOTE_ADDR: 188.126.89.17
HTTP_REFERER: http://graphicore.de/forum/index.php
requested: array(3) {
  ["controller"] => string(5) "forum"
  ["action"] => string(9) "index.php"
  ["module"] => string(7) "default"
}


--------------------------------------------------------------------------------
2011-11-24T14:14:27+00:00 ERR (3) 404 "" was not found.
REMOTE_ADDR: 139.18.2.17
HTTP_REFERER: 
requested: array(5) {
  ["lang"] => string(2) "de"
  ["action"] => string(7) "archive"
  ["module"] => string(7) "default"
  ["controller"] => string(5) "index"
  ["key"] => string(0) ""
}


--------------------------------------------------------------------------------
2011-11-24T14:29:27+00:00 ERR (3) 404 Page not found
REMOTE_ADDR: 78.46.90.27
HTTP_REFERER: 
requested: array(3) {
  ["controller"] => string(6) "images"
  ["action"] => string(5) "diary"
  ["module"] => string(7) "default"
}


--------------------------------------------------------------------------------
2011-11-24T15:39:40+00:00 ERR (3) 404 Page not found
REMOTE_ADDR: 78.46.90.27
HTTP_REFERER: 
requested: array(3) {
  ["controller"] => string(6) "images"
  ["action"] => string(5) "diary"
  ["module"] => string(7) "default"
}


--------------------------------------------------------------------------------
2011-11-24T15:57:07+00:00 ERR (3) 404 Page not found
REMOTE_ADDR: 46.4.116.100
HTTP_REFERER: 
requested: array(4) {
  ["controller"] => string(6) "images"
  ["action"] => string(7) "managed"
  ["en"] => string(11) "diaryTeaser"
  ["module"] => string(7) "default"
}


--------------------------------------------------------------------------------
2011-11-24T15:59:38+00:00 ERR (3) 404 "text" was not found.
REMOTE_ADDR: 46.4.116.100
HTTP_REFERER: 
requested: array(5) {
  ["lang"] => string(2) "en"
  ["action"] => string(7) "archive"
  ["key"] => string(4) "text"
  ["module"] => string(7) "default"
  ["controller"] => string(5) "index"
}


--------------------------------------------------------------------------------
2011-11-24T16:28:07+00:00 ERR (3) 404 Page not found
REMOTE_ADDR: 46.4.119.231
HTTP_REFERER: 
requested: array(3) {
  ["controller"] => string(6) "images"
  ["action"] => string(5) "diary"
  ["module"] => string(7) "default"
}


--------------------------------------------------------------------------------
2011-11-24T16:29:09+00:00 ERR (3) 404 "--_a_stamp_chance" was not found.
REMOTE_ADDR: 46.4.119.231
HTTP_REFERER: 
requested: array(5) {
  ["lang"] => string(2) "en"
  ["action"] => string(7) "archive"
  ["key"] => string(17) "--_a_stamp_chance"
  ["module"] => string(7) "default"
  ["controller"] => string(5) "index"
}


--------------------------------------------------------------------------------
2011-11-24T17:00:17+00:00 ERR (3) 404 Page not found
REMOTE_ADDR: 46.4.19.85
HTTP_REFERER: 
requested: array(3) {
  ["controller"] => string(6) "images"
  ["action"] => string(5) "diary"
  ["module"] => string(7) "default"
}


--------------------------------------------------------------------------------
2011-11-24T17:56:51+00:00 ERR (3) 404 Seite nicht gefunden
REMOTE_ADDR: 91.224.246.87
HTTP_REFERER: http://graphicore.de/forum/index.php
requested: array(3) {
  ["controller"] => string(5) "forum"
  ["action"] => string(9) "index.php"
  ["module"] => string(7) "default"
}


--------------------------------------------------------------------------------
2011-11-24T19:47:23+00:00 ERR (3) 404 The filter "text" was not found.
REMOTE_ADDR: 78.46.90.27
HTTP_REFERER: 
requested: array(5) {
  ["lang"] => string(2) "de"
  ["action"] => string(5) "diary"
  ["key"] => string(4) "text"
  ["module"] => string(7) "default"
  ["controller"] => string(5) "index"
}


--------------------------------------------------------------------------------
2011-11-24T20:02:36+00:00 ERR (3) 404 "--_underground_exhibition" was not found.
REMOTE_ADDR: 176.9.7.28
HTTP_REFERER: 
requested: array(5) {
  ["lang"] => string(2) "en"
  ["action"] => string(7) "archive"
  ["key"] => string(25) "--_underground_exhibition"
  ["module"] => string(7) "default"
  ["controller"] => string(5) "index"
}


--------------------------------------------------------------------------------
2011-11-24T20:02:41+00:00 ERR (3) 404 "--_La_Mirada_de_Ella" was not found.
REMOTE_ADDR: 176.9.7.28
HTTP_REFERER: 
requested: array(5) {
  ["lang"] => string(2) "en"
  ["action"] => string(7) "archive"
  ["key"] => string(20) "--_La_Mirada_de_Ella"
  ["module"] => string(7) "default"
  ["controller"] => string(5) "index"
}


--------------------------------------------------------------------------------
2011-11-24T21:55:53+00:00 ERR (3) 404 "--_Neo-Bourgeois_Grafitti" was not found.
REMOTE_ADDR: 176.9.19.103
HTTP_REFERER: 
requested: array(5) {
  ["lang"] => string(2) "en"
  ["action"] => string(7) "archive"
  ["key"] => string(25) "--_Neo-Bourgeois_Grafitti"
  ["module"] => string(7) "default"
  ["controller"] => string(5) "index"
}


--------------------------------------------------------------------------------
2011-11-24T21:58:20+00:00 ERR (3) 404 "--_i-live-again" was not found.
REMOTE_ADDR: 176.9.19.103
HTTP_REFERER: 
requested: array(5) {
  ["lang"] => string(2) "en"
  ["action"] => string(7) "archive"
  ["key"] => string(15) "--_i-live-again"
  ["module"] => string(7) "default"
  ["controller"] => string(5) "index"
}


--------------------------------------------------------------------------------
2011-11-24T22:39:31+00:00 ERR (3) 404 "--_serious_toys" was not found.
REMOTE_ADDR: 188.40.65.130
HTTP_REFERER: 
requested: array(5) {
  ["lang"] => string(2) "en"
  ["action"] => string(7) "archive"
  ["key"] => string(15) "--_serious_toys"
  ["module"] => string(7) "default"
  ["controller"] => string(5) "index"
}


--------------------------------------------------------------------------------
2011-11-24T22:53:20+00:00 ERR (3) 404 Seite nicht gefunden
REMOTE_ADDR: 201.205.208.138
HTTP_REFERER: http://graphicore.de/forum/index.php
requested: array(3) {
  ["controller"] => string(5) "forum"
  ["action"] => string(9) "index.php"
  ["module"] => string(7) "default"
}


--------------------------------------------------------------------------------
