2017-11-23T00:38:09+00:00 ERR (3) 404 Seite nicht gefunden
REMOTE_ADDR: 2.97.94.220
HTTP_REFERER: 
requested: array(3) {
  ["controller"] => string(12) "wp-login.php"
  ["action"] => string(5) "index"
  ["module"] => string(7) "default"
}


--------------------------------------------------------------------------------
2017-11-23T01:19:37+00:00 ERR (3) 404 Seite nicht gefunden
REMOTE_ADDR: 82.247.50.242
HTTP_REFERER: 
requested: array(3) {
  ["controller"] => string(12) "wp-login.php"
  ["action"] => string(5) "index"
  ["module"] => string(7) "default"
}


--------------------------------------------------------------------------------
2017-11-23T01:35:14+00:00 ERR (3) 404 Seite nicht gefunden
REMOTE_ADDR: 87.9.38.186
HTTP_REFERER: 
requested: array(3) {
  ["controller"] => string(12) "wp-login.php"
  ["action"] => string(5) "index"
  ["module"] => string(7) "default"
}


--------------------------------------------------------------------------------
2017-11-23T01:59:12+00:00 ERR (3) 404 Seite nicht gefunden
REMOTE_ADDR: 113.116.141.203
HTTP_REFERER: 
requested: array(3) {
  ["controller"] => string(12) "wp-login.php"
  ["action"] => string(5) "index"
  ["module"] => string(7) "default"
}


--------------------------------------------------------------------------------
2017-11-23T02:08:36+00:00 ERR (3) 404 Seite nicht gefunden
REMOTE_ADDR: 92.247.24.78
HTTP_REFERER: 
requested: array(3) {
  ["controller"] => string(12) "wp-login.php"
  ["action"] => string(5) "index"
  ["module"] => string(7) "default"
}


--------------------------------------------------------------------------------
2017-11-23T02:27:57+00:00 ERR (3) 404 Seite nicht gefunden
REMOTE_ADDR: 115.134.147.38
HTTP_REFERER: 
requested: array(3) {
  ["controller"] => string(12) "wp-login.php"
  ["action"] => string(5) "index"
  ["module"] => string(7) "default"
}


--------------------------------------------------------------------------------
2017-11-23T02:58:59+00:00 ERR (3) 404 Seite nicht gefunden
REMOTE_ADDR: 134.255.157.92
HTTP_REFERER: 
requested: array(3) {
  ["controller"] => string(12) "wp-login.php"
  ["action"] => string(5) "index"
  ["module"] => string(7) "default"
}


--------------------------------------------------------------------------------
2017-11-23T04:24:06+00:00 ERR (3) 404 Seite nicht gefunden
REMOTE_ADDR: 101.180.20.102
HTTP_REFERER: 
requested: array(3) {
  ["controller"] => string(12) "wp-login.php"
  ["action"] => string(5) "index"
  ["module"] => string(7) "default"
}


--------------------------------------------------------------------------------
2017-11-23T04:24:12+00:00 ERR (3) 404 Seite nicht gefunden
REMOTE_ADDR: 67.1.179.101
HTTP_REFERER: 
requested: array(3) {
  ["controller"] => string(12) "wp-login.php"
  ["action"] => string(5) "index"
  ["module"] => string(7) "default"
}


--------------------------------------------------------------------------------
2017-11-23T04:50:05+00:00 ERR (3) 404 Seite nicht gefunden
REMOTE_ADDR: 27.85.204.127
HTTP_REFERER: 
requested: array(3) {
  ["controller"] => string(12) "wp-login.php"
  ["action"] => string(5) "index"
  ["module"] => string(7) "default"
}


--------------------------------------------------------------------------------
2017-11-23T05:06:21+00:00 ERR (3) 404 Seite nicht gefunden
REMOTE_ADDR: 106.51.111.43
HTTP_REFERER: 
requested: array(3) {
  ["controller"] => string(12) "wp-login.php"
  ["action"] => string(5) "index"
  ["module"] => string(7) "default"
}


--------------------------------------------------------------------------------
2017-11-23T05:19:10+00:00 ERR (3) 404 Seite nicht gefunden
REMOTE_ADDR: 122.178.28.248
HTTP_REFERER: 
requested: array(3) {
  ["controller"] => string(12) "wp-login.php"
  ["action"] => string(5) "index"
  ["module"] => string(7) "default"
}


--------------------------------------------------------------------------------
2017-11-23T05:22:00+00:00 ERR (3) 404 Seite nicht gefunden
REMOTE_ADDR: 27.5.0.194
HTTP_REFERER: 
requested: array(3) {
  ["controller"] => string(12) "wp-login.php"
  ["action"] => string(5) "index"
  ["module"] => string(7) "default"
}


--------------------------------------------------------------------------------
2017-11-23T06:12:59+00:00 ERR (3) 404 Seite nicht gefunden
REMOTE_ADDR: 180.191.130.55
HTTP_REFERER: 
requested: array(3) {
  ["controller"] => string(12) "wp-login.php"
  ["action"] => string(5) "index"
  ["module"] => string(7) "default"
}


--------------------------------------------------------------------------------
2017-11-23T06:14:11+00:00 ERR (3) 404 Seite nicht gefunden
REMOTE_ADDR: 189.103.88.159
HTTP_REFERER: 
requested: array(3) {
  ["controller"] => string(12) "wp-login.php"
  ["action"] => string(5) "index"
  ["module"] => string(7) "default"
}


--------------------------------------------------------------------------------
2017-11-23T06:18:43+00:00 ERR (3) 404 Seite nicht gefunden
REMOTE_ADDR: 177.130.57.84
HTTP_REFERER: 
requested: array(3) {
  ["controller"] => string(12) "wp-login.php"
  ["action"] => string(5) "index"
  ["module"] => string(7) "default"
}


--------------------------------------------------------------------------------
2017-11-23T06:24:12+00:00 ERR (3) 404 Seite nicht gefunden
REMOTE_ADDR: 203.124.51.44
HTTP_REFERER: 
requested: array(3) {
  ["controller"] => string(12) "wp-login.php"
  ["action"] => string(5) "index"
  ["module"] => string(7) "default"
}


--------------------------------------------------------------------------------
2017-11-23T06:59:19+00:00 ERR (3) 404 Seite nicht gefunden
REMOTE_ADDR: 67.250.14.169
HTTP_REFERER: 
requested: array(3) {
  ["controller"] => string(12) "wp-login.php"
  ["action"] => string(5) "index"
  ["module"] => string(7) "default"
}


--------------------------------------------------------------------------------
2017-11-23T07:18:19+00:00 ERR (3) 404 Seite nicht gefunden
REMOTE_ADDR: 87.210.17.86
HTTP_REFERER: 
requested: array(3) {
  ["controller"] => string(6) "https:"
  ["action"] => string(19) "silber-und-blei.com"
  ["module"] => string(7) "default"
}


--------------------------------------------------------------------------------
2017-11-23T07:42:53+00:00 ERR (3) 404 Seite nicht gefunden
REMOTE_ADDR: 109.242.176.56
HTTP_REFERER: 
requested: array(3) {
  ["controller"] => string(12) "wp-login.php"
  ["action"] => string(5) "index"
  ["module"] => string(7) "default"
}


--------------------------------------------------------------------------------
2017-11-23T07:51:01+00:00 ERR (3) 404 Seite nicht gefunden
REMOTE_ADDR: 41.225.154.128
HTTP_REFERER: 
requested: array(3) {
  ["controller"] => string(12) "wp-login.php"
  ["action"] => string(5) "index"
  ["module"] => string(7) "default"
}


--------------------------------------------------------------------------------
2017-11-23T08:13:12+00:00 ERR (3) 404 Seite nicht gefunden
REMOTE_ADDR: 118.8.114.92
HTTP_REFERER: 
requested: array(3) {
  ["controller"] => string(12) "wp-login.php"
  ["action"] => string(5) "index"
  ["module"] => string(7) "default"
}


--------------------------------------------------------------------------------
2017-11-23T09:13:21+00:00 ERR (3) 404 Seite nicht gefunden
REMOTE_ADDR: 87.210.17.86
HTTP_REFERER: 
requested: array(4) {
  ["controller"] => string(6) "https:"
  [""] => string(19) "silber-und-blei.com"
  ["action"] => string(5) "index"
  ["module"] => string(7) "default"
}


--------------------------------------------------------------------------------
2017-11-23T09:34:21+00:00 ERR (3) 404 Seite nicht gefunden
REMOTE_ADDR: 171.61.181.91
HTTP_REFERER: 
requested: array(3) {
  ["controller"] => string(12) "wp-login.php"
  ["action"] => string(5) "index"
  ["module"] => string(7) "default"
}


--------------------------------------------------------------------------------
2017-11-23T09:42:01+00:00 ERR (3) 404 Seite nicht gefunden
REMOTE_ADDR: 203.188.226.57
HTTP_REFERER: 
requested: array(3) {
  ["controller"] => string(12) "wp-login.php"
  ["action"] => string(5) "index"
  ["module"] => string(7) "default"
}


--------------------------------------------------------------------------------
2017-11-23T10:50:31+00:00 ERR (3) 404 Seite nicht gefunden
REMOTE_ADDR: 95.180.50.237
HTTP_REFERER: 
requested: array(3) {
  ["controller"] => string(12) "wp-login.php"
  ["action"] => string(5) "index"
  ["module"] => string(7) "default"
}


--------------------------------------------------------------------------------
2017-11-23T10:56:46+00:00 ERR (3) 404 Seite nicht gefunden
REMOTE_ADDR: 188.2.1.149
HTTP_REFERER: 
requested: array(3) {
  ["controller"] => string(12) "wp-login.php"
  ["action"] => string(5) "index"
  ["module"] => string(7) "default"
}


--------------------------------------------------------------------------------
2017-11-23T11:26:41+00:00 ERR (3) 404 Seite nicht gefunden
REMOTE_ADDR: 117.195.210.197
HTTP_REFERER: 
requested: array(3) {
  ["controller"] => string(12) "wp-login.php"
  ["action"] => string(5) "index"
  ["module"] => string(7) "default"
}


--------------------------------------------------------------------------------
2017-11-23T11:32:04+00:00 ERR (3) 404 Seite nicht gefunden
REMOTE_ADDR: 112.202.168.136
HTTP_REFERER: 
requested: array(3) {
  ["controller"] => string(12) "wp-login.php"
  ["action"] => string(5) "index"
  ["module"] => string(7) "default"
}


--------------------------------------------------------------------------------
2017-11-23T11:32:21+00:00 ERR (3) 404 Seite nicht gefunden
REMOTE_ADDR: 113.23.138.199
HTTP_REFERER: 
requested: array(3) {
  ["controller"] => string(12) "wp-login.php"
  ["action"] => string(5) "index"
  ["module"] => string(7) "default"
}


--------------------------------------------------------------------------------
2017-11-23T11:48:48+00:00 ERR (3) 404 Seite nicht gefunden
REMOTE_ADDR: 82.28.96.128
HTTP_REFERER: 
requested: array(3) {
  ["controller"] => string(12) "wp-login.php"
  ["action"] => string(5) "index"
  ["module"] => string(7) "default"
}


--------------------------------------------------------------------------------
2017-11-23T12:21:31+00:00 ERR (3) 404 Seite nicht gefunden
REMOTE_ADDR: 201.23.149.100
HTTP_REFERER: 
requested: array(3) {
  ["controller"] => string(12) "wp-login.php"
  ["action"] => string(5) "index"
  ["module"] => string(7) "default"
}


--------------------------------------------------------------------------------
2017-11-23T12:32:25+00:00 ERR (3) 404 Seite nicht gefunden
REMOTE_ADDR: 115.87.153.222
HTTP_REFERER: 
requested: array(3) {
  ["controller"] => string(12) "wp-login.php"
  ["action"] => string(5) "index"
  ["module"] => string(7) "default"
}


--------------------------------------------------------------------------------
2017-11-23T13:57:53+00:00 ERR (3) 404 Seite nicht gefunden
REMOTE_ADDR: 180.151.224.231
HTTP_REFERER: 
requested: array(3) {
  ["controller"] => string(12) "wp-login.php"
  ["action"] => string(5) "index"
  ["module"] => string(7) "default"
}


--------------------------------------------------------------------------------
2017-11-23T16:01:42+00:00 ERR (3) 404 Seite nicht gefunden
REMOTE_ADDR: 82.76.184.247
HTTP_REFERER: 
requested: array(3) {
  ["controller"] => string(12) "wp-login.php"
  ["action"] => string(5) "index"
  ["module"] => string(7) "default"
}


--------------------------------------------------------------------------------
2017-11-23T16:34:20+00:00 ERR (3) 404 Seite nicht gefunden
REMOTE_ADDR: 88.183.7.207
HTTP_REFERER: 
requested: array(3) {
  ["controller"] => string(12) "wp-login.php"
  ["action"] => string(5) "index"
  ["module"] => string(7) "default"
}


--------------------------------------------------------------------------------
2017-11-23T17:02:05+00:00 ERR (3) 404 Seite nicht gefunden
REMOTE_ADDR: 82.79.203.149
HTTP_REFERER: 
requested: array(3) {
  ["controller"] => string(12) "wp-login.php"
  ["action"] => string(5) "index"
  ["module"] => string(7) "default"
}


--------------------------------------------------------------------------------
2017-11-23T17:23:54+00:00 ERR (3) 404 Seite nicht gefunden
REMOTE_ADDR: 115.164.189.195
HTTP_REFERER: 
requested: array(3) {
  ["controller"] => string(12) "wp-login.php"
  ["action"] => string(5) "index"
  ["module"] => string(7) "default"
}


--------------------------------------------------------------------------------
2017-11-23T17:27:45+00:00 ERR (3) 404 Seite nicht gefunden
REMOTE_ADDR: 103.58.75.11
HTTP_REFERER: 
requested: array(3) {
  ["controller"] => string(12) "wp-login.php"
  ["action"] => string(5) "index"
  ["module"] => string(7) "default"
}


--------------------------------------------------------------------------------
2017-11-23T17:43:10+00:00 ERR (3) 404 Seite nicht gefunden
REMOTE_ADDR: 179.180.103.170
HTTP_REFERER: 
requested: array(3) {
  ["controller"] => string(12) "wp-login.php"
  ["action"] => string(5) "index"
  ["module"] => string(7) "default"
}


--------------------------------------------------------------------------------
2017-11-23T17:44:13+00:00 ERR (3) 404 Seite nicht gefunden
REMOTE_ADDR: 41.109.73.9
HTTP_REFERER: 
requested: array(3) {
  ["controller"] => string(12) "wp-login.php"
  ["action"] => string(5) "index"
  ["module"] => string(7) "default"
}


--------------------------------------------------------------------------------
2017-11-23T18:09:37+00:00 ERR (3) 404 Seite nicht gefunden
REMOTE_ADDR: 175.143.30.4
HTTP_REFERER: 
requested: array(3) {
  ["controller"] => string(12) "wp-login.php"
  ["action"] => string(5) "index"
  ["module"] => string(7) "default"
}


--------------------------------------------------------------------------------
2017-11-23T18:39:55+00:00 ERR (3) 404 Seite nicht gefunden
REMOTE_ADDR: 79.60.220.252
HTTP_REFERER: 
requested: array(3) {
  ["controller"] => string(12) "wp-login.php"
  ["action"] => string(5) "index"
  ["module"] => string(7) "default"
}


--------------------------------------------------------------------------------
2017-11-23T18:44:08+00:00 ERR (3) 404 Seite nicht gefunden
REMOTE_ADDR: 77.64.255.78
HTTP_REFERER: 
requested: array(3) {
  ["controller"] => string(12) "wp-login.php"
  ["action"] => string(5) "index"
  ["module"] => string(7) "default"
}


--------------------------------------------------------------------------------
2017-11-23T19:24:50+00:00 ERR (3) 404 Seite nicht gefunden
REMOTE_ADDR: 143.176.97.10
HTTP_REFERER: 
requested: array(3) {
  ["controller"] => string(12) "wp-login.php"
  ["action"] => string(5) "index"
  ["module"] => string(7) "default"
}


--------------------------------------------------------------------------------
2017-11-23T20:05:44+00:00 ERR (3) 404 Seite nicht gefunden
REMOTE_ADDR: 83.37.64.178
HTTP_REFERER: 
requested: array(3) {
  ["controller"] => string(12) "wp-login.php"
  ["action"] => string(5) "index"
  ["module"] => string(7) "default"
}


--------------------------------------------------------------------------------
2017-11-23T20:15:51+00:00 ERR (3) 404 Seite nicht gefunden
REMOTE_ADDR: 210.48.222.13
HTTP_REFERER: 
requested: array(3) {
  ["controller"] => string(12) "wp-login.php"
  ["action"] => string(5) "index"
  ["module"] => string(7) "default"
}


--------------------------------------------------------------------------------
2017-11-23T20:46:44+00:00 ERR (3) 404 Seite nicht gefunden
REMOTE_ADDR: 78.30.1.254
HTTP_REFERER: 
requested: array(3) {
  ["controller"] => string(12) "wp-login.php"
  ["action"] => string(5) "index"
  ["module"] => string(7) "default"
}


--------------------------------------------------------------------------------
2017-11-23T20:55:56+00:00 ERR (3) 404 Seite nicht gefunden
REMOTE_ADDR: 182.183.202.214
HTTP_REFERER: 
requested: array(3) {
  ["controller"] => string(12) "wp-login.php"
  ["action"] => string(5) "index"
  ["module"] => string(7) "default"
}


--------------------------------------------------------------------------------
2017-11-23T21:09:53+00:00 ERR (3) 404 Seite nicht gefunden
REMOTE_ADDR: 179.119.179.225
HTTP_REFERER: 
requested: array(3) {
  ["controller"] => string(12) "wp-login.php"
  ["action"] => string(5) "index"
  ["module"] => string(7) "default"
}


--------------------------------------------------------------------------------
2017-11-23T21:19:44+00:00 ERR (3) 404 Seite nicht gefunden
REMOTE_ADDR: 31.36.71.103
HTTP_REFERER: 
requested: array(3) {
  ["controller"] => string(12) "wp-login.php"
  ["action"] => string(5) "index"
  ["module"] => string(7) "default"
}


--------------------------------------------------------------------------------
2017-11-23T21:38:21+00:00 ERR (3) 404 Seite nicht gefunden
REMOTE_ADDR: 5.12.203.229
HTTP_REFERER: 
requested: array(3) {
  ["controller"] => string(12) "wp-login.php"
  ["action"] => string(5) "index"
  ["module"] => string(7) "default"
}


--------------------------------------------------------------------------------
2017-11-23T21:52:43+00:00 ERR (3) 404 Seite nicht gefunden
REMOTE_ADDR: 103.50.151.2
HTTP_REFERER: 
requested: array(3) {
  ["controller"] => string(12) "wp-login.php"
  ["action"] => string(5) "index"
  ["module"] => string(7) "default"
}


--------------------------------------------------------------------------------
2017-11-23T23:01:34+00:00 ERR (3) 404 Seite nicht gefunden
REMOTE_ADDR: 178.221.0.4
HTTP_REFERER: 
requested: array(3) {
  ["controller"] => string(12) "wp-login.php"
  ["action"] => string(5) "index"
  ["module"] => string(7) "default"
}


--------------------------------------------------------------------------------
2017-11-23T23:24:45+00:00 ERR (3) 404 Seite nicht gefunden
REMOTE_ADDR: 189.155.207.84
HTTP_REFERER: 
requested: array(3) {
  ["controller"] => string(12) "wp-login.php"
  ["action"] => string(5) "index"
  ["module"] => string(7) "default"
}


--------------------------------------------------------------------------------
