2018-04-21T00:00:28+00:00 ERR (3) 404 Seite nicht gefunden
REMOTE_ADDR: 103.10.211.86
HTTP_REFERER: 
requested: array(3) {
  ["controller"] => string(12) "wp-login.php"
  ["action"] => string(5) "index"
  ["module"] => string(7) "default"
}


--------------------------------------------------------------------------------
2018-04-21T00:04:39+00:00 ERR (3) 404 Seite nicht gefunden
REMOTE_ADDR: 94.62.5.174
HTTP_REFERER: 
requested: array(3) {
  ["controller"] => string(12) "wp-login.php"
  ["action"] => string(5) "index"
  ["module"] => string(7) "default"
}


--------------------------------------------------------------------------------
2018-04-21T01:49:43+00:00 ERR (3) 404 Seite nicht gefunden
REMOTE_ADDR: 166.137.102.28
HTTP_REFERER: 
requested: array(3) {
  ["controller"] => string(12) "wp-login.php"
  ["action"] => string(5) "index"
  ["module"] => string(7) "default"
}


--------------------------------------------------------------------------------
2018-04-21T03:17:34+00:00 ERR (3) 404 Seite nicht gefunden
REMOTE_ADDR: 42.188.87.217
HTTP_REFERER: 
requested: array(3) {
  ["controller"] => string(12) "wp-login.php"
  ["action"] => string(5) "index"
  ["module"] => string(7) "default"
}


--------------------------------------------------------------------------------
2018-04-21T03:34:12+00:00 ERR (3) 404 Seite nicht gefunden
REMOTE_ADDR: 190.101.12.98
HTTP_REFERER: 
requested: array(3) {
  ["controller"] => string(12) "wp-login.php"
  ["action"] => string(5) "index"
  ["module"] => string(7) "default"
}


--------------------------------------------------------------------------------
2018-04-21T05:09:02+00:00 ERR (3) 404 Seite nicht gefunden
REMOTE_ADDR: 187.148.43.108
HTTP_REFERER: 
requested: array(3) {
  ["controller"] => string(12) "wp-login.php"
  ["action"] => string(5) "index"
  ["module"] => string(7) "default"
}


--------------------------------------------------------------------------------
2018-04-21T06:06:26+00:00 ERR (3) 404 Seite nicht gefunden
REMOTE_ADDR: 93.36.205.45
HTTP_REFERER: 
requested: array(3) {
  ["controller"] => string(12) "wp-login.php"
  ["action"] => string(5) "index"
  ["module"] => string(7) "default"
}


--------------------------------------------------------------------------------
2018-04-21T06:34:47+00:00 ERR (3) 404 "competences" was not found.
REMOTE_ADDR: 23.237.4.26
HTTP_REFERER: 
requested: array(5) {
  ["lang"] => string(2) "de"
  ["action"] => string(4) "page"
  ["key"] => string(11) "competences"
  ["module"] => string(7) "default"
  ["controller"] => string(5) "index"
}


--------------------------------------------------------------------------------
2018-04-21T06:34:52+00:00 ERR (3) 404 "hire-lasse" was not found.
REMOTE_ADDR: 23.237.4.26
HTTP_REFERER: 
requested: array(5) {
  ["lang"] => string(2) "de"
  ["action"] => string(4) "page"
  ["key"] => string(10) "hire-lasse"
  ["module"] => string(7) "default"
  ["controller"] => string(5) "index"
}


--------------------------------------------------------------------------------
2018-04-21T06:35:33+00:00 ERR (3) 404 "competences" was not found.
REMOTE_ADDR: 23.237.4.26
HTTP_REFERER: 
requested: array(5) {
  ["lang"] => string(2) "en"
  ["action"] => string(4) "page"
  ["key"] => string(11) "competences"
  ["module"] => string(7) "default"
  ["controller"] => string(5) "index"
}


--------------------------------------------------------------------------------
2018-04-21T06:35:36+00:00 ERR (3) 404 "hire-lasse" was not found.
REMOTE_ADDR: 23.237.4.26
HTTP_REFERER: 
requested: array(5) {
  ["lang"] => string(2) "en"
  ["action"] => string(4) "page"
  ["key"] => string(10) "hire-lasse"
  ["module"] => string(7) "default"
  ["controller"] => string(5) "index"
}


--------------------------------------------------------------------------------
2018-04-21T08:45:55+00:00 ERR (3) 404 Seite nicht gefunden
REMOTE_ADDR: 78.131.20.70
HTTP_REFERER: 
requested: array(3) {
  ["controller"] => string(12) "wp-login.php"
  ["action"] => string(5) "index"
  ["module"] => string(7) "default"
}


--------------------------------------------------------------------------------
2018-04-21T09:26:26+00:00 ERR (3) 404 Seite nicht gefunden
REMOTE_ADDR: 210.195.61.219
HTTP_REFERER: 
requested: array(3) {
  ["controller"] => string(12) "wp-login.php"
  ["action"] => string(5) "index"
  ["module"] => string(7) "default"
}


--------------------------------------------------------------------------------
2018-04-21T09:32:51+00:00 ERR (3) 404 Seite nicht gefunden
REMOTE_ADDR: 93.42.26.160
HTTP_REFERER: 
requested: array(3) {
  ["controller"] => string(12) "wp-login.php"
  ["action"] => string(5) "index"
  ["module"] => string(7) "default"
}


--------------------------------------------------------------------------------
2018-04-21T10:23:45+00:00 ERR (3) 404 Seite nicht gefunden
REMOTE_ADDR: 150.242.24.73
HTTP_REFERER: 
requested: array(3) {
  ["controller"] => string(12) "wp-login.php"
  ["action"] => string(5) "index"
  ["module"] => string(7) "default"
}


--------------------------------------------------------------------------------
2018-04-21T10:28:24+00:00 ERR (3) 404 Seite nicht gefunden
REMOTE_ADDR: 151.28.187.198
HTTP_REFERER: 
requested: array(3) {
  ["controller"] => string(12) "wp-login.php"
  ["action"] => string(5) "index"
  ["module"] => string(7) "default"
}


--------------------------------------------------------------------------------
2018-04-21T10:40:45+00:00 ERR (3) 404 Seite nicht gefunden
REMOTE_ADDR: 84.241.0.56
HTTP_REFERER: 
requested: array(3) {
  ["controller"] => string(12) "wp-login.php"
  ["action"] => string(5) "index"
  ["module"] => string(7) "default"
}


--------------------------------------------------------------------------------
2018-04-21T12:48:56+00:00 ERR (3) 404 Seite nicht gefunden
REMOTE_ADDR: 179.181.97.101
HTTP_REFERER: 
requested: array(3) {
  ["controller"] => string(12) "wp-login.php"
  ["action"] => string(5) "index"
  ["module"] => string(7) "default"
}


--------------------------------------------------------------------------------
2018-04-21T13:43:19+00:00 ERR (3) 404 Seite nicht gefunden
REMOTE_ADDR: 1.186.76.59
HTTP_REFERER: 
requested: array(3) {
  ["controller"] => string(12) "wp-login.php"
  ["action"] => string(5) "index"
  ["module"] => string(7) "default"
}


--------------------------------------------------------------------------------
2018-04-21T13:47:10+00:00 ERR (3) 404 Seite nicht gefunden
REMOTE_ADDR: 115.133.212.169
HTTP_REFERER: 
requested: array(4) {
  ["controller"] => string(6) "https:"
  [""] => string(19) "silber-und-blei.com"
  ["action"] => string(5) "index"
  ["module"] => string(7) "default"
}


--------------------------------------------------------------------------------
2018-04-21T14:08:16+00:00 ERR (3) 404 Seite nicht gefunden
REMOTE_ADDR: 90.116.59.219
HTTP_REFERER: 
requested: array(3) {
  ["controller"] => string(12) "wp-login.php"
  ["action"] => string(5) "index"
  ["module"] => string(7) "default"
}


--------------------------------------------------------------------------------
2018-04-21T14:29:38+00:00 ERR (3) 404 Seite nicht gefunden
REMOTE_ADDR: 168.187.234.249
HTTP_REFERER: 
requested: array(3) {
  ["controller"] => string(12) "wp-login.php"
  ["action"] => string(5) "index"
  ["module"] => string(7) "default"
}


--------------------------------------------------------------------------------
2018-04-21T14:39:27+00:00 ERR (3) 404 Seite nicht gefunden
REMOTE_ADDR: 122.168.48.28
HTTP_REFERER: 
requested: array(3) {
  ["controller"] => string(12) "wp-login.php"
  ["action"] => string(5) "index"
  ["module"] => string(7) "default"
}


--------------------------------------------------------------------------------
2018-04-21T14:48:56+00:00 ERR (3) 404 Seite nicht gefunden
REMOTE_ADDR: 109.102.111.89
HTTP_REFERER: 
requested: array(4) {
  ["controller"] => string(6) "https:"
  [""] => string(19) "silber-und-blei.com"
  ["action"] => string(5) "index"
  ["module"] => string(7) "default"
}


--------------------------------------------------------------------------------
2018-04-21T19:45:07+00:00 ERR (3) 404 "anne" was not found.
REMOTE_ADDR: 66.249.66.64
HTTP_REFERER: 
requested: array(5) {
  ["lang"] => string(2) "en"
  ["action"] => string(4) "page"
  ["key"] => string(4) "anne"
  ["module"] => string(7) "default"
  ["controller"] => string(5) "index"
}


--------------------------------------------------------------------------------
2018-04-21T20:45:49+00:00 ERR (3) 404 Seite nicht gefunden
REMOTE_ADDR: 51.39.40.23
HTTP_REFERER: 
requested: array(3) {
  ["controller"] => string(12) "wp-login.php"
  ["action"] => string(5) "index"
  ["module"] => string(7) "default"
}


--------------------------------------------------------------------------------
2018-04-21T20:55:49+00:00 ERR (3) 404 Seite nicht gefunden
REMOTE_ADDR: 104.200.140.106
HTTP_REFERER: 
requested: array(3) {
  ["controller"] => string(12) "wp-login.php"
  ["action"] => string(5) "index"
  ["module"] => string(7) "default"
}


--------------------------------------------------------------------------------
2018-04-21T21:20:02+00:00 ERR (3) 404 Seite nicht gefunden
REMOTE_ADDR: 67.61.39.159
HTTP_REFERER: 
requested: array(3) {
  ["controller"] => string(12) "wp-login.php"
  ["action"] => string(5) "index"
  ["module"] => string(7) "default"
}


--------------------------------------------------------------------------------
2018-04-21T22:04:57+00:00 ERR (3) 404 Seite nicht gefunden
REMOTE_ADDR: 92.80.121.17
HTTP_REFERER: 
requested: array(4) {
  ["controller"] => string(6) "https:"
  [""] => string(19) "silber-und-blei.com"
  ["action"] => string(5) "index"
  ["module"] => string(7) "default"
}


--------------------------------------------------------------------------------
2018-04-21T22:19:25+00:00 ERR (3) 404 Seite nicht gefunden
REMOTE_ADDR: 141.255.153.135
HTTP_REFERER: 
requested: array(3) {
  ["controller"] => string(12) "wp-login.php"
  ["action"] => string(5) "index"
  ["module"] => string(7) "default"
}


--------------------------------------------------------------------------------
2018-04-21T23:08:50+00:00 ERR (3) 404 Seite nicht gefunden
REMOTE_ADDR: 139.164.151.98
HTTP_REFERER: 
requested: array(3) {
  ["controller"] => string(12) "wp-login.php"
  ["action"] => string(5) "index"
  ["module"] => string(7) "default"
}


--------------------------------------------------------------------------------
