2019-06-03T00:19:33+00:00 ERR (3) 404 Seite nicht gefunden
REMOTE_ADDR: 176.215.228.172
HTTP_REFERER: http://graphicore.de/forum/
requested: array(3) {
  ["controller"] => string(5) "forum"
  ["action"] => string(5) "index"
  ["module"] => string(7) "default"
}


--------------------------------------------------------------------------------
2019-06-03T10:44:35+00:00 ERR (3) 404 Seite nicht gefunden
REMOTE_ADDR: 109.102.111.89
HTTP_REFERER: 
requested: array(3) {
  ["controller"] => string(6) "https:"
  ["action"] => string(19) "silber-und-blei.com"
  ["module"] => string(7) "default"
}


--------------------------------------------------------------------------------
2019-06-03T15:18:03+00:00 ERR (3) 404 Seite nicht gefunden
REMOTE_ADDR: 184.168.27.33
HTTP_REFERER: 
requested: array(3) {
  ["controller"] => string(8) "wp-admin"
  ["action"] => string(5) "index"
  ["module"] => string(7) "default"
}


--------------------------------------------------------------------------------
2019-06-03T15:26:31+00:00 ERR (3) 404 Seite nicht gefunden
REMOTE_ADDR: 191.252.51.52
HTTP_REFERER: 
requested: array(3) {
  ["controller"] => string(4) "test"
  ["action"] => string(8) "wp-admin"
  ["module"] => string(7) "default"
}


--------------------------------------------------------------------------------
2019-06-03T15:40:05+00:00 ERR (3) 404 Seite nicht gefunden
REMOTE_ADDR: 173.254.28.144
HTTP_REFERER: 
requested: array(3) {
  ["controller"] => string(4) "blog"
  ["action"] => string(8) "wp-admin"
  ["module"] => string(7) "default"
}


--------------------------------------------------------------------------------
2019-06-03T15:47:12+00:00 ERR (3) 404 Seite nicht gefunden
REMOTE_ADDR: 79.170.40.246
HTTP_REFERER: 
requested: array(3) {
  ["controller"] => string(2) "wp"
  ["action"] => string(8) "wp-admin"
  ["module"] => string(7) "default"
}


--------------------------------------------------------------------------------
2019-06-03T15:54:26+00:00 ERR (3) 404 Seite nicht gefunden
REMOTE_ADDR: 157.7.188.249
HTTP_REFERER: 
requested: array(3) {
  ["controller"] => string(3) "old"
  ["action"] => string(8) "wp-admin"
  ["module"] => string(7) "default"
}


--------------------------------------------------------------------------------
