2018-03-18T00:02:18+00:00 ERR (3) 404 Seite nicht gefunden
REMOTE_ADDR: 70.26.189.176
HTTP_REFERER: 
requested: array(3) {
  ["controller"] => string(12) "wp-login.php"
  ["action"] => string(5) "index"
  ["module"] => string(7) "default"
}


--------------------------------------------------------------------------------
2018-03-18T00:55:08+00:00 ERR (3) 404 Seite nicht gefunden
REMOTE_ADDR: 41.100.61.172
HTTP_REFERER: 
requested: array(3) {
  ["controller"] => string(12) "wp-login.php"
  ["action"] => string(5) "index"
  ["module"] => string(7) "default"
}


--------------------------------------------------------------------------------
2018-03-18T01:26:23+00:00 ERR (3) 404 Seite nicht gefunden
REMOTE_ADDR: 49.241.154.70
HTTP_REFERER: 
requested: array(3) {
  ["controller"] => string(12) "wp-login.php"
  ["action"] => string(5) "index"
  ["module"] => string(7) "default"
}


--------------------------------------------------------------------------------
2018-03-18T01:36:09+00:00 ERR (3) 404 "competences" was not found.
REMOTE_ADDR: 5.39.85.81
HTTP_REFERER: 
requested: array(5) {
  ["lang"] => string(2) "de"
  ["action"] => string(4) "page"
  ["key"] => string(11) "competences"
  ["module"] => string(7) "default"
  ["controller"] => string(5) "index"
}


--------------------------------------------------------------------------------
2018-03-18T01:36:11+00:00 ERR (3) 404 "hire-lasse" was not found.
REMOTE_ADDR: 5.39.85.81
HTTP_REFERER: 
requested: array(5) {
  ["lang"] => string(2) "de"
  ["action"] => string(4) "page"
  ["key"] => string(10) "hire-lasse"
  ["module"] => string(7) "default"
  ["controller"] => string(5) "index"
}


--------------------------------------------------------------------------------
2018-03-18T01:36:45+00:00 ERR (3) 404 "competences" was not found.
REMOTE_ADDR: 5.39.85.81
HTTP_REFERER: 
requested: array(5) {
  ["lang"] => string(2) "en"
  ["action"] => string(4) "page"
  ["key"] => string(11) "competences"
  ["module"] => string(7) "default"
  ["controller"] => string(5) "index"
}


--------------------------------------------------------------------------------
2018-03-18T01:36:46+00:00 ERR (3) 404 "hire-lasse" was not found.
REMOTE_ADDR: 5.39.85.81
HTTP_REFERER: 
requested: array(5) {
  ["lang"] => string(2) "en"
  ["action"] => string(4) "page"
  ["key"] => string(10) "hire-lasse"
  ["module"] => string(7) "default"
  ["controller"] => string(5) "index"
}


--------------------------------------------------------------------------------
2018-03-18T02:05:14+00:00 ERR (3) 404 Seite nicht gefunden
REMOTE_ADDR: 181.47.137.135
HTTP_REFERER: 
requested: array(3) {
  ["controller"] => string(12) "wp-login.php"
  ["action"] => string(5) "index"
  ["module"] => string(7) "default"
}


--------------------------------------------------------------------------------
2018-03-18T05:09:09+00:00 ERR (3) 404 Seite nicht gefunden
REMOTE_ADDR: 5.83.163.167
HTTP_REFERER: 
requested: array(3) {
  ["controller"] => string(2) "js"
  ["action"] => string(8) "tools.js"
  ["module"] => string(7) "default"
}


--------------------------------------------------------------------------------
2018-03-18T05:42:03+00:00 ERR (3) 404 Seite nicht gefunden
REMOTE_ADDR: 39.120.234.20
HTTP_REFERER: 
requested: array(3) {
  ["controller"] => string(12) "wp-login.php"
  ["action"] => string(5) "index"
  ["module"] => string(7) "default"
}


--------------------------------------------------------------------------------
2018-03-18T07:00:11+00:00 ERR (3) 404 Page not found
REMOTE_ADDR: 212.83.178.172
HTTP_REFERER: 
requested: array(3) {
  ["controller"] => string(10) "upload.php"
  ["action"] => string(5) "index"
  ["module"] => string(7) "default"
}


--------------------------------------------------------------------------------
2018-03-18T10:59:13+00:00 ERR (3) 404 Seite nicht gefunden
REMOTE_ADDR: 105.108.197.252
HTTP_REFERER: 
requested: array(3) {
  ["controller"] => string(12) "wp-login.php"
  ["action"] => string(5) "index"
  ["module"] => string(7) "default"
}


--------------------------------------------------------------------------------
2018-03-18T12:54:53+00:00 ERR (3) 404 Seite nicht gefunden
REMOTE_ADDR: 94.70.35.174
HTTP_REFERER: 
requested: array(3) {
  ["controller"] => string(12) "wp-login.php"
  ["action"] => string(5) "index"
  ["module"] => string(7) "default"
}


--------------------------------------------------------------------------------
2018-03-18T13:47:28+00:00 ERR (3) 404 Page not found
REMOTE_ADDR: 207.244.149.28
HTTP_REFERER: http://graphicore.de/jm-ajax/upload_file/
requested: array(3) {
  ["controller"] => string(7) "jm-ajax"
  ["action"] => string(11) "upload_file"
  ["module"] => string(7) "default"
}


--------------------------------------------------------------------------------
2018-03-18T14:38:39+00:00 ERR (3) 404 Seite nicht gefunden
REMOTE_ADDR: 94.23.20.139
HTTP_REFERER: 
requested: array(4) {
  ["controller"] => string(10) "components"
  ["action"] => string(14) "com_b2jcontact"
  ["css"] => string(14) "b2jcontact.css"
  ["module"] => string(7) "default"
}


--------------------------------------------------------------------------------
2018-03-18T14:38:45+00:00 ERR (3) 404 Seite nicht gefunden
REMOTE_ADDR: 94.23.20.139
HTTP_REFERER: 
requested: array(4) {
  ["controller"] => string(10) "components"
  ["action"] => string(14) "com_b2jcontact"
  ["css"] => string(14) "b2jcontact.css"
  ["module"] => string(7) "default"
}


--------------------------------------------------------------------------------
2018-03-18T15:22:43+00:00 ERR (3) 404 Seite nicht gefunden
REMOTE_ADDR: 123.16.231.2
HTTP_REFERER: 
requested: array(3) {
  ["controller"] => string(12) "wp-login.php"
  ["action"] => string(5) "index"
  ["module"] => string(7) "default"
}


--------------------------------------------------------------------------------
2018-03-18T15:44:06+00:00 ERR (3) 404 "de" was not found.
REMOTE_ADDR: 216.244.66.248
HTTP_REFERER: 
requested: array(5) {
  ["lang"] => string(2) "de"
  ["action"] => string(7) "archive"
  ["key"] => string(2) "de"
  ["module"] => string(7) "default"
  ["controller"] => string(5) "index"
}


--------------------------------------------------------------------------------
2018-03-18T16:12:01+00:00 ERR (3) 404 Seite nicht gefunden
REMOTE_ADDR: 86.126.253.41
HTTP_REFERER: 
requested: array(3) {
  ["controller"] => string(12) "wp-login.php"
  ["action"] => string(5) "index"
  ["module"] => string(7) "default"
}


--------------------------------------------------------------------------------
2018-03-18T17:00:17+00:00 ERR (3) 404 "anne" was not found.
REMOTE_ADDR: 207.46.13.28
HTTP_REFERER: 
requested: array(5) {
  ["lang"] => string(2) "de"
  ["action"] => string(4) "page"
  ["key"] => string(4) "anne"
  ["module"] => string(7) "default"
  ["controller"] => string(5) "index"
}


--------------------------------------------------------------------------------
2018-03-18T17:24:39+00:00 ERR (3) 404 "competences" was not found.
REMOTE_ADDR: 95.108.181.62
HTTP_REFERER: 
requested: array(5) {
  ["lang"] => string(2) "de"
  ["action"] => string(4) "page"
  ["key"] => string(11) "competences"
  ["module"] => string(7) "default"
  ["controller"] => string(5) "index"
}


--------------------------------------------------------------------------------
2018-03-18T17:46:05+00:00 ERR (3) 404 "de" was not found.
REMOTE_ADDR: 216.244.66.248
HTTP_REFERER: 
requested: array(5) {
  ["lang"] => string(2) "de"
  ["action"] => string(7) "archive"
  ["key"] => string(2) "de"
  ["module"] => string(7) "default"
  ["controller"] => string(5) "index"
}


--------------------------------------------------------------------------------
2018-03-18T19:06:49+00:00 ERR (3) 404 Seite nicht gefunden
REMOTE_ADDR: 46.118.116.28
HTTP_REFERER: 
requested: array(3) {
  ["controller"] => string(9) "wordpress"
  ["action"] => string(12) "wp-login.php"
  ["module"] => string(7) "default"
}


--------------------------------------------------------------------------------
2018-03-18T19:06:49+00:00 ERR (3) 404 Seite nicht gefunden
REMOTE_ADDR: 46.118.116.28
HTTP_REFERER: 
requested: array(3) {
  ["controller"] => string(4) "blog"
  ["action"] => string(12) "wp-login.php"
  ["module"] => string(7) "default"
}


--------------------------------------------------------------------------------
2018-03-18T19:06:50+00:00 ERR (3) 404 Seite nicht gefunden
REMOTE_ADDR: 46.118.116.28
HTTP_REFERER: 
requested: array(3) {
  ["controller"] => string(12) "wp-login.php"
  ["action"] => string(5) "index"
  ["module"] => string(7) "default"
}


--------------------------------------------------------------------------------
2018-03-18T21:27:12+00:00 ERR (3) 404 Seite nicht gefunden
REMOTE_ADDR: 78.61.2.96
HTTP_REFERER: 
requested: array(3) {
  ["controller"] => string(12) "wp-login.php"
  ["action"] => string(5) "index"
  ["module"] => string(7) "default"
}


--------------------------------------------------------------------------------
2018-03-18T21:45:28+00:00 ERR (3) 404 "competences" was not found.
REMOTE_ADDR: 85.25.236.93
HTTP_REFERER: 
requested: array(5) {
  ["lang"] => string(2) "de"
  ["action"] => string(4) "page"
  ["key"] => string(11) "competences"
  ["module"] => string(7) "default"
  ["controller"] => string(5) "index"
}


--------------------------------------------------------------------------------
2018-03-18T21:45:44+00:00 ERR (3) 404 "competences" was not found.
REMOTE_ADDR: 85.25.236.93
HTTP_REFERER: 
requested: array(5) {
  ["lang"] => string(2) "en"
  ["action"] => string(4) "page"
  ["key"] => string(11) "competences"
  ["module"] => string(7) "default"
  ["controller"] => string(5) "index"
}


--------------------------------------------------------------------------------
2018-03-18T22:00:13+00:00 ERR (3) 404 "hire-lasse" was not found.
REMOTE_ADDR: 85.25.236.93
HTTP_REFERER: 
requested: array(5) {
  ["lang"] => string(2) "de"
  ["action"] => string(4) "page"
  ["key"] => string(10) "hire-lasse"
  ["module"] => string(7) "default"
  ["controller"] => string(5) "index"
}


--------------------------------------------------------------------------------
2018-03-18T22:01:08+00:00 ERR (3) 404 "hire-lasse" was not found.
REMOTE_ADDR: 85.25.236.93
HTTP_REFERER: 
requested: array(5) {
  ["lang"] => string(2) "en"
  ["action"] => string(4) "page"
  ["key"] => string(10) "hire-lasse"
  ["module"] => string(7) "default"
  ["controller"] => string(5) "index"
}


--------------------------------------------------------------------------------
2018-03-18T22:23:43+00:00 ERR (3) 404 Seite nicht gefunden
REMOTE_ADDR: 183.99.160.76
HTTP_REFERER: 
requested: array(3) {
  ["controller"] => string(12) "wp-login.php"
  ["action"] => string(5) "index"
  ["module"] => string(7) "default"
}


--------------------------------------------------------------------------------
2018-03-18T22:30:19+00:00 ERR (3) 404 Seite nicht gefunden
REMOTE_ADDR: 89.34.227.234
HTTP_REFERER: 
requested: array(3) {
  ["controller"] => string(12) "wp-login.php"
  ["action"] => string(5) "index"
  ["module"] => string(7) "default"
}


--------------------------------------------------------------------------------
2018-03-18T22:40:21+00:00 ERR (3) 404 Seite nicht gefunden
REMOTE_ADDR: 190.98.88.198
HTTP_REFERER: 
requested: array(3) {
  ["controller"] => string(12) "wp-login.php"
  ["action"] => string(5) "index"
  ["module"] => string(7) "default"
}


--------------------------------------------------------------------------------
