2019-03-08T03:14:26+00:00 ERR (3) 404 Seite nicht gefunden
REMOTE_ADDR: 78.30.4.68
HTTP_REFERER: 
requested: array(3) {
  ["controller"] => string(6) "https:"
  ["action"] => string(19) "silber-und-blei.com"
  ["module"] => string(7) "default"
}


--------------------------------------------------------------------------------
2019-03-08T03:42:56+00:00 ERR (3) 404 Seite nicht gefunden
REMOTE_ADDR: 78.30.4.68
HTTP_REFERER: 
requested: array(4) {
  ["controller"] => string(6) "https:"
  [""] => string(19) "silber-und-blei.com"
  ["action"] => string(5) "index"
  ["module"] => string(7) "default"
}


--------------------------------------------------------------------------------
2019-03-08T07:44:29+00:00 ERR (3) 404 Seite nicht gefunden
REMOTE_ADDR: 172.111.129.37
HTTP_REFERER: 
requested: array(3) {
  ["controller"] => string(6) "https:"
  ["action"] => string(19) "silber-und-blei.com"
  ["module"] => string(7) "default"
}


--------------------------------------------------------------------------------
2019-03-08T15:57:06+00:00 ERR (3) 404 Seite nicht gefunden
REMOTE_ADDR: 144.76.96.236
HTTP_REFERER: 
requested: array(3) {
  ["controller"] => string(5) "diary"
  ["action"] => string(4) "atom"
  ["module"] => string(7) "default"
}


--------------------------------------------------------------------------------
2019-03-08T17:03:57+00:00 ERR (3) 404 "" was not found.
REMOTE_ADDR: 136.243.33.232
HTTP_REFERER: 
requested: array(5) {
  ["lang"] => string(2) "de"
  ["action"] => string(7) "archive"
  ["module"] => string(7) "default"
  ["controller"] => string(5) "index"
  ["key"] => string(0) ""
}


--------------------------------------------------------------------------------
2019-03-08T17:04:28+00:00 ERR (3) 404 "hire-lasse" was not found.
REMOTE_ADDR: 136.243.33.232
HTTP_REFERER: 
requested: array(5) {
  ["lang"] => string(2) "de"
  ["action"] => string(4) "page"
  ["key"] => string(10) "hire-lasse"
  ["module"] => string(7) "default"
  ["controller"] => string(5) "index"
}


--------------------------------------------------------------------------------
2019-03-08T20:57:53+00:00 ERR (3) 404 Seite nicht gefunden
REMOTE_ADDR: 109.102.111.67
HTTP_REFERER: 
requested: array(4) {
  ["controller"] => string(6) "https:"
  [""] => string(19) "silber-und-blei.com"
  ["action"] => string(5) "index"
  ["module"] => string(7) "default"
}


--------------------------------------------------------------------------------
2019-03-08T20:58:45+00:00 ERR (3) 404 Page not found
REMOTE_ADDR: 109.102.111.67
HTTP_REFERER: 
requested: array(5) {
  ["lang"] => string(2) "en"
  ["action"] => string(6) "https:"
  ["key"] => string(0) ""
  ["module"] => string(7) "default"
  ["controller"] => string(5) "index"
}


--------------------------------------------------------------------------------
