2018-10-06T02:09:59+00:00 ERR (3) 404 Seite nicht gefunden
REMOTE_ADDR: 47.91.158.122
HTTP_REFERER: 
requested: array(3) {
  ["controller"] => string(6) "status"
  ["action"] => string(5) "index"
  ["module"] => string(7) "default"
}


--------------------------------------------------------------------------------
2018-10-06T02:10:07+00:00 ERR (3) 404 Seite nicht gefunden
REMOTE_ADDR: 47.91.158.122
HTTP_REFERER: 
requested: array(3) {
  ["controller"] => string(10) "phpMyAdmin"
  ["action"] => string(7) "scripts"
  ["module"] => string(7) "default"
}


--------------------------------------------------------------------------------
2018-10-06T03:40:35+00:00 ERR (3) 404 Seite nicht gefunden
REMOTE_ADDR: 148.163.87.145
HTTP_REFERER: 
requested: array(3) {
  ["controller"] => string(6) "https:"
  ["action"] => string(19) "silber-und-blei.com"
  ["module"] => string(7) "default"
}


--------------------------------------------------------------------------------
2018-10-06T10:33:23+00:00 ERR (3) 404 Seite nicht gefunden
REMOTE_ADDR: 148.163.87.145
HTTP_REFERER: 
requested: array(4) {
  ["controller"] => string(6) "https:"
  [""] => string(19) "silber-und-blei.com"
  ["action"] => string(5) "index"
  ["module"] => string(7) "default"
}


--------------------------------------------------------------------------------
2018-10-06T13:28:14+00:00 ERR (3) 404 Seite nicht gefunden
REMOTE_ADDR: 139.199.37.92
HTTP_REFERER: 
requested: array(3) {
  ["controller"] => string(10) "phpMyAdmin"
  ["action"] => string(7) "scripts"
  ["module"] => string(7) "default"
}


--------------------------------------------------------------------------------
2018-10-06T13:28:15+00:00 ERR (3) 404 Seite nicht gefunden
REMOTE_ADDR: 139.199.37.92
HTTP_REFERER: 
requested: array(3) {
  ["controller"] => string(7) "scripts"
  ["action"] => string(9) "setup.php"
  ["module"] => string(7) "default"
}


--------------------------------------------------------------------------------
2018-10-06T13:28:15+00:00 ERR (3) 404 Seite nicht gefunden
REMOTE_ADDR: 139.199.37.92
HTTP_REFERER: 
requested: array(3) {
  ["controller"] => string(3) "pma"
  ["action"] => string(7) "scripts"
  ["module"] => string(7) "default"
}


--------------------------------------------------------------------------------
2018-10-06T13:28:16+00:00 ERR (3) 404 Seite nicht gefunden
REMOTE_ADDR: 139.199.37.92
HTTP_REFERER: 
requested: array(3) {
  ["controller"] => string(10) "xmlrpc.php"
  ["action"] => string(5) "index"
  ["module"] => string(7) "default"
}


--------------------------------------------------------------------------------
2018-10-06T16:11:56+00:00 ERR (3) 404 Seite nicht gefunden
REMOTE_ADDR: 47.52.248.191
HTTP_REFERER: 
requested: array(4) {
  ["controller"] => string(6) "status"
  ["action"] => string(5) "index"
  ["module"] => string(7) "default"
  ["full"] => string(0) ""
}


--------------------------------------------------------------------------------
2018-10-06T16:11:57+00:00 ERR (3) 404 Seite nicht gefunden
REMOTE_ADDR: 47.52.248.191
HTTP_REFERER: 
requested: array(3) {
  ["controller"] => string(10) "phpMyAdmin"
  ["action"] => string(7) "scripts"
  ["module"] => string(7) "default"
}


--------------------------------------------------------------------------------
2018-10-06T16:11:58+00:00 ERR (3) 404 Seite nicht gefunden
REMOTE_ADDR: 47.52.248.191
HTTP_REFERER: 
requested: array(3) {
  ["controller"] => string(10) "phpmyadmin"
  ["action"] => string(7) "scripts"
  ["module"] => string(7) "default"
}


--------------------------------------------------------------------------------
2018-10-06T16:11:59+00:00 ERR (3) 404 Seite nicht gefunden
REMOTE_ADDR: 47.52.248.191
HTTP_REFERER: 
requested: array(3) {
  ["controller"] => string(11) "_phpMyAdmin"
  ["action"] => string(7) "scripts"
  ["module"] => string(7) "default"
}


--------------------------------------------------------------------------------
2018-10-06T16:12:00+00:00 ERR (3) 404 Seite nicht gefunden
REMOTE_ADDR: 47.52.248.191
HTTP_REFERER: 
requested: array(3) {
  ["controller"] => string(5) "admin"
  ["action"] => string(7) "scripts"
  ["module"] => string(7) "default"
}


--------------------------------------------------------------------------------
2018-10-06T16:12:00+00:00 ERR (3) 404 Seite nicht gefunden
REMOTE_ADDR: 47.52.248.191
HTTP_REFERER: 
requested: array(3) {
  ["controller"] => string(7) "scripts"
  ["action"] => string(9) "setup.php"
  ["module"] => string(7) "default"
}


--------------------------------------------------------------------------------
2018-10-06T16:12:01+00:00 ERR (3) 404 Seite nicht gefunden
REMOTE_ADDR: 47.52.248.191
HTTP_REFERER: 
requested: array(3) {
  ["controller"] => string(3) "pma"
  ["action"] => string(7) "scripts"
  ["module"] => string(7) "default"
}


--------------------------------------------------------------------------------
2018-10-06T16:14:40+00:00 ERR (3) 404 Page not found
REMOTE_ADDR: 209.90.225.226
HTTP_REFERER: http://graphicore.de/wp-content/themes/qualifire/style.css
requested: array(4) {
  ["controller"] => string(10) "wp-content"
  ["action"] => string(6) "themes"
  ["qualifire"] => string(9) "style.css"
  ["module"] => string(7) "default"
}


--------------------------------------------------------------------------------
2018-10-06T19:05:50+00:00 ERR (3) 404 "competences" was not found.
REMOTE_ADDR: 77.119.129.119
HTTP_REFERER: http://graphicore.de/en/page/lasse
requested: array(6) {
  ["lang"] => string(2) "en"
  ["action"] => string(4) "page"
  ["key"] => string(11) "competences"
  ["module"] => string(7) "default"
  ["controller"] => string(5) "index"
  ["ajax"] => string(4) "true"
}


--------------------------------------------------------------------------------
2018-10-06T19:12:28+00:00 ERR (3) 404 Seite nicht gefunden
REMOTE_ADDR: 199.249.230.69
HTTP_REFERER: 
requested: array(3) {
  ["controller"] => string(12) "wp-query.php"
  ["action"] => string(5) "index"
  ["module"] => string(7) "default"
}


--------------------------------------------------------------------------------
2018-10-06T21:46:51+00:00 ERR (3) 404 "hire-lasse" was not found.
REMOTE_ADDR: 54.36.148.64
HTTP_REFERER: 
requested: array(5) {
  ["lang"] => string(2) "en"
  ["action"] => string(4) "page"
  ["key"] => string(10) "hire-lasse"
  ["module"] => string(7) "default"
  ["controller"] => string(5) "index"
}


--------------------------------------------------------------------------------
