2012-08-03T03:26:10+00:00 ERR (3) 404 "topic" was not found.
REMOTE_ADDR: 91.201.64.115
HTTP_REFERER: http://graphicore.de/de/index/topic/intern/news/
requested: array(6) {
  ["lang"] => string(2) "de"
  ["action"] => string(5) "index"
  ["key"] => string(5) "topic"
  ["intern"] => string(4) "news"
  ["module"] => string(7) "default"
  ["controller"] => string(5) "index"
}


--------------------------------------------------------------------------------
2012-08-03T12:32:14+00:00 ERR (3) 404 Seite nicht gefunden
REMOTE_ADDR: 178.95.65.62
HTTP_REFERER: http://graphicore.de/forum/index.php
requested: array(3) {
  ["controller"] => string(5) "forum"
  ["action"] => string(9) "index.php"
  ["module"] => string(7) "default"
}


--------------------------------------------------------------------------------
2012-08-03T13:00:02+00:00 ERR (3) 404 Seite nicht gefunden
REMOTE_ADDR: 128.75.181.253
HTTP_REFERER: 
requested: array(3) {
  ["controller"] => string(13) "administrator"
  ["action"] => string(9) "index.php"
  ["module"] => string(7) "default"
}


--------------------------------------------------------------------------------
2012-08-03T13:15:33+00:00 ERR (3) 404 Seite nicht gefunden
REMOTE_ADDR: 128.75.181.253
HTTP_REFERER: 
requested: array(3) {
  ["controller"] => string(13) "administrator"
  ["action"] => string(9) "index.php"
  ["module"] => string(7) "default"
}


--------------------------------------------------------------------------------
2012-08-03T23:18:29+00:00 ERR (3) 404 "-" was not found.
REMOTE_ADDR: 85.25.110.111
HTTP_REFERER: 
requested: array(5) {
  ["lang"] => string(2) "de"
  ["action"] => string(4) "page"
  ["key"] => string(1) "-"
  ["module"] => string(7) "default"
  ["controller"] => string(5) "index"
}


--------------------------------------------------------------------------------
