2017-07-14T06:22:10+00:00 ERR (3) 404 "hire-lasse" was not found.
REMOTE_ADDR: 207.46.13.90
HTTP_REFERER: 
requested: array(5) {
  ["lang"] => string(2) "de"
  ["action"] => string(4) "page"
  ["key"] => string(10) "hire-lasse"
  ["module"] => string(7) "default"
  ["controller"] => string(5) "index"
}


--------------------------------------------------------------------------------
2017-07-14T08:26:22+00:00 ERR (3) 404 Seite nicht gefunden
REMOTE_ADDR: 92.247.179.245
HTTP_REFERER: 
requested: array(3) {
  ["controller"] => string(20) "apple-touch-icon.png"
  ["action"] => string(5) "index"
  ["module"] => string(7) "default"
}


--------------------------------------------------------------------------------
2017-07-14T08:26:22+00:00 ERR (3) 404 Seite nicht gefunden
REMOTE_ADDR: 92.247.179.245
HTTP_REFERER: 
requested: array(3) {
  ["controller"] => string(32) "apple-touch-icon-precomposed.png"
  ["action"] => string(5) "index"
  ["module"] => string(7) "default"
}


--------------------------------------------------------------------------------
2017-07-14T08:28:33+00:00 ERR (3) 404 Seite nicht gefunden
REMOTE_ADDR: 217.69.133.252
HTTP_REFERER: 
requested: array(3) {
  ["controller"] => string(11) "sitemap.xml"
  ["action"] => string(5) "index"
  ["module"] => string(7) "default"
}


--------------------------------------------------------------------------------
2017-07-14T12:53:16+00:00 ERR (3) 404 Seite nicht gefunden
REMOTE_ADDR: 46.45.181.120
HTTP_REFERER: 
requested: array(4) {
  ["controller"] => string(9) "wordpress"
  ["action"] => string(8) "wp-admin"
  ["module"] => string(7) "default"
  ["language"] => string(5) "en_US"
}


--------------------------------------------------------------------------------
2017-07-14T14:40:26+00:00 ERR (3) 404 "hire-lasse" was not found.
REMOTE_ADDR: 217.69.133.23
HTTP_REFERER: 
requested: array(5) {
  ["lang"] => string(2) "de"
  ["action"] => string(4) "page"
  ["key"] => string(10) "hire-lasse"
  ["module"] => string(7) "default"
  ["controller"] => string(5) "index"
}


--------------------------------------------------------------------------------
2017-07-14T19:21:27+00:00 ERR (3) 404 "hire-lasse" was not found.
REMOTE_ADDR: 217.69.133.252
HTTP_REFERER: 
requested: array(5) {
  ["lang"] => string(2) "en"
  ["action"] => string(4) "page"
  ["key"] => string(10) "hire-lasse"
  ["module"] => string(7) "default"
  ["controller"] => string(5) "index"
}


--------------------------------------------------------------------------------
2017-07-14T23:27:37+00:00 ERR (3) 404 "hire-lasse" was not found.
REMOTE_ADDR: 207.46.13.29
HTTP_REFERER: 
requested: array(5) {
  ["lang"] => string(2) "de"
  ["action"] => string(4) "page"
  ["key"] => string(10) "hire-lasse"
  ["module"] => string(7) "default"
  ["controller"] => string(5) "index"
}


--------------------------------------------------------------------------------
