2020-07-21T00:39:10+00:00 ERR (3) 404 Seite nicht gefunden
REMOTE_ADDR: 129.146.110.88
HTTP_REFERER: 
requested: array(3) {
  ["controller"] => string(4) ".env"
  ["action"] => string(5) "index"
  ["module"] => string(7) "default"
}


--------------------------------------------------------------------------------
2020-07-21T04:38:40+00:00 ERR (3) 404 Seite nicht gefunden
REMOTE_ADDR: 89.46.108.90
HTTP_REFERER: http://graphicore.de/
requested: array(3) {
  ["controller"] => string(8) "wp-admin"
  ["action"] => string(5) "index"
  ["module"] => string(7) "default"
}


--------------------------------------------------------------------------------
2020-07-21T06:40:26+00:00 ERR (3) 404 Seite nicht gefunden
REMOTE_ADDR: 69.30.236.250
HTTP_REFERER: 
requested: array(3) {
  ["controller"] => string(8) "concrete"
  ["action"] => string(6) "images"
  ["module"] => string(7) "default"
}


--------------------------------------------------------------------------------
2020-07-21T06:40:26+00:00 ERR (3) 404 Seite nicht gefunden
REMOTE_ADDR: 69.30.236.250
HTTP_REFERER: 
requested: array(4) {
  ["controller"] => string(8) "concrete"
  ["action"] => string(6) "themes"
  ["concrete"] => string(8) "main.css"
  ["module"] => string(7) "default"
}


--------------------------------------------------------------------------------
2020-07-21T06:40:27+00:00 ERR (3) 404 Seite nicht gefunden
REMOTE_ADDR: 69.30.236.250
HTTP_REFERER: 
requested: array(4) {
  ["controller"] => string(8) "concrete"
  ["action"] => string(3) "css"
  ["images"] => string(17) "chosen-sprite.png"
  ["module"] => string(7) "default"
}


--------------------------------------------------------------------------------
2020-07-21T06:40:27+00:00 ERR (3) 404 Seite nicht gefunden
REMOTE_ADDR: 69.30.236.250
HTTP_REFERER: 
requested: array(3) {
  ["controller"] => string(11) "LICENSE.TXT"
  ["action"] => string(5) "index"
  ["module"] => string(7) "default"
}


--------------------------------------------------------------------------------
2020-07-21T07:07:20+00:00 ERR (3) 404 "competences" was not found.
REMOTE_ADDR: 62.210.188.218
HTTP_REFERER: 
requested: array(5) {
  ["lang"] => string(2) "en"
  ["action"] => string(4) "page"
  ["key"] => string(11) "competences"
  ["module"] => string(7) "default"
  ["controller"] => string(5) "index"
}


--------------------------------------------------------------------------------
2020-07-21T09:40:32+00:00 ERR (3) 404 Seite nicht gefunden
REMOTE_ADDR: 24.69.165.227
HTTP_REFERER: 
requested: array(3) {
  ["controller"] => string(2) "js"
  ["action"] => string(4) "mage"
  ["module"] => string(7) "default"
}


--------------------------------------------------------------------------------
2020-07-21T10:18:32+00:00 ERR (3) 404 Seite nicht gefunden
REMOTE_ADDR: 85.214.62.28
HTTP_REFERER: 
requested: array(4) {
  ["controller"] => string(6) "vendor"
  ["action"] => string(7) "phpunit"
  ["phpunit"] => string(7) "LICENSE"
  ["module"] => string(7) "default"
}


--------------------------------------------------------------------------------
2020-07-21T10:33:48+00:00 ERR (3) 404 "anne" was not found.
REMOTE_ADDR: 66.249.66.200
HTTP_REFERER: 
requested: array(5) {
  ["lang"] => string(2) "en"
  ["action"] => string(4) "page"
  ["key"] => string(4) "anne"
  ["module"] => string(7) "default"
  ["controller"] => string(5) "index"
}


--------------------------------------------------------------------------------
2020-07-21T12:34:00+00:00 ERR (3) 404 "competences" was not found.
REMOTE_ADDR: 85.208.96.67
HTTP_REFERER: 
requested: array(5) {
  ["lang"] => string(2) "de"
  ["action"] => string(4) "page"
  ["key"] => string(11) "competences"
  ["module"] => string(7) "default"
  ["controller"] => string(5) "index"
}


--------------------------------------------------------------------------------
2020-07-21T15:03:10+00:00 ERR (3) 404 Seite nicht gefunden
REMOTE_ADDR: 94.130.64.96
HTTP_REFERER: 
requested: array(3) {
  ["controller"] => string(11) "sitemap.xml"
  ["action"] => string(5) "index"
  ["module"] => string(7) "default"
}


--------------------------------------------------------------------------------
2020-07-21T15:03:13+00:00 ERR (3) 404 Seite nicht gefunden
REMOTE_ADDR: 94.130.64.96
HTTP_REFERER: 
requested: array(3) {
  ["controller"] => string(11) "sitemap.xml"
  ["action"] => string(5) "index"
  ["module"] => string(7) "default"
}


--------------------------------------------------------------------------------
2020-07-21T15:42:39+00:00 ERR (3) 404 "competences" was not found.
REMOTE_ADDR: 66.249.66.202
HTTP_REFERER: 
requested: array(5) {
  ["lang"] => string(2) "de"
  ["action"] => string(4) "page"
  ["key"] => string(11) "competences"
  ["module"] => string(7) "default"
  ["controller"] => string(5) "index"
}


--------------------------------------------------------------------------------
2020-07-21T16:22:05+00:00 ERR (3) 404 Seite nicht gefunden
REMOTE_ADDR: 78.46.45.120
HTTP_REFERER: http://graphicore.de/
requested: array(3) {
  ["controller"] => string(2) "wp"
  ["action"] => string(8) "wp-admin"
  ["module"] => string(7) "default"
}


--------------------------------------------------------------------------------
2020-07-21T18:21:12+00:00 ERR (3) 404 Seite nicht gefunden
REMOTE_ADDR: 134.96.225.55
HTTP_REFERER: 
requested: array(3) {
  ["controller"] => string(4) ".git"
  ["action"] => string(6) "config"
  ["module"] => string(7) "default"
}


--------------------------------------------------------------------------------
