2019-08-14T10:11:14+00:00 ERR (3) 404 "competences" was not found.
REMOTE_ADDR: 35.195.75.254
HTTP_REFERER: 
requested: array(5) {
  ["lang"] => string(2) "de"
  ["action"] => string(4) "page"
  ["key"] => string(11) "competences"
  ["module"] => string(7) "default"
  ["controller"] => string(5) "index"
}


--------------------------------------------------------------------------------
2019-08-14T10:11:52+00:00 ERR (3) 404 "hire-lasse" was not found.
REMOTE_ADDR: 35.195.75.254
HTTP_REFERER: 
requested: array(5) {
  ["lang"] => string(2) "de"
  ["action"] => string(4) "page"
  ["key"] => string(10) "hire-lasse"
  ["module"] => string(7) "default"
  ["controller"] => string(5) "index"
}


--------------------------------------------------------------------------------
2019-08-14T10:12:46+00:00 ERR (3) 404 "hire-lasse" was not found.
REMOTE_ADDR: 35.195.75.254
HTTP_REFERER: 
requested: array(5) {
  ["lang"] => string(2) "en"
  ["action"] => string(4) "page"
  ["key"] => string(10) "hire-lasse"
  ["module"] => string(7) "default"
  ["controller"] => string(5) "index"
}


--------------------------------------------------------------------------------
2019-08-14T10:12:46+00:00 ERR (3) 404 "competences" was not found.
REMOTE_ADDR: 35.195.75.254
HTTP_REFERER: 
requested: array(5) {
  ["lang"] => string(2) "en"
  ["action"] => string(4) "page"
  ["key"] => string(11) "competences"
  ["module"] => string(7) "default"
  ["controller"] => string(5) "index"
}


--------------------------------------------------------------------------------
2019-08-14T10:12:55+00:00 ERR (3) 404 Seite nicht gefunden
REMOTE_ADDR: 35.195.75.254
HTTP_REFERER: 
requested: array(3) {
  ["controller"] => string(11) "install.php"
  ["action"] => string(5) "index"
  ["module"] => string(7) "default"
}


--------------------------------------------------------------------------------
2019-08-14T10:12:55+00:00 ERR (3) 404 Seite nicht gefunden
REMOTE_ADDR: 35.195.75.254
HTTP_REFERER: 
requested: array(3) {
  ["controller"] => string(4) "util"
  ["action"] => string(10) "login.aspx"
  ["module"] => string(7) "default"
}


--------------------------------------------------------------------------------
2019-08-14T10:12:55+00:00 ERR (3) 404 Seite nicht gefunden
REMOTE_ADDR: 35.195.75.254
HTTP_REFERER: 
requested: array(3) {
  ["controller"] => string(15) "magento_version"
  ["action"] => string(5) "index"
  ["module"] => string(7) "default"
}


--------------------------------------------------------------------------------
2019-08-14T15:23:50+00:00 ERR (3) 404 Page not found
REMOTE_ADDR: 51.68.152.26
HTTP_REFERER: 
requested: array(3) {
  ["controller"] => string(5) "admin"
  ["action"] => string(5) "index"
  ["module"] => string(7) "default"
}


--------------------------------------------------------------------------------
2019-08-14T16:40:37+00:00 ERR (3) 404 Seite nicht gefunden
REMOTE_ADDR: 111.230.34.186
HTTP_REFERER: 
requested: array(3) {
  ["controller"] => string(9) "wordpress"
  ["action"] => string(8) "wp-admin"
  ["module"] => string(7) "default"
}


--------------------------------------------------------------------------------
2019-08-14T17:03:42+00:00 ERR (3) 404 Page not found
REMOTE_ADDR: 35.232.208.113
HTTP_REFERER: 
requested: array(4) {
  ["controller"] => string(6) "vendor"
  ["action"] => string(7) "phpunit"
  ["phpunit"] => string(11) "phpunit.xsd"
  ["module"] => string(7) "default"
}


--------------------------------------------------------------------------------
2019-08-14T17:27:11+00:00 ERR (3) 404 "hire-lasse" was not found.
REMOTE_ADDR: 77.75.78.161
HTTP_REFERER: 
requested: array(5) {
  ["lang"] => string(2) "de"
  ["action"] => string(4) "page"
  ["key"] => string(10) "hire-lasse"
  ["module"] => string(7) "default"
  ["controller"] => string(5) "index"
}


--------------------------------------------------------------------------------
2019-08-14T19:15:04+00:00 ERR (3) 404 Seite nicht gefunden
REMOTE_ADDR: 66.249.64.58
HTTP_REFERER: 
requested: array(3) {
  ["controller"] => string(3) "lib"
  ["action"] => string(5) "index"
  ["module"] => string(7) "default"
}


--------------------------------------------------------------------------------
2019-08-14T21:03:36+00:00 ERR (3) 404 Page not found
REMOTE_ADDR: 35.232.208.113
HTTP_REFERER: 
requested: array(4) {
  ["controller"] => string(6) "vendor"
  ["action"] => string(7) "phpunit"
  ["phpunit"] => string(11) "phpunit.xsd"
  ["module"] => string(7) "default"
}


--------------------------------------------------------------------------------
