2012-08-20T02:48:04+00:00 ERR (3) 404 "story" was not found.
REMOTE_ADDR: 213.83.21.18
HTTP_REFERER: 
requested: array(6) {
  ["lang"] => string(2) "en"
  ["action"] => string(5) "index"
  ["key"] => string(5) "story"
  ["intern"] => string(6) "abraum"
  ["module"] => string(7) "default"
  ["controller"] => string(5) "index"
}


--------------------------------------------------------------------------------
2012-08-20T03:08:11+00:00 ERR (3) 404 Seite nicht gefunden
REMOTE_ADDR: 74.118.192.202
HTTP_REFERER: 
requested: array(4) {
  ["controller"] => string(5) "forum"
  ["action"] => string(13) "viewtopic.php"
  ["module"] => string(7) "default"
  ["p"] => string(2) "13"
}


--------------------------------------------------------------------------------
2012-08-20T03:08:14+00:00 ERR (3) 404 Seite nicht gefunden
REMOTE_ADDR: 74.118.192.202
HTTP_REFERER: 
requested: array(4) {
  ["controller"] => string(5) "forum"
  ["action"] => string(13) "viewtopic.php"
  ["module"] => string(7) "default"
  ["p"] => string(2) "14"
}


--------------------------------------------------------------------------------
2012-08-20T03:08:18+00:00 ERR (3) 404 Seite nicht gefunden
REMOTE_ADDR: 74.118.192.202
HTTP_REFERER: 
requested: array(4) {
  ["controller"] => string(5) "forum"
  ["action"] => string(13) "viewtopic.php"
  ["module"] => string(7) "default"
  ["p"] => string(2) "15"
}


--------------------------------------------------------------------------------
2012-08-20T03:08:22+00:00 ERR (3) 404 Seite nicht gefunden
REMOTE_ADDR: 74.118.192.202
HTTP_REFERER: 
requested: array(4) {
  ["controller"] => string(5) "forum"
  ["action"] => string(13) "viewtopic.php"
  ["module"] => string(7) "default"
  ["p"] => string(2) "17"
}


--------------------------------------------------------------------------------
2012-08-20T03:08:26+00:00 ERR (3) 404 Seite nicht gefunden
REMOTE_ADDR: 74.118.192.202
HTTP_REFERER: 
requested: array(4) {
  ["controller"] => string(5) "forum"
  ["action"] => string(13) "viewtopic.php"
  ["module"] => string(7) "default"
  ["p"] => string(2) "41"
}


--------------------------------------------------------------------------------
2012-08-20T03:08:31+00:00 ERR (3) 404 Seite nicht gefunden
REMOTE_ADDR: 74.118.192.202
HTTP_REFERER: 
requested: array(4) {
  ["controller"] => string(5) "forum"
  ["action"] => string(13) "viewtopic.php"
  ["module"] => string(7) "default"
  ["p"] => string(2) "42"
}


--------------------------------------------------------------------------------
2012-08-20T03:08:36+00:00 ERR (3) 404 Seite nicht gefunden
REMOTE_ADDR: 74.118.192.202
HTTP_REFERER: 
requested: array(4) {
  ["controller"] => string(5) "forum"
  ["action"] => string(13) "viewtopic.php"
  ["module"] => string(7) "default"
  ["p"] => string(2) "44"
}


--------------------------------------------------------------------------------
2012-08-20T03:08:40+00:00 ERR (3) 404 Seite nicht gefunden
REMOTE_ADDR: 74.118.192.202
HTTP_REFERER: 
requested: array(4) {
  ["controller"] => string(5) "forum"
  ["action"] => string(13) "viewtopic.php"
  ["module"] => string(7) "default"
  ["p"] => string(2) "46"
}


--------------------------------------------------------------------------------
2012-08-20T03:08:44+00:00 ERR (3) 404 Seite nicht gefunden
REMOTE_ADDR: 74.118.192.202
HTTP_REFERER: 
requested: array(4) {
  ["controller"] => string(5) "forum"
  ["action"] => string(13) "viewtopic.php"
  ["module"] => string(7) "default"
  ["p"] => string(2) "48"
}


--------------------------------------------------------------------------------
2012-08-20T03:08:49+00:00 ERR (3) 404 Seite nicht gefunden
REMOTE_ADDR: 74.118.192.202
HTTP_REFERER: 
requested: array(4) {
  ["controller"] => string(5) "forum"
  ["action"] => string(13) "viewtopic.php"
  ["module"] => string(7) "default"
  ["p"] => string(2) "50"
}


--------------------------------------------------------------------------------
2012-08-20T03:08:53+00:00 ERR (3) 404 Seite nicht gefunden
REMOTE_ADDR: 74.118.192.202
HTTP_REFERER: 
requested: array(4) {
  ["controller"] => string(5) "forum"
  ["action"] => string(13) "viewtopic.php"
  ["module"] => string(7) "default"
  ["p"] => string(2) "57"
}


--------------------------------------------------------------------------------
2012-08-20T03:08:58+00:00 ERR (3) 404 Seite nicht gefunden
REMOTE_ADDR: 74.118.192.202
HTTP_REFERER: 
requested: array(4) {
  ["controller"] => string(5) "forum"
  ["action"] => string(13) "viewtopic.php"
  ["module"] => string(7) "default"
  ["p"] => string(2) "58"
}


--------------------------------------------------------------------------------
2012-08-20T03:09:02+00:00 ERR (3) 404 Seite nicht gefunden
REMOTE_ADDR: 74.118.192.202
HTTP_REFERER: 
requested: array(4) {
  ["controller"] => string(5) "forum"
  ["action"] => string(13) "viewtopic.php"
  ["module"] => string(7) "default"
  ["p"] => string(2) "59"
}


--------------------------------------------------------------------------------
2012-08-20T03:09:07+00:00 ERR (3) 404 Seite nicht gefunden
REMOTE_ADDR: 74.118.192.202
HTTP_REFERER: 
requested: array(4) {
  ["controller"] => string(5) "forum"
  ["action"] => string(13) "viewtopic.php"
  ["module"] => string(7) "default"
  ["p"] => string(2) "60"
}


--------------------------------------------------------------------------------
2012-08-20T03:09:12+00:00 ERR (3) 404 Seite nicht gefunden
REMOTE_ADDR: 74.118.192.202
HTTP_REFERER: 
requested: array(4) {
  ["controller"] => string(5) "forum"
  ["action"] => string(13) "viewtopic.php"
  ["module"] => string(7) "default"
  ["t"] => string(1) "9"
}


--------------------------------------------------------------------------------
2012-08-20T10:11:39+00:00 ERR (3) 404 Seite nicht gefunden
REMOTE_ADDR: 218.86.51.217
HTTP_REFERER: http://graphicore.de/forum/index.php
requested: array(3) {
  ["controller"] => string(5) "forum"
  ["action"] => string(9) "index.php"
  ["module"] => string(7) "default"
}


--------------------------------------------------------------------------------
