2011-11-01T15:30:57+00:00 ERR (3) 404 "" was not found.
REMOTE_ADDR: 89.182.87.49
HTTP_REFERER: 
requested: array(5) {
  ["lang"] => string(2) "de"
  ["action"] => string(7) "archive"
  ["module"] => string(7) "default"
  ["controller"] => string(5) "index"
  ["key"] => string(0) ""
}


--------------------------------------------------------------------------------
2011-11-01T17:29:28+00:00 ERR (3) 404 Seite nicht gefunden
REMOTE_ADDR: 67.228.91.67
HTTP_REFERER: 
requested: array(3) {
  ["controller"] => string(10) "phpmyadmin"
  ["action"] => string(9) "index.php"
  ["module"] => string(7) "default"
}


--------------------------------------------------------------------------------
2011-11-01T17:29:29+00:00 ERR (3) 404 Seite nicht gefunden
REMOTE_ADDR: 67.228.91.67
HTTP_REFERER: 
requested: array(3) {
  ["controller"] => string(10) "phpMyAdmin"
  ["action"] => string(9) "index.php"
  ["module"] => string(7) "default"
}


--------------------------------------------------------------------------------
2011-11-01T17:29:29+00:00 ERR (3) 404 Seite nicht gefunden
REMOTE_ADDR: 67.228.91.67
HTTP_REFERER: 
requested: array(3) {
  ["controller"] => string(3) "PMA"
  ["action"] => string(9) "index.php"
  ["module"] => string(7) "default"
}


--------------------------------------------------------------------------------
2011-11-01T17:29:30+00:00 ERR (3) 404 Seite nicht gefunden
REMOTE_ADDR: 67.228.91.67
HTTP_REFERER: 
requested: array(3) {
  ["controller"] => string(3) "pma"
  ["action"] => string(9) "index.php"
  ["module"] => string(7) "default"
}


--------------------------------------------------------------------------------
2011-11-01T17:29:30+00:00 ERR (3) 404 Seite nicht gefunden
REMOTE_ADDR: 67.228.91.67
HTTP_REFERER: 
requested: array(3) {
  ["controller"] => string(5) "admin"
  ["action"] => string(9) "index.php"
  ["module"] => string(7) "default"
}


--------------------------------------------------------------------------------
2011-11-01T17:29:31+00:00 ERR (3) 404 Seite nicht gefunden
REMOTE_ADDR: 67.228.91.67
HTTP_REFERER: 
requested: array(3) {
  ["controller"] => string(7) "dbadmin"
  ["action"] => string(9) "index.php"
  ["module"] => string(7) "default"
}


--------------------------------------------------------------------------------
2011-11-01T17:29:31+00:00 ERR (3) 404 Seite nicht gefunden
REMOTE_ADDR: 67.228.91.67
HTTP_REFERER: 
requested: array(3) {
  ["controller"] => string(5) "mysql"
  ["action"] => string(9) "index.php"
  ["module"] => string(7) "default"
}


--------------------------------------------------------------------------------
2011-11-01T17:29:32+00:00 ERR (3) 404 Seite nicht gefunden
REMOTE_ADDR: 67.228.91.67
HTTP_REFERER: 
requested: array(3) {
  ["controller"] => string(7) "myadmin"
  ["action"] => string(9) "index.php"
  ["module"] => string(7) "default"
}


--------------------------------------------------------------------------------
2011-11-01T17:29:33+00:00 ERR (3) 404 Seite nicht gefunden
REMOTE_ADDR: 67.228.91.67
HTTP_REFERER: 
requested: array(3) {
  ["controller"] => string(11) "phpmyadmin2"
  ["action"] => string(9) "index.php"
  ["module"] => string(7) "default"
}


--------------------------------------------------------------------------------
2011-11-01T17:29:33+00:00 ERR (3) 404 Seite nicht gefunden
REMOTE_ADDR: 67.228.91.67
HTTP_REFERER: 
requested: array(3) {
  ["controller"] => string(11) "phpMyAdmin2"
  ["action"] => string(9) "index.php"
  ["module"] => string(7) "default"
}


--------------------------------------------------------------------------------
2011-11-01T17:29:34+00:00 ERR (3) 404 Seite nicht gefunden
REMOTE_ADDR: 67.228.91.67
HTTP_REFERER: 
requested: array(3) {
  ["controller"] => string(12) "phpMyAdmin-2"
  ["action"] => string(9) "index.php"
  ["module"] => string(7) "default"
}


--------------------------------------------------------------------------------
2011-11-01T17:29:35+00:00 ERR (3) 404 Seite nicht gefunden
REMOTE_ADDR: 67.228.91.67
HTTP_REFERER: 
requested: array(3) {
  ["controller"] => string(12) "php-my-admin"
  ["action"] => string(9) "index.php"
  ["module"] => string(7) "default"
}


--------------------------------------------------------------------------------
2011-11-01T17:29:35+00:00 ERR (3) 404 Seite nicht gefunden
REMOTE_ADDR: 67.228.91.67
HTTP_REFERER: 
requested: array(3) {
  ["controller"] => string(10) "sqlmanager"
  ["action"] => string(9) "index.php"
  ["module"] => string(7) "default"
}


--------------------------------------------------------------------------------
2011-11-01T17:29:36+00:00 ERR (3) 404 Seite nicht gefunden
REMOTE_ADDR: 67.228.91.67
HTTP_REFERER: 
requested: array(3) {
  ["controller"] => string(12) "mysqlmanager"
  ["action"] => string(9) "index.php"
  ["module"] => string(7) "default"
}


--------------------------------------------------------------------------------
2011-11-01T17:29:36+00:00 ERR (3) 404 Seite nicht gefunden
REMOTE_ADDR: 67.228.91.67
HTTP_REFERER: 
requested: array(4) {
  ["controller"] => string(1) "p"
  ["action"] => string(1) "m"
  ["a"] => string(9) "index.php"
  ["module"] => string(7) "default"
}


--------------------------------------------------------------------------------
2011-11-01T17:29:37+00:00 ERR (3) 404 Seite nicht gefunden
REMOTE_ADDR: 67.228.91.67
HTTP_REFERER: 
requested: array(3) {
  ["controller"] => string(7) "PMA2005"
  ["action"] => string(9) "index.php"
  ["module"] => string(7) "default"
}


--------------------------------------------------------------------------------
2011-11-01T17:29:37+00:00 ERR (3) 404 Seite nicht gefunden
REMOTE_ADDR: 67.228.91.67
HTTP_REFERER: 
requested: array(3) {
  ["controller"] => string(7) "pma2005"
  ["action"] => string(9) "index.php"
  ["module"] => string(7) "default"
}


--------------------------------------------------------------------------------
2011-11-01T17:29:38+00:00 ERR (3) 404 Seite nicht gefunden
REMOTE_ADDR: 67.228.91.67
HTTP_REFERER: 
requested: array(3) {
  ["controller"] => string(10) "phpmanager"
  ["action"] => string(9) "index.php"
  ["module"] => string(7) "default"
}


--------------------------------------------------------------------------------
2011-11-01T17:29:39+00:00 ERR (3) 404 Seite nicht gefunden
REMOTE_ADDR: 67.228.91.67
HTTP_REFERER: 
requested: array(3) {
  ["controller"] => string(11) "php-myadmin"
  ["action"] => string(9) "index.php"
  ["module"] => string(7) "default"
}


--------------------------------------------------------------------------------
2011-11-01T17:29:39+00:00 ERR (3) 404 Seite nicht gefunden
REMOTE_ADDR: 67.228.91.67
HTTP_REFERER: 
requested: array(3) {
  ["controller"] => string(11) "phpmy-admin"
  ["action"] => string(9) "index.php"
  ["module"] => string(7) "default"
}


--------------------------------------------------------------------------------
2011-11-01T17:29:40+00:00 ERR (3) 404 Seite nicht gefunden
REMOTE_ADDR: 67.228.91.67
HTTP_REFERER: 
requested: array(3) {
  ["controller"] => string(8) "webadmin"
  ["action"] => string(9) "index.php"
  ["module"] => string(7) "default"
}


--------------------------------------------------------------------------------
2011-11-01T17:29:40+00:00 ERR (3) 404 Seite nicht gefunden
REMOTE_ADDR: 67.228.91.67
HTTP_REFERER: 
requested: array(3) {
  ["controller"] => string(6) "sqlweb"
  ["action"] => string(9) "index.php"
  ["module"] => string(7) "default"
}


--------------------------------------------------------------------------------
2011-11-01T17:29:41+00:00 ERR (3) 404 Seite nicht gefunden
REMOTE_ADDR: 67.228.91.67
HTTP_REFERER: 
requested: array(3) {
  ["controller"] => string(6) "websql"
  ["action"] => string(9) "index.php"
  ["module"] => string(7) "default"
}


--------------------------------------------------------------------------------
2011-11-01T17:29:42+00:00 ERR (3) 404 Seite nicht gefunden
REMOTE_ADDR: 67.228.91.67
HTTP_REFERER: 
requested: array(3) {
  ["controller"] => string(5) "webdb"
  ["action"] => string(9) "index.php"
  ["module"] => string(7) "default"
}


--------------------------------------------------------------------------------
