2015-08-08T00:31:28+00:00 ERR (3) 404 Seite nicht gefunden
REMOTE_ADDR: 192.187.126.162
HTTP_REFERER: 
requested: array(4) {
  ["controller"] => string(17) "SiteEngineManager"
  ["action"] => string(10) "components"
  ["Editor"] => string(12) "assetmanager"
  ["module"] => string(7) "default"
}


--------------------------------------------------------------------------------
2015-08-08T01:40:54+00:00 ERR (3) 404 Seite nicht gefunden
REMOTE_ADDR: 74.208.125.209
HTTP_REFERER: 
requested: array(4) {
  ["controller"] => string(6) "https:"
  [""] => string(19) "silber-und-blei.com"
  ["action"] => string(5) "index"
  ["module"] => string(7) "default"
}


--------------------------------------------------------------------------------
2015-08-08T01:40:56+00:00 ERR (3) 404 Seite nicht gefunden
REMOTE_ADDR: 74.208.125.209
HTTP_REFERER: 
requested: array(3) {
  ["controller"] => string(2) "js"
  ["action"] => string(1) "'"
  ["module"] => string(7) "default"
}


--------------------------------------------------------------------------------
2015-08-08T04:40:43+00:00 ERR (3) 404 Seite nicht gefunden
REMOTE_ADDR: 192.187.126.162
HTTP_REFERER: 
requested: array(4) {
  ["controller"] => string(17) "SiteEngineManager"
  ["action"] => string(10) "components"
  ["Editor"] => string(12) "assetmanager"
  ["module"] => string(7) "default"
}


--------------------------------------------------------------------------------
2015-08-08T07:15:14+00:00 ERR (3) 404 "en" was not found.
REMOTE_ADDR: 208.115.111.73
HTTP_REFERER: 
requested: array(5) {
  ["lang"] => string(2) "de"
  ["action"] => string(7) "archive"
  ["key"] => string(2) "en"
  ["module"] => string(7) "default"
  ["controller"] => string(5) "index"
}


--------------------------------------------------------------------------------
2015-08-08T08:52:45+00:00 ERR (3) 404 Seite nicht gefunden
REMOTE_ADDR: 192.187.126.162
HTTP_REFERER: 
requested: array(5) {
  ["controller"] => string(5) "admin"
  ["action"] => string(17) "SiteEngineManager"
  ["components"] => string(6) "Editor"
  ["assetmanager"] => string(16) "assetmanager.asp"
  ["module"] => string(7) "default"
}


--------------------------------------------------------------------------------
2015-08-08T11:34:08+00:00 ERR (3) 404 Seite nicht gefunden
REMOTE_ADDR: 213.215.114.51
HTTP_REFERER: 
requested: array(5) {
  ["controller"] => string(9) "index.php"
  ["action"] => string(5) "index"
  ["module"] => string(7) "default"
  ["option"] => string(14) "com_adsmanager"
  ["task"] => string(6) "upload"
}


--------------------------------------------------------------------------------
2015-08-08T11:34:10+00:00 ERR (3) 404 "" was not found.
REMOTE_ADDR: 213.215.114.51
HTTP_REFERER: 
requested: array(7) {
  ["lang"] => string(2) "de"
  ["action"] => string(7) "archive"
  ["key"] => string(0) ""
  ["module"] => string(7) "default"
  ["controller"] => string(5) "index"
  ["option"] => string(14) "com_adsmanager"
  ["task"] => string(6) "upload"
}


--------------------------------------------------------------------------------
2015-08-08T12:49:37+00:00 ERR (3) 404 Seite nicht gefunden
REMOTE_ADDR: 192.187.126.162
HTTP_REFERER: 
requested: array(5) {
  ["controller"] => string(5) "admin"
  ["action"] => string(17) "SiteEngineManager"
  ["components"] => string(6) "Editor"
  ["assetmanager"] => string(17) "assetmanager.aspx"
  ["module"] => string(7) "default"
}


--------------------------------------------------------------------------------
2015-08-08T14:11:36+00:00 ERR (3) 404 Seite nicht gefunden
REMOTE_ADDR: 66.249.69.37
HTTP_REFERER: 
requested: array(8) {
  ["controller"] => string(5) "forum"
  ["action"] => string(13) "viewtopic.php"
  ["module"] => string(7) "default"
  ["t"] => string(2) "13"
  ["start"] => string(1) "0"
  ["postdays"] => string(1) "0"
  ["postorder"] => string(3) "asc"
  ["highlight"] => string(0) ""
}


--------------------------------------------------------------------------------
2015-08-08T14:55:39+00:00 ERR (3) 404 Seite nicht gefunden
REMOTE_ADDR: 91.200.12.22
HTTP_REFERER: 
requested: array(3) {
  ["controller"] => string(13) "administrator"
  ["action"] => string(5) "index"
  ["module"] => string(7) "default"
}


--------------------------------------------------------------------------------
2015-08-08T14:55:39+00:00 ERR (3) 404 Seite nicht gefunden
REMOTE_ADDR: 91.200.12.22
HTTP_REFERER: 
requested: array(3) {
  ["controller"] => string(9) "admin.php"
  ["action"] => string(5) "index"
  ["module"] => string(7) "default"
}


--------------------------------------------------------------------------------
2015-08-08T16:35:34+00:00 ERR (3) 404 Seite nicht gefunden
REMOTE_ADDR: 192.187.126.162
HTTP_REFERER: 
requested: array(3) {
  ["controller"] => string(6) "Editor"
  ["action"] => string(12) "assetmanager"
  ["module"] => string(7) "default"
}


--------------------------------------------------------------------------------
2015-08-08T20:05:50+00:00 ERR (3) 404 Seite nicht gefunden
REMOTE_ADDR: 49.212.203.234
HTTP_REFERER: 
requested: array(3) {
  ["controller"] => string(8) "wp-admin"
  ["action"] => string(5) "index"
  ["module"] => string(7) "default"
}


--------------------------------------------------------------------------------
2015-08-08T20:14:59+00:00 ERR (3) 404 Seite nicht gefunden
REMOTE_ADDR: 195.114.18.165
HTTP_REFERER: 
requested: array(3) {
  ["controller"] => string(4) "test"
  ["action"] => string(8) "wp-admin"
  ["module"] => string(7) "default"
}


--------------------------------------------------------------------------------
2015-08-08T20:24:03+00:00 ERR (3) 404 Seite nicht gefunden
REMOTE_ADDR: 79.170.40.182
HTTP_REFERER: 
requested: array(3) {
  ["controller"] => string(9) "wordpress"
  ["action"] => string(8) "wp-admin"
  ["module"] => string(7) "default"
}


--------------------------------------------------------------------------------
2015-08-08T20:41:44+00:00 ERR (3) 404 Seite nicht gefunden
REMOTE_ADDR: 64.13.192.16
HTTP_REFERER: 
requested: array(3) {
  ["controller"] => string(2) "wp"
  ["action"] => string(8) "wp-admin"
  ["module"] => string(7) "default"
}


--------------------------------------------------------------------------------
2015-08-08T20:58:30+00:00 ERR (3) 404 Seite nicht gefunden
REMOTE_ADDR: 192.187.126.162
HTTP_REFERER: 
requested: array(3) {
  ["controller"] => string(6) "Editor"
  ["action"] => string(12) "assetmanager"
  ["module"] => string(7) "default"
}


--------------------------------------------------------------------------------
