2016-10-09T03:50:27+00:00 ERR (3) 404 "hire-lasse" was not found.
REMOTE_ADDR: 157.55.39.202
HTTP_REFERER: 
requested: array(5) {
  ["lang"] => string(2) "de"
  ["action"] => string(4) "page"
  ["key"] => string(10) "hire-lasse"
  ["module"] => string(7) "default"
  ["controller"] => string(5) "index"
}


--------------------------------------------------------------------------------
2016-10-09T09:06:18+00:00 ERR (3) 404 Seite nicht gefunden
REMOTE_ADDR: 86.123.244.251
HTTP_REFERER: 
requested: array(3) {
  ["controller"] => string(6) "https:"
  ["action"] => string(19) "silber-und-blei.com"
  ["module"] => string(7) "default"
}


--------------------------------------------------------------------------------
2016-10-09T09:06:19+00:00 ERR (3) 404 Seite nicht gefunden
REMOTE_ADDR: 86.123.244.251
HTTP_REFERER: 
requested: array(3) {
  ["controller"] => string(2) "js"
  ["action"] => string(1) "'"
  ["module"] => string(7) "default"
}


--------------------------------------------------------------------------------
2016-10-09T12:38:13+00:00 ERR (3) 404 Seite nicht gefunden
REMOTE_ADDR: 84.38.132.75
HTTP_REFERER: 
requested: array(4) {
  ["controller"] => string(6) "https:"
  [""] => string(19) "silber-und-blei.com"
  ["action"] => string(5) "index"
  ["module"] => string(7) "default"
}


--------------------------------------------------------------------------------
2016-10-09T12:38:13+00:00 ERR (3) 404 Seite nicht gefunden
REMOTE_ADDR: 84.38.132.75
HTTP_REFERER: 
requested: array(3) {
  ["controller"] => string(2) "js"
  ["action"] => string(1) "'"
  ["module"] => string(7) "default"
}


--------------------------------------------------------------------------------
2016-10-09T16:51:35+00:00 ERR (3) 404 Seite nicht gefunden
REMOTE_ADDR: 66.249.76.52
HTTP_REFERER: 
requested: array(3) {
  ["controller"] => string(11) ".well-known"
  ["action"] => string(15) "assetlinks.json"
  ["module"] => string(7) "default"
}


--------------------------------------------------------------------------------
2016-10-09T16:53:06+00:00 ERR (3) 404 Seite nicht gefunden
REMOTE_ADDR: 66.249.65.62
HTTP_REFERER: 
requested: array(3) {
  ["controller"] => string(11) ".well-known"
  ["action"] => string(26) "apple-app-site-association"
  ["module"] => string(7) "default"
}


--------------------------------------------------------------------------------
2016-10-09T16:54:40+00:00 ERR (3) 404 Seite nicht gefunden
REMOTE_ADDR: 66.249.76.51
HTTP_REFERER: 
requested: array(3) {
  ["controller"] => string(26) "apple-app-site-association"
  ["action"] => string(5) "index"
  ["module"] => string(7) "default"
}


--------------------------------------------------------------------------------
2016-10-09T22:44:25+00:00 ERR (3) 404 Seite nicht gefunden
REMOTE_ADDR: 85.179.156.8
HTTP_REFERER: 
requested: array(3) {
  ["controller"] => string(32) "apple-touch-icon-precomposed.png"
  ["action"] => string(5) "index"
  ["module"] => string(7) "default"
}


--------------------------------------------------------------------------------
2016-10-09T22:44:25+00:00 ERR (3) 404 Seite nicht gefunden
REMOTE_ADDR: 85.179.156.8
HTTP_REFERER: 
requested: array(3) {
  ["controller"] => string(20) "apple-touch-icon.png"
  ["action"] => string(5) "index"
  ["module"] => string(7) "default"
}


--------------------------------------------------------------------------------
2016-10-09T22:44:25+00:00 ERR (3) 404 Seite nicht gefunden
REMOTE_ADDR: 85.179.156.8
HTTP_REFERER: 
requested: array(3) {
  ["controller"] => string(32) "apple-touch-icon-precomposed.png"
  ["action"] => string(5) "index"
  ["module"] => string(7) "default"
}


--------------------------------------------------------------------------------
2016-10-09T22:44:26+00:00 ERR (3) 404 Seite nicht gefunden
REMOTE_ADDR: 85.179.156.8
HTTP_REFERER: 
requested: array(3) {
  ["controller"] => string(20) "apple-touch-icon.png"
  ["action"] => string(5) "index"
  ["module"] => string(7) "default"
}


--------------------------------------------------------------------------------
