2011-12-02T02:06:58+00:00 ERR (3) 404 Seite nicht gefunden
REMOTE_ADDR: 46.17.97.18
HTTP_REFERER: http://graphicore.de/forum/index.php
requested: array(3) {
  ["controller"] => string(5) "forum"
  ["action"] => string(9) "index.php"
  ["module"] => string(7) "default"
}


--------------------------------------------------------------------------------
2011-12-02T08:46:41+00:00 ERR (3) 404 Seite nicht gefunden
REMOTE_ADDR: 184.22.77.194
HTTP_REFERER: http://graphicore.de/forum/index.php
requested: array(3) {
  ["controller"] => string(5) "forum"
  ["action"] => string(9) "index.php"
  ["module"] => string(7) "default"
}


--------------------------------------------------------------------------------
2011-12-02T11:11:19+00:00 ERR (3) 404 Seite nicht gefunden
REMOTE_ADDR: 46.165.197.141
HTTP_REFERER: 
requested: array(4) {
  ["controller"] => string(5) "forum"
  ["action"] => string(13) "viewtopic.php"
  ["module"] => string(7) "default"
  ["p"] => string(2) "13"
}


--------------------------------------------------------------------------------
2011-12-02T11:11:22+00:00 ERR (3) 404 Seite nicht gefunden
REMOTE_ADDR: 46.165.197.141
HTTP_REFERER: 
requested: array(4) {
  ["controller"] => string(5) "forum"
  ["action"] => string(13) "viewtopic.php"
  ["module"] => string(7) "default"
  ["p"] => string(2) "14"
}


--------------------------------------------------------------------------------
2011-12-02T11:11:25+00:00 ERR (3) 404 Seite nicht gefunden
REMOTE_ADDR: 46.165.197.141
HTTP_REFERER: 
requested: array(4) {
  ["controller"] => string(5) "forum"
  ["action"] => string(13) "viewtopic.php"
  ["module"] => string(7) "default"
  ["p"] => string(2) "15"
}


--------------------------------------------------------------------------------
2011-12-02T11:11:27+00:00 ERR (3) 404 Seite nicht gefunden
REMOTE_ADDR: 46.165.197.141
HTTP_REFERER: 
requested: array(4) {
  ["controller"] => string(5) "forum"
  ["action"] => string(13) "viewtopic.php"
  ["module"] => string(7) "default"
  ["p"] => string(2) "17"
}


--------------------------------------------------------------------------------
2011-12-02T11:11:30+00:00 ERR (3) 404 Seite nicht gefunden
REMOTE_ADDR: 46.165.197.141
HTTP_REFERER: 
requested: array(4) {
  ["controller"] => string(5) "forum"
  ["action"] => string(13) "viewtopic.php"
  ["module"] => string(7) "default"
  ["p"] => string(2) "41"
}


--------------------------------------------------------------------------------
2011-12-02T11:11:33+00:00 ERR (3) 404 Seite nicht gefunden
REMOTE_ADDR: 46.165.197.141
HTTP_REFERER: 
requested: array(4) {
  ["controller"] => string(5) "forum"
  ["action"] => string(13) "viewtopic.php"
  ["module"] => string(7) "default"
  ["p"] => string(2) "42"
}


--------------------------------------------------------------------------------
2011-12-02T11:11:36+00:00 ERR (3) 404 Seite nicht gefunden
REMOTE_ADDR: 46.165.197.141
HTTP_REFERER: 
requested: array(4) {
  ["controller"] => string(5) "forum"
  ["action"] => string(13) "viewtopic.php"
  ["module"] => string(7) "default"
  ["p"] => string(2) "44"
}


--------------------------------------------------------------------------------
2011-12-02T11:11:39+00:00 ERR (3) 404 Seite nicht gefunden
REMOTE_ADDR: 46.165.197.141
HTTP_REFERER: 
requested: array(4) {
  ["controller"] => string(5) "forum"
  ["action"] => string(13) "viewtopic.php"
  ["module"] => string(7) "default"
  ["p"] => string(2) "46"
}


--------------------------------------------------------------------------------
2011-12-02T11:11:42+00:00 ERR (3) 404 Seite nicht gefunden
REMOTE_ADDR: 46.165.197.141
HTTP_REFERER: 
requested: array(4) {
  ["controller"] => string(5) "forum"
  ["action"] => string(13) "viewtopic.php"
  ["module"] => string(7) "default"
  ["p"] => string(2) "48"
}


--------------------------------------------------------------------------------
2011-12-02T11:11:45+00:00 ERR (3) 404 Seite nicht gefunden
REMOTE_ADDR: 46.165.197.141
HTTP_REFERER: 
requested: array(4) {
  ["controller"] => string(5) "forum"
  ["action"] => string(13) "viewtopic.php"
  ["module"] => string(7) "default"
  ["p"] => string(2) "50"
}


--------------------------------------------------------------------------------
2011-12-02T11:11:48+00:00 ERR (3) 404 Seite nicht gefunden
REMOTE_ADDR: 46.165.197.141
HTTP_REFERER: 
requested: array(4) {
  ["controller"] => string(5) "forum"
  ["action"] => string(13) "viewtopic.php"
  ["module"] => string(7) "default"
  ["p"] => string(2) "57"
}


--------------------------------------------------------------------------------
2011-12-02T11:11:51+00:00 ERR (3) 404 Seite nicht gefunden
REMOTE_ADDR: 46.165.197.141
HTTP_REFERER: 
requested: array(4) {
  ["controller"] => string(5) "forum"
  ["action"] => string(13) "viewtopic.php"
  ["module"] => string(7) "default"
  ["p"] => string(2) "58"
}


--------------------------------------------------------------------------------
2011-12-02T11:11:54+00:00 ERR (3) 404 Seite nicht gefunden
REMOTE_ADDR: 46.165.197.141
HTTP_REFERER: 
requested: array(4) {
  ["controller"] => string(5) "forum"
  ["action"] => string(13) "viewtopic.php"
  ["module"] => string(7) "default"
  ["p"] => string(2) "59"
}


--------------------------------------------------------------------------------
2011-12-02T11:11:57+00:00 ERR (3) 404 Seite nicht gefunden
REMOTE_ADDR: 46.165.197.141
HTTP_REFERER: 
requested: array(4) {
  ["controller"] => string(5) "forum"
  ["action"] => string(13) "viewtopic.php"
  ["module"] => string(7) "default"
  ["p"] => string(2) "60"
}


--------------------------------------------------------------------------------
2011-12-02T11:12:00+00:00 ERR (3) 404 Seite nicht gefunden
REMOTE_ADDR: 46.165.197.141
HTTP_REFERER: 
requested: array(4) {
  ["controller"] => string(5) "forum"
  ["action"] => string(13) "viewtopic.php"
  ["module"] => string(7) "default"
  ["t"] => string(1) "9"
}


--------------------------------------------------------------------------------
2011-12-02T13:04:43+00:00 ERR (3) 404 "story" was not found.
REMOTE_ADDR: 157.55.39.86
HTTP_REFERER: 
requested: array(6) {
  ["lang"] => string(2) "de"
  ["action"] => string(5) "index"
  ["key"] => string(5) "story"
  ["intern"] => string(7) "kontakt"
  ["module"] => string(7) "default"
  ["controller"] => string(5) "index"
}


--------------------------------------------------------------------------------
2011-12-02T13:20:45+00:00 ERR (3) 404 Seite nicht gefunden
REMOTE_ADDR: 201.200.221.114
HTTP_REFERER: http://graphicore.de/forum/index.php
requested: array(3) {
  ["controller"] => string(5) "forum"
  ["action"] => string(9) "index.php"
  ["module"] => string(7) "default"
}


--------------------------------------------------------------------------------
2011-12-02T15:17:57+00:00 ERR (3) 404 Seite nicht gefunden
REMOTE_ADDR: 109.230.221.30
HTTP_REFERER: http://graphicore.de/forum/index.php
requested: array(3) {
  ["controller"] => string(5) "forum"
  ["action"] => string(9) "index.php"
  ["module"] => string(7) "default"
}


--------------------------------------------------------------------------------
