2012-08-25T09:49:51+00:00 ERR (3) 404 "" was not found.
REMOTE_ADDR: 180.76.5.56
HTTP_REFERER: 
requested: array(5) {
  ["lang"] => string(2) "de"
  ["action"] => string(7) "archive"
  ["module"] => string(7) "default"
  ["controller"] => string(5) "index"
  ["key"] => string(0) ""
}


--------------------------------------------------------------------------------
2012-08-25T16:59:35+00:00 ERR (3) 404 Seite nicht gefunden
REMOTE_ADDR: 82.193.117.23
HTTP_REFERER: http://graphicore.de/forum/index.php
requested: array(3) {
  ["controller"] => string(5) "forum"
  ["action"] => string(9) "index.php"
  ["module"] => string(7) "default"
}


--------------------------------------------------------------------------------
2012-08-25T17:09:47+00:00 ERR (3) 404 Seite nicht gefunden
REMOTE_ADDR: 94.220.107.85
HTTP_REFERER: 
requested: array(3) {
  ["controller"] => string(10) "javascript"
  ["action"] => string(1) "'"
  ["module"] => string(7) "default"
}


--------------------------------------------------------------------------------
2012-08-25T18:52:11+00:00 ERR (3) 404 Seite nicht gefunden
REMOTE_ADDR: 94.220.107.85
HTTP_REFERER: 
requested: array(3) {
  ["controller"] => string(10) "javascript"
  ["action"] => string(1) "'"
  ["module"] => string(7) "default"
}


--------------------------------------------------------------------------------
