2014-10-14T01:57:11+00:00 ERR (3) 404 Seite nicht gefunden
REMOTE_ADDR: 112.220.126.250
HTTP_REFERER: http://graphicore.de/fckeditor/editor/filemanager/browser/default/connectors/asp/connector.asp
requested: array(6) {
  ["controller"] => string(9) "fckeditor"
  ["action"] => string(6) "editor"
  ["filemanager"] => string(7) "browser"
  ["default"] => string(10) "connectors"
  ["asp"] => string(13) "connector.asp"
  ["module"] => string(7) "default"
}


--------------------------------------------------------------------------------
2014-10-14T01:57:12+00:00 ERR (3) 404 Seite nicht gefunden
REMOTE_ADDR: 112.220.126.250
HTTP_REFERER: http://graphicore.de/admin/fckeditor/editor/filemanager/browser/default/connectors/asp/connector.asp
requested: array(6) {
  ["controller"] => string(5) "admin"
  ["action"] => string(9) "fckeditor"
  ["editor"] => string(11) "filemanager"
  ["browser"] => string(7) "default"
  ["connectors"] => string(3) "asp"
  ["module"] => string(7) "default"
}


--------------------------------------------------------------------------------
2014-10-14T01:57:13+00:00 ERR (3) 404 Seite nicht gefunden
REMOTE_ADDR: 112.220.126.250
HTTP_REFERER: http://graphicore.de/editor/filemanager/browser/default/connectors/asp/connector.asp
requested: array(5) {
  ["controller"] => string(6) "editor"
  ["action"] => string(11) "filemanager"
  ["browser"] => string(7) "default"
  ["connectors"] => string(3) "asp"
  ["module"] => string(7) "default"
}


--------------------------------------------------------------------------------
2014-10-14T01:57:14+00:00 ERR (3) 404 Seite nicht gefunden
REMOTE_ADDR: 112.220.126.250
HTTP_REFERER: http://graphicore.de/manage/fckeditor/editor/filemanager/browser/default/connectors/asp/connector.asp
requested: array(6) {
  ["controller"] => string(6) "manage"
  ["action"] => string(9) "fckeditor"
  ["editor"] => string(11) "filemanager"
  ["browser"] => string(7) "default"
  ["connectors"] => string(3) "asp"
  ["module"] => string(7) "default"
}


--------------------------------------------------------------------------------
2014-10-14T07:34:35+00:00 ERR (3) 404 Page not found
REMOTE_ADDR: 175.42.85.152
HTTP_REFERER: http://www.graphicore.de/
requested: array(3) {
  ["controller"] => string(5) "forum"
  ["action"] => string(9) "index.php"
  ["module"] => string(7) "default"
}


--------------------------------------------------------------------------------
2014-10-14T08:15:10+00:00 ERR (3) 404 Page not found
REMOTE_ADDR: 175.42.85.46
HTTP_REFERER: http://www.graphicore.de/
requested: array(3) {
  ["controller"] => string(5) "forum"
  ["action"] => string(9) "index.php"
  ["module"] => string(7) "default"
}


--------------------------------------------------------------------------------
2014-10-14T08:45:46+00:00 ERR (3) 404 "2010-10-06_underground_exhibition&quot;" was not found.
REMOTE_ADDR: 107.152.163.16
HTTP_REFERER: http://graphicore.de/
requested: array(5) {
  ["lang"] => string(2) "en"
  ["action"] => string(7) "archive"
  ["key"] => string(34) "2010-10-06_underground_exhibition""
  ["module"] => string(7) "default"
  ["controller"] => string(5) "index"
}


--------------------------------------------------------------------------------
2014-10-14T08:45:47+00:00 ERR (3) 404 "2010-10-06_underground_exhibition&quot;" was not found.
REMOTE_ADDR: 107.152.163.16
HTTP_REFERER: http://graphicore.de/en/archive/2010-10-06_underground_exhibition" _ctf="rdr_T
requested: array(5) {
  ["lang"] => string(2) "de"
  ["action"] => string(7) "archive"
  ["key"] => string(34) "2010-10-06_underground_exhibition""
  ["module"] => string(7) "default"
  ["controller"] => string(5) "index"
}


--------------------------------------------------------------------------------
2014-10-14T09:08:22+00:00 ERR (3) 404 Seite nicht gefunden
REMOTE_ADDR: 193.150.120.26
HTTP_REFERER: http://graphicore.de/forum/index.php
requested: array(3) {
  ["controller"] => string(5) "forum"
  ["action"] => string(9) "index.php"
  ["module"] => string(7) "default"
}


--------------------------------------------------------------------------------
2014-10-14T11:10:04+00:00 ERR (3) 404 Seite nicht gefunden
REMOTE_ADDR: 193.150.120.26
HTTP_REFERER: http://graphicore.de/forum/index.php
requested: array(3) {
  ["controller"] => string(5) "forum"
  ["action"] => string(9) "index.php"
  ["module"] => string(7) "default"
}


--------------------------------------------------------------------------------
2014-10-14T11:38:40+00:00 ERR (3) 404 Page not found
REMOTE_ADDR: 175.42.85.152
HTTP_REFERER: http://www.graphicore.de/
requested: array(3) {
  ["controller"] => string(5) "forum"
  ["action"] => string(9) "index.php"
  ["module"] => string(7) "default"
}


--------------------------------------------------------------------------------
2014-10-14T13:12:34+00:00 ERR (3) 404 Seite nicht gefunden
REMOTE_ADDR: 37.187.143.97
HTTP_REFERER: 
requested: array(3) {
  ["controller"] => string(12) "wp-login.php"
  ["action"] => string(5) "index"
  ["module"] => string(7) "default"
}


--------------------------------------------------------------------------------
2014-10-14T13:12:35+00:00 ERR (3) 404 Seite nicht gefunden
REMOTE_ADDR: 37.187.143.97
HTTP_REFERER: 
requested: array(3) {
  ["controller"] => string(13) "administrator"
  ["action"] => string(9) "index.php"
  ["module"] => string(7) "default"
}


--------------------------------------------------------------------------------
2014-10-14T16:29:18+00:00 ERR (3) 404 Seite nicht gefunden
REMOTE_ADDR: 27.159.211.157
HTTP_REFERER: http://graphicore.de/editor/dialog/fck_about.html
requested: array(3) {
  ["controller"] => string(6) "editor"
  ["action"] => string(6) "dialog"
  ["module"] => string(7) "default"
}


--------------------------------------------------------------------------------
2014-10-14T16:29:19+00:00 ERR (3) 404 Seite nicht gefunden
REMOTE_ADDR: 27.159.211.157
HTTP_REFERER: http://graphicore.de/FCKeditor/editor/dialog/fck_about.html
requested: array(4) {
  ["controller"] => string(9) "FCKeditor"
  ["action"] => string(6) "editor"
  ["dialog"] => string(14) "fck_about.html"
  ["module"] => string(7) "default"
}


--------------------------------------------------------------------------------
2014-10-14T16:29:20+00:00 ERR (3) 404 Seite nicht gefunden
REMOTE_ADDR: 27.159.211.157
HTTP_REFERER: http://graphicore.de/FCK/editor/dialog/fck_about.html
requested: array(4) {
  ["controller"] => string(3) "FCK"
  ["action"] => string(6) "editor"
  ["dialog"] => string(14) "fck_about.html"
  ["module"] => string(7) "default"
}


--------------------------------------------------------------------------------
2014-10-14T16:29:21+00:00 ERR (3) 404 Seite nicht gefunden
REMOTE_ADDR: 27.159.211.157
HTTP_REFERER: http://graphicore.de/admin/FCKeditor/editor/dialog/fck_about.html
requested: array(4) {
  ["controller"] => string(5) "admin"
  ["action"] => string(9) "FCKeditor"
  ["editor"] => string(6) "dialog"
  ["module"] => string(7) "default"
}


--------------------------------------------------------------------------------
2014-10-14T16:29:21+00:00 ERR (3) 404 Seite nicht gefunden
REMOTE_ADDR: 27.159.211.157
HTTP_REFERER: http://graphicore.de/manage/FCKeditor/editor/dialog/fck_about.html
requested: array(4) {
  ["controller"] => string(6) "manage"
  ["action"] => string(9) "FCKeditor"
  ["editor"] => string(6) "dialog"
  ["module"] => string(7) "default"
}


--------------------------------------------------------------------------------
2014-10-14T16:29:22+00:00 ERR (3) 404 Seite nicht gefunden
REMOTE_ADDR: 27.159.211.157
HTTP_REFERER: http://graphicore.de/editor/editor/dialog/fck_about.html
requested: array(4) {
  ["controller"] => string(6) "editor"
  ["action"] => string(6) "editor"
  ["dialog"] => string(14) "fck_about.html"
  ["module"] => string(7) "default"
}


--------------------------------------------------------------------------------
2014-10-14T16:29:23+00:00 ERR (3) 404 Seite nicht gefunden
REMOTE_ADDR: 27.159.211.157
HTTP_REFERER: http://graphicore.de/editor/FCKeditor/editor/dialog/fck_about.html
requested: array(4) {
  ["controller"] => string(6) "editor"
  ["action"] => string(9) "FCKeditor"
  ["editor"] => string(6) "dialog"
  ["module"] => string(7) "default"
}


--------------------------------------------------------------------------------
2014-10-14T16:53:33+00:00 ERR (3) 404 Seite nicht gefunden
REMOTE_ADDR: 193.150.120.74
HTTP_REFERER: 
requested: array(3) {
  ["controller"] => string(5) "admin"
  ["action"] => string(5) "index"
  ["module"] => string(7) "default"
}


--------------------------------------------------------------------------------
2014-10-14T16:53:34+00:00 ERR (3) 404 Seite nicht gefunden
REMOTE_ADDR: 193.150.120.74
HTTP_REFERER: 
requested: array(3) {
  ["controller"] => string(10) "downloader"
  ["action"] => string(9) "index.php"
  ["module"] => string(7) "default"
}


--------------------------------------------------------------------------------
2014-10-14T22:52:19+00:00 ERR (3) 404 Seite nicht gefunden
REMOTE_ADDR: 120.138.88.114
HTTP_REFERER: 
requested: array(4) {
  ["controller"] => string(6) "https:"
  [""] => string(19) "silber-und-blei.com"
  ["action"] => string(5) "index"
  ["module"] => string(7) "default"
}


--------------------------------------------------------------------------------
2014-10-14T22:52:21+00:00 ERR (3) 404 Seite nicht gefunden
REMOTE_ADDR: 120.138.88.114
HTTP_REFERER: 
requested: array(3) {
  ["controller"] => string(2) "js"
  ["action"] => string(1) "'"
  ["module"] => string(7) "default"
}


--------------------------------------------------------------------------------
2014-10-14T23:39:42+00:00 ERR (3) 404 Seite nicht gefunden
REMOTE_ADDR: 199.254.121.116
HTTP_REFERER: 
requested: array(4) {
  ["controller"] => string(6) "https:"
  [""] => string(19) "silber-und-blei.com"
  ["action"] => string(5) "index"
  ["module"] => string(7) "default"
}


--------------------------------------------------------------------------------
2014-10-14T23:39:43+00:00 ERR (3) 404 Seite nicht gefunden
REMOTE_ADDR: 199.254.121.116
HTTP_REFERER: 
requested: array(3) {
  ["controller"] => string(2) "js"
  ["action"] => string(1) "'"
  ["module"] => string(7) "default"
}


--------------------------------------------------------------------------------
