2016-07-03T00:04:52+00:00 ERR (3) 404 "hire-lasse" was not found.
REMOTE_ADDR: 40.77.167.42
HTTP_REFERER: 
requested: array(5) {
  ["lang"] => string(2) "de"
  ["action"] => string(4) "page"
  ["key"] => string(10) "hire-lasse"
  ["module"] => string(7) "default"
  ["controller"] => string(5) "index"
}


--------------------------------------------------------------------------------
2016-07-03T02:32:02+00:00 ERR (3) 404 Seite nicht gefunden
REMOTE_ADDR: 198.240.103.246
HTTP_REFERER: 
requested: array(5) {
  ["controller"] => string(6) "https:"
  [""] => string(19) "silber-und-blei.com"
  ["galerie"] => string(5) "embed"
  ["action"] => string(5) "index"
  ["module"] => string(7) "default"
}


--------------------------------------------------------------------------------
2016-07-03T03:04:29+00:00 ERR (3) 404 Seite nicht gefunden
REMOTE_ADDR: 178.162.217.132
HTTP_REFERER: 
requested: array(4) {
  ["controller"] => string(10) "wp-content"
  ["action"] => string(7) "plugins"
  ["revslider"] => string(2) "js"
  ["module"] => string(7) "default"
}


--------------------------------------------------------------------------------
2016-07-03T04:15:10+00:00 ERR (3) 404 The filter "de" was not found.
REMOTE_ADDR: 208.115.113.89
HTTP_REFERER: 
requested: array(5) {
  ["lang"] => string(2) "en"
  ["action"] => string(5) "diary"
  ["key"] => string(2) "de"
  ["module"] => string(7) "default"
  ["controller"] => string(5) "index"
}


--------------------------------------------------------------------------------
2016-07-03T05:14:14+00:00 ERR (3) 404 Page not found
REMOTE_ADDR: 113.95.135.103
HTTP_REFERER: http://graphicore.de/
requested: array(3) {
  ["controller"] => string(5) "forum"
  ["action"] => string(9) "index.php"
  ["module"] => string(7) "default"
}


--------------------------------------------------------------------------------
2016-07-03T07:42:22+00:00 ERR (3) 404 Seite nicht gefunden
REMOTE_ADDR: 82.127.11.196
HTTP_REFERER: 
requested: array(3) {
  ["controller"] => string(12) "wp-login.php"
  ["action"] => string(5) "index"
  ["module"] => string(7) "default"
}


--------------------------------------------------------------------------------
2016-07-03T08:49:39+00:00 ERR (3) 404 Seite nicht gefunden
REMOTE_ADDR: 69.30.198.202
HTTP_REFERER: 
requested: array(4) {
  ["controller"] => string(5) "forum"
  ["action"] => string(13) "viewtopic.php"
  ["module"] => string(7) "default"
  ["p"] => string(2) "33"
}


--------------------------------------------------------------------------------
2016-07-03T08:49:43+00:00 ERR (3) 404 Seite nicht gefunden
REMOTE_ADDR: 69.30.198.202
HTTP_REFERER: 
requested: array(8) {
  ["controller"] => string(5) "forum"
  ["action"] => string(13) "viewtopic.php"
  ["module"] => string(7) "default"
  ["t"] => string(2) "13"
  ["start"] => string(1) "0"
  ["postdays"] => string(1) "0"
  ["postorder"] => string(3) "asc"
  ["highlight"] => string(0) ""
}


--------------------------------------------------------------------------------
2016-07-03T09:12:02+00:00 ERR (3) 404 Seite nicht gefunden
REMOTE_ADDR: 23.30.84.170
HTTP_REFERER: 
requested: array(4) {
  ["controller"] => string(6) "https:"
  [""] => string(19) "silber-und-blei.com"
  ["action"] => string(5) "index"
  ["module"] => string(7) "default"
}


--------------------------------------------------------------------------------
2016-07-03T09:12:03+00:00 ERR (3) 404 Seite nicht gefunden
REMOTE_ADDR: 23.30.84.170
HTTP_REFERER: 
requested: array(3) {
  ["controller"] => string(2) "js"
  ["action"] => string(1) "'"
  ["module"] => string(7) "default"
}


--------------------------------------------------------------------------------
2016-07-03T11:13:45+00:00 ERR (3) 404 "hire-lasse" was not found.
REMOTE_ADDR: 144.76.7.107
HTTP_REFERER: 
requested: array(5) {
  ["lang"] => string(2) "de"
  ["action"] => string(4) "page"
  ["key"] => string(10) "hire-lasse"
  ["module"] => string(7) "default"
  ["controller"] => string(5) "index"
}


--------------------------------------------------------------------------------
2016-07-03T12:27:14+00:00 ERR (3) 404 Seite nicht gefunden
REMOTE_ADDR: 23.30.84.170
HTTP_REFERER: 
requested: array(4) {
  ["controller"] => string(6) "https:"
  [""] => string(19) "silber-und-blei.com"
  ["action"] => string(5) "index"
  ["module"] => string(7) "default"
}


--------------------------------------------------------------------------------
2016-07-03T12:27:15+00:00 ERR (3) 404 Seite nicht gefunden
REMOTE_ADDR: 23.30.84.170
HTTP_REFERER: 
requested: array(3) {
  ["controller"] => string(2) "js"
  ["action"] => string(1) "'"
  ["module"] => string(7) "default"
}


--------------------------------------------------------------------------------
2016-07-03T14:14:54+00:00 ERR (3) 404 The filter "en" was not found.
REMOTE_ADDR: 208.115.113.89
HTTP_REFERER: 
requested: array(5) {
  ["lang"] => string(2) "en"
  ["action"] => string(5) "diary"
  ["key"] => string(2) "en"
  ["module"] => string(7) "default"
  ["controller"] => string(5) "index"
}


--------------------------------------------------------------------------------
2016-07-03T15:05:59+00:00 ERR (3) 404 "hire-lasse" was not found.
REMOTE_ADDR: 40.77.167.42
HTTP_REFERER: 
requested: array(5) {
  ["lang"] => string(2) "de"
  ["action"] => string(4) "page"
  ["key"] => string(10) "hire-lasse"
  ["module"] => string(7) "default"
  ["controller"] => string(5) "index"
}


--------------------------------------------------------------------------------
2016-07-03T19:54:22+00:00 ERR (3) 404 Page not found
REMOTE_ADDR: 113.85.154.72
HTTP_REFERER: http://www.graphicore.de/
requested: array(3) {
  ["controller"] => string(5) "forum"
  ["action"] => string(9) "index.php"
  ["module"] => string(7) "default"
}


--------------------------------------------------------------------------------
2016-07-03T22:30:51+00:00 ERR (3) 404 Seite nicht gefunden
REMOTE_ADDR: 122.191.123.106
HTTP_REFERER: 
requested: array(3) {
  ["controller"] => string(13) "aycaindex.jsp"
  ["action"] => string(5) "index"
  ["module"] => string(7) "default"
}


--------------------------------------------------------------------------------
2016-07-03T22:30:55+00:00 ERR (3) 404 Seite nicht gefunden
REMOTE_ADDR: 220.203.63.243
HTTP_REFERER: 
requested: array(3) {
  ["controller"] => string(9) "index.jsp"
  ["action"] => string(5) "index"
  ["module"] => string(7) "default"
}


--------------------------------------------------------------------------------
2016-07-03T22:30:56+00:00 ERR (3) 404 Seite nicht gefunden
REMOTE_ADDR: 122.191.123.110
HTTP_REFERER: 
requested: array(3) {
  ["controller"] => string(9) "index.jsp"
  ["action"] => string(5) "index"
  ["module"] => string(7) "default"
}


--------------------------------------------------------------------------------
2016-07-03T23:28:22+00:00 ERR (3) 404 "hire-lasse" was not found.
REMOTE_ADDR: 66.249.75.164
HTTP_REFERER: 
requested: array(5) {
  ["lang"] => string(2) "en"
  ["action"] => string(4) "page"
  ["key"] => string(10) "hire-lasse"
  ["module"] => string(7) "default"
  ["controller"] => string(5) "index"
}


--------------------------------------------------------------------------------
2016-07-03T23:38:18+00:00 ERR (3) 404 Seite nicht gefunden
REMOTE_ADDR: 82.76.87.216
HTTP_REFERER: 
requested: array(3) {
  ["controller"] => string(6) "https:"
  ["action"] => string(19) "silber-und-blei.com"
  ["module"] => string(7) "default"
}


--------------------------------------------------------------------------------
2016-07-03T23:38:19+00:00 ERR (3) 404 Seite nicht gefunden
REMOTE_ADDR: 82.76.87.216
HTTP_REFERER: 
requested: array(3) {
  ["controller"] => string(2) "js"
  ["action"] => string(1) "'"
  ["module"] => string(7) "default"
}


--------------------------------------------------------------------------------
