2019-09-17T02:12:48+00:00 ERR (3) 404 Seite nicht gefunden
REMOTE_ADDR: 17.58.100.181
HTTP_REFERER: 
requested: array(3) {
  ["controller"] => string(32) "apple-touch-icon-precomposed.png"
  ["action"] => string(5) "index"
  ["module"] => string(7) "default"
}


--------------------------------------------------------------------------------
2019-09-17T02:12:48+00:00 ERR (3) 404 Seite nicht gefunden
REMOTE_ADDR: 17.58.100.181
HTTP_REFERER: 
requested: array(3) {
  ["controller"] => string(32) "apple-touch-icon-precomposed.png"
  ["action"] => string(5) "index"
  ["module"] => string(7) "default"
}


--------------------------------------------------------------------------------
2019-09-17T02:12:48+00:00 ERR (3) 404 Seite nicht gefunden
REMOTE_ADDR: 17.58.100.183
HTTP_REFERER: 
requested: array(3) {
  ["controller"] => string(20) "apple-touch-icon.png"
  ["action"] => string(5) "index"
  ["module"] => string(7) "default"
}


--------------------------------------------------------------------------------
2019-09-17T02:12:48+00:00 ERR (3) 404 Seite nicht gefunden
REMOTE_ADDR: 17.58.100.182
HTTP_REFERER: 
requested: array(3) {
  ["controller"] => string(20) "apple-touch-icon.png"
  ["action"] => string(5) "index"
  ["module"] => string(7) "default"
}


--------------------------------------------------------------------------------
2019-09-17T02:12:49+00:00 ERR (3) 404 Seite nicht gefunden
REMOTE_ADDR: 17.58.100.193
HTTP_REFERER: 
requested: array(3) {
  ["controller"] => string(11) ".well-known"
  ["action"] => string(26) "apple-app-site-association"
  ["module"] => string(7) "default"
}


--------------------------------------------------------------------------------
2019-09-17T02:12:49+00:00 ERR (3) 404 Seite nicht gefunden
REMOTE_ADDR: 17.58.100.18
HTTP_REFERER: 
requested: array(3) {
  ["controller"] => string(26) "apple-app-site-association"
  ["action"] => string(5) "index"
  ["module"] => string(7) "default"
}


--------------------------------------------------------------------------------
2019-09-17T11:49:52+00:00 ERR (3) 404 Seite nicht gefunden
REMOTE_ADDR: 176.96.225.74
HTTP_REFERER: http://graphicore.de/forum/
requested: array(3) {
  ["controller"] => string(5) "forum"
  ["action"] => string(5) "index"
  ["module"] => string(7) "default"
}


--------------------------------------------------------------------------------
2019-09-17T15:06:58+00:00 ERR (3) 404 Seite nicht gefunden
REMOTE_ADDR: 92.240.142.78
HTTP_REFERER: http://graphicore.de/forum/index.php
requested: array(3) {
  ["controller"] => string(5) "forum"
  ["action"] => string(9) "index.php"
  ["module"] => string(7) "default"
}


--------------------------------------------------------------------------------
2019-09-17T18:06:26+00:00 ERR (3) 404 "anne" was not found.
REMOTE_ADDR: 54.36.148.232
HTTP_REFERER: 
requested: array(5) {
  ["lang"] => string(2) "de"
  ["action"] => string(4) "page"
  ["key"] => string(4) "anne"
  ["module"] => string(7) "default"
  ["controller"] => string(5) "index"
}


--------------------------------------------------------------------------------
2019-09-17T23:27:16+00:00 ERR (3) 404 "competences" was not found.
REMOTE_ADDR: 54.36.150.132
HTTP_REFERER: 
requested: array(5) {
  ["lang"] => string(2) "en"
  ["action"] => string(4) "page"
  ["key"] => string(11) "competences"
  ["module"] => string(7) "default"
  ["controller"] => string(5) "index"
}


--------------------------------------------------------------------------------
