2018-05-05T00:04:41+00:00 ERR (3) 404 "hire-lasse" was not found.
REMOTE_ADDR: 54.36.149.67
HTTP_REFERER: 
requested: array(5) {
  ["lang"] => string(2) "en"
  ["action"] => string(4) "page"
  ["key"] => string(10) "hire-lasse"
  ["module"] => string(7) "default"
  ["controller"] => string(5) "index"
}


--------------------------------------------------------------------------------
2018-05-05T01:21:20+00:00 ERR (3) 404 "" was not found.
REMOTE_ADDR: 136.243.83.81
HTTP_REFERER: 
requested: array(5) {
  ["lang"] => string(2) "de"
  ["action"] => string(7) "archive"
  ["module"] => string(7) "default"
  ["controller"] => string(5) "index"
  ["key"] => string(0) ""
}


--------------------------------------------------------------------------------
2018-05-05T01:21:48+00:00 ERR (3) 404 "hire-lasse" was not found.
REMOTE_ADDR: 136.243.83.81
HTTP_REFERER: 
requested: array(5) {
  ["lang"] => string(2) "de"
  ["action"] => string(4) "page"
  ["key"] => string(10) "hire-lasse"
  ["module"] => string(7) "default"
  ["controller"] => string(5) "index"
}


--------------------------------------------------------------------------------
2018-05-05T01:31:16+00:00 ERR (3) 404 "competences" was not found.
REMOTE_ADDR: 159.65.249.255
HTTP_REFERER: http://graphicore.de/en/page/lasse
requested: array(5) {
  ["lang"] => string(2) "en"
  ["action"] => string(4) "page"
  ["key"] => string(11) "competences"
  ["module"] => string(7) "default"
  ["controller"] => string(5) "index"
}


--------------------------------------------------------------------------------
2018-05-05T01:31:21+00:00 ERR (3) 404 "competences" was not found.
REMOTE_ADDR: 159.65.249.255
HTTP_REFERER: http://graphicore.de/de/page/lasse
requested: array(5) {
  ["lang"] => string(2) "de"
  ["action"] => string(4) "page"
  ["key"] => string(11) "competences"
  ["module"] => string(7) "default"
  ["controller"] => string(5) "index"
}


--------------------------------------------------------------------------------
2018-05-05T01:34:12+00:00 ERR (3) 404 "hire-lasse" was not found.
REMOTE_ADDR: 159.65.249.255
HTTP_REFERER: http://graphicore.de/en/archive/2010-09-09_A-Brute-Font-Attack
requested: array(5) {
  ["lang"] => string(2) "en"
  ["action"] => string(4) "page"
  ["key"] => string(10) "hire-lasse"
  ["module"] => string(7) "default"
  ["controller"] => string(5) "index"
}


--------------------------------------------------------------------------------
2018-05-05T01:34:36+00:00 ERR (3) 404 "hire-lasse" was not found.
REMOTE_ADDR: 159.65.249.255
HTTP_REFERER: http://graphicore.de/de/archive/2010-09-09_A-Brute-Font-Attack
requested: array(5) {
  ["lang"] => string(2) "de"
  ["action"] => string(4) "page"
  ["key"] => string(10) "hire-lasse"
  ["module"] => string(7) "default"
  ["controller"] => string(5) "index"
}


--------------------------------------------------------------------------------
2018-05-05T02:35:14+00:00 ERR (3) 404 "anne" was not found.
REMOTE_ADDR: 141.8.142.38
HTTP_REFERER: 
requested: array(5) {
  ["lang"] => string(2) "de"
  ["action"] => string(4) "page"
  ["key"] => string(4) "anne"
  ["module"] => string(7) "default"
  ["controller"] => string(5) "index"
}


--------------------------------------------------------------------------------
2018-05-05T02:35:26+00:00 ERR (3) 404 Seite nicht gefunden
REMOTE_ADDR: 5.79.64.25
HTTP_REFERER: 
requested: array(3) {
  ["controller"] => string(10) "phpmyadmin"
  ["action"] => string(5) "index"
  ["module"] => string(7) "default"
}


--------------------------------------------------------------------------------
2018-05-05T02:35:26+00:00 ERR (3) 404 Seite nicht gefunden
REMOTE_ADDR: 5.79.64.25
HTTP_REFERER: 
requested: array(3) {
  ["controller"] => string(10) "phpMyAdmin"
  ["action"] => string(5) "index"
  ["module"] => string(7) "default"
}


--------------------------------------------------------------------------------
2018-05-05T02:35:27+00:00 ERR (3) 404 Seite nicht gefunden
REMOTE_ADDR: 5.79.64.25
HTTP_REFERER: 
requested: array(3) {
  ["controller"] => string(3) "pma"
  ["action"] => string(5) "index"
  ["module"] => string(7) "default"
}


--------------------------------------------------------------------------------
2018-05-05T02:35:27+00:00 ERR (3) 404 Seite nicht gefunden
REMOTE_ADDR: 5.79.64.25
HTTP_REFERER: 
requested: array(3) {
  ["controller"] => string(7) "myadmin"
  ["action"] => string(5) "index"
  ["module"] => string(7) "default"
}


--------------------------------------------------------------------------------
2018-05-05T02:35:27+00:00 ERR (3) 404 Seite nicht gefunden
REMOTE_ADDR: 5.79.64.25
HTTP_REFERER: 
requested: array(3) {
  ["controller"] => string(3) "sql"
  ["action"] => string(5) "index"
  ["module"] => string(7) "default"
}


--------------------------------------------------------------------------------
2018-05-05T05:45:39+00:00 ERR (3) 404 Seite nicht gefunden
REMOTE_ADDR: 66.249.64.70
HTTP_REFERER: 
requested: array(4) {
  ["controller"] => string(5) "diary"
  ["action"] => string(29) "tag:graphicore.de,2014-02-27:"
  ["diary"] => string(27) "20140227142708530f4b3c7eae4"
  ["module"] => string(7) "default"
}


--------------------------------------------------------------------------------
2018-05-05T05:46:18+00:00 ERR (3) 404 Seite nicht gefunden
REMOTE_ADDR: 66.249.64.67
HTTP_REFERER: 
requested: array(4) {
  ["controller"] => string(5) "diary"
  ["action"] => string(29) "tag:graphicore.de,2010-09-27:"
  ["diary"] => string(27) "201009272105474ca1072b79bf6"
  ["module"] => string(7) "default"
}


--------------------------------------------------------------------------------
2018-05-05T06:46:19+00:00 ERR (3) 404 Seite nicht gefunden
REMOTE_ADDR: 66.249.64.67
HTTP_REFERER: 
requested: array(4) {
  ["controller"] => string(5) "diary"
  ["action"] => string(29) "tag:graphicore.de,2010-07-09:"
  ["diary"] => string(27) "201007091937074c377a6340b8b"
  ["module"] => string(7) "default"
}


--------------------------------------------------------------------------------
2018-05-05T06:47:27+00:00 ERR (3) 404 Seite nicht gefunden
REMOTE_ADDR: 66.249.64.67
HTTP_REFERER: 
requested: array(4) {
  ["controller"] => string(5) "diary"
  ["action"] => string(29) "tag:graphicore.de,2013-11-12:"
  ["diary"] => string(27) "2013111216002052825094cba29"
  ["module"] => string(7) "default"
}


--------------------------------------------------------------------------------
2018-05-05T06:48:35+00:00 ERR (3) 404 Seite nicht gefunden
REMOTE_ADDR: 66.249.64.67
HTTP_REFERER: 
requested: array(4) {
  ["controller"] => string(5) "diary"
  ["action"] => string(29) "tag:graphicore.de,2013-06-06:"
  ["diary"] => string(27) "2013060618252451b0d41400bf3"
  ["module"] => string(7) "default"
}


--------------------------------------------------------------------------------
2018-05-05T06:49:44+00:00 ERR (3) 404 Seite nicht gefunden
REMOTE_ADDR: 66.249.64.72
HTTP_REFERER: 
requested: array(4) {
  ["controller"] => string(5) "diary"
  ["action"] => string(29) "tag:graphicore.de,2010-08-31:"
  ["diary"] => string(27) "201008310024084c7c4ba816ac5"
  ["module"] => string(7) "default"
}


--------------------------------------------------------------------------------
2018-05-05T06:50:52+00:00 ERR (3) 404 Seite nicht gefunden
REMOTE_ADDR: 66.249.64.67
HTTP_REFERER: 
requested: array(4) {
  ["controller"] => string(5) "diary"
  ["action"] => string(29) "tag:graphicore.de,2014-02-27:"
  ["diary"] => string(27) "20140227115040530f26907c1a8"
  ["module"] => string(7) "default"
}


--------------------------------------------------------------------------------
2018-05-05T06:53:09+00:00 ERR (3) 404 Seite nicht gefunden
REMOTE_ADDR: 66.249.64.67
HTTP_REFERER: 
requested: array(4) {
  ["controller"] => string(5) "diary"
  ["action"] => string(29) "tag:graphicore.de,2010-10-01:"
  ["diary"] => string(27) "201010011553324ca603fcc53f3"
  ["module"] => string(7) "default"
}


--------------------------------------------------------------------------------
2018-05-05T06:55:25+00:00 ERR (3) 404 Seite nicht gefunden
REMOTE_ADDR: 66.249.64.72
HTTP_REFERER: 
requested: array(4) {
  ["controller"] => string(5) "diary"
  ["action"] => string(29) "tag:graphicore.de,2012-09-02:"
  ["diary"] => string(27) "201209021920375043b185ef245"
  ["module"] => string(7) "default"
}


--------------------------------------------------------------------------------
2018-05-05T06:56:34+00:00 ERR (3) 404 Seite nicht gefunden
REMOTE_ADDR: 66.249.64.67
HTTP_REFERER: 
requested: array(4) {
  ["controller"] => string(5) "diary"
  ["action"] => string(29) "tag:graphicore.de,2010-10-06:"
  ["diary"] => string(27) "201010061331004cac7a14de999"
  ["module"] => string(7) "default"
}


--------------------------------------------------------------------------------
2018-05-05T06:57:42+00:00 ERR (3) 404 Seite nicht gefunden
REMOTE_ADDR: 66.249.64.70
HTTP_REFERER: 
requested: array(4) {
  ["controller"] => string(5) "diary"
  ["action"] => string(29) "tag:graphicore.de,2010-09-23:"
  ["diary"] => string(27) "201009231107214c9b34e9d0274"
  ["module"] => string(7) "default"
}


--------------------------------------------------------------------------------
2018-05-05T06:58:51+00:00 ERR (3) 404 Seite nicht gefunden
REMOTE_ADDR: 66.249.64.70
HTTP_REFERER: 
requested: array(4) {
  ["controller"] => string(5) "diary"
  ["action"] => string(29) "tag:graphicore.de,2013-11-12:"
  ["diary"] => string(27) "2013111217533652826b2018ca8"
  ["module"] => string(7) "default"
}


--------------------------------------------------------------------------------
2018-05-05T06:59:59+00:00 ERR (3) 404 Seite nicht gefunden
REMOTE_ADDR: 66.249.64.67
HTTP_REFERER: 
requested: array(4) {
  ["controller"] => string(5) "diary"
  ["action"] => string(29) "tag:graphicore.de,2013-11-13:"
  ["diary"] => string(27) "201311131703405283b0ecf2532"
  ["module"] => string(7) "default"
}


--------------------------------------------------------------------------------
2018-05-05T07:29:36+00:00 ERR (3) 404 Seite nicht gefunden
REMOTE_ADDR: 66.249.64.72
HTTP_REFERER: 
requested: array(4) {
  ["controller"] => string(5) "diary"
  ["action"] => string(29) "tag:graphicore.de,2010-10-12:"
  ["diary"] => string(27) "201010121448344cb475424313c"
  ["module"] => string(7) "default"
}


--------------------------------------------------------------------------------
2018-05-05T07:30:44+00:00 ERR (3) 404 Seite nicht gefunden
REMOTE_ADDR: 66.249.64.70
HTTP_REFERER: 
requested: array(4) {
  ["controller"] => string(5) "diary"
  ["action"] => string(29) "tag:graphicore.de,2015-07-28:"
  ["diary"] => string(27) "2015072812483855b77a264cda6"
  ["module"] => string(7) "default"
}


--------------------------------------------------------------------------------
2018-05-05T07:31:56+00:00 ERR (3) 404 Seite nicht gefunden
REMOTE_ADDR: 66.249.64.67
HTTP_REFERER: 
requested: array(4) {
  ["controller"] => string(5) "diary"
  ["action"] => string(29) "tag:graphicore.de,2010-10-18:"
  ["diary"] => string(27) "201010181349214cbc5061f0048"
  ["module"] => string(7) "default"
}


--------------------------------------------------------------------------------
2018-05-05T08:17:54+00:00 ERR (3) 404 "anne" was not found.
REMOTE_ADDR: 88.99.27.172
HTTP_REFERER: 
requested: array(5) {
  ["lang"] => string(2) "en"
  ["action"] => string(4) "page"
  ["key"] => string(4) "anne"
  ["module"] => string(7) "default"
  ["controller"] => string(5) "index"
}


--------------------------------------------------------------------------------
2018-05-05T08:17:54+00:00 ERR (3) 404 "anne" was not found.
REMOTE_ADDR: 88.99.27.172
HTTP_REFERER: 
requested: array(5) {
  ["lang"] => string(2) "de"
  ["action"] => string(4) "page"
  ["key"] => string(4) "anne"
  ["module"] => string(7) "default"
  ["controller"] => string(5) "index"
}


--------------------------------------------------------------------------------
2018-05-05T10:05:42+00:00 ERR (3) 404 Seite nicht gefunden
REMOTE_ADDR: 91.237.41.157
HTTP_REFERER: 
requested: array(3) {
  ["controller"] => string(5) "forum"
  ["action"] => string(5) "index"
  ["module"] => string(7) "default"
}


--------------------------------------------------------------------------------
2018-05-05T10:05:43+00:00 ERR (3) 404 Seite nicht gefunden
REMOTE_ADDR: 91.237.41.157
HTTP_REFERER: 
requested: array(3) {
  ["controller"] => string(5) "forum"
  ["action"] => string(5) "index"
  ["module"] => string(7) "default"
}


--------------------------------------------------------------------------------
2018-05-05T10:05:43+00:00 ERR (3) 404 Seite nicht gefunden
REMOTE_ADDR: 91.237.41.157
HTTP_REFERER: 
requested: array(3) {
  ["controller"] => string(5) "forum"
  ["action"] => string(5) "index"
  ["module"] => string(7) "default"
}


--------------------------------------------------------------------------------
2018-05-05T23:21:24+00:00 ERR (3) 404 "anne" was not found.
REMOTE_ADDR: 77.75.77.36
HTTP_REFERER: 
requested: array(5) {
  ["lang"] => string(2) "de"
  ["action"] => string(4) "page"
  ["key"] => string(4) "anne"
  ["module"] => string(7) "default"
  ["controller"] => string(5) "index"
}


--------------------------------------------------------------------------------
