2011-08-20T04:03:55+00:00 ERR (3) 404 Seite nicht gefunden
REMOTE_ADDR: 64.31.63.82
HTTP_REFERER: http://graphicore.de/forum/index.php
requested: array(3) {
  ["controller"] => string(5) "forum"
  ["action"] => string(9) "index.php"
  ["module"] => string(7) "default"
}


--------------------------------------------------------------------------------
2011-08-20T08:43:27+00:00 ERR (3) 404 Seite nicht gefunden
REMOTE_ADDR: 95.134.58.20
HTTP_REFERER: http://graphicore.de/forum/index.php
requested: array(3) {
  ["controller"] => string(5) "forum"
  ["action"] => string(9) "index.php"
  ["module"] => string(7) "default"
}


--------------------------------------------------------------------------------
2011-08-20T12:37:21+00:00 ERR (3) 404 Seite nicht gefunden
REMOTE_ADDR: 76.2.103.27
HTTP_REFERER: http://graphicore.de/forum/index.php
requested: array(3) {
  ["controller"] => string(5) "forum"
  ["action"] => string(9) "index.php"
  ["module"] => string(7) "default"
}


--------------------------------------------------------------------------------
2011-08-20T16:22:27+00:00 ERR (3) 404 Seite nicht gefunden
REMOTE_ADDR: 124.34.213.138
HTTP_REFERER: http://graphicore.de/forum/index.php
requested: array(3) {
  ["controller"] => string(5) "forum"
  ["action"] => string(9) "index.php"
  ["module"] => string(7) "default"
}


--------------------------------------------------------------------------------
2011-08-20T21:51:41+00:00 ERR (3) 404 "topic" was not found.
REMOTE_ADDR: 96.45.173.3
HTTP_REFERER: http://graphicore.de/de/index/topic/intern/news/
requested: array(6) {
  ["lang"] => string(2) "de"
  ["action"] => string(5) "index"
  ["key"] => string(5) "topic"
  ["intern"] => string(4) "news"
  ["module"] => string(7) "default"
  ["controller"] => string(5) "index"
}


--------------------------------------------------------------------------------
