2013-05-12T05:00:51+00:00 ERR (3) 404 unkown Type requested
REMOTE_ADDR: 173.192.235.226
HTTP_REFERER: 
requested: array(5) {
  ["lang"] => string(2) "de"
  ["action"] => string(4) "feed"
  ["key"] => string(1) "e"
  ["module"] => string(7) "default"
  ["controller"] => string(5) "index"
}


--------------------------------------------------------------------------------
2013-05-12T16:28:45+00:00 ERR (3) 404 Page not found
REMOTE_ADDR: 70.127.91.131
HTTP_REFERER: 
requested: array(3) {
  ["controller"] => string(32) "apple-touch-icon-precomposed.png"
  ["action"] => string(5) "index"
  ["module"] => string(7) "default"
}


--------------------------------------------------------------------------------
