2011-09-25T05:44:59+00:00 ERR (3) 404 "" was not found.
REMOTE_ADDR: 157.55.18.25
HTTP_REFERER: 
requested: array(5) {
  ["lang"] => string(2) "de"
  ["action"] => string(7) "archive"
  ["module"] => string(7) "default"
  ["controller"] => string(5) "index"
  ["key"] => string(0) ""
}


--------------------------------------------------------------------------------
2011-09-25T11:10:04+00:00 ERR (3) 404 "" was not found.
REMOTE_ADDR: 139.18.2.209
HTTP_REFERER: 
requested: array(5) {
  ["lang"] => string(2) "en"
  ["action"] => string(7) "archive"
  ["module"] => string(7) "default"
  ["controller"] => string(5) "index"
  ["key"] => string(0) ""
}


--------------------------------------------------------------------------------
