2021-01-11T00:02:54+00:00 ERR (3) 404 Page not found
REMOTE_ADDR: 40.84.158.241
HTTP_REFERER: 
requested: array(3) {
  ["controller"] => string(3) "api"
  ["action"] => string(4) ".env"
  ["module"] => string(7) "default"
}


--------------------------------------------------------------------------------
2021-01-11T00:03:40+00:00 ERR (3) 404 Page not found
REMOTE_ADDR: 40.84.158.241
HTTP_REFERER: 
requested: array(3) {
  ["controller"] => string(7) "laravel"
  ["action"] => string(4) ".env"
  ["module"] => string(7) "default"
}


--------------------------------------------------------------------------------
2021-01-11T00:04:13+00:00 ERR (3) 404 Page not found
REMOTE_ADDR: 40.84.158.241
HTTP_REFERER: 
requested: array(3) {
  ["controller"] => string(4) "test"
  ["action"] => string(4) ".env"
  ["module"] => string(7) "default"
}


--------------------------------------------------------------------------------
2021-01-11T00:04:18+00:00 ERR (3) 404 Page not found
REMOTE_ADDR: 40.84.158.241
HTTP_REFERER: 
requested: array(3) {
  ["controller"] => string(5) "admin"
  ["action"] => string(4) ".env"
  ["module"] => string(7) "default"
}


--------------------------------------------------------------------------------
2021-01-11T00:04:39+00:00 ERR (3) 404 Page not found
REMOTE_ADDR: 40.84.158.241
HTTP_REFERER: 
requested: array(3) {
  ["controller"] => string(6) "vendor"
  ["action"] => string(4) ".env"
  ["module"] => string(7) "default"
}


--------------------------------------------------------------------------------
2021-01-11T00:04:57+00:00 ERR (3) 404 Page not found
REMOTE_ADDR: 40.84.158.241
HTTP_REFERER: 
requested: array(3) {
  ["controller"] => string(5) "sites"
  ["action"] => string(4) ".env"
  ["module"] => string(7) "default"
}


--------------------------------------------------------------------------------
2021-01-11T00:05:02+00:00 ERR (3) 404 Page not found
REMOTE_ADDR: 40.84.158.241
HTTP_REFERER: 
requested: array(3) {
  ["controller"] => string(4) "blog"
  ["action"] => string(4) ".env"
  ["module"] => string(7) "default"
}


--------------------------------------------------------------------------------
2021-01-11T00:05:29+00:00 ERR (3) 404 Page not found
REMOTE_ADDR: 40.84.158.241
HTTP_REFERER: 
requested: array(3) {
  ["controller"] => string(6) "system"
  ["action"] => string(4) ".env"
  ["module"] => string(7) "default"
}


--------------------------------------------------------------------------------
2021-01-11T00:05:33+00:00 ERR (3) 404 Page not found
REMOTE_ADDR: 40.84.158.241
HTTP_REFERER: 
requested: array(3) {
  ["controller"] => string(6) "public"
  ["action"] => string(4) ".env"
  ["module"] => string(7) "default"
}


--------------------------------------------------------------------------------
2021-01-11T00:05:38+00:00 ERR (3) 404 Page not found
REMOTE_ADDR: 40.84.158.241
HTTP_REFERER: 
requested: array(3) {
  ["controller"] => string(4) "shop"
  ["action"] => string(4) ".env"
  ["module"] => string(7) "default"
}


--------------------------------------------------------------------------------
2021-01-11T01:06:25+00:00 ERR (3) 404 Seite nicht gefunden
REMOTE_ADDR: 192.71.12.140
HTTP_REFERER: 
requested: array(3) {
  ["controller"] => string(10) "humans.txt"
  ["action"] => string(5) "index"
  ["module"] => string(7) "default"
}


--------------------------------------------------------------------------------
2021-01-11T01:06:25+00:00 ERR (3) 404 Seite nicht gefunden
REMOTE_ADDR: 192.71.38.71
HTTP_REFERER: 
requested: array(3) {
  ["controller"] => string(7) "ads.txt"
  ["action"] => string(5) "index"
  ["module"] => string(7) "default"
}


--------------------------------------------------------------------------------
2021-01-11T09:17:40+00:00 ERR (3) 404 Seite nicht gefunden
REMOTE_ADDR: 13.66.139.111
HTTP_REFERER: 
requested: array(3) {
  ["controller"] => string(8) "atom.xml"
  ["action"] => string(5) "index"
  ["module"] => string(7) "default"
}


--------------------------------------------------------------------------------
2021-01-11T12:33:55+00:00 ERR (3) 404 Seite nicht gefunden
REMOTE_ADDR: 64.227.50.5
HTTP_REFERER: 
requested: array(3) {
  ["controller"] => string(11) ".well-known"
  ["action"] => string(12) "security.txt"
  ["module"] => string(7) "default"
}


--------------------------------------------------------------------------------
2021-01-11T12:33:55+00:00 ERR (3) 404 Seite nicht gefunden
REMOTE_ADDR: 64.227.50.5
HTTP_REFERER: 
requested: array(3) {
  ["controller"] => string(12) "security.txt"
  ["action"] => string(5) "index"
  ["module"] => string(7) "default"
}


--------------------------------------------------------------------------------
2021-01-11T19:36:49+00:00 ERR (3) 404 Seite nicht gefunden
REMOTE_ADDR: 49.12.102.81
HTTP_REFERER: 
requested: array(3) {
  ["controller"] => string(11) "sitemap.xml"
  ["action"] => string(5) "index"
  ["module"] => string(7) "default"
}


--------------------------------------------------------------------------------
2021-01-11T22:36:40+00:00 ERR (3) 404 Seite nicht gefunden
REMOTE_ADDR: 51.132.1.69
HTTP_REFERER: 
requested: array(3) {
  ["controller"] => string(4) ".env"
  ["action"] => string(5) "index"
  ["module"] => string(7) "default"
}


--------------------------------------------------------------------------------
2021-01-11T22:37:02+00:00 ERR (3) 404 Seite nicht gefunden
REMOTE_ADDR: 51.132.1.69
HTTP_REFERER: 
requested: array(5) {
  ["controller"] => string(6) "vendor"
  ["action"] => string(7) "phpunit"
  ["phpunit"] => string(3) "src"
  ["Util"] => string(3) "PHP"
  ["module"] => string(7) "default"
}


--------------------------------------------------------------------------------
2021-01-11T23:48:59+00:00 ERR (3) 404 Seite nicht gefunden
REMOTE_ADDR: 185.222.58.100
HTTP_REFERER: 
requested: array(3) {
  ["controller"] => string(8) "wp-admin"
  ["action"] => string(11) "install.php"
  ["module"] => string(7) "default"
}


--------------------------------------------------------------------------------
2021-01-11T23:48:59+00:00 ERR (3) 404 Seite nicht gefunden
REMOTE_ADDR: 185.222.58.100
HTTP_REFERER: 
requested: array(3) {
  ["controller"] => string(2) "wp"
  ["action"] => string(8) "wp-admin"
  ["module"] => string(7) "default"
}


--------------------------------------------------------------------------------
2021-01-11T23:48:59+00:00 ERR (3) 404 Seite nicht gefunden
REMOTE_ADDR: 185.222.58.100
HTTP_REFERER: 
requested: array(3) {
  ["controller"] => string(9) "wordpress"
  ["action"] => string(8) "wp-admin"
  ["module"] => string(7) "default"
}


--------------------------------------------------------------------------------
2021-01-11T23:48:59+00:00 ERR (3) 404 Seite nicht gefunden
REMOTE_ADDR: 185.222.58.100
HTTP_REFERER: 
requested: array(3) {
  ["controller"] => string(4) "blog"
  ["action"] => string(8) "wp-admin"
  ["module"] => string(7) "default"
}


--------------------------------------------------------------------------------
2021-01-11T23:48:59+00:00 ERR (3) 404 Seite nicht gefunden
REMOTE_ADDR: 185.222.58.100
HTTP_REFERER: 
requested: array(3) {
  ["controller"] => string(3) "old"
  ["action"] => string(8) "wp-admin"
  ["module"] => string(7) "default"
}


--------------------------------------------------------------------------------
2021-01-11T23:48:59+00:00 ERR (3) 404 Seite nicht gefunden
REMOTE_ADDR: 185.222.58.100
HTTP_REFERER: 
requested: array(3) {
  ["controller"] => string(3) "new"
  ["action"] => string(8) "wp-admin"
  ["module"] => string(7) "default"
}


--------------------------------------------------------------------------------
2021-01-11T23:48:59+00:00 ERR (3) 404 Seite nicht gefunden
REMOTE_ADDR: 185.222.58.100
HTTP_REFERER: 
requested: array(3) {
  ["controller"] => string(7) "oldsite"
  ["action"] => string(8) "wp-admin"
  ["module"] => string(7) "default"
}


--------------------------------------------------------------------------------
2021-01-11T23:48:59+00:00 ERR (3) 404 Seite nicht gefunden
REMOTE_ADDR: 185.222.58.100
HTTP_REFERER: 
requested: array(3) {
  ["controller"] => string(6) "backup"
  ["action"] => string(8) "wp-admin"
  ["module"] => string(7) "default"
}


--------------------------------------------------------------------------------
