2014-03-08T00:34:02+00:00 ERR (3) 404 Seite nicht gefunden
REMOTE_ADDR: 46.24.129.202
HTTP_REFERER: 
requested: array(4) {
  ["controller"] => string(6) "https:"
  [""] => string(19) "silber-und-blei.com"
  ["action"] => string(5) "index"
  ["module"] => string(7) "default"
}


--------------------------------------------------------------------------------
2014-03-08T00:34:03+00:00 ERR (3) 404 Seite nicht gefunden
REMOTE_ADDR: 46.24.129.202
HTTP_REFERER: 
requested: array(3) {
  ["controller"] => string(2) "js"
  ["action"] => string(1) "'"
  ["module"] => string(7) "default"
}


--------------------------------------------------------------------------------
2014-03-08T03:10:43+00:00 ERR (3) 404 Seite nicht gefunden
REMOTE_ADDR: 208.115.111.73
HTTP_REFERER: 
requested: array(5) {
  ["lang"] => string(2) "de"
  ["action"] => string(2) "en"
  ["module"] => string(7) "default"
  ["controller"] => string(5) "index"
  ["key"] => string(0) ""
}


--------------------------------------------------------------------------------
2014-03-08T14:50:04+00:00 ERR (3) 404 Seite nicht gefunden
REMOTE_ADDR: 5.135.43.132
HTTP_REFERER: 
requested: array(3) {
  ["controller"] => string(12) "wp-login.php"
  ["action"] => string(5) "index"
  ["module"] => string(7) "default"
}


--------------------------------------------------------------------------------
2014-03-08T17:17:34+00:00 ERR (3) 404 "story" was not found.
REMOTE_ADDR: 157.55.32.223
HTTP_REFERER: 
requested: array(6) {
  ["lang"] => string(2) "de"
  ["action"] => string(5) "index"
  ["key"] => string(5) "story"
  ["intern"] => string(7) "kontakt"
  ["module"] => string(7) "default"
  ["controller"] => string(5) "index"
}


--------------------------------------------------------------------------------
2014-03-08T21:24:06+00:00 ERR (3) 404 Seite nicht gefunden
REMOTE_ADDR: 46.24.129.202
HTTP_REFERER: 
requested: array(4) {
  ["controller"] => string(6) "https:"
  [""] => string(19) "silber-und-blei.com"
  ["action"] => string(5) "index"
  ["module"] => string(7) "default"
}


--------------------------------------------------------------------------------
2014-03-08T21:24:07+00:00 ERR (3) 404 Seite nicht gefunden
REMOTE_ADDR: 46.24.129.202
HTTP_REFERER: 
requested: array(3) {
  ["controller"] => string(2) "js"
  ["action"] => string(1) "'"
  ["module"] => string(7) "default"
}


--------------------------------------------------------------------------------
2014-03-08T23:50:27+00:00 ERR (3) 404 Seite nicht gefunden
REMOTE_ADDR: 2.137.26.63
HTTP_REFERER: 
requested: array(4) {
  ["controller"] => string(6) "https:"
  [""] => string(19) "silber-und-blei.com"
  ["action"] => string(5) "index"
  ["module"] => string(7) "default"
}


--------------------------------------------------------------------------------
2014-03-08T23:50:32+00:00 ERR (3) 404 Seite nicht gefunden
REMOTE_ADDR: 2.137.26.63
HTTP_REFERER: 
requested: array(3) {
  ["controller"] => string(2) "js"
  ["action"] => string(1) "'"
  ["module"] => string(7) "default"
}


--------------------------------------------------------------------------------
