2013-07-17T10:06:32+00:00 ERR (3) 404 "hire-lasse" was not found.
REMOTE_ADDR: 37.58.52.15
HTTP_REFERER: 
requested: array(5) {
  ["lang"] => string(2) "en"
  ["action"] => string(4) "page"
  ["key"] => string(10) "hire-lasse"
  ["module"] => string(7) "default"
  ["controller"] => string(5) "index"
}


--------------------------------------------------------------------------------
2013-07-17T10:14:11+00:00 ERR (3) 404 "hire-lasse" was not found.
REMOTE_ADDR: 5.10.83.52
HTTP_REFERER: 
requested: array(5) {
  ["lang"] => string(2) "en"
  ["action"] => string(4) "page"
  ["key"] => string(10) "hire-lasse"
  ["module"] => string(7) "default"
  ["controller"] => string(5) "index"
}


--------------------------------------------------------------------------------
2013-07-17T12:21:53+00:00 ERR (3) 404 Seite nicht gefunden
REMOTE_ADDR: 144.76.95.231
HTTP_REFERER: 
requested: array(3) {
  ["controller"] => string(5) "diary"
  ["action"] => string(4) "atom"
  ["module"] => string(7) "default"
}


--------------------------------------------------------------------------------
2013-07-17T12:22:09+00:00 ERR (3) 404 Seite nicht gefunden
REMOTE_ADDR: 144.76.95.231
HTTP_REFERER: 
requested: array(3) {
  ["controller"] => string(5) "diary"
  ["action"] => string(17) "tag:graphicore.de"
  ["module"] => string(7) "default"
}


--------------------------------------------------------------------------------
2013-07-17T14:56:47+00:00 ERR (3) 404 "hire-lasse" was not found.
REMOTE_ADDR: 208.115.111.73
HTTP_REFERER: 
requested: array(5) {
  ["lang"] => string(2) "de"
  ["action"] => string(4) "page"
  ["key"] => string(10) "hire-lasse"
  ["module"] => string(7) "default"
  ["controller"] => string(5) "index"
}


--------------------------------------------------------------------------------
2013-07-17T19:21:51+00:00 ERR (3) 404 Seite nicht gefunden
REMOTE_ADDR: 91.200.13.1
HTTP_REFERER: http://graphicore.de/forum/
requested: array(3) {
  ["controller"] => string(5) "forum"
  ["action"] => string(5) "index"
  ["module"] => string(7) "default"
}


--------------------------------------------------------------------------------
2013-07-17T20:01:46+00:00 ERR (3) 404 "hire-lasse" was not found.
REMOTE_ADDR: 5.10.83.27
HTTP_REFERER: 
requested: array(5) {
  ["lang"] => string(2) "de"
  ["action"] => string(4) "page"
  ["key"] => string(10) "hire-lasse"
  ["module"] => string(7) "default"
  ["controller"] => string(5) "index"
}


--------------------------------------------------------------------------------
2013-07-17T20:26:03+00:00 ERR (3) 404 Seite nicht gefunden
REMOTE_ADDR: 31.128.224.184
HTTP_REFERER: http://graphicore.de/forum/
requested: array(3) {
  ["controller"] => string(5) "forum"
  ["action"] => string(5) "index"
  ["module"] => string(7) "default"
}


--------------------------------------------------------------------------------
2013-07-17T21:07:07+00:00 ERR (3) 404 The filter "en" was not found.
REMOTE_ADDR: 208.115.113.89
HTTP_REFERER: 
requested: array(5) {
  ["lang"] => string(2) "en"
  ["action"] => string(5) "diary"
  ["key"] => string(2) "en"
  ["module"] => string(7) "default"
  ["controller"] => string(5) "index"
}


--------------------------------------------------------------------------------
2013-07-17T22:37:41+00:00 ERR (3) 404 "hire-lasse" was not found.
REMOTE_ADDR: 66.249.75.228
HTTP_REFERER: 
requested: array(5) {
  ["lang"] => string(2) "de"
  ["action"] => string(4) "page"
  ["key"] => string(10) "hire-lasse"
  ["module"] => string(7) "default"
  ["controller"] => string(5) "index"
}


--------------------------------------------------------------------------------
