2015-02-21T03:15:57+00:00 ERR (3) 404 Seite nicht gefunden
REMOTE_ADDR: 66.249.67.115
HTTP_REFERER: 
requested: array(4) {
  ["controller"] => string(5) "diary"
  ["action"] => string(29) "tag:graphicore.de,2013-11-13:"
  ["diary"] => string(27) "201311131703405283b0ecf2532"
  ["module"] => string(7) "default"
}


--------------------------------------------------------------------------------
2015-02-21T03:16:02+00:00 ERR (3) 404 Seite nicht gefunden
REMOTE_ADDR: 66.249.78.150
HTTP_REFERER: 
requested: array(4) {
  ["controller"] => string(5) "diary"
  ["action"] => string(29) "tag:graphicore.de,2010-09-27:"
  ["diary"] => string(27) "201009272105474ca1072b79bf6"
  ["module"] => string(7) "default"
}


--------------------------------------------------------------------------------
2015-02-21T03:16:07+00:00 ERR (3) 404 Seite nicht gefunden
REMOTE_ADDR: 66.249.78.157
HTTP_REFERER: 
requested: array(4) {
  ["controller"] => string(5) "diary"
  ["action"] => string(29) "tag:graphicore.de,2010-10-01:"
  ["diary"] => string(27) "201010011553324ca603fcc53f3"
  ["module"] => string(7) "default"
}


--------------------------------------------------------------------------------
