2018-08-08T02:04:53+00:00 ERR (3) 404 Seite nicht gefunden
REMOTE_ADDR: 216.244.71.234
HTTP_REFERER: 
requested: array(4) {
  ["controller"] => string(6) "https:"
  [""] => string(19) "silber-und-blei.com"
  ["action"] => string(5) "index"
  ["module"] => string(7) "default"
}


--------------------------------------------------------------------------------
2018-08-08T02:19:07+00:00 ERR (3) 404 "anne" was not found.
REMOTE_ADDR: 66.249.69.195
HTTP_REFERER: 
requested: array(5) {
  ["lang"] => string(2) "en"
  ["action"] => string(4) "page"
  ["key"] => string(4) "anne"
  ["module"] => string(7) "default"
  ["controller"] => string(5) "index"
}


--------------------------------------------------------------------------------
2018-08-08T02:19:14+00:00 ERR (3) 404 "competences" was not found.
REMOTE_ADDR: 188.138.41.208
HTTP_REFERER: 
requested: array(5) {
  ["lang"] => string(2) "de"
  ["action"] => string(4) "page"
  ["key"] => string(11) "competences"
  ["module"] => string(7) "default"
  ["controller"] => string(5) "index"
}


--------------------------------------------------------------------------------
2018-08-08T02:19:29+00:00 ERR (3) 404 "competences" was not found.
REMOTE_ADDR: 188.138.41.208
HTTP_REFERER: 
requested: array(5) {
  ["lang"] => string(2) "en"
  ["action"] => string(4) "page"
  ["key"] => string(11) "competences"
  ["module"] => string(7) "default"
  ["controller"] => string(5) "index"
}


--------------------------------------------------------------------------------
2018-08-08T02:37:59+00:00 ERR (3) 404 "hire-lasse" was not found.
REMOTE_ADDR: 188.138.41.208
HTTP_REFERER: 
requested: array(5) {
  ["lang"] => string(2) "de"
  ["action"] => string(4) "page"
  ["key"] => string(10) "hire-lasse"
  ["module"] => string(7) "default"
  ["controller"] => string(5) "index"
}


--------------------------------------------------------------------------------
2018-08-08T02:39:16+00:00 ERR (3) 404 "hire-lasse" was not found.
REMOTE_ADDR: 188.138.41.208
HTTP_REFERER: 
requested: array(5) {
  ["lang"] => string(2) "en"
  ["action"] => string(4) "page"
  ["key"] => string(10) "hire-lasse"
  ["module"] => string(7) "default"
  ["controller"] => string(5) "index"
}


--------------------------------------------------------------------------------
2018-08-08T02:45:40+00:00 ERR (3) 404 Seite nicht gefunden
REMOTE_ADDR: 66.249.69.198
HTTP_REFERER: 
requested: array(4) {
  ["controller"] => string(5) "diary"
  ["action"] => string(29) "tag:graphicore.de,2013-06-06:"
  ["diary"] => string(27) "2013060618252451b0d41400bf3"
  ["module"] => string(7) "default"
}


--------------------------------------------------------------------------------
2018-08-08T02:48:11+00:00 ERR (3) 404 Seite nicht gefunden
REMOTE_ADDR: 66.249.69.198
HTTP_REFERER: 
requested: array(4) {
  ["controller"] => string(5) "diary"
  ["action"] => string(29) "tag:graphicore.de,2013-11-12:"
  ["diary"] => string(27) "2013111216002052825094cba29"
  ["module"] => string(7) "default"
}


--------------------------------------------------------------------------------
2018-08-08T02:50:42+00:00 ERR (3) 404 Seite nicht gefunden
REMOTE_ADDR: 66.249.69.200
HTTP_REFERER: 
requested: array(4) {
  ["controller"] => string(5) "diary"
  ["action"] => string(29) "tag:graphicore.de,2010-09-23:"
  ["diary"] => string(27) "201009231107214c9b34e9d0274"
  ["module"] => string(7) "default"
}


--------------------------------------------------------------------------------
2018-08-08T02:55:44+00:00 ERR (3) 404 Seite nicht gefunden
REMOTE_ADDR: 66.249.69.198
HTTP_REFERER: 
requested: array(4) {
  ["controller"] => string(5) "diary"
  ["action"] => string(29) "tag:graphicore.de,2010-10-18:"
  ["diary"] => string(27) "201010181349214cbc5061f0048"
  ["module"] => string(7) "default"
}


--------------------------------------------------------------------------------
2018-08-08T03:00:46+00:00 ERR (3) 404 Seite nicht gefunden
REMOTE_ADDR: 66.249.69.195
HTTP_REFERER: 
requested: array(4) {
  ["controller"] => string(5) "diary"
  ["action"] => string(29) "tag:graphicore.de,2015-07-28:"
  ["diary"] => string(27) "2015072812483855b77a264cda6"
  ["module"] => string(7) "default"
}


--------------------------------------------------------------------------------
2018-08-08T03:01:26+00:00 ERR (3) 404 Seite nicht gefunden
REMOTE_ADDR: 173.234.159.250
HTTP_REFERER: 
requested: array(4) {
  ["controller"] => string(5) "forum"
  ["action"] => string(13) "viewtopic.php"
  ["module"] => string(7) "default"
  ["p"] => string(2) "67"
}


--------------------------------------------------------------------------------
2018-08-08T03:01:41+00:00 ERR (3) 404 Seite nicht gefunden
REMOTE_ADDR: 173.234.159.250
HTTP_REFERER: 
requested: array(4) {
  ["controller"] => string(5) "forum"
  ["action"] => string(13) "viewtopic.php"
  ["module"] => string(7) "default"
  ["p"] => string(2) "71"
}


--------------------------------------------------------------------------------
2018-08-08T03:03:17+00:00 ERR (3) 404 Seite nicht gefunden
REMOTE_ADDR: 66.249.69.200
HTTP_REFERER: 
requested: array(4) {
  ["controller"] => string(5) "diary"
  ["action"] => string(29) "tag:graphicore.de,2013-06-12:"
  ["diary"] => string(27) "2013061209052451b839d4ca32b"
  ["module"] => string(7) "default"
}


--------------------------------------------------------------------------------
2018-08-08T03:08:19+00:00 ERR (3) 404 Seite nicht gefunden
REMOTE_ADDR: 66.249.69.198
HTTP_REFERER: 
requested: array(4) {
  ["controller"] => string(5) "diary"
  ["action"] => string(29) "tag:graphicore.de,2013-06-07:"
  ["diary"] => string(27) "2013060714011251b1e7a8c1407"
  ["module"] => string(7) "default"
}


--------------------------------------------------------------------------------
2018-08-08T03:10:50+00:00 ERR (3) 404 Seite nicht gefunden
REMOTE_ADDR: 66.249.69.195
HTTP_REFERER: 
requested: array(4) {
  ["controller"] => string(5) "diary"
  ["action"] => string(29) "tag:graphicore.de,2014-02-27:"
  ["diary"] => string(27) "20140227115040530f26907c1a8"
  ["module"] => string(7) "default"
}


--------------------------------------------------------------------------------
2018-08-08T03:13:21+00:00 ERR (3) 404 Seite nicht gefunden
REMOTE_ADDR: 66.249.69.198
HTTP_REFERER: 
requested: array(4) {
  ["controller"] => string(5) "diary"
  ["action"] => string(29) "tag:graphicore.de,2010-09-27:"
  ["diary"] => string(27) "201009272109094ca107f52b79c"
  ["module"] => string(7) "default"
}


--------------------------------------------------------------------------------
2018-08-08T03:15:52+00:00 ERR (3) 404 Seite nicht gefunden
REMOTE_ADDR: 66.249.69.200
HTTP_REFERER: 
requested: array(4) {
  ["controller"] => string(5) "diary"
  ["action"] => string(29) "tag:graphicore.de,2010-08-31:"
  ["diary"] => string(27) "201008310024084c7c4ba816ac5"
  ["module"] => string(7) "default"
}


--------------------------------------------------------------------------------
2018-08-08T03:18:23+00:00 ERR (3) 404 Seite nicht gefunden
REMOTE_ADDR: 66.249.69.195
HTTP_REFERER: 
requested: array(4) {
  ["controller"] => string(5) "diary"
  ["action"] => string(29) "tag:graphicore.de,2010-07-09:"
  ["diary"] => string(27) "201007091937074c377a6340b8b"
  ["module"] => string(7) "default"
}


--------------------------------------------------------------------------------
2018-08-08T03:20:54+00:00 ERR (3) 404 Seite nicht gefunden
REMOTE_ADDR: 66.249.69.200
HTTP_REFERER: 
requested: array(4) {
  ["controller"] => string(5) "diary"
  ["action"] => string(29) "tag:graphicore.de,2014-02-27:"
  ["diary"] => string(27) "20140227142708530f4b3c7eae4"
  ["module"] => string(7) "default"
}


--------------------------------------------------------------------------------
2018-08-08T03:23:25+00:00 ERR (3) 404 Seite nicht gefunden
REMOTE_ADDR: 66.249.69.200
HTTP_REFERER: 
requested: array(4) {
  ["controller"] => string(5) "diary"
  ["action"] => string(29) "tag:graphicore.de,2012-01-17:"
  ["diary"] => string(27) "201201171404524f15800404a4f"
  ["module"] => string(7) "default"
}


--------------------------------------------------------------------------------
2018-08-08T03:25:56+00:00 ERR (3) 404 Seite nicht gefunden
REMOTE_ADDR: 66.249.69.195
HTTP_REFERER: 
requested: array(4) {
  ["controller"] => string(5) "diary"
  ["action"] => string(29) "tag:graphicore.de,2013-11-13:"
  ["diary"] => string(27) "201311131703405283b0ecf2532"
  ["module"] => string(7) "default"
}


--------------------------------------------------------------------------------
2018-08-08T03:30:58+00:00 ERR (3) 404 Seite nicht gefunden
REMOTE_ADDR: 66.249.69.198
HTTP_REFERER: 
requested: array(4) {
  ["controller"] => string(5) "diary"
  ["action"] => string(29) "tag:graphicore.de,2013-01-31:"
  ["diary"] => string(27) "20130131135955510a78db3e0d6"
  ["module"] => string(7) "default"
}


--------------------------------------------------------------------------------
2018-08-08T03:33:29+00:00 ERR (3) 404 Seite nicht gefunden
REMOTE_ADDR: 66.249.69.195
HTTP_REFERER: 
requested: array(4) {
  ["controller"] => string(5) "diary"
  ["action"] => string(29) "tag:graphicore.de,2010-09-27:"
  ["diary"] => string(27) "201009272105474ca1072b79bf6"
  ["module"] => string(7) "default"
}


--------------------------------------------------------------------------------
2018-08-08T03:38:31+00:00 ERR (3) 404 Seite nicht gefunden
REMOTE_ADDR: 66.249.69.198
HTTP_REFERER: 
requested: array(4) {
  ["controller"] => string(5) "diary"
  ["action"] => string(29) "tag:graphicore.de,2010-10-01:"
  ["diary"] => string(27) "201010011553324ca603fcc53f3"
  ["module"] => string(7) "default"
}


--------------------------------------------------------------------------------
2018-08-08T03:48:35+00:00 ERR (3) 404 Seite nicht gefunden
REMOTE_ADDR: 66.249.69.195
HTTP_REFERER: 
requested: array(4) {
  ["controller"] => string(5) "diary"
  ["action"] => string(29) "tag:graphicore.de,2012-09-02:"
  ["diary"] => string(27) "201209021920375043b185ef245"
  ["module"] => string(7) "default"
}


--------------------------------------------------------------------------------
2018-08-08T03:56:08+00:00 ERR (3) 404 Seite nicht gefunden
REMOTE_ADDR: 66.249.69.195
HTTP_REFERER: 
requested: array(4) {
  ["controller"] => string(5) "diary"
  ["action"] => string(29) "tag:graphicore.de,2010-10-06:"
  ["diary"] => string(27) "201010061331004cac7a14de999"
  ["module"] => string(7) "default"
}


--------------------------------------------------------------------------------
2018-08-08T04:01:20+00:00 ERR (3) 404 Seite nicht gefunden
REMOTE_ADDR: 66.249.69.200
HTTP_REFERER: 
requested: array(4) {
  ["controller"] => string(5) "diary"
  ["action"] => string(29) "tag:graphicore.de,2013-11-12:"
  ["diary"] => string(27) "2013111217533652826b2018ca8"
  ["module"] => string(7) "default"
}


--------------------------------------------------------------------------------
2018-08-08T04:11:14+00:00 ERR (3) 404 Seite nicht gefunden
REMOTE_ADDR: 66.249.69.200
HTTP_REFERER: 
requested: array(4) {
  ["controller"] => string(5) "diary"
  ["action"] => string(29) "tag:graphicore.de,2010-10-12:"
  ["diary"] => string(27) "201010121448344cb475424313c"
  ["module"] => string(7) "default"
}


--------------------------------------------------------------------------------
2018-08-08T09:07:33+00:00 ERR (3) 404 Seite nicht gefunden
REMOTE_ADDR: 216.244.71.234
HTTP_REFERER: 
requested: array(3) {
  ["controller"] => string(6) "https:"
  ["action"] => string(19) "silber-und-blei.com"
  ["module"] => string(7) "default"
}


--------------------------------------------------------------------------------
2018-08-08T20:45:24+00:00 ERR (3) 404 "hire-lasse" was not found.
REMOTE_ADDR: 133.130.116.173
HTTP_REFERER: 
requested: array(5) {
  ["lang"] => string(2) "en"
  ["action"] => string(4) "page"
  ["key"] => string(10) "hire-lasse"
  ["module"] => string(7) "default"
  ["controller"] => string(5) "index"
}


--------------------------------------------------------------------------------
2018-08-08T20:58:10+00:00 ERR (3) 404 "hire-lasse" was not found.
REMOTE_ADDR: 133.130.116.173
HTTP_REFERER: 
requested: array(5) {
  ["lang"] => string(2) "de"
  ["action"] => string(4) "page"
  ["key"] => string(10) "hire-lasse"
  ["module"] => string(7) "default"
  ["controller"] => string(5) "index"
}


--------------------------------------------------------------------------------
2018-08-08T20:59:39+00:00 ERR (3) 404 "competences" was not found.
REMOTE_ADDR: 133.130.116.173
HTTP_REFERER: 
requested: array(5) {
  ["lang"] => string(2) "de"
  ["action"] => string(4) "page"
  ["key"] => string(11) "competences"
  ["module"] => string(7) "default"
  ["controller"] => string(5) "index"
}


--------------------------------------------------------------------------------
2018-08-08T21:01:24+00:00 ERR (3) 404 "competences" was not found.
REMOTE_ADDR: 133.130.116.173
HTTP_REFERER: 
requested: array(5) {
  ["lang"] => string(2) "en"
  ["action"] => string(4) "page"
  ["key"] => string(11) "competences"
  ["module"] => string(7) "default"
  ["controller"] => string(5) "index"
}


--------------------------------------------------------------------------------
