2020-05-21T02:12:57+00:00 ERR (3) 404 "hire-lasse" was not found.
REMOTE_ADDR: 66.249.64.204
HTTP_REFERER: 
requested: array(5) {
  ["lang"] => string(2) "en"
  ["action"] => string(4) "page"
  ["key"] => string(10) "hire-lasse"
  ["module"] => string(7) "default"
  ["controller"] => string(5) "index"
}


--------------------------------------------------------------------------------
2020-05-21T03:20:50+00:00 ERR (3) 404 Seite nicht gefunden
REMOTE_ADDR: 66.36.170.10
HTTP_REFERER: 
requested: array(3) {
  ["controller"] => string(8) "wp-admin"
  ["action"] => string(5) "index"
  ["module"] => string(7) "default"
}


--------------------------------------------------------------------------------
2020-05-21T03:28:28+00:00 ERR (3) 404 Seite nicht gefunden
REMOTE_ADDR: 51.91.118.206
HTTP_REFERER: 
requested: array(3) {
  ["controller"] => string(4) "test"
  ["action"] => string(8) "wp-admin"
  ["module"] => string(7) "default"
}


--------------------------------------------------------------------------------
2020-05-21T03:35:52+00:00 ERR (3) 404 Seite nicht gefunden
REMOTE_ADDR: 79.170.44.91
HTTP_REFERER: 
requested: array(3) {
  ["controller"] => string(9) "wordpress"
  ["action"] => string(8) "wp-admin"
  ["module"] => string(7) "default"
}


--------------------------------------------------------------------------------
2020-05-21T03:43:23+00:00 ERR (3) 404 Seite nicht gefunden
REMOTE_ADDR: 199.16.128.45
HTTP_REFERER: 
requested: array(3) {
  ["controller"] => string(4) "blog"
  ["action"] => string(8) "wp-admin"
  ["module"] => string(7) "default"
}


--------------------------------------------------------------------------------
2020-05-21T03:50:51+00:00 ERR (3) 404 Seite nicht gefunden
REMOTE_ADDR: 72.34.61.254
HTTP_REFERER: 
requested: array(3) {
  ["controller"] => string(2) "wp"
  ["action"] => string(8) "wp-admin"
  ["module"] => string(7) "default"
}


--------------------------------------------------------------------------------
2020-05-21T03:58:15+00:00 ERR (3) 404 Seite nicht gefunden
REMOTE_ADDR: 69.195.124.152
HTTP_REFERER: 
requested: array(3) {
  ["controller"] => string(3) "old"
  ["action"] => string(8) "wp-admin"
  ["module"] => string(7) "default"
}


--------------------------------------------------------------------------------
2020-05-21T05:37:59+00:00 ERR (3) 404 Page not found
REMOTE_ADDR: 46.243.145.132
HTTP_REFERER: 
requested: array(4) {
  ["controller"] => string(10) "phpmyadmin"
  ["action"] => string(5) "index"
  ["module"] => string(7) "default"
  ["stacey-1"] => string(0) ""
}


--------------------------------------------------------------------------------
2020-05-21T06:24:28+00:00 ERR (3) 404 Seite nicht gefunden
REMOTE_ADDR: 192.71.2.171
HTTP_REFERER: 
requested: array(3) {
  ["controller"] => string(10) "humans.txt"
  ["action"] => string(5) "index"
  ["module"] => string(7) "default"
}


--------------------------------------------------------------------------------
2020-05-21T06:24:28+00:00 ERR (3) 404 Seite nicht gefunden
REMOTE_ADDR: 192.71.36.158
HTTP_REFERER: 
requested: array(3) {
  ["controller"] => string(7) "ads.txt"
  ["action"] => string(5) "index"
  ["module"] => string(7) "default"
}


--------------------------------------------------------------------------------
2020-05-21T07:15:53+00:00 ERR (3) 404 "anne" was not found.
REMOTE_ADDR: 66.249.64.200
HTTP_REFERER: 
requested: array(5) {
  ["lang"] => string(2) "en"
  ["action"] => string(4) "page"
  ["key"] => string(4) "anne"
  ["module"] => string(7) "default"
  ["controller"] => string(5) "index"
}


--------------------------------------------------------------------------------
2020-05-21T16:38:10+00:00 ERR (3) 404 Page not found
REMOTE_ADDR: 40.80.145.174
HTTP_REFERER: 
requested: array(4) {
  ["controller"] => string(6) "vendor"
  ["action"] => string(7) "phpunit"
  ["phpunit"] => string(11) "phpunit.xsd"
  ["module"] => string(7) "default"
}


--------------------------------------------------------------------------------
2020-05-21T18:07:36+00:00 ERR (3) 404 "" was not found.
REMOTE_ADDR: 34.232.70.214
HTTP_REFERER: 
requested: array(5) {
  ["lang"] => string(2) "en"
  ["action"] => string(7) "archive"
  ["module"] => string(7) "default"
  ["controller"] => string(5) "index"
  ["key"] => string(0) ""
}


--------------------------------------------------------------------------------
2020-05-21T18:09:39+00:00 ERR (3) 404 "hire-lasse" was not found.
REMOTE_ADDR: 34.232.70.214
HTTP_REFERER: 
requested: array(5) {
  ["lang"] => string(2) "en"
  ["action"] => string(4) "page"
  ["key"] => string(10) "hire-lasse"
  ["module"] => string(7) "default"
  ["controller"] => string(5) "index"
}


--------------------------------------------------------------------------------
2020-05-21T18:54:10+00:00 ERR (3) 404 "" was not found.
REMOTE_ADDR: 100.26.142.45
HTTP_REFERER: 
requested: array(5) {
  ["lang"] => string(2) "en"
  ["action"] => string(7) "archive"
  ["module"] => string(7) "default"
  ["controller"] => string(5) "index"
  ["key"] => string(0) ""
}


--------------------------------------------------------------------------------
2020-05-21T19:00:17+00:00 ERR (3) 404 "hire-lasse" was not found.
REMOTE_ADDR: 100.26.142.45
HTTP_REFERER: 
requested: array(5) {
  ["lang"] => string(2) "en"
  ["action"] => string(4) "page"
  ["key"] => string(10) "hire-lasse"
  ["module"] => string(7) "default"
  ["controller"] => string(5) "index"
}


--------------------------------------------------------------------------------
2020-05-21T19:14:36+00:00 ERR (3) 404 "" was not found.
REMOTE_ADDR: 100.26.142.45
HTTP_REFERER: 
requested: array(5) {
  ["lang"] => string(2) "de"
  ["action"] => string(7) "archive"
  ["module"] => string(7) "default"
  ["controller"] => string(5) "index"
  ["key"] => string(0) ""
}


--------------------------------------------------------------------------------
2020-05-21T19:24:46+00:00 ERR (3) 404 "hire-lasse" was not found.
REMOTE_ADDR: 100.26.142.45
HTTP_REFERER: 
requested: array(5) {
  ["lang"] => string(2) "de"
  ["action"] => string(4) "page"
  ["key"] => string(10) "hire-lasse"
  ["module"] => string(7) "default"
  ["controller"] => string(5) "index"
}


--------------------------------------------------------------------------------
2020-05-21T19:25:46+00:00 ERR (3) 404 "" was not found.
REMOTE_ADDR: 100.26.142.45
HTTP_REFERER: 
requested: array(5) {
  ["lang"] => string(2) "de"
  ["action"] => string(7) "archive"
  ["module"] => string(7) "default"
  ["controller"] => string(5) "index"
  ["key"] => string(0) ""
}


--------------------------------------------------------------------------------
2020-05-21T19:26:47+00:00 ERR (3) 404 "" was not found.
REMOTE_ADDR: 100.26.142.45
HTTP_REFERER: 
requested: array(5) {
  ["lang"] => string(2) "en"
  ["action"] => string(7) "archive"
  ["module"] => string(7) "default"
  ["controller"] => string(5) "index"
  ["key"] => string(0) ""
}


--------------------------------------------------------------------------------
2020-05-21T19:28:48+00:00 ERR (3) 404 "competences" was not found.
REMOTE_ADDR: 100.26.142.45
HTTP_REFERER: 
requested: array(5) {
  ["lang"] => string(2) "en"
  ["action"] => string(4) "page"
  ["key"] => string(11) "competences"
  ["module"] => string(7) "default"
  ["controller"] => string(5) "index"
}


--------------------------------------------------------------------------------
2020-05-21T22:31:30+00:00 ERR (3) 404 Seite nicht gefunden
REMOTE_ADDR: 173.249.10.49
HTTP_REFERER: 
requested: array(3) {
  ["controller"] => string(11) "license.txt"
  ["action"] => string(5) "index"
  ["module"] => string(7) "default"
}


--------------------------------------------------------------------------------
2020-05-21T23:21:28+00:00 ERR (3) 404 "competences" was not found.
REMOTE_ADDR: 85.25.185.196
HTTP_REFERER: 
requested: array(5) {
  ["lang"] => string(2) "de"
  ["action"] => string(4) "page"
  ["key"] => string(11) "competences"
  ["module"] => string(7) "default"
  ["controller"] => string(5) "index"
}


--------------------------------------------------------------------------------
2020-05-21T23:35:04+00:00 ERR (3) 404 "hire-lasse" was not found.
REMOTE_ADDR: 85.25.185.196
HTTP_REFERER: 
requested: array(5) {
  ["lang"] => string(2) "de"
  ["action"] => string(4) "page"
  ["key"] => string(10) "hire-lasse"
  ["module"] => string(7) "default"
  ["controller"] => string(5) "index"
}


--------------------------------------------------------------------------------
