2018-05-10T00:22:18+00:00 ERR (3) 404 "hire-lasse" was not found.
REMOTE_ADDR: 88.198.43.207
HTTP_REFERER: 
requested: array(5) {
  ["lang"] => string(2) "de"
  ["action"] => string(4) "page"
  ["key"] => string(10) "hire-lasse"
  ["module"] => string(7) "default"
  ["controller"] => string(5) "index"
}


--------------------------------------------------------------------------------
2018-05-10T05:24:15+00:00 ERR (3) 404 Seite nicht gefunden
REMOTE_ADDR: 158.69.225.37
HTTP_REFERER: 
requested: array(3) {
  ["controller"] => string(11) "sitemap.xml"
  ["action"] => string(5) "index"
  ["module"] => string(7) "default"
}


--------------------------------------------------------------------------------
2018-05-10T05:24:30+00:00 ERR (3) 404 Seite nicht gefunden
REMOTE_ADDR: 158.69.225.37
HTTP_REFERER: 
requested: array(3) {
  ["controller"] => string(7) "ads.txt"
  ["action"] => string(5) "index"
  ["module"] => string(7) "default"
}


--------------------------------------------------------------------------------
2018-05-10T06:08:09+00:00 ERR (3) 404 "hire-lasse" was not found.
REMOTE_ADDR: 5.188.211.10
HTTP_REFERER: 
requested: array(5) {
  ["lang"] => string(2) "en"
  ["action"] => string(4) "page"
  ["key"] => string(10) "hire-lasse"
  ["module"] => string(7) "default"
  ["controller"] => string(5) "index"
}


--------------------------------------------------------------------------------
2018-05-10T13:50:56+00:00 ERR (3) 404 "anne" was not found.
REMOTE_ADDR: 77.75.76.171
HTTP_REFERER: 
requested: array(5) {
  ["lang"] => string(2) "de"
  ["action"] => string(4) "page"
  ["key"] => string(4) "anne"
  ["module"] => string(7) "default"
  ["controller"] => string(5) "index"
}


--------------------------------------------------------------------------------
2018-05-10T18:52:10+00:00 ERR (3) 404 Seite nicht gefunden
REMOTE_ADDR: 144.76.92.113
HTTP_REFERER: 
requested: array(3) {
  ["controller"] => string(11) "sitemap.xml"
  ["action"] => string(5) "index"
  ["module"] => string(7) "default"
}


--------------------------------------------------------------------------------
2018-05-10T18:52:40+00:00 ERR (3) 404 "anne" was not found.
REMOTE_ADDR: 144.76.92.113
HTTP_REFERER: 
requested: array(5) {
  ["lang"] => string(2) "de"
  ["action"] => string(4) "page"
  ["key"] => string(4) "anne"
  ["module"] => string(7) "default"
  ["controller"] => string(5) "index"
}


--------------------------------------------------------------------------------
2018-05-10T18:54:14+00:00 ERR (3) 404 "hire-lasse" was not found.
REMOTE_ADDR: 144.76.92.113
HTTP_REFERER: 
requested: array(5) {
  ["lang"] => string(2) "de"
  ["action"] => string(4) "page"
  ["key"] => string(10) "hire-lasse"
  ["module"] => string(7) "default"
  ["controller"] => string(5) "index"
}


--------------------------------------------------------------------------------
2018-05-10T18:54:19+00:00 ERR (3) 404 "hire-lasse" was not found.
REMOTE_ADDR: 144.76.92.113
HTTP_REFERER: 
requested: array(5) {
  ["lang"] => string(2) "en"
  ["action"] => string(4) "page"
  ["key"] => string(10) "hire-lasse"
  ["module"] => string(7) "default"
  ["controller"] => string(5) "index"
}


--------------------------------------------------------------------------------
2018-05-10T18:54:22+00:00 ERR (3) 404 "competences" was not found.
REMOTE_ADDR: 144.76.92.113
HTTP_REFERER: 
requested: array(5) {
  ["lang"] => string(2) "de"
  ["action"] => string(4) "page"
  ["key"] => string(11) "competences"
  ["module"] => string(7) "default"
  ["controller"] => string(5) "index"
}


--------------------------------------------------------------------------------
2018-05-10T18:54:24+00:00 ERR (3) 404 "competences" was not found.
REMOTE_ADDR: 144.76.92.113
HTTP_REFERER: 
requested: array(5) {
  ["lang"] => string(2) "en"
  ["action"] => string(4) "page"
  ["key"] => string(11) "competences"
  ["module"] => string(7) "default"
  ["controller"] => string(5) "index"
}


--------------------------------------------------------------------------------
2018-05-10T18:54:26+00:00 ERR (3) 404 "" was not found.
REMOTE_ADDR: 144.76.92.113
HTTP_REFERER: 
requested: array(5) {
  ["lang"] => string(2) "en"
  ["action"] => string(7) "archive"
  ["module"] => string(7) "default"
  ["controller"] => string(5) "index"
  ["key"] => string(0) ""
}


--------------------------------------------------------------------------------
2018-05-10T18:54:28+00:00 ERR (3) 404 "" was not found.
REMOTE_ADDR: 144.76.92.113
HTTP_REFERER: 
requested: array(5) {
  ["lang"] => string(2) "de"
  ["action"] => string(7) "archive"
  ["module"] => string(7) "default"
  ["controller"] => string(5) "index"
  ["key"] => string(0) ""
}


--------------------------------------------------------------------------------
2018-05-10T19:06:06+00:00 ERR (3) 404 "competences" was not found.
REMOTE_ADDR: 54.144.221.210
HTTP_REFERER: 
requested: array(5) {
  ["lang"] => string(2) "de"
  ["action"] => string(4) "page"
  ["key"] => string(11) "competences"
  ["module"] => string(7) "default"
  ["controller"] => string(5) "index"
}


--------------------------------------------------------------------------------
2018-05-10T19:06:36+00:00 ERR (3) 404 "" was not found.
REMOTE_ADDR: 54.144.221.210
HTTP_REFERER: 
requested: array(5) {
  ["lang"] => string(2) "de"
  ["action"] => string(7) "archive"
  ["module"] => string(7) "default"
  ["controller"] => string(5) "index"
  ["key"] => string(0) ""
}


--------------------------------------------------------------------------------
2018-05-10T19:10:10+00:00 ERR (3) 404 "hire-lasse" was not found.
REMOTE_ADDR: 54.144.221.210
HTTP_REFERER: 
requested: array(5) {
  ["lang"] => string(2) "de"
  ["action"] => string(4) "page"
  ["key"] => string(10) "hire-lasse"
  ["module"] => string(7) "default"
  ["controller"] => string(5) "index"
}


--------------------------------------------------------------------------------
2018-05-10T19:13:14+00:00 ERR (3) 404 "competences" was not found.
REMOTE_ADDR: 54.144.221.210
HTTP_REFERER: 
requested: array(5) {
  ["lang"] => string(2) "en"
  ["action"] => string(4) "page"
  ["key"] => string(11) "competences"
  ["module"] => string(7) "default"
  ["controller"] => string(5) "index"
}


--------------------------------------------------------------------------------
2018-05-10T19:13:45+00:00 ERR (3) 404 "" was not found.
REMOTE_ADDR: 54.144.221.210
HTTP_REFERER: 
requested: array(5) {
  ["lang"] => string(2) "en"
  ["action"] => string(7) "archive"
  ["module"] => string(7) "default"
  ["controller"] => string(5) "index"
  ["key"] => string(0) ""
}


--------------------------------------------------------------------------------
2018-05-10T19:14:15+00:00 ERR (3) 404 "hire-lasse" was not found.
REMOTE_ADDR: 54.144.221.210
HTTP_REFERER: 
requested: array(5) {
  ["lang"] => string(2) "en"
  ["action"] => string(4) "page"
  ["key"] => string(10) "hire-lasse"
  ["module"] => string(7) "default"
  ["controller"] => string(5) "index"
}


--------------------------------------------------------------------------------
