2011-02-28T02:10:24+00:00 ERR (3) 404 "" was not found.
REMOTE_ADDR: 207.46.13.50
HTTP_REFERER: 
requested: array(5) {
  ["lang"] => string(2) "de"
  ["action"] => string(7) "archive"
  ["module"] => string(7) "default"
  ["controller"] => string(5) "index"
  ["key"] => string(0) ""
}


--------------------------------------------------------------------------------
2011-02-28T02:40:33+00:00 ERR (3) 404 Seite nicht gefunden
REMOTE_ADDR: 24.132.141.141
HTTP_REFERER: 
requested: array(3) {
  ["controller"] => string(10) "javascript"
  ["action"] => string(1) "'"
  ["module"] => string(7) "default"
}


--------------------------------------------------------------------------------
2011-02-28T09:50:57+00:00 ERR (3) 404 Seite nicht gefunden
REMOTE_ADDR: 94.222.25.184
HTTP_REFERER: 
requested: array(8) {
  ["controller"] => string(13) "formformation"
  ["action"] => string(5) "index"
  ["module"] => string(7) "default"
  ["x"] => string(3) "7,5"
  ["y"] => string(2) "15"
  ["color"] => string(3) "000"
  ["size"] => string(2) "18"
  ["font"] => string(16) "TitilliumText15L"
}


--------------------------------------------------------------------------------
2011-02-28T09:59:55+00:00 ERR (3) 404 "" was not found.
REMOTE_ADDR: 207.46.204.181
HTTP_REFERER: 
requested: array(5) {
  ["lang"] => string(2) "en"
  ["action"] => string(7) "archive"
  ["module"] => string(7) "default"
  ["controller"] => string(5) "index"
  ["key"] => string(0) ""
}


--------------------------------------------------------------------------------
2011-02-28T13:21:36+00:00 ERR (3) 404 Seite nicht gefunden
REMOTE_ADDR: 109.184.207.52
HTTP_REFERER: http://graphicore.de/forum/index.php
requested: array(3) {
  ["controller"] => string(5) "forum"
  ["action"] => string(9) "index.php"
  ["module"] => string(7) "default"
}


--------------------------------------------------------------------------------
2011-02-28T15:31:57+00:00 ERR (3) 404 "" was not found.
REMOTE_ADDR: 123.125.68.69
HTTP_REFERER: 
requested: array(5) {
  ["lang"] => string(2) "de"
  ["action"] => string(7) "archive"
  ["module"] => string(7) "default"
  ["controller"] => string(5) "index"
  ["key"] => string(0) ""
}


--------------------------------------------------------------------------------
2011-02-28T17:22:54+00:00 ERR (3) 404 Seite nicht gefunden
REMOTE_ADDR: 77.170.127.170
HTTP_REFERER: 
requested: array(3) {
  ["controller"] => string(10) "javascript"
  ["action"] => string(1) "'"
  ["module"] => string(7) "default"
}


--------------------------------------------------------------------------------
