2018-09-25T01:23:34+00:00 ERR (3) 404 Seite nicht gefunden
REMOTE_ADDR: 192.99.150.97
HTTP_REFERER: 
requested: array(3) {
  ["controller"] => string(11) "sitemap.xml"
  ["action"] => string(5) "index"
  ["module"] => string(7) "default"
}


--------------------------------------------------------------------------------
2018-09-25T01:23:52+00:00 ERR (3) 404 Seite nicht gefunden
REMOTE_ADDR: 192.99.150.97
HTTP_REFERER: 
requested: array(3) {
  ["controller"] => string(7) "ads.txt"
  ["action"] => string(5) "index"
  ["module"] => string(7) "default"
}


--------------------------------------------------------------------------------
2018-09-25T01:54:51+00:00 ERR (3) 404 Seite nicht gefunden
REMOTE_ADDR: 104.236.43.238
HTTP_REFERER: 
requested: array(3) {
  ["controller"] => string(10) "phpmyadmin"
  ["action"] => string(5) "index"
  ["module"] => string(7) "default"
}


--------------------------------------------------------------------------------
2018-09-25T01:55:04+00:00 ERR (3) 404 Seite nicht gefunden
REMOTE_ADDR: 104.236.43.238
HTTP_REFERER: 
requested: array(3) {
  ["controller"] => string(7) "console"
  ["action"] => string(5) "index"
  ["module"] => string(7) "default"
}


--------------------------------------------------------------------------------
2018-09-25T06:18:36+00:00 ERR (3) 404 Seite nicht gefunden
REMOTE_ADDR: 66.249.69.102
HTTP_REFERER: 
requested: array(4) {
  ["controller"] => string(5) "diary"
  ["action"] => string(29) "tag:graphicore.de,2013-11-12:"
  ["diary"] => string(27) "2013111216002052825094cba29"
  ["module"] => string(7) "default"
}


--------------------------------------------------------------------------------
2018-09-25T07:32:22+00:00 ERR (3) 404 Seite nicht gefunden
REMOTE_ADDR: 84.38.132.7
HTTP_REFERER: 
requested: array(4) {
  ["controller"] => string(6) "https:"
  [""] => string(19) "silber-und-blei.com"
  ["action"] => string(5) "index"
  ["module"] => string(7) "default"
}


--------------------------------------------------------------------------------
