2020-07-23T13:51:17+00:00 ERR (3) 404 "anne" was not found.
REMOTE_ADDR: 66.249.66.204
HTTP_REFERER: 
requested: array(5) {
  ["lang"] => string(2) "de"
  ["action"] => string(4) "page"
  ["key"] => string(4) "anne"
  ["module"] => string(7) "default"
  ["controller"] => string(5) "index"
}


--------------------------------------------------------------------------------
2020-07-23T13:57:15+00:00 ERR (3) 404 "" was not found.
REMOTE_ADDR: 173.231.59.194
HTTP_REFERER: 
requested: array(5) {
  ["lang"] => string(2) "en"
  ["action"] => string(7) "archive"
  ["module"] => string(7) "default"
  ["controller"] => string(5) "index"
  ["key"] => string(0) ""
}


--------------------------------------------------------------------------------
2020-07-23T13:57:26+00:00 ERR (3) 404 "hire-lasse" was not found.
REMOTE_ADDR: 173.231.59.194
HTTP_REFERER: 
requested: array(5) {
  ["lang"] => string(2) "en"
  ["action"] => string(4) "page"
  ["key"] => string(10) "hire-lasse"
  ["module"] => string(7) "default"
  ["controller"] => string(5) "index"
}


--------------------------------------------------------------------------------
2020-07-23T14:04:19+00:00 ERR (3) 404 "competences" was not found.
REMOTE_ADDR: 173.231.59.194
HTTP_REFERER: 
requested: array(5) {
  ["lang"] => string(2) "en"
  ["action"] => string(4) "page"
  ["key"] => string(11) "competences"
  ["module"] => string(7) "default"
  ["controller"] => string(5) "index"
}


--------------------------------------------------------------------------------
2020-07-23T14:11:27+00:00 ERR (3) 404 "" was not found.
REMOTE_ADDR: 173.231.59.194
HTTP_REFERER: 
requested: array(5) {
  ["lang"] => string(2) "de"
  ["action"] => string(7) "archive"
  ["module"] => string(7) "default"
  ["controller"] => string(5) "index"
  ["key"] => string(0) ""
}


--------------------------------------------------------------------------------
2020-07-23T14:16:18+00:00 ERR (3) 404 "hire-lasse" was not found.
REMOTE_ADDR: 173.231.59.194
HTTP_REFERER: 
requested: array(5) {
  ["lang"] => string(2) "de"
  ["action"] => string(4) "page"
  ["key"] => string(10) "hire-lasse"
  ["module"] => string(7) "default"
  ["controller"] => string(5) "index"
}


--------------------------------------------------------------------------------
2020-07-23T14:22:10+00:00 ERR (3) 404 "competences" was not found.
REMOTE_ADDR: 173.231.59.194
HTTP_REFERER: 
requested: array(5) {
  ["lang"] => string(2) "de"
  ["action"] => string(4) "page"
  ["key"] => string(11) "competences"
  ["module"] => string(7) "default"
  ["controller"] => string(5) "index"
}


--------------------------------------------------------------------------------
2020-07-23T16:34:22+00:00 ERR (3) 404 Seite nicht gefunden
REMOTE_ADDR: 88.99.123.96
HTTP_REFERER: 
requested: array(4) {
  ["controller"] => string(6) "vendor"
  ["action"] => string(7) "phpunit"
  ["phpunit"] => string(7) "LICENSE"
  ["module"] => string(7) "default"
}


--------------------------------------------------------------------------------
2020-07-23T16:52:06+00:00 ERR (3) 404 Seite nicht gefunden
REMOTE_ADDR: 192.71.42.108
HTTP_REFERER: 
requested: array(3) {
  ["controller"] => string(10) "humans.txt"
  ["action"] => string(5) "index"
  ["module"] => string(7) "default"
}


--------------------------------------------------------------------------------
2020-07-23T16:52:06+00:00 ERR (3) 404 Seite nicht gefunden
REMOTE_ADDR: 192.71.38.71
HTTP_REFERER: 
requested: array(3) {
  ["controller"] => string(7) "ads.txt"
  ["action"] => string(5) "index"
  ["module"] => string(7) "default"
}


--------------------------------------------------------------------------------
2020-07-23T22:24:31+00:00 ERR (3) 404 "hire-lasse" was not found.
REMOTE_ADDR: 54.36.148.226
HTTP_REFERER: 
requested: array(5) {
  ["lang"] => string(2) "de"
  ["action"] => string(4) "page"
  ["key"] => string(10) "hire-lasse"
  ["module"] => string(7) "default"
  ["controller"] => string(5) "index"
}


--------------------------------------------------------------------------------
