2017-09-05T05:06:59+00:00 ERR (3) 404 Seite nicht gefunden
REMOTE_ADDR: 37.49.225.105
HTTP_REFERER: 
requested: array(3) {
  ["controller"] => string(6) "https:"
  ["action"] => string(19) "silber-und-blei.com"
  ["module"] => string(7) "default"
}


--------------------------------------------------------------------------------
2017-09-05T05:06:59+00:00 ERR (3) 404 Seite nicht gefunden
REMOTE_ADDR: 37.49.225.105
HTTP_REFERER: 
requested: array(3) {
  ["controller"] => string(2) "js"
  ["action"] => string(1) "'"
  ["module"] => string(7) "default"
}


--------------------------------------------------------------------------------
2017-09-05T08:42:18+00:00 ERR (3) 404 Seite nicht gefunden
REMOTE_ADDR: 37.49.225.105
HTTP_REFERER: 
requested: array(4) {
  ["controller"] => string(6) "https:"
  [""] => string(19) "silber-und-blei.com"
  ["action"] => string(5) "index"
  ["module"] => string(7) "default"
}


--------------------------------------------------------------------------------
2017-09-05T08:42:18+00:00 ERR (3) 404 Seite nicht gefunden
REMOTE_ADDR: 37.49.225.105
HTTP_REFERER: 
requested: array(3) {
  ["controller"] => string(2) "js"
  ["action"] => string(1) "'"
  ["module"] => string(7) "default"
}


--------------------------------------------------------------------------------
2017-09-05T10:15:27+00:00 ERR (3) 404 "hire-lasse" was not found.
REMOTE_ADDR: 45.55.225.14
HTTP_REFERER: http://graphicore.de/en/archive/2010-09-09_A-Brute-Font-Attack
requested: array(5) {
  ["lang"] => string(2) "en"
  ["action"] => string(4) "page"
  ["key"] => string(10) "hire-lasse"
  ["module"] => string(7) "default"
  ["controller"] => string(5) "index"
}


--------------------------------------------------------------------------------
2017-09-05T10:15:46+00:00 ERR (3) 404 "hire-lasse" was not found.
REMOTE_ADDR: 45.55.225.14
HTTP_REFERER: http://graphicore.de/de/archive/2010-09-09_A-Brute-Font-Attack
requested: array(5) {
  ["lang"] => string(2) "de"
  ["action"] => string(4) "page"
  ["key"] => string(10) "hire-lasse"
  ["module"] => string(7) "default"
  ["controller"] => string(5) "index"
}


--------------------------------------------------------------------------------
2017-09-05T22:08:08+00:00 ERR (3) 404 Seite nicht gefunden
REMOTE_ADDR: 36.149.194.70
HTTP_REFERER: 
requested: array(3) {
  ["controller"] => string(9) "fckeditor"
  ["action"] => string(6) "editor"
  ["module"] => string(7) "default"
}


--------------------------------------------------------------------------------
