2018-01-11T00:06:25+00:00 ERR (3) 404 Seite nicht gefunden
REMOTE_ADDR: 86.23.96.185
HTTP_REFERER: 
requested: array(3) {
  ["controller"] => string(12) "wp-login.php"
  ["action"] => string(5) "index"
  ["module"] => string(7) "default"
}


--------------------------------------------------------------------------------
2018-01-11T00:07:17+00:00 ERR (3) 404 Seite nicht gefunden
REMOTE_ADDR: 46.246.141.114
HTTP_REFERER: 
requested: array(3) {
  ["controller"] => string(12) "wp-login.php"
  ["action"] => string(5) "index"
  ["module"] => string(7) "default"
}


--------------------------------------------------------------------------------
2018-01-11T00:17:30+00:00 ERR (3) 404 Seite nicht gefunden
REMOTE_ADDR: 177.91.192.195
HTTP_REFERER: 
requested: array(3) {
  ["controller"] => string(12) "wp-login.php"
  ["action"] => string(5) "index"
  ["module"] => string(7) "default"
}


--------------------------------------------------------------------------------
2018-01-11T00:17:43+00:00 ERR (3) 404 Seite nicht gefunden
REMOTE_ADDR: 79.106.98.66
HTTP_REFERER: 
requested: array(3) {
  ["controller"] => string(12) "wp-login.php"
  ["action"] => string(5) "index"
  ["module"] => string(7) "default"
}


--------------------------------------------------------------------------------
2018-01-11T00:21:54+00:00 ERR (3) 404 Seite nicht gefunden
REMOTE_ADDR: 54.36.24.68
HTTP_REFERER: 
requested: array(4) {
  ["controller"] => string(6) "https:"
  [""] => string(19) "silber-und-blei.com"
  ["action"] => string(5) "index"
  ["module"] => string(7) "default"
}


--------------------------------------------------------------------------------
2018-01-11T00:40:28+00:00 ERR (3) 404 Seite nicht gefunden
REMOTE_ADDR: 41.13.16.75
HTTP_REFERER: 
requested: array(3) {
  ["controller"] => string(12) "wp-login.php"
  ["action"] => string(5) "index"
  ["module"] => string(7) "default"
}


--------------------------------------------------------------------------------
2018-01-11T00:49:27+00:00 ERR (3) 404 Seite nicht gefunden
REMOTE_ADDR: 112.198.76.251
HTTP_REFERER: 
requested: array(3) {
  ["controller"] => string(12) "wp-login.php"
  ["action"] => string(5) "index"
  ["module"] => string(7) "default"
}


--------------------------------------------------------------------------------
2018-01-11T01:07:51+00:00 ERR (3) 404 Seite nicht gefunden
REMOTE_ADDR: 190.191.153.77
HTTP_REFERER: 
requested: array(3) {
  ["controller"] => string(12) "wp-login.php"
  ["action"] => string(5) "index"
  ["module"] => string(7) "default"
}


--------------------------------------------------------------------------------
2018-01-11T01:32:25+00:00 ERR (3) 404 Seite nicht gefunden
REMOTE_ADDR: 219.75.7.166
HTTP_REFERER: 
requested: array(3) {
  ["controller"] => string(12) "wp-login.php"
  ["action"] => string(5) "index"
  ["module"] => string(7) "default"
}


--------------------------------------------------------------------------------
2018-01-11T01:32:50+00:00 ERR (3) 404 Seite nicht gefunden
REMOTE_ADDR: 177.220.175.26
HTTP_REFERER: 
requested: array(3) {
  ["controller"] => string(12) "wp-login.php"
  ["action"] => string(5) "index"
  ["module"] => string(7) "default"
}


--------------------------------------------------------------------------------
2018-01-11T02:04:33+00:00 ERR (3) 404 Seite nicht gefunden
REMOTE_ADDR: 121.212.114.189
HTTP_REFERER: 
requested: array(3) {
  ["controller"] => string(12) "wp-login.php"
  ["action"] => string(5) "index"
  ["module"] => string(7) "default"
}


--------------------------------------------------------------------------------
2018-01-11T02:08:41+00:00 ERR (3) 404 Seite nicht gefunden
REMOTE_ADDR: 104.148.132.44
HTTP_REFERER: 
requested: array(3) {
  ["controller"] => string(12) "wp-login.php"
  ["action"] => string(5) "index"
  ["module"] => string(7) "default"
}


--------------------------------------------------------------------------------
2018-01-11T02:32:22+00:00 ERR (3) 404 Seite nicht gefunden
REMOTE_ADDR: 185.200.212.100
HTTP_REFERER: 
requested: array(3) {
  ["controller"] => string(12) "wp-login.php"
  ["action"] => string(5) "index"
  ["module"] => string(7) "default"
}


--------------------------------------------------------------------------------
2018-01-11T02:53:29+00:00 ERR (3) 404 Seite nicht gefunden
REMOTE_ADDR: 111.125.207.4
HTTP_REFERER: 
requested: array(3) {
  ["controller"] => string(12) "wp-login.php"
  ["action"] => string(5) "index"
  ["module"] => string(7) "default"
}


--------------------------------------------------------------------------------
2018-01-11T02:59:12+00:00 ERR (3) 404 Seite nicht gefunden
REMOTE_ADDR: 162.207.198.85
HTTP_REFERER: 
requested: array(3) {
  ["controller"] => string(12) "wp-login.php"
  ["action"] => string(5) "index"
  ["module"] => string(7) "default"
}


--------------------------------------------------------------------------------
2018-01-11T03:02:02+00:00 ERR (3) 404 Seite nicht gefunden
REMOTE_ADDR: 96.52.122.209
HTTP_REFERER: 
requested: array(3) {
  ["controller"] => string(12) "wp-login.php"
  ["action"] => string(5) "index"
  ["module"] => string(7) "default"
}


--------------------------------------------------------------------------------
2018-01-11T03:10:55+00:00 ERR (3) 404 Seite nicht gefunden
REMOTE_ADDR: 201.17.212.247
HTTP_REFERER: 
requested: array(3) {
  ["controller"] => string(12) "wp-login.php"
  ["action"] => string(5) "index"
  ["module"] => string(7) "default"
}


--------------------------------------------------------------------------------
2018-01-11T03:10:59+00:00 ERR (3) 404 Seite nicht gefunden
REMOTE_ADDR: 181.197.198.88
HTTP_REFERER: 
requested: array(3) {
  ["controller"] => string(12) "wp-login.php"
  ["action"] => string(5) "index"
  ["module"] => string(7) "default"
}


--------------------------------------------------------------------------------
2018-01-11T03:19:04+00:00 ERR (3) 404 Seite nicht gefunden
REMOTE_ADDR: 62.231.238.216
HTTP_REFERER: 
requested: array(3) {
  ["controller"] => string(12) "wp-login.php"
  ["action"] => string(5) "index"
  ["module"] => string(7) "default"
}


--------------------------------------------------------------------------------
2018-01-11T03:21:13+00:00 ERR (3) 404 Seite nicht gefunden
REMOTE_ADDR: 172.58.4.180
HTTP_REFERER: 
requested: array(3) {
  ["controller"] => string(12) "wp-login.php"
  ["action"] => string(5) "index"
  ["module"] => string(7) "default"
}


--------------------------------------------------------------------------------
2018-01-11T03:35:32+00:00 ERR (3) 404 Seite nicht gefunden
REMOTE_ADDR: 112.209.131.154
HTTP_REFERER: 
requested: array(3) {
  ["controller"] => string(12) "wp-login.php"
  ["action"] => string(5) "index"
  ["module"] => string(7) "default"
}


--------------------------------------------------------------------------------
2018-01-11T03:35:49+00:00 ERR (3) 404 Seite nicht gefunden
REMOTE_ADDR: 69.17.188.19
HTTP_REFERER: 
requested: array(3) {
  ["controller"] => string(12) "wp-login.php"
  ["action"] => string(5) "index"
  ["module"] => string(7) "default"
}


--------------------------------------------------------------------------------
2018-01-11T03:42:21+00:00 ERR (3) 404 Seite nicht gefunden
REMOTE_ADDR: 112.198.75.179
HTTP_REFERER: 
requested: array(3) {
  ["controller"] => string(12) "wp-login.php"
  ["action"] => string(5) "index"
  ["module"] => string(7) "default"
}


--------------------------------------------------------------------------------
2018-01-11T04:03:22+00:00 ERR (3) 404 Seite nicht gefunden
REMOTE_ADDR: 97.87.128.183
HTTP_REFERER: 
requested: array(3) {
  ["controller"] => string(12) "wp-login.php"
  ["action"] => string(5) "index"
  ["module"] => string(7) "default"
}


--------------------------------------------------------------------------------
2018-01-11T04:57:38+00:00 ERR (3) 404 Seite nicht gefunden
REMOTE_ADDR: 88.104.148.253
HTTP_REFERER: 
requested: array(3) {
  ["controller"] => string(12) "wp-login.php"
  ["action"] => string(5) "index"
  ["module"] => string(7) "default"
}


--------------------------------------------------------------------------------
2018-01-11T05:01:50+00:00 ERR (3) 404 Seite nicht gefunden
REMOTE_ADDR: 87.223.59.34
HTTP_REFERER: 
requested: array(3) {
  ["controller"] => string(12) "wp-login.php"
  ["action"] => string(5) "index"
  ["module"] => string(7) "default"
}


--------------------------------------------------------------------------------
2018-01-11T05:06:32+00:00 ERR (3) 404 Seite nicht gefunden
REMOTE_ADDR: 202.21.106.137
HTTP_REFERER: 
requested: array(3) {
  ["controller"] => string(12) "wp-login.php"
  ["action"] => string(5) "index"
  ["module"] => string(7) "default"
}


--------------------------------------------------------------------------------
2018-01-11T05:19:09+00:00 ERR (3) 404 Seite nicht gefunden
REMOTE_ADDR: 219.92.81.40
HTTP_REFERER: 
requested: array(3) {
  ["controller"] => string(12) "wp-login.php"
  ["action"] => string(5) "index"
  ["module"] => string(7) "default"
}


--------------------------------------------------------------------------------
2018-01-11T05:20:44+00:00 ERR (3) 404 Seite nicht gefunden
REMOTE_ADDR: 172.56.11.147
HTTP_REFERER: 
requested: array(3) {
  ["controller"] => string(12) "wp-login.php"
  ["action"] => string(5) "index"
  ["module"] => string(7) "default"
}


--------------------------------------------------------------------------------
2018-01-11T05:24:17+00:00 ERR (3) 404 Seite nicht gefunden
REMOTE_ADDR: 190.115.151.70
HTTP_REFERER: 
requested: array(3) {
  ["controller"] => string(12) "wp-login.php"
  ["action"] => string(5) "index"
  ["module"] => string(7) "default"
}


--------------------------------------------------------------------------------
2018-01-11T05:25:51+00:00 ERR (3) 404 Seite nicht gefunden
REMOTE_ADDR: 83.23.124.22
HTTP_REFERER: 
requested: array(3) {
  ["controller"] => string(12) "wp-login.php"
  ["action"] => string(5) "index"
  ["module"] => string(7) "default"
}


--------------------------------------------------------------------------------
2018-01-11T05:35:32+00:00 ERR (3) 404 Seite nicht gefunden
REMOTE_ADDR: 86.132.55.133
HTTP_REFERER: 
requested: array(3) {
  ["controller"] => string(12) "wp-login.php"
  ["action"] => string(5) "index"
  ["module"] => string(7) "default"
}


--------------------------------------------------------------------------------
2018-01-11T05:54:20+00:00 ERR (3) 404 Seite nicht gefunden
REMOTE_ADDR: 61.230.12.157
HTTP_REFERER: 
requested: array(3) {
  ["controller"] => string(12) "wp-login.php"
  ["action"] => string(5) "index"
  ["module"] => string(7) "default"
}


--------------------------------------------------------------------------------
2018-01-11T06:01:29+00:00 ERR (3) 404 Seite nicht gefunden
REMOTE_ADDR: 122.52.90.141
HTTP_REFERER: 
requested: array(3) {
  ["controller"] => string(12) "wp-login.php"
  ["action"] => string(5) "index"
  ["module"] => string(7) "default"
}


--------------------------------------------------------------------------------
2018-01-11T06:09:28+00:00 ERR (3) 404 Seite nicht gefunden
REMOTE_ADDR: 151.51.158.201
HTTP_REFERER: 
requested: array(3) {
  ["controller"] => string(12) "wp-login.php"
  ["action"] => string(5) "index"
  ["module"] => string(7) "default"
}


--------------------------------------------------------------------------------
2018-01-11T06:13:00+00:00 ERR (3) 404 Seite nicht gefunden
REMOTE_ADDR: 175.143.18.122
HTTP_REFERER: 
requested: array(3) {
  ["controller"] => string(12) "wp-login.php"
  ["action"] => string(5) "index"
  ["module"] => string(7) "default"
}


--------------------------------------------------------------------------------
2018-01-11T06:16:13+00:00 ERR (3) 404 Seite nicht gefunden
REMOTE_ADDR: 36.225.64.213
HTTP_REFERER: 
requested: array(3) {
  ["controller"] => string(12) "wp-login.php"
  ["action"] => string(5) "index"
  ["module"] => string(7) "default"
}


--------------------------------------------------------------------------------
2018-01-11T06:25:42+00:00 ERR (3) 404 Seite nicht gefunden
REMOTE_ADDR: 36.76.120.153
HTTP_REFERER: 
requested: array(3) {
  ["controller"] => string(12) "wp-login.php"
  ["action"] => string(5) "index"
  ["module"] => string(7) "default"
}


--------------------------------------------------------------------------------
2018-01-11T06:26:58+00:00 ERR (3) 404 Seite nicht gefunden
REMOTE_ADDR: 182.185.18.53
HTTP_REFERER: 
requested: array(3) {
  ["controller"] => string(12) "wp-login.php"
  ["action"] => string(5) "index"
  ["module"] => string(7) "default"
}


--------------------------------------------------------------------------------
2018-01-11T06:35:59+00:00 ERR (3) 404 Seite nicht gefunden
REMOTE_ADDR: 14.207.46.186
HTTP_REFERER: 
requested: array(3) {
  ["controller"] => string(12) "wp-login.php"
  ["action"] => string(5) "index"
  ["module"] => string(7) "default"
}


--------------------------------------------------------------------------------
2018-01-11T06:54:10+00:00 ERR (3) 404 Seite nicht gefunden
REMOTE_ADDR: 103.38.15.242
HTTP_REFERER: 
requested: array(3) {
  ["controller"] => string(12) "wp-login.php"
  ["action"] => string(5) "index"
  ["module"] => string(7) "default"
}


--------------------------------------------------------------------------------
2018-01-11T06:54:51+00:00 ERR (3) 404 Seite nicht gefunden
REMOTE_ADDR: 105.103.30.218
HTTP_REFERER: 
requested: array(3) {
  ["controller"] => string(12) "wp-login.php"
  ["action"] => string(5) "index"
  ["module"] => string(7) "default"
}


--------------------------------------------------------------------------------
2018-01-11T06:57:15+00:00 ERR (3) 404 Seite nicht gefunden
REMOTE_ADDR: 187.84.95.55
HTTP_REFERER: 
requested: array(3) {
  ["controller"] => string(12) "wp-login.php"
  ["action"] => string(5) "index"
  ["module"] => string(7) "default"
}


--------------------------------------------------------------------------------
2018-01-11T07:01:53+00:00 ERR (3) 404 Seite nicht gefunden
REMOTE_ADDR: 49.146.15.175
HTTP_REFERER: 
requested: array(3) {
  ["controller"] => string(12) "wp-login.php"
  ["action"] => string(5) "index"
  ["module"] => string(7) "default"
}


--------------------------------------------------------------------------------
2018-01-11T07:02:21+00:00 ERR (3) 404 Seite nicht gefunden
REMOTE_ADDR: 117.103.86.6
HTTP_REFERER: 
requested: array(3) {
  ["controller"] => string(12) "wp-login.php"
  ["action"] => string(5) "index"
  ["module"] => string(7) "default"
}


--------------------------------------------------------------------------------
2018-01-11T07:12:42+00:00 ERR (3) 404 Seite nicht gefunden
REMOTE_ADDR: 27.34.105.104
HTTP_REFERER: 
requested: array(3) {
  ["controller"] => string(12) "wp-login.php"
  ["action"] => string(5) "index"
  ["module"] => string(7) "default"
}


--------------------------------------------------------------------------------
2018-01-11T07:17:00+00:00 ERR (3) 404 Seite nicht gefunden
REMOTE_ADDR: 78.187.127.173
HTTP_REFERER: 
requested: array(3) {
  ["controller"] => string(12) "wp-login.php"
  ["action"] => string(5) "index"
  ["module"] => string(7) "default"
}


--------------------------------------------------------------------------------
2018-01-11T07:22:21+00:00 ERR (3) 404 Seite nicht gefunden
REMOTE_ADDR: 189.49.117.186
HTTP_REFERER: 
requested: array(3) {
  ["controller"] => string(12) "wp-login.php"
  ["action"] => string(5) "index"
  ["module"] => string(7) "default"
}


--------------------------------------------------------------------------------
2018-01-11T07:26:58+00:00 ERR (3) 404 Seite nicht gefunden
REMOTE_ADDR: 110.169.42.45
HTTP_REFERER: 
requested: array(3) {
  ["controller"] => string(12) "wp-login.php"
  ["action"] => string(5) "index"
  ["module"] => string(7) "default"
}


--------------------------------------------------------------------------------
2018-01-11T07:33:23+00:00 ERR (3) 404 Seite nicht gefunden
REMOTE_ADDR: 94.55.209.115
HTTP_REFERER: 
requested: array(3) {
  ["controller"] => string(12) "wp-login.php"
  ["action"] => string(5) "index"
  ["module"] => string(7) "default"
}


--------------------------------------------------------------------------------
2018-01-11T07:44:13+00:00 ERR (3) 404 Seite nicht gefunden
REMOTE_ADDR: 115.187.55.196
HTTP_REFERER: 
requested: array(3) {
  ["controller"] => string(12) "wp-login.php"
  ["action"] => string(5) "index"
  ["module"] => string(7) "default"
}


--------------------------------------------------------------------------------
2018-01-11T08:05:11+00:00 ERR (3) 404 Seite nicht gefunden
REMOTE_ADDR: 180.191.130.191
HTTP_REFERER: 
requested: array(3) {
  ["controller"] => string(12) "wp-login.php"
  ["action"] => string(5) "index"
  ["module"] => string(7) "default"
}


--------------------------------------------------------------------------------
2018-01-11T08:06:13+00:00 ERR (3) 404 Seite nicht gefunden
REMOTE_ADDR: 210.195.60.64
HTTP_REFERER: 
requested: array(3) {
  ["controller"] => string(12) "wp-login.php"
  ["action"] => string(5) "index"
  ["module"] => string(7) "default"
}


--------------------------------------------------------------------------------
2018-01-11T08:07:13+00:00 ERR (3) 404 Seite nicht gefunden
REMOTE_ADDR: 218.77.185.190
HTTP_REFERER: 
requested: array(3) {
  ["controller"] => string(12) "wp-login.php"
  ["action"] => string(5) "index"
  ["module"] => string(7) "default"
}


--------------------------------------------------------------------------------
2018-01-11T08:12:21+00:00 ERR (3) 404 Seite nicht gefunden
REMOTE_ADDR: 124.6.234.130
HTTP_REFERER: 
requested: array(3) {
  ["controller"] => string(12) "wp-login.php"
  ["action"] => string(5) "index"
  ["module"] => string(7) "default"
}


--------------------------------------------------------------------------------
2018-01-11T08:13:17+00:00 ERR (3) 404 Seite nicht gefunden
REMOTE_ADDR: 89.123.45.193
HTTP_REFERER: 
requested: array(4) {
  ["controller"] => string(6) "https:"
  [""] => string(19) "silber-und-blei.com"
  ["action"] => string(5) "index"
  ["module"] => string(7) "default"
}


--------------------------------------------------------------------------------
2018-01-11T08:20:35+00:00 ERR (3) 404 Seite nicht gefunden
REMOTE_ADDR: 41.136.255.182
HTTP_REFERER: 
requested: array(3) {
  ["controller"] => string(12) "wp-login.php"
  ["action"] => string(5) "index"
  ["module"] => string(7) "default"
}


--------------------------------------------------------------------------------
2018-01-11T08:23:36+00:00 ERR (3) 404 Seite nicht gefunden
REMOTE_ADDR: 81.0.45.3
HTTP_REFERER: 
requested: array(3) {
  ["controller"] => string(12) "wp-login.php"
  ["action"] => string(5) "index"
  ["module"] => string(7) "default"
}


--------------------------------------------------------------------------------
2018-01-11T08:37:34+00:00 ERR (3) 404 Seite nicht gefunden
REMOTE_ADDR: 183.82.20.145
HTTP_REFERER: 
requested: array(3) {
  ["controller"] => string(12) "wp-login.php"
  ["action"] => string(5) "index"
  ["module"] => string(7) "default"
}


--------------------------------------------------------------------------------
2018-01-11T08:42:59+00:00 ERR (3) 404 Seite nicht gefunden
REMOTE_ADDR: 91.179.221.66
HTTP_REFERER: 
requested: array(3) {
  ["controller"] => string(12) "wp-login.php"
  ["action"] => string(5) "index"
  ["module"] => string(7) "default"
}


--------------------------------------------------------------------------------
2018-01-11T08:45:54+00:00 ERR (3) 404 Seite nicht gefunden
REMOTE_ADDR: 103.226.206.10
HTTP_REFERER: 
requested: array(3) {
  ["controller"] => string(12) "wp-login.php"
  ["action"] => string(5) "index"
  ["module"] => string(7) "default"
}


--------------------------------------------------------------------------------
2018-01-11T08:48:50+00:00 ERR (3) 404 Seite nicht gefunden
REMOTE_ADDR: 88.55.102.114
HTTP_REFERER: 
requested: array(3) {
  ["controller"] => string(12) "wp-login.php"
  ["action"] => string(5) "index"
  ["module"] => string(7) "default"
}


--------------------------------------------------------------------------------
2018-01-11T08:53:01+00:00 ERR (3) 404 Seite nicht gefunden
REMOTE_ADDR: 156.215.81.218
HTTP_REFERER: 
requested: array(3) {
  ["controller"] => string(12) "wp-login.php"
  ["action"] => string(5) "index"
  ["module"] => string(7) "default"
}


--------------------------------------------------------------------------------
2018-01-11T08:57:47+00:00 ERR (3) 404 Seite nicht gefunden
REMOTE_ADDR: 118.185.55.137
HTTP_REFERER: 
requested: array(3) {
  ["controller"] => string(12) "wp-login.php"
  ["action"] => string(5) "index"
  ["module"] => string(7) "default"
}


--------------------------------------------------------------------------------
2018-01-11T08:59:24+00:00 ERR (3) 404 Seite nicht gefunden
REMOTE_ADDR: 46.186.106.22
HTTP_REFERER: 
requested: array(3) {
  ["controller"] => string(12) "wp-login.php"
  ["action"] => string(5) "index"
  ["module"] => string(7) "default"
}


--------------------------------------------------------------------------------
2018-01-11T09:04:50+00:00 ERR (3) 404 Seite nicht gefunden
REMOTE_ADDR: 188.153.108.234
HTTP_REFERER: 
requested: array(3) {
  ["controller"] => string(12) "wp-login.php"
  ["action"] => string(5) "index"
  ["module"] => string(7) "default"
}


--------------------------------------------------------------------------------
2018-01-11T09:23:17+00:00 ERR (3) 404 Seite nicht gefunden
REMOTE_ADDR: 124.104.234.17
HTTP_REFERER: 
requested: array(3) {
  ["controller"] => string(12) "wp-login.php"
  ["action"] => string(5) "index"
  ["module"] => string(7) "default"
}


--------------------------------------------------------------------------------
2018-01-11T09:23:24+00:00 ERR (3) 404 Seite nicht gefunden
REMOTE_ADDR: 122.52.181.88
HTTP_REFERER: 
requested: array(3) {
  ["controller"] => string(12) "wp-login.php"
  ["action"] => string(5) "index"
  ["module"] => string(7) "default"
}


--------------------------------------------------------------------------------
2018-01-11T09:31:19+00:00 ERR (3) 404 Seite nicht gefunden
REMOTE_ADDR: 39.43.117.88
HTTP_REFERER: 
requested: array(3) {
  ["controller"] => string(12) "wp-login.php"
  ["action"] => string(5) "index"
  ["module"] => string(7) "default"
}


--------------------------------------------------------------------------------
2018-01-11T09:39:55+00:00 ERR (3) 404 Seite nicht gefunden
REMOTE_ADDR: 93.143.230.193
HTTP_REFERER: 
requested: array(3) {
  ["controller"] => string(12) "wp-login.php"
  ["action"] => string(5) "index"
  ["module"] => string(7) "default"
}


--------------------------------------------------------------------------------
2018-01-11T09:44:53+00:00 ERR (3) 404 Seite nicht gefunden
REMOTE_ADDR: 177.37.128.146
HTTP_REFERER: 
requested: array(3) {
  ["controller"] => string(12) "wp-login.php"
  ["action"] => string(5) "index"
  ["module"] => string(7) "default"
}


--------------------------------------------------------------------------------
2018-01-11T10:04:00+00:00 ERR (3) 404 Seite nicht gefunden
REMOTE_ADDR: 79.156.131.56
HTTP_REFERER: 
requested: array(3) {
  ["controller"] => string(12) "wp-login.php"
  ["action"] => string(5) "index"
  ["module"] => string(7) "default"
}


--------------------------------------------------------------------------------
2018-01-11T10:18:42+00:00 ERR (3) 404 Seite nicht gefunden
REMOTE_ADDR: 105.101.224.46
HTTP_REFERER: 
requested: array(3) {
  ["controller"] => string(12) "wp-login.php"
  ["action"] => string(5) "index"
  ["module"] => string(7) "default"
}


--------------------------------------------------------------------------------
2018-01-11T10:22:43+00:00 ERR (3) 404 Seite nicht gefunden
REMOTE_ADDR: 82.60.6.13
HTTP_REFERER: 
requested: array(3) {
  ["controller"] => string(12) "wp-login.php"
  ["action"] => string(5) "index"
  ["module"] => string(7) "default"
}


--------------------------------------------------------------------------------
2018-01-11T10:24:06+00:00 ERR (3) 404 Seite nicht gefunden
REMOTE_ADDR: 175.137.235.149
HTTP_REFERER: 
requested: array(3) {
  ["controller"] => string(12) "wp-login.php"
  ["action"] => string(5) "index"
  ["module"] => string(7) "default"
}


--------------------------------------------------------------------------------
2018-01-11T10:25:10+00:00 ERR (3) 404 Seite nicht gefunden
REMOTE_ADDR: 87.214.44.254
HTTP_REFERER: 
requested: array(3) {
  ["controller"] => string(12) "wp-login.php"
  ["action"] => string(5) "index"
  ["module"] => string(7) "default"
}


--------------------------------------------------------------------------------
2018-01-11T10:29:04+00:00 ERR (3) 404 Seite nicht gefunden
REMOTE_ADDR: 178.39.64.61
HTTP_REFERER: 
requested: array(3) {
  ["controller"] => string(12) "wp-login.php"
  ["action"] => string(5) "index"
  ["module"] => string(7) "default"
}


--------------------------------------------------------------------------------
2018-01-11T10:40:24+00:00 ERR (3) 404 Seite nicht gefunden
REMOTE_ADDR: 36.149.81.131
HTTP_REFERER: 
requested: array(3) {
  ["controller"] => string(12) "wp-login.php"
  ["action"] => string(5) "index"
  ["module"] => string(7) "default"
}


--------------------------------------------------------------------------------
2018-01-11T10:40:39+00:00 ERR (3) 404 Seite nicht gefunden
REMOTE_ADDR: 185.2.191.223
HTTP_REFERER: 
requested: array(3) {
  ["controller"] => string(12) "wp-login.php"
  ["action"] => string(5) "index"
  ["module"] => string(7) "default"
}


--------------------------------------------------------------------------------
2018-01-11T10:45:25+00:00 ERR (3) 404 Seite nicht gefunden
REMOTE_ADDR: 94.138.180.10
HTTP_REFERER: 
requested: array(3) {
  ["controller"] => string(12) "wp-login.php"
  ["action"] => string(5) "index"
  ["module"] => string(7) "default"
}


--------------------------------------------------------------------------------
2018-01-11T10:50:04+00:00 ERR (3) 404 Seite nicht gefunden
REMOTE_ADDR: 78.57.229.106
HTTP_REFERER: 
requested: array(3) {
  ["controller"] => string(12) "wp-login.php"
  ["action"] => string(5) "index"
  ["module"] => string(7) "default"
}


--------------------------------------------------------------------------------
2018-01-11T10:53:12+00:00 ERR (3) 404 Seite nicht gefunden
REMOTE_ADDR: 180.190.39.2
HTTP_REFERER: 
requested: array(3) {
  ["controller"] => string(12) "wp-login.php"
  ["action"] => string(5) "index"
  ["module"] => string(7) "default"
}


--------------------------------------------------------------------------------
2018-01-11T10:59:23+00:00 ERR (3) 404 Seite nicht gefunden
REMOTE_ADDR: 197.245.81.253
HTTP_REFERER: 
requested: array(3) {
  ["controller"] => string(12) "wp-login.php"
  ["action"] => string(5) "index"
  ["module"] => string(7) "default"
}


--------------------------------------------------------------------------------
2018-01-11T11:05:46+00:00 ERR (3) 404 Seite nicht gefunden
REMOTE_ADDR: 174.66.178.244
HTTP_REFERER: 
requested: array(3) {
  ["controller"] => string(12) "wp-login.php"
  ["action"] => string(5) "index"
  ["module"] => string(7) "default"
}


--------------------------------------------------------------------------------
2018-01-11T11:06:50+00:00 ERR (3) 404 Seite nicht gefunden
REMOTE_ADDR: 182.132.233.116
HTTP_REFERER: 
requested: array(3) {
  ["controller"] => string(12) "wp-login.php"
  ["action"] => string(5) "index"
  ["module"] => string(7) "default"
}


--------------------------------------------------------------------------------
2018-01-11T11:07:11+00:00 ERR (3) 404 Seite nicht gefunden
REMOTE_ADDR: 112.207.20.43
HTTP_REFERER: 
requested: array(3) {
  ["controller"] => string(12) "wp-login.php"
  ["action"] => string(5) "index"
  ["module"] => string(7) "default"
}


--------------------------------------------------------------------------------
2018-01-11T11:10:49+00:00 ERR (3) 404 Seite nicht gefunden
REMOTE_ADDR: 147.46.228.223
HTTP_REFERER: 
requested: array(3) {
  ["controller"] => string(12) "wp-login.php"
  ["action"] => string(5) "index"
  ["module"] => string(7) "default"
}


--------------------------------------------------------------------------------
2018-01-11T11:22:16+00:00 ERR (3) 404 Seite nicht gefunden
REMOTE_ADDR: 197.24.244.34
HTTP_REFERER: 
requested: array(3) {
  ["controller"] => string(12) "wp-login.php"
  ["action"] => string(5) "index"
  ["module"] => string(7) "default"
}


--------------------------------------------------------------------------------
2018-01-11T11:24:31+00:00 ERR (3) 404 Seite nicht gefunden
REMOTE_ADDR: 192.222.171.67
HTTP_REFERER: 
requested: array(3) {
  ["controller"] => string(12) "wp-login.php"
  ["action"] => string(5) "index"
  ["module"] => string(7) "default"
}


--------------------------------------------------------------------------------
2018-01-11T11:31:00+00:00 ERR (3) 404 Seite nicht gefunden
REMOTE_ADDR: 165.16.83.241
HTTP_REFERER: 
requested: array(3) {
  ["controller"] => string(12) "wp-login.php"
  ["action"] => string(5) "index"
  ["module"] => string(7) "default"
}


--------------------------------------------------------------------------------
2018-01-11T11:37:10+00:00 ERR (3) 404 Seite nicht gefunden
REMOTE_ADDR: 58.230.126.122
HTTP_REFERER: 
requested: array(3) {
  ["controller"] => string(12) "wp-login.php"
  ["action"] => string(5) "index"
  ["module"] => string(7) "default"
}


--------------------------------------------------------------------------------
2018-01-11T11:38:08+00:00 ERR (3) 404 Seite nicht gefunden
REMOTE_ADDR: 110.22.198.249
HTTP_REFERER: 
requested: array(3) {
  ["controller"] => string(12) "wp-login.php"
  ["action"] => string(5) "index"
  ["module"] => string(7) "default"
}


--------------------------------------------------------------------------------
2018-01-11T11:49:06+00:00 ERR (3) 404 Seite nicht gefunden
REMOTE_ADDR: 217.165.219.69
HTTP_REFERER: 
requested: array(3) {
  ["controller"] => string(12) "wp-login.php"
  ["action"] => string(5) "index"
  ["module"] => string(7) "default"
}


--------------------------------------------------------------------------------
2018-01-11T11:51:10+00:00 ERR (3) 404 Seite nicht gefunden
REMOTE_ADDR: 81.0.9.27
HTTP_REFERER: 
requested: array(3) {
  ["controller"] => string(12) "wp-login.php"
  ["action"] => string(5) "index"
  ["module"] => string(7) "default"
}


--------------------------------------------------------------------------------
2018-01-11T11:55:46+00:00 ERR (3) 404 Seite nicht gefunden
REMOTE_ADDR: 118.99.77.14
HTTP_REFERER: 
requested: array(3) {
  ["controller"] => string(12) "wp-login.php"
  ["action"] => string(5) "index"
  ["module"] => string(7) "default"
}


--------------------------------------------------------------------------------
2018-01-11T12:01:40+00:00 ERR (3) 404 Seite nicht gefunden
REMOTE_ADDR: 58.182.23.163
HTTP_REFERER: 
requested: array(3) {
  ["controller"] => string(12) "wp-login.php"
  ["action"] => string(5) "index"
  ["module"] => string(7) "default"
}


--------------------------------------------------------------------------------
2018-01-11T12:03:15+00:00 ERR (3) 404 Seite nicht gefunden
REMOTE_ADDR: 106.215.10.77
HTTP_REFERER: 
requested: array(3) {
  ["controller"] => string(12) "wp-login.php"
  ["action"] => string(5) "index"
  ["module"] => string(7) "default"
}


--------------------------------------------------------------------------------
2018-01-11T12:06:07+00:00 ERR (3) 404 Seite nicht gefunden
REMOTE_ADDR: 49.206.208.222
HTTP_REFERER: 
requested: array(3) {
  ["controller"] => string(12) "wp-login.php"
  ["action"] => string(5) "index"
  ["module"] => string(7) "default"
}


--------------------------------------------------------------------------------
2018-01-11T12:09:35+00:00 ERR (3) 404 Seite nicht gefunden
REMOTE_ADDR: 186.6.108.3
HTTP_REFERER: 
requested: array(3) {
  ["controller"] => string(12) "wp-login.php"
  ["action"] => string(5) "index"
  ["module"] => string(7) "default"
}


--------------------------------------------------------------------------------
2018-01-11T12:12:56+00:00 ERR (3) 404 Seite nicht gefunden
REMOTE_ADDR: 105.225.63.249
HTTP_REFERER: 
requested: array(3) {
  ["controller"] => string(12) "wp-login.php"
  ["action"] => string(5) "index"
  ["module"] => string(7) "default"
}


--------------------------------------------------------------------------------
2018-01-11T12:28:55+00:00 ERR (3) 404 Seite nicht gefunden
REMOTE_ADDR: 176.63.19.136
HTTP_REFERER: 
requested: array(3) {
  ["controller"] => string(12) "wp-login.php"
  ["action"] => string(5) "index"
  ["module"] => string(7) "default"
}


--------------------------------------------------------------------------------
2018-01-11T12:34:00+00:00 ERR (3) 404 Seite nicht gefunden
REMOTE_ADDR: 219.138.202.188
HTTP_REFERER: 
requested: array(3) {
  ["controller"] => string(12) "wp-login.php"
  ["action"] => string(5) "index"
  ["module"] => string(7) "default"
}


--------------------------------------------------------------------------------
2018-01-11T12:39:14+00:00 ERR (3) 404 Seite nicht gefunden
REMOTE_ADDR: 78.92.63.97
HTTP_REFERER: 
requested: array(3) {
  ["controller"] => string(12) "wp-login.php"
  ["action"] => string(5) "index"
  ["module"] => string(7) "default"
}


--------------------------------------------------------------------------------
2018-01-11T12:46:42+00:00 ERR (3) 404 Seite nicht gefunden
REMOTE_ADDR: 83.22.247.138
HTTP_REFERER: 
requested: array(3) {
  ["controller"] => string(12) "wp-login.php"
  ["action"] => string(5) "index"
  ["module"] => string(7) "default"
}


--------------------------------------------------------------------------------
2018-01-11T12:47:25+00:00 ERR (3) 404 Seite nicht gefunden
REMOTE_ADDR: 175.142.83.243
HTTP_REFERER: 
requested: array(3) {
  ["controller"] => string(12) "wp-login.php"
  ["action"] => string(5) "index"
  ["module"] => string(7) "default"
}


--------------------------------------------------------------------------------
2018-01-11T13:18:07+00:00 ERR (3) 404 Seite nicht gefunden
REMOTE_ADDR: 186.192.183.118
HTTP_REFERER: 
requested: array(3) {
  ["controller"] => string(12) "wp-login.php"
  ["action"] => string(5) "index"
  ["module"] => string(7) "default"
}


--------------------------------------------------------------------------------
2018-01-11T13:19:10+00:00 ERR (3) 404 Seite nicht gefunden
REMOTE_ADDR: 87.18.67.92
HTTP_REFERER: 
requested: array(3) {
  ["controller"] => string(12) "wp-login.php"
  ["action"] => string(5) "index"
  ["module"] => string(7) "default"
}


--------------------------------------------------------------------------------
2018-01-11T13:23:08+00:00 ERR (3) 404 Seite nicht gefunden
REMOTE_ADDR: 124.29.217.124
HTTP_REFERER: 
requested: array(3) {
  ["controller"] => string(12) "wp-login.php"
  ["action"] => string(5) "index"
  ["module"] => string(7) "default"
}


--------------------------------------------------------------------------------
2018-01-11T13:23:15+00:00 ERR (3) 404 Seite nicht gefunden
REMOTE_ADDR: 95.10.7.189
HTTP_REFERER: 
requested: array(3) {
  ["controller"] => string(12) "wp-login.php"
  ["action"] => string(5) "index"
  ["module"] => string(7) "default"
}


--------------------------------------------------------------------------------
2018-01-11T13:25:29+00:00 ERR (3) 404 Seite nicht gefunden
REMOTE_ADDR: 79.181.130.194
HTTP_REFERER: 
requested: array(3) {
  ["controller"] => string(12) "wp-login.php"
  ["action"] => string(5) "index"
  ["module"] => string(7) "default"
}


--------------------------------------------------------------------------------
2018-01-11T13:27:41+00:00 ERR (3) 404 Seite nicht gefunden
REMOTE_ADDR: 203.88.145.204
HTTP_REFERER: 
requested: array(3) {
  ["controller"] => string(12) "wp-login.php"
  ["action"] => string(5) "index"
  ["module"] => string(7) "default"
}


--------------------------------------------------------------------------------
2018-01-11T13:28:58+00:00 ERR (3) 404 Seite nicht gefunden
REMOTE_ADDR: 46.6.46.187
HTTP_REFERER: 
requested: array(3) {
  ["controller"] => string(12) "wp-login.php"
  ["action"] => string(5) "index"
  ["module"] => string(7) "default"
}


--------------------------------------------------------------------------------
2018-01-11T13:29:22+00:00 ERR (3) 404 Seite nicht gefunden
REMOTE_ADDR: 110.54.231.127
HTTP_REFERER: 
requested: array(3) {
  ["controller"] => string(12) "wp-login.php"
  ["action"] => string(5) "index"
  ["module"] => string(7) "default"
}


--------------------------------------------------------------------------------
2018-01-11T13:29:24+00:00 ERR (3) 404 Seite nicht gefunden
REMOTE_ADDR: 182.186.238.115
HTTP_REFERER: 
requested: array(3) {
  ["controller"] => string(12) "wp-login.php"
  ["action"] => string(5) "index"
  ["module"] => string(7) "default"
}


--------------------------------------------------------------------------------
2018-01-11T13:42:31+00:00 ERR (3) 404 Seite nicht gefunden
REMOTE_ADDR: 41.105.99.72
HTTP_REFERER: 
requested: array(3) {
  ["controller"] => string(12) "wp-login.php"
  ["action"] => string(5) "index"
  ["module"] => string(7) "default"
}


--------------------------------------------------------------------------------
2018-01-11T13:56:15+00:00 ERR (3) 404 Seite nicht gefunden
REMOTE_ADDR: 221.151.11.205
HTTP_REFERER: 
requested: array(3) {
  ["controller"] => string(12) "wp-login.php"
  ["action"] => string(5) "index"
  ["module"] => string(7) "default"
}


--------------------------------------------------------------------------------
2018-01-11T14:03:01+00:00 ERR (3) 404 Seite nicht gefunden
REMOTE_ADDR: 89.228.252.155
HTTP_REFERER: 
requested: array(3) {
  ["controller"] => string(12) "wp-login.php"
  ["action"] => string(5) "index"
  ["module"] => string(7) "default"
}


--------------------------------------------------------------------------------
2018-01-11T14:05:41+00:00 ERR (3) 404 Seite nicht gefunden
REMOTE_ADDR: 88.203.96.75
HTTP_REFERER: 
requested: array(3) {
  ["controller"] => string(12) "wp-login.php"
  ["action"] => string(5) "index"
  ["module"] => string(7) "default"
}


--------------------------------------------------------------------------------
2018-01-11T14:06:46+00:00 ERR (3) 404 Seite nicht gefunden
REMOTE_ADDR: 88.203.74.148
HTTP_REFERER: 
requested: array(3) {
  ["controller"] => string(12) "wp-login.php"
  ["action"] => string(5) "index"
  ["module"] => string(7) "default"
}


--------------------------------------------------------------------------------
2018-01-11T14:08:06+00:00 ERR (3) 404 Seite nicht gefunden
REMOTE_ADDR: 195.158.64.28
HTTP_REFERER: 
requested: array(3) {
  ["controller"] => string(12) "wp-login.php"
  ["action"] => string(5) "index"
  ["module"] => string(7) "default"
}


--------------------------------------------------------------------------------
2018-01-11T14:09:28+00:00 ERR (3) 404 Seite nicht gefunden
REMOTE_ADDR: 177.180.249.155
HTTP_REFERER: 
requested: array(3) {
  ["controller"] => string(12) "wp-login.php"
  ["action"] => string(5) "index"
  ["module"] => string(7) "default"
}


--------------------------------------------------------------------------------
2018-01-11T14:34:44+00:00 ERR (3) 404 Seite nicht gefunden
REMOTE_ADDR: 117.223.99.65
HTTP_REFERER: 
requested: array(3) {
  ["controller"] => string(12) "wp-login.php"
  ["action"] => string(5) "index"
  ["module"] => string(7) "default"
}


--------------------------------------------------------------------------------
2018-01-11T14:36:36+00:00 ERR (3) 404 Seite nicht gefunden
REMOTE_ADDR: 150.129.149.153
HTTP_REFERER: 
requested: array(3) {
  ["controller"] => string(12) "wp-login.php"
  ["action"] => string(5) "index"
  ["module"] => string(7) "default"
}


--------------------------------------------------------------------------------
2018-01-11T14:41:42+00:00 ERR (3) 404 Seite nicht gefunden
REMOTE_ADDR: 122.177.20.76
HTTP_REFERER: 
requested: array(3) {
  ["controller"] => string(12) "wp-login.php"
  ["action"] => string(5) "index"
  ["module"] => string(7) "default"
}


--------------------------------------------------------------------------------
2018-01-11T14:43:50+00:00 ERR (3) 404 Seite nicht gefunden
REMOTE_ADDR: 103.85.10.13
HTTP_REFERER: 
requested: array(3) {
  ["controller"] => string(12) "wp-login.php"
  ["action"] => string(5) "index"
  ["module"] => string(7) "default"
}


--------------------------------------------------------------------------------
2018-01-11T14:57:47+00:00 ERR (3) 404 Seite nicht gefunden
REMOTE_ADDR: 81.7.86.28
HTTP_REFERER: 
requested: array(3) {
  ["controller"] => string(12) "wp-login.php"
  ["action"] => string(5) "index"
  ["module"] => string(7) "default"
}


--------------------------------------------------------------------------------
2018-01-11T15:05:28+00:00 ERR (3) 404 Seite nicht gefunden
REMOTE_ADDR: 174.255.6.2
HTTP_REFERER: 
requested: array(3) {
  ["controller"] => string(12) "wp-login.php"
  ["action"] => string(5) "index"
  ["module"] => string(7) "default"
}


--------------------------------------------------------------------------------
2018-01-11T15:09:06+00:00 ERR (3) 404 Seite nicht gefunden
REMOTE_ADDR: 151.56.124.166
HTTP_REFERER: 
requested: array(3) {
  ["controller"] => string(12) "wp-login.php"
  ["action"] => string(5) "index"
  ["module"] => string(7) "default"
}


--------------------------------------------------------------------------------
2018-01-11T15:10:21+00:00 ERR (3) 404 Seite nicht gefunden
REMOTE_ADDR: 86.90.253.217
HTTP_REFERER: 
requested: array(3) {
  ["controller"] => string(12) "wp-login.php"
  ["action"] => string(5) "index"
  ["module"] => string(7) "default"
}


--------------------------------------------------------------------------------
2018-01-11T15:19:49+00:00 ERR (3) 404 Seite nicht gefunden
REMOTE_ADDR: 37.117.220.243
HTTP_REFERER: 
requested: array(3) {
  ["controller"] => string(12) "wp-login.php"
  ["action"] => string(5) "index"
  ["module"] => string(7) "default"
}


--------------------------------------------------------------------------------
2018-01-11T15:38:08+00:00 ERR (3) 404 Seite nicht gefunden
REMOTE_ADDR: 189.47.75.185
HTTP_REFERER: 
requested: array(3) {
  ["controller"] => string(12) "wp-login.php"
  ["action"] => string(5) "index"
  ["module"] => string(7) "default"
}


--------------------------------------------------------------------------------
2018-01-11T15:46:53+00:00 ERR (3) 404 Seite nicht gefunden
REMOTE_ADDR: 14.35.205.164
HTTP_REFERER: 
requested: array(3) {
  ["controller"] => string(12) "wp-login.php"
  ["action"] => string(5) "index"
  ["module"] => string(7) "default"
}


--------------------------------------------------------------------------------
2018-01-11T15:53:35+00:00 ERR (3) 404 Seite nicht gefunden
REMOTE_ADDR: 103.66.79.28
HTTP_REFERER: 
requested: array(3) {
  ["controller"] => string(12) "wp-login.php"
  ["action"] => string(5) "index"
  ["module"] => string(7) "default"
}


--------------------------------------------------------------------------------
2018-01-11T16:05:05+00:00 ERR (3) 404 Seite nicht gefunden
REMOTE_ADDR: 105.225.211.98
HTTP_REFERER: 
requested: array(3) {
  ["controller"] => string(12) "wp-login.php"
  ["action"] => string(5) "index"
  ["module"] => string(7) "default"
}


--------------------------------------------------------------------------------
2018-01-11T16:09:33+00:00 ERR (3) 404 Seite nicht gefunden
REMOTE_ADDR: 188.50.2.162
HTTP_REFERER: 
requested: array(3) {
  ["controller"] => string(12) "wp-login.php"
  ["action"] => string(5) "index"
  ["module"] => string(7) "default"
}


--------------------------------------------------------------------------------
2018-01-11T16:31:18+00:00 ERR (3) 404 Seite nicht gefunden
REMOTE_ADDR: 187.161.114.41
HTTP_REFERER: 
requested: array(3) {
  ["controller"] => string(12) "wp-login.php"
  ["action"] => string(5) "index"
  ["module"] => string(7) "default"
}


--------------------------------------------------------------------------------
2018-01-11T16:34:09+00:00 ERR (3) 404 Seite nicht gefunden
REMOTE_ADDR: 112.205.104.113
HTTP_REFERER: 
requested: array(3) {
  ["controller"] => string(12) "wp-login.php"
  ["action"] => string(5) "index"
  ["module"] => string(7) "default"
}


--------------------------------------------------------------------------------
2018-01-11T16:35:05+00:00 ERR (3) 404 Seite nicht gefunden
REMOTE_ADDR: 106.51.111.162
HTTP_REFERER: 
requested: array(3) {
  ["controller"] => string(12) "wp-login.php"
  ["action"] => string(5) "index"
  ["module"] => string(7) "default"
}


--------------------------------------------------------------------------------
2018-01-11T16:45:22+00:00 ERR (3) 404 Seite nicht gefunden
REMOTE_ADDR: 86.21.154.171
HTTP_REFERER: 
requested: array(3) {
  ["controller"] => string(12) "wp-login.php"
  ["action"] => string(5) "index"
  ["module"] => string(7) "default"
}


--------------------------------------------------------------------------------
2018-01-11T16:50:24+00:00 ERR (3) 404 Seite nicht gefunden
REMOTE_ADDR: 95.103.4.255
HTTP_REFERER: 
requested: array(3) {
  ["controller"] => string(12) "wp-login.php"
  ["action"] => string(5) "index"
  ["module"] => string(7) "default"
}


--------------------------------------------------------------------------------
2018-01-11T17:01:17+00:00 ERR (3) 404 Seite nicht gefunden
REMOTE_ADDR: 46.229.123.110
HTTP_REFERER: 
requested: array(3) {
  ["controller"] => string(12) "wp-login.php"
  ["action"] => string(5) "index"
  ["module"] => string(7) "default"
}


--------------------------------------------------------------------------------
2018-01-11T17:12:12+00:00 ERR (3) 404 Seite nicht gefunden
REMOTE_ADDR: 46.99.108.88
HTTP_REFERER: 
requested: array(3) {
  ["controller"] => string(12) "wp-login.php"
  ["action"] => string(5) "index"
  ["module"] => string(7) "default"
}


--------------------------------------------------------------------------------
2018-01-11T17:21:09+00:00 ERR (3) 404 Seite nicht gefunden
REMOTE_ADDR: 117.193.137.202
HTTP_REFERER: 
requested: array(3) {
  ["controller"] => string(12) "wp-login.php"
  ["action"] => string(5) "index"
  ["module"] => string(7) "default"
}


--------------------------------------------------------------------------------
2018-01-11T17:21:18+00:00 ERR (3) 404 Seite nicht gefunden
REMOTE_ADDR: 187.112.237.239
HTTP_REFERER: 
requested: array(3) {
  ["controller"] => string(12) "wp-login.php"
  ["action"] => string(5) "index"
  ["module"] => string(7) "default"
}


--------------------------------------------------------------------------------
2018-01-11T17:23:12+00:00 ERR (3) 404 Seite nicht gefunden
REMOTE_ADDR: 51.223.138.44
HTTP_REFERER: 
requested: array(3) {
  ["controller"] => string(12) "wp-login.php"
  ["action"] => string(5) "index"
  ["module"] => string(7) "default"
}


--------------------------------------------------------------------------------
2018-01-11T17:25:28+00:00 ERR (3) 404 Seite nicht gefunden
REMOTE_ADDR: 93.65.85.26
HTTP_REFERER: 
requested: array(3) {
  ["controller"] => string(12) "wp-login.php"
  ["action"] => string(5) "index"
  ["module"] => string(7) "default"
}


--------------------------------------------------------------------------------
2018-01-11T17:31:57+00:00 ERR (3) 404 Seite nicht gefunden
REMOTE_ADDR: 81.215.50.27
HTTP_REFERER: 
requested: array(3) {
  ["controller"] => string(12) "wp-login.php"
  ["action"] => string(5) "index"
  ["module"] => string(7) "default"
}


--------------------------------------------------------------------------------
2018-01-11T17:36:24+00:00 ERR (3) 404 Seite nicht gefunden
REMOTE_ADDR: 101.109.85.37
HTTP_REFERER: 
requested: array(3) {
  ["controller"] => string(12) "wp-login.php"
  ["action"] => string(5) "index"
  ["module"] => string(7) "default"
}


--------------------------------------------------------------------------------
2018-01-11T17:43:38+00:00 ERR (3) 404 Seite nicht gefunden
REMOTE_ADDR: 105.98.7.215
HTTP_REFERER: 
requested: array(3) {
  ["controller"] => string(12) "wp-login.php"
  ["action"] => string(5) "index"
  ["module"] => string(7) "default"
}


--------------------------------------------------------------------------------
2018-01-11T17:44:05+00:00 ERR (3) 404 Seite nicht gefunden
REMOTE_ADDR: 202.165.235.213
HTTP_REFERER: 
requested: array(3) {
  ["controller"] => string(12) "wp-login.php"
  ["action"] => string(5) "index"
  ["module"] => string(7) "default"
}


--------------------------------------------------------------------------------
2018-01-11T17:47:57+00:00 ERR (3) 404 Seite nicht gefunden
REMOTE_ADDR: 89.68.163.24
HTTP_REFERER: 
requested: array(3) {
  ["controller"] => string(12) "wp-login.php"
  ["action"] => string(5) "index"
  ["module"] => string(7) "default"
}


--------------------------------------------------------------------------------
2018-01-11T17:48:49+00:00 ERR (3) 404 Seite nicht gefunden
REMOTE_ADDR: 41.188.45.127
HTTP_REFERER: 
requested: array(3) {
  ["controller"] => string(12) "wp-login.php"
  ["action"] => string(5) "index"
  ["module"] => string(7) "default"
}


--------------------------------------------------------------------------------
2018-01-11T17:54:45+00:00 ERR (3) 404 Seite nicht gefunden
REMOTE_ADDR: 60.53.188.1
HTTP_REFERER: 
requested: array(3) {
  ["controller"] => string(12) "wp-login.php"
  ["action"] => string(5) "index"
  ["module"] => string(7) "default"
}


--------------------------------------------------------------------------------
2018-01-11T17:58:13+00:00 ERR (3) 404 Seite nicht gefunden
REMOTE_ADDR: 188.119.63.159
HTTP_REFERER: 
requested: array(3) {
  ["controller"] => string(12) "wp-login.php"
  ["action"] => string(5) "index"
  ["module"] => string(7) "default"
}


--------------------------------------------------------------------------------
2018-01-11T17:59:18+00:00 ERR (3) 404 Seite nicht gefunden
REMOTE_ADDR: 84.22.61.37
HTTP_REFERER: 
requested: array(3) {
  ["controller"] => string(12) "wp-login.php"
  ["action"] => string(5) "index"
  ["module"] => string(7) "default"
}


--------------------------------------------------------------------------------
2018-01-11T17:59:29+00:00 ERR (3) 404 Seite nicht gefunden
REMOTE_ADDR: 85.245.98.57
HTTP_REFERER: 
requested: array(3) {
  ["controller"] => string(12) "wp-login.php"
  ["action"] => string(5) "index"
  ["module"] => string(7) "default"
}


--------------------------------------------------------------------------------
2018-01-11T18:02:48+00:00 ERR (3) 404 Seite nicht gefunden
REMOTE_ADDR: 87.196.35.161
HTTP_REFERER: 
requested: array(3) {
  ["controller"] => string(12) "wp-login.php"
  ["action"] => string(5) "index"
  ["module"] => string(7) "default"
}


--------------------------------------------------------------------------------
2018-01-11T18:13:41+00:00 ERR (3) 404 Seite nicht gefunden
REMOTE_ADDR: 175.35.56.159
HTTP_REFERER: 
requested: array(3) {
  ["controller"] => string(12) "wp-login.php"
  ["action"] => string(5) "index"
  ["module"] => string(7) "default"
}


--------------------------------------------------------------------------------
2018-01-11T18:15:23+00:00 ERR (3) 404 Seite nicht gefunden
REMOTE_ADDR: 188.161.90.9
HTTP_REFERER: 
requested: array(3) {
  ["controller"] => string(12) "wp-login.php"
  ["action"] => string(5) "index"
  ["module"] => string(7) "default"
}


--------------------------------------------------------------------------------
2018-01-11T18:31:35+00:00 ERR (3) 404 Seite nicht gefunden
REMOTE_ADDR: 90.74.64.77
HTTP_REFERER: 
requested: array(3) {
  ["controller"] => string(12) "wp-login.php"
  ["action"] => string(5) "index"
  ["module"] => string(7) "default"
}


--------------------------------------------------------------------------------
2018-01-11T18:40:31+00:00 ERR (3) 404 Seite nicht gefunden
REMOTE_ADDR: 83.45.190.231
HTTP_REFERER: 
requested: array(3) {
  ["controller"] => string(12) "wp-login.php"
  ["action"] => string(5) "index"
  ["module"] => string(7) "default"
}


--------------------------------------------------------------------------------
2018-01-11T18:41:43+00:00 ERR (3) 404 Seite nicht gefunden
REMOTE_ADDR: 151.31.40.0
HTTP_REFERER: 
requested: array(3) {
  ["controller"] => string(12) "wp-login.php"
  ["action"] => string(5) "index"
  ["module"] => string(7) "default"
}


--------------------------------------------------------------------------------
2018-01-11T18:42:41+00:00 ERR (3) 404 Seite nicht gefunden
REMOTE_ADDR: 188.142.235.185
HTTP_REFERER: 
requested: array(3) {
  ["controller"] => string(12) "wp-login.php"
  ["action"] => string(5) "index"
  ["module"] => string(7) "default"
}


--------------------------------------------------------------------------------
2018-01-11T18:46:25+00:00 ERR (3) 404 Seite nicht gefunden
REMOTE_ADDR: 58.79.24.66
HTTP_REFERER: 
requested: array(3) {
  ["controller"] => string(12) "wp-login.php"
  ["action"] => string(5) "index"
  ["module"] => string(7) "default"
}


--------------------------------------------------------------------------------
2018-01-11T18:50:52+00:00 ERR (3) 404 Seite nicht gefunden
REMOTE_ADDR: 52.33.215.119
HTTP_REFERER: https://google.com
requested: array(3) {
  ["controller"] => string(12) "wp-login.php"
  ["action"] => string(5) "index"
  ["module"] => string(7) "default"
}


--------------------------------------------------------------------------------
2018-01-11T19:07:14+00:00 ERR (3) 404 Seite nicht gefunden
REMOTE_ADDR: 141.82.162.173
HTTP_REFERER: 
requested: array(3) {
  ["controller"] => string(12) "wp-login.php"
  ["action"] => string(5) "index"
  ["module"] => string(7) "default"
}


--------------------------------------------------------------------------------
2018-01-11T19:12:49+00:00 ERR (3) 404 Seite nicht gefunden
REMOTE_ADDR: 79.140.149.182
HTTP_REFERER: 
requested: array(3) {
  ["controller"] => string(12) "wp-login.php"
  ["action"] => string(5) "index"
  ["module"] => string(7) "default"
}


--------------------------------------------------------------------------------
2018-01-11T19:24:32+00:00 ERR (3) 404 Seite nicht gefunden
REMOTE_ADDR: 73.138.22.54
HTTP_REFERER: 
requested: array(3) {
  ["controller"] => string(12) "wp-login.php"
  ["action"] => string(5) "index"
  ["module"] => string(7) "default"
}


--------------------------------------------------------------------------------
2018-01-11T19:29:07+00:00 ERR (3) 404 Seite nicht gefunden
REMOTE_ADDR: 47.20.249.120
HTTP_REFERER: 
requested: array(3) {
  ["controller"] => string(12) "wp-login.php"
  ["action"] => string(5) "index"
  ["module"] => string(7) "default"
}


--------------------------------------------------------------------------------
2018-01-11T19:38:44+00:00 ERR (3) 404 Seite nicht gefunden
REMOTE_ADDR: 186.225.36.127
HTTP_REFERER: 
requested: array(3) {
  ["controller"] => string(12) "wp-login.php"
  ["action"] => string(5) "index"
  ["module"] => string(7) "default"
}


--------------------------------------------------------------------------------
2018-01-11T19:42:32+00:00 ERR (3) 404 Seite nicht gefunden
REMOTE_ADDR: 94.191.142.117
HTTP_REFERER: 
requested: array(3) {
  ["controller"] => string(12) "wp-login.php"
  ["action"] => string(5) "index"
  ["module"] => string(7) "default"
}


--------------------------------------------------------------------------------
2018-01-11T19:46:58+00:00 ERR (3) 404 Seite nicht gefunden
REMOTE_ADDR: 89.228.108.124
HTTP_REFERER: 
requested: array(3) {
  ["controller"] => string(12) "wp-login.php"
  ["action"] => string(5) "index"
  ["module"] => string(7) "default"
}


--------------------------------------------------------------------------------
2018-01-11T19:50:28+00:00 ERR (3) 404 Seite nicht gefunden
REMOTE_ADDR: 37.107.69.152
HTTP_REFERER: 
requested: array(3) {
  ["controller"] => string(12) "wp-login.php"
  ["action"] => string(5) "index"
  ["module"] => string(7) "default"
}


--------------------------------------------------------------------------------
2018-01-11T20:21:58+00:00 ERR (3) 404 Seite nicht gefunden
REMOTE_ADDR: 165.49.57.34
HTTP_REFERER: 
requested: array(3) {
  ["controller"] => string(12) "wp-login.php"
  ["action"] => string(5) "index"
  ["module"] => string(7) "default"
}


--------------------------------------------------------------------------------
2018-01-11T20:27:11+00:00 ERR (3) 404 Seite nicht gefunden
REMOTE_ADDR: 49.205.139.227
HTTP_REFERER: 
requested: array(3) {
  ["controller"] => string(12) "wp-login.php"
  ["action"] => string(5) "index"
  ["module"] => string(7) "default"
}


--------------------------------------------------------------------------------
2018-01-11T20:29:30+00:00 ERR (3) 404 Seite nicht gefunden
REMOTE_ADDR: 46.63.55.24
HTTP_REFERER: 
requested: array(3) {
  ["controller"] => string(12) "wp-login.php"
  ["action"] => string(5) "index"
  ["module"] => string(7) "default"
}


--------------------------------------------------------------------------------
2018-01-11T20:44:13+00:00 ERR (3) 404 Seite nicht gefunden
REMOTE_ADDR: 58.65.148.87
HTTP_REFERER: 
requested: array(3) {
  ["controller"] => string(12) "wp-login.php"
  ["action"] => string(5) "index"
  ["module"] => string(7) "default"
}


--------------------------------------------------------------------------------
2018-01-11T20:45:11+00:00 ERR (3) 404 Seite nicht gefunden
REMOTE_ADDR: 18.217.152.28
HTTP_REFERER: https://google.com
requested: array(3) {
  ["controller"] => string(12) "wp-login.php"
  ["action"] => string(5) "index"
  ["module"] => string(7) "default"
}


--------------------------------------------------------------------------------
2018-01-11T20:48:38+00:00 ERR (3) 404 Seite nicht gefunden
REMOTE_ADDR: 46.42.128.193
HTTP_REFERER: 
requested: array(3) {
  ["controller"] => string(12) "wp-login.php"
  ["action"] => string(5) "index"
  ["module"] => string(7) "default"
}


--------------------------------------------------------------------------------
2018-01-11T20:55:13+00:00 ERR (3) 404 Seite nicht gefunden
REMOTE_ADDR: 109.232.27.203
HTTP_REFERER: 
requested: array(3) {
  ["controller"] => string(12) "wp-login.php"
  ["action"] => string(5) "index"
  ["module"] => string(7) "default"
}


--------------------------------------------------------------------------------
2018-01-11T20:57:03+00:00 ERR (3) 404 Seite nicht gefunden
REMOTE_ADDR: 72.188.25.57
HTTP_REFERER: 
requested: array(3) {
  ["controller"] => string(12) "wp-login.php"
  ["action"] => string(5) "index"
  ["module"] => string(7) "default"
}


--------------------------------------------------------------------------------
2018-01-11T21:01:25+00:00 ERR (3) 404 Seite nicht gefunden
REMOTE_ADDR: 116.206.223.207
HTTP_REFERER: 
requested: array(3) {
  ["controller"] => string(12) "wp-login.php"
  ["action"] => string(5) "index"
  ["module"] => string(7) "default"
}


--------------------------------------------------------------------------------
2018-01-11T21:02:03+00:00 ERR (3) 404 Seite nicht gefunden
REMOTE_ADDR: 89.164.174.84
HTTP_REFERER: 
requested: array(3) {
  ["controller"] => string(12) "wp-login.php"
  ["action"] => string(5) "index"
  ["module"] => string(7) "default"
}


--------------------------------------------------------------------------------
2018-01-11T21:40:31+00:00 ERR (3) 404 "hire-lasse" was not found.
REMOTE_ADDR: 23.237.4.26
HTTP_REFERER: 
requested: array(5) {
  ["lang"] => string(2) "de"
  ["action"] => string(4) "page"
  ["key"] => string(10) "hire-lasse"
  ["module"] => string(7) "default"
  ["controller"] => string(5) "index"
}


--------------------------------------------------------------------------------
2018-01-11T21:41:13+00:00 ERR (3) 404 "hire-lasse" was not found.
REMOTE_ADDR: 23.237.4.26
HTTP_REFERER: 
requested: array(5) {
  ["lang"] => string(2) "en"
  ["action"] => string(4) "page"
  ["key"] => string(10) "hire-lasse"
  ["module"] => string(7) "default"
  ["controller"] => string(5) "index"
}


--------------------------------------------------------------------------------
2018-01-11T21:43:36+00:00 ERR (3) 404 Seite nicht gefunden
REMOTE_ADDR: 79.106.209.61
HTTP_REFERER: 
requested: array(3) {
  ["controller"] => string(12) "wp-login.php"
  ["action"] => string(5) "index"
  ["module"] => string(7) "default"
}


--------------------------------------------------------------------------------
2018-01-11T21:49:17+00:00 ERR (3) 404 Seite nicht gefunden
REMOTE_ADDR: 2.42.87.147
HTTP_REFERER: 
requested: array(3) {
  ["controller"] => string(12) "wp-login.php"
  ["action"] => string(5) "index"
  ["module"] => string(7) "default"
}


--------------------------------------------------------------------------------
2018-01-11T22:01:08+00:00 ERR (3) 404 Seite nicht gefunden
REMOTE_ADDR: 41.159.138.185
HTTP_REFERER: 
requested: array(3) {
  ["controller"] => string(12) "wp-login.php"
  ["action"] => string(5) "index"
  ["module"] => string(7) "default"
}


--------------------------------------------------------------------------------
2018-01-11T22:10:17+00:00 ERR (3) 404 Seite nicht gefunden
REMOTE_ADDR: 120.154.186.17
HTTP_REFERER: 
requested: array(3) {
  ["controller"] => string(12) "wp-login.php"
  ["action"] => string(5) "index"
  ["module"] => string(7) "default"
}


--------------------------------------------------------------------------------
2018-01-11T22:13:33+00:00 ERR (3) 404 Seite nicht gefunden
REMOTE_ADDR: 186.205.65.178
HTTP_REFERER: 
requested: array(3) {
  ["controller"] => string(12) "wp-login.php"
  ["action"] => string(5) "index"
  ["module"] => string(7) "default"
}


--------------------------------------------------------------------------------
2018-01-11T22:30:32+00:00 ERR (3) 404 Seite nicht gefunden
REMOTE_ADDR: 103.208.180.22
HTTP_REFERER: 
requested: array(3) {
  ["controller"] => string(12) "wp-login.php"
  ["action"] => string(5) "index"
  ["module"] => string(7) "default"
}


--------------------------------------------------------------------------------
2018-01-11T22:35:52+00:00 ERR (3) 404 Seite nicht gefunden
REMOTE_ADDR: 88.231.60.114
HTTP_REFERER: 
requested: array(3) {
  ["controller"] => string(12) "wp-login.php"
  ["action"] => string(5) "index"
  ["module"] => string(7) "default"
}


--------------------------------------------------------------------------------
2018-01-11T22:39:01+00:00 ERR (3) 404 Seite nicht gefunden
REMOTE_ADDR: 65.99.129.232
HTTP_REFERER: 
requested: array(3) {
  ["controller"] => string(12) "wp-login.php"
  ["action"] => string(5) "index"
  ["module"] => string(7) "default"
}


--------------------------------------------------------------------------------
2018-01-11T22:46:00+00:00 ERR (3) 404 Seite nicht gefunden
REMOTE_ADDR: 189.131.203.164
HTTP_REFERER: 
requested: array(3) {
  ["controller"] => string(12) "wp-login.php"
  ["action"] => string(5) "index"
  ["module"] => string(7) "default"
}


--------------------------------------------------------------------------------
2018-01-11T22:47:06+00:00 ERR (3) 404 Seite nicht gefunden
REMOTE_ADDR: 92.209.189.220
HTTP_REFERER: 
requested: array(3) {
  ["controller"] => string(12) "wp-login.php"
  ["action"] => string(5) "index"
  ["module"] => string(7) "default"
}


--------------------------------------------------------------------------------
2018-01-11T23:01:26+00:00 ERR (3) 404 Seite nicht gefunden
REMOTE_ADDR: 176.102.79.218
HTTP_REFERER: 
requested: array(3) {
  ["controller"] => string(12) "wp-login.php"
  ["action"] => string(5) "index"
  ["module"] => string(7) "default"
}


--------------------------------------------------------------------------------
2018-01-11T23:06:43+00:00 ERR (3) 404 Seite nicht gefunden
REMOTE_ADDR: 41.96.176.85
HTTP_REFERER: 
requested: array(3) {
  ["controller"] => string(12) "wp-login.php"
  ["action"] => string(5) "index"
  ["module"] => string(7) "default"
}


--------------------------------------------------------------------------------
2018-01-11T23:09:29+00:00 ERR (3) 404 Seite nicht gefunden
REMOTE_ADDR: 80.122.154.67
HTTP_REFERER: 
requested: array(3) {
  ["controller"] => string(12) "wp-login.php"
  ["action"] => string(5) "index"
  ["module"] => string(7) "default"
}


--------------------------------------------------------------------------------
2018-01-11T23:20:22+00:00 ERR (3) 404 Seite nicht gefunden
REMOTE_ADDR: 24.6.192.135
HTTP_REFERER: 
requested: array(3) {
  ["controller"] => string(12) "wp-login.php"
  ["action"] => string(5) "index"
  ["module"] => string(7) "default"
}


--------------------------------------------------------------------------------
2018-01-11T23:47:18+00:00 ERR (3) 404 Seite nicht gefunden
REMOTE_ADDR: 187.245.67.201
HTTP_REFERER: 
requested: array(3) {
  ["controller"] => string(12) "wp-login.php"
  ["action"] => string(5) "index"
  ["module"] => string(7) "default"
}


--------------------------------------------------------------------------------
2018-01-11T23:48:14+00:00 ERR (3) 404 Seite nicht gefunden
REMOTE_ADDR: 39.49.73.57
HTTP_REFERER: 
requested: array(3) {
  ["controller"] => string(12) "wp-login.php"
  ["action"] => string(5) "index"
  ["module"] => string(7) "default"
}


--------------------------------------------------------------------------------
2018-01-11T23:53:52+00:00 ERR (3) 404 Seite nicht gefunden
REMOTE_ADDR: 81.129.103.198
HTTP_REFERER: 
requested: array(3) {
  ["controller"] => string(12) "wp-login.php"
  ["action"] => string(5) "index"
  ["module"] => string(7) "default"
}


--------------------------------------------------------------------------------
