2015-02-13T07:32:42+00:00 ERR (3) 404 Seite nicht gefunden
REMOTE_ADDR: 222.114.148.54
HTTP_REFERER: http://graphicore.de/forum/index.php
requested: array(3) {
  ["controller"] => string(5) "forum"
  ["action"] => string(9) "index.php"
  ["module"] => string(7) "default"
}


--------------------------------------------------------------------------------
2015-02-13T07:32:46+00:00 ERR (3) 404 Seite nicht gefunden
REMOTE_ADDR: 79.140.164.81
HTTP_REFERER: http://graphicore.de/forum/index.php
requested: array(3) {
  ["controller"] => string(5) "forum"
  ["action"] => string(9) "index.php"
  ["module"] => string(7) "default"
}


--------------------------------------------------------------------------------
2015-02-13T07:32:47+00:00 ERR (3) 404 Seite nicht gefunden
REMOTE_ADDR: 151.236.52.138
HTTP_REFERER: http://graphicore.de/forum/index.php
requested: array(3) {
  ["controller"] => string(5) "forum"
  ["action"] => string(9) "index.php"
  ["module"] => string(7) "default"
}


--------------------------------------------------------------------------------
2015-02-13T07:32:47+00:00 ERR (3) 404 Seite nicht gefunden
REMOTE_ADDR: 144.76.33.3
HTTP_REFERER: http://graphicore.de/forum/index.php
requested: array(3) {
  ["controller"] => string(5) "forum"
  ["action"] => string(9) "index.php"
  ["module"] => string(7) "default"
}


--------------------------------------------------------------------------------
2015-02-13T07:32:47+00:00 ERR (3) 404 Seite nicht gefunden
REMOTE_ADDR: 37.187.149.181
HTTP_REFERER: http://graphicore.de/forum/index.php
requested: array(3) {
  ["controller"] => string(5) "forum"
  ["action"] => string(9) "index.php"
  ["module"] => string(7) "default"
}


--------------------------------------------------------------------------------
2015-02-13T07:32:48+00:00 ERR (3) 404 Seite nicht gefunden
REMOTE_ADDR: 188.120.230.42
HTTP_REFERER: http://graphicore.de/forum/index.php
requested: array(3) {
  ["controller"] => string(5) "forum"
  ["action"] => string(9) "index.php"
  ["module"] => string(7) "default"
}


--------------------------------------------------------------------------------
2015-02-13T07:32:58+00:00 ERR (3) 404 Seite nicht gefunden
REMOTE_ADDR: 162.144.92.69
HTTP_REFERER: http://graphicore.de/forum/index.php
requested: array(3) {
  ["controller"] => string(5) "forum"
  ["action"] => string(9) "index.php"
  ["module"] => string(7) "default"
}


--------------------------------------------------------------------------------
2015-02-13T07:32:58+00:00 ERR (3) 404 Seite nicht gefunden
REMOTE_ADDR: 178.62.168.234
HTTP_REFERER: http://graphicore.de/forum/index.php
requested: array(3) {
  ["controller"] => string(5) "forum"
  ["action"] => string(9) "index.php"
  ["module"] => string(7) "default"
}


--------------------------------------------------------------------------------
2015-02-13T07:32:59+00:00 ERR (3) 404 Seite nicht gefunden
REMOTE_ADDR: 178.62.168.234
HTTP_REFERER: http://graphicore.de/forum/index.php
requested: array(3) {
  ["controller"] => string(5) "forum"
  ["action"] => string(9) "index.php"
  ["module"] => string(7) "default"
}


--------------------------------------------------------------------------------
2015-02-13T07:33:03+00:00 ERR (3) 404 Seite nicht gefunden
REMOTE_ADDR: 192.163.220.72
HTTP_REFERER: http://graphicore.de/forum/index.php
requested: array(3) {
  ["controller"] => string(5) "forum"
  ["action"] => string(9) "index.php"
  ["module"] => string(7) "default"
}


--------------------------------------------------------------------------------
2015-02-13T07:33:04+00:00 ERR (3) 404 Seite nicht gefunden
REMOTE_ADDR: 151.236.52.138
HTTP_REFERER: http://graphicore.de/forum/index.php
requested: array(3) {
  ["controller"] => string(5) "forum"
  ["action"] => string(9) "index.php"
  ["module"] => string(7) "default"
}


--------------------------------------------------------------------------------
2015-02-13T07:33:04+00:00 ERR (3) 404 Seite nicht gefunden
REMOTE_ADDR: 178.62.168.234
HTTP_REFERER: http://graphicore.de/forum/index.php
requested: array(3) {
  ["controller"] => string(5) "forum"
  ["action"] => string(9) "index.php"
  ["module"] => string(7) "default"
}


--------------------------------------------------------------------------------
2015-02-13T07:33:05+00:00 ERR (3) 404 Seite nicht gefunden
REMOTE_ADDR: 200.93.224.140
HTTP_REFERER: http://graphicore.de/forum/index.php
requested: array(3) {
  ["controller"] => string(5) "forum"
  ["action"] => string(9) "index.php"
  ["module"] => string(7) "default"
}


--------------------------------------------------------------------------------
2015-02-13T07:33:19+00:00 ERR (3) 404 Seite nicht gefunden
REMOTE_ADDR: 192.163.220.72
HTTP_REFERER: http://graphicore.de/forum/index.php
requested: array(3) {
  ["controller"] => string(5) "forum"
  ["action"] => string(9) "index.php"
  ["module"] => string(7) "default"
}


--------------------------------------------------------------------------------
2015-02-13T07:33:20+00:00 ERR (3) 404 Seite nicht gefunden
REMOTE_ADDR: 162.144.96.116
HTTP_REFERER: http://graphicore.de/forum/index.php
requested: array(3) {
  ["controller"] => string(5) "forum"
  ["action"] => string(9) "index.php"
  ["module"] => string(7) "default"
}


--------------------------------------------------------------------------------
2015-02-13T07:33:27+00:00 ERR (3) 404 Seite nicht gefunden
REMOTE_ADDR: 182.18.145.53
HTTP_REFERER: http://graphicore.de/forum/index.php
requested: array(3) {
  ["controller"] => string(5) "forum"
  ["action"] => string(9) "index.php"
  ["module"] => string(7) "default"
}


--------------------------------------------------------------------------------
2015-02-13T07:33:27+00:00 ERR (3) 404 Seite nicht gefunden
REMOTE_ADDR: 5.135.180.220
HTTP_REFERER: http://graphicore.de/forum/index.php
requested: array(3) {
  ["controller"] => string(5) "forum"
  ["action"] => string(9) "index.php"
  ["module"] => string(7) "default"
}


--------------------------------------------------------------------------------
2015-02-13T07:33:28+00:00 ERR (3) 404 Seite nicht gefunden
REMOTE_ADDR: 164.138.26.249
HTTP_REFERER: http://graphicore.de/forum/index.php
requested: array(3) {
  ["controller"] => string(5) "forum"
  ["action"] => string(9) "index.php"
  ["module"] => string(7) "default"
}


--------------------------------------------------------------------------------
2015-02-13T07:33:28+00:00 ERR (3) 404 Seite nicht gefunden
REMOTE_ADDR: 178.208.79.32
HTTP_REFERER: http://graphicore.de/forum/index.php
requested: array(3) {
  ["controller"] => string(5) "forum"
  ["action"] => string(9) "index.php"
  ["module"] => string(7) "default"
}


--------------------------------------------------------------------------------
2015-02-13T07:33:31+00:00 ERR (3) 404 Seite nicht gefunden
REMOTE_ADDR: 94.183.247.79
HTTP_REFERER: http://graphicore.de/forum/index.php
requested: array(3) {
  ["controller"] => string(5) "forum"
  ["action"] => string(9) "index.php"
  ["module"] => string(7) "default"
}


--------------------------------------------------------------------------------
2015-02-13T07:45:16+00:00 ERR (3) 404 "hire-lasse" was not found.
REMOTE_ADDR: 66.162.42.131
HTTP_REFERER: 
requested: array(5) {
  ["lang"] => string(2) "en"
  ["action"] => string(4) "page"
  ["key"] => string(10) "hire-lasse"
  ["module"] => string(7) "default"
  ["controller"] => string(5) "index"
}


--------------------------------------------------------------------------------
2015-02-13T09:20:37+00:00 ERR (3) 404 Page not found
REMOTE_ADDR: 89.169.169.184
HTTP_REFERER: http://www.graphicore.de/
requested: array(3) {
  ["controller"] => string(5) "forum"
  ["action"] => string(5) "index"
  ["module"] => string(7) "default"
}


--------------------------------------------------------------------------------
2015-02-13T21:10:39+00:00 ERR (3) 404 "hire-lasse" was not found.
REMOTE_ADDR: 136.243.14.163
HTTP_REFERER: 
requested: array(5) {
  ["lang"] => string(2) "de"
  ["action"] => string(4) "page"
  ["key"] => string(10) "hire-lasse"
  ["module"] => string(7) "default"
  ["controller"] => string(5) "index"
}


--------------------------------------------------------------------------------
2015-02-13T21:32:14+00:00 ERR (3) 404 "hire-lasse" was not found.
REMOTE_ADDR: 5.9.14.184
HTTP_REFERER: 
requested: array(5) {
  ["lang"] => string(2) "de"
  ["action"] => string(4) "page"
  ["key"] => string(10) "hire-lasse"
  ["module"] => string(7) "default"
  ["controller"] => string(5) "index"
}


--------------------------------------------------------------------------------
2015-02-13T21:32:59+00:00 ERR (3) 404 "hire-lasse" was not found.
REMOTE_ADDR: 5.9.14.184
HTTP_REFERER: 
requested: array(5) {
  ["lang"] => string(2) "en"
  ["action"] => string(4) "page"
  ["key"] => string(10) "hire-lasse"
  ["module"] => string(7) "default"
  ["controller"] => string(5) "index"
}


--------------------------------------------------------------------------------
2015-02-13T23:17:39+00:00 ERR (3) 404 "hire-lasse" was not found.
REMOTE_ADDR: 5.9.14.184
HTTP_REFERER: 
requested: array(5) {
  ["lang"] => string(2) "en"
  ["action"] => string(4) "page"
  ["key"] => string(10) "hire-lasse"
  ["module"] => string(7) "default"
  ["controller"] => string(5) "index"
}


--------------------------------------------------------------------------------
2015-02-13T23:18:48+00:00 ERR (3) 404 "hire-lasse" was not found.
REMOTE_ADDR: 5.9.14.184
HTTP_REFERER: 
requested: array(5) {
  ["lang"] => string(2) "de"
  ["action"] => string(4) "page"
  ["key"] => string(10) "hire-lasse"
  ["module"] => string(7) "default"
  ["controller"] => string(5) "index"
}


--------------------------------------------------------------------------------
2015-02-13T23:57:24+00:00 ERR (3) 404 "hire-lasse" was not found.
REMOTE_ADDR: 176.9.148.233
HTTP_REFERER: 
requested: array(5) {
  ["lang"] => string(2) "de"
  ["action"] => string(4) "page"
  ["key"] => string(10) "hire-lasse"
  ["module"] => string(7) "default"
  ["controller"] => string(5) "index"
}


--------------------------------------------------------------------------------
2015-02-13T23:57:41+00:00 ERR (3) 404 "hire-lasse" was not found.
REMOTE_ADDR: 176.9.148.233
HTTP_REFERER: 
requested: array(5) {
  ["lang"] => string(2) "en"
  ["action"] => string(4) "page"
  ["key"] => string(10) "hire-lasse"
  ["module"] => string(7) "default"
  ["controller"] => string(5) "index"
}


--------------------------------------------------------------------------------
