2015-11-10T04:45:02+00:00 ERR (3) 404 Seite nicht gefunden
REMOTE_ADDR: 84.240.9.6
HTTP_REFERER: 
requested: array(3) {
  ["controller"] => string(13) "administrator"
  ["action"] => string(5) "index"
  ["module"] => string(7) "default"
}


--------------------------------------------------------------------------------
2015-11-10T04:45:03+00:00 ERR (3) 404 Seite nicht gefunden
REMOTE_ADDR: 84.240.9.6
HTTP_REFERER: 
requested: array(3) {
  ["controller"] => string(9) "admin.php"
  ["action"] => string(5) "index"
  ["module"] => string(7) "default"
}


--------------------------------------------------------------------------------
2015-11-10T07:50:57+00:00 ERR (3) 404 "hire-lasse" was not found.
REMOTE_ADDR: 180.76.15.139
HTTP_REFERER: 
requested: array(5) {
  ["lang"] => string(2) "en"
  ["action"] => string(4) "page"
  ["key"] => string(10) "hire-lasse"
  ["module"] => string(7) "default"
  ["controller"] => string(5) "index"
}


--------------------------------------------------------------------------------
2015-11-10T13:41:28+00:00 ERR (3) 404 Seite nicht gefunden
REMOTE_ADDR: 178.63.86.11
HTTP_REFERER: 
requested: array(3) {
  ["controller"] => string(5) "diary"
  ["action"] => string(17) "tag:graphicore.de"
  ["module"] => string(7) "default"
}


--------------------------------------------------------------------------------
2015-11-10T22:10:00+00:00 ERR (3) 404 Seite nicht gefunden
REMOTE_ADDR: 207.90.2.15
HTTP_REFERER: 
requested: array(5) {
  ["controller"] => string(6) "https:"
  [""] => string(19) "silber-und-blei.com"
  ["galerie"] => string(5) "embed"
  ["action"] => string(5) "index"
  ["module"] => string(7) "default"
}


--------------------------------------------------------------------------------
2015-11-10T22:23:40+00:00 ERR (3) 404 Seite nicht gefunden
REMOTE_ADDR: 40.124.52.149
HTTP_REFERER: 
requested: array(4) {
  ["controller"] => string(10) "wp-content"
  ["action"] => string(7) "plugins"
  ["showbiz"] => string(2) "js"
  ["module"] => string(7) "default"
}


--------------------------------------------------------------------------------
2015-11-10T23:55:08+00:00 ERR (3) 404 Seite nicht gefunden
REMOTE_ADDR: 149.255.37.187
HTTP_REFERER: 
requested: array(3) {
  ["controller"] => string(7) "bigdump"
  ["action"] => string(11) "bigdump.php"
  ["module"] => string(7) "default"
}


--------------------------------------------------------------------------------
2015-11-10T23:55:08+00:00 ERR (3) 404 Seite nicht gefunden
REMOTE_ADDR: 149.255.37.187
HTTP_REFERER: 
requested: array(3) {
  ["controller"] => string(11) "bigdump.php"
  ["action"] => string(5) "index"
  ["module"] => string(7) "default"
}


--------------------------------------------------------------------------------
2015-11-10T23:55:08+00:00 ERR (3) 404 Seite nicht gefunden
REMOTE_ADDR: 149.255.37.187
HTTP_REFERER: 
requested: array(3) {
  ["controller"] => string(4) "dump"
  ["action"] => string(11) "bigdump.php"
  ["module"] => string(7) "default"
}


--------------------------------------------------------------------------------
2015-11-10T23:55:08+00:00 ERR (3) 404 Seite nicht gefunden
REMOTE_ADDR: 149.255.37.187
HTTP_REFERER: 
requested: array(3) {
  ["controller"] => string(5) "admin"
  ["action"] => string(11) "bigdump.php"
  ["module"] => string(7) "default"
}


--------------------------------------------------------------------------------
2015-11-10T23:55:08+00:00 ERR (3) 404 Seite nicht gefunden
REMOTE_ADDR: 149.255.37.187
HTTP_REFERER: 
requested: array(3) {
  ["controller"] => string(5) "admin"
  ["action"] => string(4) "dump"
  ["module"] => string(7) "default"
}


--------------------------------------------------------------------------------
2015-11-10T23:55:18+00:00 ERR (3) 404 Seite nicht gefunden
REMOTE_ADDR: 149.255.37.187
HTTP_REFERER: 
requested: array(3) {
  ["controller"] => string(6) "backup"
  ["action"] => string(11) "bigdump.php"
  ["module"] => string(7) "default"
}


--------------------------------------------------------------------------------
2015-11-10T23:55:18+00:00 ERR (3) 404 Seite nicht gefunden
REMOTE_ADDR: 149.255.37.187
HTTP_REFERER: 
requested: array(3) {
  ["controller"] => string(6) "backup"
  ["action"] => string(7) "bigdump"
  ["module"] => string(7) "default"
}


--------------------------------------------------------------------------------
2015-11-10T23:55:19+00:00 ERR (3) 404 Seite nicht gefunden
REMOTE_ADDR: 149.255.37.187
HTTP_REFERER: 
requested: array(3) {
  ["controller"] => string(4) "dump"
  ["action"] => string(7) "bigdump"
  ["module"] => string(7) "default"
}


--------------------------------------------------------------------------------
2015-11-10T23:55:19+00:00 ERR (3) 404 Seite nicht gefunden
REMOTE_ADDR: 149.255.37.187
HTTP_REFERER: 
requested: array(3) {
  ["controller"] => string(11) "wp-includes"
  ["action"] => string(2) "js"
  ["module"] => string(7) "default"
}


--------------------------------------------------------------------------------
2015-11-10T23:55:19+00:00 ERR (3) 404 Seite nicht gefunden
REMOTE_ADDR: 149.255.37.187
HTTP_REFERER: 
requested: array(4) {
  ["controller"] => string(5) "media"
  ["action"] => string(6) "system"
  ["js"] => string(10) "caption.js"
  ["module"] => string(7) "default"
}


--------------------------------------------------------------------------------
2015-11-10T23:55:19+00:00 ERR (3) 404 Seite nicht gefunden
REMOTE_ADDR: 149.255.37.187
HTTP_REFERER: 
requested: array(3) {
  ["controller"] => string(4) "misc"
  ["action"] => string(8) "batch.js"
  ["module"] => string(7) "default"
}


--------------------------------------------------------------------------------
2015-11-10T23:55:19+00:00 ERR (3) 404 Seite nicht gefunden
REMOTE_ADDR: 149.255.37.187
HTTP_REFERER: 
requested: array(3) {
  ["controller"] => string(2) "js"
  ["action"] => string(9) "prototype"
  ["module"] => string(7) "default"
}


--------------------------------------------------------------------------------
2015-11-10T23:55:19+00:00 ERR (3) 404 Seite nicht gefunden
REMOTE_ADDR: 149.255.37.187
HTTP_REFERER: 
requested: array(4) {
  ["controller"] => string(3) "etc"
  ["action"] => string(6) "styles"
  ["zpanelx"] => string(10) "global-css"
  ["module"] => string(7) "default"
}


--------------------------------------------------------------------------------
