2013-08-11T11:33:51+00:00 ERR (3) 404 Seite nicht gefunden
REMOTE_ADDR: 91.238.134.198
HTTP_REFERER: http://graphicore.de/forum/
requested: array(3) {
  ["controller"] => string(5) "forum"
  ["action"] => string(5) "index"
  ["module"] => string(7) "default"
}


--------------------------------------------------------------------------------
2013-08-11T17:51:38+00:00 ERR (3) 404 "hire-lasse" was not found.
REMOTE_ADDR: 157.55.33.86
HTTP_REFERER: 
requested: array(5) {
  ["lang"] => string(2) "en"
  ["action"] => string(4) "page"
  ["key"] => string(10) "hire-lasse"
  ["module"] => string(7) "default"
  ["controller"] => string(5) "index"
}


--------------------------------------------------------------------------------
2013-08-11T23:54:46+00:00 ERR (3) 404 Seite nicht gefunden
REMOTE_ADDR: 94.178.112.156
HTTP_REFERER: http://graphicore.de/forum/
requested: array(3) {
  ["controller"] => string(5) "forum"
  ["action"] => string(5) "index"
  ["module"] => string(7) "default"
}


--------------------------------------------------------------------------------
