2015-09-07T02:49:51+00:00 ERR (3) 404 "" was not found.
REMOTE_ADDR: 178.137.92.63
HTTP_REFERER: http://ru.live-sexchat.ru/
requested: array(5) {
  ["lang"] => string(2) "en"
  ["action"] => string(7) "archive"
  ["module"] => string(7) "default"
  ["controller"] => string(5) "index"
  ["key"] => string(0) ""
}


--------------------------------------------------------------------------------
2015-09-07T09:05:13+00:00 ERR (3) 404 Seite nicht gefunden
REMOTE_ADDR: 188.138.41.172
HTTP_REFERER: 
requested: array(3) {
  ["controller"] => string(5) "media"
  ["action"] => string(3) "css"
  ["module"] => string(7) "default"
}


--------------------------------------------------------------------------------
2015-09-07T10:12:20+00:00 ERR (3) 404 Seite nicht gefunden
REMOTE_ADDR: 74.208.69.84
HTTP_REFERER: 
requested: array(4) {
  ["controller"] => string(6) "https:"
  [""] => string(19) "silber-und-blei.com"
  ["action"] => string(5) "index"
  ["module"] => string(7) "default"
}


--------------------------------------------------------------------------------
2015-09-07T10:12:25+00:00 ERR (3) 404 Seite nicht gefunden
REMOTE_ADDR: 74.208.69.84
HTTP_REFERER: 
requested: array(3) {
  ["controller"] => string(2) "js"
  ["action"] => string(1) "'"
  ["module"] => string(7) "default"
}


--------------------------------------------------------------------------------
2015-09-07T10:20:24+00:00 ERR (3) 404 "" was not found.
REMOTE_ADDR: 46.118.126.38
HTTP_REFERER: http://aff.optitrade24.com/click.php?ctag=a787-b13-p
requested: array(5) {
  ["lang"] => string(2) "en"
  ["action"] => string(7) "archive"
  ["module"] => string(7) "default"
  ["controller"] => string(5) "index"
  ["key"] => string(0) ""
}


--------------------------------------------------------------------------------
2015-09-07T10:20:24+00:00 ERR (3) 404 "" was not found.
REMOTE_ADDR: 46.118.126.38
HTTP_REFERER: http://aff.optitrade24.com/click.php?ctag=a787-b13-p
requested: array(5) {
  ["lang"] => string(2) "en"
  ["action"] => string(7) "archive"
  ["module"] => string(7) "default"
  ["controller"] => string(5) "index"
  ["key"] => string(0) ""
}


--------------------------------------------------------------------------------
2015-09-07T10:20:25+00:00 ERR (3) 404 "" was not found.
REMOTE_ADDR: 46.118.126.38
HTTP_REFERER: http://aff.optitrade24.com/click.php?ctag=a787-b13-p
requested: array(5) {
  ["lang"] => string(2) "en"
  ["action"] => string(7) "archive"
  ["module"] => string(7) "default"
  ["controller"] => string(5) "index"
  ["key"] => string(0) ""
}


--------------------------------------------------------------------------------
2015-09-07T11:37:34+00:00 ERR (3) 404 "" was not found.
REMOTE_ADDR: 46.118.118.173
HTTP_REFERER: http://school-diplomat.ru/
requested: array(5) {
  ["lang"] => string(2) "en"
  ["action"] => string(7) "archive"
  ["module"] => string(7) "default"
  ["controller"] => string(5) "index"
  ["key"] => string(0) ""
}


--------------------------------------------------------------------------------
2015-09-07T11:37:34+00:00 ERR (3) 404 "" was not found.
REMOTE_ADDR: 46.118.118.173
HTTP_REFERER: http://school-diplomat.ru/
requested: array(5) {
  ["lang"] => string(2) "en"
  ["action"] => string(7) "archive"
  ["module"] => string(7) "default"
  ["controller"] => string(5) "index"
  ["key"] => string(0) ""
}


--------------------------------------------------------------------------------
2015-09-07T11:37:35+00:00 ERR (3) 404 "" was not found.
REMOTE_ADDR: 46.118.118.173
HTTP_REFERER: http://school-diplomat.ru/
requested: array(5) {
  ["lang"] => string(2) "en"
  ["action"] => string(7) "archive"
  ["module"] => string(7) "default"
  ["controller"] => string(5) "index"
  ["key"] => string(0) ""
}


--------------------------------------------------------------------------------
2015-09-07T12:06:28+00:00 ERR (3) 404 Seite nicht gefunden
REMOTE_ADDR: 85.214.116.128
HTTP_REFERER: 
requested: array(3) {
  ["controller"] => string(8) "wp-admin"
  ["action"] => string(5) "index"
  ["module"] => string(7) "default"
}


--------------------------------------------------------------------------------
2015-09-07T12:14:51+00:00 ERR (3) 404 Seite nicht gefunden
REMOTE_ADDR: 88.208.252.221
HTTP_REFERER: 
requested: array(3) {
  ["controller"] => string(4) "test"
  ["action"] => string(8) "wp-admin"
  ["module"] => string(7) "default"
}


--------------------------------------------------------------------------------
2015-09-07T12:23:06+00:00 ERR (3) 404 Seite nicht gefunden
REMOTE_ADDR: 64.71.32.32
HTTP_REFERER: 
requested: array(3) {
  ["controller"] => string(9) "wordpress"
  ["action"] => string(8) "wp-admin"
  ["module"] => string(7) "default"
}


--------------------------------------------------------------------------------
2015-09-07T12:31:23+00:00 ERR (3) 404 Seite nicht gefunden
REMOTE_ADDR: 64.71.32.32
HTTP_REFERER: 
requested: array(3) {
  ["controller"] => string(4) "blog"
  ["action"] => string(8) "wp-admin"
  ["module"] => string(7) "default"
}


--------------------------------------------------------------------------------
2015-09-07T12:39:27+00:00 ERR (3) 404 Seite nicht gefunden
REMOTE_ADDR: 143.177.115.255
HTTP_REFERER: 
requested: array(3) {
  ["controller"] => string(2) "wp"
  ["action"] => string(8) "wp-admin"
  ["module"] => string(7) "default"
}


--------------------------------------------------------------------------------
2015-09-07T12:47:31+00:00 ERR (3) 404 Seite nicht gefunden
REMOTE_ADDR: 98.139.204.33
HTTP_REFERER: 
requested: array(3) {
  ["controller"] => string(3) "old"
  ["action"] => string(8) "wp-admin"
  ["module"] => string(7) "default"
}


--------------------------------------------------------------------------------
2015-09-07T14:15:57+00:00 ERR (3) 404 Seite nicht gefunden
REMOTE_ADDR: 193.93.174.176
HTTP_REFERER: 
requested: array(3) {
  ["controller"] => string(8) "wp-admin"
  ["action"] => string(5) "index"
  ["module"] => string(7) "default"
}


--------------------------------------------------------------------------------
2015-09-07T14:24:44+00:00 ERR (3) 404 Seite nicht gefunden
REMOTE_ADDR: 93.95.225.138
HTTP_REFERER: 
requested: array(3) {
  ["controller"] => string(4) "test"
  ["action"] => string(8) "wp-admin"
  ["module"] => string(7) "default"
}


--------------------------------------------------------------------------------
2015-09-07T14:31:51+00:00 ERR (3) 404 Seite nicht gefunden
REMOTE_ADDR: 213.185.86.107
HTTP_REFERER: 
requested: array(3) {
  ["controller"] => string(9) "wordpress"
  ["action"] => string(8) "wp-admin"
  ["module"] => string(7) "default"
}


--------------------------------------------------------------------------------
2015-09-07T14:39:25+00:00 ERR (3) 404 Seite nicht gefunden
REMOTE_ADDR: 31.24.33.250
HTTP_REFERER: 
requested: array(3) {
  ["controller"] => string(4) "blog"
  ["action"] => string(8) "wp-admin"
  ["module"] => string(7) "default"
}


--------------------------------------------------------------------------------
2015-09-07T14:55:23+00:00 ERR (3) 404 Seite nicht gefunden
REMOTE_ADDR: 191.252.47.161
HTTP_REFERER: 
requested: array(3) {
  ["controller"] => string(3) "old"
  ["action"] => string(8) "wp-admin"
  ["module"] => string(7) "default"
}


--------------------------------------------------------------------------------
2015-09-07T17:17:47+00:00 ERR (3) 404 Seite nicht gefunden
REMOTE_ADDR: 121.121.39.90
HTTP_REFERER: 
requested: array(4) {
  ["controller"] => string(6) "https:"
  [""] => string(19) "silber-und-blei.com"
  ["action"] => string(5) "index"
  ["module"] => string(7) "default"
}


--------------------------------------------------------------------------------
2015-09-07T17:17:49+00:00 ERR (3) 404 Seite nicht gefunden
REMOTE_ADDR: 121.121.39.90
HTTP_REFERER: 
requested: array(3) {
  ["controller"] => string(2) "js"
  ["action"] => string(1) "'"
  ["module"] => string(7) "default"
}


--------------------------------------------------------------------------------
2015-09-07T23:14:17+00:00 ERR (3) 404 "" was not found.
REMOTE_ADDR: 46.118.118.173
HTTP_REFERER: http://virtuallawer.com/
requested: array(5) {
  ["lang"] => string(2) "en"
  ["action"] => string(7) "archive"
  ["module"] => string(7) "default"
  ["controller"] => string(5) "index"
  ["key"] => string(0) ""
}


--------------------------------------------------------------------------------
2015-09-07T23:14:17+00:00 ERR (3) 404 "" was not found.
REMOTE_ADDR: 46.118.118.173
HTTP_REFERER: http://virtuallawer.com/
requested: array(5) {
  ["lang"] => string(2) "en"
  ["action"] => string(7) "archive"
  ["module"] => string(7) "default"
  ["controller"] => string(5) "index"
  ["key"] => string(0) ""
}


--------------------------------------------------------------------------------
2015-09-07T23:14:18+00:00 ERR (3) 404 "" was not found.
REMOTE_ADDR: 46.118.118.173
HTTP_REFERER: http://virtuallawer.com/
requested: array(5) {
  ["lang"] => string(2) "en"
  ["action"] => string(7) "archive"
  ["module"] => string(7) "default"
  ["controller"] => string(5) "index"
  ["key"] => string(0) ""
}


--------------------------------------------------------------------------------
