2019-12-24T09:08:02+00:00 ERR (3) 404 Seite nicht gefunden
REMOTE_ADDR: 60.43.155.95
HTTP_REFERER: 
requested: array(3) {
  ["controller"] => string(10) "phpmyadmin"
  ["action"] => string(7) "scripts"
  ["module"] => string(7) "default"
}


--------------------------------------------------------------------------------
2019-12-24T09:08:02+00:00 ERR (3) 404 Seite nicht gefunden
REMOTE_ADDR: 60.43.155.95
HTTP_REFERER: 
requested: array(3) {
  ["controller"] => string(10) "phpMyAdmin"
  ["action"] => string(7) "scripts"
  ["module"] => string(7) "default"
}


--------------------------------------------------------------------------------
2019-12-24T09:08:03+00:00 ERR (3) 404 Seite nicht gefunden
REMOTE_ADDR: 60.43.155.95
HTTP_REFERER: 
requested: array(3) {
  ["controller"] => string(3) "PMA"
  ["action"] => string(7) "scripts"
  ["module"] => string(7) "default"
}


--------------------------------------------------------------------------------
2019-12-24T09:08:03+00:00 ERR (3) 404 Seite nicht gefunden
REMOTE_ADDR: 60.43.155.95
HTTP_REFERER: 
requested: array(3) {
  ["controller"] => string(3) "pma"
  ["action"] => string(7) "scripts"
  ["module"] => string(7) "default"
}


--------------------------------------------------------------------------------
2019-12-24T09:08:03+00:00 ERR (3) 404 Seite nicht gefunden
REMOTE_ADDR: 60.43.155.95
HTTP_REFERER: 
requested: array(3) {
  ["controller"] => string(3) "sql"
  ["action"] => string(7) "scripts"
  ["module"] => string(7) "default"
}


--------------------------------------------------------------------------------
2019-12-24T09:08:04+00:00 ERR (3) 404 Seite nicht gefunden
REMOTE_ADDR: 60.43.155.95
HTTP_REFERER: 
requested: array(3) {
  ["controller"] => string(5) "admin"
  ["action"] => string(7) "scripts"
  ["module"] => string(7) "default"
}


--------------------------------------------------------------------------------
2019-12-24T09:08:04+00:00 ERR (3) 404 Seite nicht gefunden
REMOTE_ADDR: 60.43.155.95
HTTP_REFERER: 
requested: array(3) {
  ["controller"] => string(7) "dbadmin"
  ["action"] => string(7) "scripts"
  ["module"] => string(7) "default"
}


--------------------------------------------------------------------------------
2019-12-24T09:08:04+00:00 ERR (3) 404 Seite nicht gefunden
REMOTE_ADDR: 60.43.155.95
HTTP_REFERER: 
requested: array(3) {
  ["controller"] => string(5) "mysql"
  ["action"] => string(7) "scripts"
  ["module"] => string(7) "default"
}


--------------------------------------------------------------------------------
2019-12-24T09:08:05+00:00 ERR (3) 404 Seite nicht gefunden
REMOTE_ADDR: 60.43.155.95
HTTP_REFERER: 
requested: array(3) {
  ["controller"] => string(7) "myadmin"
  ["action"] => string(7) "scripts"
  ["module"] => string(7) "default"
}


--------------------------------------------------------------------------------
2019-12-24T10:53:36+00:00 ERR (3) 404 Seite nicht gefunden
REMOTE_ADDR: 46.229.168.135
HTTP_REFERER: 
requested: array(3) {
  ["controller"] => string(11) "sitemap.xml"
  ["action"] => string(5) "index"
  ["module"] => string(7) "default"
}


--------------------------------------------------------------------------------
2019-12-24T16:53:44+00:00 ERR (3) 404 "competences" was not found.
REMOTE_ADDR: 3.95.37.22
HTTP_REFERER: 
requested: array(5) {
  ["lang"] => string(2) "en"
  ["action"] => string(4) "page"
  ["key"] => string(11) "competences"
  ["module"] => string(7) "default"
  ["controller"] => string(5) "index"
}


--------------------------------------------------------------------------------
2019-12-24T17:07:21+00:00 ERR (3) 404 Page not found
REMOTE_ADDR: 8.208.20.89
HTTP_REFERER: 
requested: array(5) {
  ["controller"] => string(10) "wp-content"
  ["action"] => string(7) "plugins"
  ["jekyll-exporter"] => string(6) "vendor"
  ["phpunit"] => string(7) "phpunit"
  ["module"] => string(7) "default"
}


--------------------------------------------------------------------------------
2019-12-24T18:39:56+00:00 ERR (3) 404 "competences" was not found.
REMOTE_ADDR: 46.229.168.145
HTTP_REFERER: 
requested: array(5) {
  ["lang"] => string(2) "en"
  ["action"] => string(4) "page"
  ["key"] => string(11) "competences"
  ["module"] => string(7) "default"
  ["controller"] => string(5) "index"
}


--------------------------------------------------------------------------------
2019-12-24T18:59:02+00:00 ERR (3) 404 Seite nicht gefunden
REMOTE_ADDR: 104.238.125.133
HTTP_REFERER: 
requested: array(3) {
  ["controller"] => string(12) "wp-login.php"
  ["action"] => string(5) "index"
  ["module"] => string(7) "default"
}


--------------------------------------------------------------------------------
2019-12-24T19:07:36+00:00 ERR (3) 404 Page not found
REMOTE_ADDR: 8.208.20.89
HTTP_REFERER: 
requested: array(5) {
  ["controller"] => string(10) "wp-content"
  ["action"] => string(7) "plugins"
  ["jekyll-exporter"] => string(6) "vendor"
  ["phpunit"] => string(7) "phpunit"
  ["module"] => string(7) "default"
}


--------------------------------------------------------------------------------
