2019-10-22T01:50:38+00:00 ERR (3) 404 "hire-lasse" was not found.
REMOTE_ADDR: 78.46.90.120
HTTP_REFERER: 
requested: array(5) {
  ["lang"] => string(2) "de"
  ["action"] => string(4) "page"
  ["key"] => string(10) "hire-lasse"
  ["module"] => string(7) "default"
  ["controller"] => string(5) "index"
}


--------------------------------------------------------------------------------
2019-10-22T01:50:44+00:00 ERR (3) 404 "hire-lasse" was not found.
REMOTE_ADDR: 78.46.90.120
HTTP_REFERER: 
requested: array(5) {
  ["lang"] => string(2) "de"
  ["action"] => string(4) "page"
  ["key"] => string(10) "hire-lasse"
  ["module"] => string(7) "default"
  ["controller"] => string(5) "index"
}


--------------------------------------------------------------------------------
2019-10-22T03:43:44+00:00 ERR (3) 404 "competences" was not found.
REMOTE_ADDR: 85.25.177.187
HTTP_REFERER: 
requested: array(5) {
  ["lang"] => string(2) "de"
  ["action"] => string(4) "page"
  ["key"] => string(11) "competences"
  ["module"] => string(7) "default"
  ["controller"] => string(5) "index"
}


--------------------------------------------------------------------------------
2019-10-22T03:45:10+00:00 ERR (3) 404 "competences" was not found.
REMOTE_ADDR: 85.25.177.187
HTTP_REFERER: 
requested: array(5) {
  ["lang"] => string(2) "de"
  ["action"] => string(4) "page"
  ["key"] => string(11) "competences"
  ["module"] => string(7) "default"
  ["controller"] => string(5) "index"
}


--------------------------------------------------------------------------------
2019-10-22T07:30:44+00:00 ERR (3) 404 "competences" was not found.
REMOTE_ADDR: 85.25.177.187
HTTP_REFERER: 
requested: array(5) {
  ["lang"] => string(2) "en"
  ["action"] => string(4) "page"
  ["key"] => string(11) "competences"
  ["module"] => string(7) "default"
  ["controller"] => string(5) "index"
}


--------------------------------------------------------------------------------
2019-10-22T08:30:38+00:00 ERR (3) 404 "competences" was not found.
REMOTE_ADDR: 114.223.172.183
HTTP_REFERER: 
requested: array(5) {
  ["lang"] => string(2) "en"
  ["action"] => string(4) "page"
  ["key"] => string(11) "competences"
  ["module"] => string(7) "default"
  ["controller"] => string(5) "index"
}


--------------------------------------------------------------------------------
2019-10-22T13:02:33+00:00 ERR (3) 404 "hire-lasse" was not found.
REMOTE_ADDR: 66.249.69.126
HTTP_REFERER: 
requested: array(5) {
  ["lang"] => string(2) "en"
  ["action"] => string(4) "page"
  ["key"] => string(10) "hire-lasse"
  ["module"] => string(7) "default"
  ["controller"] => string(5) "index"
}


--------------------------------------------------------------------------------
2019-10-22T14:52:33+00:00 ERR (3) 404 "competences" was not found.
REMOTE_ADDR: 77.240.183.227
HTTP_REFERER: 
requested: array(5) {
  ["lang"] => string(2) "en"
  ["action"] => string(4) "page"
  ["key"] => string(11) "competences"
  ["module"] => string(7) "default"
  ["controller"] => string(5) "index"
}


--------------------------------------------------------------------------------
2019-10-22T20:30:28+00:00 ERR (3) 404 Seite nicht gefunden
REMOTE_ADDR: 80.84.57.112
HTTP_REFERER: 
requested: array(3) {
  ["controller"] => string(5) "store"
  ["action"] => string(5) "index"
  ["module"] => string(7) "default"
}


--------------------------------------------------------------------------------
2019-10-22T20:30:36+00:00 ERR (3) 404 Seite nicht gefunden
REMOTE_ADDR: 80.84.57.104
HTTP_REFERER: 
requested: array(3) {
  ["controller"] => string(4) "shop"
  ["action"] => string(5) "index"
  ["module"] => string(7) "default"
}


--------------------------------------------------------------------------------
2019-10-22T20:30:43+00:00 ERR (3) 404 Seite nicht gefunden
REMOTE_ADDR: 80.84.57.115
HTTP_REFERER: 
requested: array(3) {
  ["controller"] => string(7) "catalog"
  ["action"] => string(5) "index"
  ["module"] => string(7) "default"
}


--------------------------------------------------------------------------------
2019-10-22T20:30:50+00:00 ERR (3) 404 Seite nicht gefunden
REMOTE_ADDR: 80.84.57.109
HTTP_REFERER: 
requested: array(3) {
  ["controller"] => string(4) "cart"
  ["action"] => string(5) "index"
  ["module"] => string(7) "default"
}


--------------------------------------------------------------------------------
2019-10-22T20:30:58+00:00 ERR (3) 404 Seite nicht gefunden
REMOTE_ADDR: 80.84.57.100
HTTP_REFERER: 
requested: array(3) {
  ["controller"] => string(5) "store"
  ["action"] => string(5) "index"
  ["module"] => string(7) "default"
}


--------------------------------------------------------------------------------
2019-10-22T20:31:06+00:00 ERR (3) 404 Seite nicht gefunden
REMOTE_ADDR: 80.84.57.115
HTTP_REFERER: 
requested: array(3) {
  ["controller"] => string(4) "shop"
  ["action"] => string(5) "index"
  ["module"] => string(7) "default"
}


--------------------------------------------------------------------------------
2019-10-22T20:31:13+00:00 ERR (3) 404 Seite nicht gefunden
REMOTE_ADDR: 80.84.57.105
HTTP_REFERER: 
requested: array(3) {
  ["controller"] => string(7) "catalog"
  ["action"] => string(5) "index"
  ["module"] => string(7) "default"
}


--------------------------------------------------------------------------------
2019-10-22T20:31:21+00:00 ERR (3) 404 Seite nicht gefunden
REMOTE_ADDR: 80.84.57.113
HTTP_REFERER: 
requested: array(3) {
  ["controller"] => string(4) "cart"
  ["action"] => string(5) "index"
  ["module"] => string(7) "default"
}


--------------------------------------------------------------------------------
2019-10-22T20:32:26+00:00 ERR (3) 404 Seite nicht gefunden
REMOTE_ADDR: 80.84.57.112
HTTP_REFERER: 
requested: array(3) {
  ["controller"] => string(5) "store"
  ["action"] => string(5) "index"
  ["module"] => string(7) "default"
}


--------------------------------------------------------------------------------
2019-10-22T20:32:34+00:00 ERR (3) 404 Seite nicht gefunden
REMOTE_ADDR: 80.84.57.102
HTTP_REFERER: 
requested: array(3) {
  ["controller"] => string(4) "shop"
  ["action"] => string(5) "index"
  ["module"] => string(7) "default"
}


--------------------------------------------------------------------------------
2019-10-22T20:32:51+00:00 ERR (3) 404 Seite nicht gefunden
REMOTE_ADDR: 80.84.57.95
HTTP_REFERER: 
requested: array(3) {
  ["controller"] => string(7) "catalog"
  ["action"] => string(5) "index"
  ["module"] => string(7) "default"
}


--------------------------------------------------------------------------------
2019-10-22T20:32:58+00:00 ERR (3) 404 Seite nicht gefunden
REMOTE_ADDR: 80.84.57.92
HTTP_REFERER: 
requested: array(3) {
  ["controller"] => string(4) "cart"
  ["action"] => string(5) "index"
  ["module"] => string(7) "default"
}


--------------------------------------------------------------------------------
2019-10-22T20:33:16+00:00 ERR (3) 404 Seite nicht gefunden
REMOTE_ADDR: 80.84.57.96
HTTP_REFERER: 
requested: array(3) {
  ["controller"] => string(5) "store"
  ["action"] => string(5) "index"
  ["module"] => string(7) "default"
}


--------------------------------------------------------------------------------
2019-10-22T20:33:33+00:00 ERR (3) 404 Seite nicht gefunden
REMOTE_ADDR: 80.84.57.101
HTTP_REFERER: 
requested: array(3) {
  ["controller"] => string(4) "shop"
  ["action"] => string(5) "index"
  ["module"] => string(7) "default"
}


--------------------------------------------------------------------------------
2019-10-22T20:33:41+00:00 ERR (3) 404 Seite nicht gefunden
REMOTE_ADDR: 80.84.57.100
HTTP_REFERER: 
requested: array(3) {
  ["controller"] => string(7) "catalog"
  ["action"] => string(5) "index"
  ["module"] => string(7) "default"
}


--------------------------------------------------------------------------------
2019-10-22T20:33:48+00:00 ERR (3) 404 Seite nicht gefunden
REMOTE_ADDR: 80.84.57.117
HTTP_REFERER: 
requested: array(3) {
  ["controller"] => string(4) "cart"
  ["action"] => string(5) "index"
  ["module"] => string(7) "default"
}


--------------------------------------------------------------------------------
