2016-04-28T01:35:55+00:00 ERR (3) 404 "hire-lasse" was not found.
REMOTE_ADDR: 157.55.39.194
HTTP_REFERER: 
requested: array(5) {
  ["lang"] => string(2) "de"
  ["action"] => string(4) "page"
  ["key"] => string(10) "hire-lasse"
  ["module"] => string(7) "default"
  ["controller"] => string(5) "index"
}


--------------------------------------------------------------------------------
2016-04-28T06:55:49+00:00 ERR (3) 404 Seite nicht gefunden
REMOTE_ADDR: 5.9.85.4
HTTP_REFERER: 
requested: array(8) {
  ["controller"] => string(5) "forum"
  ["action"] => string(13) "viewtopic.php"
  ["module"] => string(7) "default"
  ["t"] => string(2) "13"
  ["start"] => string(1) "0"
  ["postdays"] => string(1) "0"
  ["postorder"] => string(3) "asc"
  ["highlight"] => string(0) ""
}


--------------------------------------------------------------------------------
2016-04-28T07:15:28+00:00 ERR (3) 404 "hire-lasse" was not found.
REMOTE_ADDR: 68.180.230.155
HTTP_REFERER: 
requested: array(5) {
  ["lang"] => string(2) "en"
  ["action"] => string(4) "page"
  ["key"] => string(10) "hire-lasse"
  ["module"] => string(7) "default"
  ["controller"] => string(5) "index"
}


--------------------------------------------------------------------------------
2016-04-28T08:32:02+00:00 ERR (3) 404 Seite nicht gefunden
REMOTE_ADDR: 46.119.127.129
HTTP_REFERER: 
requested: array(3) {
  ["controller"] => string(4) "blog"
  ["action"] => string(10) "robots.txt"
  ["module"] => string(7) "default"
}


--------------------------------------------------------------------------------
2016-04-28T08:32:03+00:00 ERR (3) 404 Seite nicht gefunden
REMOTE_ADDR: 46.119.127.129
HTTP_REFERER: 
requested: array(3) {
  ["controller"] => string(4) "blog"
  ["action"] => string(5) "index"
  ["module"] => string(7) "default"
}


--------------------------------------------------------------------------------
2016-04-28T08:32:03+00:00 ERR (3) 404 Seite nicht gefunden
REMOTE_ADDR: 46.119.127.129
HTTP_REFERER: 
requested: array(3) {
  ["controller"] => string(9) "wordpress"
  ["action"] => string(5) "index"
  ["module"] => string(7) "default"
}


--------------------------------------------------------------------------------
2016-04-28T08:32:03+00:00 ERR (3) 404 Seite nicht gefunden
REMOTE_ADDR: 46.119.127.129
HTTP_REFERER: 
requested: array(3) {
  ["controller"] => string(2) "wp"
  ["action"] => string(5) "index"
  ["module"] => string(7) "default"
}


--------------------------------------------------------------------------------
2016-04-28T11:17:41+00:00 ERR (3) 404 "hire-lasse" was not found.
REMOTE_ADDR: 195.62.29.67
HTTP_REFERER: 
requested: array(5) {
  ["lang"] => string(2) "de"
  ["action"] => string(4) "page"
  ["key"] => string(10) "hire-lasse"
  ["module"] => string(7) "default"
  ["controller"] => string(5) "index"
}


--------------------------------------------------------------------------------
2016-04-28T11:22:45+00:00 ERR (3) 404 "competences'A=0" was not found.
REMOTE_ADDR: 46.45.138.140
HTTP_REFERER: http://graphicore.de/de/page/competences'A=0
requested: array(5) {
  ["lang"] => string(2) "de"
  ["action"] => string(4) "page"
  ["key"] => string(15) "competences'A=0"
  ["module"] => string(7) "default"
  ["controller"] => string(5) "index"
}


--------------------------------------------------------------------------------
2016-04-28T11:51:25+00:00 ERR (3) 404 Seite nicht gefunden
REMOTE_ADDR: 185.92.73.125
HTTP_REFERER: http://graphicore.de/database.sql
requested: array(3) {
  ["controller"] => string(12) "database.sql"
  ["action"] => string(5) "index"
  ["module"] => string(7) "default"
}


--------------------------------------------------------------------------------
2016-04-28T13:11:53+00:00 ERR (3) 404 Seite nicht gefunden
REMOTE_ADDR: 77.0.88.12
HTTP_REFERER: 
requested: array(3) {
  ["controller"] => string(14) "impressum.html"
  ["action"] => string(5) "index"
  ["module"] => string(7) "default"
}


--------------------------------------------------------------------------------
2016-04-28T13:11:54+00:00 ERR (3) 404 Seite nicht gefunden
REMOTE_ADDR: 77.0.88.12
HTTP_REFERER: 
requested: array(3) {
  ["controller"] => string(9) "impressum"
  ["action"] => string(5) "index"
  ["module"] => string(7) "default"
}


--------------------------------------------------------------------------------
2016-04-28T13:11:54+00:00 ERR (3) 404 Seite nicht gefunden
REMOTE_ADDR: 77.0.88.12
HTTP_REFERER: 
requested: array(3) {
  ["controller"] => string(13) "impressum.php"
  ["action"] => string(5) "index"
  ["module"] => string(7) "default"
}


--------------------------------------------------------------------------------
2016-04-28T13:11:54+00:00 ERR (3) 404 Seite nicht gefunden
REMOTE_ADDR: 77.0.88.12
HTTP_REFERER: 
requested: array(3) {
  ["controller"] => string(13) "impressum.htm"
  ["action"] => string(5) "index"
  ["module"] => string(7) "default"
}


--------------------------------------------------------------------------------
2016-04-28T13:23:01+00:00 ERR (3) 404 Seite nicht gefunden
REMOTE_ADDR: 193.111.140.153
HTTP_REFERER: 
requested: array(3) {
  ["controller"] => string(5) "diary"
  ["action"] => string(4) "atom"
  ["module"] => string(7) "default"
}


--------------------------------------------------------------------------------
2016-04-28T19:30:03+00:00 ERR (3) 404 Seite nicht gefunden
REMOTE_ADDR: 198.252.44.13
HTTP_REFERER: 
requested: array(5) {
  ["controller"] => string(6) "https:"
  [""] => string(19) "silber-und-blei.com"
  ["galerie"] => string(5) "embed"
  ["action"] => string(5) "index"
  ["module"] => string(7) "default"
}


--------------------------------------------------------------------------------
