2016-05-17T00:27:21+00:00 ERR (3) 404 "topic" was not found.
REMOTE_ADDR: 95.30.32.117
HTTP_REFERER: 
requested: array(6) {
  ["lang"] => string(2) "en"
  ["action"] => string(5) "index"
  ["key"] => string(5) "topic"
  ["intern"] => string(8) "projekte"
  ["module"] => string(7) "default"
  ["controller"] => string(5) "index"
}


--------------------------------------------------------------------------------
2016-05-17T00:27:21+00:00 ERR (3) 404 "topic" was not found.
REMOTE_ADDR: 95.30.32.117
HTTP_REFERER: 
requested: array(6) {
  ["lang"] => string(2) "en"
  ["action"] => string(5) "index"
  ["key"] => string(5) "topic"
  ["intern"] => string(8) "projekte"
  ["module"] => string(7) "default"
  ["controller"] => string(5) "index"
}


--------------------------------------------------------------------------------
2016-05-17T00:27:21+00:00 ERR (3) 404 Seite nicht gefunden
REMOTE_ADDR: 95.30.32.117
HTTP_REFERER: 
requested: array(3) {
  ["controller"] => string(5) "forum"
  ["action"] => string(5) "index"
  ["module"] => string(7) "default"
}


--------------------------------------------------------------------------------
2016-05-17T00:27:21+00:00 ERR (3) 404 Seite nicht gefunden
REMOTE_ADDR: 95.30.32.117
HTTP_REFERER: 
requested: array(3) {
  ["controller"] => string(5) "forum"
  ["action"] => string(5) "index"
  ["module"] => string(7) "default"
}


--------------------------------------------------------------------------------
2016-05-17T00:27:22+00:00 ERR (3) 404 Seite nicht gefunden
REMOTE_ADDR: 95.30.32.117
HTTP_REFERER: 
requested: array(3) {
  ["controller"] => string(5) "forum"
  ["action"] => string(9) "index.php"
  ["module"] => string(7) "default"
}


--------------------------------------------------------------------------------
2016-05-17T00:27:22+00:00 ERR (3) 404 Seite nicht gefunden
REMOTE_ADDR: 95.30.32.117
HTTP_REFERER: 
requested: array(3) {
  ["controller"] => string(5) "forum"
  ["action"] => string(9) "index.php"
  ["module"] => string(7) "default"
}


--------------------------------------------------------------------------------
2016-05-17T01:07:28+00:00 ERR (3) 404 Seite nicht gefunden
REMOTE_ADDR: 209.126.127.49
HTTP_REFERER: 
requested: array(8) {
  ["controller"] => string(5) "forum"
  ["action"] => string(13) "viewtopic.php"
  ["module"] => string(7) "default"
  ["t"] => string(2) "13"
  ["start"] => string(1) "0"
  ["postdays"] => string(1) "0"
  ["postorder"] => string(3) "asc"
  ["highlight"] => string(0) ""
}


--------------------------------------------------------------------------------
2016-05-17T02:13:08+00:00 ERR (3) 404 Seite nicht gefunden
REMOTE_ADDR: 66.249.69.37
HTTP_REFERER: 
requested: array(3) {
  ["controller"] => string(26) "apple-app-site-association"
  ["action"] => string(5) "index"
  ["module"] => string(7) "default"
}


--------------------------------------------------------------------------------
2016-05-17T02:14:23+00:00 ERR (3) 404 Seite nicht gefunden
REMOTE_ADDR: 66.249.69.45
HTTP_REFERER: 
requested: array(3) {
  ["controller"] => string(11) ".well-known"
  ["action"] => string(26) "apple-app-site-association"
  ["module"] => string(7) "default"
}


--------------------------------------------------------------------------------
2016-05-17T02:15:49+00:00 ERR (3) 404 "topic" was not found.
REMOTE_ADDR: 95.30.32.117
HTTP_REFERER: 
requested: array(6) {
  ["lang"] => string(2) "en"
  ["action"] => string(5) "index"
  ["key"] => string(5) "topic"
  ["intern"] => string(8) "projekte"
  ["module"] => string(7) "default"
  ["controller"] => string(5) "index"
}


--------------------------------------------------------------------------------
2016-05-17T02:15:50+00:00 ERR (3) 404 "topic" was not found.
REMOTE_ADDR: 95.30.32.117
HTTP_REFERER: 
requested: array(6) {
  ["lang"] => string(2) "en"
  ["action"] => string(5) "index"
  ["key"] => string(5) "topic"
  ["intern"] => string(8) "projekte"
  ["module"] => string(7) "default"
  ["controller"] => string(5) "index"
}


--------------------------------------------------------------------------------
2016-05-17T02:15:50+00:00 ERR (3) 404 Seite nicht gefunden
REMOTE_ADDR: 95.30.32.117
HTTP_REFERER: 
requested: array(3) {
  ["controller"] => string(5) "forum"
  ["action"] => string(5) "index"
  ["module"] => string(7) "default"
}


--------------------------------------------------------------------------------
2016-05-17T02:15:50+00:00 ERR (3) 404 Seite nicht gefunden
REMOTE_ADDR: 95.30.32.117
HTTP_REFERER: 
requested: array(3) {
  ["controller"] => string(5) "forum"
  ["action"] => string(5) "index"
  ["module"] => string(7) "default"
}


--------------------------------------------------------------------------------
2016-05-17T02:15:50+00:00 ERR (3) 404 Seite nicht gefunden
REMOTE_ADDR: 95.30.32.117
HTTP_REFERER: 
requested: array(3) {
  ["controller"] => string(5) "forum"
  ["action"] => string(9) "index.php"
  ["module"] => string(7) "default"
}


--------------------------------------------------------------------------------
2016-05-17T02:15:51+00:00 ERR (3) 404 Seite nicht gefunden
REMOTE_ADDR: 95.30.32.117
HTTP_REFERER: 
requested: array(3) {
  ["controller"] => string(5) "forum"
  ["action"] => string(9) "index.php"
  ["module"] => string(7) "default"
}


--------------------------------------------------------------------------------
2016-05-17T02:41:57+00:00 ERR (3) 404 "hire-lasse" was not found.
REMOTE_ADDR: 40.77.167.50
HTTP_REFERER: 
requested: array(5) {
  ["lang"] => string(2) "de"
  ["action"] => string(4) "page"
  ["key"] => string(10) "hire-lasse"
  ["module"] => string(7) "default"
  ["controller"] => string(5) "index"
}


--------------------------------------------------------------------------------
2016-05-17T04:22:05+00:00 ERR (3) 404 "hire-lasse" was not found.
REMOTE_ADDR: 136.243.83.16
HTTP_REFERER: 
requested: array(5) {
  ["lang"] => string(2) "de"
  ["action"] => string(4) "page"
  ["key"] => string(10) "hire-lasse"
  ["module"] => string(7) "default"
  ["controller"] => string(5) "index"
}


--------------------------------------------------------------------------------
2016-05-17T05:56:26+00:00 ERR (3) 404 Seite nicht gefunden
REMOTE_ADDR: 66.249.69.45
HTTP_REFERER: 
requested: array(3) {
  ["controller"] => string(26) "apple-app-site-association"
  ["action"] => string(5) "index"
  ["module"] => string(7) "default"
}


--------------------------------------------------------------------------------
2016-05-17T08:21:02+00:00 ERR (3) 404 "topic" was not found.
REMOTE_ADDR: 95.30.32.117
HTTP_REFERER: 
requested: array(6) {
  ["lang"] => string(2) "en"
  ["action"] => string(5) "index"
  ["key"] => string(5) "topic"
  ["intern"] => string(8) "projekte"
  ["module"] => string(7) "default"
  ["controller"] => string(5) "index"
}


--------------------------------------------------------------------------------
2016-05-17T08:21:03+00:00 ERR (3) 404 "topic" was not found.
REMOTE_ADDR: 95.30.32.117
HTTP_REFERER: 
requested: array(6) {
  ["lang"] => string(2) "en"
  ["action"] => string(5) "index"
  ["key"] => string(5) "topic"
  ["intern"] => string(8) "projekte"
  ["module"] => string(7) "default"
  ["controller"] => string(5) "index"
}


--------------------------------------------------------------------------------
2016-05-17T08:21:03+00:00 ERR (3) 404 Seite nicht gefunden
REMOTE_ADDR: 95.30.32.117
HTTP_REFERER: 
requested: array(3) {
  ["controller"] => string(5) "forum"
  ["action"] => string(5) "index"
  ["module"] => string(7) "default"
}


--------------------------------------------------------------------------------
2016-05-17T08:21:03+00:00 ERR (3) 404 Seite nicht gefunden
REMOTE_ADDR: 95.30.32.117
HTTP_REFERER: 
requested: array(3) {
  ["controller"] => string(5) "forum"
  ["action"] => string(5) "index"
  ["module"] => string(7) "default"
}


--------------------------------------------------------------------------------
2016-05-17T08:21:04+00:00 ERR (3) 404 Seite nicht gefunden
REMOTE_ADDR: 95.30.32.117
HTTP_REFERER: 
requested: array(3) {
  ["controller"] => string(5) "forum"
  ["action"] => string(9) "index.php"
  ["module"] => string(7) "default"
}


--------------------------------------------------------------------------------
2016-05-17T08:21:04+00:00 ERR (3) 404 Seite nicht gefunden
REMOTE_ADDR: 95.30.32.117
HTTP_REFERER: 
requested: array(3) {
  ["controller"] => string(5) "forum"
  ["action"] => string(9) "index.php"
  ["module"] => string(7) "default"
}


--------------------------------------------------------------------------------
2016-05-17T08:46:01+00:00 ERR (3) 404 "topic" was not found.
REMOTE_ADDR: 95.30.32.117
HTTP_REFERER: 
requested: array(6) {
  ["lang"] => string(2) "en"
  ["action"] => string(5) "index"
  ["key"] => string(5) "topic"
  ["intern"] => string(8) "projekte"
  ["module"] => string(7) "default"
  ["controller"] => string(5) "index"
}


--------------------------------------------------------------------------------
2016-05-17T08:46:01+00:00 ERR (3) 404 "topic" was not found.
REMOTE_ADDR: 95.30.32.117
HTTP_REFERER: 
requested: array(6) {
  ["lang"] => string(2) "en"
  ["action"] => string(5) "index"
  ["key"] => string(5) "topic"
  ["intern"] => string(8) "projekte"
  ["module"] => string(7) "default"
  ["controller"] => string(5) "index"
}


--------------------------------------------------------------------------------
2016-05-17T08:46:01+00:00 ERR (3) 404 Seite nicht gefunden
REMOTE_ADDR: 95.30.32.117
HTTP_REFERER: 
requested: array(3) {
  ["controller"] => string(5) "forum"
  ["action"] => string(5) "index"
  ["module"] => string(7) "default"
}


--------------------------------------------------------------------------------
2016-05-17T08:46:02+00:00 ERR (3) 404 Seite nicht gefunden
REMOTE_ADDR: 95.30.32.117
HTTP_REFERER: 
requested: array(3) {
  ["controller"] => string(5) "forum"
  ["action"] => string(5) "index"
  ["module"] => string(7) "default"
}


--------------------------------------------------------------------------------
2016-05-17T08:46:02+00:00 ERR (3) 404 Seite nicht gefunden
REMOTE_ADDR: 95.30.32.117
HTTP_REFERER: 
requested: array(3) {
  ["controller"] => string(5) "forum"
  ["action"] => string(9) "index.php"
  ["module"] => string(7) "default"
}


--------------------------------------------------------------------------------
2016-05-17T08:46:02+00:00 ERR (3) 404 Seite nicht gefunden
REMOTE_ADDR: 95.30.32.117
HTTP_REFERER: 
requested: array(3) {
  ["controller"] => string(5) "forum"
  ["action"] => string(9) "index.php"
  ["module"] => string(7) "default"
}


--------------------------------------------------------------------------------
2016-05-17T11:09:50+00:00 ERR (3) 404 Seite nicht gefunden
REMOTE_ADDR: 54.67.89.121
HTTP_REFERER: 
requested: array(3) {
  ["controller"] => string(12) "wp-login.php"
  ["action"] => string(5) "index"
  ["module"] => string(7) "default"
}


--------------------------------------------------------------------------------
2016-05-17T15:52:45+00:00 ERR (3) 404 Seite nicht gefunden
REMOTE_ADDR: 5.149.254.109
HTTP_REFERER: 
requested: array(3) {
  ["controller"] => string(9) "wordpress"
  ["action"] => string(5) "index"
  ["module"] => string(7) "default"
}


--------------------------------------------------------------------------------
2016-05-17T23:55:29+00:00 ERR (3) 404 Seite nicht gefunden
REMOTE_ADDR: 62.210.170.165
HTTP_REFERER: 
requested: array(3) {
  ["controller"] => string(5) "diary"
  ["action"] => string(17) "tag:graphicore.de"
  ["module"] => string(7) "default"
}


--------------------------------------------------------------------------------
