2018-12-18T15:24:56+00:00 ERR (3) 404 Seite nicht gefunden
REMOTE_ADDR: 151.80.233.133
HTTP_REFERER: 
requested: array(3) {
  ["controller"] => string(5) "en%3C"
  ["action"] => string(6) "div%3E"
  ["module"] => string(7) "default"
}


--------------------------------------------------------------------------------
2018-12-18T16:51:21+00:00 ERR (3) 404 Seite nicht gefunden
REMOTE_ADDR: 46.37.82.242
HTTP_REFERER: 
requested: array(3) {
  ["controller"] => string(6) "https:"
  ["action"] => string(19) "silber-und-blei.com"
  ["module"] => string(7) "default"
}


--------------------------------------------------------------------------------
2018-12-18T18:41:59+00:00 ERR (3) 404 Seite nicht gefunden
REMOTE_ADDR: 46.37.82.242
HTTP_REFERER: 
requested: array(4) {
  ["controller"] => string(6) "https:"
  [""] => string(19) "silber-und-blei.com"
  ["action"] => string(5) "index"
  ["module"] => string(7) "default"
}


--------------------------------------------------------------------------------
2018-12-18T21:27:37+00:00 ERR (3) 404 "competences" was not found.
REMOTE_ADDR: 100.35.75.170
HTTP_REFERER: 
requested: array(5) {
  ["lang"] => string(2) "en"
  ["action"] => string(4) "page"
  ["key"] => string(11) "competences"
  ["module"] => string(7) "default"
  ["controller"] => string(5) "index"
}


--------------------------------------------------------------------------------
2018-12-18T21:28:02+00:00 ERR (3) 404 "competences" was not found.
REMOTE_ADDR: 100.35.75.170
HTTP_REFERER: 
requested: array(5) {
  ["lang"] => string(2) "en"
  ["action"] => string(4) "page"
  ["key"] => string(11) "competences"
  ["module"] => string(7) "default"
  ["controller"] => string(5) "index"
}


--------------------------------------------------------------------------------
2018-12-18T21:28:24+00:00 ERR (3) 404 "hire-lasse" was not found.
REMOTE_ADDR: 100.35.75.170
HTTP_REFERER: 
requested: array(5) {
  ["lang"] => string(2) "en"
  ["action"] => string(4) "page"
  ["key"] => string(10) "hire-lasse"
  ["module"] => string(7) "default"
  ["controller"] => string(5) "index"
}


--------------------------------------------------------------------------------
2018-12-18T21:28:48+00:00 ERR (3) 404 "hire-lasse" was not found.
REMOTE_ADDR: 100.35.75.170
HTTP_REFERER: 
requested: array(5) {
  ["lang"] => string(2) "de"
  ["action"] => string(4) "page"
  ["key"] => string(10) "hire-lasse"
  ["module"] => string(7) "default"
  ["controller"] => string(5) "index"
}


--------------------------------------------------------------------------------
2018-12-18T21:29:29+00:00 ERR (3) 404 "competences" was not found.
REMOTE_ADDR: 100.35.75.170
HTTP_REFERER: 
requested: array(5) {
  ["lang"] => string(2) "de"
  ["action"] => string(4) "page"
  ["key"] => string(11) "competences"
  ["module"] => string(7) "default"
  ["controller"] => string(5) "index"
}


--------------------------------------------------------------------------------
2018-12-18T23:32:30+00:00 ERR (3) 404 Seite nicht gefunden
REMOTE_ADDR: 46.229.168.148
HTTP_REFERER: 
requested: array(3) {
  ["controller"] => string(11) "sitemap.xml"
  ["action"] => string(5) "index"
  ["module"] => string(7) "default"
}


--------------------------------------------------------------------------------
