2019-09-05T08:18:30+00:00 ERR (3) 404 Seite nicht gefunden
REMOTE_ADDR: 35.226.58.106
HTTP_REFERER: 
requested: array(3) {
  ["controller"] => string(4) "user"
  ["action"] => string(5) "login"
  ["module"] => string(7) "default"
}


--------------------------------------------------------------------------------
2019-09-05T08:18:32+00:00 ERR (3) 404 Seite nicht gefunden
REMOTE_ADDR: 35.226.58.106
HTTP_REFERER: 
requested: array(3) {
  ["controller"] => string(8) "wp-admin"
  ["action"] => string(11) "install.php"
  ["module"] => string(7) "default"
}


--------------------------------------------------------------------------------
2019-09-05T08:18:33+00:00 ERR (3) 404 Seite nicht gefunden
REMOTE_ADDR: 35.226.58.106
HTTP_REFERER: 
requested: array(3) {
  ["controller"] => string(12) "installation"
  ["action"] => string(9) "index.php"
  ["module"] => string(7) "default"
}


--------------------------------------------------------------------------------
2019-09-05T08:18:33+00:00 ERR (3) 404 Seite nicht gefunden
REMOTE_ADDR: 35.226.58.106
HTTP_REFERER: 
requested: array(3) {
  ["controller"] => string(5) "admin"
  ["action"] => string(5) "index"
  ["module"] => string(7) "default"
}


--------------------------------------------------------------------------------
2019-09-05T08:18:34+00:00 ERR (3) 404 Seite nicht gefunden
REMOTE_ADDR: 35.226.58.106
HTTP_REFERER: 
requested: array(3) {
  ["controller"] => string(5) "admin"
  ["action"] => string(9) "login.php"
  ["module"] => string(7) "default"
}


--------------------------------------------------------------------------------
2019-09-05T08:24:43+00:00 ERR (3) 404 Seite nicht gefunden
REMOTE_ADDR: 74.208.56.188
HTTP_REFERER: 
requested: array(3) {
  ["controller"] => string(8) "wp-admin"
  ["action"] => string(5) "index"
  ["module"] => string(7) "default"
}


--------------------------------------------------------------------------------
2019-09-05T08:48:06+00:00 ERR (3) 404 Seite nicht gefunden
REMOTE_ADDR: 103.67.235.30
HTTP_REFERER: 
requested: array(3) {
  ["controller"] => string(4) "blog"
  ["action"] => string(8) "wp-admin"
  ["module"] => string(7) "default"
}


--------------------------------------------------------------------------------
2019-09-05T09:03:48+00:00 ERR (3) 404 Seite nicht gefunden
REMOTE_ADDR: 223.130.27.20
HTTP_REFERER: 
requested: array(3) {
  ["controller"] => string(3) "old"
  ["action"] => string(8) "wp-admin"
  ["module"] => string(7) "default"
}


--------------------------------------------------------------------------------
2019-09-05T15:34:09+00:00 ERR (3) 404 Seite nicht gefunden
REMOTE_ADDR: 120.79.52.98
HTTP_REFERER: 
requested: array(3) {
  ["controller"] => string(11) "wbumweb.rar"
  ["action"] => string(5) "index"
  ["module"] => string(7) "default"
}


--------------------------------------------------------------------------------
2019-09-05T15:34:31+00:00 ERR (3) 404 Seite nicht gefunden
REMOTE_ADDR: 120.79.52.98
HTTP_REFERER: 
requested: array(3) {
  ["controller"] => string(11) "webroot.zip"
  ["action"] => string(5) "index"
  ["module"] => string(7) "default"
}


--------------------------------------------------------------------------------
2019-09-05T15:34:32+00:00 ERR (3) 404 Seite nicht gefunden
REMOTE_ADDR: 120.79.52.98
HTTP_REFERER: 
requested: array(3) {
  ["controller"] => string(11) "website.rar"
  ["action"] => string(5) "index"
  ["module"] => string(7) "default"
}


--------------------------------------------------------------------------------
2019-09-05T15:34:33+00:00 ERR (3) 404 Seite nicht gefunden
REMOTE_ADDR: 120.79.52.98
HTTP_REFERER: 
requested: array(3) {
  ["controller"] => string(14) "website.tar.gz"
  ["action"] => string(5) "index"
  ["module"] => string(7) "default"
}


--------------------------------------------------------------------------------
2019-09-05T15:34:36+00:00 ERR (3) 404 Seite nicht gefunden
REMOTE_ADDR: 120.79.52.98
HTTP_REFERER: 
requested: array(3) {
  ["controller"] => string(11) "website.zip"
  ["action"] => string(5) "index"
  ["module"] => string(7) "default"
}


--------------------------------------------------------------------------------
2019-09-05T15:35:51+00:00 ERR (3) 404 Seite nicht gefunden
REMOTE_ADDR: 120.79.52.98
HTTP_REFERER: 
requested: array(3) {
  ["controller"] => string(11) "wwwroot.rar"
  ["action"] => string(5) "index"
  ["module"] => string(7) "default"
}


--------------------------------------------------------------------------------
2019-09-05T15:35:51+00:00 ERR (3) 404 Seite nicht gefunden
REMOTE_ADDR: 120.79.52.98
HTTP_REFERER: 
requested: array(3) {
  ["controller"] => string(14) "wwwroot.tar.gz"
  ["action"] => string(5) "index"
  ["module"] => string(7) "default"
}


--------------------------------------------------------------------------------
2019-09-05T15:35:53+00:00 ERR (3) 404 Seite nicht gefunden
REMOTE_ADDR: 120.79.52.98
HTTP_REFERER: 
requested: array(3) {
  ["controller"] => string(11) "wwwroot.zip"
  ["action"] => string(5) "index"
  ["module"] => string(7) "default"
}


--------------------------------------------------------------------------------
