2016-05-13T02:35:26+00:00 ERR (3) 404 Seite nicht gefunden
REMOTE_ADDR: 185.100.85.132
HTTP_REFERER: 
requested: array(3) {
  ["controller"] => string(13) "wp-config.php"
  ["action"] => string(5) "index"
  ["module"] => string(7) "default"
}


--------------------------------------------------------------------------------
2016-05-13T02:35:27+00:00 ERR (3) 404 Seite nicht gefunden
REMOTE_ADDR: 185.100.85.132
HTTP_REFERER: 
requested: array(3) {
  ["controller"] => string(17) "wp-config.php.bak"
  ["action"] => string(5) "index"
  ["module"] => string(7) "default"
}


--------------------------------------------------------------------------------
2016-05-13T02:35:28+00:00 ERR (3) 404 Seite nicht gefunden
REMOTE_ADDR: 185.100.85.132
HTTP_REFERER: 
requested: array(3) {
  ["controller"] => string(14) "wp-config.php2"
  ["action"] => string(5) "index"
  ["module"] => string(7) "default"
}


--------------------------------------------------------------------------------
2016-05-13T02:35:29+00:00 ERR (3) 404 Seite nicht gefunden
REMOTE_ADDR: 185.100.85.132
HTTP_REFERER: 
requested: array(3) {
  ["controller"] => string(17) "wp-config.php.swp"
  ["action"] => string(5) "index"
  ["module"] => string(7) "default"
}


--------------------------------------------------------------------------------
2016-05-13T02:35:30+00:00 ERR (3) 404 Seite nicht gefunden
REMOTE_ADDR: 185.100.85.132
HTTP_REFERER: 
requested: array(3) {
  ["controller"] => string(13) "wp-config.txt"
  ["action"] => string(5) "index"
  ["module"] => string(7) "default"
}


--------------------------------------------------------------------------------
2016-05-13T02:35:31+00:00 ERR (3) 404 Seite nicht gefunden
REMOTE_ADDR: 185.100.85.132
HTTP_REFERER: 
requested: array(3) {
  ["controller"] => string(17) "wp-config.php.txt"
  ["action"] => string(5) "index"
  ["module"] => string(7) "default"
}


--------------------------------------------------------------------------------
2016-05-13T05:59:25+00:00 ERR (3) 404 Seite nicht gefunden
REMOTE_ADDR: 66.249.66.55
HTTP_REFERER: 
requested: array(3) {
  ["controller"] => string(26) "apple-app-site-association"
  ["action"] => string(5) "index"
  ["module"] => string(7) "default"
}


--------------------------------------------------------------------------------
2016-05-13T09:41:26+00:00 ERR (3) 404 Seite nicht gefunden
REMOTE_ADDR: 66.249.78.231
HTTP_REFERER: 
requested: array(3) {
  ["controller"] => string(11) ".well-known"
  ["action"] => string(26) "apple-app-site-association"
  ["module"] => string(7) "default"
}


--------------------------------------------------------------------------------
2016-05-13T09:44:03+00:00 ERR (3) 404 Seite nicht gefunden
REMOTE_ADDR: 66.249.78.231
HTTP_REFERER: 
requested: array(3) {
  ["controller"] => string(26) "apple-app-site-association"
  ["action"] => string(5) "index"
  ["module"] => string(7) "default"
}


--------------------------------------------------------------------------------
2016-05-13T14:15:14+00:00 ERR (3) 404 "hire-lasse" was not found.
REMOTE_ADDR: 40.77.167.26
HTTP_REFERER: 
requested: array(5) {
  ["lang"] => string(2) "de"
  ["action"] => string(4) "page"
  ["key"] => string(10) "hire-lasse"
  ["module"] => string(7) "default"
  ["controller"] => string(5) "index"
}


--------------------------------------------------------------------------------
