2011-06-27T00:18:01+00:00 ERR (3) 404 Seite nicht gefunden
REMOTE_ADDR: 195.162.68.246
HTTP_REFERER: http://graphicore.de/forum/index.php
requested: array(3) {
  ["controller"] => string(5) "forum"
  ["action"] => string(9) "index.php"
  ["module"] => string(7) "default"
}


--------------------------------------------------------------------------------
2011-06-27T13:12:59+00:00 ERR (3) 404 "zimmer-frei" was not found.
REMOTE_ADDR: 89.247.92.54
HTTP_REFERER: http://www.facebook.com/l.php?u=http%3A%2F%2Fgraphicore.de%2Fde%2Fpage%2Fzimmer-frei&h=5ab60
requested: array(5) {
  ["lang"] => string(2) "de"
  ["action"] => string(4) "page"
  ["key"] => string(11) "zimmer-frei"
  ["module"] => string(7) "default"
  ["controller"] => string(5) "index"
}


--------------------------------------------------------------------------------
2011-06-27T13:12:59+00:00 ERR (3) 404 "zimmer-frei" was not found.
REMOTE_ADDR: 66.220.149.245
HTTP_REFERER: 
requested: array(5) {
  ["lang"] => string(2) "de"
  ["action"] => string(4) "page"
  ["key"] => string(11) "zimmer-frei"
  ["module"] => string(7) "default"
  ["controller"] => string(5) "index"
}


--------------------------------------------------------------------------------
2011-06-27T18:13:21+00:00 ERR (3) 404 Seite nicht gefunden
REMOTE_ADDR: 70.38.38.103
HTTP_REFERER: http://graphicore.de/forum/index.php
requested: array(3) {
  ["controller"] => string(5) "forum"
  ["action"] => string(9) "index.php"
  ["module"] => string(7) "default"
}


--------------------------------------------------------------------------------
