2017-02-18T04:56:47+00:00 ERR (3) 404 Seite nicht gefunden
REMOTE_ADDR: 89.108.88.240
HTTP_REFERER: 
requested: array(3) {
  ["controller"] => string(5) "admin"
  ["action"] => string(5) "index"
  ["module"] => string(7) "default"
}


--------------------------------------------------------------------------------
2017-02-18T04:56:49+00:00 ERR (3) 404 Seite nicht gefunden
REMOTE_ADDR: 89.108.88.240
HTTP_REFERER: 
requested: array(3) {
  ["controller"] => string(7) "manager"
  ["action"] => string(5) "index"
  ["module"] => string(7) "default"
}


--------------------------------------------------------------------------------
2017-02-18T04:56:52+00:00 ERR (3) 404 Seite nicht gefunden
REMOTE_ADDR: 89.108.88.240
HTTP_REFERER: 
requested: array(3) {
  ["controller"] => string(5) "admin"
  ["action"] => string(7) "content"
  ["module"] => string(7) "default"
}


--------------------------------------------------------------------------------
2017-02-18T04:56:54+00:00 ERR (3) 404 Seite nicht gefunden
REMOTE_ADDR: 89.108.88.240
HTTP_REFERER: 
requested: array(3) {
  ["controller"] => string(6) "simpla"
  ["action"] => string(5) "index"
  ["module"] => string(7) "default"
}


--------------------------------------------------------------------------------
2017-02-18T05:30:02+00:00 ERR (3) 404 "hire-lasse" was not found.
REMOTE_ADDR: 157.55.39.115
HTTP_REFERER: 
requested: array(5) {
  ["lang"] => string(2) "de"
  ["action"] => string(4) "page"
  ["key"] => string(10) "hire-lasse"
  ["module"] => string(7) "default"
  ["controller"] => string(5) "index"
}


--------------------------------------------------------------------------------
