2015-12-05T06:40:29+00:00 ERR (3) 404 Seite nicht gefunden
REMOTE_ADDR: 95.32.83.73
HTTP_REFERER: 
requested: array(3) {
  ["controller"] => string(18) "configuration.php~"
  ["action"] => string(5) "index"
  ["module"] => string(7) "default"
}


--------------------------------------------------------------------------------
2015-12-05T09:48:22+00:00 ERR (3) 404 Seite nicht gefunden
REMOTE_ADDR: 64.111.126.81
HTTP_REFERER: 
requested: array(3) {
  ["controller"] => string(12) "wp-login.php"
  ["action"] => string(5) "index"
  ["module"] => string(7) "default"
}


--------------------------------------------------------------------------------
2015-12-05T10:07:56+00:00 ERR (3) 404 Seite nicht gefunden
REMOTE_ADDR: 50.62.208.133
HTTP_REFERER: 
requested: array(3) {
  ["controller"] => string(12) "wp-login.php"
  ["action"] => string(5) "index"
  ["module"] => string(7) "default"
}


--------------------------------------------------------------------------------
2015-12-05T22:15:06+00:00 ERR (3) 404 "topic" was not found.
REMOTE_ADDR: 188.143.232.37
HTTP_REFERER: 
requested: array(6) {
  ["lang"] => string(2) "en"
  ["action"] => string(5) "index"
  ["key"] => string(5) "topic"
  ["intern"] => string(8) "projekte"
  ["module"] => string(7) "default"
  ["controller"] => string(5) "index"
}


--------------------------------------------------------------------------------
