2015-08-25T08:13:49+00:00 ERR (3) 404 Seite nicht gefunden
REMOTE_ADDR: 193.201.224.8
HTTP_REFERER: 
requested: array(3) {
  ["controller"] => string(13) "administrator"
  ["action"] => string(5) "index"
  ["module"] => string(7) "default"
}


--------------------------------------------------------------------------------
2015-08-25T08:13:51+00:00 ERR (3) 404 Seite nicht gefunden
REMOTE_ADDR: 193.201.224.8
HTTP_REFERER: 
requested: array(3) {
  ["controller"] => string(9) "admin.php"
  ["action"] => string(5) "index"
  ["module"] => string(7) "default"
}


--------------------------------------------------------------------------------
2015-08-25T08:51:26+00:00 ERR (3) 404 Seite nicht gefunden
REMOTE_ADDR: 188.165.210.223
HTTP_REFERER: 
requested: array(5) {
  ["controller"] => string(9) "index.php"
  ["action"] => string(5) "index"
  ["module"] => string(7) "default"
  ["option"] => string(10) "com_myblog"
  ["task"] => string(10) "ajaxupload"
}


--------------------------------------------------------------------------------
2015-08-25T08:51:26+00:00 ERR (3) 404 "" was not found.
REMOTE_ADDR: 188.165.210.223
HTTP_REFERER: 
requested: array(7) {
  ["lang"] => string(2) "de"
  ["action"] => string(7) "archive"
  ["key"] => string(0) ""
  ["module"] => string(7) "default"
  ["controller"] => string(5) "index"
  ["option"] => string(10) "com_myblog"
  ["task"] => string(10) "ajaxupload"
}


--------------------------------------------------------------------------------
2015-08-25T13:18:07+00:00 ERR (3) 404 Seite nicht gefunden
REMOTE_ADDR: 46.118.155.216
HTTP_REFERER: 
requested: array(3) {
  ["controller"] => string(4) "blog"
  ["action"] => string(10) "robots.txt"
  ["module"] => string(7) "default"
}


--------------------------------------------------------------------------------
2015-08-25T13:18:07+00:00 ERR (3) 404 Seite nicht gefunden
REMOTE_ADDR: 46.118.155.216
HTTP_REFERER: 
requested: array(3) {
  ["controller"] => string(4) "blog"
  ["action"] => string(5) "index"
  ["module"] => string(7) "default"
}


--------------------------------------------------------------------------------
2015-08-25T13:18:07+00:00 ERR (3) 404 Seite nicht gefunden
REMOTE_ADDR: 46.118.155.216
HTTP_REFERER: 
requested: array(3) {
  ["controller"] => string(9) "wordpress"
  ["action"] => string(5) "index"
  ["module"] => string(7) "default"
}


--------------------------------------------------------------------------------
2015-08-25T13:18:07+00:00 ERR (3) 404 Seite nicht gefunden
REMOTE_ADDR: 46.118.155.216
HTTP_REFERER: 
requested: array(3) {
  ["controller"] => string(2) "wp"
  ["action"] => string(5) "index"
  ["module"] => string(7) "default"
}


--------------------------------------------------------------------------------
2015-08-25T15:34:04+00:00 ERR (3) 404 Seite nicht gefunden
REMOTE_ADDR: 95.67.10.206
HTTP_REFERER: 
requested: array(3) {
  ["controller"] => string(12) "wp-login.php"
  ["action"] => string(5) "index"
  ["module"] => string(7) "default"
}


--------------------------------------------------------------------------------
2015-08-25T15:34:04+00:00 ERR (3) 404 Seite nicht gefunden
REMOTE_ADDR: 95.67.10.206
HTTP_REFERER: 
requested: array(3) {
  ["controller"] => string(5) "admin"
  ["action"] => string(6) "backup"
  ["module"] => string(7) "default"
}


--------------------------------------------------------------------------------
2015-08-25T15:34:04+00:00 ERR (3) 404 Seite nicht gefunden
REMOTE_ADDR: 95.67.10.206
HTTP_REFERER: 
requested: array(3) {
  ["controller"] => string(5) "admin"
  ["action"] => string(6) "backup"
  ["module"] => string(7) "default"
}


--------------------------------------------------------------------------------
2015-08-25T15:34:04+00:00 ERR (3) 404 Seite nicht gefunden
REMOTE_ADDR: 95.67.10.206
HTTP_REFERER: 
requested: array(3) {
  ["controller"] => string(6) "backup"
  ["action"] => string(10) "backup.sql"
  ["module"] => string(7) "default"
}


--------------------------------------------------------------------------------
2015-08-25T15:34:04+00:00 ERR (3) 404 Seite nicht gefunden
REMOTE_ADDR: 95.67.10.206
HTTP_REFERER: 
requested: array(3) {
  ["controller"] => string(8) "dump.sql"
  ["action"] => string(5) "index"
  ["module"] => string(7) "default"
}


--------------------------------------------------------------------------------
2015-08-25T15:34:04+00:00 ERR (3) 404 Seite nicht gefunden
REMOTE_ADDR: 95.67.10.206
HTTP_REFERER: 
requested: array(3) {
  ["controller"] => string(10) "backup.sql"
  ["action"] => string(5) "index"
  ["module"] => string(7) "default"
}


--------------------------------------------------------------------------------
2015-08-25T15:34:05+00:00 ERR (3) 404 Seite nicht gefunden
REMOTE_ADDR: 95.67.10.206
HTTP_REFERER: 
requested: array(3) {
  ["controller"] => string(12) "database.sql"
  ["action"] => string(5) "index"
  ["module"] => string(7) "default"
}


--------------------------------------------------------------------------------
2015-08-25T15:34:05+00:00 ERR (3) 404 Seite nicht gefunden
REMOTE_ADDR: 95.67.10.206
HTTP_REFERER: 
requested: array(3) {
  ["controller"] => string(6) "db.sql"
  ["action"] => string(5) "index"
  ["module"] => string(7) "default"
}


--------------------------------------------------------------------------------
2015-08-25T15:34:05+00:00 ERR (3) 404 Seite nicht gefunden
REMOTE_ADDR: 95.67.10.206
HTTP_REFERER: 
requested: array(3) {
  ["controller"] => string(5) "admin"
  ["action"] => string(8) "dump.sql"
  ["module"] => string(7) "default"
}


--------------------------------------------------------------------------------
2015-08-25T15:34:05+00:00 ERR (3) 404 Seite nicht gefunden
REMOTE_ADDR: 95.67.10.206
HTTP_REFERER: 
requested: array(3) {
  ["controller"] => string(5) "admin"
  ["action"] => string(10) "backup.sql"
  ["module"] => string(7) "default"
}


--------------------------------------------------------------------------------
2015-08-25T15:34:05+00:00 ERR (3) 404 Seite nicht gefunden
REMOTE_ADDR: 95.67.10.206
HTTP_REFERER: 
requested: array(3) {
  ["controller"] => string(5) "admin"
  ["action"] => string(12) "database.sql"
  ["module"] => string(7) "default"
}


--------------------------------------------------------------------------------
2015-08-25T15:34:05+00:00 ERR (3) 404 Seite nicht gefunden
REMOTE_ADDR: 95.67.10.206
HTTP_REFERER: 
requested: array(3) {
  ["controller"] => string(5) "admin"
  ["action"] => string(6) "db.sql"
  ["module"] => string(7) "default"
}


--------------------------------------------------------------------------------
2015-08-25T17:45:26+00:00 ERR (3) 404 Seite nicht gefunden
REMOTE_ADDR: 91.121.100.66
HTTP_REFERER: 
requested: array(3) {
  ["controller"] => string(12) "wp-login.php"
  ["action"] => string(5) "index"
  ["module"] => string(7) "default"
}


--------------------------------------------------------------------------------
2015-08-25T17:45:26+00:00 ERR (3) 404 Seite nicht gefunden
REMOTE_ADDR: 91.121.100.66
HTTP_REFERER: 
requested: array(3) {
  ["controller"] => string(12) "wp-login.php"
  ["action"] => string(5) "index"
  ["module"] => string(7) "default"
}


--------------------------------------------------------------------------------
2015-08-25T19:03:49+00:00 ERR (3) 404 "hire-lasse" was not found.
REMOTE_ADDR: 157.55.39.172
HTTP_REFERER: 
requested: array(5) {
  ["lang"] => string(2) "en"
  ["action"] => string(4) "page"
  ["key"] => string(10) "hire-lasse"
  ["module"] => string(7) "default"
  ["controller"] => string(5) "index"
}


--------------------------------------------------------------------------------
2015-08-25T20:25:21+00:00 ERR (3) 404 Seite nicht gefunden
REMOTE_ADDR: 66.249.67.104
HTTP_REFERER: 
requested: array(4) {
  ["controller"] => string(1) "m"
  ["action"] => string(2) "en"
  ["archive"] => string(26) "2012-09-02_piece-of-prayer"
  ["module"] => string(7) "default"
}


--------------------------------------------------------------------------------
2015-08-25T20:36:29+00:00 ERR (3) 404 Seite nicht gefunden
REMOTE_ADDR: 66.249.67.110
HTTP_REFERER: 
requested: array(4) {
  ["controller"] => string(6) "mobile"
  ["action"] => string(2) "en"
  ["archive"] => string(26) "2012-09-02_piece-of-prayer"
  ["module"] => string(7) "default"
}


--------------------------------------------------------------------------------
2015-08-25T22:01:29+00:00 ERR (3) 404 "" was not found.
REMOTE_ADDR: 46.185.117.31
HTTP_REFERER: https://mister-shop.com/
requested: array(5) {
  ["lang"] => string(2) "en"
  ["action"] => string(7) "archive"
  ["module"] => string(7) "default"
  ["controller"] => string(5) "index"
  ["key"] => string(0) ""
}


--------------------------------------------------------------------------------
2015-08-25T22:01:29+00:00 ERR (3) 404 "" was not found.
REMOTE_ADDR: 46.185.117.31
HTTP_REFERER: https://mister-shop.com/
requested: array(5) {
  ["lang"] => string(2) "en"
  ["action"] => string(7) "archive"
  ["module"] => string(7) "default"
  ["controller"] => string(5) "index"
  ["key"] => string(0) ""
}


--------------------------------------------------------------------------------
2015-08-25T22:01:30+00:00 ERR (3) 404 "" was not found.
REMOTE_ADDR: 46.185.117.31
HTTP_REFERER: https://mister-shop.com/
requested: array(5) {
  ["lang"] => string(2) "en"
  ["action"] => string(7) "archive"
  ["module"] => string(7) "default"
  ["controller"] => string(5) "index"
  ["key"] => string(0) ""
}


--------------------------------------------------------------------------------
2015-08-25T22:54:55+00:00 ERR (3) 404 Page not found
REMOTE_ADDR: 85.105.246.91
HTTP_REFERER: 
requested: array(3) {
  ["controller"] => string(8) "wp-login"
  ["action"] => string(5) "index"
  ["module"] => string(7) "default"
}


--------------------------------------------------------------------------------
