2014-09-09T01:40:03+00:00 ERR (3) 404 "hire-lasse" was not found.
REMOTE_ADDR: 180.76.5.168
HTTP_REFERER: 
requested: array(5) {
  ["lang"] => string(2) "en"
  ["action"] => string(4) "page"
  ["key"] => string(10) "hire-lasse"
  ["module"] => string(7) "default"
  ["controller"] => string(5) "index"
}


--------------------------------------------------------------------------------
2014-09-09T03:35:29+00:00 ERR (3) 404 Seite nicht gefunden
REMOTE_ADDR: 91.200.12.28
HTTP_REFERER: http://graphicore.de/sys/fckeditor/editor/filemanager/browser/default/connectors/test.html
requested: array(6) {
  ["controller"] => string(3) "sys"
  ["action"] => string(9) "fckeditor"
  ["editor"] => string(11) "filemanager"
  ["browser"] => string(7) "default"
  ["connectors"] => string(9) "test.html"
  ["module"] => string(7) "default"
}


--------------------------------------------------------------------------------
2014-09-09T03:35:31+00:00 ERR (3) 404 Seite nicht gefunden
REMOTE_ADDR: 91.200.12.28
HTTP_REFERER: http://graphicore.de/system/fckeditor/editor/filemanager/browser/default/connectors/test.html
requested: array(6) {
  ["controller"] => string(6) "system"
  ["action"] => string(9) "fckeditor"
  ["editor"] => string(11) "filemanager"
  ["browser"] => string(7) "default"
  ["connectors"] => string(9) "test.html"
  ["module"] => string(7) "default"
}


--------------------------------------------------------------------------------
2014-09-09T03:35:32+00:00 ERR (3) 404 Seite nicht gefunden
REMOTE_ADDR: 91.200.12.28
HTTP_REFERER: http://graphicore.de/WebAdmin/fckeditor/editor/filemanager/browser/default/connectors/test.html
requested: array(6) {
  ["controller"] => string(8) "WebAdmin"
  ["action"] => string(9) "fckeditor"
  ["editor"] => string(11) "filemanager"
  ["browser"] => string(7) "default"
  ["connectors"] => string(9) "test.html"
  ["module"] => string(7) "default"
}


--------------------------------------------------------------------------------
2014-09-09T03:35:33+00:00 ERR (3) 404 Seite nicht gefunden
REMOTE_ADDR: 91.200.12.28
HTTP_REFERER: http://graphicore.de/includes/FCKeditor/editor/filemanager/browser/default/connectors/test.html
requested: array(6) {
  ["controller"] => string(8) "includes"
  ["action"] => string(9) "FCKeditor"
  ["editor"] => string(11) "filemanager"
  ["browser"] => string(7) "default"
  ["connectors"] => string(9) "test.html"
  ["module"] => string(7) "default"
}


--------------------------------------------------------------------------------
2014-09-09T03:35:34+00:00 ERR (3) 404 Seite nicht gefunden
REMOTE_ADDR: 91.200.12.28
HTTP_REFERER: http://graphicore.de/backend/fckeditor/editor/filemanager/browser/default/connectors/test.html
requested: array(5) {
  ["module"] => string(7) "backend"
  ["controller"] => string(9) "fckeditor"
  ["action"] => string(6) "editor"
  ["filemanager"] => string(7) "browser"
  ["default"] => string(10) "connectors"
}


--------------------------------------------------------------------------------
2014-09-09T03:35:35+00:00 ERR (3) 404 Seite nicht gefunden
REMOTE_ADDR: 91.200.12.28
HTTP_REFERER: http://graphicore.de/include/js/fckeditor/editor/filemanager/connectors/test.html
requested: array(5) {
  ["controller"] => string(7) "include"
  ["action"] => string(2) "js"
  ["fckeditor"] => string(6) "editor"
  ["filemanager"] => string(10) "connectors"
  ["module"] => string(7) "default"
}


--------------------------------------------------------------------------------
2014-09-09T03:35:36+00:00 ERR (3) 404 Seite nicht gefunden
REMOTE_ADDR: 91.200.12.28
HTTP_REFERER: http://graphicore.de/inc/fckeditor/editor/filemanager/connectors/test.html
requested: array(5) {
  ["controller"] => string(3) "inc"
  ["action"] => string(9) "fckeditor"
  ["editor"] => string(11) "filemanager"
  ["connectors"] => string(9) "test.html"
  ["module"] => string(7) "default"
}


--------------------------------------------------------------------------------
2014-09-09T03:35:37+00:00 ERR (3) 404 Seite nicht gefunden
REMOTE_ADDR: 91.200.12.28
HTTP_REFERER: http://graphicore.de/editor/editor/filemanager/connectors/test.html
requested: array(4) {
  ["controller"] => string(6) "editor"
  ["action"] => string(6) "editor"
  ["filemanager"] => string(10) "connectors"
  ["module"] => string(7) "default"
}


--------------------------------------------------------------------------------
2014-09-09T03:35:38+00:00 ERR (3) 404 Seite nicht gefunden
REMOTE_ADDR: 91.200.12.28
HTTP_REFERER: http://graphicore.de/admin/editor/filemanager/browser/default/connectors/test.html
requested: array(5) {
  ["controller"] => string(5) "admin"
  ["action"] => string(6) "editor"
  ["filemanager"] => string(7) "browser"
  ["default"] => string(10) "connectors"
  ["module"] => string(7) "default"
}


--------------------------------------------------------------------------------
2014-09-09T03:35:39+00:00 ERR (3) 404 Seite nicht gefunden
REMOTE_ADDR: 91.200.12.28
HTTP_REFERER: http://graphicore.de/manage/editor/filemanager/browser/default/connectors/test.html
requested: array(5) {
  ["controller"] => string(6) "manage"
  ["action"] => string(6) "editor"
  ["filemanager"] => string(7) "browser"
  ["default"] => string(10) "connectors"
  ["module"] => string(7) "default"
}


--------------------------------------------------------------------------------
2014-09-09T04:15:55+00:00 ERR (3) 404 Seite nicht gefunden
REMOTE_ADDR: 27.159.250.172
HTTP_REFERER: http://graphicore.de/manage/FCKeditor/editor/dialog/fck_about.html
requested: array(4) {
  ["controller"] => string(6) "manage"
  ["action"] => string(9) "FCKeditor"
  ["editor"] => string(6) "dialog"
  ["module"] => string(7) "default"
}


--------------------------------------------------------------------------------
2014-09-09T04:15:56+00:00 ERR (3) 404 Seite nicht gefunden
REMOTE_ADDR: 27.159.250.172
HTTP_REFERER: http://graphicore.de/editor/editor/dialog/fck_about.html
requested: array(4) {
  ["controller"] => string(6) "editor"
  ["action"] => string(6) "editor"
  ["dialog"] => string(14) "fck_about.html"
  ["module"] => string(7) "default"
}


--------------------------------------------------------------------------------
2014-09-09T04:15:56+00:00 ERR (3) 404 Seite nicht gefunden
REMOTE_ADDR: 27.159.250.172
HTTP_REFERER: http://graphicore.de/editor/FCKeditor/editor/dialog/fck_about.html
requested: array(4) {
  ["controller"] => string(6) "editor"
  ["action"] => string(9) "FCKeditor"
  ["editor"] => string(6) "dialog"
  ["module"] => string(7) "default"
}


--------------------------------------------------------------------------------
2014-09-09T08:20:41+00:00 ERR (3) 404 Page not found
REMOTE_ADDR: 209.238.2.94
HTTP_REFERER: http://www.google.com/
requested: array(6) {
  ["controller"] => string(12) "wp-login.php"
  ["action"] => string(5) "index"
  ["module"] => string(7) "default"
  ["log"] => string(5) "admin"
  ["pwd"] => string(3) "123"
  ["rememberme"] => string(7) "forever"
}


--------------------------------------------------------------------------------
2014-09-09T08:30:13+00:00 ERR (3) 404 Page not found
REMOTE_ADDR: 188.40.137.21
HTTP_REFERER: http://www.google.com/
requested: array(6) {
  ["controller"] => string(12) "wp-login.php"
  ["action"] => string(5) "index"
  ["module"] => string(7) "default"
  ["log"] => string(5) "admin"
  ["pwd"] => string(6) "123123"
  ["rememberme"] => string(7) "forever"
}


--------------------------------------------------------------------------------
2014-09-09T08:39:09+00:00 ERR (3) 404 Page not found
REMOTE_ADDR: 108.168.250.12
HTTP_REFERER: http://www.google.com/
requested: array(6) {
  ["controller"] => string(12) "wp-login.php"
  ["action"] => string(5) "index"
  ["module"] => string(7) "default"
  ["log"] => string(5) "admin"
  ["pwd"] => string(5) "admin"
  ["rememberme"] => string(7) "forever"
}


--------------------------------------------------------------------------------
2014-09-09T08:48:37+00:00 ERR (3) 404 Page not found
REMOTE_ADDR: 66.175.56.39
HTTP_REFERER: http://www.google.com/
requested: array(6) {
  ["controller"] => string(12) "wp-login.php"
  ["action"] => string(5) "index"
  ["module"] => string(7) "default"
  ["log"] => string(5) "admin"
  ["pwd"] => string(6) "123456"
  ["rememberme"] => string(7) "forever"
}


--------------------------------------------------------------------------------
2014-09-09T16:08:11+00:00 ERR (3) 404 "story" was not found.
REMOTE_ADDR: 207.46.13.79
HTTP_REFERER: 
requested: array(6) {
  ["lang"] => string(2) "en"
  ["action"] => string(5) "index"
  ["key"] => string(5) "story"
  ["intern"] => string(7) "kontakt"
  ["module"] => string(7) "default"
  ["controller"] => string(5) "index"
}


--------------------------------------------------------------------------------
2014-09-09T16:54:33+00:00 ERR (3) 404 "hire-lasse" was not found.
REMOTE_ADDR: 88.198.160.50
HTTP_REFERER: 
requested: array(5) {
  ["lang"] => string(2) "en"
  ["action"] => string(4) "page"
  ["key"] => string(10) "hire-lasse"
  ["module"] => string(7) "default"
  ["controller"] => string(5) "index"
}


--------------------------------------------------------------------------------
