2016-11-14T00:29:29+00:00 ERR (3) 404 "hire-lasse" was not found.
REMOTE_ADDR: 157.55.39.179
HTTP_REFERER: 
requested: array(5) {
  ["lang"] => string(2) "de"
  ["action"] => string(4) "page"
  ["key"] => string(10) "hire-lasse"
  ["module"] => string(7) "default"
  ["controller"] => string(5) "index"
}


--------------------------------------------------------------------------------
2016-11-14T07:25:50+00:00 ERR (3) 404 Seite nicht gefunden
REMOTE_ADDR: 62.76.184.71
HTTP_REFERER: graphicore.de
requested: array(3) {
  ["controller"] => string(2) "js"
  ["action"] => string(4) "mage"
  ["module"] => string(7) "default"
}


--------------------------------------------------------------------------------
2016-11-14T07:26:17+00:00 ERR (3) 404 Seite nicht gefunden
REMOTE_ADDR: 62.76.184.71
HTTP_REFERER: graphicore.de
requested: array(3) {
  ["controller"] => string(2) "js"
  ["action"] => string(4) "mage"
  ["module"] => string(7) "default"
}


--------------------------------------------------------------------------------
2016-11-14T15:22:59+00:00 ERR (3) 404 "hire-lasse" was not found.
REMOTE_ADDR: 163.172.66.117
HTTP_REFERER: 
requested: array(5) {
  ["lang"] => string(2) "de"
  ["action"] => string(4) "page"
  ["key"] => string(10) "hire-lasse"
  ["module"] => string(7) "default"
  ["controller"] => string(5) "index"
}


--------------------------------------------------------------------------------
2016-11-14T18:23:23+00:00 ERR (3) 404 Seite nicht gefunden
REMOTE_ADDR: 163.172.54.35
HTTP_REFERER: 
requested: array(3) {
  ["controller"] => string(11) "sitemap.xml"
  ["action"] => string(5) "index"
  ["module"] => string(7) "default"
}


--------------------------------------------------------------------------------
2016-11-14T19:33:16+00:00 ERR (3) 404 Seite nicht gefunden
REMOTE_ADDR: 5.187.2.51
HTTP_REFERER: graphicore.de
requested: array(3) {
  ["controller"] => string(2) "js"
  ["action"] => string(4) "mage"
  ["module"] => string(7) "default"
}


--------------------------------------------------------------------------------
2016-11-14T19:58:49+00:00 ERR (3) 404 Seite nicht gefunden
REMOTE_ADDR: 54.236.1.11
HTTP_REFERER: 
requested: array(3) {
  ["controller"] => string(20) "apple-touch-icon.png"
  ["action"] => string(5) "index"
  ["module"] => string(7) "default"
}


--------------------------------------------------------------------------------
