2016-05-04T10:12:55+00:00 ERR (3) 404 Seite nicht gefunden
REMOTE_ADDR: 51.255.65.73
HTTP_REFERER: 
requested: array(8) {
  ["controller"] => string(5) "forum"
  ["action"] => string(13) "viewtopic.php"
  ["module"] => string(7) "default"
  ["t"] => string(2) "13"
  ["start"] => string(1) "0"
  ["postdays"] => string(1) "0"
  ["postorder"] => string(3) "asc"
  ["highlight"] => string(0) ""
}


--------------------------------------------------------------------------------
2016-05-04T10:59:59+00:00 ERR (3) 404 Seite nicht gefunden
REMOTE_ADDR: 62.210.148.247
HTTP_REFERER: 
requested: array(3) {
  ["controller"] => string(5) "diary"
  ["action"] => string(17) "tag:graphicore.de"
  ["module"] => string(7) "default"
}


--------------------------------------------------------------------------------
2016-05-04T11:28:59+00:00 ERR (3) 404 Seite nicht gefunden
REMOTE_ADDR: 117.135.250.133
HTTP_REFERER: http://www.graphicore.de/forum/index.php
requested: array(3) {
  ["controller"] => string(5) "forum"
  ["action"] => string(9) "index.php"
  ["module"] => string(7) "default"
}


--------------------------------------------------------------------------------
2016-05-04T11:29:02+00:00 ERR (3) 404 Seite nicht gefunden
REMOTE_ADDR: 117.169.66.230
HTTP_REFERER: http://graphicore.de/forum/index.php
requested: array(3) {
  ["controller"] => string(5) "forum"
  ["action"] => string(9) "index.php"
  ["module"] => string(7) "default"
}


--------------------------------------------------------------------------------
2016-05-04T11:29:14+00:00 ERR (3) 404 Seite nicht gefunden
REMOTE_ADDR: 117.135.251.133
HTTP_REFERER: http://www.graphicore.de/forum/index.php
requested: array(3) {
  ["controller"] => string(5) "forum"
  ["action"] => string(9) "index.php"
  ["module"] => string(7) "default"
}


--------------------------------------------------------------------------------
2016-05-04T11:29:18+00:00 ERR (3) 404 Seite nicht gefunden
REMOTE_ADDR: 117.177.250.152
HTTP_REFERER: http://www.graphicore.de/forum/index.php
requested: array(3) {
  ["controller"] => string(5) "forum"
  ["action"] => string(9) "index.php"
  ["module"] => string(7) "default"
}


--------------------------------------------------------------------------------
2016-05-04T14:40:38+00:00 ERR (3) 404 Seite nicht gefunden
REMOTE_ADDR: 69.30.234.2
HTTP_REFERER: 
requested: array(4) {
  ["controller"] => string(5) "forum"
  ["action"] => string(13) "viewtopic.php"
  ["module"] => string(7) "default"
  ["p"] => string(2) "48"
}


--------------------------------------------------------------------------------
2016-05-04T14:40:42+00:00 ERR (3) 404 Seite nicht gefunden
REMOTE_ADDR: 69.30.234.2
HTTP_REFERER: 
requested: array(4) {
  ["controller"] => string(5) "forum"
  ["action"] => string(13) "viewtopic.php"
  ["module"] => string(7) "default"
  ["p"] => string(2) "50"
}


--------------------------------------------------------------------------------
2016-05-04T14:40:49+00:00 ERR (3) 404 Seite nicht gefunden
REMOTE_ADDR: 69.30.234.2
HTTP_REFERER: 
requested: array(4) {
  ["controller"] => string(5) "forum"
  ["action"] => string(13) "viewtopic.php"
  ["module"] => string(7) "default"
  ["p"] => string(2) "51"
}


--------------------------------------------------------------------------------
2016-05-04T16:27:13+00:00 ERR (3) 404 Seite nicht gefunden
REMOTE_ADDR: 178.73.192.233
HTTP_REFERER: http://graphicore.de/forum/index.php
requested: array(3) {
  ["controller"] => string(5) "forum"
  ["action"] => string(9) "index.php"
  ["module"] => string(7) "default"
}


--------------------------------------------------------------------------------
2016-05-04T18:30:19+00:00 ERR (3) 404 "hire-lasse" was not found.
REMOTE_ADDR: 144.76.15.235
HTTP_REFERER: 
requested: array(5) {
  ["lang"] => string(2) "de"
  ["action"] => string(4) "page"
  ["key"] => string(10) "hire-lasse"
  ["module"] => string(7) "default"
  ["controller"] => string(5) "index"
}


--------------------------------------------------------------------------------
2016-05-04T18:30:45+00:00 ERR (3) 404 "hire-lasse" was not found.
REMOTE_ADDR: 144.76.15.235
HTTP_REFERER: 
requested: array(5) {
  ["lang"] => string(2) "en"
  ["action"] => string(4) "page"
  ["key"] => string(10) "hire-lasse"
  ["module"] => string(7) "default"
  ["controller"] => string(5) "index"
}


--------------------------------------------------------------------------------
2016-05-04T21:08:37+00:00 ERR (3) 404 Seite nicht gefunden
REMOTE_ADDR: 195.238.108.87
HTTP_REFERER: http://graphicore.de/forum/
requested: array(3) {
  ["controller"] => string(5) "forum"
  ["action"] => string(5) "index"
  ["module"] => string(7) "default"
}


--------------------------------------------------------------------------------
2016-05-04T21:17:54+00:00 ERR (3) 404 Seite nicht gefunden
REMOTE_ADDR: 24.38.19.220
HTTP_REFERER: 
requested: array(4) {
  ["controller"] => string(6) "https:"
  [""] => string(19) "silber-und-blei.com"
  ["action"] => string(5) "index"
  ["module"] => string(7) "default"
}


--------------------------------------------------------------------------------
2016-05-04T21:17:55+00:00 ERR (3) 404 Seite nicht gefunden
REMOTE_ADDR: 24.38.19.220
HTTP_REFERER: 
requested: array(3) {
  ["controller"] => string(2) "js"
  ["action"] => string(1) "'"
  ["module"] => string(7) "default"
}


--------------------------------------------------------------------------------
2016-05-04T23:37:23+00:00 ERR (3) 404 Seite nicht gefunden
REMOTE_ADDR: 87.236.215.103
HTTP_REFERER: 
requested: array(4) {
  ["controller"] => string(6) "https:"
  [""] => string(19) "silber-und-blei.com"
  ["action"] => string(5) "index"
  ["module"] => string(7) "default"
}


--------------------------------------------------------------------------------
2016-05-04T23:37:23+00:00 ERR (3) 404 Seite nicht gefunden
REMOTE_ADDR: 87.236.215.103
HTTP_REFERER: 
requested: array(3) {
  ["controller"] => string(2) "js"
  ["action"] => string(1) "'"
  ["module"] => string(7) "default"
}


--------------------------------------------------------------------------------
