2018-08-06T08:30:08+00:00 ERR (3) 404 Seite nicht gefunden
REMOTE_ADDR: 179.43.146.29
HTTP_REFERER: 
requested: array(3) {
  ["controller"] => string(6) "https:"
  ["action"] => string(19) "silber-und-blei.com"
  ["module"] => string(7) "default"
}


--------------------------------------------------------------------------------
2018-08-06T11:33:49+00:00 ERR (3) 404 Seite nicht gefunden
REMOTE_ADDR: 179.43.146.29
HTTP_REFERER: 
requested: array(4) {
  ["controller"] => string(6) "https:"
  [""] => string(19) "silber-und-blei.com"
  ["action"] => string(5) "index"
  ["module"] => string(7) "default"
}


--------------------------------------------------------------------------------
2018-08-06T11:57:17+00:00 ERR (3) 404 Seite nicht gefunden
REMOTE_ADDR: 38.99.62.93
HTTP_REFERER: http://www.graphicore.de/ads.txt
requested: array(3) {
  ["controller"] => string(7) "ads.txt"
  ["action"] => string(5) "index"
  ["module"] => string(7) "default"
}


--------------------------------------------------------------------------------
2018-08-06T12:53:15+00:00 ERR (3) 404 "anne" was not found.
REMOTE_ADDR: 66.249.70.4
HTTP_REFERER: 
requested: array(5) {
  ["lang"] => string(2) "en"
  ["action"] => string(4) "page"
  ["key"] => string(4) "anne"
  ["module"] => string(7) "default"
  ["controller"] => string(5) "index"
}


--------------------------------------------------------------------------------
2018-08-06T16:00:52+00:00 ERR (3) 404 Seite nicht gefunden
REMOTE_ADDR: 198.71.241.4
HTTP_REFERER: 
requested: array(3) {
  ["controller"] => string(8) "wp-admin"
  ["action"] => string(5) "index"
  ["module"] => string(7) "default"
}


--------------------------------------------------------------------------------
2018-08-06T16:07:22+00:00 ERR (3) 404 Seite nicht gefunden
REMOTE_ADDR: 80.88.86.23
HTTP_REFERER: 
requested: array(3) {
  ["controller"] => string(4) "test"
  ["action"] => string(8) "wp-admin"
  ["module"] => string(7) "default"
}


--------------------------------------------------------------------------------
2018-08-06T16:13:26+00:00 ERR (3) 404 Seite nicht gefunden
REMOTE_ADDR: 184.168.193.43
HTTP_REFERER: 
requested: array(3) {
  ["controller"] => string(9) "wordpress"
  ["action"] => string(8) "wp-admin"
  ["module"] => string(7) "default"
}


--------------------------------------------------------------------------------
2018-08-06T16:19:38+00:00 ERR (3) 404 Seite nicht gefunden
REMOTE_ADDR: 79.170.40.40
HTTP_REFERER: 
requested: array(3) {
  ["controller"] => string(4) "blog"
  ["action"] => string(8) "wp-admin"
  ["module"] => string(7) "default"
}


--------------------------------------------------------------------------------
2018-08-06T16:25:55+00:00 ERR (3) 404 Seite nicht gefunden
REMOTE_ADDR: 5.45.114.229
HTTP_REFERER: 
requested: array(3) {
  ["controller"] => string(2) "wp"
  ["action"] => string(8) "wp-admin"
  ["module"] => string(7) "default"
}


--------------------------------------------------------------------------------
2018-08-06T16:31:58+00:00 ERR (3) 404 Seite nicht gefunden
REMOTE_ADDR: 205.186.180.23
HTTP_REFERER: 
requested: array(3) {
  ["controller"] => string(3) "old"
  ["action"] => string(8) "wp-admin"
  ["module"] => string(7) "default"
}


--------------------------------------------------------------------------------
2018-08-06T23:50:57+00:00 ERR (3) 404 "2010-09-27_turbo_art_collectiveJulian" was not found.
REMOTE_ADDR: 66.249.70.6
HTTP_REFERER: 
requested: array(5) {
  ["lang"] => string(2) "de"
  ["action"] => string(7) "archive"
  ["key"] => string(37) "2010-09-27_turbo_art_collectiveJulian"
  ["module"] => string(7) "default"
  ["controller"] => string(5) "index"
}


--------------------------------------------------------------------------------
