2015-09-14T00:36:57+00:00 ERR (3) 404 "" was not found.
REMOTE_ADDR: 46.118.126.38
HTTP_REFERER: https://dg-s.ru/
requested: array(5) {
  ["lang"] => string(2) "en"
  ["action"] => string(7) "archive"
  ["module"] => string(7) "default"
  ["controller"] => string(5) "index"
  ["key"] => string(0) ""
}


--------------------------------------------------------------------------------
2015-09-14T03:11:44+00:00 ERR (3) 404 "hire-lasse" was not found.
REMOTE_ADDR: 46.4.123.172
HTTP_REFERER: 
requested: array(5) {
  ["lang"] => string(2) "de"
  ["action"] => string(4) "page"
  ["key"] => string(10) "hire-lasse"
  ["module"] => string(7) "default"
  ["controller"] => string(5) "index"
}


--------------------------------------------------------------------------------
2015-09-14T08:22:29+00:00 ERR (3) 404 "hire-lasse" was not found.
REMOTE_ADDR: 78.46.22.138
HTTP_REFERER: http://graphicore.de/de/feed/rss
requested: array(5) {
  ["lang"] => string(2) "de"
  ["action"] => string(4) "page"
  ["key"] => string(10) "hire-lasse"
  ["module"] => string(7) "default"
  ["controller"] => string(5) "index"
}


--------------------------------------------------------------------------------
2015-09-14T08:26:46+00:00 ERR (3) 404 "hire-lasse" was not found.
REMOTE_ADDR: 78.46.22.138
HTTP_REFERER: http://graphicore.de/en/feed/rss
requested: array(5) {
  ["lang"] => string(2) "en"
  ["action"] => string(4) "page"
  ["key"] => string(10) "hire-lasse"
  ["module"] => string(7) "default"
  ["controller"] => string(5) "index"
}


--------------------------------------------------------------------------------
2015-09-14T12:46:44+00:00 ERR (3) 404 "" was not found.
REMOTE_ADDR: 46.118.118.173
HTTP_REFERER: http://netpics.org/
requested: array(5) {
  ["lang"] => string(2) "en"
  ["action"] => string(7) "archive"
  ["module"] => string(7) "default"
  ["controller"] => string(5) "index"
  ["key"] => string(0) ""
}


--------------------------------------------------------------------------------
2015-09-14T12:46:44+00:00 ERR (3) 404 "" was not found.
REMOTE_ADDR: 46.118.118.173
HTTP_REFERER: http://netpics.org/
requested: array(5) {
  ["lang"] => string(2) "en"
  ["action"] => string(7) "archive"
  ["module"] => string(7) "default"
  ["controller"] => string(5) "index"
  ["key"] => string(0) ""
}


--------------------------------------------------------------------------------
2015-09-14T12:46:45+00:00 ERR (3) 404 "" was not found.
REMOTE_ADDR: 46.118.118.173
HTTP_REFERER: http://netpics.org/
requested: array(5) {
  ["lang"] => string(2) "en"
  ["action"] => string(7) "archive"
  ["module"] => string(7) "default"
  ["controller"] => string(5) "index"
  ["key"] => string(0) ""
}


--------------------------------------------------------------------------------
2015-09-14T13:08:42+00:00 ERR (3) 404 "hire-lasse" was not found.
REMOTE_ADDR: 183.79.223.195
HTTP_REFERER: 
requested: array(5) {
  ["lang"] => string(2) "en"
  ["action"] => string(4) "page"
  ["key"] => string(10) "hire-lasse"
  ["module"] => string(7) "default"
  ["controller"] => string(5) "index"
}


--------------------------------------------------------------------------------
2015-09-14T14:44:57+00:00 ERR (3) 404 "" was not found.
REMOTE_ADDR: 46.118.126.38
HTTP_REFERER: http://mmm-sib.com/tags/
requested: array(5) {
  ["lang"] => string(2) "en"
  ["action"] => string(7) "archive"
  ["module"] => string(7) "default"
  ["controller"] => string(5) "index"
  ["key"] => string(0) ""
}


--------------------------------------------------------------------------------
2015-09-14T14:58:04+00:00 ERR (3) 404 Seite nicht gefunden
REMOTE_ADDR: 93.63.88.184
HTTP_REFERER: 
requested: array(3) {
  ["controller"] => string(5) "diary"
  ["action"] => string(4) "atom"
  ["module"] => string(7) "default"
}


--------------------------------------------------------------------------------
2015-09-14T22:55:08+00:00 ERR (3) 404 "" was not found.
REMOTE_ADDR: 178.137.92.63
HTTP_REFERER: http://live-videochat.ru/
requested: array(5) {
  ["lang"] => string(2) "en"
  ["action"] => string(7) "archive"
  ["module"] => string(7) "default"
  ["controller"] => string(5) "index"
  ["key"] => string(0) ""
}


--------------------------------------------------------------------------------
2015-09-14T22:55:08+00:00 ERR (3) 404 "" was not found.
REMOTE_ADDR: 178.137.92.63
HTTP_REFERER: https://iqoption.com/promo/simple-demo/?aff=1167&afftrack=mork
requested: array(5) {
  ["lang"] => string(2) "en"
  ["action"] => string(7) "archive"
  ["module"] => string(7) "default"
  ["controller"] => string(5) "index"
  ["key"] => string(0) ""
}


--------------------------------------------------------------------------------
2015-09-14T22:55:08+00:00 ERR (3) 404 "" was not found.
REMOTE_ADDR: 178.137.92.63
HTTP_REFERER: http://live-videochat.ru/
requested: array(5) {
  ["lang"] => string(2) "en"
  ["action"] => string(7) "archive"
  ["module"] => string(7) "default"
  ["controller"] => string(5) "index"
  ["key"] => string(0) ""
}


--------------------------------------------------------------------------------
2015-09-14T22:55:09+00:00 ERR (3) 404 "" was not found.
REMOTE_ADDR: 178.137.92.63
HTTP_REFERER: https://iqoption.com/promo/simple-demo/?aff=1167&afftrack=mork
requested: array(5) {
  ["lang"] => string(2) "en"
  ["action"] => string(7) "archive"
  ["module"] => string(7) "default"
  ["controller"] => string(5) "index"
  ["key"] => string(0) ""
}


--------------------------------------------------------------------------------
2015-09-14T23:35:47+00:00 ERR (3) 404 "hire-lasse" was not found.
REMOTE_ADDR: 46.4.120.3
HTTP_REFERER: 
requested: array(5) {
  ["lang"] => string(2) "en"
  ["action"] => string(4) "page"
  ["key"] => string(10) "hire-lasse"
  ["module"] => string(7) "default"
  ["controller"] => string(5) "index"
}


--------------------------------------------------------------------------------
