2018-11-18T11:59:44+00:00 ERR (3) 404 Seite nicht gefunden
REMOTE_ADDR: 192.99.35.135
HTTP_REFERER: 
requested: array(4) {
  ["controller"] => string(7) "wp-json"
  ["action"] => string(2) "wp"
  ["v2"] => string(5) "users"
  ["module"] => string(7) "default"
}


--------------------------------------------------------------------------------
2018-11-18T11:59:44+00:00 ERR (3) 404 Seite nicht gefunden
REMOTE_ADDR: 192.99.35.135
HTTP_REFERER: 
requested: array(4) {
  ["controller"] => string(7) "wp-json"
  ["action"] => string(2) "wp"
  ["v2"] => string(5) "users"
  ["module"] => string(7) "default"
}


--------------------------------------------------------------------------------
2018-11-18T15:43:32+00:00 ERR (3) 404 "hire-lasse" was not found.
REMOTE_ADDR: 66.249.64.67
HTTP_REFERER: 
requested: array(5) {
  ["lang"] => string(2) "de"
  ["action"] => string(4) "page"
  ["key"] => string(10) "hire-lasse"
  ["module"] => string(7) "default"
  ["controller"] => string(5) "index"
}


--------------------------------------------------------------------------------
2018-11-18T22:07:44+00:00 ERR (3) 404 Seite nicht gefunden
REMOTE_ADDR: 94.102.57.141
HTTP_REFERER: 
requested: array(3) {
  ["controller"] => string(4) ".git"
  ["action"] => string(6) "config"
  ["module"] => string(7) "default"
}


--------------------------------------------------------------------------------
