2013-05-20T03:06:06+00:00 ERR (3) 404 Seite nicht gefunden
REMOTE_ADDR: 50.19.160.29
HTTP_REFERER: 
requested: array(3) {
  ["controller"] => string(20) "apple-touch-icon.png"
  ["action"] => string(5) "index"
  ["module"] => string(7) "default"
}


--------------------------------------------------------------------------------
2013-05-20T08:23:55+00:00 ERR (3) 404 Seite nicht gefunden
REMOTE_ADDR: 46.4.100.231
HTTP_REFERER: 
requested: array(3) {
  ["controller"] => string(11) "sitemap.xml"
  ["action"] => string(5) "index"
  ["module"] => string(7) "default"
}


--------------------------------------------------------------------------------
2013-05-20T13:07:42+00:00 ERR (3) 404 Seite nicht gefunden
REMOTE_ADDR: 93.188.35.215
HTTP_REFERER: 
requested: array(3) {
  ["controller"] => string(5) "forum"
  ["action"] => string(9) "index.php"
  ["module"] => string(7) "default"
}


--------------------------------------------------------------------------------
2013-05-20T13:07:47+00:00 ERR (3) 404 Seite nicht gefunden
REMOTE_ADDR: 93.188.35.215
HTTP_REFERER: 
requested: array(3) {
  ["controller"] => string(5) "forum"
  ["action"] => string(9) "index.php"
  ["module"] => string(7) "default"
}


--------------------------------------------------------------------------------
2013-05-20T17:05:26+00:00 ERR (3) 404 Seite nicht gefunden
REMOTE_ADDR: 93.188.35.215
HTTP_REFERER: 
requested: array(3) {
  ["controller"] => string(5) "forum"
  ["action"] => string(9) "index.php"
  ["module"] => string(7) "default"
}


--------------------------------------------------------------------------------
2013-05-20T17:05:29+00:00 ERR (3) 404 Seite nicht gefunden
REMOTE_ADDR: 93.188.35.215
HTTP_REFERER: 
requested: array(3) {
  ["controller"] => string(5) "forum"
  ["action"] => string(9) "index.php"
  ["module"] => string(7) "default"
}


--------------------------------------------------------------------------------
