2013-08-01T05:47:20+00:00 ERR (3) 404 Seite nicht gefunden
REMOTE_ADDR: 137.175.68.122
HTTP_REFERER: http://graphicore.de/forum/index.php
requested: array(3) {
  ["controller"] => string(5) "forum"
  ["action"] => string(9) "index.php"
  ["module"] => string(7) "default"
}


--------------------------------------------------------------------------------
2013-08-01T07:19:54+00:00 ERR (3) 404 Seite nicht gefunden
REMOTE_ADDR: 178.92.140.196
HTTP_REFERER: http://graphicore.de/forum/
requested: array(3) {
  ["controller"] => string(5) "forum"
  ["action"] => string(5) "index"
  ["module"] => string(7) "default"
}


--------------------------------------------------------------------------------
2013-08-01T08:12:53+00:00 ERR (3) 404 "hire-lasse" was not found.
REMOTE_ADDR: 5.199.136.130
HTTP_REFERER: 
requested: array(5) {
  ["lang"] => string(2) "en"
  ["action"] => string(4) "page"
  ["key"] => string(10) "hire-lasse"
  ["module"] => string(7) "default"
  ["controller"] => string(5) "index"
}


--------------------------------------------------------------------------------
2013-08-01T13:29:38+00:00 ERR (3) 404 Seite nicht gefunden
REMOTE_ADDR: 31.3.253.10
HTTP_REFERER: http://graphicore.de/forum/
requested: array(3) {
  ["controller"] => string(5) "forum"
  ["action"] => string(5) "index"
  ["module"] => string(7) "default"
}


--------------------------------------------------------------------------------
2013-08-01T15:48:39+00:00 ERR (3) 404 "hire-lasse" was not found.
REMOTE_ADDR: 180.76.6.227
HTTP_REFERER: 
requested: array(5) {
  ["lang"] => string(2) "en"
  ["action"] => string(4) "page"
  ["key"] => string(10) "hire-lasse"
  ["module"] => string(7) "default"
  ["controller"] => string(5) "index"
}


--------------------------------------------------------------------------------
2013-08-01T21:44:45+00:00 ERR (3) 404 Seite nicht gefunden
REMOTE_ADDR: 71.208.22.188
HTTP_REFERER: 
requested: array(3) {
  ["controller"] => string(12) "wp-login.php"
  ["action"] => string(5) "index"
  ["module"] => string(7) "default"
}


--------------------------------------------------------------------------------
2013-08-01T21:44:45+00:00 ERR (3) 404 Seite nicht gefunden
REMOTE_ADDR: 71.208.22.188
HTTP_REFERER: 
requested: array(3) {
  ["controller"] => string(13) "administrator"
  ["action"] => string(9) "index.php"
  ["module"] => string(7) "default"
}


--------------------------------------------------------------------------------
2013-08-01T21:44:46+00:00 ERR (3) 404 Seite nicht gefunden
REMOTE_ADDR: 71.208.22.188
HTTP_REFERER: 
requested: array(3) {
  ["controller"] => string(9) "admin.php"
  ["action"] => string(5) "index"
  ["module"] => string(7) "default"
}


--------------------------------------------------------------------------------
