2011-07-06T03:22:18+00:00 ERR (3) 404 Seite nicht gefunden
REMOTE_ADDR: 164.132.89.85
HTTP_REFERER: 
requested: array(3) {
  ["controller"] => string(10) "javascript"
  ["action"] => string(1) "'"
  ["module"] => string(7) "default"
}


--------------------------------------------------------------------------------
2011-07-06T03:46:09+00:00 ERR (3) 404 Seite nicht gefunden
REMOTE_ADDR: 216.24.199.58
HTTP_REFERER: http://graphicore.de/forum/index.php
requested: array(3) {
  ["controller"] => string(5) "forum"
  ["action"] => string(9) "index.php"
  ["module"] => string(7) "default"
}


--------------------------------------------------------------------------------
2011-07-06T13:14:54+00:00 ERR (3) 404 Seite nicht gefunden
REMOTE_ADDR: 178.239.58.135
HTTP_REFERER: http://graphicore.de/forum/index.php
requested: array(3) {
  ["controller"] => string(5) "forum"
  ["action"] => string(9) "index.php"
  ["module"] => string(7) "default"
}


--------------------------------------------------------------------------------
