2014-10-09T01:10:51+00:00 ERR (3) 404 Seite nicht gefunden
REMOTE_ADDR: 91.200.12.28
HTTP_REFERER: http://graphicore.de/admin/fckeditor/editor/filemanager/browser/default/connectors/test.html
requested: array(6) {
  ["controller"] => string(5) "admin"
  ["action"] => string(9) "fckeditor"
  ["editor"] => string(11) "filemanager"
  ["browser"] => string(7) "default"
  ["connectors"] => string(9) "test.html"
  ["module"] => string(7) "default"
}


--------------------------------------------------------------------------------
2014-10-09T01:10:51+00:00 ERR (3) 404 Seite nicht gefunden
REMOTE_ADDR: 91.200.12.28
HTTP_REFERER: http://graphicore.de/editor/filemanager/browser/default/connectors/test.html
requested: array(5) {
  ["controller"] => string(6) "editor"
  ["action"] => string(11) "filemanager"
  ["browser"] => string(7) "default"
  ["connectors"] => string(9) "test.html"
  ["module"] => string(7) "default"
}


--------------------------------------------------------------------------------
2014-10-09T01:10:51+00:00 ERR (3) 404 Seite nicht gefunden
REMOTE_ADDR: 91.200.12.28
HTTP_REFERER: http://graphicore.de/fck/editor/filemanager/browser/default/connectors/test.html
requested: array(5) {
  ["controller"] => string(3) "fck"
  ["action"] => string(6) "editor"
  ["filemanager"] => string(7) "browser"
  ["default"] => string(10) "connectors"
  ["module"] => string(7) "default"
}


--------------------------------------------------------------------------------
2014-10-09T01:10:52+00:00 ERR (3) 404 Seite nicht gefunden
REMOTE_ADDR: 91.200.12.28
HTTP_REFERER: http://graphicore.de/fckeditor/editor/filemanager/browser/default/connectors/test.html
requested: array(5) {
  ["controller"] => string(9) "fckeditor"
  ["action"] => string(6) "editor"
  ["filemanager"] => string(7) "browser"
  ["default"] => string(10) "connectors"
  ["module"] => string(7) "default"
}


--------------------------------------------------------------------------------
2014-10-09T01:10:52+00:00 ERR (3) 404 Seite nicht gefunden
REMOTE_ADDR: 91.200.12.28
HTTP_REFERER: http://graphicore.de/manage/fckeditor/editor/filemanager/browser/default/connectors/test.html
requested: array(6) {
  ["controller"] => string(6) "manage"
  ["action"] => string(9) "fckeditor"
  ["editor"] => string(11) "filemanager"
  ["browser"] => string(7) "default"
  ["connectors"] => string(9) "test.html"
  ["module"] => string(7) "default"
}


--------------------------------------------------------------------------------
2014-10-09T02:06:18+00:00 ERR (3) 404 Seite nicht gefunden
REMOTE_ADDR: 120.37.235.172
HTTP_REFERER: http://graphicore.de/editor/dialog/fck_about.html
requested: array(3) {
  ["controller"] => string(6) "editor"
  ["action"] => string(6) "dialog"
  ["module"] => string(7) "default"
}


--------------------------------------------------------------------------------
2014-10-09T02:06:19+00:00 ERR (3) 404 Seite nicht gefunden
REMOTE_ADDR: 120.37.235.172
HTTP_REFERER: http://graphicore.de/FCKeditor/editor/dialog/fck_about.html
requested: array(4) {
  ["controller"] => string(9) "FCKeditor"
  ["action"] => string(6) "editor"
  ["dialog"] => string(14) "fck_about.html"
  ["module"] => string(7) "default"
}


--------------------------------------------------------------------------------
2014-10-09T02:06:19+00:00 ERR (3) 404 Seite nicht gefunden
REMOTE_ADDR: 120.37.235.172
HTTP_REFERER: http://graphicore.de/FCK/editor/dialog/fck_about.html
requested: array(4) {
  ["controller"] => string(3) "FCK"
  ["action"] => string(6) "editor"
  ["dialog"] => string(14) "fck_about.html"
  ["module"] => string(7) "default"
}


--------------------------------------------------------------------------------
2014-10-09T02:06:20+00:00 ERR (3) 404 Seite nicht gefunden
REMOTE_ADDR: 120.37.235.172
HTTP_REFERER: http://graphicore.de/admin/FCKeditor/editor/dialog/fck_about.html
requested: array(4) {
  ["controller"] => string(5) "admin"
  ["action"] => string(9) "FCKeditor"
  ["editor"] => string(6) "dialog"
  ["module"] => string(7) "default"
}


--------------------------------------------------------------------------------
2014-10-09T02:06:21+00:00 ERR (3) 404 Seite nicht gefunden
REMOTE_ADDR: 120.37.235.172
HTTP_REFERER: http://graphicore.de/manage/FCKeditor/editor/dialog/fck_about.html
requested: array(4) {
  ["controller"] => string(6) "manage"
  ["action"] => string(9) "FCKeditor"
  ["editor"] => string(6) "dialog"
  ["module"] => string(7) "default"
}


--------------------------------------------------------------------------------
2014-10-09T02:06:21+00:00 ERR (3) 404 Seite nicht gefunden
REMOTE_ADDR: 120.37.235.172
HTTP_REFERER: http://graphicore.de/editor/editor/dialog/fck_about.html
requested: array(4) {
  ["controller"] => string(6) "editor"
  ["action"] => string(6) "editor"
  ["dialog"] => string(14) "fck_about.html"
  ["module"] => string(7) "default"
}


--------------------------------------------------------------------------------
2014-10-09T02:06:22+00:00 ERR (3) 404 Seite nicht gefunden
REMOTE_ADDR: 120.37.235.172
HTTP_REFERER: http://graphicore.de/editor/FCKeditor/editor/dialog/fck_about.html
requested: array(4) {
  ["controller"] => string(6) "editor"
  ["action"] => string(9) "FCKeditor"
  ["editor"] => string(6) "dialog"
  ["module"] => string(7) "default"
}


--------------------------------------------------------------------------------
2014-10-09T03:20:25+00:00 ERR (3) 404 "hire-lasse" was not found.
REMOTE_ADDR: 180.76.5.167
HTTP_REFERER: 
requested: array(5) {
  ["lang"] => string(2) "en"
  ["action"] => string(4) "page"
  ["key"] => string(10) "hire-lasse"
  ["module"] => string(7) "default"
  ["controller"] => string(5) "index"
}


--------------------------------------------------------------------------------
2014-10-09T04:52:08+00:00 ERR (3) 404 Seite nicht gefunden
REMOTE_ADDR: 27.150.208.242
HTTP_REFERER: http://graphicore.de/FCK/editor/dialog/fck_about.html
requested: array(4) {
  ["controller"] => string(3) "FCK"
  ["action"] => string(6) "editor"
  ["dialog"] => string(14) "fck_about.html"
  ["module"] => string(7) "default"
}


--------------------------------------------------------------------------------
2014-10-09T04:52:09+00:00 ERR (3) 404 Seite nicht gefunden
REMOTE_ADDR: 27.150.208.242
HTTP_REFERER: http://graphicore.de/admin/FCKeditor/editor/dialog/fck_about.html
requested: array(4) {
  ["controller"] => string(5) "admin"
  ["action"] => string(9) "FCKeditor"
  ["editor"] => string(6) "dialog"
  ["module"] => string(7) "default"
}


--------------------------------------------------------------------------------
2014-10-09T04:52:09+00:00 ERR (3) 404 Seite nicht gefunden
REMOTE_ADDR: 27.150.208.242
HTTP_REFERER: http://graphicore.de/manage/FCKeditor/editor/dialog/fck_about.html
requested: array(4) {
  ["controller"] => string(6) "manage"
  ["action"] => string(9) "FCKeditor"
  ["editor"] => string(6) "dialog"
  ["module"] => string(7) "default"
}


--------------------------------------------------------------------------------
2014-10-09T04:52:10+00:00 ERR (3) 404 Seite nicht gefunden
REMOTE_ADDR: 27.150.208.242
HTTP_REFERER: http://graphicore.de/editor/editor/dialog/fck_about.html
requested: array(4) {
  ["controller"] => string(6) "editor"
  ["action"] => string(6) "editor"
  ["dialog"] => string(14) "fck_about.html"
  ["module"] => string(7) "default"
}


--------------------------------------------------------------------------------
2014-10-09T04:52:11+00:00 ERR (3) 404 Seite nicht gefunden
REMOTE_ADDR: 27.150.208.242
HTTP_REFERER: http://graphicore.de/editor/FCKeditor/editor/dialog/fck_about.html
requested: array(4) {
  ["controller"] => string(6) "editor"
  ["action"] => string(9) "FCKeditor"
  ["editor"] => string(6) "dialog"
  ["module"] => string(7) "default"
}


--------------------------------------------------------------------------------
2014-10-09T04:54:44+00:00 ERR (3) 404 "hire-lasse" was not found.
REMOTE_ADDR: 66.249.69.98
HTTP_REFERER: 
requested: array(5) {
  ["lang"] => string(2) "de"
  ["action"] => string(4) "page"
  ["key"] => string(10) "hire-lasse"
  ["module"] => string(7) "default"
  ["controller"] => string(5) "index"
}


--------------------------------------------------------------------------------
2014-10-09T10:28:09+00:00 ERR (3) 404 Page not found
REMOTE_ADDR: 162.248.246.47
HTTP_REFERER: http://www.graphicore.de/
requested: array(3) {
  ["controller"] => string(5) "forum"
  ["action"] => string(5) "index"
  ["module"] => string(7) "default"
}


--------------------------------------------------------------------------------
2014-10-09T11:50:06+00:00 ERR (3) 404 Seite nicht gefunden
REMOTE_ADDR: 62.163.144.31
HTTP_REFERER: 
requested: array(4) {
  ["controller"] => string(6) "https:"
  [""] => string(19) "silber-und-blei.com"
  ["action"] => string(5) "index"
  ["module"] => string(7) "default"
}


--------------------------------------------------------------------------------
2014-10-09T11:50:06+00:00 ERR (3) 404 Seite nicht gefunden
REMOTE_ADDR: 62.163.144.31
HTTP_REFERER: 
requested: array(3) {
  ["controller"] => string(2) "js"
  ["action"] => string(1) "'"
  ["module"] => string(7) "default"
}


--------------------------------------------------------------------------------
2014-10-09T13:58:10+00:00 ERR (3) 404 Seite nicht gefunden
REMOTE_ADDR: 222.77.200.84
HTTP_REFERER: http://graphicore.de/editor/dialog/fck_about.html
requested: array(3) {
  ["controller"] => string(6) "editor"
  ["action"] => string(6) "dialog"
  ["module"] => string(7) "default"
}


--------------------------------------------------------------------------------
2014-10-09T13:58:12+00:00 ERR (3) 404 Seite nicht gefunden
REMOTE_ADDR: 222.77.200.84
HTTP_REFERER: http://graphicore.de/FCKeditor/editor/dialog/fck_about.html
requested: array(4) {
  ["controller"] => string(9) "FCKeditor"
  ["action"] => string(6) "editor"
  ["dialog"] => string(14) "fck_about.html"
  ["module"] => string(7) "default"
}


--------------------------------------------------------------------------------
2014-10-09T13:58:14+00:00 ERR (3) 404 Seite nicht gefunden
REMOTE_ADDR: 222.77.200.84
HTTP_REFERER: http://graphicore.de/FCK/editor/dialog/fck_about.html
requested: array(4) {
  ["controller"] => string(3) "FCK"
  ["action"] => string(6) "editor"
  ["dialog"] => string(14) "fck_about.html"
  ["module"] => string(7) "default"
}


--------------------------------------------------------------------------------
2014-10-09T13:58:15+00:00 ERR (3) 404 Seite nicht gefunden
REMOTE_ADDR: 222.77.200.84
HTTP_REFERER: http://graphicore.de/admin/FCKeditor/editor/dialog/fck_about.html
requested: array(4) {
  ["controller"] => string(5) "admin"
  ["action"] => string(9) "FCKeditor"
  ["editor"] => string(6) "dialog"
  ["module"] => string(7) "default"
}


--------------------------------------------------------------------------------
2014-10-09T13:58:17+00:00 ERR (3) 404 Seite nicht gefunden
REMOTE_ADDR: 222.77.200.84
HTTP_REFERER: http://graphicore.de/manage/FCKeditor/editor/dialog/fck_about.html
requested: array(4) {
  ["controller"] => string(6) "manage"
  ["action"] => string(9) "FCKeditor"
  ["editor"] => string(6) "dialog"
  ["module"] => string(7) "default"
}


--------------------------------------------------------------------------------
2014-10-09T13:58:18+00:00 ERR (3) 404 Seite nicht gefunden
REMOTE_ADDR: 222.77.200.84
HTTP_REFERER: http://graphicore.de/editor/editor/dialog/fck_about.html
requested: array(4) {
  ["controller"] => string(6) "editor"
  ["action"] => string(6) "editor"
  ["dialog"] => string(14) "fck_about.html"
  ["module"] => string(7) "default"
}


--------------------------------------------------------------------------------
2014-10-09T13:58:19+00:00 ERR (3) 404 Seite nicht gefunden
REMOTE_ADDR: 222.77.200.84
HTTP_REFERER: http://graphicore.de/editor/FCKeditor/editor/dialog/fck_about.html
requested: array(4) {
  ["controller"] => string(6) "editor"
  ["action"] => string(9) "FCKeditor"
  ["editor"] => string(6) "dialog"
  ["module"] => string(7) "default"
}


--------------------------------------------------------------------------------
2014-10-09T20:06:21+00:00 ERR (3) 404 Seite nicht gefunden
REMOTE_ADDR: 78.34.63.77
HTTP_REFERER: 
requested: array(3) {
  ["controller"] => string(40) "apple-touch-icon-120x120-precomposed.png"
  ["action"] => string(5) "index"
  ["module"] => string(7) "default"
}


--------------------------------------------------------------------------------
2014-10-09T20:06:21+00:00 ERR (3) 404 Seite nicht gefunden
REMOTE_ADDR: 78.34.63.77
HTTP_REFERER: 
requested: array(3) {
  ["controller"] => string(28) "apple-touch-icon-120x120.png"
  ["action"] => string(5) "index"
  ["module"] => string(7) "default"
}


--------------------------------------------------------------------------------
2014-10-09T20:06:21+00:00 ERR (3) 404 Seite nicht gefunden
REMOTE_ADDR: 78.34.63.77
HTTP_REFERER: 
requested: array(3) {
  ["controller"] => string(32) "apple-touch-icon-precomposed.png"
  ["action"] => string(5) "index"
  ["module"] => string(7) "default"
}


--------------------------------------------------------------------------------
2014-10-09T20:06:22+00:00 ERR (3) 404 Seite nicht gefunden
REMOTE_ADDR: 78.34.63.77
HTTP_REFERER: 
requested: array(3) {
  ["controller"] => string(20) "apple-touch-icon.png"
  ["action"] => string(5) "index"
  ["module"] => string(7) "default"
}


--------------------------------------------------------------------------------
2014-10-09T21:07:03+00:00 ERR (3) 404 Seite nicht gefunden
REMOTE_ADDR: 122.10.118.139
HTTP_REFERER: http://graphicore.de/webmanage/fckeditor/editor/filemanager/browser/default/connectors/asp/connector.asp
requested: array(6) {
  ["controller"] => string(9) "webmanage"
  ["action"] => string(9) "fckeditor"
  ["editor"] => string(11) "filemanager"
  ["browser"] => string(7) "default"
  ["connectors"] => string(3) "asp"
  ["module"] => string(7) "default"
}


--------------------------------------------------------------------------------
2014-10-09T21:07:04+00:00 ERR (3) 404 Seite nicht gefunden
REMOTE_ADDR: 122.10.118.139
HTTP_REFERER: http://graphicore.de/editor/editor/filemanager/browser/default/connectors/asp/connector.asp
requested: array(6) {
  ["controller"] => string(6) "editor"
  ["action"] => string(6) "editor"
  ["filemanager"] => string(7) "browser"
  ["default"] => string(10) "connectors"
  ["asp"] => string(13) "connector.asp"
  ["module"] => string(7) "default"
}


--------------------------------------------------------------------------------
2014-10-09T21:07:06+00:00 ERR (3) 404 Seite nicht gefunden
REMOTE_ADDR: 122.10.118.139
HTTP_REFERER: http://graphicore.de/fckeditor/editor/filemanager/browser/default/connectors/asp/connector.asp
requested: array(6) {
  ["controller"] => string(9) "fckeditor"
  ["action"] => string(6) "editor"
  ["filemanager"] => string(7) "browser"
  ["default"] => string(10) "connectors"
  ["asp"] => string(13) "connector.asp"
  ["module"] => string(7) "default"
}


--------------------------------------------------------------------------------
2014-10-09T21:07:07+00:00 ERR (3) 404 Seite nicht gefunden
REMOTE_ADDR: 122.10.118.139
HTTP_REFERER: http://graphicore.de/admin/fckeditor/editor/filemanager/browser/default/connectors/asp/connector.asp
requested: array(6) {
  ["controller"] => string(5) "admin"
  ["action"] => string(9) "fckeditor"
  ["editor"] => string(11) "filemanager"
  ["browser"] => string(7) "default"
  ["connectors"] => string(3) "asp"
  ["module"] => string(7) "default"
}


--------------------------------------------------------------------------------
2014-10-09T21:07:08+00:00 ERR (3) 404 Seite nicht gefunden
REMOTE_ADDR: 122.10.118.139
HTTP_REFERER: http://graphicore.de/editor/filemanager/browser/default/connectors/asp/connector.asp
requested: array(5) {
  ["controller"] => string(6) "editor"
  ["action"] => string(11) "filemanager"
  ["browser"] => string(7) "default"
  ["connectors"] => string(3) "asp"
  ["module"] => string(7) "default"
}


--------------------------------------------------------------------------------
2014-10-09T21:07:09+00:00 ERR (3) 404 Seite nicht gefunden
REMOTE_ADDR: 122.10.118.139
HTTP_REFERER: http://graphicore.de/manage/fckeditor/editor/filemanager/browser/default/connectors/asp/connector.asp
requested: array(6) {
  ["controller"] => string(6) "manage"
  ["action"] => string(9) "fckeditor"
  ["editor"] => string(11) "filemanager"
  ["browser"] => string(7) "default"
  ["connectors"] => string(3) "asp"
  ["module"] => string(7) "default"
}


--------------------------------------------------------------------------------
2014-10-09T21:08:16+00:00 ERR (3) 404 Seite nicht gefunden
REMOTE_ADDR: 109.227.97.131
HTTP_REFERER: http://www.lifeinsuranceinnews.net
requested: array(3) {
  ["controller"] => string(5) "forum"
  ["action"] => string(5) "index"
  ["module"] => string(7) "default"
}


--------------------------------------------------------------------------------
2014-10-09T21:08:17+00:00 ERR (3) 404 Seite nicht gefunden
REMOTE_ADDR: 109.227.97.131
HTTP_REFERER: http://www.lifeinsuranceinnews.net
requested: array(3) {
  ["controller"] => string(5) "forum"
  ["action"] => string(5) "index"
  ["module"] => string(7) "default"
}


--------------------------------------------------------------------------------
2014-10-09T21:08:18+00:00 ERR (3) 404 Seite nicht gefunden
REMOTE_ADDR: 109.227.97.131
HTTP_REFERER: http://www.lifeinsuranceinnews.net
requested: array(3) {
  ["controller"] => string(5) "forum"
  ["action"] => string(5) "index"
  ["module"] => string(7) "default"
}


--------------------------------------------------------------------------------
2014-10-09T21:22:36+00:00 ERR (3) 404 Seite nicht gefunden
REMOTE_ADDR: 204.228.227.228
HTTP_REFERER: 
requested: array(3) {
  ["controller"] => string(3) "app"
  ["action"] => string(3) "etc"
  ["module"] => string(7) "default"
}


--------------------------------------------------------------------------------
2014-10-09T21:22:37+00:00 ERR (3) 404 "" was not found.
REMOTE_ADDR: 204.228.227.228
HTTP_REFERER: 
requested: array(6) {
  ["lang"] => string(2) "en"
  ["action"] => string(7) "archive"
  ["key"] => string(0) ""
  ["app"] => string(3) "etc"
  ["module"] => string(7) "default"
  ["controller"] => string(5) "index"
}


--------------------------------------------------------------------------------
2014-10-09T22:39:51+00:00 ERR (3) 404 Seite nicht gefunden
REMOTE_ADDR: 122.10.118.139
HTTP_REFERER: http://graphicore.de/webmanage/fckeditor/editor/filemanager/browser/default/connectors/asp/connector.asp
requested: array(6) {
  ["controller"] => string(9) "webmanage"
  ["action"] => string(9) "fckeditor"
  ["editor"] => string(11) "filemanager"
  ["browser"] => string(7) "default"
  ["connectors"] => string(3) "asp"
  ["module"] => string(7) "default"
}


--------------------------------------------------------------------------------
2014-10-09T22:39:53+00:00 ERR (3) 404 Seite nicht gefunden
REMOTE_ADDR: 122.10.118.139
HTTP_REFERER: http://graphicore.de/editor/editor/filemanager/browser/default/connectors/asp/connector.asp
requested: array(6) {
  ["controller"] => string(6) "editor"
  ["action"] => string(6) "editor"
  ["filemanager"] => string(7) "browser"
  ["default"] => string(10) "connectors"
  ["asp"] => string(13) "connector.asp"
  ["module"] => string(7) "default"
}


--------------------------------------------------------------------------------
2014-10-09T22:39:54+00:00 ERR (3) 404 Seite nicht gefunden
REMOTE_ADDR: 122.10.118.139
HTTP_REFERER: http://graphicore.de/fckeditor/editor/filemanager/browser/default/connectors/asp/connector.asp
requested: array(6) {
  ["controller"] => string(9) "fckeditor"
  ["action"] => string(6) "editor"
  ["filemanager"] => string(7) "browser"
  ["default"] => string(10) "connectors"
  ["asp"] => string(13) "connector.asp"
  ["module"] => string(7) "default"
}


--------------------------------------------------------------------------------
2014-10-09T22:39:55+00:00 ERR (3) 404 Seite nicht gefunden
REMOTE_ADDR: 122.10.118.139
HTTP_REFERER: http://graphicore.de/admin/fckeditor/editor/filemanager/browser/default/connectors/asp/connector.asp
requested: array(6) {
  ["controller"] => string(5) "admin"
  ["action"] => string(9) "fckeditor"
  ["editor"] => string(11) "filemanager"
  ["browser"] => string(7) "default"
  ["connectors"] => string(3) "asp"
  ["module"] => string(7) "default"
}


--------------------------------------------------------------------------------
2014-10-09T22:39:55+00:00 ERR (3) 404 Seite nicht gefunden
REMOTE_ADDR: 122.10.118.139
HTTP_REFERER: http://graphicore.de/editor/filemanager/browser/default/connectors/asp/connector.asp
requested: array(5) {
  ["controller"] => string(6) "editor"
  ["action"] => string(11) "filemanager"
  ["browser"] => string(7) "default"
  ["connectors"] => string(3) "asp"
  ["module"] => string(7) "default"
}


--------------------------------------------------------------------------------
2014-10-09T22:39:57+00:00 ERR (3) 404 Seite nicht gefunden
REMOTE_ADDR: 122.10.118.139
HTTP_REFERER: http://graphicore.de/manage/fckeditor/editor/filemanager/browser/default/connectors/asp/connector.asp
requested: array(6) {
  ["controller"] => string(6) "manage"
  ["action"] => string(9) "fckeditor"
  ["editor"] => string(11) "filemanager"
  ["browser"] => string(7) "default"
  ["connectors"] => string(3) "asp"
  ["module"] => string(7) "default"
}


--------------------------------------------------------------------------------
