2014-05-14T01:38:28+00:00 ERR (3) 404 Seite nicht gefunden
REMOTE_ADDR: 79.116.31.243
HTTP_REFERER: 
requested: array(4) {
  ["controller"] => string(6) "https:"
  [""] => string(19) "silber-und-blei.com"
  ["action"] => string(5) "index"
  ["module"] => string(7) "default"
}


--------------------------------------------------------------------------------
2014-05-14T01:38:30+00:00 ERR (3) 404 Seite nicht gefunden
REMOTE_ADDR: 79.116.31.243
HTTP_REFERER: 
requested: array(3) {
  ["controller"] => string(2) "js"
  ["action"] => string(1) "'"
  ["module"] => string(7) "default"
}


--------------------------------------------------------------------------------
2014-05-14T05:03:16+00:00 ERR (3) 404 Seite nicht gefunden
REMOTE_ADDR: 91.207.7.169
HTTP_REFERER: http://graphicore.de/forum/index.php
requested: array(3) {
  ["controller"] => string(5) "forum"
  ["action"] => string(9) "index.php"
  ["module"] => string(7) "default"
}


--------------------------------------------------------------------------------
2014-05-14T10:12:17+00:00 ERR (3) 404 "hire-lasse" was not found.
REMOTE_ADDR: 176.9.19.199
HTTP_REFERER: http://graphicore.de/de/feed/rss
requested: array(5) {
  ["lang"] => string(2) "de"
  ["action"] => string(4) "page"
  ["key"] => string(10) "hire-lasse"
  ["module"] => string(7) "default"
  ["controller"] => string(5) "index"
}


--------------------------------------------------------------------------------
2014-05-14T13:50:18+00:00 ERR (3) 404 Seite nicht gefunden
REMOTE_ADDR: 79.116.31.243
HTTP_REFERER: 
requested: array(3) {
  ["controller"] => string(6) "https:"
  ["action"] => string(19) "silber-und-blei.com"
  ["module"] => string(7) "default"
}


--------------------------------------------------------------------------------
2014-05-14T13:50:19+00:00 ERR (3) 404 Seite nicht gefunden
REMOTE_ADDR: 79.116.31.243
HTTP_REFERER: 
requested: array(3) {
  ["controller"] => string(2) "js"
  ["action"] => string(1) "'"
  ["module"] => string(7) "default"
}


--------------------------------------------------------------------------------
2014-05-14T15:42:46+00:00 ERR (3) 404 "hire-lasse" was not found.
REMOTE_ADDR: 188.40.116.74
HTTP_REFERER: http://graphicore.de/en/archive/2013-11-12_silber-und-blei
requested: array(5) {
  ["lang"] => string(2) "de"
  ["action"] => string(4) "page"
  ["key"] => string(10) "hire-lasse"
  ["module"] => string(7) "default"
  ["controller"] => string(5) "index"
}


--------------------------------------------------------------------------------
2014-05-14T15:42:47+00:00 ERR (3) 404 "hire-lasse" was not found.
REMOTE_ADDR: 188.40.116.74
HTTP_REFERER: http://graphicore.de/en/archive/2013-11-12_silber-und-blei
requested: array(5) {
  ["lang"] => string(2) "en"
  ["action"] => string(4) "page"
  ["key"] => string(10) "hire-lasse"
  ["module"] => string(7) "default"
  ["controller"] => string(5) "index"
}


--------------------------------------------------------------------------------
2014-05-14T19:06:27+00:00 ERR (3) 404 "hire-lasse" was not found.
REMOTE_ADDR: 37.16.72.127
HTTP_REFERER: 
requested: array(5) {
  ["lang"] => string(2) "de"
  ["action"] => string(4) "page"
  ["key"] => string(10) "hire-lasse"
  ["module"] => string(7) "default"
  ["controller"] => string(5) "index"
}


--------------------------------------------------------------------------------
2014-05-14T19:07:02+00:00 ERR (3) 404 "hire-lasse" was not found.
REMOTE_ADDR: 37.16.72.127
HTTP_REFERER: 
requested: array(5) {
  ["lang"] => string(2) "en"
  ["action"] => string(4) "page"
  ["key"] => string(10) "hire-lasse"
  ["module"] => string(7) "default"
  ["controller"] => string(5) "index"
}


--------------------------------------------------------------------------------
2014-05-14T20:34:22+00:00 ERR (3) 404 Seite nicht gefunden
REMOTE_ADDR: 76.164.224.162
HTTP_REFERER: http://graphicore.de/forum/
requested: array(3) {
  ["controller"] => string(5) "forum"
  ["action"] => string(5) "index"
  ["module"] => string(7) "default"
}


--------------------------------------------------------------------------------
2014-05-14T21:33:13+00:00 ERR (3) 404 Seite nicht gefunden
REMOTE_ADDR: 37.16.72.127
HTTP_REFERER: 
requested: array(3) {
  ["controller"] => string(2) "js"
  ["action"] => string(4) "href"
  ["module"] => string(7) "default"
}


--------------------------------------------------------------------------------
