2015-05-06T02:53:11+00:00 ERR (3) 404 "story" was not found.
REMOTE_ADDR: 157.55.39.248
HTTP_REFERER: 
requested: array(5) {
  ["lang"] => string(2) "de"
  ["action"] => string(5) "index"
  ["key"] => string(5) "story"
  ["module"] => string(7) "default"
  ["controller"] => string(5) "index"
}


--------------------------------------------------------------------------------
2015-05-06T03:05:32+00:00 ERR (3) 404 Seite nicht gefunden
REMOTE_ADDR: 178.137.95.44
HTTP_REFERER: http://graphicore.de/forum/
requested: array(3) {
  ["controller"] => string(5) "forum"
  ["action"] => string(5) "index"
  ["module"] => string(7) "default"
}


--------------------------------------------------------------------------------
2015-05-06T04:00:16+00:00 ERR (3) 404 "hire-lasse" was not found.
REMOTE_ADDR: 5.9.24.198
HTTP_REFERER: 
requested: array(5) {
  ["lang"] => string(2) "de"
  ["action"] => string(4) "page"
  ["key"] => string(10) "hire-lasse"
  ["module"] => string(7) "default"
  ["controller"] => string(5) "index"
}


--------------------------------------------------------------------------------
2015-05-06T04:46:12+00:00 ERR (3) 404 "" was not found.
REMOTE_ADDR: 178.137.19.143
HTTP_REFERER: http://mini.afora.ru/
requested: array(5) {
  ["lang"] => string(2) "en"
  ["action"] => string(7) "archive"
  ["module"] => string(7) "default"
  ["controller"] => string(5) "index"
  ["key"] => string(0) ""
}


--------------------------------------------------------------------------------
2015-05-06T04:46:13+00:00 ERR (3) 404 "" was not found.
REMOTE_ADDR: 178.137.19.143
HTTP_REFERER: http://mini.afora.ru/
requested: array(5) {
  ["lang"] => string(2) "en"
  ["action"] => string(7) "archive"
  ["module"] => string(7) "default"
  ["controller"] => string(5) "index"
  ["key"] => string(0) ""
}


--------------------------------------------------------------------------------
2015-05-06T04:46:13+00:00 ERR (3) 404 "" was not found.
REMOTE_ADDR: 178.137.19.143
HTTP_REFERER: http://mini.afora.ru/
requested: array(5) {
  ["lang"] => string(2) "en"
  ["action"] => string(7) "archive"
  ["module"] => string(7) "default"
  ["controller"] => string(5) "index"
  ["key"] => string(0) ""
}


--------------------------------------------------------------------------------
2015-05-06T07:21:37+00:00 ERR (3) 404 "" was not found.
REMOTE_ADDR: 94.153.9.66
HTTP_REFERER: http://doeco.ru/
requested: array(5) {
  ["lang"] => string(2) "en"
  ["action"] => string(7) "archive"
  ["module"] => string(7) "default"
  ["controller"] => string(5) "index"
  ["key"] => string(0) ""
}


--------------------------------------------------------------------------------
2015-05-06T07:21:37+00:00 ERR (3) 404 "" was not found.
REMOTE_ADDR: 94.153.9.66
HTTP_REFERER: http://steamcase.ru/
requested: array(5) {
  ["lang"] => string(2) "en"
  ["action"] => string(7) "archive"
  ["module"] => string(7) "default"
  ["controller"] => string(5) "index"
  ["key"] => string(0) ""
}


--------------------------------------------------------------------------------
2015-05-06T07:21:37+00:00 ERR (3) 404 "" was not found.
REMOTE_ADDR: 94.153.9.66
HTTP_REFERER: http://steamcase.ru/
requested: array(5) {
  ["lang"] => string(2) "en"
  ["action"] => string(7) "archive"
  ["module"] => string(7) "default"
  ["controller"] => string(5) "index"
  ["key"] => string(0) ""
}


--------------------------------------------------------------------------------
2015-05-06T07:21:37+00:00 ERR (3) 404 "" was not found.
REMOTE_ADDR: 94.153.9.66
HTTP_REFERER: http://doeco.ru/
requested: array(5) {
  ["lang"] => string(2) "en"
  ["action"] => string(7) "archive"
  ["module"] => string(7) "default"
  ["controller"] => string(5) "index"
  ["key"] => string(0) ""
}


--------------------------------------------------------------------------------
2015-05-06T07:21:38+00:00 ERR (3) 404 "" was not found.
REMOTE_ADDR: 94.153.9.66
HTTP_REFERER: http://doeco.ru/
requested: array(5) {
  ["lang"] => string(2) "en"
  ["action"] => string(7) "archive"
  ["module"] => string(7) "default"
  ["controller"] => string(5) "index"
  ["key"] => string(0) ""
}


--------------------------------------------------------------------------------
2015-05-06T07:21:38+00:00 ERR (3) 404 "" was not found.
REMOTE_ADDR: 94.153.9.66
HTTP_REFERER: http://steamcase.ru/
requested: array(5) {
  ["lang"] => string(2) "en"
  ["action"] => string(7) "archive"
  ["module"] => string(7) "default"
  ["controller"] => string(5) "index"
  ["key"] => string(0) ""
}


--------------------------------------------------------------------------------
2015-05-06T07:22:29+00:00 ERR (3) 404 "hire-lasse" was not found.
REMOTE_ADDR: 176.9.148.233
HTTP_REFERER: 
requested: array(5) {
  ["lang"] => string(2) "de"
  ["action"] => string(4) "page"
  ["key"] => string(10) "hire-lasse"
  ["module"] => string(7) "default"
  ["controller"] => string(5) "index"
}


--------------------------------------------------------------------------------
2015-05-06T07:53:28+00:00 ERR (3) 404 "" was not found.
REMOTE_ADDR: 178.137.166.68
HTTP_REFERER: http://alfa-pechati.ru/
requested: array(5) {
  ["lang"] => string(2) "en"
  ["action"] => string(7) "archive"
  ["module"] => string(7) "default"
  ["controller"] => string(5) "index"
  ["key"] => string(0) ""
}


--------------------------------------------------------------------------------
2015-05-06T07:53:28+00:00 ERR (3) 404 "" was not found.
REMOTE_ADDR: 178.137.166.68
HTTP_REFERER: http://alfa-pechati.ru/
requested: array(5) {
  ["lang"] => string(2) "en"
  ["action"] => string(7) "archive"
  ["module"] => string(7) "default"
  ["controller"] => string(5) "index"
  ["key"] => string(0) ""
}


--------------------------------------------------------------------------------
2015-05-06T07:53:29+00:00 ERR (3) 404 "" was not found.
REMOTE_ADDR: 178.137.166.68
HTTP_REFERER: http://sexreliz.com/
requested: array(5) {
  ["lang"] => string(2) "en"
  ["action"] => string(7) "archive"
  ["module"] => string(7) "default"
  ["controller"] => string(5) "index"
  ["key"] => string(0) ""
}


--------------------------------------------------------------------------------
2015-05-06T07:53:29+00:00 ERR (3) 404 "" was not found.
REMOTE_ADDR: 178.137.166.68
HTTP_REFERER: http://fixprice.xoztovari.ru/
requested: array(5) {
  ["lang"] => string(2) "en"
  ["action"] => string(7) "archive"
  ["module"] => string(7) "default"
  ["controller"] => string(5) "index"
  ["key"] => string(0) ""
}


--------------------------------------------------------------------------------
2015-05-06T07:53:30+00:00 ERR (3) 404 "" was not found.
REMOTE_ADDR: 178.137.166.68
HTTP_REFERER: http://sexreliz.com/
requested: array(5) {
  ["lang"] => string(2) "en"
  ["action"] => string(7) "archive"
  ["module"] => string(7) "default"
  ["controller"] => string(5) "index"
  ["key"] => string(0) ""
}


--------------------------------------------------------------------------------
2015-05-06T07:53:30+00:00 ERR (3) 404 "" was not found.
REMOTE_ADDR: 178.137.166.68
HTTP_REFERER: http://alfa-pechati.ru/
requested: array(5) {
  ["lang"] => string(2) "en"
  ["action"] => string(7) "archive"
  ["module"] => string(7) "default"
  ["controller"] => string(5) "index"
  ["key"] => string(0) ""
}


--------------------------------------------------------------------------------
2015-05-06T07:53:30+00:00 ERR (3) 404 "" was not found.
REMOTE_ADDR: 178.137.166.68
HTTP_REFERER: http://sexreliz.com/
requested: array(5) {
  ["lang"] => string(2) "en"
  ["action"] => string(7) "archive"
  ["module"] => string(7) "default"
  ["controller"] => string(5) "index"
  ["key"] => string(0) ""
}


--------------------------------------------------------------------------------
2015-05-06T07:53:33+00:00 ERR (3) 404 "" was not found.
REMOTE_ADDR: 178.137.166.68
HTTP_REFERER: http://minedroid.com/
requested: array(5) {
  ["lang"] => string(2) "en"
  ["action"] => string(7) "archive"
  ["module"] => string(7) "default"
  ["controller"] => string(5) "index"
  ["key"] => string(0) ""
}


--------------------------------------------------------------------------------
2015-05-06T07:53:33+00:00 ERR (3) 404 "" was not found.
REMOTE_ADDR: 178.137.166.68
HTTP_REFERER: http://fixprice.xoztovari.ru/
requested: array(5) {
  ["lang"] => string(2) "en"
  ["action"] => string(7) "archive"
  ["module"] => string(7) "default"
  ["controller"] => string(5) "index"
  ["key"] => string(0) ""
}


--------------------------------------------------------------------------------
2015-05-06T07:53:33+00:00 ERR (3) 404 "" was not found.
REMOTE_ADDR: 178.137.166.68
HTTP_REFERER: http://minedroid.com/
requested: array(5) {
  ["lang"] => string(2) "en"
  ["action"] => string(7) "archive"
  ["module"] => string(7) "default"
  ["controller"] => string(5) "index"
  ["key"] => string(0) ""
}


--------------------------------------------------------------------------------
2015-05-06T07:53:33+00:00 ERR (3) 404 "" was not found.
REMOTE_ADDR: 178.137.166.68
HTTP_REFERER: http://fixprice.xoztovari.ru/
requested: array(5) {
  ["lang"] => string(2) "en"
  ["action"] => string(7) "archive"
  ["module"] => string(7) "default"
  ["controller"] => string(5) "index"
  ["key"] => string(0) ""
}


--------------------------------------------------------------------------------
2015-05-06T07:53:33+00:00 ERR (3) 404 "" was not found.
REMOTE_ADDR: 178.137.166.68
HTTP_REFERER: http://minedroid.com/
requested: array(5) {
  ["lang"] => string(2) "en"
  ["action"] => string(7) "archive"
  ["module"] => string(7) "default"
  ["controller"] => string(5) "index"
  ["key"] => string(0) ""
}


--------------------------------------------------------------------------------
2015-05-06T11:02:30+00:00 ERR (3) 404 Seite nicht gefunden
REMOTE_ADDR: 91.61.98.84
HTTP_REFERER: 
requested: array(3) {
  ["controller"] => string(32) "apple-touch-icon-precomposed.png"
  ["action"] => string(5) "index"
  ["module"] => string(7) "default"
}


--------------------------------------------------------------------------------
2015-05-06T11:02:30+00:00 ERR (3) 404 Seite nicht gefunden
REMOTE_ADDR: 91.61.98.84
HTTP_REFERER: 
requested: array(3) {
  ["controller"] => string(20) "apple-touch-icon.png"
  ["action"] => string(5) "index"
  ["module"] => string(7) "default"
}


--------------------------------------------------------------------------------
2015-05-06T14:02:23+00:00 ERR (3) 404 Seite nicht gefunden
REMOTE_ADDR: 192.187.126.162
HTTP_REFERER: 
requested: array(3) {
  ["controller"] => string(12) "wp-login.php"
  ["action"] => string(5) "index"
  ["module"] => string(7) "default"
}


--------------------------------------------------------------------------------
2015-05-06T14:23:11+00:00 ERR (3) 404 Seite nicht gefunden
REMOTE_ADDR: 80.82.65.82
HTTP_REFERER: 
requested: array(3) {
  ["controller"] => string(2) "js"
  ["action"] => string(9) "fckeditor"
  ["module"] => string(7) "default"
}


--------------------------------------------------------------------------------
2015-05-06T14:23:11+00:00 ERR (3) 404 Seite nicht gefunden
REMOTE_ADDR: 80.82.65.82
HTTP_REFERER: 
requested: array(3) {
  ["controller"] => string(9) "fckeditor"
  ["action"] => string(6) "editor"
  ["module"] => string(7) "default"
}


--------------------------------------------------------------------------------
2015-05-06T14:23:11+00:00 ERR (3) 404 Seite nicht gefunden
REMOTE_ADDR: 80.82.65.82
HTTP_REFERER: 
requested: array(3) {
  ["controller"] => string(7) "scripts"
  ["action"] => string(9) "fckeditor"
  ["module"] => string(7) "default"
}


--------------------------------------------------------------------------------
2015-05-06T14:23:11+00:00 ERR (3) 404 Seite nicht gefunden
REMOTE_ADDR: 80.82.65.82
HTTP_REFERER: 
requested: array(3) {
  ["controller"] => string(7) "editor1"
  ["action"] => string(6) "editor"
  ["module"] => string(7) "default"
}


--------------------------------------------------------------------------------
2015-05-06T14:23:11+00:00 ERR (3) 404 Seite nicht gefunden
REMOTE_ADDR: 80.82.65.82
HTTP_REFERER: 
requested: array(3) {
  ["controller"] => string(6) "editor"
  ["action"] => string(9) "fckeditor"
  ["module"] => string(7) "default"
}


--------------------------------------------------------------------------------
2015-05-06T14:23:11+00:00 ERR (3) 404 Seite nicht gefunden
REMOTE_ADDR: 80.82.65.82
HTTP_REFERER: 
requested: array(3) {
  ["controller"] => string(6) "system"
  ["action"] => string(9) "fckeditor"
  ["module"] => string(7) "default"
}


--------------------------------------------------------------------------------
2015-05-06T14:23:11+00:00 ERR (3) 404 Seite nicht gefunden
REMOTE_ADDR: 80.82.65.82
HTTP_REFERER: 
requested: array(3) {
  ["controller"] => string(8) "sysadmin"
  ["action"] => string(9) "fckeditor"
  ["module"] => string(7) "default"
}


--------------------------------------------------------------------------------
2015-05-06T14:23:11+00:00 ERR (3) 404 Seite nicht gefunden
REMOTE_ADDR: 80.82.65.82
HTTP_REFERER: 
requested: array(3) {
  ["controller"] => string(6) "editor"
  ["action"] => string(6) "editor"
  ["module"] => string(7) "default"
}


--------------------------------------------------------------------------------
2015-05-06T14:23:11+00:00 ERR (3) 404 Seite nicht gefunden
REMOTE_ADDR: 80.82.65.82
HTTP_REFERER: 
requested: array(3) {
  ["controller"] => string(6) "system"
  ["action"] => string(9) "fckeditor"
  ["module"] => string(7) "default"
}


--------------------------------------------------------------------------------
2015-05-06T14:23:11+00:00 ERR (3) 404 Seite nicht gefunden
REMOTE_ADDR: 80.82.65.82
HTTP_REFERER: 
requested: array(3) {
  ["controller"] => string(8) "includes"
  ["action"] => string(9) "fckeditor"
  ["module"] => string(7) "default"
}


--------------------------------------------------------------------------------
2015-05-06T14:23:11+00:00 ERR (3) 404 Seite nicht gefunden
REMOTE_ADDR: 80.82.65.82
HTTP_REFERER: 
requested: array(3) {
  ["controller"] => string(9) "editorold"
  ["action"] => string(6) "editor"
  ["module"] => string(7) "default"
}


--------------------------------------------------------------------------------
2015-05-06T14:23:11+00:00 ERR (3) 404 Seite nicht gefunden
REMOTE_ADDR: 80.82.65.82
HTTP_REFERER: 
requested: array(3) {
  ["controller"] => string(5) "admin"
  ["action"] => string(9) "fckeditor"
  ["module"] => string(7) "default"
}


--------------------------------------------------------------------------------
2015-05-06T14:23:11+00:00 ERR (3) 404 Seite nicht gefunden
REMOTE_ADDR: 80.82.65.82
HTTP_REFERER: 
requested: array(3) {
  ["controller"] => string(12) "Fckeditorold"
  ["action"] => string(6) "editor"
  ["module"] => string(7) "default"
}


--------------------------------------------------------------------------------
2015-05-06T14:23:11+00:00 ERR (3) 404 Seite nicht gefunden
REMOTE_ADDR: 80.82.65.82
HTTP_REFERER: 
requested: array(3) {
  ["controller"] => string(9) "Fckeditor"
  ["action"] => string(6) "editor"
  ["module"] => string(7) "default"
}


--------------------------------------------------------------------------------
2015-05-06T14:23:11+00:00 ERR (3) 404 Seite nicht gefunden
REMOTE_ADDR: 80.82.65.82
HTTP_REFERER: 
requested: array(3) {
  ["controller"] => string(8) "ckeditor"
  ["action"] => string(6) "editor"
  ["module"] => string(7) "default"
}


--------------------------------------------------------------------------------
2015-05-06T14:23:11+00:00 ERR (3) 404 Seite nicht gefunden
REMOTE_ADDR: 80.82.65.82
HTTP_REFERER: 
requested: array(3) {
  ["controller"] => string(6) "manage"
  ["action"] => string(9) "fckeditor"
  ["module"] => string(7) "default"
}


--------------------------------------------------------------------------------
2015-05-06T14:23:11+00:00 ERR (3) 404 Seite nicht gefunden
REMOTE_ADDR: 80.82.65.82
HTTP_REFERER: 
requested: array(3) {
  ["controller"] => string(3) "inc"
  ["action"] => string(9) "fckeditor"
  ["module"] => string(7) "default"
}


--------------------------------------------------------------------------------
2015-05-06T14:23:11+00:00 ERR (3) 404 Seite nicht gefunden
REMOTE_ADDR: 80.82.65.82
HTTP_REFERER: 
requested: array(3) {
  ["controller"] => string(7) "include"
  ["action"] => string(9) "fckeditor"
  ["module"] => string(7) "default"
}


--------------------------------------------------------------------------------
2015-05-06T14:23:11+00:00 ERR (3) 404 Seite nicht gefunden
REMOTE_ADDR: 80.82.65.82
HTTP_REFERER: 
requested: array(3) {
  ["controller"] => string(6) "common"
  ["action"] => string(9) "fckeditor"
  ["module"] => string(7) "default"
}


--------------------------------------------------------------------------------
2015-05-06T14:23:11+00:00 ERR (3) 404 Seite nicht gefunden
REMOTE_ADDR: 80.82.65.82
HTTP_REFERER: 
requested: array(3) {
  ["controller"] => string(3) "fck"
  ["action"] => string(6) "editor"
  ["module"] => string(7) "default"
}


--------------------------------------------------------------------------------
2015-05-06T14:23:11+00:00 ERR (3) 404 Seite nicht gefunden
REMOTE_ADDR: 80.82.65.82
HTTP_REFERER: 
requested: array(3) {
  ["controller"] => string(12) "Fckeditornew"
  ["action"] => string(6) "editor"
  ["module"] => string(7) "default"
}


--------------------------------------------------------------------------------
2015-05-06T14:44:18+00:00 ERR (3) 404 Seite nicht gefunden
REMOTE_ADDR: 176.108.188.1
HTTP_REFERER: http://graphicore.de/forum/
requested: array(3) {
  ["controller"] => string(5) "forum"
  ["action"] => string(5) "index"
  ["module"] => string(7) "default"
}


--------------------------------------------------------------------------------
2015-05-06T15:15:18+00:00 ERR (3) 404 "hire-lasse" was not found.
REMOTE_ADDR: 176.9.143.70
HTTP_REFERER: 
requested: array(5) {
  ["lang"] => string(2) "de"
  ["action"] => string(4) "page"
  ["key"] => string(10) "hire-lasse"
  ["module"] => string(7) "default"
  ["controller"] => string(5) "index"
}


--------------------------------------------------------------------------------
2015-05-06T15:50:17+00:00 ERR (3) 404 Seite nicht gefunden
REMOTE_ADDR: 195.154.181.152
HTTP_REFERER: 
requested: array(3) {
  ["controller"] => string(7) "manager"
  ["action"] => string(5) "index"
  ["module"] => string(7) "default"
}


--------------------------------------------------------------------------------
2015-05-06T17:59:38+00:00 ERR (3) 404 "" was not found.
REMOTE_ADDR: 178.137.19.143
HTTP_REFERER: http://pozdravleniya-c.ru/
requested: array(5) {
  ["lang"] => string(2) "en"
  ["action"] => string(7) "archive"
  ["module"] => string(7) "default"
  ["controller"] => string(5) "index"
  ["key"] => string(0) ""
}


--------------------------------------------------------------------------------
2015-05-06T17:59:38+00:00 ERR (3) 404 "" was not found.
REMOTE_ADDR: 178.137.19.143
HTTP_REFERER: http://red-chair.net/
requested: array(5) {
  ["lang"] => string(2) "en"
  ["action"] => string(7) "archive"
  ["module"] => string(7) "default"
  ["controller"] => string(5) "index"
  ["key"] => string(0) ""
}


--------------------------------------------------------------------------------
2015-05-06T17:59:40+00:00 ERR (3) 404 "" was not found.
REMOTE_ADDR: 178.137.19.143
HTTP_REFERER: http://pozdravleniya-c.ru/
requested: array(5) {
  ["lang"] => string(2) "en"
  ["action"] => string(7) "archive"
  ["module"] => string(7) "default"
  ["controller"] => string(5) "index"
  ["key"] => string(0) ""
}


--------------------------------------------------------------------------------
2015-05-06T17:59:40+00:00 ERR (3) 404 "" was not found.
REMOTE_ADDR: 178.137.19.143
HTTP_REFERER: http://pozdravleniya-c.ru/
requested: array(5) {
  ["lang"] => string(2) "en"
  ["action"] => string(7) "archive"
  ["module"] => string(7) "default"
  ["controller"] => string(5) "index"
  ["key"] => string(0) ""
}


--------------------------------------------------------------------------------
2015-05-06T18:40:58+00:00 ERR (3) 404 "hire-lasse" was not found.
REMOTE_ADDR: 136.243.14.164
HTTP_REFERER: 
requested: array(5) {
  ["lang"] => string(2) "en"
  ["action"] => string(4) "page"
  ["key"] => string(10) "hire-lasse"
  ["module"] => string(7) "default"
  ["controller"] => string(5) "index"
}


--------------------------------------------------------------------------------
2015-05-06T20:32:07+00:00 ERR (3) 404 Seite nicht gefunden
REMOTE_ADDR: 197.14.9.199
HTTP_REFERER: 
requested: array(4) {
  ["controller"] => string(6) "https:"
  [""] => string(19) "silber-und-blei.com"
  ["action"] => string(5) "index"
  ["module"] => string(7) "default"
}


--------------------------------------------------------------------------------
2015-05-06T20:32:07+00:00 ERR (3) 404 Seite nicht gefunden
REMOTE_ADDR: 197.14.9.199
HTTP_REFERER: 
requested: array(3) {
  ["controller"] => string(2) "js"
  ["action"] => string(1) "'"
  ["module"] => string(7) "default"
}


--------------------------------------------------------------------------------
2015-05-06T22:33:36+00:00 ERR (3) 404 "hire-lasse" was not found.
REMOTE_ADDR: 5.9.14.184
HTTP_REFERER: 
requested: array(5) {
  ["lang"] => string(2) "de"
  ["action"] => string(4) "page"
  ["key"] => string(10) "hire-lasse"
  ["module"] => string(7) "default"
  ["controller"] => string(5) "index"
}


--------------------------------------------------------------------------------
