2014-12-26T02:48:29+00:00 ERR (3) 404 Seite nicht gefunden
REMOTE_ADDR: 50.62.177.170
HTTP_REFERER: 
requested: array(3) {
  ["controller"] => string(9) "index.php"
  ["action"] => string(5) "index"
  ["module"] => string(7) "default"
}


--------------------------------------------------------------------------------
2014-12-26T02:48:30+00:00 ERR (3) 404 Page not found
REMOTE_ADDR: 50.62.177.170
HTTP_REFERER: 
requested: array(3) {
  ["controller"] => string(8) "nyet.gif"
  ["action"] => string(5) "index"
  ["module"] => string(7) "default"
}


--------------------------------------------------------------------------------
2014-12-26T02:48:30+00:00 ERR (3) 404 Seite nicht gefunden
REMOTE_ADDR: 50.62.177.170
HTTP_REFERER: 
requested: array(3) {
  ["controller"] => string(8) "nyet.gif"
  ["action"] => string(5) "index"
  ["module"] => string(7) "default"
}


--------------------------------------------------------------------------------
2014-12-26T03:21:37+00:00 ERR (3) 404 Seite nicht gefunden
REMOTE_ADDR: 78.137.18.64
HTTP_REFERER: http://graphicore.de/plugins/uploadify/uploadify.swf
requested: array(3) {
  ["controller"] => string(7) "plugins"
  ["action"] => string(9) "uploadify"
  ["module"] => string(7) "default"
}


--------------------------------------------------------------------------------
2014-12-26T03:21:37+00:00 ERR (3) 404 Seite nicht gefunden
REMOTE_ADDR: 78.137.18.64
HTTP_REFERER: http://graphicore.de/js/uploadify/uploadify.swf
requested: array(3) {
  ["controller"] => string(2) "js"
  ["action"] => string(9) "uploadify"
  ["module"] => string(7) "default"
}


--------------------------------------------------------------------------------
2014-12-26T03:21:37+00:00 ERR (3) 404 Seite nicht gefunden
REMOTE_ADDR: 78.137.18.64
HTTP_REFERER: http://graphicore.de/cms/uploadify/uploadify.swf
requested: array(3) {
  ["controller"] => string(3) "cms"
  ["action"] => string(9) "uploadify"
  ["module"] => string(7) "default"
}


--------------------------------------------------------------------------------
2014-12-26T03:21:37+00:00 ERR (3) 404 Seite nicht gefunden
REMOTE_ADDR: 78.137.18.64
HTTP_REFERER: http://graphicore.de/uploadify/uploadify.swf
requested: array(3) {
  ["controller"] => string(9) "uploadify"
  ["action"] => string(13) "uploadify.swf"
  ["module"] => string(7) "default"
}


--------------------------------------------------------------------------------
2014-12-26T03:21:37+00:00 ERR (3) 404 Seite nicht gefunden
REMOTE_ADDR: 78.137.18.64
HTTP_REFERER: http://graphicore.de/inc/uploadify/uploadify.swf
requested: array(3) {
  ["controller"] => string(3) "inc"
  ["action"] => string(9) "uploadify"
  ["module"] => string(7) "default"
}


--------------------------------------------------------------------------------
2014-12-26T03:21:37+00:00 ERR (3) 404 Seite nicht gefunden
REMOTE_ADDR: 78.137.18.64
HTTP_REFERER: http://graphicore.de/admin/uploadify/uploadify.swf
requested: array(3) {
  ["controller"] => string(5) "admin"
  ["action"] => string(9) "uploadify"
  ["module"] => string(7) "default"
}


--------------------------------------------------------------------------------
2014-12-26T03:21:37+00:00 ERR (3) 404 Seite nicht gefunden
REMOTE_ADDR: 78.137.18.64
HTTP_REFERER: http://graphicore.de/includes/uploadify/uploadify.swf
requested: array(3) {
  ["controller"] => string(8) "includes"
  ["action"] => string(9) "uploadify"
  ["module"] => string(7) "default"
}


--------------------------------------------------------------------------------
2014-12-26T03:21:41+00:00 ERR (3) 404 Seite nicht gefunden
REMOTE_ADDR: 78.137.18.64
HTTP_REFERER: http://graphicore.de/lib/uploadify/uploadify.swf
requested: array(3) {
  ["controller"] => string(3) "lib"
  ["action"] => string(9) "uploadify"
  ["module"] => string(7) "default"
}


--------------------------------------------------------------------------------
2014-12-26T05:38:22+00:00 ERR (3) 404 Seite nicht gefunden
REMOTE_ADDR: 5.56.61.205
HTTP_REFERER: 
requested: array(3) {
  ["controller"] => string(9) "index.php"
  ["action"] => string(5) "index"
  ["module"] => string(7) "default"
}


--------------------------------------------------------------------------------
2014-12-26T05:38:22+00:00 ERR (3) 404 Page not found
REMOTE_ADDR: 5.56.61.205
HTTP_REFERER: 
requested: array(3) {
  ["controller"] => string(8) "nyet.gif"
  ["action"] => string(5) "index"
  ["module"] => string(7) "default"
}


--------------------------------------------------------------------------------
2014-12-26T05:38:23+00:00 ERR (3) 404 Seite nicht gefunden
REMOTE_ADDR: 5.56.61.205
HTTP_REFERER: 
requested: array(3) {
  ["controller"] => string(8) "nyet.gif"
  ["action"] => string(5) "index"
  ["module"] => string(7) "default"
}


--------------------------------------------------------------------------------
2014-12-26T11:27:10+00:00 ERR (3) 404 "2010-09-09_A-Brute-Font-Attack&amp;sa" was not found.
REMOTE_ADDR: 157.55.39.90
HTTP_REFERER: 
requested: array(5) {
  ["lang"] => string(2) "en"
  ["action"] => string(7) "archive"
  ["key"] => string(33) "2010-09-09_A-Brute-Font-Attack&sa"
  ["module"] => string(7) "default"
  ["controller"] => string(5) "index"
}


--------------------------------------------------------------------------------
2014-12-26T17:10:10+00:00 ERR (3) 404 "hire-lasse" was not found.
REMOTE_ADDR: 66.249.67.130
HTTP_REFERER: 
requested: array(5) {
  ["lang"] => string(2) "de"
  ["action"] => string(4) "page"
  ["key"] => string(10) "hire-lasse"
  ["module"] => string(7) "default"
  ["controller"] => string(5) "index"
}


--------------------------------------------------------------------------------
2014-12-26T18:25:06+00:00 ERR (3) 404 "hire-lasse" was not found.
REMOTE_ADDR: 81.30.151.220
HTTP_REFERER: 
requested: array(5) {
  ["lang"] => string(2) "de"
  ["action"] => string(4) "page"
  ["key"] => string(10) "hire-lasse"
  ["module"] => string(7) "default"
  ["controller"] => string(5) "index"
}


--------------------------------------------------------------------------------
2014-12-26T18:34:07+00:00 ERR (3) 404 Seite nicht gefunden
REMOTE_ADDR: 37.61.233.162
HTTP_REFERER: 
requested: array(3) {
  ["controller"] => string(9) "index.php"
  ["action"] => string(5) "index"
  ["module"] => string(7) "default"
}


--------------------------------------------------------------------------------
2014-12-26T18:34:08+00:00 ERR (3) 404 Page not found
REMOTE_ADDR: 37.61.233.162
HTTP_REFERER: 
requested: array(3) {
  ["controller"] => string(8) "nyet.gif"
  ["action"] => string(5) "index"
  ["module"] => string(7) "default"
}


--------------------------------------------------------------------------------
2014-12-26T18:34:08+00:00 ERR (3) 404 Seite nicht gefunden
REMOTE_ADDR: 37.61.233.162
HTTP_REFERER: 
requested: array(3) {
  ["controller"] => string(8) "nyet.gif"
  ["action"] => string(5) "index"
  ["module"] => string(7) "default"
}


--------------------------------------------------------------------------------
2014-12-26T22:37:43+00:00 ERR (3) 404 Seite nicht gefunden
REMOTE_ADDR: 192.163.200.157
HTTP_REFERER: 
requested: array(3) {
  ["controller"] => string(12) "wp-login.php"
  ["action"] => string(5) "index"
  ["module"] => string(7) "default"
}


--------------------------------------------------------------------------------
2014-12-26T22:37:44+00:00 ERR (3) 404 Seite nicht gefunden
REMOTE_ADDR: 192.163.200.157
HTTP_REFERER: 
requested: array(3) {
  ["controller"] => string(13) "administrator"
  ["action"] => string(9) "index.php"
  ["module"] => string(7) "default"
}


--------------------------------------------------------------------------------
