2012-06-05T11:47:10+00:00 ERR (3) 404 Seite nicht gefunden
REMOTE_ADDR: 71.223.15.181
HTTP_REFERER: http://graphicore.de/forum/index.php
requested: array(3) {
  ["controller"] => string(5) "forum"
  ["action"] => string(9) "index.php"
  ["module"] => string(7) "default"
}


--------------------------------------------------------------------------------
2012-06-05T12:06:49+00:00 ERR (3) 404 Seite nicht gefunden
REMOTE_ADDR: 217.69.133.28
HTTP_REFERER: 
requested: array(3) {
  ["controller"] => string(11) "sitemap.xml"
  ["action"] => string(5) "index"
  ["module"] => string(7) "default"
}


--------------------------------------------------------------------------------
2012-06-05T23:31:32+00:00 ERR (3) 404 Seite nicht gefunden
REMOTE_ADDR: 178.33.226.67
HTTP_REFERER: http://graphicore.de/forum/index.php
requested: array(3) {
  ["controller"] => string(5) "forum"
  ["action"] => string(9) "index.php"
  ["module"] => string(7) "default"
}


--------------------------------------------------------------------------------
