2019-01-10T02:55:08+00:00 ERR (3) 404 "" was not found.
REMOTE_ADDR: 134.249.52.146
HTTP_REFERER: https://rustag.ru/
requested: array(5) {
  ["lang"] => string(2) "en"
  ["action"] => string(7) "archive"
  ["module"] => string(7) "default"
  ["controller"] => string(5) "index"
  ["key"] => string(0) ""
}


--------------------------------------------------------------------------------
2019-01-10T02:55:08+00:00 ERR (3) 404 "" was not found.
REMOTE_ADDR: 134.249.52.146
HTTP_REFERER: https://rustag.ru/
requested: array(5) {
  ["lang"] => string(2) "en"
  ["action"] => string(7) "archive"
  ["module"] => string(7) "default"
  ["controller"] => string(5) "index"
  ["key"] => string(0) ""
}


--------------------------------------------------------------------------------
2019-01-10T02:55:09+00:00 ERR (3) 404 "" was not found.
REMOTE_ADDR: 134.249.52.146
HTTP_REFERER: https://rustag.ru/
requested: array(5) {
  ["lang"] => string(2) "en"
  ["action"] => string(7) "archive"
  ["module"] => string(7) "default"
  ["controller"] => string(5) "index"
  ["key"] => string(0) ""
}


--------------------------------------------------------------------------------
2019-01-10T04:54:38+00:00 ERR (3) 404 Seite nicht gefunden
REMOTE_ADDR: 5.188.210.3
HTTP_REFERER: 
requested: array(4) {
  ["controller"] => string(9) "__media__"
  ["action"] => string(2) "js"
  ["module"] => string(7) "default"
  ["d"] => string(11) "zkdwqlrq.gq"
}


--------------------------------------------------------------------------------
2019-01-10T05:27:40+00:00 ERR (3) 404 "" was not found.
REMOTE_ADDR: 134.249.55.222
HTTP_REFERER: https://englishtopic.ru/
requested: array(5) {
  ["lang"] => string(2) "en"
  ["action"] => string(7) "archive"
  ["module"] => string(7) "default"
  ["controller"] => string(5) "index"
  ["key"] => string(0) ""
}


--------------------------------------------------------------------------------
2019-01-10T05:27:40+00:00 ERR (3) 404 "" was not found.
REMOTE_ADDR: 134.249.55.222
HTTP_REFERER: https://s-forum.biz/
requested: array(5) {
  ["lang"] => string(2) "en"
  ["action"] => string(7) "archive"
  ["module"] => string(7) "default"
  ["controller"] => string(5) "index"
  ["key"] => string(0) ""
}


--------------------------------------------------------------------------------
2019-01-10T05:27:40+00:00 ERR (3) 404 "" was not found.
REMOTE_ADDR: 134.249.55.222
HTTP_REFERER: https://englishtopic.ru/
requested: array(5) {
  ["lang"] => string(2) "en"
  ["action"] => string(7) "archive"
  ["module"] => string(7) "default"
  ["controller"] => string(5) "index"
  ["key"] => string(0) ""
}


--------------------------------------------------------------------------------
2019-01-10T05:27:40+00:00 ERR (3) 404 "" was not found.
REMOTE_ADDR: 134.249.55.222
HTTP_REFERER: https://s-forum.biz/
requested: array(5) {
  ["lang"] => string(2) "en"
  ["action"] => string(7) "archive"
  ["module"] => string(7) "default"
  ["controller"] => string(5) "index"
  ["key"] => string(0) ""
}


--------------------------------------------------------------------------------
2019-01-10T05:27:41+00:00 ERR (3) 404 "" was not found.
REMOTE_ADDR: 134.249.55.222
HTTP_REFERER: https://englishtopic.ru/
requested: array(5) {
  ["lang"] => string(2) "en"
  ["action"] => string(7) "archive"
  ["module"] => string(7) "default"
  ["controller"] => string(5) "index"
  ["key"] => string(0) ""
}


--------------------------------------------------------------------------------
2019-01-10T05:27:41+00:00 ERR (3) 404 "" was not found.
REMOTE_ADDR: 134.249.55.222
HTTP_REFERER: https://s-forum.biz/
requested: array(5) {
  ["lang"] => string(2) "en"
  ["action"] => string(7) "archive"
  ["module"] => string(7) "default"
  ["controller"] => string(5) "index"
  ["key"] => string(0) ""
}


--------------------------------------------------------------------------------
2019-01-10T06:30:35+00:00 ERR (3) 404 Seite nicht gefunden
REMOTE_ADDR: 85.94.12.36
HTTP_REFERER: http://graphicore.de/forum/
requested: array(3) {
  ["controller"] => string(5) "forum"
  ["action"] => string(5) "index"
  ["module"] => string(7) "default"
}


--------------------------------------------------------------------------------
2019-01-10T07:29:48+00:00 ERR (3) 404 "" was not found.
REMOTE_ADDR: 134.249.55.222
HTTP_REFERER: https://deutsche-poesie.com/
requested: array(5) {
  ["lang"] => string(2) "en"
  ["action"] => string(7) "archive"
  ["module"] => string(7) "default"
  ["controller"] => string(5) "index"
  ["key"] => string(0) ""
}


--------------------------------------------------------------------------------
2019-01-10T07:29:48+00:00 ERR (3) 404 "" was not found.
REMOTE_ADDR: 134.249.55.222
HTTP_REFERER: https://deutsche-poesie.com/
requested: array(5) {
  ["lang"] => string(2) "en"
  ["action"] => string(7) "archive"
  ["module"] => string(7) "default"
  ["controller"] => string(5) "index"
  ["key"] => string(0) ""
}


--------------------------------------------------------------------------------
2019-01-10T07:29:49+00:00 ERR (3) 404 "" was not found.
REMOTE_ADDR: 134.249.55.222
HTTP_REFERER: https://deutsche-poesie.com/
requested: array(5) {
  ["lang"] => string(2) "en"
  ["action"] => string(7) "archive"
  ["module"] => string(7) "default"
  ["controller"] => string(5) "index"
  ["key"] => string(0) ""
}


--------------------------------------------------------------------------------
2019-01-10T23:42:56+00:00 ERR (3) 404 "competences" was not found.
REMOTE_ADDR: 23.237.4.26
HTTP_REFERER: 
requested: array(5) {
  ["lang"] => string(2) "de"
  ["action"] => string(4) "page"
  ["key"] => string(11) "competences"
  ["module"] => string(7) "default"
  ["controller"] => string(5) "index"
}


--------------------------------------------------------------------------------
2019-01-10T23:43:01+00:00 ERR (3) 404 "hire-lasse" was not found.
REMOTE_ADDR: 23.237.4.26
HTTP_REFERER: 
requested: array(5) {
  ["lang"] => string(2) "de"
  ["action"] => string(4) "page"
  ["key"] => string(10) "hire-lasse"
  ["module"] => string(7) "default"
  ["controller"] => string(5) "index"
}


--------------------------------------------------------------------------------
2019-01-10T23:43:42+00:00 ERR (3) 404 "competences" was not found.
REMOTE_ADDR: 23.237.4.26
HTTP_REFERER: 
requested: array(5) {
  ["lang"] => string(2) "en"
  ["action"] => string(4) "page"
  ["key"] => string(11) "competences"
  ["module"] => string(7) "default"
  ["controller"] => string(5) "index"
}


--------------------------------------------------------------------------------
2019-01-10T23:43:44+00:00 ERR (3) 404 "hire-lasse" was not found.
REMOTE_ADDR: 23.237.4.26
HTTP_REFERER: 
requested: array(5) {
  ["lang"] => string(2) "en"
  ["action"] => string(4) "page"
  ["key"] => string(10) "hire-lasse"
  ["module"] => string(7) "default"
  ["controller"] => string(5) "index"
}


--------------------------------------------------------------------------------
