2020-04-10T19:25:28+00:00 ERR (3) 404 Seite nicht gefunden
REMOTE_ADDR: 23.91.71.220
HTTP_REFERER: 
requested: array(3) {
  ["controller"] => string(5) "admin"
  ["action"] => string(5) "index"
  ["module"] => string(7) "default"
}


--------------------------------------------------------------------------------
2020-04-10T20:49:35+00:00 ERR (3) 404 "anne" was not found.
REMOTE_ADDR: 54.36.150.49
HTTP_REFERER: 
requested: array(5) {
  ["lang"] => string(2) "de"
  ["action"] => string(4) "page"
  ["key"] => string(4) "anne"
  ["module"] => string(7) "default"
  ["controller"] => string(5) "index"
}


--------------------------------------------------------------------------------
