2012-05-30T00:55:09+00:00 ERR (3) 404 Seite nicht gefunden
REMOTE_ADDR: 82.98.201.100
HTTP_REFERER: 
requested: array(3) {
  ["controller"] => string(5) "forum"
  ["action"] => string(5) "index"
  ["module"] => string(7) "default"
}


--------------------------------------------------------------------------------
2012-05-30T10:07:33+00:00 ERR (3) 404 Seite nicht gefunden
REMOTE_ADDR: 62.212.73.211
HTTP_REFERER: 
requested: array(4) {
  ["controller"] => string(5) "forum"
  ["action"] => string(13) "viewtopic.php"
  ["module"] => string(7) "default"
  ["p"] => string(2) "13"
}


--------------------------------------------------------------------------------
2012-05-30T10:07:36+00:00 ERR (3) 404 Seite nicht gefunden
REMOTE_ADDR: 62.212.73.211
HTTP_REFERER: 
requested: array(4) {
  ["controller"] => string(5) "forum"
  ["action"] => string(13) "viewtopic.php"
  ["module"] => string(7) "default"
  ["p"] => string(2) "14"
}


--------------------------------------------------------------------------------
2012-05-30T10:07:39+00:00 ERR (3) 404 Seite nicht gefunden
REMOTE_ADDR: 62.212.73.211
HTTP_REFERER: 
requested: array(4) {
  ["controller"] => string(5) "forum"
  ["action"] => string(13) "viewtopic.php"
  ["module"] => string(7) "default"
  ["p"] => string(2) "15"
}


--------------------------------------------------------------------------------
2012-05-30T10:07:42+00:00 ERR (3) 404 Seite nicht gefunden
REMOTE_ADDR: 62.212.73.211
HTTP_REFERER: 
requested: array(4) {
  ["controller"] => string(5) "forum"
  ["action"] => string(13) "viewtopic.php"
  ["module"] => string(7) "default"
  ["p"] => string(2) "17"
}


--------------------------------------------------------------------------------
2012-05-30T10:07:45+00:00 ERR (3) 404 Seite nicht gefunden
REMOTE_ADDR: 62.212.73.211
HTTP_REFERER: 
requested: array(4) {
  ["controller"] => string(5) "forum"
  ["action"] => string(13) "viewtopic.php"
  ["module"] => string(7) "default"
  ["p"] => string(2) "41"
}


--------------------------------------------------------------------------------
2012-05-30T10:07:48+00:00 ERR (3) 404 Seite nicht gefunden
REMOTE_ADDR: 62.212.73.211
HTTP_REFERER: 
requested: array(4) {
  ["controller"] => string(5) "forum"
  ["action"] => string(13) "viewtopic.php"
  ["module"] => string(7) "default"
  ["p"] => string(2) "42"
}


--------------------------------------------------------------------------------
2012-05-30T10:07:51+00:00 ERR (3) 404 Seite nicht gefunden
REMOTE_ADDR: 62.212.73.211
HTTP_REFERER: 
requested: array(4) {
  ["controller"] => string(5) "forum"
  ["action"] => string(13) "viewtopic.php"
  ["module"] => string(7) "default"
  ["p"] => string(2) "44"
}


--------------------------------------------------------------------------------
2012-05-30T10:07:54+00:00 ERR (3) 404 Seite nicht gefunden
REMOTE_ADDR: 62.212.73.211
HTTP_REFERER: 
requested: array(4) {
  ["controller"] => string(5) "forum"
  ["action"] => string(13) "viewtopic.php"
  ["module"] => string(7) "default"
  ["p"] => string(2) "46"
}


--------------------------------------------------------------------------------
2012-05-30T10:07:57+00:00 ERR (3) 404 Seite nicht gefunden
REMOTE_ADDR: 62.212.73.211
HTTP_REFERER: 
requested: array(4) {
  ["controller"] => string(5) "forum"
  ["action"] => string(13) "viewtopic.php"
  ["module"] => string(7) "default"
  ["p"] => string(2) "48"
}


--------------------------------------------------------------------------------
2012-05-30T10:08:01+00:00 ERR (3) 404 Seite nicht gefunden
REMOTE_ADDR: 62.212.73.211
HTTP_REFERER: 
requested: array(4) {
  ["controller"] => string(5) "forum"
  ["action"] => string(13) "viewtopic.php"
  ["module"] => string(7) "default"
  ["p"] => string(2) "50"
}


--------------------------------------------------------------------------------
2012-05-30T10:08:04+00:00 ERR (3) 404 Seite nicht gefunden
REMOTE_ADDR: 62.212.73.211
HTTP_REFERER: 
requested: array(4) {
  ["controller"] => string(5) "forum"
  ["action"] => string(13) "viewtopic.php"
  ["module"] => string(7) "default"
  ["p"] => string(2) "57"
}


--------------------------------------------------------------------------------
2012-05-30T10:08:07+00:00 ERR (3) 404 Seite nicht gefunden
REMOTE_ADDR: 62.212.73.211
HTTP_REFERER: 
requested: array(4) {
  ["controller"] => string(5) "forum"
  ["action"] => string(13) "viewtopic.php"
  ["module"] => string(7) "default"
  ["p"] => string(2) "58"
}


--------------------------------------------------------------------------------
2012-05-30T10:08:09+00:00 ERR (3) 404 Seite nicht gefunden
REMOTE_ADDR: 62.212.73.211
HTTP_REFERER: 
requested: array(4) {
  ["controller"] => string(5) "forum"
  ["action"] => string(13) "viewtopic.php"
  ["module"] => string(7) "default"
  ["p"] => string(2) "59"
}


--------------------------------------------------------------------------------
2012-05-30T10:08:12+00:00 ERR (3) 404 Seite nicht gefunden
REMOTE_ADDR: 62.212.73.211
HTTP_REFERER: 
requested: array(4) {
  ["controller"] => string(5) "forum"
  ["action"] => string(13) "viewtopic.php"
  ["module"] => string(7) "default"
  ["p"] => string(2) "60"
}


--------------------------------------------------------------------------------
2012-05-30T10:08:15+00:00 ERR (3) 404 Seite nicht gefunden
REMOTE_ADDR: 62.212.73.211
HTTP_REFERER: 
requested: array(4) {
  ["controller"] => string(5) "forum"
  ["action"] => string(13) "viewtopic.php"
  ["module"] => string(7) "default"
  ["t"] => string(1) "9"
}


--------------------------------------------------------------------------------
2012-05-30T19:45:44+00:00 ERR (3) 404 "" was not found.
REMOTE_ADDR: 180.76.5.101
HTTP_REFERER: 
requested: array(5) {
  ["lang"] => string(2) "en"
  ["action"] => string(7) "archive"
  ["module"] => string(7) "default"
  ["controller"] => string(5) "index"
  ["key"] => string(0) ""
}


--------------------------------------------------------------------------------
