2019-01-05T00:54:40+00:00 ERR (3) 404 "hire-lasse" was not found.
REMOTE_ADDR: 66.249.64.72
HTTP_REFERER: 
requested: array(5) {
  ["lang"] => string(2) "en"
  ["action"] => string(4) "page"
  ["key"] => string(10) "hire-lasse"
  ["module"] => string(7) "default"
  ["controller"] => string(5) "index"
}


--------------------------------------------------------------------------------
2019-01-05T01:07:58+00:00 ERR (3) 404 Seite nicht gefunden
REMOTE_ADDR: 47.92.101.198
HTTP_REFERER: 
requested: array(3) {
  ["controller"] => string(9) "wordpress"
  ["action"] => string(14) "wp-config.php~"
  ["module"] => string(7) "default"
}


--------------------------------------------------------------------------------
2019-01-05T01:15:32+00:00 ERR (3) 404 "competences" was not found.
REMOTE_ADDR: 66.249.64.70
HTTP_REFERER: 
requested: array(5) {
  ["lang"] => string(2) "en"
  ["action"] => string(4) "page"
  ["key"] => string(11) "competences"
  ["module"] => string(7) "default"
  ["controller"] => string(5) "index"
}


--------------------------------------------------------------------------------
2019-01-05T04:01:20+00:00 ERR (3) 404 "" was not found.
REMOTE_ADDR: 46.119.123.101
HTTP_REFERER: http://bin-brokers.com/
requested: array(5) {
  ["lang"] => string(2) "en"
  ["action"] => string(7) "archive"
  ["module"] => string(7) "default"
  ["controller"] => string(5) "index"
  ["key"] => string(0) ""
}


--------------------------------------------------------------------------------
2019-01-05T04:01:20+00:00 ERR (3) 404 "" was not found.
REMOTE_ADDR: 46.119.123.101
HTTP_REFERER: http://bin-brokers.com/
requested: array(5) {
  ["lang"] => string(2) "en"
  ["action"] => string(7) "archive"
  ["module"] => string(7) "default"
  ["controller"] => string(5) "index"
  ["key"] => string(0) ""
}


--------------------------------------------------------------------------------
2019-01-05T04:01:21+00:00 ERR (3) 404 "" was not found.
REMOTE_ADDR: 46.119.123.101
HTTP_REFERER: http://bin-brokers.com/
requested: array(5) {
  ["lang"] => string(2) "en"
  ["action"] => string(7) "archive"
  ["module"] => string(7) "default"
  ["controller"] => string(5) "index"
  ["key"] => string(0) ""
}


--------------------------------------------------------------------------------
2019-01-05T05:16:05+00:00 ERR (3) 404 Seite nicht gefunden
REMOTE_ADDR: 39.98.176.120
HTTP_REFERER: 
requested: array(3) {
  ["controller"] => string(9) "wordpress"
  ["action"] => string(14) "wp-config.php~"
  ["module"] => string(7) "default"
}


--------------------------------------------------------------------------------
2019-01-05T13:49:49+00:00 ERR (3) 404 "competences" was not found.
REMOTE_ADDR: 54.36.148.196
HTTP_REFERER: 
requested: array(5) {
  ["lang"] => string(2) "en"
  ["action"] => string(4) "page"
  ["key"] => string(11) "competences"
  ["module"] => string(7) "default"
  ["controller"] => string(5) "index"
}


--------------------------------------------------------------------------------
2019-01-05T20:05:39+00:00 ERR (3) 404 Seite nicht gefunden
REMOTE_ADDR: 47.92.135.145
HTTP_REFERER: 
requested: array(3) {
  ["controller"] => string(9) "wordpress"
  ["action"] => string(14) "wp-config.php~"
  ["module"] => string(7) "default"
}


--------------------------------------------------------------------------------
2019-01-05T20:10:13+00:00 ERR (3) 404 "" was not found.
REMOTE_ADDR: 46.119.123.101
HTTP_REFERER: https://ege-essay.ru/
requested: array(5) {
  ["lang"] => string(2) "en"
  ["action"] => string(7) "archive"
  ["module"] => string(7) "default"
  ["controller"] => string(5) "index"
  ["key"] => string(0) ""
}


--------------------------------------------------------------------------------
2019-01-05T20:10:14+00:00 ERR (3) 404 "" was not found.
REMOTE_ADDR: 46.119.123.101
HTTP_REFERER: https://ege-essay.ru/
requested: array(5) {
  ["lang"] => string(2) "en"
  ["action"] => string(7) "archive"
  ["module"] => string(7) "default"
  ["controller"] => string(5) "index"
  ["key"] => string(0) ""
}


--------------------------------------------------------------------------------
2019-01-05T20:10:14+00:00 ERR (3) 404 "" was not found.
REMOTE_ADDR: 46.119.123.101
HTTP_REFERER: https://ege-essay.ru/
requested: array(5) {
  ["lang"] => string(2) "en"
  ["action"] => string(7) "archive"
  ["module"] => string(7) "default"
  ["controller"] => string(5) "index"
  ["key"] => string(0) ""
}


--------------------------------------------------------------------------------
2019-01-05T20:13:16+00:00 ERR (3) 404 "" was not found.
REMOTE_ADDR: 134.249.67.95
HTTP_REFERER: https://french-poetry.com/
requested: array(5) {
  ["lang"] => string(2) "en"
  ["action"] => string(7) "archive"
  ["module"] => string(7) "default"
  ["controller"] => string(5) "index"
  ["key"] => string(0) ""
}


--------------------------------------------------------------------------------
2019-01-05T20:13:16+00:00 ERR (3) 404 "" was not found.
REMOTE_ADDR: 134.249.67.95
HTTP_REFERER: https://french-poetry.com/
requested: array(5) {
  ["lang"] => string(2) "en"
  ["action"] => string(7) "archive"
  ["module"] => string(7) "default"
  ["controller"] => string(5) "index"
  ["key"] => string(0) ""
}


--------------------------------------------------------------------------------
2019-01-05T20:13:17+00:00 ERR (3) 404 "" was not found.
REMOTE_ADDR: 134.249.67.95
HTTP_REFERER: https://french-poetry.com/
requested: array(5) {
  ["lang"] => string(2) "en"
  ["action"] => string(7) "archive"
  ["module"] => string(7) "default"
  ["controller"] => string(5) "index"
  ["key"] => string(0) ""
}


--------------------------------------------------------------------------------
2019-01-05T21:10:21+00:00 ERR (3) 404 Seite nicht gefunden
REMOTE_ADDR: 103.251.81.185
HTTP_REFERER: 
requested: array(3) {
  ["controller"] => string(10) "xmlrpc.php"
  ["action"] => string(5) "index"
  ["module"] => string(7) "default"
}


--------------------------------------------------------------------------------
2019-01-05T22:36:28+00:00 ERR (3) 404 "" was not found.
REMOTE_ADDR: 46.119.123.101
HTTP_REFERER: http://serialsx.ru/
requested: array(5) {
  ["lang"] => string(2) "en"
  ["action"] => string(7) "archive"
  ["module"] => string(7) "default"
  ["controller"] => string(5) "index"
  ["key"] => string(0) ""
}


--------------------------------------------------------------------------------
2019-01-05T22:36:28+00:00 ERR (3) 404 "" was not found.
REMOTE_ADDR: 46.119.123.101
HTTP_REFERER: http://serialsx.ru/
requested: array(5) {
  ["lang"] => string(2) "en"
  ["action"] => string(7) "archive"
  ["module"] => string(7) "default"
  ["controller"] => string(5) "index"
  ["key"] => string(0) ""
}


--------------------------------------------------------------------------------
2019-01-05T22:36:29+00:00 ERR (3) 404 "" was not found.
REMOTE_ADDR: 46.119.123.101
HTTP_REFERER: http://serialsx.ru/
requested: array(5) {
  ["lang"] => string(2) "en"
  ["action"] => string(7) "archive"
  ["module"] => string(7) "default"
  ["controller"] => string(5) "index"
  ["key"] => string(0) ""
}


--------------------------------------------------------------------------------
