2013-01-13T05:12:24+00:00 ERR (3) 404 The filter "en" was not found.
REMOTE_ADDR: 208.115.113.89
HTTP_REFERER: 
requested: array(5) {
  ["lang"] => string(2) "en"
  ["action"] => string(5) "diary"
  ["key"] => string(2) "en"
  ["module"] => string(7) "default"
  ["controller"] => string(5) "index"
}


--------------------------------------------------------------------------------
2013-01-13T10:57:18+00:00 ERR (3) 404 The filter "de" was not found.
REMOTE_ADDR: 208.115.111.73
HTTP_REFERER: 
requested: array(5) {
  ["lang"] => string(2) "de"
  ["action"] => string(5) "diary"
  ["key"] => string(2) "de"
  ["module"] => string(7) "default"
  ["controller"] => string(5) "index"
}


--------------------------------------------------------------------------------
2013-01-13T14:57:50+00:00 ERR (3) 404 The filter "en" was not found.
REMOTE_ADDR: 208.115.111.73
HTTP_REFERER: 
requested: array(5) {
  ["lang"] => string(2) "de"
  ["action"] => string(5) "diary"
  ["key"] => string(2) "en"
  ["module"] => string(7) "default"
  ["controller"] => string(5) "index"
}


--------------------------------------------------------------------------------
2013-01-13T14:57:56+00:00 ERR (3) 404 Page not found
REMOTE_ADDR: 208.115.111.73
HTTP_REFERER: 
requested: array(5) {
  ["lang"] => string(2) "en"
  ["action"] => string(2) "en"
  ["module"] => string(7) "default"
  ["controller"] => string(5) "index"
  ["key"] => string(0) ""
}


--------------------------------------------------------------------------------
2013-01-13T18:58:32+00:00 ERR (3) 404 "en" was not found.
REMOTE_ADDR: 208.115.111.73
HTTP_REFERER: 
requested: array(5) {
  ["lang"] => string(2) "de"
  ["action"] => string(4) "page"
  ["key"] => string(2) "en"
  ["module"] => string(7) "default"
  ["controller"] => string(5) "index"
}


--------------------------------------------------------------------------------
2013-01-13T20:57:08+00:00 ERR (3) 404 Seite nicht gefunden
REMOTE_ADDR: 199.188.246.181
HTTP_REFERER: http://graphicore.de/forum/index.php
requested: array(3) {
  ["controller"] => string(5) "forum"
  ["action"] => string(9) "index.php"
  ["module"] => string(7) "default"
}


--------------------------------------------------------------------------------
