2019-03-12T00:13:31+00:00 ERR (3) 404 Page not found
REMOTE_ADDR: 134.73.199.154
HTTP_REFERER: http://graphicore.de/wp-content/themes/headway-166/style.css
requested: array(4) {
  ["controller"] => string(10) "wp-content"
  ["action"] => string(6) "themes"
  ["headway-166"] => string(9) "style.css"
  ["module"] => string(7) "default"
}


--------------------------------------------------------------------------------
2019-03-12T00:13:39+00:00 ERR (3) 404 Seite nicht gefunden
REMOTE_ADDR: 46.183.223.37
HTTP_REFERER: 
requested: array(3) {
  ["controller"] => string(6) "https:"
  ["action"] => string(19) "silber-und-blei.com"
  ["module"] => string(7) "default"
}


--------------------------------------------------------------------------------
2019-03-12T12:11:45+00:00 ERR (3) 404 "competences" was not found.
REMOTE_ADDR: 79.218.68.108
HTTP_REFERER: https://www.google.com/
requested: array(5) {
  ["lang"] => string(2) "de"
  ["action"] => string(4) "page"
  ["key"] => string(11) "competences"
  ["module"] => string(7) "default"
  ["controller"] => string(5) "index"
}


--------------------------------------------------------------------------------
2019-03-12T14:54:29+00:00 ERR (3) 404 Seite nicht gefunden
REMOTE_ADDR: 46.183.223.37
HTTP_REFERER: 
requested: array(4) {
  ["controller"] => string(6) "https:"
  [""] => string(19) "silber-und-blei.com"
  ["action"] => string(5) "index"
  ["module"] => string(7) "default"
}


--------------------------------------------------------------------------------
