2012-01-25T15:45:15+00:00 ERR (3) 404 Seite nicht gefunden
REMOTE_ADDR: 220.161.150.114
HTTP_REFERER: http://graphicore.de/forum/index.php
requested: array(3) {
  ["controller"] => string(5) "forum"
  ["action"] => string(9) "index.php"
  ["module"] => string(7) "default"
}


--------------------------------------------------------------------------------
2012-01-25T18:06:00+00:00 ERR (3) 404 "zimmer-frei" was not found.
REMOTE_ADDR: 69.171.228.245
HTTP_REFERER: 
requested: array(5) {
  ["lang"] => string(2) "de"
  ["action"] => string(4) "page"
  ["key"] => string(11) "zimmer-frei"
  ["module"] => string(7) "default"
  ["controller"] => string(5) "index"
}


--------------------------------------------------------------------------------
