2015-01-01T02:01:00+00:00 ERR (3) 404 Seite nicht gefunden
REMOTE_ADDR: 198.50.206.236
HTTP_REFERER: 
requested: array(3) {
  ["controller"] => string(4) "test"
  ["action"] => string(8) "wp-admin"
  ["module"] => string(7) "default"
}


--------------------------------------------------------------------------------
2015-01-01T02:10:16+00:00 ERR (3) 404 Seite nicht gefunden
REMOTE_ADDR: 71.7.190.98
HTTP_REFERER: 
requested: array(3) {
  ["controller"] => string(9) "wordpress"
  ["action"] => string(8) "wp-admin"
  ["module"] => string(7) "default"
}


--------------------------------------------------------------------------------
2015-01-01T02:19:30+00:00 ERR (3) 404 Seite nicht gefunden
REMOTE_ADDR: 46.252.147.123
HTTP_REFERER: 
requested: array(3) {
  ["controller"] => string(4) "blog"
  ["action"] => string(8) "wp-admin"
  ["module"] => string(7) "default"
}


--------------------------------------------------------------------------------
2015-01-01T02:38:07+00:00 ERR (3) 404 Seite nicht gefunden
REMOTE_ADDR: 85.214.127.182
HTTP_REFERER: 
requested: array(3) {
  ["controller"] => string(3) "old"
  ["action"] => string(8) "wp-admin"
  ["module"] => string(7) "default"
}


--------------------------------------------------------------------------------
2015-01-01T16:19:21+00:00 ERR (3) 404 Seite nicht gefunden
REMOTE_ADDR: 198.62.109.90
HTTP_REFERER: 
requested: array(3) {
  ["controller"] => string(6) "extras"
  ["action"] => string(12) "curltest.php"
  ["module"] => string(7) "default"
}


--------------------------------------------------------------------------------
2015-01-01T16:19:22+00:00 ERR (3) 404 "extras" was not found.
REMOTE_ADDR: 198.62.109.90
HTTP_REFERER: 
requested: array(5) {
  ["lang"] => string(2) "en"
  ["action"] => string(7) "archive"
  ["key"] => string(6) "extras"
  ["module"] => string(7) "default"
  ["controller"] => string(5) "index"
}


--------------------------------------------------------------------------------
2015-01-01T16:54:24+00:00 ERR (3) 404 Seite nicht gefunden
REMOTE_ADDR: 91.121.179.219
HTTP_REFERER: 
requested: array(3) {
  ["controller"] => string(12) "wp-login.php"
  ["action"] => string(5) "index"
  ["module"] => string(7) "default"
}


--------------------------------------------------------------------------------
