2013-12-29T01:48:24+00:00 ERR (3) 404 Seite nicht gefunden
REMOTE_ADDR: 208.115.113.89
HTTP_REFERER: 
requested: array(4) {
  ["controller"] => string(5) "forum"
  ["action"] => string(13) "viewtopic.php"
  ["module"] => string(7) "default"
  ["t"] => string(2) "13"
}


--------------------------------------------------------------------------------
2013-12-29T02:16:17+00:00 ERR (3) 404 Seite nicht gefunden
REMOTE_ADDR: 86.123.244.234
HTTP_REFERER: 
requested: array(4) {
  ["controller"] => string(6) "https:"
  [""] => string(19) "silber-und-blei.com"
  ["action"] => string(5) "index"
  ["module"] => string(7) "default"
}


--------------------------------------------------------------------------------
2013-12-29T02:16:17+00:00 ERR (3) 404 Seite nicht gefunden
REMOTE_ADDR: 86.123.244.234
HTTP_REFERER: 
requested: array(3) {
  ["controller"] => string(2) "js"
  ["action"] => string(1) "'"
  ["module"] => string(7) "default"
}


--------------------------------------------------------------------------------
2013-12-29T03:15:29+00:00 ERR (3) 404 Seite nicht gefunden
REMOTE_ADDR: 84.240.9.6
HTTP_REFERER: http://graphicore.de/forum/index.php
requested: array(3) {
  ["controller"] => string(5) "forum"
  ["action"] => string(9) "index.php"
  ["module"] => string(7) "default"
}


--------------------------------------------------------------------------------
2013-12-29T03:35:49+00:00 ERR (3) 404 "en" was not found.
REMOTE_ADDR: 208.115.111.73
HTTP_REFERER: 
requested: array(5) {
  ["lang"] => string(2) "de"
  ["action"] => string(4) "page"
  ["key"] => string(2) "en"
  ["module"] => string(7) "default"
  ["controller"] => string(5) "index"
}


--------------------------------------------------------------------------------
2013-12-29T08:03:11+00:00 ERR (3) 404 Seite nicht gefunden
REMOTE_ADDR: 86.123.244.234
HTTP_REFERER: 
requested: array(3) {
  ["controller"] => string(6) "https:"
  ["action"] => string(19) "silber-und-blei.com"
  ["module"] => string(7) "default"
}


--------------------------------------------------------------------------------
2013-12-29T08:03:12+00:00 ERR (3) 404 Seite nicht gefunden
REMOTE_ADDR: 86.123.244.234
HTTP_REFERER: 
requested: array(3) {
  ["controller"] => string(2) "js"
  ["action"] => string(1) "'"
  ["module"] => string(7) "default"
}


--------------------------------------------------------------------------------
2013-12-29T08:42:59+00:00 ERR (3) 404 Seite nicht gefunden
REMOTE_ADDR: 176.31.117.172
HTTP_REFERER: http://graphicore.de/forum
requested: array(3) {
  ["controller"] => string(5) "forum"
  ["action"] => string(5) "index"
  ["module"] => string(7) "default"
}


--------------------------------------------------------------------------------
2013-12-29T13:06:42+00:00 ERR (3) 404 Page not found
REMOTE_ADDR: 180.76.5.151
HTTP_REFERER: 
requested: array(3) {
  ["controller"] => string(7) "galerie"
  ["action"] => string(5) "embed"
  ["module"] => string(7) "default"
}


--------------------------------------------------------------------------------
2013-12-29T22:37:22+00:00 ERR (3) 404 Seite nicht gefunden
REMOTE_ADDR: 95.30.76.223
HTTP_REFERER: http://graphicore.de/forum/
requested: array(3) {
  ["controller"] => string(5) "forum"
  ["action"] => string(5) "index"
  ["module"] => string(7) "default"
}


--------------------------------------------------------------------------------
2013-12-29T23:44:42+00:00 ERR (3) 404 Seite nicht gefunden
REMOTE_ADDR: 202.46.48.52
HTTP_REFERER: 
requested: array(3) {
  ["controller"] => string(7) "galerie"
  ["action"] => string(5) "embed"
  ["module"] => string(7) "default"
}


--------------------------------------------------------------------------------
