2014-12-21T00:31:28+00:00 ERR (3) 404 Seite nicht gefunden
REMOTE_ADDR: 148.251.183.105
HTTP_REFERER: 
requested: array(4) {
  ["controller"] => string(5) "forum"
  ["action"] => string(13) "viewtopic.php"
  ["module"] => string(7) "default"
  ["p"] => string(2) "13"
}


--------------------------------------------------------------------------------
2014-12-21T00:32:02+00:00 ERR (3) 404 Seite nicht gefunden
REMOTE_ADDR: 148.251.183.105
HTTP_REFERER: 
requested: array(4) {
  ["controller"] => string(5) "forum"
  ["action"] => string(13) "viewtopic.php"
  ["module"] => string(7) "default"
  ["p"] => string(2) "14"
}


--------------------------------------------------------------------------------
2014-12-21T00:32:38+00:00 ERR (3) 404 Seite nicht gefunden
REMOTE_ADDR: 148.251.183.105
HTTP_REFERER: 
requested: array(4) {
  ["controller"] => string(5) "forum"
  ["action"] => string(13) "viewtopic.php"
  ["module"] => string(7) "default"
  ["p"] => string(2) "15"
}


--------------------------------------------------------------------------------
2014-12-21T00:32:55+00:00 ERR (3) 404 Seite nicht gefunden
REMOTE_ADDR: 148.251.183.105
HTTP_REFERER: 
requested: array(4) {
  ["controller"] => string(5) "forum"
  ["action"] => string(13) "viewtopic.php"
  ["module"] => string(7) "default"
  ["p"] => string(2) "17"
}


--------------------------------------------------------------------------------
2014-12-21T00:34:10+00:00 ERR (3) 404 Seite nicht gefunden
REMOTE_ADDR: 148.251.183.105
HTTP_REFERER: 
requested: array(4) {
  ["controller"] => string(5) "forum"
  ["action"] => string(13) "viewtopic.php"
  ["module"] => string(7) "default"
  ["p"] => string(2) "41"
}


--------------------------------------------------------------------------------
2014-12-21T00:34:20+00:00 ERR (3) 404 Seite nicht gefunden
REMOTE_ADDR: 148.251.183.105
HTTP_REFERER: 
requested: array(4) {
  ["controller"] => string(5) "forum"
  ["action"] => string(13) "viewtopic.php"
  ["module"] => string(7) "default"
  ["p"] => string(2) "42"
}


--------------------------------------------------------------------------------
2014-12-21T00:34:41+00:00 ERR (3) 404 Seite nicht gefunden
REMOTE_ADDR: 148.251.183.105
HTTP_REFERER: 
requested: array(4) {
  ["controller"] => string(5) "forum"
  ["action"] => string(13) "viewtopic.php"
  ["module"] => string(7) "default"
  ["p"] => string(2) "44"
}


--------------------------------------------------------------------------------
2014-12-21T00:34:49+00:00 ERR (3) 404 Seite nicht gefunden
REMOTE_ADDR: 148.251.183.105
HTTP_REFERER: 
requested: array(4) {
  ["controller"] => string(5) "forum"
  ["action"] => string(13) "viewtopic.php"
  ["module"] => string(7) "default"
  ["p"] => string(2) "46"
}


--------------------------------------------------------------------------------
2014-12-21T00:35:01+00:00 ERR (3) 404 Seite nicht gefunden
REMOTE_ADDR: 148.251.183.105
HTTP_REFERER: 
requested: array(4) {
  ["controller"] => string(5) "forum"
  ["action"] => string(13) "viewtopic.php"
  ["module"] => string(7) "default"
  ["p"] => string(2) "48"
}


--------------------------------------------------------------------------------
2014-12-21T00:35:07+00:00 ERR (3) 404 Seite nicht gefunden
REMOTE_ADDR: 148.251.183.105
HTTP_REFERER: 
requested: array(4) {
  ["controller"] => string(5) "forum"
  ["action"] => string(13) "viewtopic.php"
  ["module"] => string(7) "default"
  ["p"] => string(2) "50"
}


--------------------------------------------------------------------------------
2014-12-21T00:35:42+00:00 ERR (3) 404 Seite nicht gefunden
REMOTE_ADDR: 148.251.183.105
HTTP_REFERER: 
requested: array(4) {
  ["controller"] => string(5) "forum"
  ["action"] => string(13) "viewtopic.php"
  ["module"] => string(7) "default"
  ["p"] => string(2) "57"
}


--------------------------------------------------------------------------------
2014-12-21T00:35:54+00:00 ERR (3) 404 Seite nicht gefunden
REMOTE_ADDR: 148.251.183.105
HTTP_REFERER: 
requested: array(4) {
  ["controller"] => string(5) "forum"
  ["action"] => string(13) "viewtopic.php"
  ["module"] => string(7) "default"
  ["p"] => string(2) "58"
}


--------------------------------------------------------------------------------
2014-12-21T00:36:01+00:00 ERR (3) 404 Seite nicht gefunden
REMOTE_ADDR: 148.251.183.105
HTTP_REFERER: 
requested: array(4) {
  ["controller"] => string(5) "forum"
  ["action"] => string(13) "viewtopic.php"
  ["module"] => string(7) "default"
  ["p"] => string(2) "59"
}


--------------------------------------------------------------------------------
2014-12-21T00:36:08+00:00 ERR (3) 404 Seite nicht gefunden
REMOTE_ADDR: 148.251.183.105
HTTP_REFERER: 
requested: array(4) {
  ["controller"] => string(5) "forum"
  ["action"] => string(13) "viewtopic.php"
  ["module"] => string(7) "default"
  ["p"] => string(2) "60"
}


--------------------------------------------------------------------------------
2014-12-21T07:53:26+00:00 ERR (3) 404 Seite nicht gefunden
REMOTE_ADDR: 66.249.75.82
HTTP_REFERER: 
requested: array(4) {
  ["controller"] => string(5) "diary"
  ["action"] => string(29) "tag:graphicore.de,2010-09-23:"
  ["diary"] => string(27) "201009231107214c9b34e9d0274"
  ["module"] => string(7) "default"
}


--------------------------------------------------------------------------------
2014-12-21T07:53:51+00:00 ERR (3) 404 Seite nicht gefunden
REMOTE_ADDR: 66.249.75.98
HTTP_REFERER: 
requested: array(4) {
  ["controller"] => string(5) "diary"
  ["action"] => string(29) "tag:graphicore.de,2010-09-27:"
  ["diary"] => string(27) "201009272109094ca107f52b79c"
  ["module"] => string(7) "default"
}


--------------------------------------------------------------------------------
2014-12-21T08:54:02+00:00 ERR (3) 404 Seite nicht gefunden
REMOTE_ADDR: 5.164.193.101
HTTP_REFERER: 
requested: array(3) {
  ["controller"] => string(5) "forum"
  ["action"] => string(9) "index.php"
  ["module"] => string(7) "default"
}


--------------------------------------------------------------------------------
2014-12-21T10:42:49+00:00 ERR (3) 404 Seite nicht gefunden
REMOTE_ADDR: 91.61.103.127
HTTP_REFERER: 
requested: array(3) {
  ["controller"] => string(32) "apple-touch-icon-precomposed.png"
  ["action"] => string(5) "index"
  ["module"] => string(7) "default"
}


--------------------------------------------------------------------------------
2014-12-21T10:42:50+00:00 ERR (3) 404 Seite nicht gefunden
REMOTE_ADDR: 91.61.103.127
HTTP_REFERER: 
requested: array(3) {
  ["controller"] => string(20) "apple-touch-icon.png"
  ["action"] => string(5) "index"
  ["module"] => string(7) "default"
}


--------------------------------------------------------------------------------
2014-12-21T14:26:55+00:00 ERR (3) 404 Seite nicht gefunden
REMOTE_ADDR: 66.249.67.122
HTTP_REFERER: 
requested: array(8) {
  ["controller"] => string(5) "forum"
  ["action"] => string(13) "viewtopic.php"
  ["module"] => string(7) "default"
  ["t"] => string(2) "13"
  ["start"] => string(1) "0"
  ["postdays"] => string(1) "0"
  ["postorder"] => string(3) "asc"
  ["highlight"] => string(0) ""
}


--------------------------------------------------------------------------------
2014-12-21T14:49:21+00:00 ERR (3) 404 Seite nicht gefunden
REMOTE_ADDR: 81.30.151.220
HTTP_REFERER: 
requested: array(8) {
  ["controller"] => string(5) "forum"
  ["action"] => string(13) "viewtopic.php"
  ["module"] => string(7) "default"
  ["t"] => string(2) "13"
  ["start"] => string(1) "0"
  ["postdays"] => string(1) "0"
  ["postorder"] => string(3) "asc"
  ["highlight"] => string(0) ""
}


--------------------------------------------------------------------------------
2014-12-21T18:22:24+00:00 ERR (3) 404 "story" was not found.
REMOTE_ADDR: 157.55.39.90
HTTP_REFERER: 
requested: array(6) {
  ["lang"] => string(2) "en"
  ["action"] => string(5) "index"
  ["key"] => string(5) "story"
  ["intern"] => string(7) "kontakt"
  ["module"] => string(7) "default"
  ["controller"] => string(5) "index"
}


--------------------------------------------------------------------------------
2014-12-21T19:57:09+00:00 ERR (3) 404 Seite nicht gefunden
REMOTE_ADDR: 94.103.232.181
HTTP_REFERER: 
requested: array(3) {
  ["controller"] => string(5) "forum"
  ["action"] => string(5) "index"
  ["module"] => string(7) "default"
}


--------------------------------------------------------------------------------
2014-12-21T20:16:20+00:00 ERR (3) 404 Seite nicht gefunden
REMOTE_ADDR: 103.6.188.128
HTTP_REFERER: http://graphicore.de/forum/
requested: array(3) {
  ["controller"] => string(5) "forum"
  ["action"] => string(5) "index"
  ["module"] => string(7) "default"
}


--------------------------------------------------------------------------------
2014-12-21T23:21:43+00:00 ERR (3) 404 Seite nicht gefunden
REMOTE_ADDR: 136.243.5.215
HTTP_REFERER: 
requested: array(4) {
  ["controller"] => string(5) "forum"
  ["action"] => string(13) "viewtopic.php"
  ["module"] => string(7) "default"
  ["t"] => string(1) "9"
}


--------------------------------------------------------------------------------
