2010-10-28T03:50:27+00:00 ERR (3) 404 Seite nicht gefunden
REMOTE_ADDR: 66.249.66.76
HTTP_REFERER: 
requested: array(4) {
  ["controller"] => string(6) "images"
  ["action"] => string(7) "managed"
  ["en"] => string(11) "storyTeaser"
  ["module"] => string(7) "default"
}


--------------------------------------------------------------------------------
2010-10-28T16:06:54+00:00 ERR (3) 404 "topic" was not found.
REMOTE_ADDR: 67.195.111.215
HTTP_REFERER: 
requested: array(6) {
  ["lang"] => string(2) "de"
  ["action"] => string(5) "index"
  ["key"] => string(5) "topic"
  ["intern"] => string(4) "news"
  ["module"] => string(7) "default"
  ["controller"] => string(5) "index"
}


--------------------------------------------------------------------------------
2010-10-28T16:10:27+00:00 ERR (3) 404 Seite nicht gefunden
REMOTE_ADDR: 66.249.66.76
HTTP_REFERER: 
requested: array(4) {
  ["controller"] => string(6) "images"
  ["action"] => string(7) "managed"
  ["en"] => string(11) "diaryTeaser"
  ["module"] => string(7) "default"
}


--------------------------------------------------------------------------------
2010-10-28T20:21:02+00:00 ERR (3) 404 "topic" was not found.
REMOTE_ADDR: 212.95.54.33
HTTP_REFERER: http://graphicore.de/de/index/topic/intern/news/
requested: array(6) {
  ["lang"] => string(2) "de"
  ["action"] => string(5) "index"
  ["key"] => string(5) "topic"
  ["intern"] => string(4) "news"
  ["module"] => string(7) "default"
  ["controller"] => string(5) "index"
}


--------------------------------------------------------------------------------
2010-10-28T21:22:18+00:00 ERR (3) 404 Seite nicht gefunden
REMOTE_ADDR: 66.249.66.76
HTTP_REFERER: 
requested: array(4) {
  ["controller"] => string(6) "images"
  [""] => string(5) "diary"
  ["action"] => string(5) "index"
  ["module"] => string(7) "default"
}


--------------------------------------------------------------------------------
2010-10-28T22:03:50+00:00 ERR (3) 404 Seite nicht gefunden
REMOTE_ADDR: 66.249.66.76
HTTP_REFERER: 
requested: array(4) {
  ["controller"] => string(6) "images"
  ["action"] => string(7) "managed"
  ["en"] => string(11) "storyTeaser"
  ["module"] => string(7) "default"
}


--------------------------------------------------------------------------------
2010-10-28T22:05:07+00:00 ERR (3) 404 Seite nicht gefunden
REMOTE_ADDR: 66.249.66.76
HTTP_REFERER: 
requested: array(3) {
  ["controller"] => string(6) "images"
  ["action"] => string(9) "unordered"
  ["module"] => string(7) "default"
}


--------------------------------------------------------------------------------
2010-10-28T22:27:10+00:00 ERR (3) 404 Seite nicht gefunden
REMOTE_ADDR: 66.249.66.76
HTTP_REFERER: 
requested: array(4) {
  ["controller"] => string(6) "images"
  [""] => string(5) "diary"
  ["action"] => string(5) "index"
  ["module"] => string(7) "default"
}


--------------------------------------------------------------------------------
2010-10-28T22:59:36+00:00 ERR (3) 404 Seite nicht gefunden
REMOTE_ADDR: 66.249.66.76
HTTP_REFERER: 
requested: array(4) {
  ["controller"] => string(6) "images"
  [""] => string(5) "diary"
  ["action"] => string(5) "index"
  ["module"] => string(7) "default"
}


--------------------------------------------------------------------------------
2010-10-28T23:32:02+00:00 ERR (3) 404 Seite nicht gefunden
REMOTE_ADDR: 66.249.66.76
HTTP_REFERER: 
requested: array(4) {
  ["controller"] => string(6) "images"
  [""] => string(5) "diary"
  ["action"] => string(5) "index"
  ["module"] => string(7) "default"
}


--------------------------------------------------------------------------------
