2020-12-03T00:03:01+00:00 ERR (3) 404 "hire-lasse" was not found.
REMOTE_ADDR: 95.216.96.254
HTTP_REFERER: http://graphicore.de/de/feed/rss
requested: array(5) {
  ["lang"] => string(2) "de"
  ["action"] => string(4) "page"
  ["key"] => string(10) "hire-lasse"
  ["module"] => string(7) "default"
  ["controller"] => string(5) "index"
}


--------------------------------------------------------------------------------
2020-12-03T03:37:31+00:00 ERR (3) 404 Seite nicht gefunden
REMOTE_ADDR: 192.185.176.212
HTTP_REFERER: http://graphicore.de/
requested: array(3) {
  ["controller"] => string(2) "wp"
  ["action"] => string(8) "wp-admin"
  ["module"] => string(7) "default"
}


--------------------------------------------------------------------------------
2020-12-03T04:31:30+00:00 ERR (3) 404 Seite nicht gefunden
REMOTE_ADDR: 89.45.6.55
HTTP_REFERER: 
requested: array(3) {
  ["controller"] => string(4) ".git"
  ["action"] => string(4) "HEAD"
  ["module"] => string(7) "default"
}


--------------------------------------------------------------------------------
2020-12-03T06:03:15+00:00 ERR (3) 404 Seite nicht gefunden
REMOTE_ADDR: 192.71.12.140
HTTP_REFERER: 
requested: array(3) {
  ["controller"] => string(10) "humans.txt"
  ["action"] => string(5) "index"
  ["module"] => string(7) "default"
}


--------------------------------------------------------------------------------
2020-12-03T06:03:15+00:00 ERR (3) 404 Seite nicht gefunden
REMOTE_ADDR: 192.71.10.105
HTTP_REFERER: 
requested: array(3) {
  ["controller"] => string(7) "ads.txt"
  ["action"] => string(5) "index"
  ["module"] => string(7) "default"
}


--------------------------------------------------------------------------------
2020-12-03T08:24:00+00:00 ERR (3) 404 "hire-lasse" was not found.
REMOTE_ADDR: 95.216.96.254
HTTP_REFERER: http://graphicore.de/en/feed/rss
requested: array(5) {
  ["lang"] => string(2) "en"
  ["action"] => string(4) "page"
  ["key"] => string(10) "hire-lasse"
  ["module"] => string(7) "default"
  ["controller"] => string(5) "index"
}


--------------------------------------------------------------------------------
2020-12-03T08:24:02+00:00 ERR (3) 404 "competences" was not found.
REMOTE_ADDR: 95.216.96.254
HTTP_REFERER: http://graphicore.de/de/page/lasse
requested: array(5) {
  ["lang"] => string(2) "de"
  ["action"] => string(4) "page"
  ["key"] => string(11) "competences"
  ["module"] => string(7) "default"
  ["controller"] => string(5) "index"
}


--------------------------------------------------------------------------------
2020-12-03T08:24:04+00:00 ERR (3) 404 "competences" was not found.
REMOTE_ADDR: 95.216.96.254
HTTP_REFERER: http://graphicore.de/en/page/lasse
requested: array(5) {
  ["lang"] => string(2) "en"
  ["action"] => string(4) "page"
  ["key"] => string(11) "competences"
  ["module"] => string(7) "default"
  ["controller"] => string(5) "index"
}


--------------------------------------------------------------------------------
2020-12-03T10:20:20+00:00 ERR (3) 404 Seite nicht gefunden
REMOTE_ADDR: 39.101.1.61
HTTP_REFERER: 
requested: array(3) {
  ["controller"] => string(10) "router.php"
  ["action"] => string(5) "index"
  ["module"] => string(7) "default"
}


--------------------------------------------------------------------------------
2020-12-03T10:56:10+00:00 ERR (3) 404 Page not found
REMOTE_ADDR: 37.1.204.92
HTTP_REFERER: 
requested: array(3) {
  ["controller"] => string(16) "phpminiadmin.php"
  ["action"] => string(5) "index"
  ["module"] => string(7) "default"
}


--------------------------------------------------------------------------------
