2016-12-14T01:19:07+00:00 ERR (3) 404 Seite nicht gefunden
REMOTE_ADDR: 136.243.148.176
HTTP_REFERER: http://www.graphicore.de/forum/viewtopic.php?t=13&
requested: array(4) {
  ["controller"] => string(5) "forum"
  ["action"] => string(13) "viewtopic.php"
  ["module"] => string(7) "default"
  ["t"] => string(2) "13"
}


--------------------------------------------------------------------------------
2016-12-14T01:20:06+00:00 ERR (3) 404 "hire-lasse" was not found.
REMOTE_ADDR: 136.243.148.176
HTTP_REFERER: http://graphicore.de/de/feed/rss
requested: array(5) {
  ["lang"] => string(2) "de"
  ["action"] => string(4) "page"
  ["key"] => string(10) "hire-lasse"
  ["module"] => string(7) "default"
  ["controller"] => string(5) "index"
}


--------------------------------------------------------------------------------
2016-12-14T01:20:49+00:00 ERR (3) 404 "hire-lasse" was not found.
REMOTE_ADDR: 136.243.148.176
HTTP_REFERER: http://graphicore.de/en/feed/rss
requested: array(5) {
  ["lang"] => string(2) "en"
  ["action"] => string(4) "page"
  ["key"] => string(10) "hire-lasse"
  ["module"] => string(7) "default"
  ["controller"] => string(5) "index"
}


--------------------------------------------------------------------------------
2016-12-14T05:21:36+00:00 ERR (3) 404 Seite nicht gefunden
REMOTE_ADDR: 89.203.249.191
HTTP_REFERER: 
requested: array(3) {
  ["controller"] => string(4) "blog"
  ["action"] => string(10) "robots.txt"
  ["module"] => string(7) "default"
}


--------------------------------------------------------------------------------
2016-12-14T05:21:37+00:00 ERR (3) 404 Seite nicht gefunden
REMOTE_ADDR: 89.203.249.191
HTTP_REFERER: 
requested: array(3) {
  ["controller"] => string(4) "blog"
  ["action"] => string(5) "index"
  ["module"] => string(7) "default"
}


--------------------------------------------------------------------------------
2016-12-14T05:21:37+00:00 ERR (3) 404 Seite nicht gefunden
REMOTE_ADDR: 89.203.249.191
HTTP_REFERER: 
requested: array(3) {
  ["controller"] => string(9) "wordpress"
  ["action"] => string(5) "index"
  ["module"] => string(7) "default"
}


--------------------------------------------------------------------------------
2016-12-14T05:21:37+00:00 ERR (3) 404 Seite nicht gefunden
REMOTE_ADDR: 89.203.249.191
HTTP_REFERER: 
requested: array(3) {
  ["controller"] => string(2) "wp"
  ["action"] => string(5) "index"
  ["module"] => string(7) "default"
}


--------------------------------------------------------------------------------
2016-12-14T05:21:37+00:00 ERR (3) 404 Seite nicht gefunden
REMOTE_ADDR: 89.203.249.191
HTTP_REFERER: 
requested: array(3) {
  ["controller"] => string(4) "blog"
  ["action"] => string(10) "robots.txt"
  ["module"] => string(7) "default"
}


--------------------------------------------------------------------------------
2016-12-14T05:21:37+00:00 ERR (3) 404 Seite nicht gefunden
REMOTE_ADDR: 89.203.249.191
HTTP_REFERER: 
requested: array(3) {
  ["controller"] => string(6) "joomla"
  ["action"] => string(10) "robots.txt"
  ["module"] => string(7) "default"
}


--------------------------------------------------------------------------------
2016-12-14T11:22:06+00:00 ERR (3) 404 Seite nicht gefunden
REMOTE_ADDR: 70.35.202.191
HTTP_REFERER: 
requested: array(4) {
  ["controller"] => string(6) "https:"
  [""] => string(19) "silber-und-blei.com"
  ["action"] => string(5) "index"
  ["module"] => string(7) "default"
}


--------------------------------------------------------------------------------
2016-12-14T11:22:08+00:00 ERR (3) 404 Seite nicht gefunden
REMOTE_ADDR: 70.35.202.191
HTTP_REFERER: 
requested: array(3) {
  ["controller"] => string(2) "js"
  ["action"] => string(1) "'"
  ["module"] => string(7) "default"
}


--------------------------------------------------------------------------------
2016-12-14T11:42:14+00:00 ERR (3) 404 "en" was not found.
REMOTE_ADDR: 208.43.225.85
HTTP_REFERER: 
requested: array(5) {
  ["lang"] => string(2) "en"
  ["action"] => string(7) "archive"
  ["key"] => string(2) "en"
  ["module"] => string(7) "default"
  ["controller"] => string(5) "index"
}


--------------------------------------------------------------------------------
2016-12-14T11:42:43+00:00 ERR (3) 404 "de" was not found.
REMOTE_ADDR: 208.43.225.84
HTTP_REFERER: 
requested: array(5) {
  ["lang"] => string(2) "de"
  ["action"] => string(4) "page"
  ["key"] => string(2) "de"
  ["module"] => string(7) "default"
  ["controller"] => string(5) "index"
}


--------------------------------------------------------------------------------
2016-12-14T11:42:55+00:00 ERR (3) 404 Seite nicht gefunden
REMOTE_ADDR: 208.43.225.84
HTTP_REFERER: 
requested: array(5) {
  ["lang"] => string(2) "de"
  ["action"] => string(2) "en"
  ["module"] => string(7) "default"
  ["controller"] => string(5) "index"
  ["key"] => string(0) ""
}


--------------------------------------------------------------------------------
2016-12-14T11:43:00+00:00 ERR (3) 404 The filter "de" was not found.
REMOTE_ADDR: 208.43.225.84
HTTP_REFERER: 
requested: array(5) {
  ["lang"] => string(2) "de"
  ["action"] => string(5) "diary"
  ["key"] => string(2) "de"
  ["module"] => string(7) "default"
  ["controller"] => string(5) "index"
}


--------------------------------------------------------------------------------
2016-12-14T14:23:15+00:00 ERR (3) 404 Seite nicht gefunden
REMOTE_ADDR: 94.23.0.221
HTTP_REFERER: 
requested: array(3) {
  ["controller"] => string(4) "blog"
  ["action"] => string(5) "index"
  ["module"] => string(7) "default"
}


--------------------------------------------------------------------------------
2016-12-14T14:23:15+00:00 ERR (3) 404 Seite nicht gefunden
REMOTE_ADDR: 94.23.0.221
HTTP_REFERER: 
requested: array(3) {
  ["controller"] => string(4) "site"
  ["action"] => string(5) "index"
  ["module"] => string(7) "default"
}


--------------------------------------------------------------------------------
2016-12-14T15:37:55+00:00 ERR (3) 404 Seite nicht gefunden
REMOTE_ADDR: 202.218.79.77
HTTP_REFERER: 
requested: array(3) {
  ["controller"] => string(8) "wp-admin"
  ["action"] => string(5) "index"
  ["module"] => string(7) "default"
}


--------------------------------------------------------------------------------
2016-12-14T15:44:39+00:00 ERR (3) 404 Seite nicht gefunden
REMOTE_ADDR: 66.249.76.134
HTTP_REFERER: 
requested: array(4) {
  ["controller"] => string(5) "diary"
  ["action"] => string(29) "tag:graphicore.de,2010-10-06:"
  ["diary"] => string(27) "201010061331004cac7a14de999"
  ["module"] => string(7) "default"
}


--------------------------------------------------------------------------------
2016-12-14T15:56:32+00:00 ERR (3) 404 Seite nicht gefunden
REMOTE_ADDR: 49.212.235.182
HTTP_REFERER: 
requested: array(3) {
  ["controller"] => string(9) "wordpress"
  ["action"] => string(8) "wp-admin"
  ["module"] => string(7) "default"
}


--------------------------------------------------------------------------------
2016-12-14T16:05:46+00:00 ERR (3) 404 Seite nicht gefunden
REMOTE_ADDR: 64.71.32.12
HTTP_REFERER: 
requested: array(3) {
  ["controller"] => string(4) "blog"
  ["action"] => string(8) "wp-admin"
  ["module"] => string(7) "default"
}


--------------------------------------------------------------------------------
2016-12-14T16:24:08+00:00 ERR (3) 404 Seite nicht gefunden
REMOTE_ADDR: 68.67.69.90
HTTP_REFERER: 
requested: array(3) {
  ["controller"] => string(3) "old"
  ["action"] => string(8) "wp-admin"
  ["module"] => string(7) "default"
}


--------------------------------------------------------------------------------
2016-12-14T18:12:23+00:00 ERR (3) 404 Seite nicht gefunden
REMOTE_ADDR: 103.254.55.86
HTTP_REFERER: 
requested: array(3) {
  ["controller"] => string(12) "wp-login.php"
  ["action"] => string(5) "index"
  ["module"] => string(7) "default"
}


--------------------------------------------------------------------------------
2016-12-14T18:20:45+00:00 ERR (3) 404 "hire-lasse" was not found.
REMOTE_ADDR: 157.55.39.96
HTTP_REFERER: 
requested: array(5) {
  ["lang"] => string(2) "de"
  ["action"] => string(4) "page"
  ["key"] => string(10) "hire-lasse"
  ["module"] => string(7) "default"
  ["controller"] => string(5) "index"
}


--------------------------------------------------------------------------------
2016-12-14T19:01:46+00:00 ERR (3) 404 Seite nicht gefunden
REMOTE_ADDR: 70.35.202.191
HTTP_REFERER: 
requested: array(4) {
  ["controller"] => string(6) "https:"
  [""] => string(19) "silber-und-blei.com"
  ["action"] => string(5) "index"
  ["module"] => string(7) "default"
}


--------------------------------------------------------------------------------
2016-12-14T19:01:49+00:00 ERR (3) 404 Seite nicht gefunden
REMOTE_ADDR: 70.35.202.191
HTTP_REFERER: 
requested: array(3) {
  ["controller"] => string(2) "js"
  ["action"] => string(1) "'"
  ["module"] => string(7) "default"
}


--------------------------------------------------------------------------------
2016-12-14T20:30:44+00:00 ERR (3) 404 Seite nicht gefunden
REMOTE_ADDR: 178.92.139.113
HTTP_REFERER: http://graphicore.de/forum/
requested: array(3) {
  ["controller"] => string(5) "forum"
  ["action"] => string(5) "index"
  ["module"] => string(7) "default"
}


--------------------------------------------------------------------------------
2016-12-14T20:30:54+00:00 ERR (3) 404 Seite nicht gefunden
REMOTE_ADDR: 178.92.139.113
HTTP_REFERER: http://graphicore.de/forum/
requested: array(3) {
  ["controller"] => string(5) "forum"
  ["action"] => string(5) "index"
  ["module"] => string(7) "default"
}


--------------------------------------------------------------------------------
