2016-12-10T00:00:03+00:00 ERR (3) 404 Seite nicht gefunden
REMOTE_ADDR: 192.254.207.127
HTTP_REFERER: 
requested: array(3) {
  ["controller"] => string(4) "test"
  ["action"] => string(8) "wp-admin"
  ["module"] => string(7) "default"
}


--------------------------------------------------------------------------------
2016-12-10T00:09:46+00:00 ERR (3) 404 Seite nicht gefunden
REMOTE_ADDR: 64.71.32.27
HTTP_REFERER: 
requested: array(3) {
  ["controller"] => string(9) "wordpress"
  ["action"] => string(8) "wp-admin"
  ["module"] => string(7) "default"
}


--------------------------------------------------------------------------------
2016-12-10T00:18:54+00:00 ERR (3) 404 Seite nicht gefunden
REMOTE_ADDR: 98.130.0.130
HTTP_REFERER: 
requested: array(3) {
  ["controller"] => string(4) "blog"
  ["action"] => string(8) "wp-admin"
  ["module"] => string(7) "default"
}


--------------------------------------------------------------------------------
2016-12-10T00:28:05+00:00 ERR (3) 404 Seite nicht gefunden
REMOTE_ADDR: 202.218.79.77
HTTP_REFERER: 
requested: array(3) {
  ["controller"] => string(2) "wp"
  ["action"] => string(8) "wp-admin"
  ["module"] => string(7) "default"
}


--------------------------------------------------------------------------------
2016-12-10T00:39:11+00:00 ERR (3) 404 Seite nicht gefunden
REMOTE_ADDR: 66.249.76.134
HTTP_REFERER: 
requested: array(4) {
  ["controller"] => string(5) "diary"
  ["action"] => string(29) "tag:graphicore.de,2014-02-27:"
  ["diary"] => string(27) "20140227142708530f4b3c7eae4"
  ["module"] => string(7) "default"
}


--------------------------------------------------------------------------------
2016-12-10T10:36:56+00:00 ERR (3) 404 Seite nicht gefunden
REMOTE_ADDR: 66.249.76.134
HTTP_REFERER: 
requested: array(4) {
  ["controller"] => string(6) "mobile"
  ["action"] => string(2) "de"
  ["archive"] => string(24) "2014-02-27_sibylle_frank"
  ["module"] => string(7) "default"
}


--------------------------------------------------------------------------------
2016-12-10T10:37:50+00:00 ERR (3) 404 Seite nicht gefunden
REMOTE_ADDR: 66.249.76.131
HTTP_REFERER: 
requested: array(4) {
  ["controller"] => string(1) "m"
  ["action"] => string(2) "de"
  ["archive"] => string(24) "2014-02-27_sibylle_frank"
  ["module"] => string(7) "default"
}


--------------------------------------------------------------------------------
2016-12-10T13:57:51+00:00 ERR (3) 404 "2014-02-27_kaufland-firewall-service" was not found.
REMOTE_ADDR: 66.249.76.134
HTTP_REFERER: 
requested: array(5) {
  ["lang"] => string(2) "de"
  ["action"] => string(7) "archive"
  ["key"] => string(36) "2014-02-27_kaufland-firewall-service"
  ["module"] => string(7) "default"
  ["controller"] => string(5) "index"
}


--------------------------------------------------------------------------------
2016-12-10T14:50:58+00:00 ERR (3) 404 "hire-lasse" was not found.
REMOTE_ADDR: 157.55.39.222
HTTP_REFERER: 
requested: array(5) {
  ["lang"] => string(2) "de"
  ["action"] => string(4) "page"
  ["key"] => string(10) "hire-lasse"
  ["module"] => string(7) "default"
  ["controller"] => string(5) "index"
}


--------------------------------------------------------------------------------
2016-12-10T16:52:14+00:00 ERR (3) 404 Seite nicht gefunden
REMOTE_ADDR: 193.201.224.177
HTTP_REFERER: 
requested: array(3) {
  ["controller"] => string(9) "fckeditor"
  ["action"] => string(6) "editor"
  ["module"] => string(7) "default"
}


--------------------------------------------------------------------------------
2016-12-10T17:51:19+00:00 ERR (3) 404 Seite nicht gefunden
REMOTE_ADDR: 193.201.224.177
HTTP_REFERER: 
requested: array(3) {
  ["controller"] => string(2) "js"
  ["action"] => string(9) "fckeditor"
  ["module"] => string(7) "default"
}


--------------------------------------------------------------------------------
2016-12-10T18:38:53+00:00 ERR (3) 404 "hire-lasse" was not found.
REMOTE_ADDR: 66.249.76.131
HTTP_REFERER: 
requested: array(5) {
  ["lang"] => string(2) "en"
  ["action"] => string(4) "page"
  ["key"] => string(10) "hire-lasse"
  ["module"] => string(7) "default"
  ["controller"] => string(5) "index"
}


--------------------------------------------------------------------------------
2016-12-10T18:55:20+00:00 ERR (3) 404 Seite nicht gefunden
REMOTE_ADDR: 193.201.224.177
HTTP_REFERER: 
requested: array(3) {
  ["controller"] => string(5) "admin"
  ["action"] => string(9) "fckeditor"
  ["module"] => string(7) "default"
}


--------------------------------------------------------------------------------
2016-12-10T19:58:53+00:00 ERR (3) 404 Seite nicht gefunden
REMOTE_ADDR: 193.201.224.177
HTTP_REFERER: 
requested: array(3) {
  ["controller"] => string(6) "manage"
  ["action"] => string(9) "fckeditor"
  ["module"] => string(7) "default"
}


--------------------------------------------------------------------------------
2016-12-10T21:00:41+00:00 ERR (3) 404 Seite nicht gefunden
REMOTE_ADDR: 193.201.224.177
HTTP_REFERER: 
requested: array(3) {
  ["controller"] => string(8) "sysadmin"
  ["action"] => string(9) "fckeditor"
  ["module"] => string(7) "default"
}


--------------------------------------------------------------------------------
2016-12-10T21:29:13+00:00 ERR (3) 404 Page not found
REMOTE_ADDR: 78.158.11.226
HTTP_REFERER: http://graphicore.de/
requested: array(3) {
  ["controller"] => string(6) "images"
  ["action"] => string(19) "silber-und-blei.svg"
  ["module"] => string(7) "default"
}


--------------------------------------------------------------------------------
2016-12-10T22:00:55+00:00 ERR (3) 404 Seite nicht gefunden
REMOTE_ADDR: 193.201.224.177
HTTP_REFERER: 
requested: array(3) {
  ["controller"] => string(6) "system"
  ["action"] => string(9) "fckeditor"
  ["module"] => string(7) "default"
}


--------------------------------------------------------------------------------
2016-12-10T23:00:29+00:00 ERR (3) 404 Seite nicht gefunden
REMOTE_ADDR: 193.201.224.177
HTTP_REFERER: 
requested: array(3) {
  ["controller"] => string(6) "editor"
  ["action"] => string(6) "editor"
  ["module"] => string(7) "default"
}


--------------------------------------------------------------------------------
2016-12-10T23:59:49+00:00 ERR (3) 404 Seite nicht gefunden
REMOTE_ADDR: 193.201.224.177
HTTP_REFERER: 
requested: array(3) {
  ["controller"] => string(6) "common"
  ["action"] => string(9) "fckeditor"
  ["module"] => string(7) "default"
}


--------------------------------------------------------------------------------
