2019-01-18T00:32:59+00:00 ERR (3) 404 "competences" was not found.
REMOTE_ADDR: 46.229.168.148
HTTP_REFERER: 
requested: array(5) {
  ["lang"] => string(2) "en"
  ["action"] => string(4) "page"
  ["key"] => string(11) "competences"
  ["module"] => string(7) "default"
  ["controller"] => string(5) "index"
}


--------------------------------------------------------------------------------
2019-01-18T05:41:42+00:00 ERR (3) 404 Page not found
REMOTE_ADDR: 23.228.96.82
HTTP_REFERER: http://graphicore.de/wp-content/plugins/wp-vertical-gallery/readme.txt
requested: array(4) {
  ["controller"] => string(10) "wp-content"
  ["action"] => string(7) "plugins"
  ["wp-vertical-gallery"] => string(10) "readme.txt"
  ["module"] => string(7) "default"
}


--------------------------------------------------------------------------------
2019-01-18T07:59:52+00:00 ERR (3) 404 "hire-lasse" was not found.
REMOTE_ADDR: 77.75.77.119
HTTP_REFERER: 
requested: array(5) {
  ["lang"] => string(2) "en"
  ["action"] => string(4) "page"
  ["key"] => string(10) "hire-lasse"
  ["module"] => string(7) "default"
  ["controller"] => string(5) "index"
}


--------------------------------------------------------------------------------
2019-01-18T09:49:38+00:00 ERR (3) 404 "competences" was not found.
REMOTE_ADDR: 77.75.78.168
HTTP_REFERER: 
requested: array(5) {
  ["lang"] => string(2) "de"
  ["action"] => string(4) "page"
  ["key"] => string(11) "competences"
  ["module"] => string(7) "default"
  ["controller"] => string(5) "index"
}


--------------------------------------------------------------------------------
2019-01-18T11:06:34+00:00 ERR (3) 404 Seite nicht gefunden
REMOTE_ADDR: 74.208.42.161
HTTP_REFERER: 
requested: array(4) {
  ["controller"] => string(6) "https:"
  [""] => string(19) "silber-und-blei.com"
  ["action"] => string(5) "index"
  ["module"] => string(7) "default"
}


--------------------------------------------------------------------------------
2019-01-18T14:50:46+00:00 ERR (3) 404 "hire-lasse" was not found.
REMOTE_ADDR: 95.108.181.62
HTTP_REFERER: 
requested: array(5) {
  ["lang"] => string(2) "en"
  ["action"] => string(4) "page"
  ["key"] => string(10) "hire-lasse"
  ["module"] => string(7) "default"
  ["controller"] => string(5) "index"
}


--------------------------------------------------------------------------------
