2012-09-05T11:21:02+00:00 ERR (3) 404 Seite nicht gefunden
REMOTE_ADDR: 110.194.97.157
HTTP_REFERER: http://graphicore.de/forum/index.php
requested: array(3) {
  ["controller"] => string(5) "forum"
  ["action"] => string(9) "index.php"
  ["module"] => string(7) "default"
}


--------------------------------------------------------------------------------
2012-09-05T17:30:26+00:00 ERR (3) 404 "topic" was not found.
REMOTE_ADDR: 82.193.109.52
HTTP_REFERER: http://graphicore.de/de/index/topic/intern/news/
requested: array(6) {
  ["lang"] => string(2) "de"
  ["action"] => string(5) "index"
  ["key"] => string(5) "topic"
  ["intern"] => string(4) "news"
  ["module"] => string(7) "default"
  ["controller"] => string(5) "index"
}


--------------------------------------------------------------------------------
2012-09-05T18:42:37+00:00 ERR (3) 404 Seite nicht gefunden
REMOTE_ADDR: 198.143.138.138
HTTP_REFERER: http://graphicore.de/forum/index.php
requested: array(3) {
  ["controller"] => string(5) "forum"
  ["action"] => string(9) "index.php"
  ["module"] => string(7) "default"
}


--------------------------------------------------------------------------------
