2014-10-19T05:25:51+00:00 ERR (3) 404 "2010-10-06_underground_exhibition&quot;" was not found.
REMOTE_ADDR: 107.152.163.16
HTTP_REFERER: http://graphicore.de/
requested: array(5) {
  ["lang"] => string(2) "en"
  ["action"] => string(7) "archive"
  ["key"] => string(34) "2010-10-06_underground_exhibition""
  ["module"] => string(7) "default"
  ["controller"] => string(5) "index"
}


--------------------------------------------------------------------------------
2014-10-19T05:25:52+00:00 ERR (3) 404 "2010-10-06_underground_exhibition&quot;" was not found.
REMOTE_ADDR: 107.152.163.16
HTTP_REFERER: http://graphicore.de/en/archive/2010-10-06_underground_exhibition" _ctf="rdr_T
requested: array(5) {
  ["lang"] => string(2) "de"
  ["action"] => string(7) "archive"
  ["key"] => string(34) "2010-10-06_underground_exhibition""
  ["module"] => string(7) "default"
  ["controller"] => string(5) "index"
}


--------------------------------------------------------------------------------
2014-10-19T07:14:02+00:00 ERR (3) 404 "hire-lasse" was not found.
REMOTE_ADDR: 5.255.253.66
HTTP_REFERER: 
requested: array(5) {
  ["lang"] => string(2) "de"
  ["action"] => string(4) "page"
  ["key"] => string(10) "hire-lasse"
  ["module"] => string(7) "default"
  ["controller"] => string(5) "index"
}


--------------------------------------------------------------------------------
2014-10-19T10:04:06+00:00 ERR (3) 404 "hire-lasse" was not found.
REMOTE_ADDR: 5.255.253.66
HTTP_REFERER: 
requested: array(5) {
  ["lang"] => string(2) "en"
  ["action"] => string(4) "page"
  ["key"] => string(10) "hire-lasse"
  ["module"] => string(7) "default"
  ["controller"] => string(5) "index"
}


--------------------------------------------------------------------------------
2014-10-19T11:43:59+00:00 ERR (3) 404 "hire-lasse" was not found.
REMOTE_ADDR: 192.99.149.88
HTTP_REFERER: 
requested: array(5) {
  ["lang"] => string(2) "en"
  ["action"] => string(4) "page"
  ["key"] => string(10) "hire-lasse"
  ["module"] => string(7) "default"
  ["controller"] => string(5) "index"
}


--------------------------------------------------------------------------------
2014-10-19T13:21:52+00:00 ERR (3) 404 "de" was not found.
REMOTE_ADDR: 208.115.113.89
HTTP_REFERER: 
requested: array(5) {
  ["lang"] => string(2) "en"
  ["action"] => string(7) "archive"
  ["key"] => string(2) "de"
  ["module"] => string(7) "default"
  ["controller"] => string(5) "index"
}


--------------------------------------------------------------------------------
2014-10-19T19:11:14+00:00 ERR (3) 404 "hire-lasse" was not found.
REMOTE_ADDR: 192.99.149.88
HTTP_REFERER: 
requested: array(5) {
  ["lang"] => string(2) "en"
  ["action"] => string(4) "page"
  ["key"] => string(10) "hire-lasse"
  ["module"] => string(7) "default"
  ["controller"] => string(5) "index"
}


--------------------------------------------------------------------------------
2014-10-19T22:27:06+00:00 ERR (3) 404 "hire-lasse" was not found.
REMOTE_ADDR: 81.144.138.34
HTTP_REFERER: 
requested: array(5) {
  ["lang"] => string(2) "de"
  ["action"] => string(4) "page"
  ["key"] => string(10) "hire-lasse"
  ["module"] => string(7) "default"
  ["controller"] => string(5) "index"
}


--------------------------------------------------------------------------------
2014-10-19T22:28:49+00:00 ERR (3) 404 "hire-lasse" was not found.
REMOTE_ADDR: 81.144.138.34
HTTP_REFERER: 
requested: array(5) {
  ["lang"] => string(2) "en"
  ["action"] => string(4) "page"
  ["key"] => string(10) "hire-lasse"
  ["module"] => string(7) "default"
  ["controller"] => string(5) "index"
}


--------------------------------------------------------------------------------
