2015-11-14T03:12:04+00:00 ERR (3) 404 Seite nicht gefunden
REMOTE_ADDR: 104.197.126.40
HTTP_REFERER: 
requested: array(3) {
  ["controller"] => string(10) "wp-content"
  ["action"] => string(7) "plugins"
  ["module"] => string(7) "default"
}


--------------------------------------------------------------------------------
2015-11-14T04:00:49+00:00 ERR (3) 404 Seite nicht gefunden
REMOTE_ADDR: 209.95.48.11
HTTP_REFERER: 
requested: array(4) {
  ["controller"] => string(6) "https:"
  [""] => string(19) "silber-und-blei.com"
  ["action"] => string(5) "index"
  ["module"] => string(7) "default"
}


--------------------------------------------------------------------------------
2015-11-14T04:00:57+00:00 ERR (3) 404 Seite nicht gefunden
REMOTE_ADDR: 209.95.48.11
HTTP_REFERER: 
requested: array(3) {
  ["controller"] => string(2) "js"
  ["action"] => string(1) "'"
  ["module"] => string(7) "default"
}


--------------------------------------------------------------------------------
2015-11-14T04:42:54+00:00 ERR (3) 404 "hire-lasse" was not found.
REMOTE_ADDR: 180.76.15.139
HTTP_REFERER: 
requested: array(5) {
  ["lang"] => string(2) "en"
  ["action"] => string(4) "page"
  ["key"] => string(10) "hire-lasse"
  ["module"] => string(7) "default"
  ["controller"] => string(5) "index"
}


--------------------------------------------------------------------------------
2015-11-14T13:40:18+00:00 ERR (3) 404 "" was not found.
REMOTE_ADDR: 157.55.39.121
HTTP_REFERER: 
requested: array(5) {
  ["lang"] => string(2) "en"
  ["action"] => string(7) "archive"
  ["module"] => string(7) "default"
  ["controller"] => string(5) "index"
  ["key"] => string(0) ""
}


--------------------------------------------------------------------------------
2015-11-14T20:54:29+00:00 ERR (3) 404 Seite nicht gefunden
REMOTE_ADDR: 46.118.155.216
HTTP_REFERER: 
requested: array(4) {
  ["controller"] => string(10) "xmlrpc.php"
  ["action"] => string(5) "index"
  ["module"] => string(7) "default"
  ["rsd"] => string(0) ""
}


--------------------------------------------------------------------------------
2015-11-14T20:54:29+00:00 ERR (3) 404 Seite nicht gefunden
REMOTE_ADDR: 46.118.155.216
HTTP_REFERER: 
requested: array(3) {
  ["controller"] => string(4) "blog"
  ["action"] => string(10) "robots.txt"
  ["module"] => string(7) "default"
}


--------------------------------------------------------------------------------
2015-11-14T20:54:29+00:00 ERR (3) 404 Seite nicht gefunden
REMOTE_ADDR: 46.118.155.216
HTTP_REFERER: 
requested: array(3) {
  ["controller"] => string(4) "blog"
  ["action"] => string(5) "index"
  ["module"] => string(7) "default"
}


--------------------------------------------------------------------------------
2015-11-14T20:54:30+00:00 ERR (3) 404 Seite nicht gefunden
REMOTE_ADDR: 46.118.155.216
HTTP_REFERER: 
requested: array(3) {
  ["controller"] => string(9) "wordpress"
  ["action"] => string(5) "index"
  ["module"] => string(7) "default"
}


--------------------------------------------------------------------------------
2015-11-14T20:54:30+00:00 ERR (3) 404 Seite nicht gefunden
REMOTE_ADDR: 46.118.155.216
HTTP_REFERER: 
requested: array(3) {
  ["controller"] => string(2) "wp"
  ["action"] => string(5) "index"
  ["module"] => string(7) "default"
}


--------------------------------------------------------------------------------
2015-11-14T21:19:07+00:00 ERR (3) 404 "hire-lasse" was not found.
REMOTE_ADDR: 194.44.218.132
HTTP_REFERER: 
requested: array(5) {
  ["lang"] => string(2) "en"
  ["action"] => string(4) "page"
  ["key"] => string(10) "hire-lasse"
  ["module"] => string(7) "default"
  ["controller"] => string(5) "index"
}


--------------------------------------------------------------------------------
2015-11-14T22:10:48+00:00 ERR (3) 404 Seite nicht gefunden
REMOTE_ADDR: 207.90.2.15
HTTP_REFERER: 
requested: array(5) {
  ["controller"] => string(6) "https:"
  [""] => string(19) "silber-und-blei.com"
  ["galerie"] => string(5) "embed"
  ["action"] => string(5) "index"
  ["module"] => string(7) "default"
}


--------------------------------------------------------------------------------
2015-11-14T22:49:38+00:00 ERR (3) 404 Seite nicht gefunden
REMOTE_ADDR: 91.90.191.135
HTTP_REFERER: 
requested: array(3) {
  ["controller"] => string(5) "forum"
  ["action"] => string(5) "index"
  ["module"] => string(7) "default"
}


--------------------------------------------------------------------------------
2015-11-14T22:49:38+00:00 ERR (3) 404 Seite nicht gefunden
REMOTE_ADDR: 91.90.191.135
HTTP_REFERER: 
requested: array(3) {
  ["controller"] => string(5) "forum"
  ["action"] => string(5) "index"
  ["module"] => string(7) "default"
}


--------------------------------------------------------------------------------
2015-11-14T22:56:12+00:00 ERR (3) 404 Seite nicht gefunden
REMOTE_ADDR: 209.95.48.11
HTTP_REFERER: 
requested: array(4) {
  ["controller"] => string(6) "https:"
  [""] => string(19) "silber-und-blei.com"
  ["action"] => string(5) "index"
  ["module"] => string(7) "default"
}


--------------------------------------------------------------------------------
2015-11-14T22:56:18+00:00 ERR (3) 404 Seite nicht gefunden
REMOTE_ADDR: 209.95.48.11
HTTP_REFERER: 
requested: array(3) {
  ["controller"] => string(2) "js"
  ["action"] => string(1) "'"
  ["module"] => string(7) "default"
}


--------------------------------------------------------------------------------
