2011-05-21T04:55:25+00:00 ERR (3) 404 Seite nicht gefunden
REMOTE_ADDR: 109.230.246.194
HTTP_REFERER: http://graphicore.de/forum/index.php
requested: array(3) {
  ["controller"] => string(5) "forum"
  ["action"] => string(9) "index.php"
  ["module"] => string(7) "default"
}


--------------------------------------------------------------------------------
2011-05-21T09:00:21+00:00 ERR (3) 404 Page not found
REMOTE_ADDR: 84.10.163.240
HTTP_REFERER: 
requested: array(3) {
  ["controller"] => string(5) "forum"
  ["action"] => string(9) "index.php"
  ["module"] => string(7) "default"
}


--------------------------------------------------------------------------------
2011-05-21T17:22:50+00:00 ERR (3) 404 Seite nicht gefunden
REMOTE_ADDR: 96.31.75.191
HTTP_REFERER: http://graphicore.de/forum/index.php
requested: array(3) {
  ["controller"] => string(5) "forum"
  ["action"] => string(9) "index.php"
  ["module"] => string(7) "default"
}


--------------------------------------------------------------------------------
2011-05-21T20:53:48+00:00 ERR (3) 404 "" was not found.
REMOTE_ADDR: 207.46.13.98
HTTP_REFERER: 
requested: array(5) {
  ["lang"] => string(2) "en"
  ["action"] => string(7) "archive"
  ["module"] => string(7) "default"
  ["controller"] => string(5) "index"
  ["key"] => string(0) ""
}


--------------------------------------------------------------------------------
