2010-09-22T01:27:57+00:00 ERR (3) 404 Seite nicht gefunden
REMOTE_ADDR: 83.139.150.117
HTTP_REFERER: http://www.graphicore.de/forum/index.php
requested: array(3) {
  ["controller"] => string(5) "forum"
  ["action"] => string(9) "index.php"
  ["module"] => string(7) "default"
}


--------------------------------------------------------------------------------
2010-09-22T01:29:52+00:00 ERR (3) 404 "story" was not found.
REMOTE_ADDR: 67.195.110.176
HTTP_REFERER: 
requested: array(6) {
  ["lang"] => string(2) "en"
  ["action"] => string(5) "index"
  ["key"] => string(5) "story"
  ["intern"] => string(10) "stadtnatur"
  ["module"] => string(7) "default"
  ["controller"] => string(5) "index"
}


--------------------------------------------------------------------------------
2010-09-22T04:16:50+00:00 ERR (3) 404 Seite nicht gefunden
REMOTE_ADDR: 83.139.150.117
HTTP_REFERER: http://www.graphicore.de/forum/index.php
requested: array(3) {
  ["controller"] => string(5) "forum"
  ["action"] => string(9) "index.php"
  ["module"] => string(7) "default"
}


--------------------------------------------------------------------------------
2010-09-22T08:51:16+00:00 ERR (3) 404 "2010-09-09_A-Brute-Font-Attack#graphicore_url_:de:archive:2010-09-09_A-Brute-Font-Attack" was not found.
REMOTE_ADDR: 85.176.114.67
HTTP_REFERER: 
requested: array(5) {
  ["lang"] => string(2) "de"
  ["action"] => string(7) "archive"
  ["key"] => string(88) "2010-09-09_A-Brute-Font-Attack#graphicore_url_:de:archive:2010-09-09_A-Brute-Font-Attack"
  ["module"] => string(7) "default"
  ["controller"] => string(5) "index"
}


--------------------------------------------------------------------------------
2010-09-22T09:23:41+00:00 ERR (3) 404 Page not found
REMOTE_ADDR: 88.75.245.200
HTTP_REFERER: http://www.graphicore.de/
requested: array(3) {
  ["controller"] => string(5) "style"
  ["action"] => string(9) "style.css"
  ["module"] => string(7) "default"
}


--------------------------------------------------------------------------------
2010-09-22T09:23:41+00:00 ERR (3) 404 Page not found
REMOTE_ADDR: 88.75.245.200
HTTP_REFERER: http://www.graphicore.de/
requested: array(3) {
  ["controller"] => string(10) "javascript"
  ["action"] => string(8) "dmain.js"
  ["module"] => string(7) "default"
}


--------------------------------------------------------------------------------
2010-09-22T09:23:42+00:00 ERR (3) 404 Page not found
REMOTE_ADDR: 88.75.245.200
HTTP_REFERER: http://www.graphicore.de/
requested: array(4) {
  ["controller"] => string(6) "images"
  ["action"] => string(7) "managed"
  ["en"] => string(11) "diaryTeaser"
  ["module"] => string(7) "default"
}


--------------------------------------------------------------------------------
2010-09-22T09:23:42+00:00 ERR (3) 404 Page not found
REMOTE_ADDR: 88.75.245.200
HTTP_REFERER: http://www.graphicore.de/
requested: array(3) {
  ["controller"] => string(6) "images"
  ["action"] => string(6) "layout"
  ["module"] => string(7) "default"
}


--------------------------------------------------------------------------------
2010-09-22T09:24:32+00:00 ERR (3) 404 Page not found
REMOTE_ADDR: 88.75.245.200
HTTP_REFERER: http://www.graphicore.de/
requested: array(3) {
  ["controller"] => string(10) "javascript"
  ["action"] => string(8) "dmain.js"
  ["module"] => string(7) "default"
}


--------------------------------------------------------------------------------
2010-09-22T09:24:32+00:00 ERR (3) 404 Page not found
REMOTE_ADDR: 88.75.245.200
HTTP_REFERER: http://www.graphicore.de/
requested: array(3) {
  ["controller"] => string(5) "style"
  ["action"] => string(9) "style.css"
  ["module"] => string(7) "default"
}


--------------------------------------------------------------------------------
2010-09-22T09:24:32+00:00 ERR (3) 404 Page not found
REMOTE_ADDR: 88.75.245.200
HTTP_REFERER: http://www.graphicore.de/
requested: array(3) {
  ["controller"] => string(6) "images"
  ["action"] => string(6) "layout"
  ["module"] => string(7) "default"
}


--------------------------------------------------------------------------------
2010-09-22T09:24:32+00:00 ERR (3) 404 Page not found
REMOTE_ADDR: 88.75.245.200
HTTP_REFERER: http://www.graphicore.de/
requested: array(4) {
  ["controller"] => string(6) "images"
  ["action"] => string(7) "managed"
  ["en"] => string(11) "diaryTeaser"
  ["module"] => string(7) "default"
}


--------------------------------------------------------------------------------
2010-09-22T09:24:33+00:00 ERR (3) 404 Page not found
REMOTE_ADDR: 88.75.245.200
HTTP_REFERER: http://www.graphicore.de/
requested: array(3) {
  ["controller"] => string(10) "javascript"
  ["action"] => string(8) "dmain.js"
  ["module"] => string(7) "default"
}


--------------------------------------------------------------------------------
2010-09-22T09:24:33+00:00 ERR (3) 404 Page not found
REMOTE_ADDR: 88.75.245.200
HTTP_REFERER: http://www.graphicore.de/
requested: array(4) {
  ["controller"] => string(6) "images"
  ["action"] => string(7) "managed"
  ["en"] => string(11) "diaryTeaser"
  ["module"] => string(7) "default"
}


--------------------------------------------------------------------------------
2010-09-22T09:24:33+00:00 ERR (3) 404 Page not found
REMOTE_ADDR: 88.75.245.200
HTTP_REFERER: http://www.graphicore.de/
requested: array(3) {
  ["controller"] => string(6) "images"
  ["action"] => string(6) "layout"
  ["module"] => string(7) "default"
}


--------------------------------------------------------------------------------
2010-09-22T09:25:21+00:00 ERR (3) 404 Page not found
REMOTE_ADDR: 88.75.245.200
HTTP_REFERER: http://www.graphicore.de/
requested: array(3) {
  ["controller"] => string(10) "javascript"
  ["action"] => string(8) "dmain.js"
  ["module"] => string(7) "default"
}


--------------------------------------------------------------------------------
2010-09-22T09:25:21+00:00 ERR (3) 404 Page not found
REMOTE_ADDR: 88.75.245.200
HTTP_REFERER: http://www.graphicore.de/
requested: array(3) {
  ["controller"] => string(5) "style"
  ["action"] => string(9) "style.css"
  ["module"] => string(7) "default"
}


--------------------------------------------------------------------------------
2010-09-22T09:25:21+00:00 ERR (3) 404 Page not found
REMOTE_ADDR: 88.75.245.200
HTTP_REFERER: http://www.graphicore.de/
requested: array(4) {
  ["controller"] => string(6) "images"
  ["action"] => string(7) "managed"
  ["en"] => string(11) "diaryTeaser"
  ["module"] => string(7) "default"
}


--------------------------------------------------------------------------------
2010-09-22T09:25:21+00:00 ERR (3) 404 Page not found
REMOTE_ADDR: 88.75.245.200
HTTP_REFERER: http://www.graphicore.de/
requested: array(3) {
  ["controller"] => string(6) "images"
  ["action"] => string(6) "layout"
  ["module"] => string(7) "default"
}


--------------------------------------------------------------------------------
2010-09-22T09:25:21+00:00 ERR (3) 404 Page not found
REMOTE_ADDR: 88.75.245.200
HTTP_REFERER: http://www.graphicore.de/
requested: array(3) {
  ["controller"] => string(10) "javascript"
  ["action"] => string(8) "dmain.js"
  ["module"] => string(7) "default"
}


--------------------------------------------------------------------------------
2010-09-22T09:25:22+00:00 ERR (3) 404 Page not found
REMOTE_ADDR: 88.75.245.200
HTTP_REFERER: http://www.graphicore.de/
requested: array(3) {
  ["controller"] => string(6) "images"
  ["action"] => string(6) "layout"
  ["module"] => string(7) "default"
}


--------------------------------------------------------------------------------
2010-09-22T09:25:22+00:00 ERR (3) 404 Page not found
REMOTE_ADDR: 88.75.245.200
HTTP_REFERER: http://www.graphicore.de/
requested: array(4) {
  ["controller"] => string(6) "images"
  ["action"] => string(7) "managed"
  ["en"] => string(11) "diaryTeaser"
  ["module"] => string(7) "default"
}


--------------------------------------------------------------------------------
2010-09-22T10:12:16+00:00 ERR (3) 404 "topic" was not found.
REMOTE_ADDR: 173.236.65.6
HTTP_REFERER: http://graphicore.de/de/index/topic/intern/news/
requested: array(6) {
  ["lang"] => string(2) "de"
  ["action"] => string(5) "index"
  ["key"] => string(5) "topic"
  ["intern"] => string(4) "news"
  ["module"] => string(7) "default"
  ["controller"] => string(5) "index"
}


--------------------------------------------------------------------------------
2010-09-22T10:24:12+00:00 ERR (3) 404 "topic" was not found.
REMOTE_ADDR: 85.114.130.150
HTTP_REFERER: http://graphicore.de/de/index/topic/intern/news/
requested: array(6) {
  ["lang"] => string(2) "de"
  ["action"] => string(5) "index"
  ["key"] => string(5) "topic"
  ["intern"] => string(4) "news"
  ["module"] => string(7) "default"
  ["controller"] => string(5) "index"
}


--------------------------------------------------------------------------------
2010-09-22T23:27:56+00:00 ERR (3) 404 Seite nicht gefunden
REMOTE_ADDR: 77.208.70.221
HTTP_REFERER: 
requested: array(3) {
  ["controller"] => string(10) "javascript"
  ["action"] => string(1) "'"
  ["module"] => string(7) "default"
}


--------------------------------------------------------------------------------
2010-09-22T23:28:39+00:00 ERR (3) 404 Seite nicht gefunden
REMOTE_ADDR: 77.208.70.221
HTTP_REFERER: 
requested: array(4) {
  ["controller"] => string(11) "graphicore2"
  ["action"] => string(6) "public"
  ["javascript"] => string(10) "blank.html"
  ["module"] => string(7) "default"
}


--------------------------------------------------------------------------------
