2017-12-28T00:24:13+00:00 ERR (3) 404 Seite nicht gefunden
REMOTE_ADDR: 190.77.211.159
HTTP_REFERER: 
requested: array(3) {
  ["controller"] => string(12) "wp-login.php"
  ["action"] => string(5) "index"
  ["module"] => string(7) "default"
}


--------------------------------------------------------------------------------
2017-12-28T00:26:53+00:00 ERR (3) 404 Seite nicht gefunden
REMOTE_ADDR: 94.53.109.48
HTTP_REFERER: 
requested: array(3) {
  ["controller"] => string(12) "wp-login.php"
  ["action"] => string(5) "index"
  ["module"] => string(7) "default"
}


--------------------------------------------------------------------------------
2017-12-28T00:33:44+00:00 ERR (3) 404 Seite nicht gefunden
REMOTE_ADDR: 188.71.248.67
HTTP_REFERER: 
requested: array(3) {
  ["controller"] => string(12) "wp-login.php"
  ["action"] => string(5) "index"
  ["module"] => string(7) "default"
}


--------------------------------------------------------------------------------
2017-12-28T00:39:54+00:00 ERR (3) 404 Seite nicht gefunden
REMOTE_ADDR: 76.11.114.19
HTTP_REFERER: 
requested: array(3) {
  ["controller"] => string(12) "wp-login.php"
  ["action"] => string(5) "index"
  ["module"] => string(7) "default"
}


--------------------------------------------------------------------------------
2017-12-28T01:01:45+00:00 ERR (3) 404 Seite nicht gefunden
REMOTE_ADDR: 105.105.102.0
HTTP_REFERER: 
requested: array(3) {
  ["controller"] => string(12) "wp-login.php"
  ["action"] => string(5) "index"
  ["module"] => string(7) "default"
}


--------------------------------------------------------------------------------
2017-12-28T01:01:51+00:00 ERR (3) 404 Seite nicht gefunden
REMOTE_ADDR: 114.144.24.39
HTTP_REFERER: 
requested: array(3) {
  ["controller"] => string(12) "wp-login.php"
  ["action"] => string(5) "index"
  ["module"] => string(7) "default"
}


--------------------------------------------------------------------------------
2017-12-28T01:11:56+00:00 ERR (3) 404 Seite nicht gefunden
REMOTE_ADDR: 196.32.102.201
HTTP_REFERER: 
requested: array(3) {
  ["controller"] => string(12) "wp-login.php"
  ["action"] => string(5) "index"
  ["module"] => string(7) "default"
}


--------------------------------------------------------------------------------
2017-12-28T01:14:37+00:00 ERR (3) 404 Seite nicht gefunden
REMOTE_ADDR: 109.31.113.120
HTTP_REFERER: 
requested: array(3) {
  ["controller"] => string(12) "wp-login.php"
  ["action"] => string(5) "index"
  ["module"] => string(7) "default"
}


--------------------------------------------------------------------------------
2017-12-28T01:42:52+00:00 ERR (3) 404 Seite nicht gefunden
REMOTE_ADDR: 49.148.218.33
HTTP_REFERER: 
requested: array(3) {
  ["controller"] => string(12) "wp-login.php"
  ["action"] => string(5) "index"
  ["module"] => string(7) "default"
}


--------------------------------------------------------------------------------
2017-12-28T01:50:42+00:00 ERR (3) 404 Seite nicht gefunden
REMOTE_ADDR: 131.255.188.12
HTTP_REFERER: 
requested: array(3) {
  ["controller"] => string(12) "wp-login.php"
  ["action"] => string(5) "index"
  ["module"] => string(7) "default"
}


--------------------------------------------------------------------------------
2017-12-28T02:17:08+00:00 ERR (3) 404 Seite nicht gefunden
REMOTE_ADDR: 112.210.238.209
HTTP_REFERER: 
requested: array(3) {
  ["controller"] => string(12) "wp-login.php"
  ["action"] => string(5) "index"
  ["module"] => string(7) "default"
}


--------------------------------------------------------------------------------
2017-12-28T03:22:28+00:00 ERR (3) 404 Seite nicht gefunden
REMOTE_ADDR: 41.75.73.123
HTTP_REFERER: 
requested: array(3) {
  ["controller"] => string(12) "wp-login.php"
  ["action"] => string(5) "index"
  ["module"] => string(7) "default"
}


--------------------------------------------------------------------------------
2017-12-28T03:26:46+00:00 ERR (3) 404 Seite nicht gefunden
REMOTE_ADDR: 99.199.167.69
HTTP_REFERER: 
requested: array(3) {
  ["controller"] => string(12) "wp-login.php"
  ["action"] => string(5) "index"
  ["module"] => string(7) "default"
}


--------------------------------------------------------------------------------
2017-12-28T03:52:19+00:00 ERR (3) 404 Seite nicht gefunden
REMOTE_ADDR: 120.28.68.192
HTTP_REFERER: 
requested: array(3) {
  ["controller"] => string(12) "wp-login.php"
  ["action"] => string(5) "index"
  ["module"] => string(7) "default"
}


--------------------------------------------------------------------------------
2017-12-28T03:58:08+00:00 ERR (3) 404 Seite nicht gefunden
REMOTE_ADDR: 41.188.97.9
HTTP_REFERER: 
requested: array(3) {
  ["controller"] => string(12) "wp-login.php"
  ["action"] => string(5) "index"
  ["module"] => string(7) "default"
}


--------------------------------------------------------------------------------
2017-12-28T04:12:31+00:00 ERR (3) 404 Seite nicht gefunden
REMOTE_ADDR: 49.146.37.102
HTTP_REFERER: 
requested: array(3) {
  ["controller"] => string(12) "wp-login.php"
  ["action"] => string(5) "index"
  ["module"] => string(7) "default"
}


--------------------------------------------------------------------------------
2017-12-28T04:33:26+00:00 ERR (3) 404 Seite nicht gefunden
REMOTE_ADDR: 200.83.25.195
HTTP_REFERER: 
requested: array(3) {
  ["controller"] => string(12) "wp-login.php"
  ["action"] => string(5) "index"
  ["module"] => string(7) "default"
}


--------------------------------------------------------------------------------
2017-12-28T04:36:35+00:00 ERR (3) 404 Seite nicht gefunden
REMOTE_ADDR: 177.193.192.125
HTTP_REFERER: 
requested: array(3) {
  ["controller"] => string(12) "wp-login.php"
  ["action"] => string(5) "index"
  ["module"] => string(7) "default"
}


--------------------------------------------------------------------------------
2017-12-28T04:49:59+00:00 ERR (3) 404 Seite nicht gefunden
REMOTE_ADDR: 175.145.84.57
HTTP_REFERER: 
requested: array(3) {
  ["controller"] => string(12) "wp-login.php"
  ["action"] => string(5) "index"
  ["module"] => string(7) "default"
}


--------------------------------------------------------------------------------
2017-12-28T04:53:45+00:00 ERR (3) 404 Seite nicht gefunden
REMOTE_ADDR: 216.244.71.234
HTTP_REFERER: 
requested: array(3) {
  ["controller"] => string(6) "https:"
  ["action"] => string(19) "silber-und-blei.com"
  ["module"] => string(7) "default"
}


--------------------------------------------------------------------------------
2017-12-28T05:13:22+00:00 ERR (3) 404 Seite nicht gefunden
REMOTE_ADDR: 174.60.25.135
HTTP_REFERER: 
requested: array(3) {
  ["controller"] => string(12) "wp-login.php"
  ["action"] => string(5) "index"
  ["module"] => string(7) "default"
}


--------------------------------------------------------------------------------
2017-12-28T05:33:23+00:00 ERR (3) 404 Seite nicht gefunden
REMOTE_ADDR: 192.34.57.145
HTTP_REFERER: 
requested: array(9) {
  ["controller"] => string(3) "%0D"
  ["action"] => string(9) "index.php"
  ["module"] => string(7) "default"
  ["option"] => string(7) "com_jce"
  ["task"] => string(6) "plugin"
  ["plugin"] => string(10) "imgmanager"
  ["file"] => string(10) "imgmanager"
  ["version"] => string(4) "1576"
  ["cid"] => string(2) "20"
}


--------------------------------------------------------------------------------
2017-12-28T05:33:23+00:00 ERR (3) 404 Page not found
REMOTE_ADDR: 192.34.57.145
HTTP_REFERER: 
requested: array(11) {
  ["lang"] => string(2) "en"
  ["action"] => string(9) "index.php"
  ["module"] => string(7) "default"
  ["controller"] => string(5) "index"
  ["key"] => string(0) ""
  ["option"] => string(7) "com_jce"
  ["task"] => string(6) "plugin"
  ["plugin"] => string(10) "imgmanager"
  ["file"] => string(10) "imgmanager"
  ["version"] => string(4) "1576"
  ["cid"] => string(2) "20"
}


--------------------------------------------------------------------------------
2017-12-28T06:02:41+00:00 ERR (3) 404 Seite nicht gefunden
REMOTE_ADDR: 103.255.5.24
HTTP_REFERER: 
requested: array(3) {
  ["controller"] => string(12) "wp-login.php"
  ["action"] => string(5) "index"
  ["module"] => string(7) "default"
}


--------------------------------------------------------------------------------
2017-12-28T06:04:40+00:00 ERR (3) 404 "hire-lasse" was not found.
REMOTE_ADDR: 144.76.153.198
HTTP_REFERER: 
requested: array(5) {
  ["lang"] => string(2) "de"
  ["action"] => string(4) "page"
  ["key"] => string(10) "hire-lasse"
  ["module"] => string(7) "default"
  ["controller"] => string(5) "index"
}


--------------------------------------------------------------------------------
2017-12-28T06:07:35+00:00 ERR (3) 404 Seite nicht gefunden
REMOTE_ADDR: 105.111.60.189
HTTP_REFERER: 
requested: array(3) {
  ["controller"] => string(12) "wp-login.php"
  ["action"] => string(5) "index"
  ["module"] => string(7) "default"
}


--------------------------------------------------------------------------------
2017-12-28T06:10:03+00:00 ERR (3) 404 Seite nicht gefunden
REMOTE_ADDR: 201.17.180.139
HTTP_REFERER: 
requested: array(3) {
  ["controller"] => string(12) "wp-login.php"
  ["action"] => string(5) "index"
  ["module"] => string(7) "default"
}


--------------------------------------------------------------------------------
2017-12-28T06:27:26+00:00 ERR (3) 404 Seite nicht gefunden
REMOTE_ADDR: 79.191.106.188
HTTP_REFERER: 
requested: array(3) {
  ["controller"] => string(12) "wp-login.php"
  ["action"] => string(5) "index"
  ["module"] => string(7) "default"
}


--------------------------------------------------------------------------------
2017-12-28T06:48:02+00:00 ERR (3) 404 Page not found
REMOTE_ADDR: 14.215.176.18
HTTP_REFERER: http://www.baidu.com/s?wd=KYA
requested: array(3) {
  ["controller"] => string(5) "forum"
  ["action"] => string(9) "index.php"
  ["module"] => string(7) "default"
}


--------------------------------------------------------------------------------
2017-12-28T07:07:45+00:00 ERR (3) 404 Seite nicht gefunden
REMOTE_ADDR: 175.145.103.189
HTTP_REFERER: 
requested: array(3) {
  ["controller"] => string(12) "wp-login.php"
  ["action"] => string(5) "index"
  ["module"] => string(7) "default"
}


--------------------------------------------------------------------------------
2017-12-28T07:17:03+00:00 ERR (3) 404 Seite nicht gefunden
REMOTE_ADDR: 95.21.107.220
HTTP_REFERER: 
requested: array(3) {
  ["controller"] => string(12) "wp-login.php"
  ["action"] => string(5) "index"
  ["module"] => string(7) "default"
}


--------------------------------------------------------------------------------
2017-12-28T07:24:32+00:00 ERR (3) 404 Seite nicht gefunden
REMOTE_ADDR: 213.10.127.68
HTTP_REFERER: 
requested: array(3) {
  ["controller"] => string(12) "wp-login.php"
  ["action"] => string(5) "index"
  ["module"] => string(7) "default"
}


--------------------------------------------------------------------------------
2017-12-28T07:25:13+00:00 ERR (3) 404 Page not found
REMOTE_ADDR: 180.97.35.20
HTTP_REFERER: 
requested: array(3) {
  ["controller"] => string(5) "forum"
  ["action"] => string(9) "index.php"
  ["module"] => string(7) "default"
}


--------------------------------------------------------------------------------
2017-12-28T07:28:30+00:00 ERR (3) 404 Seite nicht gefunden
REMOTE_ADDR: 86.89.65.50
HTTP_REFERER: 
requested: array(3) {
  ["controller"] => string(6) "https:"
  ["action"] => string(19) "silber-und-blei.com"
  ["module"] => string(7) "default"
}


--------------------------------------------------------------------------------
2017-12-28T07:49:06+00:00 ERR (3) 404 Seite nicht gefunden
REMOTE_ADDR: 78.131.111.230
HTTP_REFERER: 
requested: array(3) {
  ["controller"] => string(12) "wp-login.php"
  ["action"] => string(5) "index"
  ["module"] => string(7) "default"
}


--------------------------------------------------------------------------------
2017-12-28T08:02:11+00:00 ERR (3) 404 Seite nicht gefunden
REMOTE_ADDR: 80.68.2.89
HTTP_REFERER: 
requested: array(3) {
  ["controller"] => string(12) "wp-login.php"
  ["action"] => string(5) "index"
  ["module"] => string(7) "default"
}


--------------------------------------------------------------------------------
2017-12-28T08:08:16+00:00 ERR (3) 404 Seite nicht gefunden
REMOTE_ADDR: 92.53.28.169
HTTP_REFERER: 
requested: array(3) {
  ["controller"] => string(12) "wp-login.php"
  ["action"] => string(5) "index"
  ["module"] => string(7) "default"
}


--------------------------------------------------------------------------------
2017-12-28T08:34:05+00:00 ERR (3) 404 Seite nicht gefunden
REMOTE_ADDR: 95.10.188.12
HTTP_REFERER: 
requested: array(3) {
  ["controller"] => string(12) "wp-login.php"
  ["action"] => string(5) "index"
  ["module"] => string(7) "default"
}


--------------------------------------------------------------------------------
2017-12-28T08:41:35+00:00 ERR (3) 404 Seite nicht gefunden
REMOTE_ADDR: 79.107.109.126
HTTP_REFERER: 
requested: array(3) {
  ["controller"] => string(12) "wp-login.php"
  ["action"] => string(5) "index"
  ["module"] => string(7) "default"
}


--------------------------------------------------------------------------------
2017-12-28T09:10:01+00:00 ERR (3) 404 Seite nicht gefunden
REMOTE_ADDR: 41.57.217.84
HTTP_REFERER: 
requested: array(3) {
  ["controller"] => string(12) "wp-login.php"
  ["action"] => string(5) "index"
  ["module"] => string(7) "default"
}


--------------------------------------------------------------------------------
2017-12-28T09:10:35+00:00 ERR (3) 404 Seite nicht gefunden
REMOTE_ADDR: 41.57.217.84
HTTP_REFERER: 
requested: array(3) {
  ["controller"] => string(12) "wp-login.php"
  ["action"] => string(5) "index"
  ["module"] => string(7) "default"
}


--------------------------------------------------------------------------------
2017-12-28T09:24:57+00:00 ERR (3) 404 Seite nicht gefunden
REMOTE_ADDR: 93.105.254.114
HTTP_REFERER: 
requested: array(3) {
  ["controller"] => string(12) "wp-login.php"
  ["action"] => string(5) "index"
  ["module"] => string(7) "default"
}


--------------------------------------------------------------------------------
2017-12-28T10:07:55+00:00 ERR (3) 404 Seite nicht gefunden
REMOTE_ADDR: 212.43.35.159
HTTP_REFERER: 
requested: array(3) {
  ["controller"] => string(12) "wp-login.php"
  ["action"] => string(5) "index"
  ["module"] => string(7) "default"
}


--------------------------------------------------------------------------------
2017-12-28T10:16:23+00:00 ERR (3) 404 Seite nicht gefunden
REMOTE_ADDR: 185.174.14.91
HTTP_REFERER: 
requested: array(3) {
  ["controller"] => string(12) "wp-login.php"
  ["action"] => string(5) "index"
  ["module"] => string(7) "default"
}


--------------------------------------------------------------------------------
2017-12-28T10:49:05+00:00 ERR (3) 404 Seite nicht gefunden
REMOTE_ADDR: 72.53.116.206
HTTP_REFERER: 
requested: array(3) {
  ["controller"] => string(12) "wp-login.php"
  ["action"] => string(5) "index"
  ["module"] => string(7) "default"
}


--------------------------------------------------------------------------------
2017-12-28T10:50:43+00:00 ERR (3) 404 Seite nicht gefunden
REMOTE_ADDR: 190.200.36.116
HTTP_REFERER: 
requested: array(3) {
  ["controller"] => string(12) "wp-login.php"
  ["action"] => string(5) "index"
  ["module"] => string(7) "default"
}


--------------------------------------------------------------------------------
2017-12-28T10:52:18+00:00 ERR (3) 404 Seite nicht gefunden
REMOTE_ADDR: 27.151.115.57
HTTP_REFERER: 
requested: array(3) {
  ["controller"] => string(12) "wp-login.php"
  ["action"] => string(5) "index"
  ["module"] => string(7) "default"
}


--------------------------------------------------------------------------------
2017-12-28T10:55:54+00:00 ERR (3) 404 Seite nicht gefunden
REMOTE_ADDR: 180.241.180.14
HTTP_REFERER: 
requested: array(3) {
  ["controller"] => string(12) "wp-login.php"
  ["action"] => string(5) "index"
  ["module"] => string(7) "default"
}


--------------------------------------------------------------------------------
2017-12-28T10:56:05+00:00 ERR (3) 404 Seite nicht gefunden
REMOTE_ADDR: 122.54.188.74
HTTP_REFERER: 
requested: array(3) {
  ["controller"] => string(12) "wp-login.php"
  ["action"] => string(5) "index"
  ["module"] => string(7) "default"
}


--------------------------------------------------------------------------------
2017-12-28T11:04:13+00:00 ERR (3) 404 Seite nicht gefunden
REMOTE_ADDR: 86.89.65.50
HTTP_REFERER: 
requested: array(4) {
  ["controller"] => string(6) "https:"
  [""] => string(19) "silber-und-blei.com"
  ["action"] => string(5) "index"
  ["module"] => string(7) "default"
}


--------------------------------------------------------------------------------
2017-12-28T11:11:22+00:00 ERR (3) 404 "hire-lasse" was not found.
REMOTE_ADDR: 23.237.4.26
HTTP_REFERER: 
requested: array(5) {
  ["lang"] => string(2) "de"
  ["action"] => string(4) "page"
  ["key"] => string(10) "hire-lasse"
  ["module"] => string(7) "default"
  ["controller"] => string(5) "index"
}


--------------------------------------------------------------------------------
2017-12-28T11:12:05+00:00 ERR (3) 404 "hire-lasse" was not found.
REMOTE_ADDR: 23.237.4.26
HTTP_REFERER: 
requested: array(5) {
  ["lang"] => string(2) "en"
  ["action"] => string(4) "page"
  ["key"] => string(10) "hire-lasse"
  ["module"] => string(7) "default"
  ["controller"] => string(5) "index"
}


--------------------------------------------------------------------------------
2017-12-28T11:19:15+00:00 ERR (3) 404 Seite nicht gefunden
REMOTE_ADDR: 109.92.181.106
HTTP_REFERER: 
requested: array(3) {
  ["controller"] => string(12) "wp-login.php"
  ["action"] => string(5) "index"
  ["module"] => string(7) "default"
}


--------------------------------------------------------------------------------
2017-12-28T11:21:56+00:00 ERR (3) 404 Seite nicht gefunden
REMOTE_ADDR: 37.228.251.211
HTTP_REFERER: 
requested: array(3) {
  ["controller"] => string(12) "wp-login.php"
  ["action"] => string(5) "index"
  ["module"] => string(7) "default"
}


--------------------------------------------------------------------------------
2017-12-28T11:35:51+00:00 ERR (3) 404 Seite nicht gefunden
REMOTE_ADDR: 94.5.174.162
HTTP_REFERER: 
requested: array(3) {
  ["controller"] => string(12) "wp-login.php"
  ["action"] => string(5) "index"
  ["module"] => string(7) "default"
}


--------------------------------------------------------------------------------
2017-12-28T11:35:55+00:00 ERR (3) 404 Seite nicht gefunden
REMOTE_ADDR: 41.102.169.102
HTTP_REFERER: 
requested: array(3) {
  ["controller"] => string(12) "wp-login.php"
  ["action"] => string(5) "index"
  ["module"] => string(7) "default"
}


--------------------------------------------------------------------------------
2017-12-28T12:09:23+00:00 ERR (3) 404 Seite nicht gefunden
REMOTE_ADDR: 194.135.153.19
HTTP_REFERER: 
requested: array(3) {
  ["controller"] => string(12) "wp-login.php"
  ["action"] => string(5) "index"
  ["module"] => string(7) "default"
}


--------------------------------------------------------------------------------
2017-12-28T12:12:46+00:00 ERR (3) 404 Seite nicht gefunden
REMOTE_ADDR: 222.152.174.68
HTTP_REFERER: 
requested: array(3) {
  ["controller"] => string(12) "wp-login.php"
  ["action"] => string(5) "index"
  ["module"] => string(7) "default"
}


--------------------------------------------------------------------------------
2017-12-28T12:15:24+00:00 ERR (3) 404 Seite nicht gefunden
REMOTE_ADDR: 216.244.71.234
HTTP_REFERER: 
requested: array(4) {
  ["controller"] => string(6) "https:"
  [""] => string(19) "silber-und-blei.com"
  ["action"] => string(5) "index"
  ["module"] => string(7) "default"
}


--------------------------------------------------------------------------------
2017-12-28T12:20:57+00:00 ERR (3) 404 Seite nicht gefunden
REMOTE_ADDR: 188.25.187.56
HTTP_REFERER: 
requested: array(3) {
  ["controller"] => string(12) "wp-login.php"
  ["action"] => string(5) "index"
  ["module"] => string(7) "default"
}


--------------------------------------------------------------------------------
2017-12-28T12:28:47+00:00 ERR (3) 404 Seite nicht gefunden
REMOTE_ADDR: 86.1.191.178
HTTP_REFERER: 
requested: array(3) {
  ["controller"] => string(12) "wp-login.php"
  ["action"] => string(5) "index"
  ["module"] => string(7) "default"
}


--------------------------------------------------------------------------------
2017-12-28T12:44:01+00:00 ERR (3) 404 Seite nicht gefunden
REMOTE_ADDR: 109.134.164.166
HTTP_REFERER: 
requested: array(3) {
  ["controller"] => string(12) "wp-login.php"
  ["action"] => string(5) "index"
  ["module"] => string(7) "default"
}


--------------------------------------------------------------------------------
2017-12-28T12:50:57+00:00 ERR (3) 404 Seite nicht gefunden
REMOTE_ADDR: 49.144.115.82
HTTP_REFERER: 
requested: array(3) {
  ["controller"] => string(12) "wp-login.php"
  ["action"] => string(5) "index"
  ["module"] => string(7) "default"
}


--------------------------------------------------------------------------------
2017-12-28T12:53:54+00:00 ERR (3) 404 Seite nicht gefunden
REMOTE_ADDR: 217.133.51.171
HTTP_REFERER: 
requested: array(3) {
  ["controller"] => string(12) "wp-login.php"
  ["action"] => string(5) "index"
  ["module"] => string(7) "default"
}


--------------------------------------------------------------------------------
2017-12-28T13:09:36+00:00 ERR (3) 404 Seite nicht gefunden
REMOTE_ADDR: 168.187.117.171
HTTP_REFERER: 
requested: array(3) {
  ["controller"] => string(12) "wp-login.php"
  ["action"] => string(5) "index"
  ["module"] => string(7) "default"
}


--------------------------------------------------------------------------------
2017-12-28T13:09:50+00:00 ERR (3) 404 Seite nicht gefunden
REMOTE_ADDR: 189.107.68.221
HTTP_REFERER: 
requested: array(3) {
  ["controller"] => string(12) "wp-login.php"
  ["action"] => string(5) "index"
  ["module"] => string(7) "default"
}


--------------------------------------------------------------------------------
2017-12-28T13:38:24+00:00 ERR (3) 404 Seite nicht gefunden
REMOTE_ADDR: 41.78.100.82
HTTP_REFERER: 
requested: array(3) {
  ["controller"] => string(12) "wp-login.php"
  ["action"] => string(5) "index"
  ["module"] => string(7) "default"
}


--------------------------------------------------------------------------------
2017-12-28T13:42:37+00:00 ERR (3) 404 Seite nicht gefunden
REMOTE_ADDR: 90.156.81.37
HTTP_REFERER: 
requested: array(3) {
  ["controller"] => string(12) "wp-login.php"
  ["action"] => string(5) "index"
  ["module"] => string(7) "default"
}


--------------------------------------------------------------------------------
2017-12-28T13:43:55+00:00 ERR (3) 404 Seite nicht gefunden
REMOTE_ADDR: 103.72.190.37
HTTP_REFERER: 
requested: array(3) {
  ["controller"] => string(12) "wp-login.php"
  ["action"] => string(5) "index"
  ["module"] => string(7) "default"
}


--------------------------------------------------------------------------------
2017-12-28T13:44:45+00:00 ERR (3) 404 Seite nicht gefunden
REMOTE_ADDR: 91.203.164.154
HTTP_REFERER: 
requested: array(3) {
  ["controller"] => string(12) "wp-login.php"
  ["action"] => string(5) "index"
  ["module"] => string(7) "default"
}


--------------------------------------------------------------------------------
2017-12-28T13:55:50+00:00 ERR (3) 404 Seite nicht gefunden
REMOTE_ADDR: 83.20.104.114
HTTP_REFERER: 
requested: array(3) {
  ["controller"] => string(12) "wp-login.php"
  ["action"] => string(5) "index"
  ["module"] => string(7) "default"
}


--------------------------------------------------------------------------------
2017-12-28T14:02:47+00:00 ERR (3) 404 Seite nicht gefunden
REMOTE_ADDR: 213.111.26.22
HTTP_REFERER: 
requested: array(3) {
  ["controller"] => string(12) "wp-login.php"
  ["action"] => string(5) "index"
  ["module"] => string(7) "default"
}


--------------------------------------------------------------------------------
2017-12-28T14:06:30+00:00 ERR (3) 404 Seite nicht gefunden
REMOTE_ADDR: 105.110.19.154
HTTP_REFERER: 
requested: array(3) {
  ["controller"] => string(12) "wp-login.php"
  ["action"] => string(5) "index"
  ["module"] => string(7) "default"
}


--------------------------------------------------------------------------------
2017-12-28T14:13:07+00:00 ERR (3) 404 Seite nicht gefunden
REMOTE_ADDR: 185.172.186.174
HTTP_REFERER: 
requested: array(3) {
  ["controller"] => string(12) "wp-login.php"
  ["action"] => string(5) "index"
  ["module"] => string(7) "default"
}


--------------------------------------------------------------------------------
2017-12-28T14:21:22+00:00 ERR (3) 404 Seite nicht gefunden
REMOTE_ADDR: 103.65.31.100
HTTP_REFERER: 
requested: array(3) {
  ["controller"] => string(12) "wp-login.php"
  ["action"] => string(5) "index"
  ["module"] => string(7) "default"
}


--------------------------------------------------------------------------------
2017-12-28T14:39:33+00:00 ERR (3) 404 Seite nicht gefunden
REMOTE_ADDR: 82.213.186.147
HTTP_REFERER: 
requested: array(3) {
  ["controller"] => string(12) "wp-login.php"
  ["action"] => string(5) "index"
  ["module"] => string(7) "default"
}


--------------------------------------------------------------------------------
2017-12-28T15:00:17+00:00 ERR (3) 404 Seite nicht gefunden
REMOTE_ADDR: 141.101.3.154
HTTP_REFERER: 
requested: array(3) {
  ["controller"] => string(12) "wp-login.php"
  ["action"] => string(5) "index"
  ["module"] => string(7) "default"
}


--------------------------------------------------------------------------------
2017-12-28T15:01:16+00:00 ERR (3) 404 Seite nicht gefunden
REMOTE_ADDR: 190.160.25.251
HTTP_REFERER: 
requested: array(3) {
  ["controller"] => string(12) "wp-login.php"
  ["action"] => string(5) "index"
  ["module"] => string(7) "default"
}


--------------------------------------------------------------------------------
2017-12-28T15:01:28+00:00 ERR (3) 404 Seite nicht gefunden
REMOTE_ADDR: 91.231.122.193
HTTP_REFERER: 
requested: array(3) {
  ["controller"] => string(12) "wp-login.php"
  ["action"] => string(5) "index"
  ["module"] => string(7) "default"
}


--------------------------------------------------------------------------------
2017-12-28T15:13:36+00:00 ERR (3) 404 Seite nicht gefunden
REMOTE_ADDR: 112.199.118.234
HTTP_REFERER: 
requested: array(3) {
  ["controller"] => string(12) "wp-login.php"
  ["action"] => string(5) "index"
  ["module"] => string(7) "default"
}


--------------------------------------------------------------------------------
2017-12-28T15:14:32+00:00 ERR (3) 404 Seite nicht gefunden
REMOTE_ADDR: 62.100.245.91
HTTP_REFERER: 
requested: array(3) {
  ["controller"] => string(12) "wp-login.php"
  ["action"] => string(5) "index"
  ["module"] => string(7) "default"
}


--------------------------------------------------------------------------------
2017-12-28T15:14:42+00:00 ERR (3) 404 Seite nicht gefunden
REMOTE_ADDR: 61.5.29.197
HTTP_REFERER: 
requested: array(3) {
  ["controller"] => string(12) "wp-login.php"
  ["action"] => string(5) "index"
  ["module"] => string(7) "default"
}


--------------------------------------------------------------------------------
2017-12-28T15:34:49+00:00 ERR (3) 404 Seite nicht gefunden
REMOTE_ADDR: 37.210.144.97
HTTP_REFERER: 
requested: array(3) {
  ["controller"] => string(12) "wp-login.php"
  ["action"] => string(5) "index"
  ["module"] => string(7) "default"
}


--------------------------------------------------------------------------------
2017-12-28T15:37:27+00:00 ERR (3) 404 Seite nicht gefunden
REMOTE_ADDR: 109.93.191.115
HTTP_REFERER: 
requested: array(3) {
  ["controller"] => string(12) "wp-login.php"
  ["action"] => string(5) "index"
  ["module"] => string(7) "default"
}


--------------------------------------------------------------------------------
2017-12-28T15:52:14+00:00 ERR (3) 404 Seite nicht gefunden
REMOTE_ADDR: 82.211.220.161
HTTP_REFERER: 
requested: array(3) {
  ["controller"] => string(12) "wp-login.php"
  ["action"] => string(5) "index"
  ["module"] => string(7) "default"
}


--------------------------------------------------------------------------------
2017-12-28T15:56:09+00:00 ERR (3) 404 Seite nicht gefunden
REMOTE_ADDR: 115.164.179.219
HTTP_REFERER: 
requested: array(3) {
  ["controller"] => string(12) "wp-login.php"
  ["action"] => string(5) "index"
  ["module"] => string(7) "default"
}


--------------------------------------------------------------------------------
2017-12-28T16:06:41+00:00 ERR (3) 404 Seite nicht gefunden
REMOTE_ADDR: 41.96.222.208
HTTP_REFERER: 
requested: array(3) {
  ["controller"] => string(12) "wp-login.php"
  ["action"] => string(5) "index"
  ["module"] => string(7) "default"
}


--------------------------------------------------------------------------------
2017-12-28T16:08:57+00:00 ERR (3) 404 Seite nicht gefunden
REMOTE_ADDR: 110.93.81.20
HTTP_REFERER: 
requested: array(3) {
  ["controller"] => string(12) "wp-login.php"
  ["action"] => string(5) "index"
  ["module"] => string(7) "default"
}


--------------------------------------------------------------------------------
2017-12-28T16:20:35+00:00 ERR (3) 404 Seite nicht gefunden
REMOTE_ADDR: 36.84.104.249
HTTP_REFERER: 
requested: array(3) {
  ["controller"] => string(12) "wp-login.php"
  ["action"] => string(5) "index"
  ["module"] => string(7) "default"
}


--------------------------------------------------------------------------------
2017-12-28T16:22:19+00:00 ERR (3) 404 Seite nicht gefunden
REMOTE_ADDR: 84.10.167.64
HTTP_REFERER: 
requested: array(3) {
  ["controller"] => string(12) "wp-login.php"
  ["action"] => string(5) "index"
  ["module"] => string(7) "default"
}


--------------------------------------------------------------------------------
2017-12-28T16:28:45+00:00 ERR (3) 404 Seite nicht gefunden
REMOTE_ADDR: 189.6.27.194
HTTP_REFERER: 
requested: array(3) {
  ["controller"] => string(12) "wp-login.php"
  ["action"] => string(5) "index"
  ["module"] => string(7) "default"
}


--------------------------------------------------------------------------------
2017-12-28T16:32:47+00:00 ERR (3) 404 Seite nicht gefunden
REMOTE_ADDR: 80.103.192.124
HTTP_REFERER: 
requested: array(3) {
  ["controller"] => string(12) "wp-login.php"
  ["action"] => string(5) "index"
  ["module"] => string(7) "default"
}


--------------------------------------------------------------------------------
2017-12-28T16:35:01+00:00 ERR (3) 404 Seite nicht gefunden
REMOTE_ADDR: 195.142.175.200
HTTP_REFERER: 
requested: array(3) {
  ["controller"] => string(12) "wp-login.php"
  ["action"] => string(5) "index"
  ["module"] => string(7) "default"
}


--------------------------------------------------------------------------------
2017-12-28T16:37:51+00:00 ERR (3) 404 Seite nicht gefunden
REMOTE_ADDR: 94.254.147.21
HTTP_REFERER: 
requested: array(3) {
  ["controller"] => string(12) "wp-login.php"
  ["action"] => string(5) "index"
  ["module"] => string(7) "default"
}


--------------------------------------------------------------------------------
2017-12-28T16:42:29+00:00 ERR (3) 404 Seite nicht gefunden
REMOTE_ADDR: 39.43.50.62
HTTP_REFERER: 
requested: array(3) {
  ["controller"] => string(12) "wp-login.php"
  ["action"] => string(5) "index"
  ["module"] => string(7) "default"
}


--------------------------------------------------------------------------------
2017-12-28T16:56:25+00:00 ERR (3) 404 Seite nicht gefunden
REMOTE_ADDR: 179.255.255.5
HTTP_REFERER: 
requested: array(3) {
  ["controller"] => string(12) "wp-login.php"
  ["action"] => string(5) "index"
  ["module"] => string(7) "default"
}


--------------------------------------------------------------------------------
2017-12-28T16:58:35+00:00 ERR (3) 404 Seite nicht gefunden
REMOTE_ADDR: 177.8.195.19
HTTP_REFERER: 
requested: array(3) {
  ["controller"] => string(12) "wp-login.php"
  ["action"] => string(5) "index"
  ["module"] => string(7) "default"
}


--------------------------------------------------------------------------------
2017-12-28T17:01:43+00:00 ERR (3) 404 Seite nicht gefunden
REMOTE_ADDR: 41.250.228.209
HTTP_REFERER: 
requested: array(3) {
  ["controller"] => string(12) "wp-login.php"
  ["action"] => string(5) "index"
  ["module"] => string(7) "default"
}


--------------------------------------------------------------------------------
2017-12-28T17:04:59+00:00 ERR (3) 404 Seite nicht gefunden
REMOTE_ADDR: 84.122.213.92
HTTP_REFERER: 
requested: array(3) {
  ["controller"] => string(12) "wp-login.php"
  ["action"] => string(5) "index"
  ["module"] => string(7) "default"
}


--------------------------------------------------------------------------------
2017-12-28T17:15:51+00:00 ERR (3) 404 Seite nicht gefunden
REMOTE_ADDR: 180.183.101.171
HTTP_REFERER: 
requested: array(3) {
  ["controller"] => string(12) "wp-login.php"
  ["action"] => string(5) "index"
  ["module"] => string(7) "default"
}


--------------------------------------------------------------------------------
2017-12-28T17:16:11+00:00 ERR (3) 404 Seite nicht gefunden
REMOTE_ADDR: 95.10.238.249
HTTP_REFERER: 
requested: array(3) {
  ["controller"] => string(12) "wp-login.php"
  ["action"] => string(5) "index"
  ["module"] => string(7) "default"
}


--------------------------------------------------------------------------------
2017-12-28T17:27:06+00:00 ERR (3) 404 Seite nicht gefunden
REMOTE_ADDR: 176.181.153.234
HTTP_REFERER: 
requested: array(3) {
  ["controller"] => string(12) "wp-login.php"
  ["action"] => string(5) "index"
  ["module"] => string(7) "default"
}


--------------------------------------------------------------------------------
2017-12-28T17:47:52+00:00 ERR (3) 404 Seite nicht gefunden
REMOTE_ADDR: 196.178.17.130
HTTP_REFERER: 
requested: array(3) {
  ["controller"] => string(12) "wp-login.php"
  ["action"] => string(5) "index"
  ["module"] => string(7) "default"
}


--------------------------------------------------------------------------------
2017-12-28T17:57:41+00:00 ERR (3) 404 Seite nicht gefunden
REMOTE_ADDR: 5.104.188.76
HTTP_REFERER: 
requested: array(3) {
  ["controller"] => string(12) "wp-login.php"
  ["action"] => string(5) "index"
  ["module"] => string(7) "default"
}


--------------------------------------------------------------------------------
2017-12-28T18:00:11+00:00 ERR (3) 404 Seite nicht gefunden
REMOTE_ADDR: 90.107.168.33
HTTP_REFERER: 
requested: array(3) {
  ["controller"] => string(12) "wp-login.php"
  ["action"] => string(5) "index"
  ["module"] => string(7) "default"
}


--------------------------------------------------------------------------------
2017-12-28T18:01:36+00:00 ERR (3) 404 Seite nicht gefunden
REMOTE_ADDR: 109.133.203.117
HTTP_REFERER: 
requested: array(3) {
  ["controller"] => string(12) "wp-login.php"
  ["action"] => string(5) "index"
  ["module"] => string(7) "default"
}


--------------------------------------------------------------------------------
2017-12-28T18:08:52+00:00 ERR (3) 404 Seite nicht gefunden
REMOTE_ADDR: 67.215.138.173
HTTP_REFERER: 
requested: array(3) {
  ["controller"] => string(12) "wp-login.php"
  ["action"] => string(5) "index"
  ["module"] => string(7) "default"
}


--------------------------------------------------------------------------------
2017-12-28T18:13:44+00:00 ERR (3) 404 Seite nicht gefunden
REMOTE_ADDR: 186.224.131.23
HTTP_REFERER: 
requested: array(3) {
  ["controller"] => string(12) "wp-login.php"
  ["action"] => string(5) "index"
  ["module"] => string(7) "default"
}


--------------------------------------------------------------------------------
2017-12-28T18:21:01+00:00 ERR (3) 404 Seite nicht gefunden
REMOTE_ADDR: 197.207.32.40
HTTP_REFERER: 
requested: array(3) {
  ["controller"] => string(12) "wp-login.php"
  ["action"] => string(5) "index"
  ["module"] => string(7) "default"
}


--------------------------------------------------------------------------------
2017-12-28T18:21:17+00:00 ERR (3) 404 Seite nicht gefunden
REMOTE_ADDR: 95.14.114.190
HTTP_REFERER: 
requested: array(3) {
  ["controller"] => string(12) "wp-login.php"
  ["action"] => string(5) "index"
  ["module"] => string(7) "default"
}


--------------------------------------------------------------------------------
2017-12-28T18:22:51+00:00 ERR (3) 404 Seite nicht gefunden
REMOTE_ADDR: 39.42.98.150
HTTP_REFERER: 
requested: array(3) {
  ["controller"] => string(12) "wp-login.php"
  ["action"] => string(5) "index"
  ["module"] => string(7) "default"
}


--------------------------------------------------------------------------------
2017-12-28T18:28:01+00:00 ERR (3) 404 Seite nicht gefunden
REMOTE_ADDR: 178.34.158.0
HTTP_REFERER: 
requested: array(3) {
  ["controller"] => string(12) "wp-login.php"
  ["action"] => string(5) "index"
  ["module"] => string(7) "default"
}


--------------------------------------------------------------------------------
2017-12-28T18:45:53+00:00 ERR (3) 404 Seite nicht gefunden
REMOTE_ADDR: 188.24.40.61
HTTP_REFERER: 
requested: array(3) {
  ["controller"] => string(12) "wp-login.php"
  ["action"] => string(5) "index"
  ["module"] => string(7) "default"
}


--------------------------------------------------------------------------------
2017-12-28T18:47:08+00:00 ERR (3) 404 Seite nicht gefunden
REMOTE_ADDR: 49.144.197.115
HTTP_REFERER: 
requested: array(3) {
  ["controller"] => string(12) "wp-login.php"
  ["action"] => string(5) "index"
  ["module"] => string(7) "default"
}


--------------------------------------------------------------------------------
2017-12-28T18:50:36+00:00 ERR (3) 404 Seite nicht gefunden
REMOTE_ADDR: 58.27.199.18
HTTP_REFERER: 
requested: array(3) {
  ["controller"] => string(12) "wp-login.php"
  ["action"] => string(5) "index"
  ["module"] => string(7) "default"
}


--------------------------------------------------------------------------------
2017-12-28T20:00:23+00:00 ERR (3) 404 Seite nicht gefunden
REMOTE_ADDR: 188.163.78.38
HTTP_REFERER: 
requested: array(3) {
  ["controller"] => string(12) "wp-login.php"
  ["action"] => string(5) "index"
  ["module"] => string(7) "default"
}


--------------------------------------------------------------------------------
2017-12-28T20:08:49+00:00 ERR (3) 404 Seite nicht gefunden
REMOTE_ADDR: 41.138.88.3
HTTP_REFERER: 
requested: array(3) {
  ["controller"] => string(12) "wp-login.php"
  ["action"] => string(5) "index"
  ["module"] => string(7) "default"
}


--------------------------------------------------------------------------------
2017-12-28T20:59:36+00:00 ERR (3) 404 Seite nicht gefunden
REMOTE_ADDR: 36.71.243.241
HTTP_REFERER: 
requested: array(3) {
  ["controller"] => string(12) "wp-login.php"
  ["action"] => string(5) "index"
  ["module"] => string(7) "default"
}


--------------------------------------------------------------------------------
2017-12-28T21:25:51+00:00 ERR (3) 404 Seite nicht gefunden
REMOTE_ADDR: 176.233.128.231
HTTP_REFERER: 
requested: array(3) {
  ["controller"] => string(12) "wp-login.php"
  ["action"] => string(5) "index"
  ["module"] => string(7) "default"
}


--------------------------------------------------------------------------------
2017-12-28T21:26:30+00:00 ERR (3) 404 Seite nicht gefunden
REMOTE_ADDR: 79.114.197.13
HTTP_REFERER: 
requested: array(3) {
  ["controller"] => string(12) "wp-login.php"
  ["action"] => string(5) "index"
  ["module"] => string(7) "default"
}


--------------------------------------------------------------------------------
2017-12-28T21:33:35+00:00 ERR (3) 404 Seite nicht gefunden
REMOTE_ADDR: 183.171.81.243
HTTP_REFERER: 
requested: array(3) {
  ["controller"] => string(12) "wp-login.php"
  ["action"] => string(5) "index"
  ["module"] => string(7) "default"
}


--------------------------------------------------------------------------------
2017-12-28T21:53:40+00:00 ERR (3) 404 Seite nicht gefunden
REMOTE_ADDR: 73.55.248.230
HTTP_REFERER: 
requested: array(3) {
  ["controller"] => string(12) "wp-login.php"
  ["action"] => string(5) "index"
  ["module"] => string(7) "default"
}


--------------------------------------------------------------------------------
2017-12-28T22:02:49+00:00 ERR (3) 404 Seite nicht gefunden
REMOTE_ADDR: 41.232.213.133
HTTP_REFERER: 
requested: array(3) {
  ["controller"] => string(12) "wp-login.php"
  ["action"] => string(5) "index"
  ["module"] => string(7) "default"
}


--------------------------------------------------------------------------------
2017-12-28T22:09:22+00:00 ERR (3) 404 Seite nicht gefunden
REMOTE_ADDR: 190.101.122.22
HTTP_REFERER: 
requested: array(3) {
  ["controller"] => string(12) "wp-login.php"
  ["action"] => string(5) "index"
  ["module"] => string(7) "default"
}


--------------------------------------------------------------------------------
2017-12-28T22:28:08+00:00 ERR (3) 404 Seite nicht gefunden
REMOTE_ADDR: 89.123.46.131
HTTP_REFERER: 
requested: array(3) {
  ["controller"] => string(12) "wp-login.php"
  ["action"] => string(5) "index"
  ["module"] => string(7) "default"
}


--------------------------------------------------------------------------------
2017-12-28T22:30:16+00:00 ERR (3) 404 Seite nicht gefunden
REMOTE_ADDR: 145.133.154.52
HTTP_REFERER: 
requested: array(3) {
  ["controller"] => string(12) "wp-login.php"
  ["action"] => string(5) "index"
  ["module"] => string(7) "default"
}


--------------------------------------------------------------------------------
2017-12-28T22:45:11+00:00 ERR (3) 404 Seite nicht gefunden
REMOTE_ADDR: 93.173.50.124
HTTP_REFERER: 
requested: array(3) {
  ["controller"] => string(12) "wp-login.php"
  ["action"] => string(5) "index"
  ["module"] => string(7) "default"
}


--------------------------------------------------------------------------------
2017-12-28T22:50:08+00:00 ERR (3) 404 Seite nicht gefunden
REMOTE_ADDR: 82.47.241.144
HTTP_REFERER: 
requested: array(3) {
  ["controller"] => string(12) "wp-login.php"
  ["action"] => string(5) "index"
  ["module"] => string(7) "default"
}


--------------------------------------------------------------------------------
2017-12-28T23:01:18+00:00 ERR (3) 404 Seite nicht gefunden
REMOTE_ADDR: 81.184.64.159
HTTP_REFERER: 
requested: array(3) {
  ["controller"] => string(12) "wp-login.php"
  ["action"] => string(5) "index"
  ["module"] => string(7) "default"
}


--------------------------------------------------------------------------------
2017-12-28T23:11:17+00:00 ERR (3) 404 Seite nicht gefunden
REMOTE_ADDR: 83.23.76.77
HTTP_REFERER: 
requested: array(3) {
  ["controller"] => string(12) "wp-login.php"
  ["action"] => string(5) "index"
  ["module"] => string(7) "default"
}


--------------------------------------------------------------------------------
2017-12-28T23:23:40+00:00 ERR (3) 404 Seite nicht gefunden
REMOTE_ADDR: 116.220.178.126
HTTP_REFERER: 
requested: array(3) {
  ["controller"] => string(12) "wp-login.php"
  ["action"] => string(5) "index"
  ["module"] => string(7) "default"
}


--------------------------------------------------------------------------------
2017-12-28T23:24:25+00:00 ERR (3) 404 Seite nicht gefunden
REMOTE_ADDR: 78.61.246.180
HTTP_REFERER: 
requested: array(3) {
  ["controller"] => string(12) "wp-login.php"
  ["action"] => string(5) "index"
  ["module"] => string(7) "default"
}


--------------------------------------------------------------------------------
2017-12-28T23:37:55+00:00 ERR (3) 404 Seite nicht gefunden
REMOTE_ADDR: 90.31.23.87
HTTP_REFERER: 
requested: array(3) {
  ["controller"] => string(12) "wp-login.php"
  ["action"] => string(5) "index"
  ["module"] => string(7) "default"
}


--------------------------------------------------------------------------------
2017-12-28T23:43:29+00:00 ERR (3) 404 Seite nicht gefunden
REMOTE_ADDR: 96.44.134.156
HTTP_REFERER: 
requested: array(3) {
  ["controller"] => string(12) "wp-login.php"
  ["action"] => string(5) "index"
  ["module"] => string(7) "default"
}


--------------------------------------------------------------------------------
2017-12-28T23:48:12+00:00 ERR (3) 404 Seite nicht gefunden
REMOTE_ADDR: 217.133.66.242
HTTP_REFERER: 
requested: array(3) {
  ["controller"] => string(12) "wp-login.php"
  ["action"] => string(5) "index"
  ["module"] => string(7) "default"
}


--------------------------------------------------------------------------------
