2019-04-08T05:40:24+00:00 ERR (3) 404 Seite nicht gefunden
REMOTE_ADDR: 109.102.111.58
HTTP_REFERER: 
requested: array(4) {
  ["controller"] => string(6) "https:"
  [""] => string(19) "silber-und-blei.com"
  ["action"] => string(5) "index"
  ["module"] => string(7) "default"
}


--------------------------------------------------------------------------------
2019-04-08T13:46:54+00:00 ERR (3) 404 "competences" was not found.
REMOTE_ADDR: 212.185.177.48
HTTP_REFERER: https://www.google.com/
requested: array(5) {
  ["lang"] => string(2) "de"
  ["action"] => string(4) "page"
  ["key"] => string(11) "competences"
  ["module"] => string(7) "default"
  ["controller"] => string(5) "index"
}


--------------------------------------------------------------------------------
2019-04-08T14:26:43+00:00 ERR (3) 404 Seite nicht gefunden
REMOTE_ADDR: 109.102.111.58
HTTP_REFERER: 
requested: array(3) {
  ["controller"] => string(6) "https:"
  ["action"] => string(19) "silber-und-blei.com"
  ["module"] => string(7) "default"
}


--------------------------------------------------------------------------------
