2012-05-18T06:56:10+00:00 ERR (3) 404 Seite nicht gefunden
REMOTE_ADDR: 31.184.238.22
HTTP_REFERER: http://graphicore.de/forum/index.php
requested: array(3) {
  ["controller"] => string(5) "forum"
  ["action"] => string(9) "index.php"
  ["module"] => string(7) "default"
}


--------------------------------------------------------------------------------
2012-05-18T09:06:33+00:00 ERR (3) 404 Seite nicht gefunden
REMOTE_ADDR: 108.171.248.250
HTTP_REFERER: http://graphicore.de/forum/index.php
requested: array(3) {
  ["controller"] => string(5) "forum"
  ["action"] => string(9) "index.php"
  ["module"] => string(7) "default"
}


--------------------------------------------------------------------------------
2012-05-18T09:40:02+00:00 ERR (3) 404 Seite nicht gefunden
REMOTE_ADDR: 108.171.248.250
HTTP_REFERER: http://graphicore.de/forum/index.php
requested: array(3) {
  ["controller"] => string(5) "forum"
  ["action"] => string(9) "index.php"
  ["module"] => string(7) "default"
}


--------------------------------------------------------------------------------
2012-05-18T13:58:27+00:00 ERR (3) 404 Seite nicht gefunden
REMOTE_ADDR: 222.77.208.68
HTTP_REFERER: http://graphicore.de/forum/index.php
requested: array(3) {
  ["controller"] => string(5) "forum"
  ["action"] => string(9) "index.php"
  ["module"] => string(7) "default"
}


--------------------------------------------------------------------------------
2012-05-18T20:06:05+00:00 ERR (3) 404 Seite nicht gefunden
REMOTE_ADDR: 208.92.221.71
HTTP_REFERER: 
requested: array(3) {
  ["controller"] => string(12) "wp-login.php"
  ["action"] => string(5) "index"
  ["module"] => string(7) "default"
}


--------------------------------------------------------------------------------
2012-05-18T23:11:57+00:00 ERR (3) 404 Seite nicht gefunden
REMOTE_ADDR: 208.92.221.71
HTTP_REFERER: 
requested: array(3) {
  ["controller"] => string(12) "wp-login.php"
  ["action"] => string(5) "index"
  ["module"] => string(7) "default"
}


--------------------------------------------------------------------------------
