2014-04-12T07:48:16+00:00 ERR (3) 404 Seite nicht gefunden
REMOTE_ADDR: 72.46.141.50
HTTP_REFERER: http://graphicore.de/forum/
requested: array(3) {
  ["controller"] => string(5) "forum"
  ["action"] => string(5) "index"
  ["module"] => string(7) "default"
}


--------------------------------------------------------------------------------
2014-04-12T08:31:52+00:00 ERR (3) 404 Seite nicht gefunden
REMOTE_ADDR: 93.127.49.251
HTTP_REFERER: http://graphicore.de/forum/index.php
requested: array(3) {
  ["controller"] => string(5) "forum"
  ["action"] => string(9) "index.php"
  ["module"] => string(7) "default"
}


--------------------------------------------------------------------------------
2014-04-12T09:56:24+00:00 ERR (3) 404 "hire-lasse" was not found.
REMOTE_ADDR: 66.249.65.3
HTTP_REFERER: 
requested: array(5) {
  ["lang"] => string(2) "en"
  ["action"] => string(4) "page"
  ["key"] => string(10) "hire-lasse"
  ["module"] => string(7) "default"
  ["controller"] => string(5) "index"
}


--------------------------------------------------------------------------------
2014-04-12T19:58:28+00:00 ERR (3) 404 Seite nicht gefunden
REMOTE_ADDR: 72.46.156.18
HTTP_REFERER: http://graphicore.de/forum/
requested: array(3) {
  ["controller"] => string(5) "forum"
  ["action"] => string(5) "index"
  ["module"] => string(7) "default"
}


--------------------------------------------------------------------------------
2014-04-12T23:28:54+00:00 ERR (3) 404 "hire-lasse" was not found.
REMOTE_ADDR: 144.76.71.140
HTTP_REFERER: 
requested: array(5) {
  ["lang"] => string(2) "de"
  ["action"] => string(4) "page"
  ["key"] => string(10) "hire-lasse"
  ["module"] => string(7) "default"
  ["controller"] => string(5) "index"
}


--------------------------------------------------------------------------------
2014-04-12T23:29:03+00:00 ERR (3) 404 "hire-lasse" was not found.
REMOTE_ADDR: 144.76.71.140
HTTP_REFERER: 
requested: array(5) {
  ["lang"] => string(2) "en"
  ["action"] => string(4) "page"
  ["key"] => string(10) "hire-lasse"
  ["module"] => string(7) "default"
  ["controller"] => string(5) "index"
}


--------------------------------------------------------------------------------
