2013-01-31T05:00:12+00:00 ERR (3) 404 Seite nicht gefunden
REMOTE_ADDR: 66.249.78.207
HTTP_REFERER: 
requested: array(4) {
  ["controller"] => string(5) "diary"
  ["action"] => string(29) "tag:graphicore.de,2010-07-09:"
  ["diary"] => string(27) "201007091937074c377a6340b8b"
  ["module"] => string(7) "default"
}


--------------------------------------------------------------------------------
2013-01-31T05:10:47+00:00 ERR (3) 404 Page not found
REMOTE_ADDR: 208.115.113.89
HTTP_REFERER: 
requested: array(5) {
  ["lang"] => string(2) "en"
  ["action"] => string(2) "de"
  ["module"] => string(7) "default"
  ["controller"] => string(5) "index"
  ["key"] => string(0) ""
}


--------------------------------------------------------------------------------
2013-01-31T11:33:17+00:00 ERR (3) 404 Seite nicht gefunden
REMOTE_ADDR: 178.33.178.12
HTTP_REFERER: 
requested: array(3) {
  ["controller"] => string(5) "ufojs"
  ["action"] => string(3) "env"
  ["module"] => string(7) "default"
}


--------------------------------------------------------------------------------
2013-01-31T11:33:18+00:00 ERR (3) 404 Seite nicht gefunden
REMOTE_ADDR: 178.33.178.12
HTTP_REFERER: 
requested: array(3) {
  ["controller"] => string(9) "downloads"
  ["action"] => string(37) "graphicorebitmapfont-specimen_big.pdf"
  ["module"] => string(7) "default"
}


--------------------------------------------------------------------------------
2013-01-31T14:00:40+00:00 ERR (3) 404 Page not found
REMOTE_ADDR: 94.223.175.66
HTTP_REFERER: http://graphicore.de/de/archive/2013-01-31_big-business
requested: array(3) {
  ["controller"] => string(6) "images"
  ["action"] => string(5) "diary"
  ["module"] => string(7) "default"
}


--------------------------------------------------------------------------------
2013-01-31T14:00:40+00:00 ERR (3) 404 Page not found
REMOTE_ADDR: 94.223.175.66
HTTP_REFERER: http://graphicore.de/de/archive/2013-01-31_big-business
requested: array(3) {
  ["controller"] => string(6) "images"
  ["action"] => string(5) "diary"
  ["module"] => string(7) "default"
}


--------------------------------------------------------------------------------
2013-01-31T14:00:40+00:00 ERR (3) 404 Page not found
REMOTE_ADDR: 94.223.175.66
HTTP_REFERER: http://graphicore.de/de/archive/2013-01-31_big-business
requested: array(3) {
  ["controller"] => string(6) "images"
  ["action"] => string(5) "diary"
  ["module"] => string(7) "default"
}


--------------------------------------------------------------------------------
2013-01-31T14:00:41+00:00 ERR (3) 404 Page not found
REMOTE_ADDR: 94.223.175.66
HTTP_REFERER: http://graphicore.de/de/archive/2013-01-31_big-business
requested: array(3) {
  ["controller"] => string(6) "images"
  ["action"] => string(5) "diary"
  ["module"] => string(7) "default"
}


--------------------------------------------------------------------------------
2013-01-31T14:00:41+00:00 ERR (3) 404 Page not found
REMOTE_ADDR: 94.223.175.66
HTTP_REFERER: http://graphicore.de/de/archive/2013-01-31_big-business
requested: array(3) {
  ["controller"] => string(6) "images"
  ["action"] => string(5) "diary"
  ["module"] => string(7) "default"
}


--------------------------------------------------------------------------------
2013-01-31T14:00:41+00:00 ERR (3) 404 Page not found
REMOTE_ADDR: 94.223.175.66
HTTP_REFERER: http://graphicore.de/de/archive/2013-01-31_big-business
requested: array(3) {
  ["controller"] => string(6) "images"
  ["action"] => string(5) "diary"
  ["module"] => string(7) "default"
}


--------------------------------------------------------------------------------
2013-01-31T14:01:04+00:00 ERR (3) 404 Page not found
REMOTE_ADDR: 94.223.175.66
HTTP_REFERER: http://graphicore.de/en/archive/2013-01-31_big-business
requested: array(3) {
  ["controller"] => string(6) "images"
  ["action"] => string(5) "diary"
  ["module"] => string(7) "default"
}


--------------------------------------------------------------------------------
2013-01-31T14:01:04+00:00 ERR (3) 404 Page not found
REMOTE_ADDR: 94.223.175.66
HTTP_REFERER: http://graphicore.de/en/archive/2013-01-31_big-business
requested: array(3) {
  ["controller"] => string(6) "images"
  ["action"] => string(5) "diary"
  ["module"] => string(7) "default"
}


--------------------------------------------------------------------------------
2013-01-31T14:01:04+00:00 ERR (3) 404 Page not found
REMOTE_ADDR: 94.223.175.66
HTTP_REFERER: http://graphicore.de/en/archive/2013-01-31_big-business
requested: array(3) {
  ["controller"] => string(6) "images"
  ["action"] => string(5) "diary"
  ["module"] => string(7) "default"
}


--------------------------------------------------------------------------------
2013-01-31T14:03:34+00:00 ERR (3) 404 Page not found
REMOTE_ADDR: 94.223.175.66
HTTP_REFERER: http://graphicore.de/en/archive/2013-01-31_big-business
requested: array(3) {
  ["controller"] => string(6) "images"
  ["action"] => string(5) "diary"
  ["module"] => string(7) "default"
}


--------------------------------------------------------------------------------
2013-01-31T14:03:34+00:00 ERR (3) 404 Page not found
REMOTE_ADDR: 94.223.175.66
HTTP_REFERER: http://graphicore.de/en/archive/2013-01-31_big-business
requested: array(3) {
  ["controller"] => string(6) "images"
  ["action"] => string(5) "diary"
  ["module"] => string(7) "default"
}


--------------------------------------------------------------------------------
2013-01-31T14:03:34+00:00 ERR (3) 404 Page not found
REMOTE_ADDR: 94.223.175.66
HTTP_REFERER: http://graphicore.de/en/archive/2013-01-31_big-business
requested: array(3) {
  ["controller"] => string(6) "images"
  ["action"] => string(5) "diary"
  ["module"] => string(7) "default"
}


--------------------------------------------------------------------------------
2013-01-31T17:08:01+00:00 ERR (3) 404 Seite nicht gefunden
REMOTE_ADDR: 208.115.113.89
HTTP_REFERER: 
requested: array(4) {
  ["controller"] => string(5) "forum"
  ["action"] => string(13) "viewtopic.php"
  ["module"] => string(7) "default"
  ["t"] => string(2) "13"
}


--------------------------------------------------------------------------------
2013-01-31T18:43:27+00:00 ERR (3) 404 Seite nicht gefunden
REMOTE_ADDR: 87.142.101.94
HTTP_REFERER: 
requested: array(3) {
  ["controller"] => string(32) "apple-touch-icon-precomposed.png"
  ["action"] => string(5) "index"
  ["module"] => string(7) "default"
}


--------------------------------------------------------------------------------
2013-01-31T18:43:27+00:00 ERR (3) 404 Seite nicht gefunden
REMOTE_ADDR: 87.142.101.94
HTTP_REFERER: 
requested: array(3) {
  ["controller"] => string(20) "apple-touch-icon.png"
  ["action"] => string(5) "index"
  ["module"] => string(7) "default"
}


--------------------------------------------------------------------------------
2013-01-31T19:04:49+00:00 ERR (3) 404 Seite nicht gefunden
REMOTE_ADDR: 109.45.0.27
HTTP_REFERER: 
requested: array(3) {
  ["controller"] => string(32) "apple-touch-icon-precomposed.png"
  ["action"] => string(5) "index"
  ["module"] => string(7) "default"
}


--------------------------------------------------------------------------------
2013-01-31T19:04:50+00:00 ERR (3) 404 Seite nicht gefunden
REMOTE_ADDR: 109.45.0.27
HTTP_REFERER: 
requested: array(3) {
  ["controller"] => string(20) "apple-touch-icon.png"
  ["action"] => string(5) "index"
  ["module"] => string(7) "default"
}


--------------------------------------------------------------------------------
2013-01-31T19:51:32+00:00 ERR (3) 404 Seite nicht gefunden
REMOTE_ADDR: 109.45.0.27
HTTP_REFERER: 
requested: array(3) {
  ["controller"] => string(32) "apple-touch-icon-precomposed.png"
  ["action"] => string(5) "index"
  ["module"] => string(7) "default"
}


--------------------------------------------------------------------------------
2013-01-31T19:51:33+00:00 ERR (3) 404 Seite nicht gefunden
REMOTE_ADDR: 109.45.0.27
HTTP_REFERER: 
requested: array(3) {
  ["controller"] => string(20) "apple-touch-icon.png"
  ["action"] => string(5) "index"
  ["module"] => string(7) "default"
}


--------------------------------------------------------------------------------
2013-01-31T21:17:08+00:00 ERR (3) 404 Seite nicht gefunden
REMOTE_ADDR: 88.74.220.166
HTTP_REFERER: 
requested: array(3) {
  ["controller"] => string(32) "apple-touch-icon-precomposed.png"
  ["action"] => string(5) "index"
  ["module"] => string(7) "default"
}


--------------------------------------------------------------------------------
2013-01-31T21:17:08+00:00 ERR (3) 404 Seite nicht gefunden
REMOTE_ADDR: 88.74.220.166
HTTP_REFERER: 
requested: array(3) {
  ["controller"] => string(20) "apple-touch-icon.png"
  ["action"] => string(5) "index"
  ["module"] => string(7) "default"
}


--------------------------------------------------------------------------------
2013-01-31T22:13:34+00:00 ERR (3) 404 Seite nicht gefunden
REMOTE_ADDR: 109.45.0.27
HTTP_REFERER: 
requested: array(3) {
  ["controller"] => string(32) "apple-touch-icon-precomposed.png"
  ["action"] => string(5) "index"
  ["module"] => string(7) "default"
}


--------------------------------------------------------------------------------
2013-01-31T22:13:34+00:00 ERR (3) 404 Seite nicht gefunden
REMOTE_ADDR: 109.45.0.27
HTTP_REFERER: 
requested: array(3) {
  ["controller"] => string(20) "apple-touch-icon.png"
  ["action"] => string(5) "index"
  ["module"] => string(7) "default"
}


--------------------------------------------------------------------------------
2013-01-31T22:21:51+00:00 ERR (3) 404 Seite nicht gefunden
REMOTE_ADDR: 46.4.100.231
HTTP_REFERER: 
requested: array(3) {
  ["controller"] => string(11) "sitemap.xml"
  ["action"] => string(5) "index"
  ["module"] => string(7) "default"
}


--------------------------------------------------------------------------------
2013-01-31T22:23:44+00:00 ERR (3) 404 "" was not found.
REMOTE_ADDR: 46.4.100.231
HTTP_REFERER: 
requested: array(5) {
  ["lang"] => string(2) "de"
  ["action"] => string(7) "archive"
  ["module"] => string(7) "default"
  ["controller"] => string(5) "index"
  ["key"] => string(0) ""
}


--------------------------------------------------------------------------------
2013-01-31T22:24:26+00:00 ERR (3) 404 "" was not found.
REMOTE_ADDR: 46.4.100.231
HTTP_REFERER: 
requested: array(5) {
  ["lang"] => string(2) "en"
  ["action"] => string(7) "archive"
  ["module"] => string(7) "default"
  ["controller"] => string(5) "index"
  ["key"] => string(0) ""
}


--------------------------------------------------------------------------------
2013-01-31T22:24:31+00:00 ERR (3) 404 unkown Type requested
REMOTE_ADDR: 46.4.100.231
HTTP_REFERER: 
requested: array(5) {
  ["lang"] => string(2) "de"
  ["action"] => string(4) "feed"
  ["key"] => string(11) "javascript:"
  ["module"] => string(7) "default"
  ["controller"] => string(5) "index"
}


--------------------------------------------------------------------------------
2013-01-31T22:24:32+00:00 ERR (3) 404 unkown Type requested
REMOTE_ADDR: 46.4.100.231
HTTP_REFERER: 
requested: array(5) {
  ["lang"] => string(2) "en"
  ["action"] => string(4) "feed"
  ["key"] => string(11) "javascript:"
  ["module"] => string(7) "default"
  ["controller"] => string(5) "index"
}


--------------------------------------------------------------------------------
2013-01-31T22:24:36+00:00 ERR (3) 404 "javascript:" was not found.
REMOTE_ADDR: 46.4.100.231
HTTP_REFERER: 
requested: array(5) {
  ["lang"] => string(2) "en"
  ["action"] => string(7) "archive"
  ["key"] => string(11) "javascript:"
  ["module"] => string(7) "default"
  ["controller"] => string(5) "index"
}


--------------------------------------------------------------------------------
2013-01-31T22:24:38+00:00 ERR (3) 404 "javascript:" was not found.
REMOTE_ADDR: 46.4.100.231
HTTP_REFERER: 
requested: array(5) {
  ["lang"] => string(2) "de"
  ["action"] => string(7) "archive"
  ["key"] => string(11) "javascript:"
  ["module"] => string(7) "default"
  ["controller"] => string(5) "index"
}


--------------------------------------------------------------------------------
