2016-04-02T01:49:35+00:00 ERR (3) 404 Seite nicht gefunden
REMOTE_ADDR: 94.23.44.122
HTTP_REFERER: 
requested: array(4) {
  ["controller"] => string(5) "ufoJS"
  ["action"] => string(3) "env"
  ["javascript"] => string(6) "string"
  ["module"] => string(7) "default"
}


--------------------------------------------------------------------------------
2016-04-02T01:52:29+00:00 ERR (3) 404 "hire-lasse" was not found.
REMOTE_ADDR: 94.23.44.122
HTTP_REFERER: 
requested: array(5) {
  ["lang"] => string(2) "en"
  ["action"] => string(4) "page"
  ["key"] => string(10) "hire-lasse"
  ["module"] => string(7) "default"
  ["controller"] => string(5) "index"
}


--------------------------------------------------------------------------------
2016-04-02T01:53:03+00:00 ERR (3) 404 "hire-lasse" was not found.
REMOTE_ADDR: 94.23.44.122
HTTP_REFERER: 
requested: array(5) {
  ["lang"] => string(2) "de"
  ["action"] => string(4) "page"
  ["key"] => string(10) "hire-lasse"
  ["module"] => string(7) "default"
  ["controller"] => string(5) "index"
}


--------------------------------------------------------------------------------
2016-04-02T02:05:37+00:00 ERR (3) 404 "hire-lasse" was not found.
REMOTE_ADDR: 40.77.167.34
HTTP_REFERER: 
requested: array(5) {
  ["lang"] => string(2) "de"
  ["action"] => string(4) "page"
  ["key"] => string(10) "hire-lasse"
  ["module"] => string(7) "default"
  ["controller"] => string(5) "index"
}


--------------------------------------------------------------------------------
2016-04-02T13:06:29+00:00 ERR (3) 404 Seite nicht gefunden
REMOTE_ADDR: 93.179.68.209
HTTP_REFERER: http://graphicore.de/forum/
requested: array(3) {
  ["controller"] => string(5) "forum"
  ["action"] => string(5) "index"
  ["module"] => string(7) "default"
}


--------------------------------------------------------------------------------
2016-04-02T21:40:14+00:00 ERR (3) 404 Seite nicht gefunden
REMOTE_ADDR: 195.22.127.43
HTTP_REFERER: http://graphicore.de/forum/index.php
requested: array(3) {
  ["controller"] => string(5) "forum"
  ["action"] => string(9) "index.php"
  ["module"] => string(7) "default"
}


--------------------------------------------------------------------------------
2016-04-02T23:17:00+00:00 ERR (3) 404 Seite nicht gefunden
REMOTE_ADDR: 193.169.52.191
HTTP_REFERER: 
requested: array(3) {
  ["controller"] => string(5) "ufojs"
  ["action"] => string(3) "env"
  ["module"] => string(7) "default"
}


--------------------------------------------------------------------------------
2016-04-02T23:17:06+00:00 ERR (3) 404 "hire-lasse" was not found.
REMOTE_ADDR: 193.169.52.191
HTTP_REFERER: 
requested: array(5) {
  ["lang"] => string(2) "de"
  ["action"] => string(4) "page"
  ["key"] => string(10) "hire-lasse"
  ["module"] => string(7) "default"
  ["controller"] => string(5) "index"
}


--------------------------------------------------------------------------------
2016-04-02T23:20:19+00:00 ERR (3) 404 "hire-lasse" was not found.
REMOTE_ADDR: 193.169.52.191
HTTP_REFERER: 
requested: array(5) {
  ["lang"] => string(2) "en"
  ["action"] => string(4) "page"
  ["key"] => string(10) "hire-lasse"
  ["module"] => string(7) "default"
  ["controller"] => string(5) "index"
}


--------------------------------------------------------------------------------
