2011-02-20T06:09:53+00:00 ERR (3) 404 Page not found
REMOTE_ADDR: 174.127.132.132
HTTP_REFERER: 
requested: array(3) {
  ["controller"] => string(10) "javascript"
  ["action"] => string(7) "dojo.fx"
  ["module"] => string(7) "default"
}


--------------------------------------------------------------------------------
2011-02-20T06:12:25+00:00 ERR (3) 404 Page not found
REMOTE_ADDR: 174.127.132.132
HTTP_REFERER: 
requested: array(3) {
  ["controller"] => string(10) "javascript"
  ["action"] => string(6) ".stage"
  ["module"] => string(7) "default"
}


--------------------------------------------------------------------------------
2011-02-20T06:14:43+00:00 ERR (3) 404 Page not found
REMOTE_ADDR: 174.127.132.136
HTTP_REFERER: 
requested: array(3) {
  ["controller"] => string(10) "javascript"
  ["action"] => string(11) "a.permalink"
  ["module"] => string(7) "default"
}


--------------------------------------------------------------------------------
2011-02-20T06:15:13+00:00 ERR (3) 404 Page not found
REMOTE_ADDR: 174.127.132.130
HTTP_REFERER: 
requested: array(5) {
  ["lang"] => string(2) "en"
  ["action"] => string(21) ".google-analytics.com"
  ["key"] => string(5) "ga.js"
  ["module"] => string(7) "default"
  ["controller"] => string(5) "index"
}


--------------------------------------------------------------------------------
2011-02-20T06:19:45+00:00 ERR (3) 404 Page not found
REMOTE_ADDR: 174.127.132.136
HTTP_REFERER: 
requested: array(3) {
  ["controller"] => string(10) "javascript"
  ["action"] => string(8) ".content"
  ["module"] => string(7) "default"
}


--------------------------------------------------------------------------------
2011-02-20T07:51:17+00:00 ERR (3) 404 Seite nicht gefunden
REMOTE_ADDR: 109.120.144.247
HTTP_REFERER: http://graphicore.de/plugins/editors/tinymce/jscripts/tiny_mce/plugins/tinybrowser/tinybrowser.php?type=file&folder=
requested: array(8) {
  ["controller"] => string(7) "plugins"
  ["action"] => string(7) "editors"
  ["tinymce"] => string(8) "jscripts"
  ["tiny_mce"] => string(7) "plugins"
  ["tinybrowser"] => string(15) "tinybrowser.php"
  ["module"] => string(7) "default"
  ["type"] => string(4) "file"
  ["folder"] => string(0) ""
}


--------------------------------------------------------------------------------
2011-02-20T08:26:02+00:00 ERR (3) 404 Seite nicht gefunden
REMOTE_ADDR: 77.211.179.247
HTTP_REFERER: 
requested: array(3) {
  ["controller"] => string(10) "javascript"
  ["action"] => string(24) "%27%20+%20href%20+%20%27"
  ["module"] => string(7) "default"
}


--------------------------------------------------------------------------------
2011-02-20T18:00:26+00:00 ERR (3) 404 Seite nicht gefunden
REMOTE_ADDR: 83.169.26.5
HTTP_REFERER: 
requested: array(3) {
  ["controller"] => string(11) ">Impressum<"
  ["action"] => string(3) "a>,"
  ["module"] => string(7) "default"
}


--------------------------------------------------------------------------------
2011-02-20T18:00:31+00:00 ERR (3) 404 Seite nicht gefunden
REMOTE_ADDR: 83.169.26.5
HTTP_REFERER: 
requested: array(3) {
  ["controller"] => string(11) "default.php"
  ["action"] => string(5) "index"
  ["module"] => string(7) "default"
}


--------------------------------------------------------------------------------
2011-02-20T18:00:31+00:00 ERR (3) 404 Seite nicht gefunden
REMOTE_ADDR: 83.169.26.5
HTTP_REFERER: 
requested: array(3) {
  ["controller"] => string(10) "index.html"
  ["action"] => string(5) "index"
  ["module"] => string(7) "default"
}


--------------------------------------------------------------------------------
2011-02-20T18:00:31+00:00 ERR (3) 404 Seite nicht gefunden
REMOTE_ADDR: 83.169.26.5
HTTP_REFERER: 
requested: array(3) {
  ["controller"] => string(9) "index.htm"
  ["action"] => string(5) "index"
  ["module"] => string(7) "default"
}


--------------------------------------------------------------------------------
2011-02-20T18:00:31+00:00 ERR (3) 404 Seite nicht gefunden
REMOTE_ADDR: 83.169.26.5
HTTP_REFERER: 
requested: array(3) {
  ["controller"] => string(11) "default.htm"
  ["action"] => string(5) "index"
  ["module"] => string(7) "default"
}


--------------------------------------------------------------------------------
2011-02-20T18:00:31+00:00 ERR (3) 404 Seite nicht gefunden
REMOTE_ADDR: 83.169.26.5
HTTP_REFERER: 
requested: array(3) {
  ["controller"] => string(12) "default.html"
  ["action"] => string(5) "index"
  ["module"] => string(7) "default"
}


--------------------------------------------------------------------------------
2011-02-20T18:00:32+00:00 ERR (3) 404 Seite nicht gefunden
REMOTE_ADDR: 83.169.26.5
HTTP_REFERER: 
requested: array(3) {
  ["controller"] => string(9) "index.jsp"
  ["action"] => string(5) "index"
  ["module"] => string(7) "default"
}


--------------------------------------------------------------------------------
2011-02-20T18:00:32+00:00 ERR (3) 404 Seite nicht gefunden
REMOTE_ADDR: 83.169.26.5
HTTP_REFERER: 
requested: array(3) {
  ["controller"] => string(11) "default.jsp"
  ["action"] => string(5) "index"
  ["module"] => string(7) "default"
}


--------------------------------------------------------------------------------
2011-02-20T18:00:32+00:00 ERR (3) 404 Seite nicht gefunden
REMOTE_ADDR: 83.169.26.5
HTTP_REFERER: 
requested: array(3) {
  ["controller"] => string(33) "rankflex_content_duplication_test"
  ["action"] => string(5) "index"
  ["module"] => string(7) "default"
}


--------------------------------------------------------------------------------
2011-02-20T18:00:33+00:00 ERR (3) 404 Seite nicht gefunden
REMOTE_ADDR: 83.169.26.5
HTTP_REFERER: 
requested: array(3) {
  ["controller"] => string(3) "w3c"
  ["action"] => string(7) "p3p.xml"
  ["module"] => string(7) "default"
}


--------------------------------------------------------------------------------
2011-02-20T21:00:57+00:00 ERR (3) 404 Page not found
REMOTE_ADDR: 188.138.94.9
HTTP_REFERER: 
requested: array(3) {
  ["controller"] => string(12) "span.no-spam"
  ["action"] => string(5) "index"
  ["module"] => string(7) "default"
}


--------------------------------------------------------------------------------
2011-02-20T21:58:36+00:00 ERR (3) 404 "story" was not found.
REMOTE_ADDR: 193.47.80.40
HTTP_REFERER: 
requested: array(6) {
  ["lang"] => string(2) "en"
  ["action"] => string(5) "index"
  ["key"] => string(5) "story"
  ["intern"] => string(14) "dieKulturlosen"
  ["module"] => string(7) "default"
  ["controller"] => string(5) "index"
}


--------------------------------------------------------------------------------
