2010-09-23T06:54:03+00:00 ERR (3) 404 Seite nicht gefunden
REMOTE_ADDR: 77.208.70.221
HTTP_REFERER: 
requested: array(3) {
  ["controller"] => string(10) "javascript"
  ["action"] => string(1) "'"
  ["module"] => string(7) "default"
}


--------------------------------------------------------------------------------
2010-09-23T06:54:32+00:00 ERR (3) 404 Seite nicht gefunden
REMOTE_ADDR: 77.208.70.221
HTTP_REFERER: 
requested: array(4) {
  ["controller"] => string(11) "graphicore2"
  ["action"] => string(6) "public"
  ["javascript"] => string(10) "blank.html"
  ["module"] => string(7) "default"
}


--------------------------------------------------------------------------------
2010-09-23T08:39:32+00:00 ERR (3) 404 Seite nicht gefunden
REMOTE_ADDR: 110.212.48.84
HTTP_REFERER: http://graphicore.de/forum/index.php
requested: array(3) {
  ["controller"] => string(5) "forum"
  ["action"] => string(9) "index.php"
  ["module"] => string(7) "default"
}


--------------------------------------------------------------------------------
2010-09-23T09:07:47+00:00 ERR (3) 404 Seite nicht gefunden
REMOTE_ADDR: 89.123.25.228
HTTP_REFERER: 
requested: array(3) {
  ["controller"] => string(10) "javascript"
  ["action"] => string(1) "'"
  ["module"] => string(7) "default"
}


--------------------------------------------------------------------------------
2010-09-23T09:08:04+00:00 ERR (3) 404 Seite nicht gefunden
REMOTE_ADDR: 89.123.25.228
HTTP_REFERER: 
requested: array(4) {
  ["controller"] => string(11) "graphicore2"
  ["action"] => string(6) "public"
  ["javascript"] => string(10) "blank.html"
  ["module"] => string(7) "default"
}


--------------------------------------------------------------------------------
2010-09-23T10:03:13+00:00 ERR (3) 404 Seite nicht gefunden
REMOTE_ADDR: 89.123.25.228
HTTP_REFERER: 
requested: array(3) {
  ["controller"] => string(10) "javascript"
  ["action"] => string(1) "'"
  ["module"] => string(7) "default"
}


--------------------------------------------------------------------------------
2010-09-23T10:03:37+00:00 ERR (3) 404 Seite nicht gefunden
REMOTE_ADDR: 89.123.25.228
HTTP_REFERER: 
requested: array(4) {
  ["controller"] => string(11) "graphicore2"
  ["action"] => string(6) "public"
  ["javascript"] => string(10) "blank.html"
  ["module"] => string(7) "default"
}


--------------------------------------------------------------------------------
2010-09-23T13:27:21+00:00 ERR (3) 404 Seite nicht gefunden
REMOTE_ADDR: 213.46.81.101
HTTP_REFERER: 
requested: array(3) {
  ["controller"] => string(10) "javascript"
  ["action"] => string(1) "'"
  ["module"] => string(7) "default"
}


--------------------------------------------------------------------------------
2010-09-23T13:31:21+00:00 ERR (3) 404 Seite nicht gefunden
REMOTE_ADDR: 213.46.81.101
HTTP_REFERER: 
requested: array(4) {
  ["controller"] => string(11) "graphicore2"
  ["action"] => string(6) "public"
  ["javascript"] => string(10) "blank.html"
  ["module"] => string(7) "default"
}


--------------------------------------------------------------------------------
2010-09-23T16:04:25+00:00 ERR (3) 404 Seite nicht gefunden
REMOTE_ADDR: 80.57.196.245
HTTP_REFERER: 
requested: array(3) {
  ["controller"] => string(10) "javascript"
  ["action"] => string(1) "'"
  ["module"] => string(7) "default"
}


--------------------------------------------------------------------------------
2010-09-23T16:04:39+00:00 ERR (3) 404 Seite nicht gefunden
REMOTE_ADDR: 80.57.196.245
HTTP_REFERER: 
requested: array(4) {
  ["controller"] => string(11) "graphicore2"
  ["action"] => string(6) "public"
  ["javascript"] => string(10) "blank.html"
  ["module"] => string(7) "default"
}


--------------------------------------------------------------------------------
2010-09-23T22:32:03+00:00 ERR (3) 404 "mitbewohnen" was not found.
REMOTE_ADDR: 92.225.99.43
HTTP_REFERER: http://www.facebook.com/l.php?u=http%3A%2F%2Fwww.graphicore.de%2Fde%2Fpage%2Fmitbewohnen&h=e7fc2
requested: array(5) {
  ["lang"] => string(2) "de"
  ["action"] => string(4) "page"
  ["key"] => string(11) "mitbewohnen"
  ["module"] => string(7) "default"
  ["controller"] => string(5) "index"
}


--------------------------------------------------------------------------------
2010-09-23T22:32:04+00:00 ERR (3) 404 "mitbewohnen" was not found.
REMOTE_ADDR: 66.220.149.245
HTTP_REFERER: 
requested: array(5) {
  ["lang"] => string(2) "de"
  ["action"] => string(4) "page"
  ["key"] => string(11) "mitbewohnen"
  ["module"] => string(7) "default"
  ["controller"] => string(5) "index"
}


--------------------------------------------------------------------------------
2010-09-23T22:44:59+00:00 ERR (3) 404 Seite nicht gefunden
REMOTE_ADDR: 80.57.196.245
HTTP_REFERER: 
requested: array(3) {
  ["controller"] => string(10) "javascript"
  ["action"] => string(1) "'"
  ["module"] => string(7) "default"
}


--------------------------------------------------------------------------------
2010-09-23T22:45:11+00:00 ERR (3) 404 Seite nicht gefunden
REMOTE_ADDR: 80.57.196.245
HTTP_REFERER: 
requested: array(4) {
  ["controller"] => string(11) "graphicore2"
  ["action"] => string(6) "public"
  ["javascript"] => string(10) "blank.html"
  ["module"] => string(7) "default"
}


--------------------------------------------------------------------------------
