2011-01-30T04:04:21+00:00 ERR (3) 404 Seite nicht gefunden
REMOTE_ADDR: 193.17.253.7
HTTP_REFERER: http://graphicore.de/forum/index.php
requested: array(3) {
  ["controller"] => string(5) "forum"
  ["action"] => string(9) "index.php"
  ["module"] => string(7) "default"
}


--------------------------------------------------------------------------------
2011-01-30T08:34:25+00:00 ERR (3) 404 "topic" was not found.
REMOTE_ADDR: 79.142.71.149
HTTP_REFERER: http://graphicore.de/de/index/topic/intern/news/
requested: array(6) {
  ["lang"] => string(2) "de"
  ["action"] => string(5) "index"
  ["key"] => string(5) "topic"
  ["intern"] => string(4) "news"
  ["module"] => string(7) "default"
  ["controller"] => string(5) "index"
}


--------------------------------------------------------------------------------
2011-01-30T13:51:20+00:00 ERR (3) 404 Seite nicht gefunden
REMOTE_ADDR: 83.81.3.76
HTTP_REFERER: 
requested: array(3) {
  ["controller"] => string(10) "javascript"
  ["action"] => string(1) "'"
  ["module"] => string(7) "default"
}


--------------------------------------------------------------------------------
2011-01-30T14:07:05+00:00 ERR (3) 404 Seite nicht gefunden
REMOTE_ADDR: 92.85.172.70
HTTP_REFERER: 
requested: array(3) {
  ["controller"] => string(10) "javascript"
  ["action"] => string(1) "'"
  ["module"] => string(7) "default"
}


--------------------------------------------------------------------------------
2011-01-30T21:23:39+00:00 ERR (3) 404 "topic" was not found.
REMOTE_ADDR: 80.233.196.71
HTTP_REFERER: http://graphicore.de/de/index/topic/intern/news/
requested: array(6) {
  ["lang"] => string(2) "de"
  ["action"] => string(5) "index"
  ["key"] => string(5) "topic"
  ["intern"] => string(4) "news"
  ["module"] => string(7) "default"
  ["controller"] => string(5) "index"
}


--------------------------------------------------------------------------------
2011-01-30T22:58:21+00:00 ERR (3) 404 "topic" was not found.
REMOTE_ADDR: 46.102.242.145
HTTP_REFERER: 
requested: array(6) {
  ["lang"] => string(2) "de"
  ["action"] => string(5) "index"
  ["key"] => string(5) "topic"
  ["intern"] => string(4) "news"
  ["module"] => string(7) "default"
  ["controller"] => string(5) "index"
}


--------------------------------------------------------------------------------
