2019-08-03T01:25:42+00:00 ERR (3) 404 Seite nicht gefunden
REMOTE_ADDR: 156.204.113.20
HTTP_REFERER: 
requested: array(3) {
  ["controller"] => string(12) "wp-login.php"
  ["action"] => string(5) "index"
  ["module"] => string(7) "default"
}


--------------------------------------------------------------------------------
2019-08-03T16:27:00+00:00 ERR (3) 404 Seite nicht gefunden
REMOTE_ADDR: 128.14.209.226
HTTP_REFERER: 
requested: array(3) {
  ["controller"] => string(6) "secure"
  ["action"] => string(34) "ContactAdministrators!default.jspa"
  ["module"] => string(7) "default"
}


--------------------------------------------------------------------------------
2019-08-03T20:16:08+00:00 ERR (3) 404 Seite nicht gefunden
REMOTE_ADDR: 128.14.209.250
HTTP_REFERER: 
requested: array(3) {
  ["controller"] => string(6) "secure"
  ["action"] => string(34) "ContactAdministrators!default.jspa"
  ["module"] => string(7) "default"
}


--------------------------------------------------------------------------------
