2015-05-03T00:38:49+00:00 ERR (3) 404 "hire-lasse" was not found.
REMOTE_ADDR: 176.9.148.233
HTTP_REFERER: 
requested: array(5) {
  ["lang"] => string(2) "en"
  ["action"] => string(4) "page"
  ["key"] => string(10) "hire-lasse"
  ["module"] => string(7) "default"
  ["controller"] => string(5) "index"
}


--------------------------------------------------------------------------------
2015-05-03T03:23:44+00:00 ERR (3) 404 Page not found
REMOTE_ADDR: 94.131.14.10
HTTP_REFERER: 
requested: array(3) {
  ["controller"] => string(12) "wp-login.php"
  ["action"] => string(5) "index"
  ["module"] => string(7) "default"
}


--------------------------------------------------------------------------------
2015-05-03T03:23:44+00:00 ERR (3) 404 Page not found
REMOTE_ADDR: 94.131.14.10
HTTP_REFERER: 
requested: array(3) {
  ["controller"] => string(13) "administrator"
  ["action"] => string(9) "index.php"
  ["module"] => string(7) "default"
}


--------------------------------------------------------------------------------
2015-05-03T03:36:38+00:00 ERR (3) 404 Page not found
REMOTE_ADDR: 94.131.14.10
HTTP_REFERER: 
requested: array(3) {
  ["controller"] => string(9) "admin.php"
  ["action"] => string(5) "index"
  ["module"] => string(7) "default"
}


--------------------------------------------------------------------------------
2015-05-03T06:21:55+00:00 ERR (3) 404 "hire-lasse" was not found.
REMOTE_ADDR: 136.243.14.163
HTTP_REFERER: 
requested: array(5) {
  ["lang"] => string(2) "de"
  ["action"] => string(4) "page"
  ["key"] => string(10) "hire-lasse"
  ["module"] => string(7) "default"
  ["controller"] => string(5) "index"
}


--------------------------------------------------------------------------------
2015-05-03T06:29:46+00:00 ERR (3) 404 Seite nicht gefunden
REMOTE_ADDR: 79.116.29.69
HTTP_REFERER: 
requested: array(3) {
  ["controller"] => string(6) "https:"
  ["action"] => string(19) "silber-und-blei.com"
  ["module"] => string(7) "default"
}


--------------------------------------------------------------------------------
2015-05-03T06:29:47+00:00 ERR (3) 404 Seite nicht gefunden
REMOTE_ADDR: 79.116.29.69
HTTP_REFERER: 
requested: array(3) {
  ["controller"] => string(2) "js"
  ["action"] => string(1) "'"
  ["module"] => string(7) "default"
}


--------------------------------------------------------------------------------
2015-05-03T09:06:29+00:00 ERR (3) 404 "" was not found.
REMOTE_ADDR: 94.153.9.66
HTTP_REFERER: http://www.simtree.ru/
requested: array(5) {
  ["lang"] => string(2) "en"
  ["action"] => string(7) "archive"
  ["module"] => string(7) "default"
  ["controller"] => string(5) "index"
  ["key"] => string(0) ""
}


--------------------------------------------------------------------------------
2015-05-03T09:06:29+00:00 ERR (3) 404 "" was not found.
REMOTE_ADDR: 94.153.9.66
HTTP_REFERER: http://www.simtree.ru/
requested: array(5) {
  ["lang"] => string(2) "en"
  ["action"] => string(7) "archive"
  ["module"] => string(7) "default"
  ["controller"] => string(5) "index"
  ["key"] => string(0) ""
}


--------------------------------------------------------------------------------
2015-05-03T09:06:31+00:00 ERR (3) 404 "" was not found.
REMOTE_ADDR: 94.153.9.66
HTTP_REFERER: http://www.simtree.ru/
requested: array(5) {
  ["lang"] => string(2) "en"
  ["action"] => string(7) "archive"
  ["module"] => string(7) "default"
  ["controller"] => string(5) "index"
  ["key"] => string(0) ""
}


--------------------------------------------------------------------------------
2015-05-03T09:07:07+00:00 ERR (3) 404 "" was not found.
REMOTE_ADDR: 94.153.9.66
HTTP_REFERER: http://zoneg.ru/
requested: array(5) {
  ["lang"] => string(2) "en"
  ["action"] => string(7) "archive"
  ["module"] => string(7) "default"
  ["controller"] => string(5) "index"
  ["key"] => string(0) ""
}


--------------------------------------------------------------------------------
2015-05-03T09:07:07+00:00 ERR (3) 404 "" was not found.
REMOTE_ADDR: 94.153.9.66
HTTP_REFERER: http://zoneg.ru/
requested: array(5) {
  ["lang"] => string(2) "en"
  ["action"] => string(7) "archive"
  ["module"] => string(7) "default"
  ["controller"] => string(5) "index"
  ["key"] => string(0) ""
}


--------------------------------------------------------------------------------
2015-05-03T09:07:08+00:00 ERR (3) 404 "" was not found.
REMOTE_ADDR: 94.153.9.66
HTTP_REFERER: http://zoneg.ru/
requested: array(5) {
  ["lang"] => string(2) "en"
  ["action"] => string(7) "archive"
  ["module"] => string(7) "default"
  ["controller"] => string(5) "index"
  ["key"] => string(0) ""
}


--------------------------------------------------------------------------------
2015-05-03T11:01:59+00:00 ERR (3) 404 "" was not found.
REMOTE_ADDR: 178.137.166.68
HTTP_REFERER: http://www.ropot-partners.ru/
requested: array(5) {
  ["lang"] => string(2) "en"
  ["action"] => string(7) "archive"
  ["module"] => string(7) "default"
  ["controller"] => string(5) "index"
  ["key"] => string(0) ""
}


--------------------------------------------------------------------------------
2015-05-03T11:25:24+00:00 ERR (3) 404 Seite nicht gefunden
REMOTE_ADDR: 59.106.19.19
HTTP_REFERER: 
requested: array(3) {
  ["controller"] => string(6) "drupal"
  ["action"] => string(5) "index"
  ["module"] => string(7) "default"
}


--------------------------------------------------------------------------------
2015-05-03T11:33:16+00:00 ERR (3) 404 Seite nicht gefunden
REMOTE_ADDR: 68.142.232.16
HTTP_REFERER: 
requested: array(3) {
  ["controller"] => string(6) "Drupal"
  ["action"] => string(5) "index"
  ["module"] => string(7) "default"
}


--------------------------------------------------------------------------------
2015-05-03T12:58:57+00:00 ERR (3) 404 "" was not found.
REMOTE_ADDR: 94.153.9.66
HTTP_REFERER: http://vchulkah.com/
requested: array(5) {
  ["lang"] => string(2) "en"
  ["action"] => string(7) "archive"
  ["module"] => string(7) "default"
  ["controller"] => string(5) "index"
  ["key"] => string(0) ""
}


--------------------------------------------------------------------------------
2015-05-03T12:58:58+00:00 ERR (3) 404 "" was not found.
REMOTE_ADDR: 94.153.9.66
HTTP_REFERER: http://vchulkah.com/
requested: array(5) {
  ["lang"] => string(2) "en"
  ["action"] => string(7) "archive"
  ["module"] => string(7) "default"
  ["controller"] => string(5) "index"
  ["key"] => string(0) ""
}


--------------------------------------------------------------------------------
2015-05-03T12:58:58+00:00 ERR (3) 404 "" was not found.
REMOTE_ADDR: 94.153.9.66
HTTP_REFERER: http://vchulkah.com/
requested: array(5) {
  ["lang"] => string(2) "en"
  ["action"] => string(7) "archive"
  ["module"] => string(7) "default"
  ["controller"] => string(5) "index"
  ["key"] => string(0) ""
}


--------------------------------------------------------------------------------
2015-05-03T13:09:53+00:00 ERR (3) 404 Seite nicht gefunden
REMOTE_ADDR: 36.248.191.183
HTTP_REFERER: http://graphicore.de/webmanage/fckeditor/editor/filemanager/browser/default/connectors/asp/connector.asp
requested: array(6) {
  ["controller"] => string(9) "webmanage"
  ["action"] => string(9) "fckeditor"
  ["editor"] => string(11) "filemanager"
  ["browser"] => string(7) "default"
  ["connectors"] => string(3) "asp"
  ["module"] => string(7) "default"
}


--------------------------------------------------------------------------------
2015-05-03T13:09:57+00:00 ERR (3) 404 Seite nicht gefunden
REMOTE_ADDR: 36.248.191.183
HTTP_REFERER: http://graphicore.de/editor/editor/filemanager/browser/default/connectors/asp/connector.asp
requested: array(6) {
  ["controller"] => string(6) "editor"
  ["action"] => string(6) "editor"
  ["filemanager"] => string(7) "browser"
  ["default"] => string(10) "connectors"
  ["asp"] => string(13) "connector.asp"
  ["module"] => string(7) "default"
}


--------------------------------------------------------------------------------
2015-05-03T13:09:59+00:00 ERR (3) 404 Seite nicht gefunden
REMOTE_ADDR: 36.248.191.183
HTTP_REFERER: http://graphicore.de/fckeditor/editor/filemanager/browser/default/connectors/asp/connector.asp
requested: array(6) {
  ["controller"] => string(9) "fckeditor"
  ["action"] => string(6) "editor"
  ["filemanager"] => string(7) "browser"
  ["default"] => string(10) "connectors"
  ["asp"] => string(13) "connector.asp"
  ["module"] => string(7) "default"
}


--------------------------------------------------------------------------------
2015-05-03T13:10:04+00:00 ERR (3) 404 Seite nicht gefunden
REMOTE_ADDR: 36.248.191.183
HTTP_REFERER: http://graphicore.de/admin/fckeditor/editor/filemanager/browser/default/connectors/asp/connector.asp
requested: array(6) {
  ["controller"] => string(5) "admin"
  ["action"] => string(9) "fckeditor"
  ["editor"] => string(11) "filemanager"
  ["browser"] => string(7) "default"
  ["connectors"] => string(3) "asp"
  ["module"] => string(7) "default"
}


--------------------------------------------------------------------------------
2015-05-03T13:10:09+00:00 ERR (3) 404 Seite nicht gefunden
REMOTE_ADDR: 36.248.191.183
HTTP_REFERER: http://graphicore.de/editor/filemanager/browser/default/connectors/asp/connector.asp
requested: array(5) {
  ["controller"] => string(6) "editor"
  ["action"] => string(11) "filemanager"
  ["browser"] => string(7) "default"
  ["connectors"] => string(3) "asp"
  ["module"] => string(7) "default"
}


--------------------------------------------------------------------------------
2015-05-03T13:10:12+00:00 ERR (3) 404 Seite nicht gefunden
REMOTE_ADDR: 36.248.191.183
HTTP_REFERER: http://graphicore.de/manage/fckeditor/editor/filemanager/browser/default/connectors/asp/connector.asp
requested: array(6) {
  ["controller"] => string(6) "manage"
  ["action"] => string(9) "fckeditor"
  ["editor"] => string(11) "filemanager"
  ["browser"] => string(7) "default"
  ["connectors"] => string(3) "asp"
  ["module"] => string(7) "default"
}


--------------------------------------------------------------------------------
2015-05-03T13:14:37+00:00 ERR (3) 404 "" was not found.
REMOTE_ADDR: 178.137.19.143
HTTP_REFERER: http://cs-2014.su/
requested: array(5) {
  ["lang"] => string(2) "en"
  ["action"] => string(7) "archive"
  ["module"] => string(7) "default"
  ["controller"] => string(5) "index"
  ["key"] => string(0) ""
}


--------------------------------------------------------------------------------
2015-05-03T13:14:37+00:00 ERR (3) 404 "" was not found.
REMOTE_ADDR: 178.137.19.143
HTTP_REFERER: http://cs-2014.su/
requested: array(5) {
  ["lang"] => string(2) "en"
  ["action"] => string(7) "archive"
  ["module"] => string(7) "default"
  ["controller"] => string(5) "index"
  ["key"] => string(0) ""
}


--------------------------------------------------------------------------------
2015-05-03T13:15:55+00:00 ERR (3) 404 "" was not found.
REMOTE_ADDR: 178.137.19.143
HTTP_REFERER: http://www.qwesa.ru/
requested: array(5) {
  ["lang"] => string(2) "en"
  ["action"] => string(7) "archive"
  ["module"] => string(7) "default"
  ["controller"] => string(5) "index"
  ["key"] => string(0) ""
}


--------------------------------------------------------------------------------
2015-05-03T13:15:56+00:00 ERR (3) 404 "" was not found.
REMOTE_ADDR: 178.137.19.143
HTTP_REFERER: http://www.qwesa.ru/
requested: array(5) {
  ["lang"] => string(2) "en"
  ["action"] => string(7) "archive"
  ["module"] => string(7) "default"
  ["controller"] => string(5) "index"
  ["key"] => string(0) ""
}


--------------------------------------------------------------------------------
2015-05-03T13:37:49+00:00 ERR (3) 404 Seite nicht gefunden
REMOTE_ADDR: 136.243.36.97
HTTP_REFERER: 
requested: array(3) {
  ["controller"] => string(11) "sitemap.xml"
  ["action"] => string(5) "index"
  ["module"] => string(7) "default"
}


--------------------------------------------------------------------------------
2015-05-03T13:38:09+00:00 ERR (3) 404 Seite nicht gefunden
REMOTE_ADDR: 136.243.36.97
HTTP_REFERER: 
requested: array(3) {
  ["controller"] => string(11) "sitemap.xml"
  ["action"] => string(5) "index"
  ["module"] => string(7) "default"
}


--------------------------------------------------------------------------------
2015-05-03T13:53:28+00:00 ERR (3) 404 "hire-lasse" was not found.
REMOTE_ADDR: 136.243.36.97
HTTP_REFERER: 
requested: array(5) {
  ["lang"] => string(2) "de"
  ["action"] => string(4) "page"
  ["key"] => string(10) "hire-lasse"
  ["module"] => string(7) "default"
  ["controller"] => string(5) "index"
}


--------------------------------------------------------------------------------
2015-05-03T13:59:32+00:00 ERR (3) 404 "hire-lasse" was not found.
REMOTE_ADDR: 136.243.36.97
HTTP_REFERER: 
requested: array(5) {
  ["lang"] => string(2) "en"
  ["action"] => string(4) "page"
  ["key"] => string(10) "hire-lasse"
  ["module"] => string(7) "default"
  ["controller"] => string(5) "index"
}


--------------------------------------------------------------------------------
2015-05-03T18:45:08+00:00 ERR (3) 404 Seite nicht gefunden
REMOTE_ADDR: 64.79.75.50
HTTP_REFERER: 
requested: array(3) {
  ["controller"] => string(6) "https:"
  ["action"] => string(19) "silber-und-blei.com"
  ["module"] => string(7) "default"
}


--------------------------------------------------------------------------------
2015-05-03T18:45:09+00:00 ERR (3) 404 Seite nicht gefunden
REMOTE_ADDR: 64.79.75.50
HTTP_REFERER: 
requested: array(3) {
  ["controller"] => string(2) "js"
  ["action"] => string(1) "'"
  ["module"] => string(7) "default"
}


--------------------------------------------------------------------------------
2015-05-03T22:46:04+00:00 ERR (3) 404 "hire-lasse" was not found.
REMOTE_ADDR: 176.9.148.233
HTTP_REFERER: 
requested: array(5) {
  ["lang"] => string(2) "de"
  ["action"] => string(4) "page"
  ["key"] => string(10) "hire-lasse"
  ["module"] => string(7) "default"
  ["controller"] => string(5) "index"
}


--------------------------------------------------------------------------------
2015-05-03T23:01:08+00:00 ERR (3) 404 Seite nicht gefunden
REMOTE_ADDR: 192.187.126.162
HTTP_REFERER: 
requested: array(3) {
  ["controller"] => string(5) "admin"
  ["action"] => string(9) "fckeditor"
  ["module"] => string(7) "default"
}


--------------------------------------------------------------------------------
2015-05-03T23:01:08+00:00 ERR (3) 404 Seite nicht gefunden
REMOTE_ADDR: 192.187.126.162
HTTP_REFERER: 
requested: array(3) {
  ["controller"] => string(6) "manage"
  ["action"] => string(9) "fckeditor"
  ["module"] => string(7) "default"
}


--------------------------------------------------------------------------------
2015-05-03T23:01:08+00:00 ERR (3) 404 Seite nicht gefunden
REMOTE_ADDR: 192.187.126.162
HTTP_REFERER: 
requested: array(3) {
  ["controller"] => string(6) "common"
  ["action"] => string(9) "fckeditor"
  ["module"] => string(7) "default"
}


--------------------------------------------------------------------------------
2015-05-03T23:01:08+00:00 ERR (3) 404 Seite nicht gefunden
REMOTE_ADDR: 192.187.126.162
HTTP_REFERER: 
requested: array(3) {
  ["controller"] => string(6) "editor"
  ["action"] => string(6) "editor"
  ["module"] => string(7) "default"
}


--------------------------------------------------------------------------------
2015-05-03T23:01:08+00:00 ERR (3) 404 Seite nicht gefunden
REMOTE_ADDR: 192.187.126.162
HTTP_REFERER: 
requested: array(3) {
  ["controller"] => string(7) "include"
  ["action"] => string(9) "fckeditor"
  ["module"] => string(7) "default"
}


--------------------------------------------------------------------------------
2015-05-03T23:01:08+00:00 ERR (3) 404 Seite nicht gefunden
REMOTE_ADDR: 192.187.126.162
HTTP_REFERER: 
requested: array(3) {
  ["controller"] => string(9) "fckeditor"
  ["action"] => string(6) "editor"
  ["module"] => string(7) "default"
}


--------------------------------------------------------------------------------
2015-05-03T23:01:08+00:00 ERR (3) 404 Seite nicht gefunden
REMOTE_ADDR: 192.187.126.162
HTTP_REFERER: 
requested: array(3) {
  ["controller"] => string(2) "js"
  ["action"] => string(9) "fckeditor"
  ["module"] => string(7) "default"
}


--------------------------------------------------------------------------------
