2020-11-26T02:10:57+00:00 ERR (3) 404 Seite nicht gefunden
REMOTE_ADDR: 147.135.231.220
HTTP_REFERER: http://graphicore.de/
requested: array(3) {
  ["controller"] => string(3) "old"
  ["action"] => string(8) "wp-admin"
  ["module"] => string(7) "default"
}


--------------------------------------------------------------------------------
2020-11-26T02:19:43+00:00 ERR (3) 404 "hire-lasse" was not found.
REMOTE_ADDR: 178.63.51.106
HTTP_REFERER: 
requested: array(5) {
  ["lang"] => string(2) "de"
  ["action"] => string(4) "page"
  ["key"] => string(10) "hire-lasse"
  ["module"] => string(7) "default"
  ["controller"] => string(5) "index"
}


--------------------------------------------------------------------------------
2020-11-26T02:20:08+00:00 ERR (3) 404 "hire-lasse" was not found.
REMOTE_ADDR: 178.63.51.106
HTTP_REFERER: 
requested: array(5) {
  ["lang"] => string(2) "de"
  ["action"] => string(4) "page"
  ["key"] => string(10) "hire-lasse"
  ["module"] => string(7) "default"
  ["controller"] => string(5) "index"
}


--------------------------------------------------------------------------------
2020-11-26T09:26:28+00:00 ERR (3) 404 Seite nicht gefunden
REMOTE_ADDR: 13.66.139.51
HTTP_REFERER: 
requested: array(3) {
  ["controller"] => string(12) "sitemaps.xml"
  ["action"] => string(5) "index"
  ["module"] => string(7) "default"
}


--------------------------------------------------------------------------------
2020-11-26T10:45:29+00:00 ERR (3) 404 Seite nicht gefunden
REMOTE_ADDR: 20.44.97.217
HTTP_REFERER: 
requested: array(4) {
  ["controller"] => string(13) "administrator"
  ["action"] => string(4) "help"
  ["en-GB"] => string(8) "toc.json"
  ["module"] => string(7) "default"
}


--------------------------------------------------------------------------------
2020-11-26T10:45:29+00:00 ERR (3) 404 Seite nicht gefunden
REMOTE_ADDR: 20.44.97.217
HTTP_REFERER: 
requested: array(4) {
  ["controller"] => string(13) "administrator"
  ["action"] => string(8) "language"
  ["en-GB"] => string(11) "install.xml"
  ["module"] => string(7) "default"
}


--------------------------------------------------------------------------------
2020-11-26T10:45:30+00:00 ERR (3) 404 Seite nicht gefunden
REMOTE_ADDR: 20.44.97.217
HTTP_REFERER: 
requested: array(4) {
  ["controller"] => string(7) "plugins"
  ["action"] => string(6) "system"
  ["debug"] => string(9) "debug.xml"
  ["module"] => string(7) "default"
}


--------------------------------------------------------------------------------
2020-11-26T10:45:31+00:00 ERR (3) 404 Seite nicht gefunden
REMOTE_ADDR: 20.44.97.217
HTTP_REFERER: 
requested: array(4) {
  ["controller"] => string(5) "admin"
  ["action"] => string(4) "view"
  ["javascript"] => string(9) "common.js"
  ["module"] => string(7) "default"
}


--------------------------------------------------------------------------------
2020-11-26T10:45:31+00:00 ERR (3) 404 Seite nicht gefunden
REMOTE_ADDR: 20.44.97.217
HTTP_REFERER: 
requested: array(3) {
  ["controller"] => string(5) "admin"
  ["action"] => string(9) "index.php"
  ["module"] => string(7) "default"
}


--------------------------------------------------------------------------------
2020-11-26T14:26:54+00:00 ERR (3) 404 "hire-lasse" was not found.
REMOTE_ADDR: 114.119.156.31
HTTP_REFERER: 
requested: array(5) {
  ["lang"] => string(2) "en"
  ["action"] => string(4) "page"
  ["key"] => string(10) "hire-lasse"
  ["module"] => string(7) "default"
  ["controller"] => string(5) "index"
}


--------------------------------------------------------------------------------
2020-11-26T18:21:18+00:00 ERR (3) 404 Page not found
REMOTE_ADDR: 95.179.154.83
HTTP_REFERER: 
requested: array(3) {
  ["controller"] => string(4) ".git"
  ["action"] => string(6) "config"
  ["module"] => string(7) "default"
}


--------------------------------------------------------------------------------
2020-11-26T18:24:54+00:00 ERR (3) 404 Seite nicht gefunden
REMOTE_ADDR: 3.136.84.195
HTTP_REFERER: 
requested: array(3) {
  ["controller"] => string(4) ".env"
  ["action"] => string(5) "index"
  ["module"] => string(7) "default"
}


--------------------------------------------------------------------------------
2020-11-26T18:54:22+00:00 ERR (3) 404 Seite nicht gefunden
REMOTE_ADDR: 119.28.202.234
HTTP_REFERER: 
requested: array(4) {
  ["controller"] => string(6) "search"
  ["action"] => string(5) "index"
  ["module"] => string(7) "default"
  ["kw"] => string(14) "www.ymwears.cn"
}


--------------------------------------------------------------------------------
2020-11-26T18:54:23+00:00 ERR (3) 404 Seite nicht gefunden
REMOTE_ADDR: 119.28.202.234
HTTP_REFERER: 
requested: array(4) {
  ["controller"] => string(6) "search"
  ["action"] => string(5) "index"
  ["module"] => string(7) "default"
  ["keyword"] => string(14) "www.ymwears.cn"
}


--------------------------------------------------------------------------------
2020-11-26T18:54:24+00:00 ERR (3) 404 Seite nicht gefunden
REMOTE_ADDR: 119.28.202.234
HTTP_REFERER: 
requested: array(4) {
  ["controller"] => string(4) "plus"
  ["action"] => string(10) "search.php"
  ["module"] => string(7) "default"
  ["keyword"] => string(14) "www.ymwears.cn"
}


--------------------------------------------------------------------------------
2020-11-26T18:54:25+00:00 ERR (3) 404 Seite nicht gefunden
REMOTE_ADDR: 119.28.202.234
HTTP_REFERER: 
requested: array(4) {
  ["controller"] => string(6) "search"
  ["action"] => string(5) "index"
  ["module"] => string(7) "default"
  ["q"] => string(14) "www.ymwears.cn"
}


--------------------------------------------------------------------------------
2020-11-26T18:54:28+00:00 ERR (3) 404 Seite nicht gefunden
REMOTE_ADDR: 119.28.202.234
HTTP_REFERER: 
requested: array(4) {
  ["controller"] => string(10) "search.php"
  ["action"] => string(5) "index"
  ["module"] => string(7) "default"
  ["q"] => string(14) "www.ymwears.cn"
}


--------------------------------------------------------------------------------
2020-11-26T18:54:29+00:00 ERR (3) 404 Seite nicht gefunden
REMOTE_ADDR: 119.28.202.234
HTTP_REFERER: 
requested: array(4) {
  ["controller"] => string(6) "search"
  ["action"] => string(5) "index"
  ["module"] => string(7) "default"
  ["q"] => string(14) "www.ymwears.cn"
}


--------------------------------------------------------------------------------
2020-11-26T18:54:30+00:00 ERR (3) 404 Seite nicht gefunden
REMOTE_ADDR: 119.28.202.234
HTTP_REFERER: 
requested: array(4) {
  ["controller"] => string(6) "search"
  ["action"] => string(5) "index"
  ["module"] => string(7) "default"
  ["q"] => string(14) "www.ymwears.cn"
}


--------------------------------------------------------------------------------
2020-11-26T18:54:31+00:00 ERR (3) 404 Seite nicht gefunden
REMOTE_ADDR: 119.28.202.234
HTTP_REFERER: 
requested: array(3) {
  ["controller"] => string(6) "search"
  ["action"] => string(14) "www.ymwears.cn"
  ["module"] => string(7) "default"
}


--------------------------------------------------------------------------------
2020-11-26T18:54:32+00:00 ERR (3) 404 Seite nicht gefunden
REMOTE_ADDR: 119.28.202.234
HTTP_REFERER: 
requested: array(4) {
  ["controller"] => string(11) "search.html"
  ["action"] => string(5) "index"
  ["module"] => string(7) "default"
  ["q"] => string(14) "www.ymwears.cn"
}


--------------------------------------------------------------------------------
2020-11-26T18:54:33+00:00 ERR (3) 404 Seite nicht gefunden
REMOTE_ADDR: 119.28.202.234
HTTP_REFERER: 
requested: array(4) {
  ["controller"] => string(6) "search"
  ["action"] => string(5) "index"
  ["module"] => string(7) "default"
  ["query"] => string(14) "www.ymwears.cn"
}


--------------------------------------------------------------------------------
2020-11-26T18:54:34+00:00 ERR (3) 404 Seite nicht gefunden
REMOTE_ADDR: 119.28.202.234
HTTP_REFERER: 
requested: array(4) {
  ["controller"] => string(4) "plus"
  ["action"] => string(10) "search.php"
  ["module"] => string(7) "default"
  ["q"] => string(14) "www.ymwears.cn"
}


--------------------------------------------------------------------------------
2020-11-26T18:54:35+00:00 ERR (3) 404 Seite nicht gefunden
REMOTE_ADDR: 119.28.202.234
HTTP_REFERER: 
requested: array(4) {
  ["controller"] => string(6) "search"
  ["action"] => string(5) "index"
  ["module"] => string(7) "default"
  ["query"] => string(14) "www.ymwears.cn"
}


--------------------------------------------------------------------------------
2020-11-26T18:54:36+00:00 ERR (3) 404 Seite nicht gefunden
REMOTE_ADDR: 119.28.202.234
HTTP_REFERER: 
requested: array(3) {
  ["controller"] => string(14) "www.ymwears.cn"
  ["action"] => string(5) "index"
  ["module"] => string(7) "default"
}


--------------------------------------------------------------------------------
2020-11-26T20:35:32+00:00 ERR (3) 404 "competences" was not found.
REMOTE_ADDR: 114.119.156.31
HTTP_REFERER: 
requested: array(5) {
  ["lang"] => string(2) "en"
  ["action"] => string(4) "page"
  ["key"] => string(11) "competences"
  ["module"] => string(7) "default"
  ["controller"] => string(5) "index"
}


--------------------------------------------------------------------------------
