2019-02-04T02:43:40+00:00 ERR (3) 404 Seite nicht gefunden
REMOTE_ADDR: 39.98.176.120
HTTP_REFERER: 
requested: array(3) {
  ["controller"] => string(4) "temp"
  ["action"] => string(8) "wp-admin"
  ["module"] => string(7) "default"
}


--------------------------------------------------------------------------------
2019-02-04T05:20:08+00:00 ERR (3) 404 Seite nicht gefunden
REMOTE_ADDR: 35.194.17.31
HTTP_REFERER: 
requested: array(3) {
  ["controller"] => string(8) "wp-admin"
  ["action"] => string(11) "install.php"
  ["module"] => string(7) "default"
}


--------------------------------------------------------------------------------
2019-02-04T19:11:40+00:00 ERR (3) 404 Seite nicht gefunden
REMOTE_ADDR: 46.229.168.137
HTTP_REFERER: 
requested: array(3) {
  ["controller"] => string(11) "sitemap.xml"
  ["action"] => string(5) "index"
  ["module"] => string(7) "default"
}


--------------------------------------------------------------------------------
2019-02-04T20:47:00+00:00 ERR (3) 404 Seite nicht gefunden
REMOTE_ADDR: 206.255.247.50
HTTP_REFERER: http://www.google.com.hk
requested: array(3) {
  ["controller"] => string(12) "wp-login.php"
  ["action"] => string(5) "index"
  ["module"] => string(7) "default"
}


--------------------------------------------------------------------------------
2019-02-04T20:48:01+00:00 ERR (3) 404 Seite nicht gefunden
REMOTE_ADDR: 206.255.247.50
HTTP_REFERER: http://www.google.com.hk
requested: array(3) {
  ["controller"] => string(10) "xmlrpc.php"
  ["action"] => string(5) "index"
  ["module"] => string(7) "default"
}


--------------------------------------------------------------------------------
2019-02-04T22:51:58+00:00 ERR (3) 404 "competences" was not found.
REMOTE_ADDR: 95.216.6.105
HTTP_REFERER: 
requested: array(5) {
  ["lang"] => string(2) "de"
  ["action"] => string(4) "page"
  ["key"] => string(11) "competences"
  ["module"] => string(7) "default"
  ["controller"] => string(5) "index"
}


--------------------------------------------------------------------------------
