2019-11-12T01:33:13+00:00 ERR (3) 404 Seite nicht gefunden
REMOTE_ADDR: 166.62.89.205
HTTP_REFERER: 
requested: array(3) {
  ["controller"] => string(8) "wp-admin"
  ["action"] => string(5) "index"
  ["module"] => string(7) "default"
}


--------------------------------------------------------------------------------
2019-11-12T01:39:40+00:00 ERR (3) 404 Seite nicht gefunden
REMOTE_ADDR: 166.62.117.102
HTTP_REFERER: 
requested: array(3) {
  ["controller"] => string(4) "test"
  ["action"] => string(8) "wp-admin"
  ["module"] => string(7) "default"
}


--------------------------------------------------------------------------------
2019-11-12T01:45:51+00:00 ERR (3) 404 Seite nicht gefunden
REMOTE_ADDR: 51.68.11.231
HTTP_REFERER: 
requested: array(3) {
  ["controller"] => string(9) "wordpress"
  ["action"] => string(8) "wp-admin"
  ["module"] => string(7) "default"
}


--------------------------------------------------------------------------------
2019-11-12T01:52:02+00:00 ERR (3) 404 Seite nicht gefunden
REMOTE_ADDR: 77.221.130.148
HTTP_REFERER: 
requested: array(3) {
  ["controller"] => string(4) "blog"
  ["action"] => string(8) "wp-admin"
  ["module"] => string(7) "default"
}


--------------------------------------------------------------------------------
2019-11-12T01:58:08+00:00 ERR (3) 404 Seite nicht gefunden
REMOTE_ADDR: 74.208.59.47
HTTP_REFERER: 
requested: array(3) {
  ["controller"] => string(2) "wp"
  ["action"] => string(8) "wp-admin"
  ["module"] => string(7) "default"
}


--------------------------------------------------------------------------------
2019-11-12T02:04:13+00:00 ERR (3) 404 Seite nicht gefunden
REMOTE_ADDR: 82.165.80.54
HTTP_REFERER: 
requested: array(3) {
  ["controller"] => string(3) "old"
  ["action"] => string(8) "wp-admin"
  ["module"] => string(7) "default"
}


--------------------------------------------------------------------------------
2019-11-12T03:43:34+00:00 ERR (3) 404 Seite nicht gefunden
REMOTE_ADDR: 109.102.111.67
HTTP_REFERER: 
requested: array(4) {
  ["controller"] => string(6) "https:"
  [""] => string(19) "silber-und-blei.com"
  ["action"] => string(5) "index"
  ["module"] => string(7) "default"
}


--------------------------------------------------------------------------------
2019-11-12T04:31:28+00:00 ERR (3) 404 "competences" was not found.
REMOTE_ADDR: 23.237.4.26
HTTP_REFERER: 
requested: array(5) {
  ["lang"] => string(2) "de"
  ["action"] => string(4) "page"
  ["key"] => string(11) "competences"
  ["module"] => string(7) "default"
  ["controller"] => string(5) "index"
}


--------------------------------------------------------------------------------
2019-11-12T04:31:32+00:00 ERR (3) 404 "hire-lasse" was not found.
REMOTE_ADDR: 23.237.4.26
HTTP_REFERER: 
requested: array(5) {
  ["lang"] => string(2) "de"
  ["action"] => string(4) "page"
  ["key"] => string(10) "hire-lasse"
  ["module"] => string(7) "default"
  ["controller"] => string(5) "index"
}


--------------------------------------------------------------------------------
2019-11-12T05:24:21+00:00 ERR (3) 404 Page not found
REMOTE_ADDR: 82.165.158.169
HTTP_REFERER: 
requested: array(3) {
  ["controller"] => string(4) ".env"
  ["action"] => string(5) "index"
  ["module"] => string(7) "default"
}


--------------------------------------------------------------------------------
2019-11-12T13:25:28+00:00 ERR (3) 404 Page not found
REMOTE_ADDR: 139.59.67.149
HTTP_REFERER: 
requested: array(4) {
  ["controller"] => string(6) "vendor"
  ["action"] => string(7) "phpunit"
  ["phpunit"] => string(11) "phpunit.xsd"
  ["module"] => string(7) "default"
}


--------------------------------------------------------------------------------
2019-11-12T16:12:27+00:00 ERR (3) 404 Seite nicht gefunden
REMOTE_ADDR: 18.225.14.188
HTTP_REFERER: 
requested: array(3) {
  ["controller"] => string(10) "xmlrpc.php"
  ["action"] => string(5) "index"
  ["module"] => string(7) "default"
}


--------------------------------------------------------------------------------
2019-11-12T21:00:35+00:00 ERR (3) 404 Page not found
REMOTE_ADDR: 46.119.183.27
HTTP_REFERER: 
requested: array(3) {
  ["controller"] => string(11) "wp-includes"
  ["action"] => string(15) "wlwmanifest.xml"
  ["module"] => string(7) "default"
}


--------------------------------------------------------------------------------
2019-11-12T21:00:35+00:00 ERR (3) 404 Page not found
REMOTE_ADDR: 46.119.183.27
HTTP_REFERER: 
requested: array(3) {
  ["controller"] => string(4) "blog"
  ["action"] => string(11) "wp-includes"
  ["module"] => string(7) "default"
}


--------------------------------------------------------------------------------
2019-11-12T21:00:35+00:00 ERR (3) 404 Page not found
REMOTE_ADDR: 46.119.183.27
HTTP_REFERER: 
requested: array(3) {
  ["controller"] => string(3) "web"
  ["action"] => string(11) "wp-includes"
  ["module"] => string(7) "default"
}


--------------------------------------------------------------------------------
2019-11-12T21:00:35+00:00 ERR (3) 404 Page not found
REMOTE_ADDR: 46.119.183.27
HTTP_REFERER: 
requested: array(3) {
  ["controller"] => string(9) "wordpress"
  ["action"] => string(11) "wp-includes"
  ["module"] => string(7) "default"
}


--------------------------------------------------------------------------------
2019-11-12T21:00:35+00:00 ERR (3) 404 Page not found
REMOTE_ADDR: 46.119.183.27
HTTP_REFERER: 
requested: array(3) {
  ["controller"] => string(7) "website"
  ["action"] => string(11) "wp-includes"
  ["module"] => string(7) "default"
}


--------------------------------------------------------------------------------
2019-11-12T21:00:35+00:00 ERR (3) 404 Page not found
REMOTE_ADDR: 46.119.183.27
HTTP_REFERER: 
requested: array(3) {
  ["controller"] => string(2) "wp"
  ["action"] => string(11) "wp-includes"
  ["module"] => string(7) "default"
}


--------------------------------------------------------------------------------
2019-11-12T21:00:35+00:00 ERR (3) 404 Page not found
REMOTE_ADDR: 46.119.183.27
HTTP_REFERER: 
requested: array(3) {
  ["controller"] => string(4) "news"
  ["action"] => string(11) "wp-includes"
  ["module"] => string(7) "default"
}


--------------------------------------------------------------------------------
2019-11-12T21:00:35+00:00 ERR (3) 404 Page not found
REMOTE_ADDR: 46.119.183.27
HTTP_REFERER: 
requested: array(3) {
  ["controller"] => string(4) "2018"
  ["action"] => string(11) "wp-includes"
  ["module"] => string(7) "default"
}


--------------------------------------------------------------------------------
2019-11-12T21:00:36+00:00 ERR (3) 404 Page not found
REMOTE_ADDR: 46.119.183.27
HTTP_REFERER: 
requested: array(3) {
  ["controller"] => string(4) "2019"
  ["action"] => string(11) "wp-includes"
  ["module"] => string(7) "default"
}


--------------------------------------------------------------------------------
2019-11-12T21:00:36+00:00 ERR (3) 404 Page not found
REMOTE_ADDR: 46.119.183.27
HTTP_REFERER: 
requested: array(3) {
  ["controller"] => string(4) "shop"
  ["action"] => string(11) "wp-includes"
  ["module"] => string(7) "default"
}


--------------------------------------------------------------------------------
2019-11-12T21:00:36+00:00 ERR (3) 404 Page not found
REMOTE_ADDR: 46.119.183.27
HTTP_REFERER: 
requested: array(3) {
  ["controller"] => string(3) "wp1"
  ["action"] => string(11) "wp-includes"
  ["module"] => string(7) "default"
}


--------------------------------------------------------------------------------
2019-11-12T21:00:36+00:00 ERR (3) 404 Page not found
REMOTE_ADDR: 46.119.183.27
HTTP_REFERER: 
requested: array(3) {
  ["controller"] => string(4) "test"
  ["action"] => string(11) "wp-includes"
  ["module"] => string(7) "default"
}


--------------------------------------------------------------------------------
2019-11-12T21:00:36+00:00 ERR (3) 404 Page not found
REMOTE_ADDR: 46.119.183.27
HTTP_REFERER: 
requested: array(3) {
  ["controller"] => string(5) "media"
  ["action"] => string(11) "wp-includes"
  ["module"] => string(7) "default"
}


--------------------------------------------------------------------------------
2019-11-12T21:00:36+00:00 ERR (3) 404 Page not found
REMOTE_ADDR: 46.119.183.27
HTTP_REFERER: 
requested: array(3) {
  ["controller"] => string(3) "wp2"
  ["action"] => string(11) "wp-includes"
  ["module"] => string(7) "default"
}


--------------------------------------------------------------------------------
2019-11-12T21:00:36+00:00 ERR (3) 404 Page not found
REMOTE_ADDR: 46.119.183.27
HTTP_REFERER: 
requested: array(3) {
  ["controller"] => string(4) "site"
  ["action"] => string(11) "wp-includes"
  ["module"] => string(7) "default"
}


--------------------------------------------------------------------------------
2019-11-12T21:00:36+00:00 ERR (3) 404 Page not found
REMOTE_ADDR: 46.119.183.27
HTTP_REFERER: 
requested: array(3) {
  ["controller"] => string(3) "cms"
  ["action"] => string(11) "wp-includes"
  ["module"] => string(7) "default"
}


--------------------------------------------------------------------------------
2019-11-12T21:00:36+00:00 ERR (3) 404 Page not found
REMOTE_ADDR: 46.119.183.27
HTTP_REFERER: 
requested: array(3) {
  ["controller"] => string(4) "sito"
  ["action"] => string(11) "wp-includes"
  ["module"] => string(7) "default"
}


--------------------------------------------------------------------------------
