2020-05-09T10:30:06+00:00 ERR (3) 404 Seite nicht gefunden
REMOTE_ADDR: 66.147.242.187
HTTP_REFERER: http://graphicore.de/
requested: array(3) {
  ["controller"] => string(11) "public_html"
  ["action"] => string(5) "index"
  ["module"] => string(7) "default"
}


--------------------------------------------------------------------------------
2020-05-09T15:43:42+00:00 ERR (3) 404 "hire-lasse" was not found.
REMOTE_ADDR: 176.74.192.99
HTTP_REFERER: http://graphicore.de/en/feed/rss
requested: array(5) {
  ["lang"] => string(2) "en"
  ["action"] => string(4) "page"
  ["key"] => string(10) "hire-lasse"
  ["module"] => string(7) "default"
  ["controller"] => string(5) "index"
}


--------------------------------------------------------------------------------
2020-05-09T15:43:44+00:00 ERR (3) 404 Page not found
REMOTE_ADDR: 176.74.192.99
HTTP_REFERER: 
requested: array(3) {
  ["controller"] => string(10) "javascript"
  ["action"] => string(3) "doh"
  ["module"] => string(7) "default"
}


--------------------------------------------------------------------------------
2020-05-09T17:23:15+00:00 ERR (3) 404 "anne" was not found.
REMOTE_ADDR: 66.249.66.202
HTTP_REFERER: 
requested: array(5) {
  ["lang"] => string(2) "de"
  ["action"] => string(4) "page"
  ["key"] => string(4) "anne"
  ["module"] => string(7) "default"
  ["controller"] => string(5) "index"
}


--------------------------------------------------------------------------------
2020-05-09T20:15:08+00:00 ERR (3) 404 Seite nicht gefunden
REMOTE_ADDR: 35.198.128.69
HTTP_REFERER: 
requested: array(3) {
  ["controller"] => string(4) ".git"
  ["action"] => string(4) "HEAD"
  ["module"] => string(7) "default"
}


--------------------------------------------------------------------------------
2020-05-09T20:15:10+00:00 ERR (3) 404 Seite nicht gefunden
REMOTE_ADDR: 35.198.128.69
HTTP_REFERER: 
requested: array(3) {
  ["controller"] => string(4) ".git"
  ["action"] => string(4) "HEAD"
  ["module"] => string(7) "default"
}


--------------------------------------------------------------------------------
