2011-01-27T00:19:57+00:00 ERR (3) 404 Seite nicht gefunden
REMOTE_ADDR: 86.93.195.130
HTTP_REFERER: 
requested: array(3) {
  ["controller"] => string(10) "javascript"
  ["action"] => string(1) "'"
  ["module"] => string(7) "default"
}


--------------------------------------------------------------------------------
2011-01-27T02:01:52+00:00 ERR (3) 404 Seite nicht gefunden
REMOTE_ADDR: 188.187.79.121
HTTP_REFERER: http://graphicore.de/forum/index.php
requested: array(3) {
  ["controller"] => string(5) "forum"
  ["action"] => string(9) "index.php"
  ["module"] => string(7) "default"
}


--------------------------------------------------------------------------------
2011-01-27T04:46:55+00:00 ERR (3) 404 "" was not found.
REMOTE_ADDR: 207.46.195.226
HTTP_REFERER: 
requested: array(5) {
  ["lang"] => string(2) "en"
  ["action"] => string(7) "archive"
  ["module"] => string(7) "default"
  ["controller"] => string(5) "index"
  ["key"] => string(0) ""
}


--------------------------------------------------------------------------------
2011-01-27T04:52:10+00:00 ERR (3) 404 "topic" was not found.
REMOTE_ADDR: 188.143.232.102
HTTP_REFERER: http://graphicore.de/de/index/topic/intern/news/
requested: array(6) {
  ["lang"] => string(2) "de"
  ["action"] => string(5) "index"
  ["key"] => string(5) "topic"
  ["intern"] => string(4) "news"
  ["module"] => string(7) "default"
  ["controller"] => string(5) "index"
}


--------------------------------------------------------------------------------
2011-01-27T05:03:20+00:00 ERR (3) 404 Seite nicht gefunden
REMOTE_ADDR: 77.250.43.196
HTTP_REFERER: 
requested: array(3) {
  ["controller"] => string(10) "javascript"
  ["action"] => string(1) "'"
  ["module"] => string(7) "default"
}


--------------------------------------------------------------------------------
2011-01-27T12:32:21+00:00 ERR (3) 404 "topic" was not found.
REMOTE_ADDR: 94.244.169.223
HTTP_REFERER: http://graphicore.de/en/index/topic/intern/projekte/
requested: array(6) {
  ["lang"] => string(2) "en"
  ["action"] => string(5) "index"
  ["key"] => string(5) "topic"
  ["intern"] => string(8) "projekte"
  ["module"] => string(7) "default"
  ["controller"] => string(5) "index"
}


--------------------------------------------------------------------------------
