2012-12-11T10:20:49+00:00 ERR (3) 404 Page not found
REMOTE_ADDR: 78.158.11.226
HTTP_REFERER: 
requested: array(5) {
  ["controller"] => string(6) "https:"
  [""] => string(16) "de.wikipedia.org"
  ["wiki"] => string(15) "irische_schrift"
  ["action"] => string(5) "index"
  ["module"] => string(7) "default"
}


--------------------------------------------------------------------------------
2012-12-11T19:52:17+00:00 ERR (3) 404 "topic" was not found.
REMOTE_ADDR: 46.119.122.86
HTTP_REFERER: http://graphicore.de/de/index/topic/intern/news/
requested: array(6) {
  ["lang"] => string(2) "de"
  ["action"] => string(5) "index"
  ["key"] => string(5) "topic"
  ["intern"] => string(4) "news"
  ["module"] => string(7) "default"
  ["controller"] => string(5) "index"
}


--------------------------------------------------------------------------------
