2017-01-06T01:48:10+00:00 ERR (3) 404 Seite nicht gefunden
REMOTE_ADDR: 207.228.96.122
HTTP_REFERER: 
requested: array(4) {
  ["controller"] => string(6) "https:"
  [""] => string(19) "silber-und-blei.com"
  ["action"] => string(5) "index"
  ["module"] => string(7) "default"
}


--------------------------------------------------------------------------------
2017-01-06T01:48:13+00:00 ERR (3) 404 Seite nicht gefunden
REMOTE_ADDR: 207.228.96.122
HTTP_REFERER: 
requested: array(3) {
  ["controller"] => string(2) "js"
  ["action"] => string(1) "'"
  ["module"] => string(7) "default"
}


--------------------------------------------------------------------------------
2017-01-06T08:37:37+00:00 ERR (3) 404 Seite nicht gefunden
REMOTE_ADDR: 193.28.200.57
HTTP_REFERER: http://findclan.org/ads/enlister/807
requested: array(3) {
  ["controller"] => string(5) "forum"
  ["action"] => string(5) "index"
  ["module"] => string(7) "default"
}


--------------------------------------------------------------------------------
2017-01-06T08:37:38+00:00 ERR (3) 404 Seite nicht gefunden
REMOTE_ADDR: 193.28.200.57
HTTP_REFERER: http://findclan.org/ads/enlister/807
requested: array(3) {
  ["controller"] => string(5) "forum"
  ["action"] => string(5) "index"
  ["module"] => string(7) "default"
}


--------------------------------------------------------------------------------
2017-01-06T08:37:40+00:00 ERR (3) 404 Seite nicht gefunden
REMOTE_ADDR: 193.28.200.57
HTTP_REFERER: http://findclan.org/ads/enlister/807
requested: array(3) {
  ["controller"] => string(5) "forum"
  ["action"] => string(5) "index"
  ["module"] => string(7) "default"
}


--------------------------------------------------------------------------------
2017-01-06T08:37:41+00:00 ERR (3) 404 Seite nicht gefunden
REMOTE_ADDR: 193.28.200.57
HTTP_REFERER: http://findclan.org/ads/enlister/807
requested: array(3) {
  ["controller"] => string(5) "forum"
  ["action"] => string(5) "index"
  ["module"] => string(7) "default"
}


--------------------------------------------------------------------------------
2017-01-06T11:54:31+00:00 ERR (3) 404 Seite nicht gefunden
REMOTE_ADDR: 207.228.96.122
HTTP_REFERER: 
requested: array(4) {
  ["controller"] => string(6) "https:"
  [""] => string(19) "silber-und-blei.com"
  ["action"] => string(5) "index"
  ["module"] => string(7) "default"
}


--------------------------------------------------------------------------------
2017-01-06T11:54:32+00:00 ERR (3) 404 Seite nicht gefunden
REMOTE_ADDR: 207.228.96.122
HTTP_REFERER: 
requested: array(3) {
  ["controller"] => string(2) "js"
  ["action"] => string(1) "'"
  ["module"] => string(7) "default"
}


--------------------------------------------------------------------------------
2017-01-06T12:53:05+00:00 ERR (3) 404 Seite nicht gefunden
REMOTE_ADDR: 178.137.87.242
HTTP_REFERER: 
requested: array(3) {
  ["controller"] => string(4) "blog"
  ["action"] => string(10) "robots.txt"
  ["module"] => string(7) "default"
}


--------------------------------------------------------------------------------
2017-01-06T12:53:05+00:00 ERR (3) 404 Seite nicht gefunden
REMOTE_ADDR: 178.137.87.242
HTTP_REFERER: 
requested: array(3) {
  ["controller"] => string(4) "blog"
  ["action"] => string(5) "index"
  ["module"] => string(7) "default"
}


--------------------------------------------------------------------------------
2017-01-06T12:53:06+00:00 ERR (3) 404 Seite nicht gefunden
REMOTE_ADDR: 178.137.87.242
HTTP_REFERER: 
requested: array(3) {
  ["controller"] => string(9) "wordpress"
  ["action"] => string(5) "index"
  ["module"] => string(7) "default"
}


--------------------------------------------------------------------------------
2017-01-06T12:53:06+00:00 ERR (3) 404 Seite nicht gefunden
REMOTE_ADDR: 178.137.87.242
HTTP_REFERER: 
requested: array(3) {
  ["controller"] => string(2) "wp"
  ["action"] => string(5) "index"
  ["module"] => string(7) "default"
}


--------------------------------------------------------------------------------
2017-01-06T13:03:31+00:00 ERR (3) 404 Seite nicht gefunden
REMOTE_ADDR: 185.144.83.96
HTTP_REFERER: 
requested: array(4) {
  ["controller"] => string(6) "https:"
  [""] => string(19) "silber-und-blei.com"
  ["action"] => string(5) "index"
  ["module"] => string(7) "default"
}


--------------------------------------------------------------------------------
2017-01-06T13:03:32+00:00 ERR (3) 404 Seite nicht gefunden
REMOTE_ADDR: 185.144.83.96
HTTP_REFERER: 
requested: array(3) {
  ["controller"] => string(2) "js"
  ["action"] => string(1) "'"
  ["module"] => string(7) "default"
}


--------------------------------------------------------------------------------
2017-01-06T20:27:39+00:00 ERR (3) 404 Seite nicht gefunden
REMOTE_ADDR: 23.249.163.144
HTTP_REFERER: 
requested: array(3) {
  ["controller"] => string(12) "wp-login.php"
  ["action"] => string(5) "index"
  ["module"] => string(7) "default"
}


--------------------------------------------------------------------------------
2017-01-06T22:55:05+00:00 ERR (3) 404 "hire-lasse" was not found.
REMOTE_ADDR: 207.46.13.138
HTTP_REFERER: 
requested: array(5) {
  ["lang"] => string(2) "de"
  ["action"] => string(4) "page"
  ["key"] => string(10) "hire-lasse"
  ["module"] => string(7) "default"
  ["controller"] => string(5) "index"
}


--------------------------------------------------------------------------------
