2012-11-08T02:00:54+00:00 ERR (3) 404 Page not found
REMOTE_ADDR: 5.9.25.76
HTTP_REFERER: 
requested: array(3) {
  ["controller"] => string(6) "images"
  ["action"] => string(5) "diary"
  ["module"] => string(7) "default"
}


--------------------------------------------------------------------------------
2012-11-08T20:50:13+00:00 ERR (3) 404 Seite nicht gefunden
REMOTE_ADDR: 188.138.84.185
HTTP_REFERER: 
requested: array(4) {
  ["controller"] => string(6) "https:"
  ["action"] => string(10) "github.com"
  ["graphicore"] => string(35) "graphicore-FontForge-Python-Scripts"
  ["module"] => string(7) "default"
}


--------------------------------------------------------------------------------
2012-11-08T23:11:06+00:00 ERR (3) 404 "en" was not found.
REMOTE_ADDR: 208.115.111.73
HTTP_REFERER: 
requested: array(5) {
  ["lang"] => string(2) "en"
  ["action"] => string(4) "page"
  ["key"] => string(2) "en"
  ["module"] => string(7) "default"
  ["controller"] => string(5) "index"
}


--------------------------------------------------------------------------------
