2019-08-01T05:29:17+00:00 ERR (3) 404 Seite nicht gefunden
REMOTE_ADDR: 167.114.65.240
HTTP_REFERER: 
requested: array(3) {
  ["controller"] => string(11) "sitemap.xml"
  ["action"] => string(5) "index"
  ["module"] => string(7) "default"
}


--------------------------------------------------------------------------------
2019-08-01T05:29:28+00:00 ERR (3) 404 Seite nicht gefunden
REMOTE_ADDR: 167.114.65.240
HTTP_REFERER: 
requested: array(3) {
  ["controller"] => string(7) "ads.txt"
  ["action"] => string(5) "index"
  ["module"] => string(7) "default"
}


--------------------------------------------------------------------------------
2019-08-01T11:38:08+00:00 ERR (3) 404 Seite nicht gefunden
REMOTE_ADDR: 185.228.82.200
HTTP_REFERER: 
requested: array(3) {
  ["controller"] => string(11) "adminer.php"
  ["action"] => string(5) "index"
  ["module"] => string(7) "default"
}


--------------------------------------------------------------------------------
2019-08-01T16:55:50+00:00 ERR (3) 404 Seite nicht gefunden
REMOTE_ADDR: 185.228.82.200
HTTP_REFERER: 
requested: array(3) {
  ["controller"] => string(11) "adminer.php"
  ["action"] => string(5) "index"
  ["module"] => string(7) "default"
}


--------------------------------------------------------------------------------
2019-08-01T19:43:27+00:00 ERR (3) 404 Seite nicht gefunden
REMOTE_ADDR: 68.183.58.214
HTTP_REFERER: 
requested: array(3) {
  ["controller"] => string(11) "adminer.php"
  ["action"] => string(5) "index"
  ["module"] => string(7) "default"
}


--------------------------------------------------------------------------------
2019-08-01T21:16:27+00:00 ERR (3) 404 Seite nicht gefunden
REMOTE_ADDR: 68.183.58.214
HTTP_REFERER: 
requested: array(3) {
  ["controller"] => string(11) "adminer.php"
  ["action"] => string(5) "index"
  ["module"] => string(7) "default"
}


--------------------------------------------------------------------------------
