2019-09-29T01:07:50+00:00 ERR (3) 404 Seite nicht gefunden
REMOTE_ADDR: 176.96.225.134
HTTP_REFERER: http://graphicore.de/forum/
requested: array(3) {
  ["controller"] => string(5) "forum"
  ["action"] => string(5) "index"
  ["module"] => string(7) "default"
}


--------------------------------------------------------------------------------
2019-09-29T04:55:10+00:00 ERR (3) 404 "en" was not found.
REMOTE_ADDR: 216.244.66.228
HTTP_REFERER: 
requested: array(5) {
  ["lang"] => string(2) "de"
  ["action"] => string(7) "archive"
  ["key"] => string(2) "en"
  ["module"] => string(7) "default"
  ["controller"] => string(5) "index"
}


--------------------------------------------------------------------------------
2019-09-29T05:35:38+00:00 ERR (3) 404 Page not found
REMOTE_ADDR: 216.244.66.228
HTTP_REFERER: 
requested: array(5) {
  ["lang"] => string(2) "en"
  ["action"] => string(2) "en"
  ["module"] => string(7) "default"
  ["controller"] => string(5) "index"
  ["key"] => string(0) ""
}


--------------------------------------------------------------------------------
2019-09-29T06:09:22+00:00 ERR (3) 404 Seite nicht gefunden
REMOTE_ADDR: 109.102.111.42
HTTP_REFERER: 
requested: array(3) {
  ["controller"] => string(6) "https:"
  ["action"] => string(19) "silber-und-blei.com"
  ["module"] => string(7) "default"
}


--------------------------------------------------------------------------------
2019-09-29T10:44:45+00:00 ERR (3) 404 Seite nicht gefunden
REMOTE_ADDR: 66.249.66.95
HTTP_REFERER: 
requested: array(3) {
  ["controller"] => string(5) "tests"
  ["action"] => string(5) "index"
  ["module"] => string(7) "default"
}


--------------------------------------------------------------------------------
2019-09-29T12:49:20+00:00 ERR (3) 404 "competences" was not found.
REMOTE_ADDR: 85.25.185.196
HTTP_REFERER: 
requested: array(5) {
  ["lang"] => string(2) "en"
  ["action"] => string(4) "page"
  ["key"] => string(11) "competences"
  ["module"] => string(7) "default"
  ["controller"] => string(5) "index"
}


--------------------------------------------------------------------------------
2019-09-29T13:16:03+00:00 ERR (3) 404 Seite nicht gefunden
REMOTE_ADDR: 45.93.20.4
HTTP_REFERER: 
requested: array(3) {
  ["controller"] => string(2) "wp"
  ["action"] => string(5) "index"
  ["module"] => string(7) "default"
}


--------------------------------------------------------------------------------
2019-09-29T13:16:03+00:00 ERR (3) 404 Seite nicht gefunden
REMOTE_ADDR: 45.93.20.4
HTTP_REFERER: 
requested: array(3) {
  ["controller"] => string(9) "wordpress"
  ["action"] => string(5) "index"
  ["module"] => string(7) "default"
}


--------------------------------------------------------------------------------
2019-09-29T13:16:04+00:00 ERR (3) 404 Seite nicht gefunden
REMOTE_ADDR: 45.93.20.4
HTTP_REFERER: 
requested: array(3) {
  ["controller"] => string(4) "blog"
  ["action"] => string(5) "index"
  ["module"] => string(7) "default"
}


--------------------------------------------------------------------------------
2019-09-29T14:15:50+00:00 ERR (3) 404 "competences" was not found.
REMOTE_ADDR: 77.75.77.32
HTTP_REFERER: 
requested: array(5) {
  ["lang"] => string(2) "de"
  ["action"] => string(4) "page"
  ["key"] => string(11) "competences"
  ["module"] => string(7) "default"
  ["controller"] => string(5) "index"
}


--------------------------------------------------------------------------------
2019-09-29T14:37:01+00:00 ERR (3) 404 Seite nicht gefunden
REMOTE_ADDR: 128.71.5.184
HTTP_REFERER: http://graphicore.de/forum/index.php
requested: array(3) {
  ["controller"] => string(5) "forum"
  ["action"] => string(9) "index.php"
  ["module"] => string(7) "default"
}


--------------------------------------------------------------------------------
2019-09-29T16:10:25+00:00 ERR (3) 404 "hire-lasse" was not found.
REMOTE_ADDR: 5.9.107.211
HTTP_REFERER: 
requested: array(5) {
  ["lang"] => string(2) "en"
  ["action"] => string(4) "page"
  ["key"] => string(10) "hire-lasse"
  ["module"] => string(7) "default"
  ["controller"] => string(5) "index"
}


--------------------------------------------------------------------------------
2019-09-29T17:58:27+00:00 ERR (3) 404 "competences" was not found.
REMOTE_ADDR: 88.198.158.233
HTTP_REFERER: 
requested: array(5) {
  ["lang"] => string(2) "de"
  ["action"] => string(4) "page"
  ["key"] => string(11) "competences"
  ["module"] => string(7) "default"
  ["controller"] => string(5) "index"
}


--------------------------------------------------------------------------------
2019-09-29T18:02:26+00:00 ERR (3) 404 "competences" was not found.
REMOTE_ADDR: 5.189.205.148
HTTP_REFERER: 
requested: array(5) {
  ["lang"] => string(2) "en"
  ["action"] => string(4) "page"
  ["key"] => string(11) "competences"
  ["module"] => string(7) "default"
  ["controller"] => string(5) "index"
}


--------------------------------------------------------------------------------
