2016-01-31T02:52:39+00:00 ERR (3) 404 "hire-lasse" was not found.
REMOTE_ADDR: 157.55.39.26
HTTP_REFERER: 
requested: array(5) {
  ["lang"] => string(2) "de"
  ["action"] => string(4) "page"
  ["key"] => string(10) "hire-lasse"
  ["module"] => string(7) "default"
  ["controller"] => string(5) "index"
}


--------------------------------------------------------------------------------
2016-01-31T03:52:04+00:00 ERR (3) 404 Seite nicht gefunden
REMOTE_ADDR: 46.118.155.216
HTTP_REFERER: 
requested: array(3) {
  ["controller"] => string(4) "blog"
  ["action"] => string(10) "robots.txt"
  ["module"] => string(7) "default"
}


--------------------------------------------------------------------------------
2016-01-31T03:52:04+00:00 ERR (3) 404 Seite nicht gefunden
REMOTE_ADDR: 46.118.155.216
HTTP_REFERER: 
requested: array(3) {
  ["controller"] => string(4) "blog"
  ["action"] => string(5) "index"
  ["module"] => string(7) "default"
}


--------------------------------------------------------------------------------
2016-01-31T03:52:05+00:00 ERR (3) 404 Seite nicht gefunden
REMOTE_ADDR: 46.118.155.216
HTTP_REFERER: 
requested: array(3) {
  ["controller"] => string(9) "wordpress"
  ["action"] => string(5) "index"
  ["module"] => string(7) "default"
}


--------------------------------------------------------------------------------
2016-01-31T03:52:05+00:00 ERR (3) 404 Seite nicht gefunden
REMOTE_ADDR: 46.118.155.216
HTTP_REFERER: 
requested: array(3) {
  ["controller"] => string(2) "wp"
  ["action"] => string(5) "index"
  ["module"] => string(7) "default"
}


--------------------------------------------------------------------------------
2016-01-31T06:59:33+00:00 ERR (3) 404 Seite nicht gefunden
REMOTE_ADDR: 210.195.131.157
HTTP_REFERER: 
requested: array(3) {
  ["controller"] => string(6) "https:"
  ["action"] => string(19) "silber-und-blei.com"
  ["module"] => string(7) "default"
}


--------------------------------------------------------------------------------
2016-01-31T06:59:35+00:00 ERR (3) 404 Seite nicht gefunden
REMOTE_ADDR: 210.195.131.157
HTTP_REFERER: 
requested: array(3) {
  ["controller"] => string(2) "js"
  ["action"] => string(1) "'"
  ["module"] => string(7) "default"
}


--------------------------------------------------------------------------------
2016-01-31T09:56:15+00:00 ERR (3) 404 "hire-lasse" was not found.
REMOTE_ADDR: 85.25.210.234
HTTP_REFERER: 
requested: array(5) {
  ["lang"] => string(2) "de"
  ["action"] => string(4) "page"
  ["key"] => string(10) "hire-lasse"
  ["module"] => string(7) "default"
  ["controller"] => string(5) "index"
}


--------------------------------------------------------------------------------
2016-01-31T17:21:17+00:00 ERR (3) 404 Seite nicht gefunden
REMOTE_ADDR: 62.210.190.10
HTTP_REFERER: http://graphicore.de/wp-admin/admin-ajax.php
requested: array(4) {
  ["controller"] => string(8) "wp-admin"
  ["action"] => string(14) "admin-ajax.php"
  ["module"] => string(7) "default"
  ["client_action"] => string(13) "update_plugin"
}


--------------------------------------------------------------------------------
2016-01-31T17:21:18+00:00 ERR (3) 404 Seite nicht gefunden
REMOTE_ADDR: 62.210.190.10
HTTP_REFERER: http://www.googlebot.com/bot.html
requested: array(5) {
  ["controller"] => string(10) "wp-content"
  ["action"] => string(7) "plugins"
  ["revslider"] => string(4) "temp"
  ["update_extract"] => string(12) "87881365.php"
  ["module"] => string(7) "default"
}


--------------------------------------------------------------------------------
2016-01-31T18:58:19+00:00 ERR (3) 404 "hire-lasse" was not found.
REMOTE_ADDR: 157.55.39.117
HTTP_REFERER: 
requested: array(5) {
  ["lang"] => string(2) "de"
  ["action"] => string(4) "page"
  ["key"] => string(10) "hire-lasse"
  ["module"] => string(7) "default"
  ["controller"] => string(5) "index"
}


--------------------------------------------------------------------------------
2016-01-31T19:04:05+00:00 ERR (3) 404 Seite nicht gefunden
REMOTE_ADDR: 62.210.190.10
HTTP_REFERER: http://graphicore.de/license.php
requested: array(4) {
  ["controller"] => string(11) "license.php"
  ["action"] => string(5) "index"
  ["module"] => string(7) "default"
  [1] => string(1) "1"
}


--------------------------------------------------------------------------------
2016-01-31T19:04:06+00:00 ERR (3) 404 Seite nicht gefunden
REMOTE_ADDR: 62.210.190.10
HTTP_REFERER: http://www.googlebot.com/bot.html
requested: array(3) {
  ["controller"] => string(11) "wpfoot1.php"
  ["action"] => string(5) "index"
  ["module"] => string(7) "default"
}


--------------------------------------------------------------------------------
