2019-04-26T06:40:06+00:00 ERR (3) 404 Page not found
REMOTE_ADDR: 104.148.64.26
HTTP_REFERER: http://ufojs.org/modules/namamodule/uploadimage.php
requested: array(3) {
  ["controller"] => string(7) "modules"
  ["action"] => string(10) "namamodule"
  ["module"] => string(7) "default"
}


--------------------------------------------------------------------------------
2019-04-26T09:43:44+00:00 ERR (3) 404 Seite nicht gefunden
REMOTE_ADDR: 198.71.237.11
HTTP_REFERER: 
requested: array(3) {
  ["controller"] => string(8) "wp-admin"
  ["action"] => string(5) "index"
  ["module"] => string(7) "default"
}


--------------------------------------------------------------------------------
2019-04-26T09:51:34+00:00 ERR (3) 404 Seite nicht gefunden
REMOTE_ADDR: 103.255.31.81
HTTP_REFERER: 
requested: array(3) {
  ["controller"] => string(4) "test"
  ["action"] => string(8) "wp-admin"
  ["module"] => string(7) "default"
}


--------------------------------------------------------------------------------
2019-04-26T10:05:57+00:00 ERR (3) 404 Seite nicht gefunden
REMOTE_ADDR: 82.165.85.249
HTTP_REFERER: 
requested: array(3) {
  ["controller"] => string(4) "blog"
  ["action"] => string(8) "wp-admin"
  ["module"] => string(7) "default"
}


--------------------------------------------------------------------------------
2019-04-26T10:13:11+00:00 ERR (3) 404 Seite nicht gefunden
REMOTE_ADDR: 45.40.166.152
HTTP_REFERER: 
requested: array(3) {
  ["controller"] => string(2) "wp"
  ["action"] => string(8) "wp-admin"
  ["module"] => string(7) "default"
}


--------------------------------------------------------------------------------
2019-04-26T10:20:44+00:00 ERR (3) 404 Seite nicht gefunden
REMOTE_ADDR: 81.88.49.25
HTTP_REFERER: 
requested: array(3) {
  ["controller"] => string(3) "old"
  ["action"] => string(8) "wp-admin"
  ["module"] => string(7) "default"
}


--------------------------------------------------------------------------------
2019-04-26T23:29:10+00:00 ERR (3) 404 Seite nicht gefunden
REMOTE_ADDR: 51.15.125.181
HTTP_REFERER: 
requested: array(3) {
  ["controller"] => string(12) "wp-login.php"
  ["action"] => string(5) "index"
  ["module"] => string(7) "default"
}


--------------------------------------------------------------------------------
2019-04-26T23:29:11+00:00 ERR (3) 404 Seite nicht gefunden
REMOTE_ADDR: 51.15.125.181
HTTP_REFERER: 
requested: array(3) {
  ["controller"] => string(4) "user"
  ["action"] => string(8) "register"
  ["module"] => string(7) "default"
}


--------------------------------------------------------------------------------
