2017-08-12T02:36:25+00:00 ERR (3) 404 Seite nicht gefunden
REMOTE_ADDR: 66.172.120.110
HTTP_REFERER: 
requested: array(3) {
  ["controller"] => string(16) "sftp-config.json"
  ["action"] => string(5) "index"
  ["module"] => string(7) "default"
}


--------------------------------------------------------------------------------
2017-08-12T05:19:47+00:00 ERR (3) 404 Seite nicht gefunden
REMOTE_ADDR: 209.90.232.120
HTTP_REFERER: 
requested: array(3) {
  ["controller"] => string(6) "https:"
  ["action"] => string(19) "silber-und-blei.com"
  ["module"] => string(7) "default"
}


--------------------------------------------------------------------------------
2017-08-12T05:19:49+00:00 ERR (3) 404 Seite nicht gefunden
REMOTE_ADDR: 209.90.232.120
HTTP_REFERER: 
requested: array(3) {
  ["controller"] => string(2) "js"
  ["action"] => string(1) "'"
  ["module"] => string(7) "default"
}


--------------------------------------------------------------------------------
2017-08-12T10:23:58+00:00 ERR (3) 404 Seite nicht gefunden
REMOTE_ADDR: 209.90.232.120
HTTP_REFERER: 
requested: array(4) {
  ["controller"] => string(6) "https:"
  [""] => string(19) "silber-und-blei.com"
  ["action"] => string(5) "index"
  ["module"] => string(7) "default"
}


--------------------------------------------------------------------------------
2017-08-12T10:23:59+00:00 ERR (3) 404 Seite nicht gefunden
REMOTE_ADDR: 209.90.232.120
HTTP_REFERER: 
requested: array(3) {
  ["controller"] => string(2) "js"
  ["action"] => string(1) "'"
  ["module"] => string(7) "default"
}


--------------------------------------------------------------------------------
2017-08-12T17:45:31+00:00 ERR (3) 404 Seite nicht gefunden
REMOTE_ADDR: 209.90.232.106
HTTP_REFERER: 
requested: array(3) {
  ["controller"] => string(6) "https:"
  ["action"] => string(19) "silber-und-blei.com"
  ["module"] => string(7) "default"
}


--------------------------------------------------------------------------------
2017-08-12T17:45:34+00:00 ERR (3) 404 Seite nicht gefunden
REMOTE_ADDR: 209.90.232.106
HTTP_REFERER: 
requested: array(3) {
  ["controller"] => string(2) "js"
  ["action"] => string(1) "'"
  ["module"] => string(7) "default"
}


--------------------------------------------------------------------------------
2017-08-12T20:23:42+00:00 ERR (3) 404 Seite nicht gefunden
REMOTE_ADDR: 167.114.209.38
HTTP_REFERER: 
requested: array(3) {
  ["controller"] => string(11) "sitemap.xml"
  ["action"] => string(5) "index"
  ["module"] => string(7) "default"
}


--------------------------------------------------------------------------------
2017-08-12T21:23:39+00:00 ERR (3) 404 "hire-lasse" was not found.
REMOTE_ADDR: 66.249.76.72
HTTP_REFERER: 
requested: array(5) {
  ["lang"] => string(2) "de"
  ["action"] => string(4) "page"
  ["key"] => string(10) "hire-lasse"
  ["module"] => string(7) "default"
  ["controller"] => string(5) "index"
}


--------------------------------------------------------------------------------
