2018-06-19T00:33:08+00:00 ERR (3) 404 "competences" was not found.
REMOTE_ADDR: 23.237.4.26
HTTP_REFERER: 
requested: array(5) {
  ["lang"] => string(2) "de"
  ["action"] => string(4) "page"
  ["key"] => string(11) "competences"
  ["module"] => string(7) "default"
  ["controller"] => string(5) "index"
}


--------------------------------------------------------------------------------
2018-06-19T00:33:13+00:00 ERR (3) 404 "hire-lasse" was not found.
REMOTE_ADDR: 23.237.4.26
HTTP_REFERER: 
requested: array(5) {
  ["lang"] => string(2) "de"
  ["action"] => string(4) "page"
  ["key"] => string(10) "hire-lasse"
  ["module"] => string(7) "default"
  ["controller"] => string(5) "index"
}


--------------------------------------------------------------------------------
2018-06-19T00:33:54+00:00 ERR (3) 404 "competences" was not found.
REMOTE_ADDR: 23.237.4.26
HTTP_REFERER: 
requested: array(5) {
  ["lang"] => string(2) "en"
  ["action"] => string(4) "page"
  ["key"] => string(11) "competences"
  ["module"] => string(7) "default"
  ["controller"] => string(5) "index"
}


--------------------------------------------------------------------------------
2018-06-19T00:33:56+00:00 ERR (3) 404 "hire-lasse" was not found.
REMOTE_ADDR: 23.237.4.26
HTTP_REFERER: 
requested: array(5) {
  ["lang"] => string(2) "en"
  ["action"] => string(4) "page"
  ["key"] => string(10) "hire-lasse"
  ["module"] => string(7) "default"
  ["controller"] => string(5) "index"
}


--------------------------------------------------------------------------------
2018-06-19T12:29:04+00:00 ERR (3) 404 Seite nicht gefunden
REMOTE_ADDR: 213.127.9.205
HTTP_REFERER: 
requested: array(4) {
  ["controller"] => string(6) "https:"
  [""] => string(19) "silber-und-blei.com"
  ["action"] => string(5) "index"
  ["module"] => string(7) "default"
}


--------------------------------------------------------------------------------
2018-06-19T14:38:47+00:00 ERR (3) 404 Seite nicht gefunden
REMOTE_ADDR: 213.127.9.205
HTTP_REFERER: 
requested: array(3) {
  ["controller"] => string(6) "https:"
  ["action"] => string(19) "silber-und-blei.com"
  ["module"] => string(7) "default"
}


--------------------------------------------------------------------------------
2018-06-19T20:12:15+00:00 ERR (3) 404 Seite nicht gefunden
REMOTE_ADDR: 213.127.9.205
HTTP_REFERER: 
requested: array(4) {
  ["controller"] => string(6) "https:"
  [""] => string(19) "silber-und-blei.com"
  ["action"] => string(5) "index"
  ["module"] => string(7) "default"
}


--------------------------------------------------------------------------------
2018-06-19T22:17:40+00:00 ERR (3) 404 Seite nicht gefunden
REMOTE_ADDR: 213.127.9.205
HTTP_REFERER: 
requested: array(3) {
  ["controller"] => string(6) "https:"
  ["action"] => string(19) "silber-und-blei.com"
  ["module"] => string(7) "default"
}


--------------------------------------------------------------------------------
2018-06-19T23:29:53+00:00 ERR (3) 404 "competences" was not found.
REMOTE_ADDR: 18.207.1.92
HTTP_REFERER: 
requested: array(5) {
  ["lang"] => string(2) "de"
  ["action"] => string(4) "page"
  ["key"] => string(11) "competences"
  ["module"] => string(7) "default"
  ["controller"] => string(5) "index"
}


--------------------------------------------------------------------------------
2018-06-19T23:29:53+00:00 ERR (3) 404 "" was not found.
REMOTE_ADDR: 18.207.1.92
HTTP_REFERER: 
requested: array(5) {
  ["lang"] => string(2) "de"
  ["action"] => string(7) "archive"
  ["module"] => string(7) "default"
  ["controller"] => string(5) "index"
  ["key"] => string(0) ""
}


--------------------------------------------------------------------------------
2018-06-19T23:31:26+00:00 ERR (3) 404 "hire-lasse" was not found.
REMOTE_ADDR: 18.207.1.92
HTTP_REFERER: 
requested: array(5) {
  ["lang"] => string(2) "de"
  ["action"] => string(4) "page"
  ["key"] => string(10) "hire-lasse"
  ["module"] => string(7) "default"
  ["controller"] => string(5) "index"
}


--------------------------------------------------------------------------------
2018-06-19T23:32:59+00:00 ERR (3) 404 "competences" was not found.
REMOTE_ADDR: 18.207.1.92
HTTP_REFERER: 
requested: array(5) {
  ["lang"] => string(2) "en"
  ["action"] => string(4) "page"
  ["key"] => string(11) "competences"
  ["module"] => string(7) "default"
  ["controller"] => string(5) "index"
}


--------------------------------------------------------------------------------
2018-06-19T23:32:59+00:00 ERR (3) 404 "" was not found.
REMOTE_ADDR: 18.207.1.92
HTTP_REFERER: 
requested: array(5) {
  ["lang"] => string(2) "en"
  ["action"] => string(7) "archive"
  ["module"] => string(7) "default"
  ["controller"] => string(5) "index"
  ["key"] => string(0) ""
}


--------------------------------------------------------------------------------
2018-06-19T23:32:59+00:00 ERR (3) 404 "hire-lasse" was not found.
REMOTE_ADDR: 18.207.1.92
HTTP_REFERER: 
requested: array(5) {
  ["lang"] => string(2) "en"
  ["action"] => string(4) "page"
  ["key"] => string(10) "hire-lasse"
  ["module"] => string(7) "default"
  ["controller"] => string(5) "index"
}


--------------------------------------------------------------------------------
