2018-09-26T02:05:38+00:00 ERR (3) 404 "de" was not found.
REMOTE_ADDR: 216.244.66.228
HTTP_REFERER: 
requested: array(5) {
  ["lang"] => string(2) "de"
  ["action"] => string(4) "page"
  ["key"] => string(2) "de"
  ["module"] => string(7) "default"
  ["controller"] => string(5) "index"
}


--------------------------------------------------------------------------------
2018-09-26T03:29:57+00:00 ERR (3) 404 Seite nicht gefunden
REMOTE_ADDR: 182.61.10.181
HTTP_REFERER: 
requested: array(3) {
  ["controller"] => string(7) "console"
  ["action"] => string(5) "index"
  ["module"] => string(7) "default"
}


--------------------------------------------------------------------------------
2018-09-26T03:29:59+00:00 ERR (3) 404 Seite nicht gefunden
REMOTE_ADDR: 182.61.10.181
HTTP_REFERER: 
requested: array(3) {
  ["controller"] => string(10) "phpmyadmin"
  ["action"] => string(7) "scripts"
  ["module"] => string(7) "default"
}


--------------------------------------------------------------------------------
2018-09-26T03:29:59+00:00 ERR (3) 404 Seite nicht gefunden
REMOTE_ADDR: 182.61.10.181
HTTP_REFERER: 
requested: array(3) {
  ["controller"] => string(11) "STRUTS_STRU"
  ["action"] => string(5) "index"
  ["module"] => string(7) "default"
}


--------------------------------------------------------------------------------
2018-09-26T04:30:56+00:00 ERR (3) 404 Seite nicht gefunden
REMOTE_ADDR: 193.112.215.160
HTTP_REFERER: 
requested: array(3) {
  ["controller"] => string(7) "console"
  ["action"] => string(5) "index"
  ["module"] => string(7) "default"
}


--------------------------------------------------------------------------------
2018-09-26T04:31:01+00:00 ERR (3) 404 Seite nicht gefunden
REMOTE_ADDR: 193.112.215.160
HTTP_REFERER: 
requested: array(3) {
  ["controller"] => string(10) "phpmyadmin"
  ["action"] => string(7) "scripts"
  ["module"] => string(7) "default"
}


--------------------------------------------------------------------------------
2018-09-26T04:31:03+00:00 ERR (3) 404 Seite nicht gefunden
REMOTE_ADDR: 193.112.215.160
HTTP_REFERER: 
requested: array(3) {
  ["controller"] => string(11) "STRUTS_STRU"
  ["action"] => string(5) "index"
  ["module"] => string(7) "default"
}


--------------------------------------------------------------------------------
2018-09-26T06:35:09+00:00 ERR (3) 404 Page not found
REMOTE_ADDR: 95.181.179.200
HTTP_REFERER: http://www.graphicore.de/forum/index.php
requested: array(3) {
  ["controller"] => string(5) "forum"
  ["action"] => string(9) "index.php"
  ["module"] => string(7) "default"
}


--------------------------------------------------------------------------------
2018-09-26T09:44:41+00:00 ERR (3) 404 Seite nicht gefunden
REMOTE_ADDR: 66.249.66.200
HTTP_REFERER: 
requested: array(4) {
  ["controller"] => string(5) "diary"
  ["action"] => string(29) "tag:graphicore.de,2014-02-27:"
  ["diary"] => string(27) "20140227115040530f26907c1a8"
  ["module"] => string(7) "default"
}


--------------------------------------------------------------------------------
2018-09-26T15:16:03+00:00 ERR (3) 404 Page not found
REMOTE_ADDR: 209.90.225.227
HTTP_REFERER: http://graphicore.de/wp-content/plugins/wpstorecart/readme.txt
requested: array(4) {
  ["controller"] => string(10) "wp-content"
  ["action"] => string(7) "plugins"
  ["wpstorecart"] => string(10) "readme.txt"
  ["module"] => string(7) "default"
}


--------------------------------------------------------------------------------
2018-09-26T17:17:06+00:00 ERR (3) 404 Seite nicht gefunden
REMOTE_ADDR: 103.63.215.102
HTTP_REFERER: 
requested: array(3) {
  ["controller"] => string(10) "phpMyAdmin"
  ["action"] => string(7) "scripts"
  ["module"] => string(7) "default"
}


--------------------------------------------------------------------------------
2018-09-26T17:17:12+00:00 ERR (3) 404 Seite nicht gefunden
REMOTE_ADDR: 103.63.215.102
HTTP_REFERER: 
requested: array(3) {
  ["controller"] => string(7) "scripts"
  ["action"] => string(9) "setup.php"
  ["module"] => string(7) "default"
}


--------------------------------------------------------------------------------
2018-09-26T17:17:16+00:00 ERR (3) 404 Seite nicht gefunden
REMOTE_ADDR: 103.63.215.102
HTTP_REFERER: 
requested: array(3) {
  ["controller"] => string(3) "pma"
  ["action"] => string(7) "scripts"
  ["module"] => string(7) "default"
}


--------------------------------------------------------------------------------
2018-09-26T17:17:22+00:00 ERR (3) 404 Seite nicht gefunden
REMOTE_ADDR: 103.63.215.102
HTTP_REFERER: 
requested: array(3) {
  ["controller"] => string(10) "xmlrpc.php"
  ["action"] => string(5) "index"
  ["module"] => string(7) "default"
}


--------------------------------------------------------------------------------
2018-09-26T17:32:52+00:00 ERR (3) 404 Seite nicht gefunden
REMOTE_ADDR: 158.69.208.212
HTTP_REFERER: 
requested: array(3) {
  ["controller"] => string(10) "phpMyAdmin"
  ["action"] => string(7) "scripts"
  ["module"] => string(7) "default"
}


--------------------------------------------------------------------------------
2018-09-26T17:32:52+00:00 ERR (3) 404 Seite nicht gefunden
REMOTE_ADDR: 158.69.208.212
HTTP_REFERER: 
requested: array(3) {
  ["controller"] => string(7) "scripts"
  ["action"] => string(9) "setup.php"
  ["module"] => string(7) "default"
}


--------------------------------------------------------------------------------
2018-09-26T17:32:53+00:00 ERR (3) 404 Seite nicht gefunden
REMOTE_ADDR: 158.69.208.212
HTTP_REFERER: 
requested: array(3) {
  ["controller"] => string(3) "pma"
  ["action"] => string(7) "scripts"
  ["module"] => string(7) "default"
}


--------------------------------------------------------------------------------
2018-09-26T17:32:56+00:00 ERR (3) 404 Seite nicht gefunden
REMOTE_ADDR: 158.69.208.212
HTTP_REFERER: 
requested: array(3) {
  ["controller"] => string(10) "xmlrpc.php"
  ["action"] => string(5) "index"
  ["module"] => string(7) "default"
}


--------------------------------------------------------------------------------
2018-09-26T17:47:13+00:00 ERR (3) 404 Seite nicht gefunden
REMOTE_ADDR: 106.75.232.124
HTTP_REFERER: 
requested: array(3) {
  ["controller"] => string(10) "phpMyAdmin"
  ["action"] => string(7) "scripts"
  ["module"] => string(7) "default"
}


--------------------------------------------------------------------------------
2018-09-26T17:47:15+00:00 ERR (3) 404 Seite nicht gefunden
REMOTE_ADDR: 106.75.232.124
HTTP_REFERER: 
requested: array(3) {
  ["controller"] => string(7) "scripts"
  ["action"] => string(9) "setup.php"
  ["module"] => string(7) "default"
}


--------------------------------------------------------------------------------
2018-09-26T17:47:17+00:00 ERR (3) 404 Seite nicht gefunden
REMOTE_ADDR: 106.75.232.124
HTTP_REFERER: 
requested: array(3) {
  ["controller"] => string(3) "pma"
  ["action"] => string(7) "scripts"
  ["module"] => string(7) "default"
}


--------------------------------------------------------------------------------
2018-09-26T17:47:19+00:00 ERR (3) 404 Seite nicht gefunden
REMOTE_ADDR: 106.75.232.124
HTTP_REFERER: 
requested: array(3) {
  ["controller"] => string(10) "xmlrpc.php"
  ["action"] => string(5) "index"
  ["module"] => string(7) "default"
}


--------------------------------------------------------------------------------
2018-09-26T19:31:38+00:00 ERR (3) 404 Seite nicht gefunden
REMOTE_ADDR: 83.212.113.127
HTTP_REFERER: 
requested: array(3) {
  ["controller"] => string(10) "phpMyAdmin"
  ["action"] => string(7) "scripts"
  ["module"] => string(7) "default"
}


--------------------------------------------------------------------------------
2018-09-26T19:31:39+00:00 ERR (3) 404 Seite nicht gefunden
REMOTE_ADDR: 83.212.113.127
HTTP_REFERER: 
requested: array(3) {
  ["controller"] => string(7) "scripts"
  ["action"] => string(9) "setup.php"
  ["module"] => string(7) "default"
}


--------------------------------------------------------------------------------
2018-09-26T19:31:39+00:00 ERR (3) 404 Seite nicht gefunden
REMOTE_ADDR: 83.212.113.127
HTTP_REFERER: 
requested: array(3) {
  ["controller"] => string(3) "pma"
  ["action"] => string(7) "scripts"
  ["module"] => string(7) "default"
}


--------------------------------------------------------------------------------
2018-09-26T19:31:40+00:00 ERR (3) 404 Seite nicht gefunden
REMOTE_ADDR: 83.212.113.127
HTTP_REFERER: 
requested: array(3) {
  ["controller"] => string(10) "xmlrpc.php"
  ["action"] => string(5) "index"
  ["module"] => string(7) "default"
}


--------------------------------------------------------------------------------
2018-09-26T21:14:02+00:00 ERR (3) 404 Seite nicht gefunden
REMOTE_ADDR: 5.103.116.50
HTTP_REFERER: 
requested: array(3) {
  ["controller"] => string(10) "phpMyAdmin"
  ["action"] => string(7) "scripts"
  ["module"] => string(7) "default"
}


--------------------------------------------------------------------------------
2018-09-26T21:14:02+00:00 ERR (3) 404 Seite nicht gefunden
REMOTE_ADDR: 5.103.116.50
HTTP_REFERER: 
requested: array(3) {
  ["controller"] => string(7) "scripts"
  ["action"] => string(9) "setup.php"
  ["module"] => string(7) "default"
}


--------------------------------------------------------------------------------
2018-09-26T21:14:03+00:00 ERR (3) 404 Seite nicht gefunden
REMOTE_ADDR: 5.103.116.50
HTTP_REFERER: 
requested: array(3) {
  ["controller"] => string(3) "pma"
  ["action"] => string(7) "scripts"
  ["module"] => string(7) "default"
}


--------------------------------------------------------------------------------
2018-09-26T21:14:03+00:00 ERR (3) 404 Seite nicht gefunden
REMOTE_ADDR: 5.103.116.50
HTTP_REFERER: 
requested: array(3) {
  ["controller"] => string(10) "xmlrpc.php"
  ["action"] => string(5) "index"
  ["module"] => string(7) "default"
}


--------------------------------------------------------------------------------
