2011-04-25T08:14:19+00:00 ERR (3) 404 "topic" was not found.
REMOTE_ADDR: 78.159.121.103
HTTP_REFERER: http://graphicore.de/de/index/topic/intern/news/
requested: array(6) {
  ["lang"] => string(2) "de"
  ["action"] => string(5) "index"
  ["key"] => string(5) "topic"
  ["intern"] => string(4) "news"
  ["module"] => string(7) "default"
  ["controller"] => string(5) "index"
}


--------------------------------------------------------------------------------
2011-04-25T12:27:32+00:00 ERR (3) 404 Seite nicht gefunden
REMOTE_ADDR: 80.57.215.149
HTTP_REFERER: 
requested: array(3) {
  ["controller"] => string(10) "javascript"
  ["action"] => string(1) "'"
  ["module"] => string(7) "default"
}


--------------------------------------------------------------------------------
