2017-11-12T00:22:04+00:00 ERR (3) 404 Seite nicht gefunden
REMOTE_ADDR: 94.132.48.141
HTTP_REFERER: 
requested: array(3) {
  ["controller"] => string(12) "wp-login.php"
  ["action"] => string(5) "index"
  ["module"] => string(7) "default"
}


--------------------------------------------------------------------------------
2017-11-12T00:45:08+00:00 ERR (3) 404 Seite nicht gefunden
REMOTE_ADDR: 70.81.107.35
HTTP_REFERER: 
requested: array(3) {
  ["controller"] => string(12) "wp-login.php"
  ["action"] => string(5) "index"
  ["module"] => string(7) "default"
}


--------------------------------------------------------------------------------
2017-11-12T00:53:38+00:00 ERR (3) 404 Seite nicht gefunden
REMOTE_ADDR: 190.48.64.134
HTTP_REFERER: 
requested: array(3) {
  ["controller"] => string(12) "wp-login.php"
  ["action"] => string(5) "index"
  ["module"] => string(7) "default"
}


--------------------------------------------------------------------------------
2017-11-12T01:15:40+00:00 ERR (3) 404 Seite nicht gefunden
REMOTE_ADDR: 178.19.170.150
HTTP_REFERER: 
requested: array(3) {
  ["controller"] => string(12) "wp-login.php"
  ["action"] => string(5) "index"
  ["module"] => string(7) "default"
}


--------------------------------------------------------------------------------
2017-11-12T01:35:00+00:00 ERR (3) 404 Seite nicht gefunden
REMOTE_ADDR: 78.154.143.158
HTTP_REFERER: 
requested: array(3) {
  ["controller"] => string(12) "wp-login.php"
  ["action"] => string(5) "index"
  ["module"] => string(7) "default"
}


--------------------------------------------------------------------------------
2017-11-12T01:45:48+00:00 ERR (3) 404 Seite nicht gefunden
REMOTE_ADDR: 116.109.1.127
HTTP_REFERER: 
requested: array(3) {
  ["controller"] => string(12) "wp-login.php"
  ["action"] => string(5) "index"
  ["module"] => string(7) "default"
}


--------------------------------------------------------------------------------
2017-11-12T02:10:50+00:00 ERR (3) 404 Seite nicht gefunden
REMOTE_ADDR: 180.191.158.28
HTTP_REFERER: 
requested: array(3) {
  ["controller"] => string(12) "wp-login.php"
  ["action"] => string(5) "index"
  ["module"] => string(7) "default"
}


--------------------------------------------------------------------------------
2017-11-12T02:51:52+00:00 ERR (3) 404 Seite nicht gefunden
REMOTE_ADDR: 202.188.82.155
HTTP_REFERER: 
requested: array(3) {
  ["controller"] => string(12) "wp-login.php"
  ["action"] => string(5) "index"
  ["module"] => string(7) "default"
}


--------------------------------------------------------------------------------
2017-11-12T02:56:10+00:00 ERR (3) 404 Seite nicht gefunden
REMOTE_ADDR: 103.196.139.254
HTTP_REFERER: 
requested: array(3) {
  ["controller"] => string(12) "wp-login.php"
  ["action"] => string(5) "index"
  ["module"] => string(7) "default"
}


--------------------------------------------------------------------------------
2017-11-12T03:20:11+00:00 ERR (3) 404 Seite nicht gefunden
REMOTE_ADDR: 175.158.201.21
HTTP_REFERER: 
requested: array(3) {
  ["controller"] => string(12) "wp-login.php"
  ["action"] => string(5) "index"
  ["module"] => string(7) "default"
}


--------------------------------------------------------------------------------
2017-11-12T03:33:58+00:00 ERR (3) 404 Seite nicht gefunden
REMOTE_ADDR: 190.107.243.218
HTTP_REFERER: 
requested: array(3) {
  ["controller"] => string(12) "wp-login.php"
  ["action"] => string(5) "index"
  ["module"] => string(7) "default"
}


--------------------------------------------------------------------------------
2017-11-12T04:15:49+00:00 ERR (3) 404 Seite nicht gefunden
REMOTE_ADDR: 95.210.243.251
HTTP_REFERER: 
requested: array(3) {
  ["controller"] => string(12) "wp-login.php"
  ["action"] => string(5) "index"
  ["module"] => string(7) "default"
}


--------------------------------------------------------------------------------
2017-11-12T04:18:41+00:00 ERR (3) 404 Seite nicht gefunden
REMOTE_ADDR: 81.47.64.182
HTTP_REFERER: 
requested: array(3) {
  ["controller"] => string(12) "wp-login.php"
  ["action"] => string(5) "index"
  ["module"] => string(7) "default"
}


--------------------------------------------------------------------------------
2017-11-12T04:34:25+00:00 ERR (3) 404 Seite nicht gefunden
REMOTE_ADDR: 190.9.209.192
HTTP_REFERER: 
requested: array(3) {
  ["controller"] => string(12) "wp-login.php"
  ["action"] => string(5) "index"
  ["module"] => string(7) "default"
}


--------------------------------------------------------------------------------
2017-11-12T04:51:28+00:00 ERR (3) 404 Seite nicht gefunden
REMOTE_ADDR: 94.21.70.223
HTTP_REFERER: 
requested: array(3) {
  ["controller"] => string(12) "wp-login.php"
  ["action"] => string(5) "index"
  ["module"] => string(7) "default"
}


--------------------------------------------------------------------------------
2017-11-12T05:24:22+00:00 ERR (3) 404 Seite nicht gefunden
REMOTE_ADDR: 151.73.54.33
HTTP_REFERER: 
requested: array(3) {
  ["controller"] => string(12) "wp-login.php"
  ["action"] => string(5) "index"
  ["module"] => string(7) "default"
}


--------------------------------------------------------------------------------
2017-11-12T06:03:10+00:00 ERR (3) 404 Seite nicht gefunden
REMOTE_ADDR: 37.187.120.135
HTTP_REFERER: 
requested: array(3) {
  ["controller"] => string(12) "wp-login.php"
  ["action"] => string(5) "index"
  ["module"] => string(7) "default"
}


--------------------------------------------------------------------------------
2017-11-12T06:31:23+00:00 ERR (3) 404 Seite nicht gefunden
REMOTE_ADDR: 103.212.118.198
HTTP_REFERER: 
requested: array(3) {
  ["controller"] => string(12) "wp-login.php"
  ["action"] => string(5) "index"
  ["module"] => string(7) "default"
}


--------------------------------------------------------------------------------
2017-11-12T06:44:28+00:00 ERR (3) 404 Seite nicht gefunden
REMOTE_ADDR: 112.205.206.247
HTTP_REFERER: 
requested: array(3) {
  ["controller"] => string(12) "wp-login.php"
  ["action"] => string(5) "index"
  ["module"] => string(7) "default"
}


--------------------------------------------------------------------------------
2017-11-12T06:50:51+00:00 ERR (3) 404 Seite nicht gefunden
REMOTE_ADDR: 93.156.100.84
HTTP_REFERER: 
requested: array(3) {
  ["controller"] => string(12) "wp-login.php"
  ["action"] => string(5) "index"
  ["module"] => string(7) "default"
}


--------------------------------------------------------------------------------
2017-11-12T06:55:40+00:00 ERR (3) 404 Seite nicht gefunden
REMOTE_ADDR: 115.167.71.153
HTTP_REFERER: 
requested: array(3) {
  ["controller"] => string(12) "wp-login.php"
  ["action"] => string(5) "index"
  ["module"] => string(7) "default"
}


--------------------------------------------------------------------------------
2017-11-12T07:06:45+00:00 ERR (3) 404 Seite nicht gefunden
REMOTE_ADDR: 183.82.133.212
HTTP_REFERER: 
requested: array(3) {
  ["controller"] => string(12) "wp-login.php"
  ["action"] => string(5) "index"
  ["module"] => string(7) "default"
}


--------------------------------------------------------------------------------
2017-11-12T07:58:38+00:00 ERR (3) 404 Seite nicht gefunden
REMOTE_ADDR: 223.167.0.50
HTTP_REFERER: 
requested: array(3) {
  ["controller"] => string(12) "wp-login.php"
  ["action"] => string(5) "index"
  ["module"] => string(7) "default"
}


--------------------------------------------------------------------------------
2017-11-12T08:34:37+00:00 ERR (3) 404 Seite nicht gefunden
REMOTE_ADDR: 73.248.50.38
HTTP_REFERER: 
requested: array(3) {
  ["controller"] => string(12) "wp-login.php"
  ["action"] => string(5) "index"
  ["module"] => string(7) "default"
}


--------------------------------------------------------------------------------
2017-11-12T08:42:38+00:00 ERR (3) 404 Seite nicht gefunden
REMOTE_ADDR: 86.11.50.128
HTTP_REFERER: 
requested: array(3) {
  ["controller"] => string(12) "wp-login.php"
  ["action"] => string(5) "index"
  ["module"] => string(7) "default"
}


--------------------------------------------------------------------------------
2017-11-12T08:48:33+00:00 ERR (3) 404 Seite nicht gefunden
REMOTE_ADDR: 178.200.61.141
HTTP_REFERER: 
requested: array(3) {
  ["controller"] => string(12) "wp-login.php"
  ["action"] => string(5) "index"
  ["module"] => string(7) "default"
}


--------------------------------------------------------------------------------
2017-11-12T08:58:59+00:00 ERR (3) 404 Seite nicht gefunden
REMOTE_ADDR: 109.8.173.16
HTTP_REFERER: 
requested: array(3) {
  ["controller"] => string(12) "wp-login.php"
  ["action"] => string(5) "index"
  ["module"] => string(7) "default"
}


--------------------------------------------------------------------------------
2017-11-12T09:06:07+00:00 ERR (3) 404 Seite nicht gefunden
REMOTE_ADDR: 94.76.46.203
HTTP_REFERER: 
requested: array(3) {
  ["controller"] => string(12) "wp-login.php"
  ["action"] => string(5) "index"
  ["module"] => string(7) "default"
}


--------------------------------------------------------------------------------
2017-11-12T09:31:08+00:00 ERR (3) 404 Seite nicht gefunden
REMOTE_ADDR: 86.89.200.1
HTTP_REFERER: 
requested: array(3) {
  ["controller"] => string(12) "wp-login.php"
  ["action"] => string(5) "index"
  ["module"] => string(7) "default"
}


--------------------------------------------------------------------------------
2017-11-12T09:39:11+00:00 ERR (3) 404 Seite nicht gefunden
REMOTE_ADDR: 46.214.149.201
HTTP_REFERER: 
requested: array(3) {
  ["controller"] => string(12) "wp-login.php"
  ["action"] => string(5) "index"
  ["module"] => string(7) "default"
}


--------------------------------------------------------------------------------
2017-11-12T09:51:06+00:00 ERR (3) 404 Seite nicht gefunden
REMOTE_ADDR: 82.50.47.43
HTTP_REFERER: 
requested: array(3) {
  ["controller"] => string(12) "wp-login.php"
  ["action"] => string(5) "index"
  ["module"] => string(7) "default"
}


--------------------------------------------------------------------------------
2017-11-12T10:14:21+00:00 ERR (3) 404 Seite nicht gefunden
REMOTE_ADDR: 112.134.3.141
HTTP_REFERER: 
requested: array(3) {
  ["controller"] => string(12) "wp-login.php"
  ["action"] => string(5) "index"
  ["module"] => string(7) "default"
}


--------------------------------------------------------------------------------
2017-11-12T10:14:57+00:00 ERR (3) 404 Seite nicht gefunden
REMOTE_ADDR: 46.193.2.84
HTTP_REFERER: 
requested: array(3) {
  ["controller"] => string(12) "wp-login.php"
  ["action"] => string(5) "index"
  ["module"] => string(7) "default"
}


--------------------------------------------------------------------------------
2017-11-12T10:18:48+00:00 ERR (3) 404 Seite nicht gefunden
REMOTE_ADDR: 174.7.172.71
HTTP_REFERER: 
requested: array(3) {
  ["controller"] => string(12) "wp-login.php"
  ["action"] => string(5) "index"
  ["module"] => string(7) "default"
}


--------------------------------------------------------------------------------
2017-11-12T10:22:46+00:00 ERR (3) 404 Seite nicht gefunden
REMOTE_ADDR: 118.101.40.121
HTTP_REFERER: 
requested: array(3) {
  ["controller"] => string(12) "wp-login.php"
  ["action"] => string(5) "index"
  ["module"] => string(7) "default"
}


--------------------------------------------------------------------------------
2017-11-12T10:46:58+00:00 ERR (3) 404 Seite nicht gefunden
REMOTE_ADDR: 79.144.112.104
HTTP_REFERER: 
requested: array(3) {
  ["controller"] => string(12) "wp-login.php"
  ["action"] => string(5) "index"
  ["module"] => string(7) "default"
}


--------------------------------------------------------------------------------
2017-11-12T11:12:01+00:00 ERR (3) 404 Seite nicht gefunden
REMOTE_ADDR: 112.211.163.213
HTTP_REFERER: 
requested: array(3) {
  ["controller"] => string(12) "wp-login.php"
  ["action"] => string(5) "index"
  ["module"] => string(7) "default"
}


--------------------------------------------------------------------------------
2017-11-12T11:31:40+00:00 ERR (3) 404 Seite nicht gefunden
REMOTE_ADDR: 115.187.33.68
HTTP_REFERER: 
requested: array(3) {
  ["controller"] => string(12) "wp-login.php"
  ["action"] => string(5) "index"
  ["module"] => string(7) "default"
}


--------------------------------------------------------------------------------
2017-11-12T11:41:11+00:00 ERR (3) 404 Seite nicht gefunden
REMOTE_ADDR: 188.154.26.156
HTTP_REFERER: 
requested: array(3) {
  ["controller"] => string(12) "wp-login.php"
  ["action"] => string(5) "index"
  ["module"] => string(7) "default"
}


--------------------------------------------------------------------------------
2017-11-12T11:44:04+00:00 ERR (3) 404 Seite nicht gefunden
REMOTE_ADDR: 62.205.119.14
HTTP_REFERER: 
requested: array(3) {
  ["controller"] => string(12) "wp-login.php"
  ["action"] => string(5) "index"
  ["module"] => string(7) "default"
}


--------------------------------------------------------------------------------
2017-11-12T11:53:28+00:00 ERR (3) 404 Seite nicht gefunden
REMOTE_ADDR: 183.82.208.176
HTTP_REFERER: 
requested: array(3) {
  ["controller"] => string(12) "wp-login.php"
  ["action"] => string(5) "index"
  ["module"] => string(7) "default"
}


--------------------------------------------------------------------------------
2017-11-12T12:33:52+00:00 ERR (3) 404 Seite nicht gefunden
REMOTE_ADDR: 45.244.171.93
HTTP_REFERER: 
requested: array(3) {
  ["controller"] => string(12) "wp-login.php"
  ["action"] => string(5) "index"
  ["module"] => string(7) "default"
}


--------------------------------------------------------------------------------
2017-11-12T12:39:46+00:00 ERR (3) 404 Seite nicht gefunden
REMOTE_ADDR: 157.119.217.106
HTTP_REFERER: 
requested: array(3) {
  ["controller"] => string(12) "wp-login.php"
  ["action"] => string(5) "index"
  ["module"] => string(7) "default"
}


--------------------------------------------------------------------------------
2017-11-12T12:51:57+00:00 ERR (3) 404 Seite nicht gefunden
REMOTE_ADDR: 24.211.60.110
HTTP_REFERER: 
requested: array(3) {
  ["controller"] => string(12) "wp-login.php"
  ["action"] => string(5) "index"
  ["module"] => string(7) "default"
}


--------------------------------------------------------------------------------
2017-11-12T13:03:04+00:00 ERR (3) 404 Seite nicht gefunden
REMOTE_ADDR: 92.53.28.216
HTTP_REFERER: 
requested: array(3) {
  ["controller"] => string(12) "wp-login.php"
  ["action"] => string(5) "index"
  ["module"] => string(7) "default"
}


--------------------------------------------------------------------------------
2017-11-12T13:08:43+00:00 ERR (3) 404 Seite nicht gefunden
REMOTE_ADDR: 49.146.1.168
HTTP_REFERER: 
requested: array(3) {
  ["controller"] => string(12) "wp-login.php"
  ["action"] => string(5) "index"
  ["module"] => string(7) "default"
}


--------------------------------------------------------------------------------
2017-11-12T13:21:05+00:00 ERR (3) 404 Seite nicht gefunden
REMOTE_ADDR: 117.98.180.253
HTTP_REFERER: 
requested: array(3) {
  ["controller"] => string(12) "wp-login.php"
  ["action"] => string(5) "index"
  ["module"] => string(7) "default"
}


--------------------------------------------------------------------------------
2017-11-12T13:32:36+00:00 ERR (3) 404 Seite nicht gefunden
REMOTE_ADDR: 179.110.25.160
HTTP_REFERER: 
requested: array(3) {
  ["controller"] => string(12) "wp-login.php"
  ["action"] => string(5) "index"
  ["module"] => string(7) "default"
}


--------------------------------------------------------------------------------
2017-11-12T13:33:41+00:00 ERR (3) 404 Seite nicht gefunden
REMOTE_ADDR: 176.87.37.126
HTTP_REFERER: 
requested: array(3) {
  ["controller"] => string(12) "wp-login.php"
  ["action"] => string(5) "index"
  ["module"] => string(7) "default"
}


--------------------------------------------------------------------------------
2017-11-12T13:56:13+00:00 ERR (3) 404 Seite nicht gefunden
REMOTE_ADDR: 81.218.208.65
HTTP_REFERER: 
requested: array(3) {
  ["controller"] => string(12) "wp-login.php"
  ["action"] => string(5) "index"
  ["module"] => string(7) "default"
}


--------------------------------------------------------------------------------
2017-11-12T14:30:52+00:00 ERR (3) 404 Seite nicht gefunden
REMOTE_ADDR: 112.205.201.36
HTTP_REFERER: 
requested: array(3) {
  ["controller"] => string(12) "wp-login.php"
  ["action"] => string(5) "index"
  ["module"] => string(7) "default"
}


--------------------------------------------------------------------------------
2017-11-12T14:58:57+00:00 ERR (3) 404 Seite nicht gefunden
REMOTE_ADDR: 139.47.4.236
HTTP_REFERER: 
requested: array(3) {
  ["controller"] => string(12) "wp-login.php"
  ["action"] => string(5) "index"
  ["module"] => string(7) "default"
}


--------------------------------------------------------------------------------
2017-11-12T15:10:34+00:00 ERR (3) 404 Seite nicht gefunden
REMOTE_ADDR: 42.51.41.3
HTTP_REFERER: 
requested: array(3) {
  ["controller"] => string(8) "kbuqdede"
  ["action"] => string(3) "inc"
  ["module"] => string(7) "default"
}


--------------------------------------------------------------------------------
2017-11-12T15:10:35+00:00 ERR (3) 404 Seite nicht gefunden
REMOTE_ADDR: 42.51.41.3
HTTP_REFERER: 
requested: array(3) {
  ["controller"] => string(4) "dede"
  ["action"] => string(3) "inc"
  ["module"] => string(7) "default"
}


--------------------------------------------------------------------------------
2017-11-12T15:10:36+00:00 ERR (3) 404 Seite nicht gefunden
REMOTE_ADDR: 42.51.41.3
HTTP_REFERER: 
requested: array(3) {
  ["controller"] => string(4) "dede"
  ["action"] => string(3) "inc"
  ["module"] => string(7) "default"
}


--------------------------------------------------------------------------------
2017-11-12T15:10:39+00:00 ERR (3) 404 Seite nicht gefunden
REMOTE_ADDR: 42.51.41.3
HTTP_REFERER: 
requested: array(3) {
  ["controller"] => string(9) "ghdyadmin"
  ["action"] => string(3) "inc"
  ["module"] => string(7) "default"
}


--------------------------------------------------------------------------------
2017-11-12T15:10:40+00:00 ERR (3) 404 Seite nicht gefunden
REMOTE_ADDR: 42.51.41.3
HTTP_REFERER: 
requested: array(3) {
  ["controller"] => string(5) "admin"
  ["action"] => string(3) "inc"
  ["module"] => string(7) "default"
}


--------------------------------------------------------------------------------
2017-11-12T15:10:41+00:00 ERR (3) 404 Seite nicht gefunden
REMOTE_ADDR: 42.51.41.3
HTTP_REFERER: 
requested: array(3) {
  ["controller"] => string(5) "admin"
  ["action"] => string(3) "inc"
  ["module"] => string(7) "default"
}


--------------------------------------------------------------------------------
2017-11-12T15:29:07+00:00 ERR (3) 404 Seite nicht gefunden
REMOTE_ADDR: 173.27.95.105
HTTP_REFERER: 
requested: array(3) {
  ["controller"] => string(12) "wp-login.php"
  ["action"] => string(5) "index"
  ["module"] => string(7) "default"
}


--------------------------------------------------------------------------------
2017-11-12T16:20:00+00:00 ERR (3) 404 Seite nicht gefunden
REMOTE_ADDR: 110.232.92.2
HTTP_REFERER: 
requested: array(3) {
  ["controller"] => string(12) "wp-login.php"
  ["action"] => string(5) "index"
  ["module"] => string(7) "default"
}


--------------------------------------------------------------------------------
2017-11-12T16:28:52+00:00 ERR (3) 404 Seite nicht gefunden
REMOTE_ADDR: 39.46.65.209
HTTP_REFERER: 
requested: array(3) {
  ["controller"] => string(12) "wp-login.php"
  ["action"] => string(5) "index"
  ["module"] => string(7) "default"
}


--------------------------------------------------------------------------------
2017-11-12T16:39:55+00:00 ERR (3) 404 Seite nicht gefunden
REMOTE_ADDR: 183.81.12.128
HTTP_REFERER: 
requested: array(3) {
  ["controller"] => string(12) "wp-login.php"
  ["action"] => string(5) "index"
  ["module"] => string(7) "default"
}


--------------------------------------------------------------------------------
2017-11-12T16:45:02+00:00 ERR (3) 404 Seite nicht gefunden
REMOTE_ADDR: 148.101.82.124
HTTP_REFERER: 
requested: array(3) {
  ["controller"] => string(12) "wp-login.php"
  ["action"] => string(5) "index"
  ["module"] => string(7) "default"
}


--------------------------------------------------------------------------------
2017-11-12T16:53:24+00:00 ERR (3) 404 Seite nicht gefunden
REMOTE_ADDR: 166.48.45.35
HTTP_REFERER: 
requested: array(3) {
  ["controller"] => string(12) "wp-login.php"
  ["action"] => string(5) "index"
  ["module"] => string(7) "default"
}


--------------------------------------------------------------------------------
2017-11-12T16:56:53+00:00 ERR (3) 404 Seite nicht gefunden
REMOTE_ADDR: 183.83.85.246
HTTP_REFERER: 
requested: array(3) {
  ["controller"] => string(12) "wp-login.php"
  ["action"] => string(5) "index"
  ["module"] => string(7) "default"
}


--------------------------------------------------------------------------------
2017-11-12T16:59:22+00:00 ERR (3) 404 Seite nicht gefunden
REMOTE_ADDR: 179.216.253.138
HTTP_REFERER: 
requested: array(3) {
  ["controller"] => string(12) "wp-login.php"
  ["action"] => string(5) "index"
  ["module"] => string(7) "default"
}


--------------------------------------------------------------------------------
2017-11-12T17:07:49+00:00 ERR (3) 404 Seite nicht gefunden
REMOTE_ADDR: 88.9.138.80
HTTP_REFERER: 
requested: array(3) {
  ["controller"] => string(12) "wp-login.php"
  ["action"] => string(5) "index"
  ["module"] => string(7) "default"
}


--------------------------------------------------------------------------------
2017-11-12T17:11:03+00:00 ERR (3) 404 Seite nicht gefunden
REMOTE_ADDR: 95.91.215.188
HTTP_REFERER: 
requested: array(3) {
  ["controller"] => string(12) "wp-login.php"
  ["action"] => string(5) "index"
  ["module"] => string(7) "default"
}


--------------------------------------------------------------------------------
2017-11-12T17:19:59+00:00 ERR (3) 404 Seite nicht gefunden
REMOTE_ADDR: 194.126.31.22
HTTP_REFERER: 
requested: array(3) {
  ["controller"] => string(12) "wp-login.php"
  ["action"] => string(5) "index"
  ["module"] => string(7) "default"
}


--------------------------------------------------------------------------------
2017-11-12T17:33:14+00:00 ERR (3) 404 Seite nicht gefunden
REMOTE_ADDR: 162.236.168.184
HTTP_REFERER: 
requested: array(3) {
  ["controller"] => string(12) "wp-login.php"
  ["action"] => string(5) "index"
  ["module"] => string(7) "default"
}


--------------------------------------------------------------------------------
2017-11-12T18:06:16+00:00 ERR (3) 404 Seite nicht gefunden
REMOTE_ADDR: 62.203.66.16
HTTP_REFERER: 
requested: array(3) {
  ["controller"] => string(12) "wp-login.php"
  ["action"] => string(5) "index"
  ["module"] => string(7) "default"
}


--------------------------------------------------------------------------------
2017-11-12T18:09:10+00:00 ERR (3) 404 Seite nicht gefunden
REMOTE_ADDR: 90.149.86.67
HTTP_REFERER: 
requested: array(3) {
  ["controller"] => string(12) "wp-login.php"
  ["action"] => string(5) "index"
  ["module"] => string(7) "default"
}


--------------------------------------------------------------------------------
2017-11-12T18:24:15+00:00 ERR (3) 404 Seite nicht gefunden
REMOTE_ADDR: 190.131.96.229
HTTP_REFERER: 
requested: array(3) {
  ["controller"] => string(12) "wp-login.php"
  ["action"] => string(5) "index"
  ["module"] => string(7) "default"
}


--------------------------------------------------------------------------------
2017-11-12T18:25:52+00:00 ERR (3) 404 Seite nicht gefunden
REMOTE_ADDR: 14.124.190.26
HTTP_REFERER: 
requested: array(3) {
  ["controller"] => string(12) "wp-login.php"
  ["action"] => string(5) "index"
  ["module"] => string(7) "default"
}


--------------------------------------------------------------------------------
2017-11-12T18:27:52+00:00 ERR (3) 404 Seite nicht gefunden
REMOTE_ADDR: 95.83.67.149
HTTP_REFERER: 
requested: array(3) {
  ["controller"] => string(12) "wp-login.php"
  ["action"] => string(5) "index"
  ["module"] => string(7) "default"
}


--------------------------------------------------------------------------------
2017-11-12T18:48:47+00:00 ERR (3) 404 Seite nicht gefunden
REMOTE_ADDR: 200.84.166.161
HTTP_REFERER: 
requested: array(3) {
  ["controller"] => string(12) "wp-login.php"
  ["action"] => string(5) "index"
  ["module"] => string(7) "default"
}


--------------------------------------------------------------------------------
2017-11-12T18:55:04+00:00 ERR (3) 404 Seite nicht gefunden
REMOTE_ADDR: 78.170.67.114
HTTP_REFERER: 
requested: array(3) {
  ["controller"] => string(12) "wp-login.php"
  ["action"] => string(5) "index"
  ["module"] => string(7) "default"
}


--------------------------------------------------------------------------------
2017-11-12T19:06:31+00:00 ERR (3) 404 Seite nicht gefunden
REMOTE_ADDR: 92.145.239.108
HTTP_REFERER: 
requested: array(3) {
  ["controller"] => string(12) "wp-login.php"
  ["action"] => string(5) "index"
  ["module"] => string(7) "default"
}


--------------------------------------------------------------------------------
2017-11-12T19:08:26+00:00 ERR (3) 404 Seite nicht gefunden
REMOTE_ADDR: 189.105.151.139
HTTP_REFERER: 
requested: array(3) {
  ["controller"] => string(12) "wp-login.php"
  ["action"] => string(5) "index"
  ["module"] => string(7) "default"
}


--------------------------------------------------------------------------------
2017-11-12T19:29:09+00:00 ERR (3) 404 Seite nicht gefunden
REMOTE_ADDR: 46.196.247.110
HTTP_REFERER: 
requested: array(3) {
  ["controller"] => string(12) "wp-login.php"
  ["action"] => string(5) "index"
  ["module"] => string(7) "default"
}


--------------------------------------------------------------------------------
2017-11-12T19:58:06+00:00 ERR (3) 404 Seite nicht gefunden
REMOTE_ADDR: 39.32.245.176
HTTP_REFERER: 
requested: array(3) {
  ["controller"] => string(12) "wp-login.php"
  ["action"] => string(5) "index"
  ["module"] => string(7) "default"
}


--------------------------------------------------------------------------------
2017-11-12T20:29:24+00:00 ERR (3) 404 Seite nicht gefunden
REMOTE_ADDR: 49.145.7.115
HTTP_REFERER: 
requested: array(3) {
  ["controller"] => string(12) "wp-login.php"
  ["action"] => string(5) "index"
  ["module"] => string(7) "default"
}


--------------------------------------------------------------------------------
2017-11-12T20:42:24+00:00 ERR (3) 404 Seite nicht gefunden
REMOTE_ADDR: 45.53.138.45
HTTP_REFERER: 
requested: array(3) {
  ["controller"] => string(12) "wp-login.php"
  ["action"] => string(5) "index"
  ["module"] => string(7) "default"
}


--------------------------------------------------------------------------------
2017-11-12T21:38:33+00:00 ERR (3) 404 Seite nicht gefunden
REMOTE_ADDR: 88.5.96.194
HTTP_REFERER: 
requested: array(3) {
  ["controller"] => string(12) "wp-login.php"
  ["action"] => string(5) "index"
  ["module"] => string(7) "default"
}


--------------------------------------------------------------------------------
2017-11-12T21:56:16+00:00 ERR (3) 404 "hire-lasse" was not found.
REMOTE_ADDR: 66.249.76.67
HTTP_REFERER: 
requested: array(5) {
  ["lang"] => string(2) "de"
  ["action"] => string(4) "page"
  ["key"] => string(10) "hire-lasse"
  ["module"] => string(7) "default"
  ["controller"] => string(5) "index"
}


--------------------------------------------------------------------------------
2017-11-12T21:58:53+00:00 ERR (3) 404 Seite nicht gefunden
REMOTE_ADDR: 66.249.76.67
HTTP_REFERER: 
requested: array(4) {
  ["controller"] => string(5) "diary"
  ["action"] => string(29) "tag:graphicore.de,2013-11-12:"
  ["diary"] => string(27) "2013111216002052825094cba29"
  ["module"] => string(7) "default"
}


--------------------------------------------------------------------------------
2017-11-12T21:58:58+00:00 ERR (3) 404 Seite nicht gefunden
REMOTE_ADDR: 66.249.65.223
HTTP_REFERER: 
requested: array(4) {
  ["controller"] => string(5) "diary"
  ["action"] => string(29) "tag:graphicore.de,2010-10-18:"
  ["diary"] => string(27) "201010181349214cbc5061f0048"
  ["module"] => string(7) "default"
}


--------------------------------------------------------------------------------
2017-11-12T21:59:04+00:00 ERR (3) 404 Seite nicht gefunden
REMOTE_ADDR: 66.249.65.194
HTTP_REFERER: 
requested: array(4) {
  ["controller"] => string(5) "diary"
  ["action"] => string(29) "tag:graphicore.de,2013-06-06:"
  ["diary"] => string(27) "2013060618252451b0d41400bf3"
  ["module"] => string(7) "default"
}


--------------------------------------------------------------------------------
2017-11-12T21:59:09+00:00 ERR (3) 404 Seite nicht gefunden
REMOTE_ADDR: 66.249.76.67
HTTP_REFERER: 
requested: array(4) {
  ["controller"] => string(5) "diary"
  ["action"] => string(29) "tag:graphicore.de,2013-06-12:"
  ["diary"] => string(27) "2013061209052451b839d4ca32b"
  ["module"] => string(7) "default"
}


--------------------------------------------------------------------------------
2017-11-12T21:59:14+00:00 ERR (3) 404 Seite nicht gefunden
REMOTE_ADDR: 66.249.65.223
HTTP_REFERER: 
requested: array(4) {
  ["controller"] => string(5) "diary"
  ["action"] => string(29) "tag:graphicore.de,2013-06-07:"
  ["diary"] => string(27) "2013060714011251b1e7a8c1407"
  ["module"] => string(7) "default"
}


--------------------------------------------------------------------------------
2017-11-12T21:59:20+00:00 ERR (3) 404 Seite nicht gefunden
REMOTE_ADDR: 66.249.76.67
HTTP_REFERER: 
requested: array(4) {
  ["controller"] => string(5) "diary"
  ["action"] => string(29) "tag:graphicore.de,2010-09-27:"
  ["diary"] => string(27) "201009272109094ca107f52b79c"
  ["module"] => string(7) "default"
}


--------------------------------------------------------------------------------
2017-11-12T21:59:25+00:00 ERR (3) 404 Seite nicht gefunden
REMOTE_ADDR: 66.249.65.223
HTTP_REFERER: 
requested: array(4) {
  ["controller"] => string(5) "diary"
  ["action"] => string(29) "tag:graphicore.de,2014-02-27:"
  ["diary"] => string(27) "20140227142708530f4b3c7eae4"
  ["module"] => string(7) "default"
}


--------------------------------------------------------------------------------
2017-11-12T21:59:30+00:00 ERR (3) 404 Seite nicht gefunden
REMOTE_ADDR: 66.249.76.67
HTTP_REFERER: 
requested: array(4) {
  ["controller"] => string(5) "diary"
  ["action"] => string(29) "tag:graphicore.de,2010-09-23:"
  ["diary"] => string(27) "201009231107214c9b34e9d0274"
  ["module"] => string(7) "default"
}


--------------------------------------------------------------------------------
2017-11-12T21:59:36+00:00 ERR (3) 404 Seite nicht gefunden
REMOTE_ADDR: 66.249.65.223
HTTP_REFERER: 
requested: array(4) {
  ["controller"] => string(5) "diary"
  ["action"] => string(29) "tag:graphicore.de,2015-07-28:"
  ["diary"] => string(27) "2015072812483855b77a264cda6"
  ["module"] => string(7) "default"
}


--------------------------------------------------------------------------------
2017-11-12T21:59:41+00:00 ERR (3) 404 Seite nicht gefunden
REMOTE_ADDR: 66.249.76.67
HTTP_REFERER: 
requested: array(4) {
  ["controller"] => string(5) "diary"
  ["action"] => string(29) "tag:graphicore.de,2013-11-13:"
  ["diary"] => string(27) "201311131703405283b0ecf2532"
  ["module"] => string(7) "default"
}


--------------------------------------------------------------------------------
2017-11-12T21:59:47+00:00 ERR (3) 404 Seite nicht gefunden
REMOTE_ADDR: 66.249.76.67
HTTP_REFERER: 
requested: array(4) {
  ["controller"] => string(5) "diary"
  ["action"] => string(29) "tag:graphicore.de,2014-02-27:"
  ["diary"] => string(27) "20140227115040530f26907c1a8"
  ["module"] => string(7) "default"
}


--------------------------------------------------------------------------------
2017-11-12T21:59:52+00:00 ERR (3) 404 Seite nicht gefunden
REMOTE_ADDR: 66.249.65.223
HTTP_REFERER: 
requested: array(4) {
  ["controller"] => string(5) "diary"
  ["action"] => string(29) "tag:graphicore.de,2010-08-31:"
  ["diary"] => string(27) "201008310024084c7c4ba816ac5"
  ["module"] => string(7) "default"
}


--------------------------------------------------------------------------------
2017-11-12T21:59:58+00:00 ERR (3) 404 Seite nicht gefunden
REMOTE_ADDR: 66.249.65.223
HTTP_REFERER: 
requested: array(4) {
  ["controller"] => string(5) "diary"
  ["action"] => string(29) "tag:graphicore.de,2013-01-31:"
  ["diary"] => string(27) "20130131135955510a78db3e0d6"
  ["module"] => string(7) "default"
}


--------------------------------------------------------------------------------
2017-11-12T22:00:03+00:00 ERR (3) 404 Seite nicht gefunden
REMOTE_ADDR: 66.249.76.72
HTTP_REFERER: 
requested: array(4) {
  ["controller"] => string(5) "diary"
  ["action"] => string(29) "tag:graphicore.de,2010-10-01:"
  ["diary"] => string(27) "201010011553324ca603fcc53f3"
  ["module"] => string(7) "default"
}


--------------------------------------------------------------------------------
2017-11-12T22:00:08+00:00 ERR (3) 404 Seite nicht gefunden
REMOTE_ADDR: 66.249.65.223
HTTP_REFERER: 
requested: array(4) {
  ["controller"] => string(5) "diary"
  ["action"] => string(29) "tag:graphicore.de,2012-09-02:"
  ["diary"] => string(27) "201209021920375043b185ef245"
  ["module"] => string(7) "default"
}


--------------------------------------------------------------------------------
2017-11-12T22:00:14+00:00 ERR (3) 404 Seite nicht gefunden
REMOTE_ADDR: 66.249.65.223
HTTP_REFERER: 
requested: array(4) {
  ["controller"] => string(5) "diary"
  ["action"] => string(29) "tag:graphicore.de,2010-07-09:"
  ["diary"] => string(27) "201007091937074c377a6340b8b"
  ["module"] => string(7) "default"
}


--------------------------------------------------------------------------------
2017-11-12T22:00:19+00:00 ERR (3) 404 Seite nicht gefunden
REMOTE_ADDR: 66.249.76.67
HTTP_REFERER: 
requested: array(4) {
  ["controller"] => string(5) "diary"
  ["action"] => string(29) "tag:graphicore.de,2010-10-06:"
  ["diary"] => string(27) "201010061331004cac7a14de999"
  ["module"] => string(7) "default"
}


--------------------------------------------------------------------------------
2017-11-12T22:00:25+00:00 ERR (3) 404 Seite nicht gefunden
REMOTE_ADDR: 66.249.76.67
HTTP_REFERER: 
requested: array(4) {
  ["controller"] => string(5) "diary"
  ["action"] => string(29) "tag:graphicore.de,2013-11-12:"
  ["diary"] => string(27) "2013111217533652826b2018ca8"
  ["module"] => string(7) "default"
}


--------------------------------------------------------------------------------
2017-11-12T22:00:30+00:00 ERR (3) 404 Seite nicht gefunden
REMOTE_ADDR: 66.249.65.223
HTTP_REFERER: 
requested: array(4) {
  ["controller"] => string(5) "diary"
  ["action"] => string(29) "tag:graphicore.de,2010-10-12:"
  ["diary"] => string(27) "201010121448344cb475424313c"
  ["module"] => string(7) "default"
}


--------------------------------------------------------------------------------
2017-11-12T22:00:36+00:00 ERR (3) 404 Seite nicht gefunden
REMOTE_ADDR: 66.249.76.67
HTTP_REFERER: 
requested: array(4) {
  ["controller"] => string(5) "diary"
  ["action"] => string(29) "tag:graphicore.de,2012-01-17:"
  ["diary"] => string(27) "201201171404524f15800404a4f"
  ["module"] => string(7) "default"
}


--------------------------------------------------------------------------------
2017-11-12T22:00:43+00:00 ERR (3) 404 Seite nicht gefunden
REMOTE_ADDR: 66.249.76.67
HTTP_REFERER: 
requested: array(4) {
  ["controller"] => string(5) "diary"
  ["action"] => string(29) "tag:graphicore.de,2010-09-27:"
  ["diary"] => string(27) "201009272105474ca1072b79bf6"
  ["module"] => string(7) "default"
}


--------------------------------------------------------------------------------
2017-11-12T22:01:42+00:00 ERR (3) 404 Seite nicht gefunden
REMOTE_ADDR: 66.249.65.223
HTTP_REFERER: 
requested: array(3) {
  ["controller"] => string(5) "tests"
  ["action"] => string(5) "index"
  ["module"] => string(7) "default"
}


--------------------------------------------------------------------------------
2017-11-12T22:01:42+00:00 ERR (3) 404 Seite nicht gefunden
REMOTE_ADDR: 66.249.76.67
HTTP_REFERER: 
requested: array(3) {
  ["controller"] => string(3) "lib"
  ["action"] => string(5) "index"
  ["module"] => string(7) "default"
}


--------------------------------------------------------------------------------
2017-11-12T22:03:08+00:00 ERR (3) 404 "hire-lasse" was not found.
REMOTE_ADDR: 66.249.65.194
HTTP_REFERER: 
requested: array(5) {
  ["lang"] => string(2) "en"
  ["action"] => string(4) "page"
  ["key"] => string(10) "hire-lasse"
  ["module"] => string(7) "default"
  ["controller"] => string(5) "index"
}


--------------------------------------------------------------------------------
2017-11-12T22:08:50+00:00 ERR (3) 404 Seite nicht gefunden
REMOTE_ADDR: 190.199.92.64
HTTP_REFERER: 
requested: array(3) {
  ["controller"] => string(12) "wp-login.php"
  ["action"] => string(5) "index"
  ["module"] => string(7) "default"
}


--------------------------------------------------------------------------------
2017-11-12T22:50:22+00:00 ERR (3) 404 Seite nicht gefunden
REMOTE_ADDR: 31.167.85.79
HTTP_REFERER: 
requested: array(3) {
  ["controller"] => string(12) "wp-login.php"
  ["action"] => string(5) "index"
  ["module"] => string(7) "default"
}


--------------------------------------------------------------------------------
2017-11-12T22:56:22+00:00 ERR (3) 404 Seite nicht gefunden
REMOTE_ADDR: 207.96.211.157
HTTP_REFERER: 
requested: array(3) {
  ["controller"] => string(12) "wp-login.php"
  ["action"] => string(5) "index"
  ["module"] => string(7) "default"
}


--------------------------------------------------------------------------------
2017-11-12T23:45:25+00:00 ERR (3) 404 Seite nicht gefunden
REMOTE_ADDR: 103.220.204.137
HTTP_REFERER: 
requested: array(3) {
  ["controller"] => string(12) "wp-login.php"
  ["action"] => string(5) "index"
  ["module"] => string(7) "default"
}


--------------------------------------------------------------------------------
2017-11-12T23:48:41+00:00 ERR (3) 404 Seite nicht gefunden
REMOTE_ADDR: 113.122.237.200
HTTP_REFERER: 
requested: array(3) {
  ["controller"] => string(12) "wp-login.php"
  ["action"] => string(5) "index"
  ["module"] => string(7) "default"
}


--------------------------------------------------------------------------------
