2018-12-27T02:01:16+00:00 ERR (3) 404 Seite nicht gefunden
REMOTE_ADDR: 17.58.99.5
HTTP_REFERER: 
requested: array(3) {
  ["controller"] => string(32) "apple-touch-icon-precomposed.png"
  ["action"] => string(5) "index"
  ["module"] => string(7) "default"
}


--------------------------------------------------------------------------------
2018-12-27T02:01:17+00:00 ERR (3) 404 Seite nicht gefunden
REMOTE_ADDR: 17.58.99.5
HTTP_REFERER: 
requested: array(3) {
  ["controller"] => string(20) "apple-touch-icon.png"
  ["action"] => string(5) "index"
  ["module"] => string(7) "default"
}


--------------------------------------------------------------------------------
2018-12-27T02:01:17+00:00 ERR (3) 404 Seite nicht gefunden
REMOTE_ADDR: 17.58.99.5
HTTP_REFERER: 
requested: array(3) {
  ["controller"] => string(32) "apple-touch-icon-precomposed.png"
  ["action"] => string(5) "index"
  ["module"] => string(7) "default"
}


--------------------------------------------------------------------------------
2018-12-27T02:01:17+00:00 ERR (3) 404 Seite nicht gefunden
REMOTE_ADDR: 17.58.99.5
HTTP_REFERER: 
requested: array(3) {
  ["controller"] => string(20) "apple-touch-icon.png"
  ["action"] => string(5) "index"
  ["module"] => string(7) "default"
}


--------------------------------------------------------------------------------
2018-12-27T02:01:17+00:00 ERR (3) 404 Seite nicht gefunden
REMOTE_ADDR: 17.58.99.5
HTTP_REFERER: 
requested: array(3) {
  ["controller"] => string(11) ".well-known"
  ["action"] => string(26) "apple-app-site-association"
  ["module"] => string(7) "default"
}


--------------------------------------------------------------------------------
2018-12-27T02:01:17+00:00 ERR (3) 404 Seite nicht gefunden
REMOTE_ADDR: 17.58.99.5
HTTP_REFERER: 
requested: array(3) {
  ["controller"] => string(26) "apple-app-site-association"
  ["action"] => string(5) "index"
  ["module"] => string(7) "default"
}


--------------------------------------------------------------------------------
2018-12-27T02:48:16+00:00 ERR (3) 404 The filter "en" was not found.
REMOTE_ADDR: 216.244.66.228
HTTP_REFERER: 
requested: array(5) {
  ["lang"] => string(2) "de"
  ["action"] => string(5) "diary"
  ["key"] => string(2) "en"
  ["module"] => string(7) "default"
  ["controller"] => string(5) "index"
}


--------------------------------------------------------------------------------
2018-12-27T05:24:29+00:00 ERR (3) 404 "en" was not found.
REMOTE_ADDR: 216.244.66.228
HTTP_REFERER: 
requested: array(5) {
  ["lang"] => string(2) "de"
  ["action"] => string(7) "archive"
  ["key"] => string(2) "en"
  ["module"] => string(7) "default"
  ["controller"] => string(5) "index"
}


--------------------------------------------------------------------------------
2018-12-27T06:18:41+00:00 ERR (3) 404 Page not found
REMOTE_ADDR: 216.244.66.228
HTTP_REFERER: 
requested: array(5) {
  ["lang"] => string(2) "en"
  ["action"] => string(2) "en"
  ["module"] => string(7) "default"
  ["controller"] => string(5) "index"
  ["key"] => string(0) ""
}


--------------------------------------------------------------------------------
2018-12-27T07:32:25+00:00 ERR (3) 404 Seite nicht gefunden
REMOTE_ADDR: 113.73.112.245
HTTP_REFERER: http://graphicore.de/js/dmain.js
requested: array(3) {
  ["controller"] => string(2) "js"
  ["action"] => string(16) "node.textContent"
  ["module"] => string(7) "default"
}


--------------------------------------------------------------------------------
2018-12-27T07:44:17+00:00 ERR (3) 404 Seite nicht gefunden
REMOTE_ADDR: 113.73.112.245
HTTP_REFERER: http://graphicore.de/js/dmain.js
requested: array(3) {
  ["controller"] => string(2) "js"
  ["action"] => string(12) "horst.length"
  ["module"] => string(7) "default"
}


--------------------------------------------------------------------------------
2018-12-27T07:56:12+00:00 ERR (3) 404 Seite nicht gefunden
REMOTE_ADDR: 113.73.112.132
HTTP_REFERER: http://graphicore.de/js/dmain.js
requested: array(3) {
  ["controller"] => string(2) "js"
  ["action"] => string(18) "evt.currentTarget,"
  ["module"] => string(7) "default"
}


--------------------------------------------------------------------------------
2018-12-27T08:24:51+00:00 ERR (3) 404 "hire-lasse" was not found.
REMOTE_ADDR: 113.73.112.132
HTTP_REFERER: http://graphicore.de/en/archive/2010-09-09_A-Brute-Font-Attack
requested: array(5) {
  ["lang"] => string(2) "en"
  ["action"] => string(4) "page"
  ["key"] => string(10) "hire-lasse"
  ["module"] => string(7) "default"
  ["controller"] => string(5) "index"
}


--------------------------------------------------------------------------------
2018-12-27T09:43:08+00:00 ERR (3) 404 Seite nicht gefunden
REMOTE_ADDR: 216.244.66.228
HTTP_REFERER: 
requested: array(5) {
  ["lang"] => string(2) "de"
  ["action"] => string(2) "en"
  ["module"] => string(7) "default"
  ["controller"] => string(5) "index"
  ["key"] => string(0) ""
}


--------------------------------------------------------------------------------
2018-12-27T14:47:10+00:00 ERR (3) 404 Seite nicht gefunden
REMOTE_ADDR: 39.98.174.211
HTTP_REFERER: 
requested: array(3) {
  ["controller"] => string(4) "blog"
  ["action"] => string(8) "wp-admin"
  ["module"] => string(7) "default"
}


--------------------------------------------------------------------------------
2018-12-27T16:13:18+00:00 ERR (3) 404 Seite nicht gefunden
REMOTE_ADDR: 39.104.21.226
HTTP_REFERER: 
requested: array(3) {
  ["controller"] => string(4) "blog"
  ["action"] => string(8) "wp-admin"
  ["module"] => string(7) "default"
}


--------------------------------------------------------------------------------
