2020-11-06T12:47:40+00:00 ERR (3) 404 Page not found
REMOTE_ADDR: 159.69.192.243
HTTP_REFERER: 
requested: array(3) {
  ["controller"] => string(8) "wp-admin"
  ["action"] => string(11) "install.php"
  ["module"] => string(7) "default"
}


--------------------------------------------------------------------------------
2020-11-06T13:36:40+00:00 ERR (3) 404 Seite nicht gefunden
REMOTE_ADDR: 66.249.66.84
HTTP_REFERER: 
requested: array(4) {
  ["controller"] => string(5) "diary"
  ["action"] => string(29) "tag:graphicore.de,2014-02-27:"
  ["diary"] => string(27) "20140227115040530f26907c1a8"
  ["module"] => string(7) "default"
}


--------------------------------------------------------------------------------
2020-11-06T17:54:25+00:00 ERR (3) 404 Seite nicht gefunden
REMOTE_ADDR: 39.101.1.61
HTTP_REFERER: 
requested: array(3) {
  ["controller"] => string(10) "router.php"
  ["action"] => string(5) "index"
  ["module"] => string(7) "default"
}


--------------------------------------------------------------------------------
2020-11-06T21:08:08+00:00 ERR (3) 404 Seite nicht gefunden
REMOTE_ADDR: 52.247.125.235
HTTP_REFERER: 
requested: array(3) {
  ["controller"] => string(4) ".env"
  ["action"] => string(5) "index"
  ["module"] => string(7) "default"
}


--------------------------------------------------------------------------------
