2015-07-19T00:02:18+00:00 ERR (3) 404 "hire-lasse" was not found.
REMOTE_ADDR: 46.105.100.183
HTTP_REFERER: 
requested: array(5) {
  ["lang"] => string(2) "de"
  ["action"] => string(4) "page"
  ["key"] => string(10) "hire-lasse"
  ["module"] => string(7) "default"
  ["controller"] => string(5) "index"
}


--------------------------------------------------------------------------------
2015-07-19T00:02:18+00:00 ERR (3) 404 "" was not found.
REMOTE_ADDR: 46.105.100.183
HTTP_REFERER: 
requested: array(5) {
  ["lang"] => string(2) "de"
  ["action"] => string(7) "archive"
  ["module"] => string(7) "default"
  ["controller"] => string(5) "index"
  ["key"] => string(0) ""
}


--------------------------------------------------------------------------------
2015-07-19T00:02:52+00:00 ERR (3) 404 "hire-lasse" was not found.
REMOTE_ADDR: 46.105.100.183
HTTP_REFERER: 
requested: array(5) {
  ["lang"] => string(2) "en"
  ["action"] => string(4) "page"
  ["key"] => string(10) "hire-lasse"
  ["module"] => string(7) "default"
  ["controller"] => string(5) "index"
}


--------------------------------------------------------------------------------
2015-07-19T00:02:53+00:00 ERR (3) 404 "" was not found.
REMOTE_ADDR: 46.105.100.183
HTTP_REFERER: 
requested: array(5) {
  ["lang"] => string(2) "en"
  ["action"] => string(7) "archive"
  ["module"] => string(7) "default"
  ["controller"] => string(5) "index"
  ["key"] => string(0) ""
}


--------------------------------------------------------------------------------
2015-07-19T00:42:19+00:00 ERR (3) 404 Seite nicht gefunden
REMOTE_ADDR: 74.208.125.209
HTTP_REFERER: 
requested: array(4) {
  ["controller"] => string(6) "https:"
  [""] => string(19) "silber-und-blei.com"
  ["action"] => string(5) "index"
  ["module"] => string(7) "default"
}


--------------------------------------------------------------------------------
2015-07-19T00:42:21+00:00 ERR (3) 404 Seite nicht gefunden
REMOTE_ADDR: 74.208.125.209
HTTP_REFERER: 
requested: array(3) {
  ["controller"] => string(2) "js"
  ["action"] => string(1) "'"
  ["module"] => string(7) "default"
}


--------------------------------------------------------------------------------
2015-07-19T04:15:17+00:00 ERR (3) 404 Seite nicht gefunden
REMOTE_ADDR: 46.118.155.216
HTTP_REFERER: 
requested: array(3) {
  ["controller"] => string(4) "blog"
  ["action"] => string(10) "robots.txt"
  ["module"] => string(7) "default"
}


--------------------------------------------------------------------------------
2015-07-19T04:15:17+00:00 ERR (3) 404 Seite nicht gefunden
REMOTE_ADDR: 46.118.155.216
HTTP_REFERER: 
requested: array(3) {
  ["controller"] => string(4) "blog"
  ["action"] => string(5) "index"
  ["module"] => string(7) "default"
}


--------------------------------------------------------------------------------
2015-07-19T04:15:17+00:00 ERR (3) 404 Seite nicht gefunden
REMOTE_ADDR: 46.118.155.216
HTTP_REFERER: 
requested: array(3) {
  ["controller"] => string(9) "wordpress"
  ["action"] => string(5) "index"
  ["module"] => string(7) "default"
}


--------------------------------------------------------------------------------
2015-07-19T04:15:17+00:00 ERR (3) 404 Seite nicht gefunden
REMOTE_ADDR: 46.118.155.216
HTTP_REFERER: 
requested: array(3) {
  ["controller"] => string(2) "wp"
  ["action"] => string(5) "index"
  ["module"] => string(7) "default"
}


--------------------------------------------------------------------------------
2015-07-19T06:18:24+00:00 ERR (3) 404 "" was not found.
REMOTE_ADDR: 208.115.113.89
HTTP_REFERER: 
requested: array(5) {
  ["lang"] => string(2) "de"
  ["action"] => string(7) "archive"
  ["module"] => string(7) "default"
  ["controller"] => string(5) "index"
  ["key"] => string(0) ""
}


--------------------------------------------------------------------------------
2015-07-19T09:42:11+00:00 ERR (3) 404 "hire-lasse" was not found.
REMOTE_ADDR: 146.0.32.165
HTTP_REFERER: 
requested: array(5) {
  ["lang"] => string(2) "de"
  ["action"] => string(4) "page"
  ["key"] => string(10) "hire-lasse"
  ["module"] => string(7) "default"
  ["controller"] => string(5) "index"
}


--------------------------------------------------------------------------------
2015-07-19T10:19:39+00:00 ERR (3) 404 Seite nicht gefunden
REMOTE_ADDR: 80.252.154.233
HTTP_REFERER: 
requested: array(3) {
  ["controller"] => string(11) "general.php"
  ["action"] => string(5) "index"
  ["module"] => string(7) "default"
}


--------------------------------------------------------------------------------
2015-07-19T10:19:39+00:00 ERR (3) 404 Seite nicht gefunden
REMOTE_ADDR: 80.252.154.233
HTTP_REFERER: 
requested: array(3) {
  ["controller"] => string(8) "wp-admin"
  ["action"] => string(14) "admin-ajax.php"
  ["module"] => string(7) "default"
}


--------------------------------------------------------------------------------
2015-07-19T10:19:39+00:00 ERR (3) 404 Seite nicht gefunden
REMOTE_ADDR: 80.252.154.233
HTTP_REFERER: 
requested: array(4) {
  ["controller"] => string(10) "wp-content"
  ["action"] => string(7) "plugins"
  ["wp-ecommerce-shop-styling"] => string(8) "includes"
  ["module"] => string(7) "default"
}


--------------------------------------------------------------------------------
2015-07-19T16:00:25+00:00 ERR (3) 404 "" was not found.
REMOTE_ADDR: 157.55.39.253
HTTP_REFERER: 
requested: array(5) {
  ["lang"] => string(2) "en"
  ["action"] => string(7) "archive"
  ["module"] => string(7) "default"
  ["controller"] => string(5) "index"
  ["key"] => string(0) ""
}


--------------------------------------------------------------------------------
2015-07-19T22:46:30+00:00 ERR (3) 404 Seite nicht gefunden
REMOTE_ADDR: 62.210.251.69
HTTP_REFERER: 
requested: array(4) {
  ["controller"] => string(10) "wp-content"
  ["action"] => string(7) "plugins"
  ["dzs-zoomsounds"] => string(5) "admin"
  ["module"] => string(7) "default"
}


--------------------------------------------------------------------------------
2015-07-19T22:47:19+00:00 ERR (3) 404 Seite nicht gefunden
REMOTE_ADDR: 62.210.251.69
HTTP_REFERER: 
requested: array(4) {
  ["controller"] => string(10) "wp-content"
  ["action"] => string(7) "plugins"
  ["dzs-zoomsounds"] => string(5) "admin"
  ["module"] => string(7) "default"
}


--------------------------------------------------------------------------------
2015-07-19T22:52:04+00:00 ERR (3) 404 Seite nicht gefunden
REMOTE_ADDR: 62.210.251.69
HTTP_REFERER: 
requested: array(5) {
  ["controller"] => string(10) "wp-content"
  ["action"] => string(7) "plugins"
  ["inboundio-marketing"] => string(5) "admin"
  ["partials"] => string(16) "csv_uploader.php"
  ["module"] => string(7) "default"
}


--------------------------------------------------------------------------------
2015-07-19T23:14:21+00:00 ERR (3) 404 Seite nicht gefunden
REMOTE_ADDR: 62.210.251.69
HTTP_REFERER: 
requested: array(8) {
  ["controller"] => string(10) "wp-content"
  ["action"] => string(7) "plugins"
  ["reflex-gallery"] => string(5) "admin"
  ["scripts"] => string(12) "FileUploader"
  ["module"] => string(7) "default"
  ["Year"] => string(4) "2015"
  ["Month"] => string(2) "07"
  ["path"] => string(0) ""
}


--------------------------------------------------------------------------------
2015-07-19T23:24:02+00:00 ERR (3) 404 Seite nicht gefunden
REMOTE_ADDR: 62.210.251.69
HTTP_REFERER: 
requested: array(4) {
  ["controller"] => string(8) "wp-admin"
  ["action"] => string(14) "admin-ajax.php"
  ["module"] => string(7) "default"
  ["client_action"] => string(13) "update_plugin"
}


--------------------------------------------------------------------------------
2015-07-19T23:37:26+00:00 ERR (3) 404 Seite nicht gefunden
REMOTE_ADDR: 62.210.251.69
HTTP_REFERER: 
requested: array(4) {
  ["controller"] => string(8) "wp-admin"
  ["action"] => string(14) "admin-ajax.php"
  ["module"] => string(7) "default"
  ["Action"] => string(26) "UPCP_AddProductSpreadsheet"
}


--------------------------------------------------------------------------------
2015-07-19T23:37:58+00:00 ERR (3) 404 Seite nicht gefunden
REMOTE_ADDR: 62.210.251.69
HTTP_REFERER: 
requested: array(5) {
  ["controller"] => string(10) "wp-content"
  ["action"] => string(7) "plugins"
  ["ultimate-product-catalogue"] => string(14) "product-sheets"
  ["module"] => string(7) "default"
  ["e51e"] => string(10) "die(pi());"
}


--------------------------------------------------------------------------------
2015-07-19T23:48:34+00:00 ERR (3) 404 Seite nicht gefunden
REMOTE_ADDR: 62.210.251.69
HTTP_REFERER: 
requested: array(7) {
  ["controller"] => string(10) "wp-content"
  ["action"] => string(7) "plugins"
  ["wp-symposium"] => string(6) "server"
  ["php"] => string(9) "index.php"
  ["module"] => string(7) "default"
  ["uploader_url"] => string(64) "http://graphicore.de/wp-content/plugins/wp-symposium/server/php/"
  ["uploader_uid"] => string(1) "1"
}


--------------------------------------------------------------------------------
2015-07-19T23:58:17+00:00 ERR (3) 404 Seite nicht gefunden
REMOTE_ADDR: 62.210.251.69
HTTP_REFERER: 
requested: array(5) {
  ["controller"] => string(10) "wp-content"
  ["action"] => string(7) "plugins"
  ["simple-ads-manager"] => string(18) "sam-ajax-admin.php"
  ["module"] => string(7) "default"
  ["path"] => string(0) ""
}


--------------------------------------------------------------------------------
