2020-12-29T01:46:16+00:00 ERR (3) 404 Page not found
REMOTE_ADDR: 159.65.203.223
HTTP_REFERER: 
requested: array(3) {
  ["controller"] => string(11) "wp-includes"
  ["action"] => string(15) "wlwmanifest.xml"
  ["module"] => string(7) "default"
}


--------------------------------------------------------------------------------
2020-12-29T01:46:17+00:00 ERR (3) 404 Page not found
REMOTE_ADDR: 159.65.203.223
HTTP_REFERER: 
requested: array(3) {
  ["controller"] => string(4) "blog"
  ["action"] => string(11) "wp-includes"
  ["module"] => string(7) "default"
}


--------------------------------------------------------------------------------
2020-12-29T01:46:17+00:00 ERR (3) 404 Page not found
REMOTE_ADDR: 159.65.203.223
HTTP_REFERER: 
requested: array(3) {
  ["controller"] => string(3) "web"
  ["action"] => string(11) "wp-includes"
  ["module"] => string(7) "default"
}


--------------------------------------------------------------------------------
2020-12-29T01:46:17+00:00 ERR (3) 404 Page not found
REMOTE_ADDR: 159.65.203.223
HTTP_REFERER: 
requested: array(3) {
  ["controller"] => string(9) "wordpress"
  ["action"] => string(11) "wp-includes"
  ["module"] => string(7) "default"
}


--------------------------------------------------------------------------------
2020-12-29T01:46:17+00:00 ERR (3) 404 Page not found
REMOTE_ADDR: 159.65.203.223
HTTP_REFERER: 
requested: array(3) {
  ["controller"] => string(7) "website"
  ["action"] => string(11) "wp-includes"
  ["module"] => string(7) "default"
}


--------------------------------------------------------------------------------
2020-12-29T01:46:17+00:00 ERR (3) 404 Page not found
REMOTE_ADDR: 159.65.203.223
HTTP_REFERER: 
requested: array(3) {
  ["controller"] => string(2) "wp"
  ["action"] => string(11) "wp-includes"
  ["module"] => string(7) "default"
}


--------------------------------------------------------------------------------
2020-12-29T01:46:17+00:00 ERR (3) 404 Page not found
REMOTE_ADDR: 159.65.203.223
HTTP_REFERER: 
requested: array(3) {
  ["controller"] => string(4) "news"
  ["action"] => string(11) "wp-includes"
  ["module"] => string(7) "default"
}


--------------------------------------------------------------------------------
2020-12-29T01:46:17+00:00 ERR (3) 404 Page not found
REMOTE_ADDR: 159.65.203.223
HTTP_REFERER: 
requested: array(3) {
  ["controller"] => string(4) "2018"
  ["action"] => string(11) "wp-includes"
  ["module"] => string(7) "default"
}


--------------------------------------------------------------------------------
2020-12-29T01:46:17+00:00 ERR (3) 404 Page not found
REMOTE_ADDR: 159.65.203.223
HTTP_REFERER: 
requested: array(3) {
  ["controller"] => string(4) "2019"
  ["action"] => string(11) "wp-includes"
  ["module"] => string(7) "default"
}


--------------------------------------------------------------------------------
2020-12-29T01:46:17+00:00 ERR (3) 404 Page not found
REMOTE_ADDR: 159.65.203.223
HTTP_REFERER: 
requested: array(3) {
  ["controller"] => string(4) "shop"
  ["action"] => string(11) "wp-includes"
  ["module"] => string(7) "default"
}


--------------------------------------------------------------------------------
2020-12-29T01:46:17+00:00 ERR (3) 404 Page not found
REMOTE_ADDR: 159.65.203.223
HTTP_REFERER: 
requested: array(3) {
  ["controller"] => string(3) "wp1"
  ["action"] => string(11) "wp-includes"
  ["module"] => string(7) "default"
}


--------------------------------------------------------------------------------
2020-12-29T01:46:17+00:00 ERR (3) 404 Page not found
REMOTE_ADDR: 159.65.203.223
HTTP_REFERER: 
requested: array(3) {
  ["controller"] => string(4) "test"
  ["action"] => string(11) "wp-includes"
  ["module"] => string(7) "default"
}


--------------------------------------------------------------------------------
2020-12-29T01:46:17+00:00 ERR (3) 404 Page not found
REMOTE_ADDR: 159.65.203.223
HTTP_REFERER: 
requested: array(3) {
  ["controller"] => string(5) "media"
  ["action"] => string(11) "wp-includes"
  ["module"] => string(7) "default"
}


--------------------------------------------------------------------------------
2020-12-29T01:46:17+00:00 ERR (3) 404 Page not found
REMOTE_ADDR: 159.65.203.223
HTTP_REFERER: 
requested: array(3) {
  ["controller"] => string(3) "wp2"
  ["action"] => string(11) "wp-includes"
  ["module"] => string(7) "default"
}


--------------------------------------------------------------------------------
2020-12-29T01:46:17+00:00 ERR (3) 404 Page not found
REMOTE_ADDR: 159.65.203.223
HTTP_REFERER: 
requested: array(3) {
  ["controller"] => string(4) "site"
  ["action"] => string(11) "wp-includes"
  ["module"] => string(7) "default"
}


--------------------------------------------------------------------------------
2020-12-29T01:46:17+00:00 ERR (3) 404 Page not found
REMOTE_ADDR: 159.65.203.223
HTTP_REFERER: 
requested: array(3) {
  ["controller"] => string(3) "cms"
  ["action"] => string(11) "wp-includes"
  ["module"] => string(7) "default"
}


--------------------------------------------------------------------------------
2020-12-29T01:46:18+00:00 ERR (3) 404 Page not found
REMOTE_ADDR: 159.65.203.223
HTTP_REFERER: 
requested: array(3) {
  ["controller"] => string(4) "sito"
  ["action"] => string(11) "wp-includes"
  ["module"] => string(7) "default"
}


--------------------------------------------------------------------------------
2020-12-29T05:44:06+00:00 ERR (3) 404 Seite nicht gefunden
REMOTE_ADDR: 103.153.183.78
HTTP_REFERER: 
requested: array(3) {
  ["controller"] => string(4) ".env"
  ["action"] => string(5) "index"
  ["module"] => string(7) "default"
}


--------------------------------------------------------------------------------
2020-12-29T08:37:32+00:00 ERR (3) 404 Seite nicht gefunden
REMOTE_ADDR: 13.66.139.110
HTTP_REFERER: 
requested: array(3) {
  ["controller"] => string(17) "sitemap_index.xml"
  ["action"] => string(5) "index"
  ["module"] => string(7) "default"
}


--------------------------------------------------------------------------------
2020-12-29T08:56:47+00:00 ERR (3) 404 "hire-lasse" was not found.
REMOTE_ADDR: 95.216.96.254
HTTP_REFERER: http://graphicore.de/de/feed/rss
requested: array(5) {
  ["lang"] => string(2) "de"
  ["action"] => string(4) "page"
  ["key"] => string(10) "hire-lasse"
  ["module"] => string(7) "default"
  ["controller"] => string(5) "index"
}


--------------------------------------------------------------------------------
2020-12-29T09:35:57+00:00 ERR (3) 404 Seite nicht gefunden
REMOTE_ADDR: 185.222.58.100
HTTP_REFERER: 
requested: array(3) {
  ["controller"] => string(10) "wp-content"
  ["action"] => string(7) "plugins"
  ["module"] => string(7) "default"
}


--------------------------------------------------------------------------------
2020-12-29T11:13:35+00:00 ERR (3) 404 Seite nicht gefunden
REMOTE_ADDR: 162.144.18.17
HTTP_REFERER: http://graphicore.de/
requested: array(3) {
  ["controller"] => string(3) "OLD"
  ["action"] => string(8) "wp-admin"
  ["module"] => string(7) "default"
}


--------------------------------------------------------------------------------
2020-12-29T13:01:47+00:00 ERR (3) 404 "" was not found.
REMOTE_ADDR: 136.243.36.68
HTTP_REFERER: 
requested: array(5) {
  ["lang"] => string(2) "de"
  ["action"] => string(7) "archive"
  ["module"] => string(7) "default"
  ["controller"] => string(5) "index"
  ["key"] => string(0) ""
}


--------------------------------------------------------------------------------
2020-12-29T13:02:31+00:00 ERR (3) 404 "hire-lasse" was not found.
REMOTE_ADDR: 136.243.36.68
HTTP_REFERER: 
requested: array(5) {
  ["lang"] => string(2) "de"
  ["action"] => string(4) "page"
  ["key"] => string(10) "hire-lasse"
  ["module"] => string(7) "default"
  ["controller"] => string(5) "index"
}


--------------------------------------------------------------------------------
2020-12-29T16:47:39+00:00 ERR (3) 404 "hire-lasse" was not found.
REMOTE_ADDR: 95.216.96.254
HTTP_REFERER: http://graphicore.de/en/feed/rss
requested: array(5) {
  ["lang"] => string(2) "en"
  ["action"] => string(4) "page"
  ["key"] => string(10) "hire-lasse"
  ["module"] => string(7) "default"
  ["controller"] => string(5) "index"
}


--------------------------------------------------------------------------------
2020-12-29T16:47:40+00:00 ERR (3) 404 "competences" was not found.
REMOTE_ADDR: 95.216.96.254
HTTP_REFERER: http://graphicore.de/de/page/lasse
requested: array(5) {
  ["lang"] => string(2) "de"
  ["action"] => string(4) "page"
  ["key"] => string(11) "competences"
  ["module"] => string(7) "default"
  ["controller"] => string(5) "index"
}


--------------------------------------------------------------------------------
2020-12-29T16:47:42+00:00 ERR (3) 404 "competences" was not found.
REMOTE_ADDR: 95.216.96.254
HTTP_REFERER: http://graphicore.de/en/page/lasse
requested: array(5) {
  ["lang"] => string(2) "en"
  ["action"] => string(4) "page"
  ["key"] => string(11) "competences"
  ["module"] => string(7) "default"
  ["controller"] => string(5) "index"
}


--------------------------------------------------------------------------------
2020-12-29T17:17:25+00:00 ERR (3) 404 Seite nicht gefunden
REMOTE_ADDR: 185.81.157.136
HTTP_REFERER: 
requested: array(3) {
  ["controller"] => string(10) "wp-content"
  ["action"] => string(7) "plugins"
  ["module"] => string(7) "default"
}


--------------------------------------------------------------------------------
2020-12-29T17:36:54+00:00 ERR (3) 404 Seite nicht gefunden
REMOTE_ADDR: 118.101.14.179
HTTP_REFERER: 
requested: array(3) {
  ["controller"] => string(12) "wp-login.php"
  ["action"] => string(5) "index"
  ["module"] => string(7) "default"
}


--------------------------------------------------------------------------------
2020-12-29T21:30:19+00:00 ERR (3) 404 Seite nicht gefunden
REMOTE_ADDR: 13.66.139.114
HTTP_REFERER: 
requested: array(3) {
  ["controller"] => string(14) "sitemap.xml.gz"
  ["action"] => string(5) "index"
  ["module"] => string(7) "default"
}


--------------------------------------------------------------------------------
2020-12-29T23:45:02+00:00 ERR (3) 404 Seite nicht gefunden
REMOTE_ADDR: 49.12.102.81
HTTP_REFERER: 
requested: array(3) {
  ["controller"] => string(11) "sitemap.xml"
  ["action"] => string(5) "index"
  ["module"] => string(7) "default"
}


--------------------------------------------------------------------------------
