2019-07-06T01:26:45+00:00 ERR (3) 404 Seite nicht gefunden
REMOTE_ADDR: 66.57.250.10
HTTP_REFERER: 
requested: array(4) {
  ["controller"] => string(6) "https:"
  [""] => string(19) "silber-und-blei.com"
  ["action"] => string(5) "index"
  ["module"] => string(7) "default"
}


--------------------------------------------------------------------------------
2019-07-06T05:12:35+00:00 ERR (3) 404 "" was not found.
REMOTE_ADDR: 114.201.60.123
HTTP_REFERER: 
requested: array(5) {
  ["lang"] => string(2) "en"
  ["action"] => string(7) "archive"
  ["module"] => string(7) "default"
  ["controller"] => string(5) "index"
  ["key"] => string(0) ""
}


--------------------------------------------------------------------------------
2019-07-06T06:00:35+00:00 ERR (3) 404 "hire-lasse" was not found.
REMOTE_ADDR: 148.251.50.77
HTTP_REFERER: 
requested: array(5) {
  ["lang"] => string(2) "de"
  ["action"] => string(4) "page"
  ["key"] => string(10) "hire-lasse"
  ["module"] => string(7) "default"
  ["controller"] => string(5) "index"
}


--------------------------------------------------------------------------------
2019-07-06T08:47:10+00:00 ERR (3) 404 Seite nicht gefunden
REMOTE_ADDR: 51.68.152.26
HTTP_REFERER: 
requested: array(3) {
  ["controller"] => string(5) "admin"
  ["action"] => string(5) "index"
  ["module"] => string(7) "default"
}


--------------------------------------------------------------------------------
2019-07-06T10:31:48+00:00 ERR (3) 404 Seite nicht gefunden
REMOTE_ADDR: 116.203.182.207
HTTP_REFERER: http://graphicore.de/forum/
requested: array(3) {
  ["controller"] => string(5) "forum"
  ["action"] => string(5) "index"
  ["module"] => string(7) "default"
}


--------------------------------------------------------------------------------
