2014-08-31T00:39:43+00:00 ERR (3) 404 "hire-lasse" was not found.
REMOTE_ADDR: 37.59.55.128
HTTP_REFERER: 
requested: array(5) {
  ["lang"] => string(2) "de"
  ["action"] => string(4) "page"
  ["key"] => string(10) "hire-lasse"
  ["module"] => string(7) "default"
  ["controller"] => string(5) "index"
}


--------------------------------------------------------------------------------
2014-08-31T00:40:22+00:00 ERR (3) 404 "hire-lasse" was not found.
REMOTE_ADDR: 37.59.55.128
HTTP_REFERER: 
requested: array(5) {
  ["lang"] => string(2) "en"
  ["action"] => string(4) "page"
  ["key"] => string(10) "hire-lasse"
  ["module"] => string(7) "default"
  ["controller"] => string(5) "index"
}


--------------------------------------------------------------------------------
2014-08-31T03:50:02+00:00 ERR (3) 404 Seite nicht gefunden
REMOTE_ADDR: 111.90.148.141
HTTP_REFERER: 
requested: array(4) {
  ["controller"] => string(6) "https:"
  [""] => string(19) "silber-und-blei.com"
  ["action"] => string(5) "index"
  ["module"] => string(7) "default"
}


--------------------------------------------------------------------------------
2014-08-31T03:50:04+00:00 ERR (3) 404 Seite nicht gefunden
REMOTE_ADDR: 111.90.148.141
HTTP_REFERER: 
requested: array(3) {
  ["controller"] => string(2) "js"
  ["action"] => string(1) "'"
  ["module"] => string(7) "default"
}


--------------------------------------------------------------------------------
2014-08-31T15:37:24+00:00 ERR (3) 404 Seite nicht gefunden
REMOTE_ADDR: 92.85.53.211
HTTP_REFERER: 
requested: array(4) {
  ["controller"] => string(6) "https:"
  [""] => string(19) "silber-und-blei.com"
  ["action"] => string(5) "index"
  ["module"] => string(7) "default"
}


--------------------------------------------------------------------------------
2014-08-31T15:37:25+00:00 ERR (3) 404 Seite nicht gefunden
REMOTE_ADDR: 92.85.53.211
HTTP_REFERER: 
requested: array(3) {
  ["controller"] => string(2) "js"
  ["action"] => string(1) "'"
  ["module"] => string(7) "default"
}


--------------------------------------------------------------------------------
2014-08-31T18:34:54+00:00 ERR (3) 404 Page not found
REMOTE_ADDR: 74.209.214.7
HTTP_REFERER: http://www.google.com/
requested: array(6) {
  ["controller"] => string(12) "wp-login.php"
  ["action"] => string(5) "index"
  ["module"] => string(7) "default"
  ["log"] => string(5) "admin"
  ["pwd"] => string(6) "123123"
  ["rememberme"] => string(7) "forever"
}


--------------------------------------------------------------------------------
2014-08-31T18:45:52+00:00 ERR (3) 404 Page not found
REMOTE_ADDR: 74.63.251.59
HTTP_REFERER: http://www.google.com/
requested: array(6) {
  ["controller"] => string(12) "wp-login.php"
  ["action"] => string(5) "index"
  ["module"] => string(7) "default"
  ["log"] => string(5) "admin"
  ["pwd"] => string(5) "admin"
  ["rememberme"] => string(7) "forever"
}


--------------------------------------------------------------------------------
2014-08-31T18:56:48+00:00 ERR (3) 404 Page not found
REMOTE_ADDR: 184.168.200.74
HTTP_REFERER: http://www.google.com/
requested: array(6) {
  ["controller"] => string(12) "wp-login.php"
  ["action"] => string(5) "index"
  ["module"] => string(7) "default"
  ["log"] => string(5) "admin"
  ["pwd"] => string(6) "123456"
  ["rememberme"] => string(7) "forever"
}


--------------------------------------------------------------------------------
2014-08-31T23:20:03+00:00 ERR (3) 404 "" was not found.
REMOTE_ADDR: 208.115.111.73
HTTP_REFERER: 
requested: array(5) {
  ["lang"] => string(2) "en"
  ["action"] => string(7) "archive"
  ["module"] => string(7) "default"
  ["controller"] => string(5) "index"
  ["key"] => string(0) ""
}


--------------------------------------------------------------------------------
2014-08-31T23:43:22+00:00 ERR (3) 404 "hire-lasse" was not found.
REMOTE_ADDR: 85.114.139.54
HTTP_REFERER: 
requested: array(5) {
  ["lang"] => string(2) "de"
  ["action"] => string(4) "page"
  ["key"] => string(10) "hire-lasse"
  ["module"] => string(7) "default"
  ["controller"] => string(5) "index"
}


--------------------------------------------------------------------------------
