2016-07-21T01:06:38+00:00 ERR (3) 404 Seite nicht gefunden
REMOTE_ADDR: 80.30.190.178
HTTP_REFERER: 
requested: array(3) {
  ["controller"] => string(6) "https:"
  ["action"] => string(19) "silber-und-blei.com"
  ["module"] => string(7) "default"
}


--------------------------------------------------------------------------------
2016-07-21T01:06:40+00:00 ERR (3) 404 Seite nicht gefunden
REMOTE_ADDR: 80.30.190.178
HTTP_REFERER: 
requested: array(3) {
  ["controller"] => string(2) "js"
  ["action"] => string(1) "'"
  ["module"] => string(7) "default"
}


--------------------------------------------------------------------------------
2016-07-21T02:05:43+00:00 ERR (3) 404 Seite nicht gefunden
REMOTE_ADDR: 66.249.78.225
HTTP_REFERER: 
requested: array(3) {
  ["controller"] => string(11) ".well-known"
  ["action"] => string(15) "assetlinks.json"
  ["module"] => string(7) "default"
}


--------------------------------------------------------------------------------
2016-07-21T02:07:52+00:00 ERR (3) 404 Seite nicht gefunden
REMOTE_ADDR: 66.249.78.231
HTTP_REFERER: 
requested: array(3) {
  ["controller"] => string(11) ".well-known"
  ["action"] => string(26) "apple-app-site-association"
  ["module"] => string(7) "default"
}


--------------------------------------------------------------------------------
2016-07-21T02:10:02+00:00 ERR (3) 404 Seite nicht gefunden
REMOTE_ADDR: 66.249.78.237
HTTP_REFERER: 
requested: array(3) {
  ["controller"] => string(26) "apple-app-site-association"
  ["action"] => string(5) "index"
  ["module"] => string(7) "default"
}


--------------------------------------------------------------------------------
2016-07-21T02:20:15+00:00 ERR (3) 404 Seite nicht gefunden
REMOTE_ADDR: 210.134.165.2
HTTP_REFERER: 
requested: array(3) {
  ["controller"] => string(4) "test"
  ["action"] => string(8) "wp-admin"
  ["module"] => string(7) "default"
}


--------------------------------------------------------------------------------
2016-07-21T02:35:25+00:00 ERR (3) 404 Seite nicht gefunden
REMOTE_ADDR: 188.40.207.3
HTTP_REFERER: 
requested: array(3) {
  ["controller"] => string(4) "blog"
  ["action"] => string(8) "wp-admin"
  ["module"] => string(7) "default"
}


--------------------------------------------------------------------------------
2016-07-21T02:43:05+00:00 ERR (3) 404 Seite nicht gefunden
REMOTE_ADDR: 185.71.217.131
HTTP_REFERER: 
requested: array(3) {
  ["controller"] => string(2) "wp"
  ["action"] => string(8) "wp-admin"
  ["module"] => string(7) "default"
}


--------------------------------------------------------------------------------
2016-07-21T02:50:44+00:00 ERR (3) 404 Seite nicht gefunden
REMOTE_ADDR: 219.94.163.62
HTTP_REFERER: 
requested: array(3) {
  ["controller"] => string(3) "old"
  ["action"] => string(8) "wp-admin"
  ["module"] => string(7) "default"
}


--------------------------------------------------------------------------------
2016-07-21T04:34:49+00:00 ERR (3) 404 Page not found
REMOTE_ADDR: 195.154.183.187
HTTP_REFERER: http://graphicore.de/license.php
requested: array(3) {
  ["controller"] => string(11) "license.php"
  ["action"] => string(5) "index"
  ["module"] => string(7) "default"
}


--------------------------------------------------------------------------------
2016-07-21T06:13:44+00:00 ERR (3) 404 Seite nicht gefunden
REMOTE_ADDR: 89.163.148.58
HTTP_REFERER: 
requested: array(4) {
  ["controller"] => string(5) "forum"
  ["action"] => string(13) "viewtopic.php"
  ["module"] => string(7) "default"
  ["p"] => string(2) "33"
}


--------------------------------------------------------------------------------
2016-07-21T06:13:48+00:00 ERR (3) 404 Seite nicht gefunden
REMOTE_ADDR: 89.163.148.58
HTTP_REFERER: 
requested: array(8) {
  ["controller"] => string(5) "forum"
  ["action"] => string(13) "viewtopic.php"
  ["module"] => string(7) "default"
  ["t"] => string(2) "13"
  ["start"] => string(1) "0"
  ["postdays"] => string(1) "0"
  ["postorder"] => string(3) "asc"
  ["highlight"] => string(0) ""
}


--------------------------------------------------------------------------------
2016-07-21T06:39:33+00:00 ERR (3) 404 "hire-lasse" was not found.
REMOTE_ADDR: 157.55.39.142
HTTP_REFERER: 
requested: array(5) {
  ["lang"] => string(2) "de"
  ["action"] => string(4) "page"
  ["key"] => string(10) "hire-lasse"
  ["module"] => string(7) "default"
  ["controller"] => string(5) "index"
}


--------------------------------------------------------------------------------
2016-07-21T09:00:03+00:00 ERR (3) 404 "hire-lasse" was not found.
REMOTE_ADDR: 159.203.130.215
HTTP_REFERER: http://graphicore.de/de/archive/2010-09-09_A-Brute-Font-Attack
requested: array(5) {
  ["lang"] => string(2) "de"
  ["action"] => string(4) "page"
  ["key"] => string(10) "hire-lasse"
  ["module"] => string(7) "default"
  ["controller"] => string(5) "index"
}


--------------------------------------------------------------------------------
2016-07-21T09:00:12+00:00 ERR (3) 404 "hire-lasse" was not found.
REMOTE_ADDR: 159.203.130.215
HTTP_REFERER: http://graphicore.de/en/archive/2010-09-09_A-Brute-Font-Attack
requested: array(5) {
  ["lang"] => string(2) "en"
  ["action"] => string(4) "page"
  ["key"] => string(10) "hire-lasse"
  ["module"] => string(7) "default"
  ["controller"] => string(5) "index"
}


--------------------------------------------------------------------------------
2016-07-21T09:30:44+00:00 ERR (3) 404 Seite nicht gefunden
REMOTE_ADDR: 70.233.26.117
HTTP_REFERER: 
requested: array(4) {
  ["controller"] => string(6) "https:"
  [""] => string(19) "silber-und-blei.com"
  ["action"] => string(5) "index"
  ["module"] => string(7) "default"
}


--------------------------------------------------------------------------------
2016-07-21T09:30:45+00:00 ERR (3) 404 Seite nicht gefunden
REMOTE_ADDR: 70.233.26.117
HTTP_REFERER: 
requested: array(3) {
  ["controller"] => string(2) "js"
  ["action"] => string(1) "'"
  ["module"] => string(7) "default"
}


--------------------------------------------------------------------------------
2016-07-21T10:08:56+00:00 ERR (3) 404 Seite nicht gefunden
REMOTE_ADDR: 206.41.176.239
HTTP_REFERER: 
requested: array(5) {
  ["controller"] => string(6) "https:"
  [""] => string(19) "silber-und-blei.com"
  ["galerie"] => string(5) "embed"
  ["action"] => string(5) "index"
  ["module"] => string(7) "default"
}


--------------------------------------------------------------------------------
2016-07-21T10:51:21+00:00 ERR (3) 404 Seite nicht gefunden
REMOTE_ADDR: 85.246.63.241
HTTP_REFERER: 
requested: array(3) {
  ["controller"] => string(6) "https:"
  ["action"] => string(19) "silber-und-blei.com"
  ["module"] => string(7) "default"
}


--------------------------------------------------------------------------------
2016-07-21T10:51:22+00:00 ERR (3) 404 Seite nicht gefunden
REMOTE_ADDR: 85.246.63.241
HTTP_REFERER: 
requested: array(3) {
  ["controller"] => string(2) "js"
  ["action"] => string(1) "'"
  ["module"] => string(7) "default"
}


--------------------------------------------------------------------------------
2016-07-21T14:32:41+00:00 ERR (3) 404 Seite nicht gefunden
REMOTE_ADDR: 80.30.190.178
HTTP_REFERER: 
requested: array(4) {
  ["controller"] => string(6) "https:"
  [""] => string(19) "silber-und-blei.com"
  ["action"] => string(5) "index"
  ["module"] => string(7) "default"
}


--------------------------------------------------------------------------------
2016-07-21T14:32:42+00:00 ERR (3) 404 Seite nicht gefunden
REMOTE_ADDR: 80.30.190.178
HTTP_REFERER: 
requested: array(3) {
  ["controller"] => string(2) "js"
  ["action"] => string(1) "'"
  ["module"] => string(7) "default"
}


--------------------------------------------------------------------------------
2016-07-21T19:49:04+00:00 ERR (3) 404 Seite nicht gefunden
REMOTE_ADDR: 5.196.68.55
HTTP_REFERER: 
requested: array(3) {
  ["controller"] => string(11) "sitemap.xml"
  ["action"] => string(5) "index"
  ["module"] => string(7) "default"
}


--------------------------------------------------------------------------------
2016-07-21T21:18:19+00:00 ERR (3) 404 "hire-lasse" was not found.
REMOTE_ADDR: 157.55.39.142
HTTP_REFERER: 
requested: array(5) {
  ["lang"] => string(2) "de"
  ["action"] => string(4) "page"
  ["key"] => string(10) "hire-lasse"
  ["module"] => string(7) "default"
  ["controller"] => string(5) "index"
}


--------------------------------------------------------------------------------
2016-07-21T22:47:35+00:00 ERR (3) 404 Seite nicht gefunden
REMOTE_ADDR: 129.232.144.74
HTTP_REFERER: 
requested: array(4) {
  ["controller"] => string(6) "https:"
  [""] => string(19) "silber-und-blei.com"
  ["action"] => string(5) "index"
  ["module"] => string(7) "default"
}


--------------------------------------------------------------------------------
2016-07-21T22:47:37+00:00 ERR (3) 404 Seite nicht gefunden
REMOTE_ADDR: 129.232.144.74
HTTP_REFERER: 
requested: array(3) {
  ["controller"] => string(2) "js"
  ["action"] => string(1) "'"
  ["module"] => string(7) "default"
}


--------------------------------------------------------------------------------
