2019-04-30T03:56:40+00:00 ERR (3) 404 Page not found
REMOTE_ADDR: 104.148.64.26
HTTP_REFERER: http://graphicore.de/assets/modules/evogallery/js/uploadify/uploadify.css
requested: array(5) {
  ["controller"] => string(6) "assets"
  ["action"] => string(7) "modules"
  ["evogallery"] => string(2) "js"
  ["uploadify"] => string(13) "uploadify.css"
  ["module"] => string(7) "default"
}


--------------------------------------------------------------------------------
2019-04-30T12:23:57+00:00 ERR (3) 404 Page not found
REMOTE_ADDR: 104.148.64.26
HTTP_REFERER: http://ufojs.org/assets/modules/evogallery/js/uploadify/uploadify.css
requested: array(5) {
  ["controller"] => string(6) "assets"
  ["action"] => string(7) "modules"
  ["evogallery"] => string(2) "js"
  ["uploadify"] => string(13) "uploadify.css"
  ["module"] => string(7) "default"
}


--------------------------------------------------------------------------------
2019-04-30T13:59:02+00:00 ERR (3) 404 Seite nicht gefunden
REMOTE_ADDR: 134.119.247.128
HTTP_REFERER: 
requested: array(3) {
  ["controller"] => string(6) "redaxo"
  ["action"] => string(5) "index"
  ["module"] => string(7) "default"
}


--------------------------------------------------------------------------------
2019-04-30T15:27:09+00:00 ERR (3) 404 Seite nicht gefunden
REMOTE_ADDR: 149.62.16.213
HTTP_REFERER: http://graphicore.de/forum/
requested: array(3) {
  ["controller"] => string(5) "forum"
  ["action"] => string(5) "index"
  ["module"] => string(7) "default"
}


--------------------------------------------------------------------------------
2019-04-30T21:29:29+00:00 ERR (3) 404 Seite nicht gefunden
REMOTE_ADDR: 206.189.177.202
HTTP_REFERER: http://ufojs.org/wp-login.php
requested: array(3) {
  ["controller"] => string(12) "wp-login.php"
  ["action"] => string(5) "index"
  ["module"] => string(7) "default"
}


--------------------------------------------------------------------------------
