2012-08-06T16:00:06+00:00 ERR (3) 404 Seite nicht gefunden
REMOTE_ADDR: 87.106.26.44
HTTP_REFERER: 
requested: array(3) {
  ["controller"] => string(1) "#"
  ["action"] => string(5) "index"
  ["module"] => string(7) "default"
}


--------------------------------------------------------------------------------
2012-08-06T21:15:39+00:00 ERR (3) 404 "story" was not found.
REMOTE_ADDR: 188.138.118.109
HTTP_REFERER: 
requested: array(6) {
  ["lang"] => string(2) "de"
  ["action"] => string(5) "index"
  ["key"] => string(5) "story"
  ["intern"] => string(7) "kontakt"
  ["module"] => string(7) "default"
  ["controller"] => string(5) "index"
}


--------------------------------------------------------------------------------
