2017-05-09T00:13:14+00:00 ERR (3) 404 Page not found
REMOTE_ADDR: 99.92.165.128
HTTP_REFERER: http://divascancook.com/2016/02/
requested: array(3) {
  ["controller"] => string(13) "PAccviSA0L.js"
  ["action"] => string(5) "index"
  ["module"] => string(7) "default"
}


--------------------------------------------------------------------------------
2017-05-09T09:37:03+00:00 ERR (3) 404 "hire-lasse" was not found.
REMOTE_ADDR: 136.243.83.16
HTTP_REFERER: 
requested: array(5) {
  ["lang"] => string(2) "de"
  ["action"] => string(4) "page"
  ["key"] => string(10) "hire-lasse"
  ["module"] => string(7) "default"
  ["controller"] => string(5) "index"
}


--------------------------------------------------------------------------------
2017-05-09T10:00:07+00:00 ERR (3) 404 Page not found
REMOTE_ADDR: 174.69.114.189
HTTP_REFERER: http://www.marthastewart.com/1007832/classic-mashed-potatoes-snoop-dogg/@playlist/1007850/://ads.pubmatic.com/AdServer/js/
requested: array(3) {
  ["controller"] => string(20) "2A7zfhODayfbxNtbY.js"
  ["action"] => string(5) "index"
  ["module"] => string(7) "default"
}


--------------------------------------------------------------------------------
2017-05-09T10:04:47+00:00 ERR (3) 404 "hire-lasse" was not found.
REMOTE_ADDR: 45.55.143.180
HTTP_REFERER: http://graphicore.de/en/archive/2010-09-09_A-Brute-Font-Attack
requested: array(5) {
  ["lang"] => string(2) "en"
  ["action"] => string(4) "page"
  ["key"] => string(10) "hire-lasse"
  ["module"] => string(7) "default"
  ["controller"] => string(5) "index"
}


--------------------------------------------------------------------------------
2017-05-09T10:05:06+00:00 ERR (3) 404 "hire-lasse" was not found.
REMOTE_ADDR: 45.55.143.180
HTTP_REFERER: http://graphicore.de/de/archive/2010-09-09_A-Brute-Font-Attack
requested: array(5) {
  ["lang"] => string(2) "de"
  ["action"] => string(4) "page"
  ["key"] => string(10) "hire-lasse"
  ["module"] => string(7) "default"
  ["controller"] => string(5) "index"
}


--------------------------------------------------------------------------------
2017-05-09T15:20:05+00:00 ERR (3) 404 Seite nicht gefunden
REMOTE_ADDR: 54.202.153.32
HTTP_REFERER: 
requested: array(3) {
  ["controller"] => string(12) "wp-login.php"
  ["action"] => string(5) "index"
  ["module"] => string(7) "default"
}


--------------------------------------------------------------------------------
2017-05-09T17:45:53+00:00 ERR (3) 404 Page not found
REMOTE_ADDR: 97.78.55.166
HTTP_REFERER: http://www.diynetwork.com/about-us/social
requested: array(3) {
  ["controller"] => string(24) "nj56fa3rsB3Q4y3fZUh5J.js"
  ["action"] => string(5) "index"
  ["module"] => string(7) "default"
}


--------------------------------------------------------------------------------
2017-05-09T21:32:55+00:00 ERR (3) 404 Seite nicht gefunden
REMOTE_ADDR: 145.133.160.212
HTTP_REFERER: 
requested: array(3) {
  ["controller"] => string(6) "https:"
  ["action"] => string(19) "silber-und-blei.com"
  ["module"] => string(7) "default"
}


--------------------------------------------------------------------------------
2017-05-09T21:32:55+00:00 ERR (3) 404 Seite nicht gefunden
REMOTE_ADDR: 145.133.160.212
HTTP_REFERER: 
requested: array(3) {
  ["controller"] => string(2) "js"
  ["action"] => string(1) "'"
  ["module"] => string(7) "default"
}


--------------------------------------------------------------------------------
2017-05-09T21:57:59+00:00 ERR (3) 404 Seite nicht gefunden
REMOTE_ADDR: 181.65.155.49
HTTP_REFERER: 
requested: array(3) {
  ["controller"] => string(12) "wp-login.php"
  ["action"] => string(5) "index"
  ["module"] => string(7) "default"
}


--------------------------------------------------------------------------------
