2013-07-05T08:22:18+00:00 ERR (3) 404 Seite nicht gefunden
REMOTE_ADDR: 91.233.249.42
HTTP_REFERER: http://graphicore.de/forum/
requested: array(3) {
  ["controller"] => string(5) "forum"
  ["action"] => string(5) "index"
  ["module"] => string(7) "default"
}


--------------------------------------------------------------------------------
2013-07-05T22:12:54+00:00 ERR (3) 404 Page not found
REMOTE_ADDR: 173.192.222.228
HTTP_REFERER: http://www.graphicore.de/
requested: array(3) {
  ["controller"] => string(5) "forum"
  ["action"] => string(9) "index.php"
  ["module"] => string(7) "default"
}


--------------------------------------------------------------------------------
2013-07-05T23:46:26+00:00 ERR (3) 404 Seite nicht gefunden
REMOTE_ADDR: 178.120.64.106
HTTP_REFERER: http://graphicore.de/forum/
requested: array(3) {
  ["controller"] => string(5) "forum"
  ["action"] => string(5) "index"
  ["module"] => string(7) "default"
}


--------------------------------------------------------------------------------
