2020-12-18T03:48:36+00:00 ERR (3) 404 "hire-lasse" was not found.
REMOTE_ADDR: 34.243.251.229
HTTP_REFERER: 
requested: array(5) {
  ["lang"] => string(2) "de"
  ["action"] => string(4) "page"
  ["key"] => string(10) "hire-lasse"
  ["module"] => string(7) "default"
  ["controller"] => string(5) "index"
}


--------------------------------------------------------------------------------
2020-12-18T04:12:12+00:00 ERR (3) 404 "competences" was not found.
REMOTE_ADDR: 34.243.251.229
HTTP_REFERER: 
requested: array(5) {
  ["lang"] => string(2) "de"
  ["action"] => string(4) "page"
  ["key"] => string(11) "competences"
  ["module"] => string(7) "default"
  ["controller"] => string(5) "index"
}


--------------------------------------------------------------------------------
2020-12-18T16:36:04+00:00 ERR (3) 404 Seite nicht gefunden
REMOTE_ADDR: 162.241.24.110
HTTP_REFERER: http://graphicore.de/
requested: array(3) {
  ["controller"] => string(9) "wordpress"
  ["action"] => string(8) "wp-admin"
  ["module"] => string(7) "default"
}


--------------------------------------------------------------------------------
2020-12-18T16:51:15+00:00 ERR (3) 404 "" was not found.
REMOTE_ADDR: 216.18.204.200
HTTP_REFERER: http://graphicore.de/
requested: array(5) {
  ["lang"] => string(2) "en"
  ["action"] => string(7) "archive"
  ["module"] => string(7) "default"
  ["controller"] => string(5) "index"
  ["key"] => string(0) ""
}


--------------------------------------------------------------------------------
2020-12-18T16:53:19+00:00 ERR (3) 404 "hire-lasse" was not found.
REMOTE_ADDR: 216.18.204.200
HTTP_REFERER: http://graphicore.de/
requested: array(5) {
  ["lang"] => string(2) "en"
  ["action"] => string(4) "page"
  ["key"] => string(10) "hire-lasse"
  ["module"] => string(7) "default"
  ["controller"] => string(5) "index"
}


--------------------------------------------------------------------------------
2020-12-18T17:10:15+00:00 ERR (3) 404 "" was not found.
REMOTE_ADDR: 216.18.204.200
HTTP_REFERER: http://graphicore.de/
requested: array(5) {
  ["lang"] => string(2) "de"
  ["action"] => string(7) "archive"
  ["module"] => string(7) "default"
  ["controller"] => string(5) "index"
  ["key"] => string(0) ""
}


--------------------------------------------------------------------------------
2020-12-18T17:10:20+00:00 ERR (3) 404 "hire-lasse" was not found.
REMOTE_ADDR: 216.18.204.200
HTTP_REFERER: http://graphicore.de/
requested: array(5) {
  ["lang"] => string(2) "de"
  ["action"] => string(4) "page"
  ["key"] => string(10) "hire-lasse"
  ["module"] => string(7) "default"
  ["controller"] => string(5) "index"
}


--------------------------------------------------------------------------------
2020-12-18T17:10:25+00:00 ERR (3) 404 "competences" was not found.
REMOTE_ADDR: 216.18.204.200
HTTP_REFERER: http://graphicore.de/
requested: array(5) {
  ["lang"] => string(2) "en"
  ["action"] => string(4) "page"
  ["key"] => string(11) "competences"
  ["module"] => string(7) "default"
  ["controller"] => string(5) "index"
}


--------------------------------------------------------------------------------
2020-12-18T17:33:43+00:00 ERR (3) 404 "competences" was not found.
REMOTE_ADDR: 66.249.66.83
HTTP_REFERER: 
requested: array(5) {
  ["lang"] => string(2) "en"
  ["action"] => string(4) "page"
  ["key"] => string(11) "competences"
  ["module"] => string(7) "default"
  ["controller"] => string(5) "index"
}


--------------------------------------------------------------------------------
2020-12-18T23:54:21+00:00 ERR (3) 404 "competences" was not found.
REMOTE_ADDR: 62.210.143.6
HTTP_REFERER: 
requested: array(5) {
  ["lang"] => string(2) "en"
  ["action"] => string(4) "page"
  ["key"] => string(11) "competences"
  ["module"] => string(7) "default"
  ["controller"] => string(5) "index"
}


--------------------------------------------------------------------------------
