2017-08-16T00:21:47+00:00 ERR (3) 404 Seite nicht gefunden
REMOTE_ADDR: 178.137.82.201
HTTP_REFERER: 
requested: array(3) {
  ["controller"] => string(11) "wp-includes"
  ["action"] => string(15) "wlwmanifest.xml"
  ["module"] => string(7) "default"
}


--------------------------------------------------------------------------------
2017-08-16T00:21:47+00:00 ERR (3) 404 Seite nicht gefunden
REMOTE_ADDR: 178.137.82.201
HTTP_REFERER: 
requested: array(3) {
  ["controller"] => string(4) "blog"
  ["action"] => string(11) "wp-includes"
  ["module"] => string(7) "default"
}


--------------------------------------------------------------------------------
2017-08-16T00:21:48+00:00 ERR (3) 404 Seite nicht gefunden
REMOTE_ADDR: 178.137.82.201
HTTP_REFERER: 
requested: array(3) {
  ["controller"] => string(9) "wordpress"
  ["action"] => string(11) "wp-includes"
  ["module"] => string(7) "default"
}


--------------------------------------------------------------------------------
2017-08-16T00:21:48+00:00 ERR (3) 404 Seite nicht gefunden
REMOTE_ADDR: 178.137.82.201
HTTP_REFERER: 
requested: array(3) {
  ["controller"] => string(2) "wp"
  ["action"] => string(11) "wp-includes"
  ["module"] => string(7) "default"
}


--------------------------------------------------------------------------------
2017-08-16T00:21:48+00:00 ERR (3) 404 Seite nicht gefunden
REMOTE_ADDR: 178.137.82.201
HTTP_REFERER: 
requested: array(3) {
  ["controller"] => string(4) "site"
  ["action"] => string(11) "wp-includes"
  ["module"] => string(7) "default"
}


--------------------------------------------------------------------------------
2017-08-16T00:21:48+00:00 ERR (3) 404 Seite nicht gefunden
REMOTE_ADDR: 178.137.82.201
HTTP_REFERER: 
requested: array(3) {
  ["controller"] => string(3) "cms"
  ["action"] => string(11) "wp-includes"
  ["module"] => string(7) "default"
}


--------------------------------------------------------------------------------
2017-08-16T07:49:23+00:00 ERR (3) 404 Seite nicht gefunden
REMOTE_ADDR: 51.254.190.52
HTTP_REFERER: 
requested: array(3) {
  ["controller"] => string(6) "https:"
  ["action"] => string(19) "silber-und-blei.com"
  ["module"] => string(7) "default"
}


--------------------------------------------------------------------------------
2017-08-16T07:49:23+00:00 ERR (3) 404 Seite nicht gefunden
REMOTE_ADDR: 51.254.190.52
HTTP_REFERER: 
requested: array(3) {
  ["controller"] => string(2) "js"
  ["action"] => string(1) "'"
  ["module"] => string(7) "default"
}


--------------------------------------------------------------------------------
2017-08-16T07:58:05+00:00 ERR (3) 404 "hire-lasse" was not found.
REMOTE_ADDR: 159.203.172.41
HTTP_REFERER: http://graphicore.de/en/archive/2010-09-09_A-Brute-Font-Attack
requested: array(5) {
  ["lang"] => string(2) "en"
  ["action"] => string(4) "page"
  ["key"] => string(10) "hire-lasse"
  ["module"] => string(7) "default"
  ["controller"] => string(5) "index"
}


--------------------------------------------------------------------------------
2017-08-16T07:58:16+00:00 ERR (3) 404 "hire-lasse" was not found.
REMOTE_ADDR: 159.203.172.41
HTTP_REFERER: http://graphicore.de/de/archive/2010-09-09_A-Brute-Font-Attack
requested: array(5) {
  ["lang"] => string(2) "de"
  ["action"] => string(4) "page"
  ["key"] => string(10) "hire-lasse"
  ["module"] => string(7) "default"
  ["controller"] => string(5) "index"
}


--------------------------------------------------------------------------------
2017-08-16T09:57:07+00:00 ERR (3) 404 Seite nicht gefunden
REMOTE_ADDR: 51.254.190.52
HTTP_REFERER: 
requested: array(4) {
  ["controller"] => string(6) "https:"
  [""] => string(19) "silber-und-blei.com"
  ["action"] => string(5) "index"
  ["module"] => string(7) "default"
}


--------------------------------------------------------------------------------
2017-08-16T09:57:08+00:00 ERR (3) 404 Seite nicht gefunden
REMOTE_ADDR: 51.254.190.52
HTTP_REFERER: 
requested: array(3) {
  ["controller"] => string(2) "js"
  ["action"] => string(1) "'"
  ["module"] => string(7) "default"
}


--------------------------------------------------------------------------------
2017-08-16T15:37:51+00:00 ERR (3) 404 "2014-02-27_kaufland-firewall-service" was not found.
REMOTE_ADDR: 66.249.76.67
HTTP_REFERER: 
requested: array(5) {
  ["lang"] => string(2) "de"
  ["action"] => string(7) "archive"
  ["key"] => string(36) "2014-02-27_kaufland-firewall-service"
  ["module"] => string(7) "default"
  ["controller"] => string(5) "index"
}


--------------------------------------------------------------------------------
2017-08-16T16:54:22+00:00 ERR (3) 404 Seite nicht gefunden
REMOTE_ADDR: 66.249.66.95
HTTP_REFERER: 
requested: array(4) {
  ["controller"] => string(5) "diary"
  ["action"] => string(29) "tag:graphicore.de,2015-07-28:"
  ["diary"] => string(27) "2015072812483855b77a264cda6"
  ["module"] => string(7) "default"
}


--------------------------------------------------------------------------------
2017-08-16T22:58:23+00:00 ERR (3) 404 Seite nicht gefunden
REMOTE_ADDR: 221.133.7.120
HTTP_REFERER: graphicore.de
requested: array(3) {
  ["controller"] => string(3) "mm5"
  ["action"] => string(9) "admin.mvc"
  ["module"] => string(7) "default"
}


--------------------------------------------------------------------------------
2017-08-16T22:58:24+00:00 ERR (3) 404 Seite nicht gefunden
REMOTE_ADDR: 221.133.7.120
HTTP_REFERER: graphicore.de
requested: array(3) {
  ["controller"] => string(3) "mm5"
  ["action"] => string(9) "admin.mvc"
  ["module"] => string(7) "default"
}


--------------------------------------------------------------------------------
2017-08-16T22:58:28+00:00 ERR (3) 404 Seite nicht gefunden
REMOTE_ADDR: 221.133.7.120
HTTP_REFERER: graphicore.de
requested: array(3) {
  ["controller"] => string(3) "mm5"
  ["action"] => string(9) "admin.mvc"
  ["module"] => string(7) "default"
}


--------------------------------------------------------------------------------
2017-08-16T22:58:32+00:00 ERR (3) 404 Seite nicht gefunden
REMOTE_ADDR: 221.133.7.120
HTTP_REFERER: graphicore.de
requested: array(3) {
  ["controller"] => string(3) "mm5"
  ["action"] => string(9) "admin.mvc"
  ["module"] => string(7) "default"
}


--------------------------------------------------------------------------------
