2011-01-02T00:50:56+00:00 ERR (3) 404 Seite nicht gefunden
REMOTE_ADDR: 83.169.26.5
HTTP_REFERER: 
requested: array(3) {
  ["controller"] => string(1) "#"
  ["action"] => string(5) "index"
  ["module"] => string(7) "default"
}


--------------------------------------------------------------------------------
2011-01-02T00:51:21+00:00 ERR (3) 404 Seite nicht gefunden
REMOTE_ADDR: 83.169.26.5
HTTP_REFERER: 
requested: array(3) {
  ["controller"] => string(11) ">Impressum<"
  ["action"] => string(3) "a>,"
  ["module"] => string(7) "default"
}


--------------------------------------------------------------------------------
2011-01-02T00:51:26+00:00 ERR (3) 404 Seite nicht gefunden
REMOTE_ADDR: 83.169.26.5
HTTP_REFERER: 
requested: array(3) {
  ["controller"] => string(11) "default.php"
  ["action"] => string(5) "index"
  ["module"] => string(7) "default"
}


--------------------------------------------------------------------------------
2011-01-02T00:51:26+00:00 ERR (3) 404 Seite nicht gefunden
REMOTE_ADDR: 83.169.26.5
HTTP_REFERER: 
requested: array(3) {
  ["controller"] => string(10) "index.html"
  ["action"] => string(5) "index"
  ["module"] => string(7) "default"
}


--------------------------------------------------------------------------------
2011-01-02T00:51:27+00:00 ERR (3) 404 Seite nicht gefunden
REMOTE_ADDR: 83.169.26.5
HTTP_REFERER: 
requested: array(3) {
  ["controller"] => string(9) "index.htm"
  ["action"] => string(5) "index"
  ["module"] => string(7) "default"
}


--------------------------------------------------------------------------------
2011-01-02T00:51:27+00:00 ERR (3) 404 Seite nicht gefunden
REMOTE_ADDR: 83.169.26.5
HTTP_REFERER: 
requested: array(3) {
  ["controller"] => string(11) "default.htm"
  ["action"] => string(5) "index"
  ["module"] => string(7) "default"
}


--------------------------------------------------------------------------------
2011-01-02T00:51:27+00:00 ERR (3) 404 Seite nicht gefunden
REMOTE_ADDR: 83.169.26.5
HTTP_REFERER: 
requested: array(3) {
  ["controller"] => string(12) "default.html"
  ["action"] => string(5) "index"
  ["module"] => string(7) "default"
}


--------------------------------------------------------------------------------
2011-01-02T00:51:28+00:00 ERR (3) 404 Seite nicht gefunden
REMOTE_ADDR: 83.169.26.5
HTTP_REFERER: 
requested: array(3) {
  ["controller"] => string(9) "index.jsp"
  ["action"] => string(5) "index"
  ["module"] => string(7) "default"
}


--------------------------------------------------------------------------------
2011-01-02T00:51:28+00:00 ERR (3) 404 Seite nicht gefunden
REMOTE_ADDR: 83.169.26.5
HTTP_REFERER: 
requested: array(3) {
  ["controller"] => string(11) "default.jsp"
  ["action"] => string(5) "index"
  ["module"] => string(7) "default"
}


--------------------------------------------------------------------------------
2011-01-02T00:51:28+00:00 ERR (3) 404 Seite nicht gefunden
REMOTE_ADDR: 83.169.26.5
HTTP_REFERER: 
requested: array(3) {
  ["controller"] => string(33) "rankflex_content_duplication_test"
  ["action"] => string(5) "index"
  ["module"] => string(7) "default"
}


--------------------------------------------------------------------------------
2011-01-02T00:51:29+00:00 ERR (3) 404 Seite nicht gefunden
REMOTE_ADDR: 83.169.26.5
HTTP_REFERER: 
requested: array(3) {
  ["controller"] => string(3) "w3c"
  ["action"] => string(7) "p3p.xml"
  ["module"] => string(7) "default"
}


--------------------------------------------------------------------------------
2011-01-02T05:30:10+00:00 ERR (3) 404 "story" was not found.
REMOTE_ADDR: 67.16.94.2
HTTP_REFERER: 
requested: array(6) {
  ["lang"] => string(2) "en"
  ["action"] => string(5) "index"
  ["key"] => string(5) "story"
  ["intern"] => string(14) "dieKulturlosen"
  ["module"] => string(7) "default"
  ["controller"] => string(5) "index"
}


--------------------------------------------------------------------------------
