2015-08-21T00:07:08+00:00 ERR (3) 404 Seite nicht gefunden
REMOTE_ADDR: 188.40.95.70
HTTP_REFERER: 
requested: array(3) {
  ["controller"] => string(5) "diary"
  ["action"] => string(4) "atom"
  ["module"] => string(7) "default"
}


--------------------------------------------------------------------------------
2015-08-21T00:07:10+00:00 ERR (3) 404 Seite nicht gefunden
REMOTE_ADDR: 188.40.95.70
HTTP_REFERER: 
requested: array(3) {
  ["controller"] => string(5) "diary"
  ["action"] => string(17) "tag:graphicore.de"
  ["module"] => string(7) "default"
}


--------------------------------------------------------------------------------
2015-08-21T01:09:47+00:00 ERR (3) 404 Seite nicht gefunden
REMOTE_ADDR: 46.119.115.165
HTTP_REFERER: 
requested: array(3) {
  ["controller"] => string(4) "blog"
  ["action"] => string(10) "robots.txt"
  ["module"] => string(7) "default"
}


--------------------------------------------------------------------------------
2015-08-21T01:09:47+00:00 ERR (3) 404 Seite nicht gefunden
REMOTE_ADDR: 46.119.115.165
HTTP_REFERER: 
requested: array(3) {
  ["controller"] => string(4) "blog"
  ["action"] => string(5) "index"
  ["module"] => string(7) "default"
}


--------------------------------------------------------------------------------
2015-08-21T01:09:48+00:00 ERR (3) 404 Seite nicht gefunden
REMOTE_ADDR: 46.119.115.165
HTTP_REFERER: 
requested: array(3) {
  ["controller"] => string(9) "wordpress"
  ["action"] => string(5) "index"
  ["module"] => string(7) "default"
}


--------------------------------------------------------------------------------
2015-08-21T01:09:48+00:00 ERR (3) 404 Seite nicht gefunden
REMOTE_ADDR: 46.119.115.165
HTTP_REFERER: 
requested: array(3) {
  ["controller"] => string(2) "wp"
  ["action"] => string(5) "index"
  ["module"] => string(7) "default"
}


--------------------------------------------------------------------------------
2015-08-21T01:10:50+00:00 ERR (3) 404 "" was not found.
REMOTE_ADDR: 176.8.90.218
HTTP_REFERER: http://waplocator.com/tags/
requested: array(5) {
  ["lang"] => string(2) "en"
  ["action"] => string(7) "archive"
  ["module"] => string(7) "default"
  ["controller"] => string(5) "index"
  ["key"] => string(0) ""
}


--------------------------------------------------------------------------------
2015-08-21T01:10:50+00:00 ERR (3) 404 "" was not found.
REMOTE_ADDR: 176.8.90.218
HTTP_REFERER: http://waplocator.com/tags/
requested: array(5) {
  ["lang"] => string(2) "en"
  ["action"] => string(7) "archive"
  ["module"] => string(7) "default"
  ["controller"] => string(5) "index"
  ["key"] => string(0) ""
}


--------------------------------------------------------------------------------
2015-08-21T01:10:51+00:00 ERR (3) 404 "" was not found.
REMOTE_ADDR: 176.8.90.218
HTTP_REFERER: http://waplocator.com/tags/
requested: array(5) {
  ["lang"] => string(2) "en"
  ["action"] => string(7) "archive"
  ["module"] => string(7) "default"
  ["controller"] => string(5) "index"
  ["key"] => string(0) ""
}


--------------------------------------------------------------------------------
2015-08-21T01:27:54+00:00 ERR (3) 404 Seite nicht gefunden
REMOTE_ADDR: 192.187.126.162
HTTP_REFERER: 
requested: array(3) {
  ["controller"] => string(6) "Editor"
  ["action"] => string(12) "assetmanager"
  ["module"] => string(7) "default"
}


--------------------------------------------------------------------------------
2015-08-21T01:42:41+00:00 ERR (3) 404 "" was not found.
REMOTE_ADDR: 94.153.10.71
HTTP_REFERER: http://remont-online.net/
requested: array(5) {
  ["lang"] => string(2) "en"
  ["action"] => string(7) "archive"
  ["module"] => string(7) "default"
  ["controller"] => string(5) "index"
  ["key"] => string(0) ""
}


--------------------------------------------------------------------------------
2015-08-21T01:42:42+00:00 ERR (3) 404 "" was not found.
REMOTE_ADDR: 94.153.10.71
HTTP_REFERER: http://remont-online.net/
requested: array(5) {
  ["lang"] => string(2) "en"
  ["action"] => string(7) "archive"
  ["module"] => string(7) "default"
  ["controller"] => string(5) "index"
  ["key"] => string(0) ""
}


--------------------------------------------------------------------------------
2015-08-21T03:55:09+00:00 ERR (3) 404 Seite nicht gefunden
REMOTE_ADDR: 192.187.126.162
HTTP_REFERER: 
requested: array(4) {
  ["controller"] => string(5) "admin"
  ["action"] => string(6) "Editor"
  ["assetmanager"] => string(16) "assetmanager.asp"
  ["module"] => string(7) "default"
}


--------------------------------------------------------------------------------
2015-08-21T04:09:33+00:00 ERR (3) 404 "" was not found.
REMOTE_ADDR: 94.153.10.71
HTTP_REFERER: http://education-cz.ru/godovoy-podgotovitelnyy-kurs
requested: array(5) {
  ["lang"] => string(2) "en"
  ["action"] => string(7) "archive"
  ["module"] => string(7) "default"
  ["controller"] => string(5) "index"
  ["key"] => string(0) ""
}


--------------------------------------------------------------------------------
2015-08-21T04:09:34+00:00 ERR (3) 404 "" was not found.
REMOTE_ADDR: 94.153.10.71
HTTP_REFERER: http://education-cz.ru/godovoy-podgotovitelnyy-kurs
requested: array(5) {
  ["lang"] => string(2) "en"
  ["action"] => string(7) "archive"
  ["module"] => string(7) "default"
  ["controller"] => string(5) "index"
  ["key"] => string(0) ""
}


--------------------------------------------------------------------------------
2015-08-21T04:09:34+00:00 ERR (3) 404 "" was not found.
REMOTE_ADDR: 94.153.10.71
HTTP_REFERER: http://education-cz.ru/godovoy-podgotovitelnyy-kurs
requested: array(5) {
  ["lang"] => string(2) "en"
  ["action"] => string(7) "archive"
  ["module"] => string(7) "default"
  ["controller"] => string(5) "index"
  ["key"] => string(0) ""
}


--------------------------------------------------------------------------------
2015-08-21T04:59:07+00:00 ERR (3) 404 "" was not found.
REMOTE_ADDR: 46.118.115.56
HTTP_REFERER: http://www.micasainvest.com/
requested: array(5) {
  ["lang"] => string(2) "en"
  ["action"] => string(7) "archive"
  ["module"] => string(7) "default"
  ["controller"] => string(5) "index"
  ["key"] => string(0) ""
}


--------------------------------------------------------------------------------
2015-08-21T04:59:08+00:00 ERR (3) 404 "" was not found.
REMOTE_ADDR: 46.118.115.56
HTTP_REFERER: http://www.micasainvest.com/
requested: array(5) {
  ["lang"] => string(2) "en"
  ["action"] => string(7) "archive"
  ["module"] => string(7) "default"
  ["controller"] => string(5) "index"
  ["key"] => string(0) ""
}


--------------------------------------------------------------------------------
2015-08-21T04:59:09+00:00 ERR (3) 404 "" was not found.
REMOTE_ADDR: 46.118.115.56
HTTP_REFERER: http://www.micasainvest.com/
requested: array(5) {
  ["lang"] => string(2) "en"
  ["action"] => string(7) "archive"
  ["module"] => string(7) "default"
  ["controller"] => string(5) "index"
  ["key"] => string(0) ""
}


--------------------------------------------------------------------------------
2015-08-21T06:07:30+00:00 ERR (3) 404 Seite nicht gefunden
REMOTE_ADDR: 192.187.126.162
HTTP_REFERER: 
requested: array(4) {
  ["controller"] => string(5) "admin"
  ["action"] => string(6) "Editor"
  ["assetmanager"] => string(17) "assetmanager.aspx"
  ["module"] => string(7) "default"
}


--------------------------------------------------------------------------------
2015-08-21T06:26:37+00:00 ERR (3) 404 "" was not found.
REMOTE_ADDR: 46.118.115.56
HTTP_REFERER: http://modabutik.ru/
requested: array(5) {
  ["lang"] => string(2) "en"
  ["action"] => string(7) "archive"
  ["module"] => string(7) "default"
  ["controller"] => string(5) "index"
  ["key"] => string(0) ""
}


--------------------------------------------------------------------------------
2015-08-21T06:26:38+00:00 ERR (3) 404 "" was not found.
REMOTE_ADDR: 46.118.115.56
HTTP_REFERER: http://modabutik.ru/
requested: array(5) {
  ["lang"] => string(2) "en"
  ["action"] => string(7) "archive"
  ["module"] => string(7) "default"
  ["controller"] => string(5) "index"
  ["key"] => string(0) ""
}


--------------------------------------------------------------------------------
2015-08-21T07:45:06+00:00 ERR (3) 404 Seite nicht gefunden
REMOTE_ADDR: 62.210.29.117
HTTP_REFERER: 
requested: array(3) {
  ["controller"] => string(5) "forum"
  ["action"] => string(5) "index"
  ["module"] => string(7) "default"
}


--------------------------------------------------------------------------------
2015-08-21T08:37:31+00:00 ERR (3) 404 Seite nicht gefunden
REMOTE_ADDR: 192.187.126.162
HTTP_REFERER: 
requested: array(4) {
  ["controller"] => string(13) "administrator"
  ["action"] => string(6) "Editor"
  ["assetmanager"] => string(16) "assetmanager.asp"
  ["module"] => string(7) "default"
}


--------------------------------------------------------------------------------
2015-08-21T11:35:51+00:00 ERR (3) 404 Seite nicht gefunden
REMOTE_ADDR: 192.187.126.162
HTTP_REFERER: 
requested: array(5) {
  ["controller"] => string(13) "administrator"
  ["action"] => string(17) "SiteEngineManager"
  ["components"] => string(6) "Editor"
  ["assetmanager"] => string(16) "assetmanager.asp"
  ["module"] => string(7) "default"
}


--------------------------------------------------------------------------------
2015-08-21T11:41:18+00:00 ERR (3) 404 "" was not found.
REMOTE_ADDR: 176.8.90.218
HTTP_REFERER: http://drom93.ru/
requested: array(5) {
  ["lang"] => string(2) "en"
  ["action"] => string(7) "archive"
  ["module"] => string(7) "default"
  ["controller"] => string(5) "index"
  ["key"] => string(0) ""
}


--------------------------------------------------------------------------------
2015-08-21T11:41:18+00:00 ERR (3) 404 "" was not found.
REMOTE_ADDR: 176.8.90.218
HTTP_REFERER: http://drom93.ru/
requested: array(5) {
  ["lang"] => string(2) "en"
  ["action"] => string(7) "archive"
  ["module"] => string(7) "default"
  ["controller"] => string(5) "index"
  ["key"] => string(0) ""
}


--------------------------------------------------------------------------------
2015-08-21T11:41:19+00:00 ERR (3) 404 "" was not found.
REMOTE_ADDR: 176.8.90.218
HTTP_REFERER: http://drom93.ru/
requested: array(5) {
  ["lang"] => string(2) "en"
  ["action"] => string(7) "archive"
  ["module"] => string(7) "default"
  ["controller"] => string(5) "index"
  ["key"] => string(0) ""
}


--------------------------------------------------------------------------------
2015-08-21T12:02:03+00:00 ERR (3) 404 "" was not found.
REMOTE_ADDR: 46.118.115.56
HTTP_REFERER: http://na-telefon.biz/
requested: array(5) {
  ["lang"] => string(2) "en"
  ["action"] => string(7) "archive"
  ["module"] => string(7) "default"
  ["controller"] => string(5) "index"
  ["key"] => string(0) ""
}


--------------------------------------------------------------------------------
2015-08-21T12:02:05+00:00 ERR (3) 404 "" was not found.
REMOTE_ADDR: 46.118.115.56
HTTP_REFERER: http://na-telefon.biz/
requested: array(5) {
  ["lang"] => string(2) "en"
  ["action"] => string(7) "archive"
  ["module"] => string(7) "default"
  ["controller"] => string(5) "index"
  ["key"] => string(0) ""
}


--------------------------------------------------------------------------------
2015-08-21T14:33:01+00:00 ERR (3) 404 "" was not found.
REMOTE_ADDR: 94.153.10.71
HTTP_REFERER: http://life-is-beautiful.ru/
requested: array(5) {
  ["lang"] => string(2) "en"
  ["action"] => string(7) "archive"
  ["module"] => string(7) "default"
  ["controller"] => string(5) "index"
  ["key"] => string(0) ""
}


--------------------------------------------------------------------------------
2015-08-21T14:33:02+00:00 ERR (3) 404 "" was not found.
REMOTE_ADDR: 94.153.10.71
HTTP_REFERER: http://life-is-beautiful.ru/
requested: array(5) {
  ["lang"] => string(2) "en"
  ["action"] => string(7) "archive"
  ["module"] => string(7) "default"
  ["controller"] => string(5) "index"
  ["key"] => string(0) ""
}


--------------------------------------------------------------------------------
2015-08-21T14:33:03+00:00 ERR (3) 404 "" was not found.
REMOTE_ADDR: 94.153.10.71
HTTP_REFERER: http://life-is-beautiful.ru/
requested: array(5) {
  ["lang"] => string(2) "en"
  ["action"] => string(7) "archive"
  ["module"] => string(7) "default"
  ["controller"] => string(5) "index"
  ["key"] => string(0) ""
}


--------------------------------------------------------------------------------
2015-08-21T14:39:34+00:00 ERR (3) 404 "" was not found.
REMOTE_ADDR: 94.153.10.71
HTTP_REFERER: http://rapevideosmovies.com/
requested: array(5) {
  ["lang"] => string(2) "en"
  ["action"] => string(7) "archive"
  ["module"] => string(7) "default"
  ["controller"] => string(5) "index"
  ["key"] => string(0) ""
}


--------------------------------------------------------------------------------
2015-08-21T14:39:37+00:00 ERR (3) 404 "" was not found.
REMOTE_ADDR: 94.153.10.71
HTTP_REFERER: http://rapevideosmovies.com/
requested: array(5) {
  ["lang"] => string(2) "en"
  ["action"] => string(7) "archive"
  ["module"] => string(7) "default"
  ["controller"] => string(5) "index"
  ["key"] => string(0) ""
}


--------------------------------------------------------------------------------
2015-08-21T14:44:00+00:00 ERR (3) 404 Seite nicht gefunden
REMOTE_ADDR: 192.187.126.162
HTTP_REFERER: 
requested: array(3) {
  ["controller"] => string(5) "admin"
  ["action"] => string(12) "assetmanager"
  ["module"] => string(7) "default"
}


--------------------------------------------------------------------------------
2015-08-21T15:08:54+00:00 ERR (3) 404 Seite nicht gefunden
REMOTE_ADDR: 37.115.218.144
HTTP_REFERER: http://graphicore.de/forum/
requested: array(3) {
  ["controller"] => string(5) "forum"
  ["action"] => string(5) "index"
  ["module"] => string(7) "default"
}


--------------------------------------------------------------------------------
2015-08-21T16:37:25+00:00 ERR (3) 404 Seite nicht gefunden
REMOTE_ADDR: 54.87.66.111
HTTP_REFERER: 
requested: array(3) {
  ["controller"] => string(20) "apple-touch-icon.png"
  ["action"] => string(5) "index"
  ["module"] => string(7) "default"
}


--------------------------------------------------------------------------------
2015-08-21T17:47:18+00:00 ERR (3) 404 Seite nicht gefunden
REMOTE_ADDR: 192.187.126.162
HTTP_REFERER: 
requested: array(3) {
  ["controller"] => string(6) "editor"
  ["action"] => string(12) "assetmanager"
  ["module"] => string(7) "default"
}


--------------------------------------------------------------------------------
2015-08-21T19:28:33+00:00 ERR (3) 404 "hire-lasse" was not found.
REMOTE_ADDR: 180.76.15.153
HTTP_REFERER: 
requested: array(5) {
  ["lang"] => string(2) "en"
  ["action"] => string(4) "page"
  ["key"] => string(10) "hire-lasse"
  ["module"] => string(7) "default"
  ["controller"] => string(5) "index"
}


--------------------------------------------------------------------------------
2015-08-21T20:57:59+00:00 ERR (3) 404 Seite nicht gefunden
REMOTE_ADDR: 192.187.126.162
HTTP_REFERER: 
requested: array(3) {
  ["controller"] => string(10) "ofrzeditor"
  ["action"] => string(12) "assetmanager"
  ["module"] => string(7) "default"
}


--------------------------------------------------------------------------------
2015-08-21T21:11:27+00:00 ERR (3) 404 Seite nicht gefunden
REMOTE_ADDR: 92.85.178.175
HTTP_REFERER: 
requested: array(3) {
  ["controller"] => string(6) "https:"
  ["action"] => string(19) "silber-und-blei.com"
  ["module"] => string(7) "default"
}


--------------------------------------------------------------------------------
2015-08-21T21:11:28+00:00 ERR (3) 404 Seite nicht gefunden
REMOTE_ADDR: 92.85.178.175
HTTP_REFERER: 
requested: array(3) {
  ["controller"] => string(2) "js"
  ["action"] => string(1) "'"
  ["module"] => string(7) "default"
}


--------------------------------------------------------------------------------
2015-08-21T22:42:28+00:00 ERR (3) 404 "" was not found.
REMOTE_ADDR: 176.8.90.218
HTTP_REFERER: http://zastroyka.org/
requested: array(5) {
  ["lang"] => string(2) "en"
  ["action"] => string(7) "archive"
  ["module"] => string(7) "default"
  ["controller"] => string(5) "index"
  ["key"] => string(0) ""
}


--------------------------------------------------------------------------------
