2015-12-12T00:12:40+00:00 ERR (3) 404 Seite nicht gefunden
REMOTE_ADDR: 87.106.19.124
HTTP_REFERER: 
requested: array(3) {
  ["controller"] => string(5) "admin"
  ["action"] => string(5) "index"
  ["module"] => string(7) "default"
}


--------------------------------------------------------------------------------
2015-12-12T01:15:36+00:00 ERR (3) 404 "" was not found.
REMOTE_ADDR: 157.55.39.12
HTTP_REFERER: 
requested: array(5) {
  ["lang"] => string(2) "en"
  ["action"] => string(7) "archive"
  ["module"] => string(7) "default"
  ["controller"] => string(5) "index"
  ["key"] => string(0) ""
}


--------------------------------------------------------------------------------
2015-12-12T01:25:46+00:00 ERR (3) 404 Seite nicht gefunden
REMOTE_ADDR: 192.187.126.164
HTTP_REFERER: 
requested: array(3) {
  ["controller"] => string(6) "manage"
  ["action"] => string(9) "fckeditor"
  ["module"] => string(7) "default"
}


--------------------------------------------------------------------------------
2015-12-12T03:57:40+00:00 ERR (3) 404 Seite nicht gefunden
REMOTE_ADDR: 192.187.126.164
HTTP_REFERER: 
requested: array(3) {
  ["controller"] => string(7) "manager"
  ["action"] => string(9) "fckeditor"
  ["module"] => string(7) "default"
}


--------------------------------------------------------------------------------
2015-12-12T06:26:47+00:00 ERR (3) 404 Seite nicht gefunden
REMOTE_ADDR: 192.187.126.164
HTTP_REFERER: 
requested: array(4) {
  ["controller"] => string(7) "modules"
  ["action"] => string(9) "fckeditor"
  ["fckeditor"] => string(6) "editor"
  ["module"] => string(7) "default"
}


--------------------------------------------------------------------------------
2015-12-12T08:49:55+00:00 ERR (3) 404 Seite nicht gefunden
REMOTE_ADDR: 192.187.126.164
HTTP_REFERER: 
requested: array(3) {
  ["controller"] => string(4) "plus"
  ["action"] => string(9) "fckeditor"
  ["module"] => string(7) "default"
}


--------------------------------------------------------------------------------
2015-12-12T12:40:00+00:00 ERR (3) 404 "hire-lasse" was not found.
REMOTE_ADDR: 157.55.39.55
HTTP_REFERER: 
requested: array(5) {
  ["lang"] => string(2) "de"
  ["action"] => string(4) "page"
  ["key"] => string(10) "hire-lasse"
  ["module"] => string(7) "default"
  ["controller"] => string(5) "index"
}


--------------------------------------------------------------------------------
2015-12-12T12:51:29+00:00 ERR (3) 404 Seite nicht gefunden
REMOTE_ADDR: 93.193.9.243
HTTP_REFERER: 
requested: array(3) {
  ["controller"] => string(32) "apple-touch-icon-precomposed.png"
  ["action"] => string(5) "index"
  ["module"] => string(7) "default"
}


--------------------------------------------------------------------------------
2015-12-12T12:51:29+00:00 ERR (3) 404 Seite nicht gefunden
REMOTE_ADDR: 93.193.9.243
HTTP_REFERER: 
requested: array(3) {
  ["controller"] => string(20) "apple-touch-icon.png"
  ["action"] => string(5) "index"
  ["module"] => string(7) "default"
}


--------------------------------------------------------------------------------
2015-12-12T13:46:03+00:00 ERR (3) 404 Seite nicht gefunden
REMOTE_ADDR: 192.187.126.164
HTTP_REFERER: 
requested: array(3) {
  ["controller"] => string(8) "weblogin"
  ["action"] => string(6) "editor"
  ["module"] => string(7) "default"
}


--------------------------------------------------------------------------------
2015-12-12T15:53:36+00:00 ERR (3) 404 "hire-lasse" was not found.
REMOTE_ADDR: 193.111.140.153
HTTP_REFERER: 
requested: array(5) {
  ["lang"] => string(2) "en"
  ["action"] => string(4) "page"
  ["key"] => string(10) "hire-lasse"
  ["module"] => string(7) "default"
  ["controller"] => string(5) "index"
}


--------------------------------------------------------------------------------
2015-12-12T16:18:12+00:00 ERR (3) 404 Seite nicht gefunden
REMOTE_ADDR: 192.187.126.164
HTTP_REFERER: 
requested: array(3) {
  ["controller"] => string(10) "_cmseditor"
  ["action"] => string(6) "editor"
  ["module"] => string(7) "default"
}


--------------------------------------------------------------------------------
2015-12-12T16:23:49+00:00 ERR (3) 404 "hire-lasse" was not found.
REMOTE_ADDR: 188.143.232.11
HTTP_REFERER: 
requested: array(5) {
  ["lang"] => string(2) "de"
  ["action"] => string(4) "page"
  ["key"] => string(10) "hire-lasse"
  ["module"] => string(7) "default"
  ["controller"] => string(5) "index"
}


--------------------------------------------------------------------------------
2015-12-12T18:25:29+00:00 ERR (3) 404 Seite nicht gefunden
REMOTE_ADDR: 192.187.126.164
HTTP_REFERER: 
requested: array(3) {
  ["controller"] => string(4) "_lib"
  ["action"] => string(9) "fckeditor"
  ["module"] => string(7) "default"
}


--------------------------------------------------------------------------------
2015-12-12T20:33:55+00:00 ERR (3) 404 Seite nicht gefunden
REMOTE_ADDR: 192.187.126.164
HTTP_REFERER: 
requested: array(3) {
  ["controller"] => string(11) "admineditor"
  ["action"] => string(6) "editor"
  ["module"] => string(7) "default"
}


--------------------------------------------------------------------------------
2015-12-12T23:01:03+00:00 ERR (3) 404 Seite nicht gefunden
REMOTE_ADDR: 192.187.126.164
HTTP_REFERER: 
requested: array(3) {
  ["controller"] => string(8) "ckeditor"
  ["action"] => string(6) "editor"
  ["module"] => string(7) "default"
}


--------------------------------------------------------------------------------
