2017-07-26T01:46:39+00:00 ERR (3) 404 "en" was not found.
REMOTE_ADDR: 216.244.66.201
HTTP_REFERER: 
requested: array(5) {
  ["lang"] => string(2) "de"
  ["action"] => string(7) "archive"
  ["key"] => string(2) "en"
  ["module"] => string(7) "default"
  ["controller"] => string(5) "index"
}


--------------------------------------------------------------------------------
2017-07-26T06:37:47+00:00 ERR (3) 404 Seite nicht gefunden
REMOTE_ADDR: 46.39.53.196
HTTP_REFERER: http://graphicore.de/forum/index.php
requested: array(3) {
  ["controller"] => string(5) "forum"
  ["action"] => string(9) "index.php"
  ["module"] => string(7) "default"
}


--------------------------------------------------------------------------------
2017-07-26T12:13:33+00:00 ERR (3) 404 The filter "de" was not found.
REMOTE_ADDR: 216.244.66.241
HTTP_REFERER: 
requested: array(5) {
  ["lang"] => string(2) "en"
  ["action"] => string(5) "diary"
  ["key"] => string(2) "de"
  ["module"] => string(7) "default"
  ["controller"] => string(5) "index"
}


--------------------------------------------------------------------------------
2017-07-26T16:55:40+00:00 ERR (3) 404 Seite nicht gefunden
REMOTE_ADDR: 192.99.47.111
HTTP_REFERER: 
requested: array(3) {
  ["controller"] => string(11) "sitemap.xml"
  ["action"] => string(5) "index"
  ["module"] => string(7) "default"
}


--------------------------------------------------------------------------------
2017-07-26T21:38:21+00:00 ERR (3) 404 Seite nicht gefunden
REMOTE_ADDR: 79.135.230.116
HTTP_REFERER: 
requested: array(4) {
  ["controller"] => string(9) "wordpress"
  ["action"] => string(8) "wp-admin"
  ["module"] => string(7) "default"
  ["language"] => string(5) "en_US"
}


--------------------------------------------------------------------------------
