2018-09-19T02:05:07+00:00 ERR (3) 404 Seite nicht gefunden
REMOTE_ADDR: 54.37.205.94
HTTP_REFERER: 
requested: array(3) {
  ["controller"] => string(8) "wp-admin"
  ["action"] => string(16) "setup-config.php"
  ["module"] => string(7) "default"
}


--------------------------------------------------------------------------------
2018-09-19T04:29:34+00:00 ERR (3) 404 Seite nicht gefunden
REMOTE_ADDR: 136.144.201.37
HTTP_REFERER: 
requested: array(3) {
  ["controller"] => string(6) "https:"
  ["action"] => string(19) "silber-und-blei.com"
  ["module"] => string(7) "default"
}


--------------------------------------------------------------------------------
2018-09-19T05:23:02+00:00 ERR (3) 404 Seite nicht gefunden
REMOTE_ADDR: 136.144.201.37
HTTP_REFERER: 
requested: array(4) {
  ["controller"] => string(6) "https:"
  [""] => string(19) "silber-und-blei.com"
  ["action"] => string(5) "index"
  ["module"] => string(7) "default"
}


--------------------------------------------------------------------------------
2018-09-19T14:33:38+00:00 ERR (3) 404 "competences" was not found.
REMOTE_ADDR: 54.36.148.240
HTTP_REFERER: 
requested: array(5) {
  ["lang"] => string(2) "de"
  ["action"] => string(4) "page"
  ["key"] => string(11) "competences"
  ["module"] => string(7) "default"
  ["controller"] => string(5) "index"
}


--------------------------------------------------------------------------------
