2015-12-27T02:03:47+00:00 ERR (3) 404 Seite nicht gefunden
REMOTE_ADDR: 207.90.2.15
HTTP_REFERER: 
requested: array(5) {
  ["controller"] => string(6) "https:"
  [""] => string(19) "silber-und-blei.com"
  ["galerie"] => string(5) "embed"
  ["action"] => string(5) "index"
  ["module"] => string(7) "default"
}


--------------------------------------------------------------------------------
2015-12-27T03:20:11+00:00 ERR (3) 404 Seite nicht gefunden
REMOTE_ADDR: 51.255.162.167
HTTP_REFERER: 
requested: array(4) {
  ["controller"] => string(5) "forum"
  ["action"] => string(13) "viewtopic.php"
  ["module"] => string(7) "default"
  ["p"] => string(2) "13"
}


--------------------------------------------------------------------------------
2015-12-27T03:20:16+00:00 ERR (3) 404 Seite nicht gefunden
REMOTE_ADDR: 51.255.162.167
HTTP_REFERER: 
requested: array(4) {
  ["controller"] => string(5) "forum"
  ["action"] => string(13) "viewtopic.php"
  ["module"] => string(7) "default"
  ["p"] => string(2) "14"
}


--------------------------------------------------------------------------------
2015-12-27T03:20:20+00:00 ERR (3) 404 Seite nicht gefunden
REMOTE_ADDR: 51.255.162.167
HTTP_REFERER: 
requested: array(4) {
  ["controller"] => string(5) "forum"
  ["action"] => string(13) "viewtopic.php"
  ["module"] => string(7) "default"
  ["p"] => string(2) "15"
}


--------------------------------------------------------------------------------
2015-12-27T03:20:24+00:00 ERR (3) 404 Seite nicht gefunden
REMOTE_ADDR: 51.255.162.167
HTTP_REFERER: 
requested: array(4) {
  ["controller"] => string(5) "forum"
  ["action"] => string(13) "viewtopic.php"
  ["module"] => string(7) "default"
  ["p"] => string(2) "17"
}


--------------------------------------------------------------------------------
2015-12-27T03:20:27+00:00 ERR (3) 404 Seite nicht gefunden
REMOTE_ADDR: 51.255.162.167
HTTP_REFERER: 
requested: array(4) {
  ["controller"] => string(5) "forum"
  ["action"] => string(13) "viewtopic.php"
  ["module"] => string(7) "default"
  ["p"] => string(2) "19"
}


--------------------------------------------------------------------------------
2015-12-27T03:20:33+00:00 ERR (3) 404 Seite nicht gefunden
REMOTE_ADDR: 51.255.162.167
HTTP_REFERER: 
requested: array(4) {
  ["controller"] => string(5) "forum"
  ["action"] => string(13) "viewtopic.php"
  ["module"] => string(7) "default"
  ["p"] => string(2) "21"
}


--------------------------------------------------------------------------------
2015-12-27T03:20:37+00:00 ERR (3) 404 Seite nicht gefunden
REMOTE_ADDR: 51.255.162.167
HTTP_REFERER: 
requested: array(4) {
  ["controller"] => string(5) "forum"
  ["action"] => string(13) "viewtopic.php"
  ["module"] => string(7) "default"
  ["p"] => string(2) "22"
}


--------------------------------------------------------------------------------
2015-12-27T03:20:43+00:00 ERR (3) 404 Seite nicht gefunden
REMOTE_ADDR: 51.255.162.167
HTTP_REFERER: 
requested: array(4) {
  ["controller"] => string(5) "forum"
  ["action"] => string(13) "viewtopic.php"
  ["module"] => string(7) "default"
  ["p"] => string(2) "23"
}


--------------------------------------------------------------------------------
2015-12-27T03:20:48+00:00 ERR (3) 404 Seite nicht gefunden
REMOTE_ADDR: 51.255.162.167
HTTP_REFERER: 
requested: array(4) {
  ["controller"] => string(5) "forum"
  ["action"] => string(13) "viewtopic.php"
  ["module"] => string(7) "default"
  ["p"] => string(2) "24"
}


--------------------------------------------------------------------------------
2015-12-27T03:20:53+00:00 ERR (3) 404 Seite nicht gefunden
REMOTE_ADDR: 51.255.162.167
HTTP_REFERER: 
requested: array(4) {
  ["controller"] => string(5) "forum"
  ["action"] => string(13) "viewtopic.php"
  ["module"] => string(7) "default"
  ["p"] => string(2) "33"
}


--------------------------------------------------------------------------------
2015-12-27T03:20:58+00:00 ERR (3) 404 Seite nicht gefunden
REMOTE_ADDR: 51.255.162.167
HTTP_REFERER: 
requested: array(4) {
  ["controller"] => string(5) "forum"
  ["action"] => string(13) "viewtopic.php"
  ["module"] => string(7) "default"
  ["p"] => string(2) "34"
}


--------------------------------------------------------------------------------
2015-12-27T03:21:03+00:00 ERR (3) 404 Seite nicht gefunden
REMOTE_ADDR: 51.255.162.167
HTTP_REFERER: 
requested: array(4) {
  ["controller"] => string(5) "forum"
  ["action"] => string(13) "viewtopic.php"
  ["module"] => string(7) "default"
  ["p"] => string(2) "37"
}


--------------------------------------------------------------------------------
2015-12-27T03:21:10+00:00 ERR (3) 404 Seite nicht gefunden
REMOTE_ADDR: 51.255.162.167
HTTP_REFERER: 
requested: array(4) {
  ["controller"] => string(5) "forum"
  ["action"] => string(13) "viewtopic.php"
  ["module"] => string(7) "default"
  ["p"] => string(2) "41"
}


--------------------------------------------------------------------------------
2015-12-27T03:21:15+00:00 ERR (3) 404 Seite nicht gefunden
REMOTE_ADDR: 51.255.162.167
HTTP_REFERER: 
requested: array(4) {
  ["controller"] => string(5) "forum"
  ["action"] => string(13) "viewtopic.php"
  ["module"] => string(7) "default"
  ["p"] => string(2) "42"
}


--------------------------------------------------------------------------------
2015-12-27T03:21:22+00:00 ERR (3) 404 Seite nicht gefunden
REMOTE_ADDR: 51.255.162.167
HTTP_REFERER: 
requested: array(4) {
  ["controller"] => string(5) "forum"
  ["action"] => string(13) "viewtopic.php"
  ["module"] => string(7) "default"
  ["p"] => string(2) "44"
}


--------------------------------------------------------------------------------
2015-12-27T03:21:27+00:00 ERR (3) 404 Seite nicht gefunden
REMOTE_ADDR: 51.255.162.167
HTTP_REFERER: 
requested: array(4) {
  ["controller"] => string(5) "forum"
  ["action"] => string(13) "viewtopic.php"
  ["module"] => string(7) "default"
  ["p"] => string(2) "45"
}


--------------------------------------------------------------------------------
2015-12-27T03:21:34+00:00 ERR (3) 404 Seite nicht gefunden
REMOTE_ADDR: 51.255.162.167
HTTP_REFERER: 
requested: array(4) {
  ["controller"] => string(5) "forum"
  ["action"] => string(13) "viewtopic.php"
  ["module"] => string(7) "default"
  ["p"] => string(2) "46"
}


--------------------------------------------------------------------------------
2015-12-27T03:21:39+00:00 ERR (3) 404 Seite nicht gefunden
REMOTE_ADDR: 51.255.162.167
HTTP_REFERER: 
requested: array(4) {
  ["controller"] => string(5) "forum"
  ["action"] => string(13) "viewtopic.php"
  ["module"] => string(7) "default"
  ["p"] => string(2) "48"
}


--------------------------------------------------------------------------------
2015-12-27T03:21:45+00:00 ERR (3) 404 Seite nicht gefunden
REMOTE_ADDR: 51.255.162.167
HTTP_REFERER: 
requested: array(4) {
  ["controller"] => string(5) "forum"
  ["action"] => string(13) "viewtopic.php"
  ["module"] => string(7) "default"
  ["p"] => string(2) "50"
}


--------------------------------------------------------------------------------
2015-12-27T03:21:50+00:00 ERR (3) 404 Seite nicht gefunden
REMOTE_ADDR: 51.255.162.167
HTTP_REFERER: 
requested: array(4) {
  ["controller"] => string(5) "forum"
  ["action"] => string(13) "viewtopic.php"
  ["module"] => string(7) "default"
  ["p"] => string(2) "51"
}


--------------------------------------------------------------------------------
2015-12-27T03:21:55+00:00 ERR (3) 404 Seite nicht gefunden
REMOTE_ADDR: 51.255.162.167
HTTP_REFERER: 
requested: array(4) {
  ["controller"] => string(5) "forum"
  ["action"] => string(13) "viewtopic.php"
  ["module"] => string(7) "default"
  ["p"] => string(2) "54"
}


--------------------------------------------------------------------------------
2015-12-27T03:22:00+00:00 ERR (3) 404 Seite nicht gefunden
REMOTE_ADDR: 51.255.162.167
HTTP_REFERER: 
requested: array(4) {
  ["controller"] => string(5) "forum"
  ["action"] => string(13) "viewtopic.php"
  ["module"] => string(7) "default"
  ["p"] => string(2) "57"
}


--------------------------------------------------------------------------------
2015-12-27T03:22:06+00:00 ERR (3) 404 Seite nicht gefunden
REMOTE_ADDR: 51.255.162.167
HTTP_REFERER: 
requested: array(4) {
  ["controller"] => string(5) "forum"
  ["action"] => string(13) "viewtopic.php"
  ["module"] => string(7) "default"
  ["p"] => string(2) "58"
}


--------------------------------------------------------------------------------
2015-12-27T03:22:12+00:00 ERR (3) 404 Seite nicht gefunden
REMOTE_ADDR: 51.255.162.167
HTTP_REFERER: 
requested: array(4) {
  ["controller"] => string(5) "forum"
  ["action"] => string(13) "viewtopic.php"
  ["module"] => string(7) "default"
  ["p"] => string(2) "59"
}


--------------------------------------------------------------------------------
2015-12-27T03:22:16+00:00 ERR (3) 404 Seite nicht gefunden
REMOTE_ADDR: 51.255.162.167
HTTP_REFERER: 
requested: array(4) {
  ["controller"] => string(5) "forum"
  ["action"] => string(13) "viewtopic.php"
  ["module"] => string(7) "default"
  ["p"] => string(2) "60"
}


--------------------------------------------------------------------------------
2015-12-27T03:22:21+00:00 ERR (3) 404 Seite nicht gefunden
REMOTE_ADDR: 51.255.162.167
HTTP_REFERER: 
requested: array(4) {
  ["controller"] => string(5) "forum"
  ["action"] => string(13) "viewtopic.php"
  ["module"] => string(7) "default"
  ["p"] => string(2) "61"
}


--------------------------------------------------------------------------------
2015-12-27T03:22:25+00:00 ERR (3) 404 Seite nicht gefunden
REMOTE_ADDR: 51.255.162.167
HTTP_REFERER: 
requested: array(4) {
  ["controller"] => string(5) "forum"
  ["action"] => string(13) "viewtopic.php"
  ["module"] => string(7) "default"
  ["p"] => string(2) "62"
}


--------------------------------------------------------------------------------
2015-12-27T03:22:31+00:00 ERR (3) 404 Seite nicht gefunden
REMOTE_ADDR: 51.255.162.167
HTTP_REFERER: 
requested: array(4) {
  ["controller"] => string(5) "forum"
  ["action"] => string(13) "viewtopic.php"
  ["module"] => string(7) "default"
  ["p"] => string(2) "63"
}


--------------------------------------------------------------------------------
2015-12-27T03:22:36+00:00 ERR (3) 404 Seite nicht gefunden
REMOTE_ADDR: 51.255.162.167
HTTP_REFERER: 
requested: array(4) {
  ["controller"] => string(5) "forum"
  ["action"] => string(13) "viewtopic.php"
  ["module"] => string(7) "default"
  ["p"] => string(2) "64"
}


--------------------------------------------------------------------------------
2015-12-27T03:22:41+00:00 ERR (3) 404 Seite nicht gefunden
REMOTE_ADDR: 51.255.162.167
HTTP_REFERER: 
requested: array(4) {
  ["controller"] => string(5) "forum"
  ["action"] => string(13) "viewtopic.php"
  ["module"] => string(7) "default"
  ["p"] => string(2) "67"
}


--------------------------------------------------------------------------------
2015-12-27T03:22:46+00:00 ERR (3) 404 Seite nicht gefunden
REMOTE_ADDR: 51.255.162.167
HTTP_REFERER: 
requested: array(4) {
  ["controller"] => string(5) "forum"
  ["action"] => string(13) "viewtopic.php"
  ["module"] => string(7) "default"
  ["p"] => string(2) "71"
}


--------------------------------------------------------------------------------
2015-12-27T03:22:50+00:00 ERR (3) 404 Seite nicht gefunden
REMOTE_ADDR: 51.255.162.167
HTTP_REFERER: 
requested: array(8) {
  ["controller"] => string(5) "forum"
  ["action"] => string(13) "viewtopic.php"
  ["module"] => string(7) "default"
  ["t"] => string(1) "8"
  ["start"] => string(1) "0"
  ["postdays"] => string(1) "0"
  ["postorder"] => string(3) "asc"
  ["highlight"] => string(0) ""
}


--------------------------------------------------------------------------------
2015-12-27T03:22:56+00:00 ERR (3) 404 Seite nicht gefunden
REMOTE_ADDR: 51.255.162.167
HTTP_REFERER: 
requested: array(4) {
  ["controller"] => string(5) "forum"
  ["action"] => string(13) "viewtopic.php"
  ["module"] => string(7) "default"
  ["t"] => string(1) "9"
}


--------------------------------------------------------------------------------
2015-12-27T03:23:04+00:00 ERR (3) 404 Seite nicht gefunden
REMOTE_ADDR: 51.255.162.167
HTTP_REFERER: 
requested: array(8) {
  ["controller"] => string(5) "forum"
  ["action"] => string(13) "viewtopic.php"
  ["module"] => string(7) "default"
  ["t"] => string(1) "9"
  ["start"] => string(1) "0"
  ["postdays"] => string(1) "0"
  ["postorder"] => string(3) "asc"
  ["highlight"] => string(0) ""
}


--------------------------------------------------------------------------------
2015-12-27T18:40:24+00:00 ERR (3) 404 "hire-lasse" was not found.
REMOTE_ADDR: 188.138.41.207
HTTP_REFERER: 
requested: array(5) {
  ["lang"] => string(2) "de"
  ["action"] => string(4) "page"
  ["key"] => string(10) "hire-lasse"
  ["module"] => string(7) "default"
  ["controller"] => string(5) "index"
}


--------------------------------------------------------------------------------
2015-12-27T18:51:00+00:00 ERR (3) 404 "hire-lasse" was not found.
REMOTE_ADDR: 188.138.41.207
HTTP_REFERER: 
requested: array(5) {
  ["lang"] => string(2) "en"
  ["action"] => string(4) "page"
  ["key"] => string(10) "hire-lasse"
  ["module"] => string(7) "default"
  ["controller"] => string(5) "index"
}


--------------------------------------------------------------------------------
2015-12-27T19:40:55+00:00 ERR (3) 404 "hire-lasse" was not found.
REMOTE_ADDR: 188.165.15.160
HTTP_REFERER: 
requested: array(5) {
  ["lang"] => string(2) "en"
  ["action"] => string(4) "page"
  ["key"] => string(10) "hire-lasse"
  ["module"] => string(7) "default"
  ["controller"] => string(5) "index"
}


--------------------------------------------------------------------------------
2015-12-27T19:42:48+00:00 ERR (3) 404 "hire-lasse" was not found.
REMOTE_ADDR: 146.185.234.48
HTTP_REFERER: 
requested: array(5) {
  ["lang"] => string(2) "en"
  ["action"] => string(4) "page"
  ["key"] => string(10) "hire-lasse"
  ["module"] => string(7) "default"
  ["controller"] => string(5) "index"
}


--------------------------------------------------------------------------------
2015-12-27T21:15:18+00:00 ERR (3) 404 "hire-lasse" was not found.
REMOTE_ADDR: 207.46.13.98
HTTP_REFERER: 
requested: array(5) {
  ["lang"] => string(2) "de"
  ["action"] => string(4) "page"
  ["key"] => string(10) "hire-lasse"
  ["module"] => string(7) "default"
  ["controller"] => string(5) "index"
}


--------------------------------------------------------------------------------
