2014-04-02T03:03:41+00:00 ERR (3) 404 "de" was not found.
REMOTE_ADDR: 208.115.111.73
HTTP_REFERER: 
requested: array(5) {
  ["lang"] => string(2) "en"
  ["action"] => string(4) "page"
  ["key"] => string(2) "de"
  ["module"] => string(7) "default"
  ["controller"] => string(5) "index"
}


--------------------------------------------------------------------------------
2014-04-02T03:17:55+00:00 ERR (3) 404 Seite nicht gefunden
REMOTE_ADDR: 37.140.141.27
HTTP_REFERER: 
requested: array(4) {
  ["controller"] => string(6) "images"
  ["action"] => string(7) "managed"
  ["en"] => string(11) "diaryTeaser"
  ["module"] => string(7) "default"
}


--------------------------------------------------------------------------------
2014-04-02T05:21:50+00:00 ERR (3) 404 "2014-02-27_kaufland-firewall-service" was not found.
REMOTE_ADDR: 66.249.76.38
HTTP_REFERER: 
requested: array(5) {
  ["lang"] => string(2) "de"
  ["action"] => string(7) "archive"
  ["key"] => string(36) "2014-02-27_kaufland-firewall-service"
  ["module"] => string(7) "default"
  ["controller"] => string(5) "index"
}


--------------------------------------------------------------------------------
2014-04-02T08:57:18+00:00 ERR (3) 404 Seite nicht gefunden
REMOTE_ADDR: 37.140.141.27
HTTP_REFERER: 
requested: array(3) {
  ["controller"] => string(6) "images"
  ["action"] => string(5) "diary"
  ["module"] => string(7) "default"
}


--------------------------------------------------------------------------------
2014-04-02T11:05:28+00:00 ERR (3) 404 "de" was not found.
REMOTE_ADDR: 208.115.111.73
HTTP_REFERER: 
requested: array(5) {
  ["lang"] => string(2) "en"
  ["action"] => string(4) "page"
  ["key"] => string(2) "de"
  ["module"] => string(7) "default"
  ["controller"] => string(5) "index"
}


--------------------------------------------------------------------------------
2014-04-02T11:58:33+00:00 ERR (3) 404 Seite nicht gefunden
REMOTE_ADDR: 66.249.76.38
HTTP_REFERER: 
requested: array(4) {
  ["controller"] => string(6) "images"
  ["action"] => string(7) "managed"
  ["en"] => string(11) "diaryTeaser"
  ["module"] => string(7) "default"
}


--------------------------------------------------------------------------------
