2020-08-26T08:21:10+00:00 ERR (3) 404 Seite nicht gefunden
REMOTE_ADDR: 216.144.230.233
HTTP_REFERER: http://graphicore.de/forum/index.php
requested: array(3) {
  ["controller"] => string(5) "forum"
  ["action"] => string(9) "index.php"
  ["module"] => string(7) "default"
}


--------------------------------------------------------------------------------
2020-08-26T14:19:20+00:00 ERR (3) 404 Seite nicht gefunden
REMOTE_ADDR: 52.175.155.252
HTTP_REFERER: 
requested: array(3) {
  ["controller"] => string(4) ".env"
  ["action"] => string(5) "index"
  ["module"] => string(7) "default"
}


--------------------------------------------------------------------------------
2020-08-26T17:59:26+00:00 ERR (3) 404 Seite nicht gefunden
REMOTE_ADDR: 139.162.241.167
HTTP_REFERER: 
requested: array(3) {
  ["controller"] => string(2) "js"
  ["action"] => string(8) "admin.js"
  ["module"] => string(7) "default"
}


--------------------------------------------------------------------------------
2020-08-26T20:16:19+00:00 ERR (3) 404 Seite nicht gefunden
REMOTE_ADDR: 162.241.218.205
HTTP_REFERER: http://graphicore.de/
requested: array(3) {
  ["controller"] => string(3) "OLD"
  ["action"] => string(8) "wp-admin"
  ["module"] => string(7) "default"
}


--------------------------------------------------------------------------------
2020-08-26T21:42:46+00:00 ERR (3) 404 "hire-lasse" was not found.
REMOTE_ADDR: 54.36.148.152
HTTP_REFERER: 
requested: array(5) {
  ["lang"] => string(2) "en"
  ["action"] => string(4) "page"
  ["key"] => string(10) "hire-lasse"
  ["module"] => string(7) "default"
  ["controller"] => string(5) "index"
}


--------------------------------------------------------------------------------
2020-08-26T22:45:37+00:00 ERR (3) 404 "" was not found.
REMOTE_ADDR: 173.231.59.197
HTTP_REFERER: http://graphicore.de/
requested: array(5) {
  ["lang"] => string(2) "en"
  ["action"] => string(7) "archive"
  ["module"] => string(7) "default"
  ["controller"] => string(5) "index"
  ["key"] => string(0) ""
}


--------------------------------------------------------------------------------
2020-08-26T22:46:03+00:00 ERR (3) 404 "hire-lasse" was not found.
REMOTE_ADDR: 173.231.59.197
HTTP_REFERER: http://graphicore.de/
requested: array(5) {
  ["lang"] => string(2) "en"
  ["action"] => string(4) "page"
  ["key"] => string(10) "hire-lasse"
  ["module"] => string(7) "default"
  ["controller"] => string(5) "index"
}


--------------------------------------------------------------------------------
2020-08-26T22:47:04+00:00 ERR (3) 404 "" was not found.
REMOTE_ADDR: 173.231.59.197
HTTP_REFERER: http://graphicore.de/
requested: array(5) {
  ["lang"] => string(2) "de"
  ["action"] => string(7) "archive"
  ["module"] => string(7) "default"
  ["controller"] => string(5) "index"
  ["key"] => string(0) ""
}


--------------------------------------------------------------------------------
2020-08-26T22:47:33+00:00 ERR (3) 404 "hire-lasse" was not found.
REMOTE_ADDR: 173.231.59.197
HTTP_REFERER: http://graphicore.de/
requested: array(5) {
  ["lang"] => string(2) "de"
  ["action"] => string(4) "page"
  ["key"] => string(10) "hire-lasse"
  ["module"] => string(7) "default"
  ["controller"] => string(5) "index"
}


--------------------------------------------------------------------------------
2020-08-26T22:47:49+00:00 ERR (3) 404 "competences" was not found.
REMOTE_ADDR: 173.231.59.197
HTTP_REFERER: http://graphicore.de/
requested: array(5) {
  ["lang"] => string(2) "en"
  ["action"] => string(4) "page"
  ["key"] => string(11) "competences"
  ["module"] => string(7) "default"
  ["controller"] => string(5) "index"
}


--------------------------------------------------------------------------------
2020-08-26T23:37:23+00:00 ERR (3) 404 "hire-lasse" was not found.
REMOTE_ADDR: 46.229.168.161
HTTP_REFERER: 
requested: array(5) {
  ["lang"] => string(2) "de"
  ["action"] => string(4) "page"
  ["key"] => string(10) "hire-lasse"
  ["module"] => string(7) "default"
  ["controller"] => string(5) "index"
}


--------------------------------------------------------------------------------
