2012-04-24T02:52:58+00:00 ERR (3) 404 Seite nicht gefunden
REMOTE_ADDR: 94.230.166.185
HTTP_REFERER: http://graphicore.de/forum/index.php
requested: array(3) {
  ["controller"] => string(5) "forum"
  ["action"] => string(9) "index.php"
  ["module"] => string(7) "default"
}


--------------------------------------------------------------------------------
2012-04-24T11:17:26+00:00 ERR (3) 404 Seite nicht gefunden
REMOTE_ADDR: 72.9.156.122
HTTP_REFERER: 
requested: array(3) {
  ["controller"] => string(12) "wp-login.php"
  ["action"] => string(5) "index"
  ["module"] => string(7) "default"
}


--------------------------------------------------------------------------------
2012-04-24T21:05:36+00:00 ERR (3) 404 "topic" was not found.
REMOTE_ADDR: 176.103.212.193
HTTP_REFERER: http://graphicore.de/de/index/topic/intern/news/
requested: array(6) {
  ["lang"] => string(2) "de"
  ["action"] => string(5) "index"
  ["key"] => string(5) "topic"
  ["intern"] => string(4) "news"
  ["module"] => string(7) "default"
  ["controller"] => string(5) "index"
}


--------------------------------------------------------------------------------
