2018-04-16T00:19:08+00:00 ERR (3) 404 Seite nicht gefunden
REMOTE_ADDR: 185.219.19.15
HTTP_REFERER: 
requested: array(3) {
  ["controller"] => string(12) "wp-login.php"
  ["action"] => string(5) "index"
  ["module"] => string(7) "default"
}


--------------------------------------------------------------------------------
2018-04-16T01:15:39+00:00 ERR (3) 404 "competences" was not found.
REMOTE_ADDR: 54.36.149.40
HTTP_REFERER: 
requested: array(5) {
  ["lang"] => string(2) "de"
  ["action"] => string(4) "page"
  ["key"] => string(11) "competences"
  ["module"] => string(7) "default"
  ["controller"] => string(5) "index"
}


--------------------------------------------------------------------------------
2018-04-16T03:51:47+00:00 ERR (3) 404 Seite nicht gefunden
REMOTE_ADDR: 194.220.10.157
HTTP_REFERER: 
requested: array(3) {
  ["controller"] => string(12) "wp-login.php"
  ["action"] => string(5) "index"
  ["module"] => string(7) "default"
}


--------------------------------------------------------------------------------
2018-04-16T04:45:59+00:00 ERR (3) 404 Seite nicht gefunden
REMOTE_ADDR: 116.99.254.197
HTTP_REFERER: 
requested: array(3) {
  ["controller"] => string(12) "wp-login.php"
  ["action"] => string(5) "index"
  ["module"] => string(7) "default"
}


--------------------------------------------------------------------------------
2018-04-16T06:38:28+00:00 ERR (3) 404 Seite nicht gefunden
REMOTE_ADDR: 189.153.115.163
HTTP_REFERER: 
requested: array(3) {
  ["controller"] => string(12) "wp-login.php"
  ["action"] => string(5) "index"
  ["module"] => string(7) "default"
}


--------------------------------------------------------------------------------
2018-04-16T06:43:20+00:00 ERR (3) 404 Seite nicht gefunden
REMOTE_ADDR: 78.244.59.201
HTTP_REFERER: 
requested: array(3) {
  ["controller"] => string(12) "wp-login.php"
  ["action"] => string(5) "index"
  ["module"] => string(7) "default"
}


--------------------------------------------------------------------------------
2018-04-16T07:05:41+00:00 ERR (3) 404 Seite nicht gefunden
REMOTE_ADDR: 85.251.50.206
HTTP_REFERER: 
requested: array(3) {
  ["controller"] => string(12) "wp-login.php"
  ["action"] => string(5) "index"
  ["module"] => string(7) "default"
}


--------------------------------------------------------------------------------
2018-04-16T07:19:21+00:00 ERR (3) 404 Seite nicht gefunden
REMOTE_ADDR: 201.13.177.138
HTTP_REFERER: 
requested: array(3) {
  ["controller"] => string(12) "wp-login.php"
  ["action"] => string(5) "index"
  ["module"] => string(7) "default"
}


--------------------------------------------------------------------------------
2018-04-16T07:37:41+00:00 ERR (3) 404 Seite nicht gefunden
REMOTE_ADDR: 71.224.188.207
HTTP_REFERER: 
requested: array(3) {
  ["controller"] => string(12) "wp-login.php"
  ["action"] => string(5) "index"
  ["module"] => string(7) "default"
}


--------------------------------------------------------------------------------
2018-04-16T08:28:48+00:00 ERR (3) 404 Seite nicht gefunden
REMOTE_ADDR: 203.128.89.66
HTTP_REFERER: 
requested: array(3) {
  ["controller"] => string(12) "wp-login.php"
  ["action"] => string(5) "index"
  ["module"] => string(7) "default"
}


--------------------------------------------------------------------------------
2018-04-16T09:17:42+00:00 ERR (3) 404 Seite nicht gefunden
REMOTE_ADDR: 207.244.77.26
HTTP_REFERER: 
requested: array(3) {
  ["controller"] => string(12) "wp-login.php"
  ["action"] => string(5) "index"
  ["module"] => string(7) "default"
}


--------------------------------------------------------------------------------
2018-04-16T09:19:20+00:00 ERR (3) 404 Seite nicht gefunden
REMOTE_ADDR: 188.169.175.30
HTTP_REFERER: 
requested: array(3) {
  ["controller"] => string(12) "wp-login.php"
  ["action"] => string(5) "index"
  ["module"] => string(7) "default"
}


--------------------------------------------------------------------------------
2018-04-16T11:21:01+00:00 ERR (3) 404 Seite nicht gefunden
REMOTE_ADDR: 80.178.85.237
HTTP_REFERER: 
requested: array(3) {
  ["controller"] => string(12) "wp-login.php"
  ["action"] => string(5) "index"
  ["module"] => string(7) "default"
}


--------------------------------------------------------------------------------
2018-04-16T13:26:29+00:00 ERR (3) 404 Seite nicht gefunden
REMOTE_ADDR: 94.26.116.90
HTTP_REFERER: 
requested: array(3) {
  ["controller"] => string(12) "wp-login.php"
  ["action"] => string(5) "index"
  ["module"] => string(7) "default"
}


--------------------------------------------------------------------------------
2018-04-16T14:11:34+00:00 ERR (3) 404 "anne" was not found.
REMOTE_ADDR: 91.198.67.78
HTTP_REFERER: 
requested: array(5) {
  ["lang"] => string(2) "en"
  ["action"] => string(4) "page"
  ["key"] => string(4) "anne"
  ["module"] => string(7) "default"
  ["controller"] => string(5) "index"
}


--------------------------------------------------------------------------------
2018-04-16T14:51:44+00:00 ERR (3) 404 Seite nicht gefunden
REMOTE_ADDR: 66.135.63.227
HTTP_REFERER: 
requested: array(3) {
  ["controller"] => string(8) "wp-admin"
  ["action"] => string(5) "index"
  ["module"] => string(7) "default"
}


--------------------------------------------------------------------------------
2018-04-16T14:58:30+00:00 ERR (3) 404 Seite nicht gefunden
REMOTE_ADDR: 212.227.66.233
HTTP_REFERER: 
requested: array(3) {
  ["controller"] => string(4) "test"
  ["action"] => string(8) "wp-admin"
  ["module"] => string(7) "default"
}


--------------------------------------------------------------------------------
2018-04-16T15:03:07+00:00 ERR (3) 404 Seite nicht gefunden
REMOTE_ADDR: 87.67.204.204
HTTP_REFERER: 
requested: array(3) {
  ["controller"] => string(12) "wp-login.php"
  ["action"] => string(5) "index"
  ["module"] => string(7) "default"
}


--------------------------------------------------------------------------------
2018-04-16T15:04:53+00:00 ERR (3) 404 Seite nicht gefunden
REMOTE_ADDR: 84.232.181.3
HTTP_REFERER: 
requested: array(3) {
  ["controller"] => string(9) "wordpress"
  ["action"] => string(8) "wp-admin"
  ["module"] => string(7) "default"
}


--------------------------------------------------------------------------------
2018-04-16T15:11:22+00:00 ERR (3) 404 Seite nicht gefunden
REMOTE_ADDR: 50.87.144.173
HTTP_REFERER: 
requested: array(3) {
  ["controller"] => string(4) "blog"
  ["action"] => string(8) "wp-admin"
  ["module"] => string(7) "default"
}


--------------------------------------------------------------------------------
2018-04-16T15:17:43+00:00 ERR (3) 404 Seite nicht gefunden
REMOTE_ADDR: 217.199.161.222
HTTP_REFERER: 
requested: array(3) {
  ["controller"] => string(2) "wp"
  ["action"] => string(8) "wp-admin"
  ["module"] => string(7) "default"
}


--------------------------------------------------------------------------------
2018-04-16T15:24:08+00:00 ERR (3) 404 Seite nicht gefunden
REMOTE_ADDR: 66.38.32.24
HTTP_REFERER: 
requested: array(3) {
  ["controller"] => string(3) "old"
  ["action"] => string(8) "wp-admin"
  ["module"] => string(7) "default"
}


--------------------------------------------------------------------------------
2018-04-16T15:34:03+00:00 ERR (3) 404 Seite nicht gefunden
REMOTE_ADDR: 187.73.13.83
HTTP_REFERER: 
requested: array(3) {
  ["controller"] => string(12) "wp-login.php"
  ["action"] => string(5) "index"
  ["module"] => string(7) "default"
}


--------------------------------------------------------------------------------
2018-04-16T15:39:35+00:00 ERR (3) 404 Seite nicht gefunden
REMOTE_ADDR: 177.230.113.110
HTTP_REFERER: 
requested: array(3) {
  ["controller"] => string(12) "wp-login.php"
  ["action"] => string(5) "index"
  ["module"] => string(7) "default"
}


--------------------------------------------------------------------------------
2018-04-16T15:50:32+00:00 ERR (3) 404 Seite nicht gefunden
REMOTE_ADDR: 89.64.17.67
HTTP_REFERER: 
requested: array(3) {
  ["controller"] => string(12) "wp-login.php"
  ["action"] => string(5) "index"
  ["module"] => string(7) "default"
}


--------------------------------------------------------------------------------
2018-04-16T16:45:39+00:00 ERR (3) 404 Seite nicht gefunden
REMOTE_ADDR: 186.83.96.13
HTTP_REFERER: 
requested: array(3) {
  ["controller"] => string(12) "wp-login.php"
  ["action"] => string(5) "index"
  ["module"] => string(7) "default"
}


--------------------------------------------------------------------------------
2018-04-16T17:08:14+00:00 ERR (3) 404 Seite nicht gefunden
REMOTE_ADDR: 71.85.148.44
HTTP_REFERER: 
requested: array(3) {
  ["controller"] => string(12) "wp-login.php"
  ["action"] => string(5) "index"
  ["module"] => string(7) "default"
}


--------------------------------------------------------------------------------
2018-04-16T17:08:18+00:00 ERR (3) 404 Seite nicht gefunden
REMOTE_ADDR: 80.250.30.195
HTTP_REFERER: 
requested: array(3) {
  ["controller"] => string(12) "wp-login.php"
  ["action"] => string(5) "index"
  ["module"] => string(7) "default"
}


--------------------------------------------------------------------------------
2018-04-16T18:07:10+00:00 ERR (3) 404 Seite nicht gefunden
REMOTE_ADDR: 89.153.191.227
HTTP_REFERER: 
requested: array(3) {
  ["controller"] => string(12) "wp-login.php"
  ["action"] => string(5) "index"
  ["module"] => string(7) "default"
}


--------------------------------------------------------------------------------
2018-04-16T18:51:02+00:00 ERR (3) 404 Seite nicht gefunden
REMOTE_ADDR: 81.134.86.165
HTTP_REFERER: 
requested: array(3) {
  ["controller"] => string(12) "wp-login.php"
  ["action"] => string(5) "index"
  ["module"] => string(7) "default"
}


--------------------------------------------------------------------------------
2018-04-16T20:02:48+00:00 ERR (3) 404 Seite nicht gefunden
REMOTE_ADDR: 87.126.68.178
HTTP_REFERER: 
requested: array(3) {
  ["controller"] => string(10) "components"
  ["action"] => string(14) "com_b2jcontact"
  ["module"] => string(7) "default"
}


--------------------------------------------------------------------------------
2018-04-16T20:08:33+00:00 ERR (3) 404 Seite nicht gefunden
REMOTE_ADDR: 216.158.232.139
HTTP_REFERER: 
requested: array(3) {
  ["controller"] => string(12) "wp-login.php"
  ["action"] => string(5) "index"
  ["module"] => string(7) "default"
}


--------------------------------------------------------------------------------
2018-04-16T20:26:55+00:00 ERR (3) 404 Seite nicht gefunden
REMOTE_ADDR: 78.160.66.230
HTTP_REFERER: 
requested: array(3) {
  ["controller"] => string(12) "wp-login.php"
  ["action"] => string(5) "index"
  ["module"] => string(7) "default"
}


--------------------------------------------------------------------------------
2018-04-16T20:29:23+00:00 ERR (3) 404 Seite nicht gefunden
REMOTE_ADDR: 2.110.233.215
HTTP_REFERER: 
requested: array(3) {
  ["controller"] => string(12) "wp-login.php"
  ["action"] => string(5) "index"
  ["module"] => string(7) "default"
}


--------------------------------------------------------------------------------
2018-04-16T20:45:53+00:00 ERR (3) 404 Seite nicht gefunden
REMOTE_ADDR: 176.158.75.228
HTTP_REFERER: 
requested: array(3) {
  ["controller"] => string(12) "wp-login.php"
  ["action"] => string(5) "index"
  ["module"] => string(7) "default"
}


--------------------------------------------------------------------------------
2018-04-16T20:46:44+00:00 ERR (3) 404 Seite nicht gefunden
REMOTE_ADDR: 185.29.9.119
HTTP_REFERER: 
requested: array(4) {
  ["controller"] => string(6) "https:"
  [""] => string(19) "silber-und-blei.com"
  ["action"] => string(5) "index"
  ["module"] => string(7) "default"
}


--------------------------------------------------------------------------------
2018-04-16T20:55:02+00:00 ERR (3) 404 Seite nicht gefunden
REMOTE_ADDR: 82.245.166.71
HTTP_REFERER: 
requested: array(3) {
  ["controller"] => string(12) "wp-login.php"
  ["action"] => string(5) "index"
  ["module"] => string(7) "default"
}


--------------------------------------------------------------------------------
2018-04-16T21:59:59+00:00 ERR (3) 404 Seite nicht gefunden
REMOTE_ADDR: 113.161.204.90
HTTP_REFERER: 
requested: array(3) {
  ["controller"] => string(12) "wp-login.php"
  ["action"] => string(5) "index"
  ["module"] => string(7) "default"
}


--------------------------------------------------------------------------------
2018-04-16T23:13:44+00:00 ERR (3) 404 Seite nicht gefunden
REMOTE_ADDR: 92.22.56.202
HTTP_REFERER: 
requested: array(3) {
  ["controller"] => string(12) "wp-login.php"
  ["action"] => string(5) "index"
  ["module"] => string(7) "default"
}


--------------------------------------------------------------------------------
