2015-02-03T06:31:12+00:00 ERR (3) 404 "hire-lasse" was not found.
REMOTE_ADDR: 136.243.14.164
HTTP_REFERER: 
requested: array(5) {
  ["lang"] => string(2) "en"
  ["action"] => string(4) "page"
  ["key"] => string(10) "hire-lasse"
  ["module"] => string(7) "default"
  ["controller"] => string(5) "index"
}


--------------------------------------------------------------------------------
2015-02-03T09:11:09+00:00 ERR (3) 404 Seite nicht gefunden
REMOTE_ADDR: 148.251.183.105
HTTP_REFERER: 
requested: array(8) {
  ["controller"] => string(5) "forum"
  ["action"] => string(13) "viewtopic.php"
  ["module"] => string(7) "default"
  ["t"] => string(2) "13"
  ["start"] => string(1) "0"
  ["postdays"] => string(1) "0"
  ["postorder"] => string(3) "asc"
  ["highlight"] => string(0) ""
}


--------------------------------------------------------------------------------
2015-02-03T11:00:31+00:00 ERR (3) 404 Seite nicht gefunden
REMOTE_ADDR: 92.110.209.55
HTTP_REFERER: 
requested: array(3) {
  ["controller"] => string(6) "https:"
  ["action"] => string(19) "silber-und-blei.com"
  ["module"] => string(7) "default"
}


--------------------------------------------------------------------------------
2015-02-03T11:00:35+00:00 ERR (3) 404 Seite nicht gefunden
REMOTE_ADDR: 92.110.209.55
HTTP_REFERER: 
requested: array(3) {
  ["controller"] => string(2) "js"
  ["action"] => string(1) "'"
  ["module"] => string(7) "default"
}


--------------------------------------------------------------------------------
2015-02-03T12:43:28+00:00 ERR (3) 404 "hire-lasse" was not found.
REMOTE_ADDR: 136.243.14.163
HTTP_REFERER: 
requested: array(5) {
  ["lang"] => string(2) "en"
  ["action"] => string(4) "page"
  ["key"] => string(10) "hire-lasse"
  ["module"] => string(7) "default"
  ["controller"] => string(5) "index"
}


--------------------------------------------------------------------------------
2015-02-03T12:47:58+00:00 ERR (3) 404 "hire-lasse" was not found.
REMOTE_ADDR: 136.243.14.163
HTTP_REFERER: 
requested: array(5) {
  ["lang"] => string(2) "de"
  ["action"] => string(4) "page"
  ["key"] => string(10) "hire-lasse"
  ["module"] => string(7) "default"
  ["controller"] => string(5) "index"
}


--------------------------------------------------------------------------------
2015-02-03T17:46:22+00:00 ERR (3) 404 Seite nicht gefunden
REMOTE_ADDR: 87.206.240.230
HTTP_REFERER: http://graphicore.de/forum
requested: array(3) {
  ["controller"] => string(5) "forum"
  ["action"] => string(5) "index"
  ["module"] => string(7) "default"
}


--------------------------------------------------------------------------------
2015-02-03T18:11:21+00:00 ERR (3) 404 "hire-lasse" was not found.
REMOTE_ADDR: 5.9.24.198
HTTP_REFERER: 
requested: array(5) {
  ["lang"] => string(2) "de"
  ["action"] => string(4) "page"
  ["key"] => string(10) "hire-lasse"
  ["module"] => string(7) "default"
  ["controller"] => string(5) "index"
}


--------------------------------------------------------------------------------
2015-02-03T23:48:23+00:00 ERR (3) 404 "hire-lasse" was not found.
REMOTE_ADDR: 5.9.7.53
HTTP_REFERER: 
requested: array(5) {
  ["lang"] => string(2) "en"
  ["action"] => string(4) "page"
  ["key"] => string(10) "hire-lasse"
  ["module"] => string(7) "default"
  ["controller"] => string(5) "index"
}


--------------------------------------------------------------------------------
