2017-03-21T11:49:02+00:00 ERR (3) 404 Seite nicht gefunden
REMOTE_ADDR: 43.241.72.225
HTTP_REFERER: 
requested: array(3) {
  ["controller"] => string(8) "wp-admin"
  ["action"] => string(5) "index"
  ["module"] => string(7) "default"
}


--------------------------------------------------------------------------------
2017-03-21T11:58:50+00:00 ERR (3) 404 Seite nicht gefunden
REMOTE_ADDR: 213.175.209.66
HTTP_REFERER: 
requested: array(3) {
  ["controller"] => string(4) "test"
  ["action"] => string(8) "wp-admin"
  ["module"] => string(7) "default"
}


--------------------------------------------------------------------------------
2017-03-21T12:08:50+00:00 ERR (3) 404 Seite nicht gefunden
REMOTE_ADDR: 188.93.144.173
HTTP_REFERER: 
requested: array(3) {
  ["controller"] => string(9) "wordpress"
  ["action"] => string(8) "wp-admin"
  ["module"] => string(7) "default"
}


--------------------------------------------------------------------------------
2017-03-21T12:28:59+00:00 ERR (3) 404 Seite nicht gefunden
REMOTE_ADDR: 66.71.188.30
HTTP_REFERER: 
requested: array(3) {
  ["controller"] => string(2) "wp"
  ["action"] => string(8) "wp-admin"
  ["module"] => string(7) "default"
}


--------------------------------------------------------------------------------
2017-03-21T12:38:52+00:00 ERR (3) 404 Seite nicht gefunden
REMOTE_ADDR: 74.6.53.178
HTTP_REFERER: 
requested: array(3) {
  ["controller"] => string(3) "old"
  ["action"] => string(8) "wp-admin"
  ["module"] => string(7) "default"
}


--------------------------------------------------------------------------------
2017-03-21T13:20:56+00:00 ERR (3) 404 Seite nicht gefunden
REMOTE_ADDR: 61.14.208.197
HTTP_REFERER: 
requested: array(3) {
  ["controller"] => string(10) "phpMyAdmin"
  ["action"] => string(7) "scripts"
  ["module"] => string(7) "default"
}


--------------------------------------------------------------------------------
2017-03-21T13:28:12+00:00 ERR (3) 404 Seite nicht gefunden
REMOTE_ADDR: 61.14.208.197
HTTP_REFERER: 
requested: array(3) {
  ["controller"] => string(10) "phpMyAdmin"
  ["action"] => string(7) "scripts"
  ["module"] => string(7) "default"
}


--------------------------------------------------------------------------------
2017-03-21T16:35:03+00:00 ERR (3) 404 Seite nicht gefunden
REMOTE_ADDR: 104.168.141.170
HTTP_REFERER: 
requested: array(3) {
  ["controller"] => string(6) "https:"
  ["action"] => string(19) "silber-und-blei.com"
  ["module"] => string(7) "default"
}


--------------------------------------------------------------------------------
2017-03-21T16:35:05+00:00 ERR (3) 404 Seite nicht gefunden
REMOTE_ADDR: 104.168.141.170
HTTP_REFERER: 
requested: array(3) {
  ["controller"] => string(2) "js"
  ["action"] => string(1) "'"
  ["module"] => string(7) "default"
}


--------------------------------------------------------------------------------
2017-03-21T18:23:40+00:00 ERR (3) 404 Seite nicht gefunden
REMOTE_ADDR: 63.141.244.250
HTTP_REFERER: 
requested: array(4) {
  ["controller"] => string(10) "wp-content"
  ["action"] => string(7) "plugins"
  ["webapp-builder"] => string(10) "readme.txt"
  ["module"] => string(7) "default"
}


--------------------------------------------------------------------------------
2017-03-21T18:26:32+00:00 ERR (3) 404 "hire-lasse" was not found.
REMOTE_ADDR: 66.249.64.207
HTTP_REFERER: 
requested: array(5) {
  ["lang"] => string(2) "en"
  ["action"] => string(4) "page"
  ["key"] => string(10) "hire-lasse"
  ["module"] => string(7) "default"
  ["controller"] => string(5) "index"
}


--------------------------------------------------------------------------------
2017-03-21T23:18:50+00:00 ERR (3) 404 Seite nicht gefunden
REMOTE_ADDR: 66.249.64.146
HTTP_REFERER: 
requested: array(3) {
  ["controller"] => string(11) ".well-known"
  ["action"] => string(26) "apple-app-site-association"
  ["module"] => string(7) "default"
}


--------------------------------------------------------------------------------
