2016-08-05T00:57:29+00:00 ERR (3) 404 Seite nicht gefunden
REMOTE_ADDR: 193.111.140.153
HTTP_REFERER: 
requested: array(4) {
  ["controller"] => string(5) "forum"
  ["action"] => string(13) "viewtopic.php"
  ["module"] => string(7) "default"
  ["p"] => string(2) "33"
}


--------------------------------------------------------------------------------
2016-08-05T00:57:31+00:00 ERR (3) 404 Seite nicht gefunden
REMOTE_ADDR: 193.111.140.153
HTTP_REFERER: 
requested: array(4) {
  ["controller"] => string(5) "forum"
  ["action"] => string(13) "viewtopic.php"
  ["module"] => string(7) "default"
  ["p"] => string(2) "34"
}


--------------------------------------------------------------------------------
2016-08-05T00:57:34+00:00 ERR (3) 404 Seite nicht gefunden
REMOTE_ADDR: 193.111.140.153
HTTP_REFERER: 
requested: array(4) {
  ["controller"] => string(5) "forum"
  ["action"] => string(13) "viewtopic.php"
  ["module"] => string(7) "default"
  ["p"] => string(2) "37"
}


--------------------------------------------------------------------------------
2016-08-05T00:57:37+00:00 ERR (3) 404 Seite nicht gefunden
REMOTE_ADDR: 193.111.140.153
HTTP_REFERER: 
requested: array(4) {
  ["controller"] => string(5) "forum"
  ["action"] => string(13) "viewtopic.php"
  ["module"] => string(7) "default"
  ["p"] => string(2) "41"
}


--------------------------------------------------------------------------------
2016-08-05T01:11:48+00:00 ERR (3) 404 Seite nicht gefunden
REMOTE_ADDR: 198.240.101.244
HTTP_REFERER: 
requested: array(5) {
  ["controller"] => string(6) "https:"
  [""] => string(19) "silber-und-blei.com"
  ["galerie"] => string(5) "embed"
  ["action"] => string(5) "index"
  ["module"] => string(7) "default"
}


--------------------------------------------------------------------------------
2016-08-05T01:59:37+00:00 ERR (3) 404 Seite nicht gefunden
REMOTE_ADDR: 52.91.161.198
HTTP_REFERER: 
requested: array(4) {
  ["controller"] => string(5) "diary"
  ["action"] => string(29) "tag:graphicore.de,2010-09-27:"
  ["diary"] => string(27) "201009272109094ca107f52b79c"
  ["module"] => string(7) "default"
}


--------------------------------------------------------------------------------
2016-08-05T02:22:12+00:00 ERR (3) 404 ".google-analytics.com" was not found.
REMOTE_ADDR: 95.90.198.63
HTTP_REFERER: http://m.facebook.com/
requested: array(5) {
  ["lang"] => string(2) "de"
  ["action"] => string(7) "archive"
  ["key"] => string(21) ".google-analytics.com"
  ["module"] => string(7) "default"
  ["controller"] => string(5) "index"
}


--------------------------------------------------------------------------------
2016-08-05T05:18:27+00:00 ERR (3) 404 Seite nicht gefunden
REMOTE_ADDR: 46.253.246.120
HTTP_REFERER: 
requested: array(3) {
  ["controller"] => string(32) "apple-touch-icon-precomposed.png"
  ["action"] => string(5) "index"
  ["module"] => string(7) "default"
}


--------------------------------------------------------------------------------
2016-08-05T05:18:27+00:00 ERR (3) 404 Seite nicht gefunden
REMOTE_ADDR: 46.253.246.120
HTTP_REFERER: 
requested: array(3) {
  ["controller"] => string(20) "apple-touch-icon.png"
  ["action"] => string(5) "index"
  ["module"] => string(7) "default"
}


--------------------------------------------------------------------------------
2016-08-05T05:18:27+00:00 ERR (3) 404 Seite nicht gefunden
REMOTE_ADDR: 46.253.246.120
HTTP_REFERER: 
requested: array(3) {
  ["controller"] => string(32) "apple-touch-icon-precomposed.png"
  ["action"] => string(5) "index"
  ["module"] => string(7) "default"
}


--------------------------------------------------------------------------------
2016-08-05T05:18:27+00:00 ERR (3) 404 Seite nicht gefunden
REMOTE_ADDR: 46.253.246.120
HTTP_REFERER: 
requested: array(3) {
  ["controller"] => string(20) "apple-touch-icon.png"
  ["action"] => string(5) "index"
  ["module"] => string(7) "default"
}


--------------------------------------------------------------------------------
2016-08-05T05:54:07+00:00 ERR (3) 404 Seite nicht gefunden
REMOTE_ADDR: 66.249.66.189
HTTP_REFERER: 
requested: array(3) {
  ["controller"] => string(26) "apple-app-site-association"
  ["action"] => string(5) "index"
  ["module"] => string(7) "default"
}


--------------------------------------------------------------------------------
2016-08-05T07:17:43+00:00 ERR (3) 404 Seite nicht gefunden
REMOTE_ADDR: 50.207.98.166
HTTP_REFERER: 
requested: array(4) {
  ["controller"] => string(6) "https:"
  [""] => string(19) "silber-und-blei.com"
  ["action"] => string(5) "index"
  ["module"] => string(7) "default"
}


--------------------------------------------------------------------------------
2016-08-05T07:17:45+00:00 ERR (3) 404 Seite nicht gefunden
REMOTE_ADDR: 50.207.98.166
HTTP_REFERER: 
requested: array(3) {
  ["controller"] => string(2) "js"
  ["action"] => string(1) "'"
  ["module"] => string(7) "default"
}


--------------------------------------------------------------------------------
2016-08-05T16:36:23+00:00 ERR (3) 404 Seite nicht gefunden
REMOTE_ADDR: 193.111.140.153
HTTP_REFERER: 
requested: array(3) {
  ["controller"] => string(5) "diary"
  ["action"] => string(4) "atom"
  ["module"] => string(7) "default"
}


--------------------------------------------------------------------------------
2016-08-05T16:57:53+00:00 ERR (3) 404 Seite nicht gefunden
REMOTE_ADDR: 37.134.222.162
HTTP_REFERER: 
requested: array(3) {
  ["controller"] => string(12) "wp-login.php"
  ["action"] => string(5) "index"
  ["module"] => string(7) "default"
}


--------------------------------------------------------------------------------
2016-08-05T17:09:46+00:00 ERR (3) 404 Seite nicht gefunden
REMOTE_ADDR: 66.249.65.189
HTTP_REFERER: 
requested: array(3) {
  ["controller"] => string(11) ".well-known"
  ["action"] => string(26) "apple-app-site-association"
  ["module"] => string(7) "default"
}


--------------------------------------------------------------------------------
2016-08-05T17:11:50+00:00 ERR (3) 404 Seite nicht gefunden
REMOTE_ADDR: 66.249.65.186
HTTP_REFERER: 
requested: array(3) {
  ["controller"] => string(26) "apple-app-site-association"
  ["action"] => string(5) "index"
  ["module"] => string(7) "default"
}


--------------------------------------------------------------------------------
2016-08-05T19:04:04+00:00 ERR (3) 404 "hire-lasse" was not found.
REMOTE_ADDR: 207.46.13.7
HTTP_REFERER: 
requested: array(5) {
  ["lang"] => string(2) "de"
  ["action"] => string(4) "page"
  ["key"] => string(10) "hire-lasse"
  ["module"] => string(7) "default"
  ["controller"] => string(5) "index"
}


--------------------------------------------------------------------------------
2016-08-05T22:57:11+00:00 ERR (3) 404 Seite nicht gefunden
REMOTE_ADDR: 199.101.185.138
HTTP_REFERER: 
requested: array(4) {
  ["controller"] => string(6) "https:"
  [""] => string(19) "silber-und-blei.com"
  ["action"] => string(5) "index"
  ["module"] => string(7) "default"
}


--------------------------------------------------------------------------------
2016-08-05T22:58:22+00:00 ERR (3) 404 Seite nicht gefunden
REMOTE_ADDR: 199.101.185.138
HTTP_REFERER: 
requested: array(3) {
  ["controller"] => string(2) "js"
  ["action"] => string(1) "'"
  ["module"] => string(7) "default"
}


--------------------------------------------------------------------------------
