2018-06-02T01:27:13+00:00 ERR (3) 404 Seite nicht gefunden
REMOTE_ADDR: 47.96.233.88
HTTP_REFERER: 
requested: array(3) {
  ["controller"] => string(11) "wp-pols.php"
  ["action"] => string(5) "index"
  ["module"] => string(7) "default"
}


--------------------------------------------------------------------------------
2018-06-02T02:51:46+00:00 ERR (3) 404 Seite nicht gefunden
REMOTE_ADDR: 109.102.111.66
HTTP_REFERER: 
requested: array(4) {
  ["controller"] => string(6) "https:"
  [""] => string(19) "silber-und-blei.com"
  ["action"] => string(5) "index"
  ["module"] => string(7) "default"
}


--------------------------------------------------------------------------------
2018-06-02T04:33:46+00:00 ERR (3) 404 "hire-lasse" was not found.
REMOTE_ADDR: 213.239.216.194
HTTP_REFERER: 
requested: array(5) {
  ["lang"] => string(2) "de"
  ["action"] => string(4) "page"
  ["key"] => string(10) "hire-lasse"
  ["module"] => string(7) "default"
  ["controller"] => string(5) "index"
}


--------------------------------------------------------------------------------
2018-06-02T04:33:51+00:00 ERR (3) 404 Seite nicht gefunden
REMOTE_ADDR: 213.239.216.194
HTTP_REFERER: 
requested: array(4) {
  ["controller"] => string(5) "forum"
  ["action"] => string(13) "viewtopic.php"
  ["module"] => string(7) "default"
  ["p"] => string(2) "19"
}


--------------------------------------------------------------------------------
2018-06-02T04:33:54+00:00 ERR (3) 404 Seite nicht gefunden
REMOTE_ADDR: 213.239.216.194
HTTP_REFERER: 
requested: array(4) {
  ["controller"] => string(5) "forum"
  ["action"] => string(13) "viewtopic.php"
  ["module"] => string(7) "default"
  ["p"] => string(2) "54"
}


--------------------------------------------------------------------------------
2018-06-02T04:33:59+00:00 ERR (3) 404 Seite nicht gefunden
REMOTE_ADDR: 213.239.216.194
HTTP_REFERER: 
requested: array(4) {
  ["controller"] => string(5) "forum"
  ["action"] => string(13) "viewtopic.php"
  ["module"] => string(7) "default"
  ["p"] => string(2) "57"
}


--------------------------------------------------------------------------------
2018-06-02T04:34:02+00:00 ERR (3) 404 Seite nicht gefunden
REMOTE_ADDR: 213.239.216.194
HTTP_REFERER: 
requested: array(4) {
  ["controller"] => string(5) "forum"
  ["action"] => string(13) "viewtopic.php"
  ["module"] => string(7) "default"
  ["p"] => string(2) "58"
}


--------------------------------------------------------------------------------
2018-06-02T04:34:07+00:00 ERR (3) 404 Seite nicht gefunden
REMOTE_ADDR: 213.239.216.194
HTTP_REFERER: 
requested: array(8) {
  ["controller"] => string(5) "forum"
  ["action"] => string(13) "viewtopic.php"
  ["module"] => string(7) "default"
  ["t"] => string(2) "13"
  ["start"] => string(1) "0"
  ["postdays"] => string(1) "0"
  ["postorder"] => string(3) "asc"
  ["highlight"] => string(0) ""
}


--------------------------------------------------------------------------------
2018-06-02T07:21:41+00:00 ERR (3) 404 Seite nicht gefunden
REMOTE_ADDR: 109.102.111.66
HTTP_REFERER: 
requested: array(3) {
  ["controller"] => string(6) "https:"
  ["action"] => string(19) "silber-und-blei.com"
  ["module"] => string(7) "default"
}


--------------------------------------------------------------------------------
2018-06-02T08:25:45+00:00 ERR (3) 404 Seite nicht gefunden
REMOTE_ADDR: 47.96.233.88
HTTP_REFERER: 
requested: array(3) {
  ["controller"] => string(11) "wp-pols.php"
  ["action"] => string(5) "index"
  ["module"] => string(7) "default"
}


--------------------------------------------------------------------------------
2018-06-02T08:32:15+00:00 ERR (3) 404 Seite nicht gefunden
REMOTE_ADDR: 209.250.241.222
HTTP_REFERER: 
requested: array(3) {
  ["controller"] => string(11) "wp-pols.php"
  ["action"] => string(5) "index"
  ["module"] => string(7) "default"
}


--------------------------------------------------------------------------------
2018-06-02T14:12:59+00:00 ERR (3) 404 Seite nicht gefunden
REMOTE_ADDR: 206.189.220.172
HTTP_REFERER: 
requested: array(3) {
  ["controller"] => string(19) "upgrade-network.php"
  ["action"] => string(5) "index"
  ["module"] => string(7) "default"
}


--------------------------------------------------------------------------------
2018-06-02T14:53:49+00:00 ERR (3) 404 Seite nicht gefunden
REMOTE_ADDR: 91.210.144.136
HTTP_REFERER: http://graphicore.de/blog/
requested: array(3) {
  ["controller"] => string(4) "blog"
  ["action"] => string(5) "index"
  ["module"] => string(7) "default"
}


--------------------------------------------------------------------------------
2018-06-02T19:09:18+00:00 ERR (3) 404 Seite nicht gefunden
REMOTE_ADDR: 120.79.171.34
HTTP_REFERER: 
requested: array(3) {
  ["controller"] => string(19) "upgrade-network.php"
  ["action"] => string(5) "index"
  ["module"] => string(7) "default"
}


--------------------------------------------------------------------------------
2018-06-02T19:09:20+00:00 ERR (3) 404 Seite nicht gefunden
REMOTE_ADDR: 47.106.157.151
HTTP_REFERER: 
requested: array(3) {
  ["controller"] => string(19) "upgrade-network.php"
  ["action"] => string(5) "index"
  ["module"] => string(7) "default"
}


--------------------------------------------------------------------------------
2018-06-02T19:09:30+00:00 ERR (3) 404 Seite nicht gefunden
REMOTE_ADDR: 47.96.233.90
HTTP_REFERER: 
requested: array(3) {
  ["controller"] => string(19) "upgrade-network.php"
  ["action"] => string(5) "index"
  ["module"] => string(7) "default"
}


--------------------------------------------------------------------------------
2018-06-02T19:09:41+00:00 ERR (3) 404 Seite nicht gefunden
REMOTE_ADDR: 47.96.233.155
HTTP_REFERER: 
requested: array(3) {
  ["controller"] => string(19) "upgrade-network.php"
  ["action"] => string(5) "index"
  ["module"] => string(7) "default"
}


--------------------------------------------------------------------------------
2018-06-02T19:09:49+00:00 ERR (3) 404 Seite nicht gefunden
REMOTE_ADDR: 47.96.233.222
HTTP_REFERER: 
requested: array(3) {
  ["controller"] => string(19) "upgrade-network.php"
  ["action"] => string(5) "index"
  ["module"] => string(7) "default"
}


--------------------------------------------------------------------------------
2018-06-02T19:13:40+00:00 ERR (3) 404 Seite nicht gefunden
REMOTE_ADDR: 218.66.74.251
HTTP_REFERER: 
requested: array(3) {
  ["controller"] => string(19) "upgrade-network.php"
  ["action"] => string(5) "index"
  ["module"] => string(7) "default"
}


--------------------------------------------------------------------------------
