2017-09-13T09:01:18+00:00 ERR (3) 404 Seite nicht gefunden
REMOTE_ADDR: 192.151.158.146
HTTP_REFERER: 
requested: array(5) {
  ["controller"] => string(10) "wp-content"
  ["action"] => string(6) "themes"
  ["RightNow"] => string(8) "includes"
  ["uploadify"] => string(25) "upload_settings_image.php"
  ["module"] => string(7) "default"
}


--------------------------------------------------------------------------------
2017-09-13T09:01:19+00:00 ERR (3) 404 Seite nicht gefunden
REMOTE_ADDR: 192.151.158.146
HTTP_REFERER: 
requested: array(4) {
  ["controller"] => string(10) "wp-content"
  ["action"] => string(7) "uploads"
  ["settingsimages"] => string(8) "up89.php"
  ["module"] => string(7) "default"
}


--------------------------------------------------------------------------------
2017-09-13T18:31:44+00:00 ERR (3) 404 Seite nicht gefunden
REMOTE_ADDR: 167.114.65.240
HTTP_REFERER: 
requested: array(3) {
  ["controller"] => string(11) "sitemap.xml"
  ["action"] => string(5) "index"
  ["module"] => string(7) "default"
}


--------------------------------------------------------------------------------
