2012-08-14T01:33:21+00:00 ERR (3) 404 Seite nicht gefunden
REMOTE_ADDR: 91.237.249.91
HTTP_REFERER: http://graphicore.de/forum/index.php
requested: array(3) {
  ["controller"] => string(5) "forum"
  ["action"] => string(9) "index.php"
  ["module"] => string(7) "default"
}


--------------------------------------------------------------------------------
2012-08-14T19:42:14+00:00 ERR (3) 404 Seite nicht gefunden
REMOTE_ADDR: 175.44.17.247
HTTP_REFERER: http://graphicore.de/forum/index.php
requested: array(3) {
  ["controller"] => string(5) "forum"
  ["action"] => string(9) "index.php"
  ["module"] => string(7) "default"
}


--------------------------------------------------------------------------------
2012-08-14T23:40:57+00:00 ERR (3) 404 Seite nicht gefunden
REMOTE_ADDR: 27.159.238.254
HTTP_REFERER: http://graphicore.de/forum/index.php
requested: array(3) {
  ["controller"] => string(5) "forum"
  ["action"] => string(9) "index.php"
  ["module"] => string(7) "default"
}


--------------------------------------------------------------------------------
