2015-06-05T01:22:30+00:00 ERR (3) 404 Seite nicht gefunden
REMOTE_ADDR: 212.59.241.189
HTTP_REFERER: 
requested: array(3) {
  ["controller"] => string(12) "wp-login.php"
  ["action"] => string(5) "index"
  ["module"] => string(7) "default"
}


--------------------------------------------------------------------------------
2015-06-05T02:10:13+00:00 ERR (3) 404 Seite nicht gefunden
REMOTE_ADDR: 104.255.68.191
HTTP_REFERER: 
requested: array(3) {
  ["controller"] => string(5) "diary"
  ["action"] => string(17) "tag:graphicore.de"
  ["module"] => string(7) "default"
}


--------------------------------------------------------------------------------
2015-06-05T05:32:23+00:00 ERR (3) 404 "de" was not found.
REMOTE_ADDR: 208.115.111.73
HTTP_REFERER: 
requested: array(5) {
  ["lang"] => string(2) "de"
  ["action"] => string(7) "archive"
  ["key"] => string(2) "de"
  ["module"] => string(7) "default"
  ["controller"] => string(5) "index"
}


--------------------------------------------------------------------------------
2015-06-05T15:14:00+00:00 ERR (3) 404 Seite nicht gefunden
REMOTE_ADDR: 91.61.112.85
HTTP_REFERER: 
requested: array(3) {
  ["controller"] => string(32) "apple-touch-icon-precomposed.png"
  ["action"] => string(5) "index"
  ["module"] => string(7) "default"
}


--------------------------------------------------------------------------------
2015-06-05T15:14:00+00:00 ERR (3) 404 Seite nicht gefunden
REMOTE_ADDR: 91.61.112.85
HTTP_REFERER: 
requested: array(3) {
  ["controller"] => string(20) "apple-touch-icon.png"
  ["action"] => string(5) "index"
  ["module"] => string(7) "default"
}


--------------------------------------------------------------------------------
2015-06-05T18:59:17+00:00 ERR (3) 404 Seite nicht gefunden
REMOTE_ADDR: 198.204.230.130
HTTP_REFERER: 
requested: array(4) {
  ["controller"] => string(7) "dropbox"
  ["action"] => string(4) "Apps"
  ["softwarecookerbd"] => string(13) "FileZilla.xml"
  ["module"] => string(7) "default"
}


--------------------------------------------------------------------------------
2015-06-05T18:59:17+00:00 ERR (3) 404 Seite nicht gefunden
REMOTE_ADDR: 198.204.230.130
HTTP_REFERER: 
requested: array(3) {
  ["controller"] => string(8) "download"
  ["action"] => string(13) "FileZilla.xml"
  ["module"] => string(7) "default"
}


--------------------------------------------------------------------------------
2015-06-05T18:59:18+00:00 ERR (3) 404 Seite nicht gefunden
REMOTE_ADDR: 198.204.230.130
HTTP_REFERER: 
requested: array(3) {
  ["controller"] => string(1) "k"
  ["action"] => string(13) "FileZilla.xml"
  ["module"] => string(7) "default"
}


--------------------------------------------------------------------------------
2015-06-05T18:59:18+00:00 ERR (3) 404 Seite nicht gefunden
REMOTE_ADDR: 198.204.230.130
HTTP_REFERER: 
requested: array(3) {
  ["controller"] => string(6) "web_97"
  ["action"] => string(3) "ftp"
  ["module"] => string(7) "default"
}


--------------------------------------------------------------------------------
2015-06-05T18:59:18+00:00 ERR (3) 404 Seite nicht gefunden
REMOTE_ADDR: 198.204.230.130
HTTP_REFERER: 
requested: array(3) {
  ["controller"] => string(9) "documents"
  ["action"] => string(13) "FileZilla.xml"
  ["module"] => string(7) "default"
}


--------------------------------------------------------------------------------
2015-06-05T18:59:18+00:00 ERR (3) 404 Seite nicht gefunden
REMOTE_ADDR: 198.204.230.130
HTTP_REFERER: 
requested: array(3) {
  ["controller"] => string(8) "lightbox"
  ["action"] => string(13) "FileZilla.xml"
  ["module"] => string(7) "default"
}


--------------------------------------------------------------------------------
2015-06-05T18:59:18+00:00 ERR (3) 404 Seite nicht gefunden
REMOTE_ADDR: 198.204.230.130
HTTP_REFERER: 
requested: array(3) {
  ["controller"] => string(9) "~visionpl"
  ["action"] => string(4) "typo"
  ["module"] => string(7) "default"
}


--------------------------------------------------------------------------------
2015-06-05T18:59:19+00:00 ERR (3) 404 Seite nicht gefunden
REMOTE_ADDR: 198.204.230.130
HTTP_REFERER: 
requested: array(3) {
  ["controller"] => string(5) "eagle"
  ["action"] => string(13) "FileZilla.xml"
  ["module"] => string(7) "default"
}


--------------------------------------------------------------------------------
2015-06-05T18:59:19+00:00 ERR (3) 404 Seite nicht gefunden
REMOTE_ADDR: 198.204.230.130
HTTP_REFERER: 
requested: array(3) {
  ["controller"] => string(8) "ViK_baza"
  ["action"] => string(5) "arhiv"
  ["module"] => string(7) "default"
}


--------------------------------------------------------------------------------
2015-06-05T18:59:19+00:00 ERR (3) 404 Seite nicht gefunden
REMOTE_ADDR: 198.204.230.130
HTTP_REFERER: 
requested: array(3) {
  ["controller"] => string(9) "FileZilla"
  ["action"] => string(13) "filezilla.xml"
  ["module"] => string(7) "default"
}


--------------------------------------------------------------------------------
2015-06-05T18:59:19+00:00 ERR (3) 404 Seite nicht gefunden
REMOTE_ADDR: 198.204.230.130
HTTP_REFERER: 
requested: array(3) {
  ["controller"] => string(6) "arriba"
  ["action"] => string(13) "FileZilla.xml"
  ["module"] => string(7) "default"
}


--------------------------------------------------------------------------------
2015-06-05T18:59:19+00:00 ERR (3) 404 Seite nicht gefunden
REMOTE_ADDR: 198.204.230.130
HTTP_REFERER: 
requested: array(3) {
  ["controller"] => string(4) "tgda"
  ["action"] => string(13) "FileZilla.xml"
  ["module"] => string(7) "default"
}


--------------------------------------------------------------------------------
2015-06-05T18:59:19+00:00 ERR (3) 404 Seite nicht gefunden
REMOTE_ADDR: 198.204.230.130
HTTP_REFERER: 
requested: array(3) {
  ["controller"] => string(27) "filezilla-recupero-password"
  ["action"] => string(13) "FileZilla.xml"
  ["module"] => string(7) "default"
}


--------------------------------------------------------------------------------
2015-06-05T18:59:20+00:00 ERR (3) 404 Seite nicht gefunden
REMOTE_ADDR: 198.204.230.130
HTTP_REFERER: 
requested: array(3) {
  ["controller"] => string(9) "MYIMPDATA"
  ["action"] => string(13) "FileZilla.xml"
  ["module"] => string(7) "default"
}


--------------------------------------------------------------------------------
2015-06-05T18:59:20+00:00 ERR (3) 404 Seite nicht gefunden
REMOTE_ADDR: 198.204.230.130
HTTP_REFERER: 
requested: array(3) {
  ["controller"] => string(3) "cmw"
  ["action"] => string(13) "FileZilla.xml"
  ["module"] => string(7) "default"
}


--------------------------------------------------------------------------------
2015-06-05T18:59:20+00:00 ERR (3) 404 Seite nicht gefunden
REMOTE_ADDR: 198.204.230.130
HTTP_REFERER: 
requested: array(3) {
  ["controller"] => string(7) "nma2013"
  ["action"] => string(9) "StephKENT"
  ["module"] => string(7) "default"
}


--------------------------------------------------------------------------------
2015-06-05T18:59:20+00:00 ERR (3) 404 Seite nicht gefunden
REMOTE_ADDR: 198.204.230.130
HTTP_REFERER: 
requested: array(3) {
  ["controller"] => string(17) "PortableFileZilla"
  ["action"] => string(9) "FileZilla"
  ["module"] => string(7) "default"
}


--------------------------------------------------------------------------------
2015-06-05T18:59:20+00:00 ERR (3) 404 Seite nicht gefunden
REMOTE_ADDR: 198.204.230.130
HTTP_REFERER: 
requested: array(3) {
  ["controller"] => string(13) "FileZilla.xml"
  ["action"] => string(5) "index"
  ["module"] => string(7) "default"
}


--------------------------------------------------------------------------------
2015-06-05T18:59:21+00:00 ERR (3) 404 Seite nicht gefunden
REMOTE_ADDR: 198.204.230.130
HTTP_REFERER: 
requested: array(4) {
  ["controller"] => string(7) "kaiseki"
  ["action"] => string(17) "FileZillaPortable"
  ["Data"] => string(8) "settings"
  ["module"] => string(7) "default"
}


--------------------------------------------------------------------------------
2015-06-05T18:59:21+00:00 ERR (3) 404 Seite nicht gefunden
REMOTE_ADDR: 198.204.230.130
HTTP_REFERER: 
requested: array(3) {
  ["controller"] => string(7) "Worship"
  ["action"] => string(13) "FileZilla.xml"
  ["module"] => string(7) "default"
}


--------------------------------------------------------------------------------
2015-06-05T18:59:21+00:00 ERR (3) 404 Seite nicht gefunden
REMOTE_ADDR: 198.204.230.130
HTTP_REFERER: 
requested: array(3) {
  ["controller"] => string(4) "Link"
  ["action"] => string(13) "FileZilla.xml"
  ["module"] => string(7) "default"
}


--------------------------------------------------------------------------------
2015-06-05T18:59:21+00:00 ERR (3) 404 Seite nicht gefunden
REMOTE_ADDR: 198.204.230.130
HTTP_REFERER: 
requested: array(3) {
  ["controller"] => string(3) "tts"
  ["action"] => string(13) "FileZilla.xml"
  ["module"] => string(7) "default"
}


--------------------------------------------------------------------------------
2015-06-05T18:59:21+00:00 ERR (3) 404 Seite nicht gefunden
REMOTE_ADDR: 198.204.230.130
HTTP_REFERER: 
requested: array(4) {
  ["controller"] => string(8) "allister"
  ["action"] => string(9) "downloads"
  ["filezilla"] => string(13) "FileZilla.xml"
  ["module"] => string(7) "default"
}


--------------------------------------------------------------------------------
2015-06-05T18:59:21+00:00 ERR (3) 404 Seite nicht gefunden
REMOTE_ADDR: 198.204.230.130
HTTP_REFERER: 
requested: array(5) {
  ["controller"] => string(10) "biblioteca"
  ["action"] => string(5) "marco"
  ["FileZillaPortable"] => string(4) "Data"
  ["settings"] => string(13) "filezilla.xml"
  ["module"] => string(7) "default"
}


--------------------------------------------------------------------------------
2015-06-05T18:59:22+00:00 ERR (3) 404 Seite nicht gefunden
REMOTE_ADDR: 198.204.230.130
HTTP_REFERER: 
requested: array(4) {
  ["controller"] => string(6) "BACKUP"
  ["action"] => string(8) "BeUnique"
  ["lata"] => string(7) "Desktop"
  ["module"] => string(7) "default"
}


--------------------------------------------------------------------------------
2015-06-05T18:59:22+00:00 ERR (3) 404 Seite nicht gefunden
REMOTE_ADDR: 198.204.230.130
HTTP_REFERER: 
requested: array(4) {
  ["controller"] => string(17) "FileZillaPortable"
  ["action"] => string(4) "Data"
  ["settings"] => string(13) "filezilla.xml"
  ["module"] => string(7) "default"
}


--------------------------------------------------------------------------------
2015-06-05T18:59:22+00:00 ERR (3) 404 Seite nicht gefunden
REMOTE_ADDR: 198.204.230.130
HTTP_REFERER: 
requested: array(3) {
  ["controller"] => string(4) "typo"
  ["action"] => string(13) "FileZilla.xml"
  ["module"] => string(7) "default"
}


--------------------------------------------------------------------------------
2015-06-05T18:59:22+00:00 ERR (3) 404 Seite nicht gefunden
REMOTE_ADDR: 198.204.230.130
HTTP_REFERER: 
requested: array(3) {
  ["controller"] => string(6) "images"
  ["action"] => string(6) "banner"
  ["module"] => string(7) "default"
}


--------------------------------------------------------------------------------
2015-06-05T18:59:22+00:00 ERR (3) 404 Seite nicht gefunden
REMOTE_ADDR: 198.204.230.130
HTTP_REFERER: 
requested: array(3) {
  ["controller"] => string(6) "config"
  ["action"] => string(13) "FileZilla.xml"
  ["module"] => string(7) "default"
}


--------------------------------------------------------------------------------
2015-06-05T20:51:24+00:00 ERR (3) 404 Seite nicht gefunden
REMOTE_ADDR: 49.50.8.183
HTTP_REFERER: 
requested: array(3) {
  ["controller"] => string(8) "wp-admin"
  ["action"] => string(5) "index"
  ["module"] => string(7) "default"
}


--------------------------------------------------------------------------------
2015-06-05T21:00:51+00:00 ERR (3) 404 Seite nicht gefunden
REMOTE_ADDR: 129.121.176.228
HTTP_REFERER: 
requested: array(3) {
  ["controller"] => string(4) "test"
  ["action"] => string(8) "wp-admin"
  ["module"] => string(7) "default"
}


--------------------------------------------------------------------------------
2015-06-05T21:10:49+00:00 ERR (3) 404 Seite nicht gefunden
REMOTE_ADDR: 202.172.28.94
HTTP_REFERER: 
requested: array(3) {
  ["controller"] => string(9) "wordpress"
  ["action"] => string(8) "wp-admin"
  ["module"] => string(7) "default"
}


--------------------------------------------------------------------------------
2015-06-05T21:29:47+00:00 ERR (3) 404 Seite nicht gefunden
REMOTE_ADDR: 50.62.160.87
HTTP_REFERER: 
requested: array(3) {
  ["controller"] => string(2) "wp"
  ["action"] => string(8) "wp-admin"
  ["module"] => string(7) "default"
}


--------------------------------------------------------------------------------
2015-06-05T21:39:11+00:00 ERR (3) 404 Seite nicht gefunden
REMOTE_ADDR: 98.130.0.156
HTTP_REFERER: 
requested: array(3) {
  ["controller"] => string(3) "old"
  ["action"] => string(8) "wp-admin"
  ["module"] => string(7) "default"
}


--------------------------------------------------------------------------------
