2020-01-15T18:07:05+00:00 ERR (3) 404 "hire-lasse" was not found.
REMOTE_ADDR: 46.4.94.78
HTTP_REFERER: 
requested: array(5) {
  ["lang"] => string(2) "de"
  ["action"] => string(4) "page"
  ["key"] => string(10) "hire-lasse"
  ["module"] => string(7) "default"
  ["controller"] => string(5) "index"
}


--------------------------------------------------------------------------------
2020-01-15T18:08:02+00:00 ERR (3) 404 "competences" was not found.
REMOTE_ADDR: 46.4.94.78
HTTP_REFERER: 
requested: array(5) {
  ["lang"] => string(2) "en"
  ["action"] => string(4) "page"
  ["key"] => string(11) "competences"
  ["module"] => string(7) "default"
  ["controller"] => string(5) "index"
}


--------------------------------------------------------------------------------
2020-01-15T18:08:05+00:00 ERR (3) 404 "hire-lasse" was not found.
REMOTE_ADDR: 46.4.94.78
HTTP_REFERER: 
requested: array(5) {
  ["lang"] => string(2) "en"
  ["action"] => string(4) "page"
  ["key"] => string(10) "hire-lasse"
  ["module"] => string(7) "default"
  ["controller"] => string(5) "index"
}


--------------------------------------------------------------------------------
