2016-12-11T00:57:19+00:00 ERR (3) 404 Seite nicht gefunden
REMOTE_ADDR: 193.201.224.177
HTTP_REFERER: 
requested: array(3) {
  ["controller"] => string(7) "scripts"
  ["action"] => string(9) "fckeditor"
  ["module"] => string(7) "default"
}


--------------------------------------------------------------------------------
2016-12-11T01:09:48+00:00 ERR (3) 404 "hire-lasse" was not found.
REMOTE_ADDR: 157.55.39.222
HTTP_REFERER: 
requested: array(5) {
  ["lang"] => string(2) "de"
  ["action"] => string(4) "page"
  ["key"] => string(10) "hire-lasse"
  ["module"] => string(7) "default"
  ["controller"] => string(5) "index"
}


--------------------------------------------------------------------------------
2016-12-11T02:00:25+00:00 ERR (3) 404 Seite nicht gefunden
REMOTE_ADDR: 193.201.224.177
HTTP_REFERER: 
requested: array(3) {
  ["controller"] => string(8) "includes"
  ["action"] => string(9) "fckeditor"
  ["module"] => string(7) "default"
}


--------------------------------------------------------------------------------
2016-12-11T02:43:54+00:00 ERR (3) 404 "hire-lasse" was not found.
REMOTE_ADDR: 142.4.215.116
HTTP_REFERER: 
requested: array(5) {
  ["lang"] => string(2) "de"
  ["action"] => string(4) "page"
  ["key"] => string(10) "hire-lasse"
  ["module"] => string(7) "default"
  ["controller"] => string(5) "index"
}


--------------------------------------------------------------------------------
2016-12-11T02:44:31+00:00 ERR (3) 404 "hire-lasse" was not found.
REMOTE_ADDR: 142.4.215.116
HTTP_REFERER: 
requested: array(5) {
  ["lang"] => string(2) "en"
  ["action"] => string(4) "page"
  ["key"] => string(10) "hire-lasse"
  ["module"] => string(7) "default"
  ["controller"] => string(5) "index"
}


--------------------------------------------------------------------------------
2016-12-11T03:02:08+00:00 ERR (3) 404 Seite nicht gefunden
REMOTE_ADDR: 193.201.224.177
HTTP_REFERER: 
requested: array(3) {
  ["controller"] => string(7) "include"
  ["action"] => string(9) "fckeditor"
  ["module"] => string(7) "default"
}


--------------------------------------------------------------------------------
2016-12-11T04:03:15+00:00 ERR (3) 404 Seite nicht gefunden
REMOTE_ADDR: 193.201.224.177
HTTP_REFERER: 
requested: array(3) {
  ["controller"] => string(6) "system"
  ["action"] => string(9) "fckeditor"
  ["module"] => string(7) "default"
}


--------------------------------------------------------------------------------
2016-12-11T05:06:20+00:00 ERR (3) 404 Seite nicht gefunden
REMOTE_ADDR: 193.201.224.177
HTTP_REFERER: 
requested: array(3) {
  ["controller"] => string(3) "inc"
  ["action"] => string(9) "fckeditor"
  ["module"] => string(7) "default"
}


--------------------------------------------------------------------------------
2016-12-11T06:08:46+00:00 ERR (3) 404 Seite nicht gefunden
REMOTE_ADDR: 193.201.224.177
HTTP_REFERER: 
requested: array(3) {
  ["controller"] => string(6) "editor"
  ["action"] => string(9) "fckeditor"
  ["module"] => string(7) "default"
}


--------------------------------------------------------------------------------
2016-12-11T07:13:00+00:00 ERR (3) 404 Seite nicht gefunden
REMOTE_ADDR: 193.201.224.177
HTTP_REFERER: 
requested: array(3) {
  ["controller"] => string(8) "ckeditor"
  ["action"] => string(6) "editor"
  ["module"] => string(7) "default"
}


--------------------------------------------------------------------------------
2016-12-11T08:15:19+00:00 ERR (3) 404 Seite nicht gefunden
REMOTE_ADDR: 193.201.224.177
HTTP_REFERER: 
requested: array(3) {
  ["controller"] => string(9) "editorold"
  ["action"] => string(6) "editor"
  ["module"] => string(7) "default"
}


--------------------------------------------------------------------------------
2016-12-11T09:18:10+00:00 ERR (3) 404 Seite nicht gefunden
REMOTE_ADDR: 193.201.224.177
HTTP_REFERER: 
requested: array(3) {
  ["controller"] => string(3) "fck"
  ["action"] => string(6) "editor"
  ["module"] => string(7) "default"
}


--------------------------------------------------------------------------------
2016-12-11T10:22:08+00:00 ERR (3) 404 Seite nicht gefunden
REMOTE_ADDR: 193.201.224.177
HTTP_REFERER: 
requested: array(3) {
  ["controller"] => string(9) "Fckeditor"
  ["action"] => string(6) "editor"
  ["module"] => string(7) "default"
}


--------------------------------------------------------------------------------
2016-12-11T11:23:44+00:00 ERR (3) 404 Seite nicht gefunden
REMOTE_ADDR: 193.201.224.177
HTTP_REFERER: 
requested: array(3) {
  ["controller"] => string(12) "Fckeditorold"
  ["action"] => string(6) "editor"
  ["module"] => string(7) "default"
}


--------------------------------------------------------------------------------
2016-12-11T12:10:31+00:00 ERR (3) 404 Seite nicht gefunden
REMOTE_ADDR: 66.249.76.131
HTTP_REFERER: 
requested: array(3) {
  ["controller"] => string(26) "apple-app-site-association"
  ["action"] => string(5) "index"
  ["module"] => string(7) "default"
}


--------------------------------------------------------------------------------
2016-12-11T12:14:55+00:00 ERR (3) 404 Seite nicht gefunden
REMOTE_ADDR: 66.249.76.134
HTTP_REFERER: 
requested: array(3) {
  ["controller"] => string(11) ".well-known"
  ["action"] => string(26) "apple-app-site-association"
  ["module"] => string(7) "default"
}


--------------------------------------------------------------------------------
2016-12-11T12:14:56+00:00 ERR (3) 404 Seite nicht gefunden
REMOTE_ADDR: 66.249.76.136
HTTP_REFERER: 
requested: array(3) {
  ["controller"] => string(11) ".well-known"
  ["action"] => string(26) "apple-app-site-association"
  ["module"] => string(7) "default"
}


--------------------------------------------------------------------------------
2016-12-11T12:26:03+00:00 ERR (3) 404 Seite nicht gefunden
REMOTE_ADDR: 193.201.224.177
HTTP_REFERER: 
requested: array(3) {
  ["controller"] => string(7) "editor1"
  ["action"] => string(6) "editor"
  ["module"] => string(7) "default"
}


--------------------------------------------------------------------------------
2016-12-11T13:28:21+00:00 ERR (3) 404 Seite nicht gefunden
REMOTE_ADDR: 193.201.224.177
HTTP_REFERER: 
requested: array(3) {
  ["controller"] => string(12) "Fckeditornew"
  ["action"] => string(6) "editor"
  ["module"] => string(7) "default"
}


--------------------------------------------------------------------------------
2016-12-11T13:48:04+00:00 ERR (3) 404 Seite nicht gefunden
REMOTE_ADDR: 66.249.76.134
HTTP_REFERER: 
requested: array(3) {
  ["controller"] => string(11) ".well-known"
  ["action"] => string(15) "assetlinks.json"
  ["module"] => string(7) "default"
}


--------------------------------------------------------------------------------
2016-12-11T15:59:12+00:00 ERR (3) 404 Seite nicht gefunden
REMOTE_ADDR: 195.154.241.19
HTTP_REFERER: 
requested: array(3) {
  ["controller"] => string(12) "wp-login.php"
  ["action"] => string(5) "index"
  ["module"] => string(7) "default"
}


--------------------------------------------------------------------------------
2016-12-11T15:59:12+00:00 ERR (3) 404 Seite nicht gefunden
REMOTE_ADDR: 195.154.241.19
HTTP_REFERER: 
requested: array(3) {
  ["controller"] => string(12) "wp-login.php"
  ["action"] => string(5) "index"
  ["module"] => string(7) "default"
}


--------------------------------------------------------------------------------
2016-12-11T21:28:19+00:00 ERR (3) 404 Seite nicht gefunden
REMOTE_ADDR: 195.154.194.116
HTTP_REFERER: 
requested: array(3) {
  ["controller"] => string(11) "license.php"
  ["action"] => string(5) "index"
  ["module"] => string(7) "default"
}


--------------------------------------------------------------------------------
2016-12-11T21:28:20+00:00 ERR (3) 404 Seite nicht gefunden
REMOTE_ADDR: 195.154.194.116
HTTP_REFERER: 
requested: array(3) {
  ["controller"] => string(11) "license.php"
  ["action"] => string(5) "index"
  ["module"] => string(7) "default"
}


--------------------------------------------------------------------------------
