2011-08-25T00:35:18+00:00 ERR (3) 404 Seite nicht gefunden
REMOTE_ADDR: 80.243.191.178
HTTP_REFERER: http://graphicore.de/forum/index.php
requested: array(3) {
  ["controller"] => string(5) "forum"
  ["action"] => string(9) "index.php"
  ["module"] => string(7) "default"
}


--------------------------------------------------------------------------------
2011-08-25T14:33:28+00:00 ERR (3) 404 The filter "de" was not found.
REMOTE_ADDR: 208.115.111.74
HTTP_REFERER: 
requested: array(5) {
  ["lang"] => string(2) "de"
  ["action"] => string(5) "diary"
  ["key"] => string(2) "de"
  ["module"] => string(7) "default"
  ["controller"] => string(5) "index"
}


--------------------------------------------------------------------------------
