2014-10-05T01:20:00+00:00 ERR (3) 404 "de" was not found.
REMOTE_ADDR: 208.115.113.89
HTTP_REFERER: 
requested: array(5) {
  ["lang"] => string(2) "de"
  ["action"] => string(4) "page"
  ["key"] => string(2) "de"
  ["module"] => string(7) "default"
  ["controller"] => string(5) "index"
}


--------------------------------------------------------------------------------
2014-10-05T05:43:40+00:00 ERR (3) 404 Seite nicht gefunden
REMOTE_ADDR: 221.161.149.193
HTTP_REFERER: http://graphicore.de/fckeditor/editor/filemanager/browser/default/connectors/asp/connector.asp
requested: array(6) {
  ["controller"] => string(9) "fckeditor"
  ["action"] => string(6) "editor"
  ["filemanager"] => string(7) "browser"
  ["default"] => string(10) "connectors"
  ["asp"] => string(13) "connector.asp"
  ["module"] => string(7) "default"
}


--------------------------------------------------------------------------------
2014-10-05T05:43:43+00:00 ERR (3) 404 Seite nicht gefunden
REMOTE_ADDR: 221.161.149.193
HTTP_REFERER: http://graphicore.de/admin/fckeditor/editor/filemanager/browser/default/connectors/asp/connector.asp
requested: array(6) {
  ["controller"] => string(5) "admin"
  ["action"] => string(9) "fckeditor"
  ["editor"] => string(11) "filemanager"
  ["browser"] => string(7) "default"
  ["connectors"] => string(3) "asp"
  ["module"] => string(7) "default"
}


--------------------------------------------------------------------------------
2014-10-05T05:43:44+00:00 ERR (3) 404 Seite nicht gefunden
REMOTE_ADDR: 221.161.149.193
HTTP_REFERER: http://graphicore.de/editor/filemanager/browser/default/connectors/asp/connector.asp
requested: array(5) {
  ["controller"] => string(6) "editor"
  ["action"] => string(11) "filemanager"
  ["browser"] => string(7) "default"
  ["connectors"] => string(3) "asp"
  ["module"] => string(7) "default"
}


--------------------------------------------------------------------------------
2014-10-05T05:43:45+00:00 ERR (3) 404 Seite nicht gefunden
REMOTE_ADDR: 221.161.149.193
HTTP_REFERER: http://graphicore.de/manage/fckeditor/editor/filemanager/browser/default/connectors/asp/connector.asp
requested: array(6) {
  ["controller"] => string(6) "manage"
  ["action"] => string(9) "fckeditor"
  ["editor"] => string(11) "filemanager"
  ["browser"] => string(7) "default"
  ["connectors"] => string(3) "asp"
  ["module"] => string(7) "default"
}


--------------------------------------------------------------------------------
2014-10-05T10:49:53+00:00 ERR (3) 404 Seite nicht gefunden
REMOTE_ADDR: 192.187.110.179
HTTP_REFERER: http://graphicore.de/admin/editor/filemanager/browser/default/connectors/test.html
requested: array(5) {
  ["controller"] => string(5) "admin"
  ["action"] => string(6) "editor"
  ["filemanager"] => string(7) "browser"
  ["default"] => string(10) "connectors"
  ["module"] => string(7) "default"
}


--------------------------------------------------------------------------------
2014-10-05T10:49:53+00:00 ERR (3) 404 Seite nicht gefunden
REMOTE_ADDR: 192.187.110.179
HTTP_REFERER: http://graphicore.de/admin/fckeditor/editor/filemanager/browser/default/connectors/test.html
requested: array(6) {
  ["controller"] => string(5) "admin"
  ["action"] => string(9) "fckeditor"
  ["editor"] => string(11) "filemanager"
  ["browser"] => string(7) "default"
  ["connectors"] => string(9) "test.html"
  ["module"] => string(7) "default"
}


--------------------------------------------------------------------------------
2014-10-05T10:49:54+00:00 ERR (3) 404 Seite nicht gefunden
REMOTE_ADDR: 192.187.110.179
HTTP_REFERER: http://graphicore.de/admin/includes/rte/editor/filemanager/browser/default/connectors/test.html
requested: array(6) {
  ["controller"] => string(5) "admin"
  ["action"] => string(8) "includes"
  ["rte"] => string(6) "editor"
  ["filemanager"] => string(7) "browser"
  ["default"] => string(10) "connectors"
  ["module"] => string(7) "default"
}


--------------------------------------------------------------------------------
2014-10-05T10:49:54+00:00 ERR (3) 404 Seite nicht gefunden
REMOTE_ADDR: 192.187.110.179
HTTP_REFERER: http://graphicore.de/admin/view/javascript/fckeditor/editor/filemanager/connectors/test.html
requested: array(6) {
  ["controller"] => string(5) "admin"
  ["action"] => string(4) "view"
  ["javascript"] => string(9) "fckeditor"
  ["editor"] => string(11) "filemanager"
  ["connectors"] => string(9) "test.html"
  ["module"] => string(7) "default"
}


--------------------------------------------------------------------------------
2014-10-05T10:49:54+00:00 ERR (3) 404 Seite nicht gefunden
REMOTE_ADDR: 192.187.110.179
HTTP_REFERER: http://graphicore.de/administrator/fckeditor/editor/filemanager/upload/test.html
requested: array(5) {
  ["controller"] => string(13) "administrator"
  ["action"] => string(9) "fckeditor"
  ["editor"] => string(11) "filemanager"
  ["upload"] => string(9) "test.html"
  ["module"] => string(7) "default"
}


--------------------------------------------------------------------------------
2014-10-05T10:49:55+00:00 ERR (3) 404 Seite nicht gefunden
REMOTE_ADDR: 192.187.110.179
HTTP_REFERER: http://graphicore.de/backend/fckeditor/editor/filemanager/browser/default/connectors/test.html
requested: array(5) {
  ["module"] => string(7) "backend"
  ["controller"] => string(9) "fckeditor"
  ["action"] => string(6) "editor"
  ["filemanager"] => string(7) "browser"
  ["default"] => string(10) "connectors"
}


--------------------------------------------------------------------------------
2014-10-05T10:49:55+00:00 ERR (3) 404 Seite nicht gefunden
REMOTE_ADDR: 192.187.110.179
HTTP_REFERER: http://graphicore.de/cms/fckeditor/editor/filemanager/browser/default/connectors/test.html
requested: array(6) {
  ["controller"] => string(3) "cms"
  ["action"] => string(9) "fckeditor"
  ["editor"] => string(11) "filemanager"
  ["browser"] => string(7) "default"
  ["connectors"] => string(9) "test.html"
  ["module"] => string(7) "default"
}


--------------------------------------------------------------------------------
2014-10-05T10:49:56+00:00 ERR (3) 404 Seite nicht gefunden
REMOTE_ADDR: 192.187.110.179
HTTP_REFERER: http://graphicore.de/editor/editor/filemanager/connectors/test.html
requested: array(4) {
  ["controller"] => string(6) "editor"
  ["action"] => string(6) "editor"
  ["filemanager"] => string(10) "connectors"
  ["module"] => string(7) "default"
}


--------------------------------------------------------------------------------
2014-10-05T10:49:57+00:00 ERR (3) 404 Seite nicht gefunden
REMOTE_ADDR: 192.187.110.179
HTTP_REFERER: http://graphicore.de/editor/filemanager/browser/default/connectors/test.html
requested: array(5) {
  ["controller"] => string(6) "editor"
  ["action"] => string(11) "filemanager"
  ["browser"] => string(7) "default"
  ["connectors"] => string(9) "test.html"
  ["module"] => string(7) "default"
}


--------------------------------------------------------------------------------
2014-10-05T10:49:57+00:00 ERR (3) 404 Seite nicht gefunden
REMOTE_ADDR: 192.187.110.179
HTTP_REFERER: http://graphicore.de/fck/editor/filemanager/browser/default/connectors/test.html
requested: array(5) {
  ["controller"] => string(3) "fck"
  ["action"] => string(6) "editor"
  ["filemanager"] => string(7) "browser"
  ["default"] => string(10) "connectors"
  ["module"] => string(7) "default"
}


--------------------------------------------------------------------------------
2014-10-05T10:49:57+00:00 ERR (3) 404 Seite nicht gefunden
REMOTE_ADDR: 192.187.110.179
HTTP_REFERER: http://graphicore.de/fckeditor/editor/filemanager/browser/default/connectors/test.html
requested: array(5) {
  ["controller"] => string(9) "fckeditor"
  ["action"] => string(6) "editor"
  ["filemanager"] => string(7) "browser"
  ["default"] => string(10) "connectors"
  ["module"] => string(7) "default"
}


--------------------------------------------------------------------------------
2014-10-05T10:49:58+00:00 ERR (3) 404 Seite nicht gefunden
REMOTE_ADDR: 192.187.110.179
HTTP_REFERER: http://graphicore.de/include/fckeditor/editor/filemanager/browser/default/connectors/test.html
requested: array(6) {
  ["controller"] => string(7) "include"
  ["action"] => string(9) "fckeditor"
  ["editor"] => string(11) "filemanager"
  ["browser"] => string(7) "default"
  ["connectors"] => string(9) "test.html"
  ["module"] => string(7) "default"
}


--------------------------------------------------------------------------------
2014-10-05T10:49:58+00:00 ERR (3) 404 Seite nicht gefunden
REMOTE_ADDR: 192.187.110.179
HTTP_REFERER: http://graphicore.de/include/js/fckeditor/editor/filemanager/browser/default/connectors/test.html
requested: array(6) {
  ["controller"] => string(7) "include"
  ["action"] => string(2) "js"
  ["fckeditor"] => string(6) "editor"
  ["filemanager"] => string(7) "browser"
  ["default"] => string(10) "connectors"
  ["module"] => string(7) "default"
}


--------------------------------------------------------------------------------
2014-10-05T10:49:59+00:00 ERR (3) 404 Seite nicht gefunden
REMOTE_ADDR: 192.187.110.179
HTTP_REFERER: http://graphicore.de/include/js/fckeditor/editor/filemanager/connectors/test.html
requested: array(5) {
  ["controller"] => string(7) "include"
  ["action"] => string(2) "js"
  ["fckeditor"] => string(6) "editor"
  ["filemanager"] => string(10) "connectors"
  ["module"] => string(7) "default"
}


--------------------------------------------------------------------------------
2014-10-05T10:49:59+00:00 ERR (3) 404 Seite nicht gefunden
REMOTE_ADDR: 192.187.110.179
HTTP_REFERER: http://graphicore.de/includes/fckeditor/editor/filemanager/browser/default/connectors/test.html
requested: array(6) {
  ["controller"] => string(8) "includes"
  ["action"] => string(9) "fckeditor"
  ["editor"] => string(11) "filemanager"
  ["browser"] => string(7) "default"
  ["connectors"] => string(9) "test.html"
  ["module"] => string(7) "default"
}


--------------------------------------------------------------------------------
2014-10-05T10:50:00+00:00 ERR (3) 404 Seite nicht gefunden
REMOTE_ADDR: 192.187.110.179
HTTP_REFERER: http://graphicore.de/js/fckeditor/editor/filemanager/connectors/test.html
requested: array(5) {
  ["controller"] => string(2) "js"
  ["action"] => string(9) "fckeditor"
  ["editor"] => string(11) "filemanager"
  ["connectors"] => string(9) "test.html"
  ["module"] => string(7) "default"
}


--------------------------------------------------------------------------------
2014-10-05T10:50:01+00:00 ERR (3) 404 Seite nicht gefunden
REMOTE_ADDR: 192.187.110.179
HTTP_REFERER: http://graphicore.de/mambots/editors/fckeditor/editor/filemanager/upload/test.html
requested: array(5) {
  ["controller"] => string(7) "mambots"
  ["action"] => string(7) "editors"
  ["fckeditor"] => string(6) "editor"
  ["filemanager"] => string(6) "upload"
  ["module"] => string(7) "default"
}


--------------------------------------------------------------------------------
2014-10-05T10:50:01+00:00 ERR (3) 404 Seite nicht gefunden
REMOTE_ADDR: 192.187.110.179
HTTP_REFERER: http://graphicore.de/manage/editor/filemanager/browser/default/connectors/test.html
requested: array(5) {
  ["controller"] => string(6) "manage"
  ["action"] => string(6) "editor"
  ["filemanager"] => string(7) "browser"
  ["default"] => string(10) "connectors"
  ["module"] => string(7) "default"
}


--------------------------------------------------------------------------------
2014-10-05T10:50:02+00:00 ERR (3) 404 Seite nicht gefunden
REMOTE_ADDR: 192.187.110.179
HTTP_REFERER: http://graphicore.de/manage/fckeditor/editor/filemanager/browser/default/connectors/test.html
requested: array(6) {
  ["controller"] => string(6) "manage"
  ["action"] => string(9) "fckeditor"
  ["editor"] => string(11) "filemanager"
  ["browser"] => string(7) "default"
  ["connectors"] => string(9) "test.html"
  ["module"] => string(7) "default"
}


--------------------------------------------------------------------------------
2014-10-05T10:50:02+00:00 ERR (3) 404 Seite nicht gefunden
REMOTE_ADDR: 192.187.110.179
HTTP_REFERER: http://graphicore.de/manager/fckeditor/editor/filemanager/browser/default/connectors/test.html
requested: array(6) {
  ["controller"] => string(7) "manager"
  ["action"] => string(9) "fckeditor"
  ["editor"] => string(11) "filemanager"
  ["browser"] => string(7) "default"
  ["connectors"] => string(9) "test.html"
  ["module"] => string(7) "default"
}


--------------------------------------------------------------------------------
2014-10-05T10:50:03+00:00 ERR (3) 404 Seite nicht gefunden
REMOTE_ADDR: 192.187.110.179
HTTP_REFERER: http://graphicore.de/sys/fckeditor/editor/filemanager/browser/default/connectors/test.html
requested: array(6) {
  ["controller"] => string(3) "sys"
  ["action"] => string(9) "fckeditor"
  ["editor"] => string(11) "filemanager"
  ["browser"] => string(7) "default"
  ["connectors"] => string(9) "test.html"
  ["module"] => string(7) "default"
}


--------------------------------------------------------------------------------
2014-10-05T10:50:03+00:00 ERR (3) 404 Seite nicht gefunden
REMOTE_ADDR: 192.187.110.179
HTTP_REFERER: http://graphicore.de/system/fckeditor/editor/filemanager/browser/default/connectors/test.html
requested: array(6) {
  ["controller"] => string(6) "system"
  ["action"] => string(9) "fckeditor"
  ["editor"] => string(11) "filemanager"
  ["browser"] => string(7) "default"
  ["connectors"] => string(9) "test.html"
  ["module"] => string(7) "default"
}


--------------------------------------------------------------------------------
2014-10-05T10:50:04+00:00 ERR (3) 404 Seite nicht gefunden
REMOTE_ADDR: 192.187.110.179
HTTP_REFERER: http://graphicore.de/webadmin/fckeditor/editor/filemanager/browser/default/connectors/test.html
requested: array(6) {
  ["controller"] => string(8) "webadmin"
  ["action"] => string(9) "fckeditor"
  ["editor"] => string(11) "filemanager"
  ["browser"] => string(7) "default"
  ["connectors"] => string(9) "test.html"
  ["module"] => string(7) "default"
}


--------------------------------------------------------------------------------
2014-10-05T10:50:04+00:00 ERR (3) 404 Seite nicht gefunden
REMOTE_ADDR: 192.187.110.179
HTTP_REFERER: http://graphicore.de/webmaster/fckeditor/editor/filemanager/browser/default/connectors/test.html
requested: array(6) {
  ["controller"] => string(9) "webmaster"
  ["action"] => string(9) "fckeditor"
  ["editor"] => string(11) "filemanager"
  ["browser"] => string(7) "default"
  ["connectors"] => string(9) "test.html"
  ["module"] => string(7) "default"
}


--------------------------------------------------------------------------------
2014-10-05T10:50:04+00:00 ERR (3) 404 Seite nicht gefunden
REMOTE_ADDR: 192.187.110.179
HTTP_REFERER: http://graphicore.de/wp-content/plugins/editormonkey/fckeditor/editor/filemanager/browser/default/connectors/test.html
requested: array(7) {
  ["controller"] => string(10) "wp-content"
  ["action"] => string(7) "plugins"
  ["editormonkey"] => string(9) "fckeditor"
  ["editor"] => string(11) "filemanager"
  ["browser"] => string(7) "default"
  ["connectors"] => string(9) "test.html"
  ["module"] => string(7) "default"
}


--------------------------------------------------------------------------------
2014-10-05T10:50:05+00:00 ERR (3) 404 Seite nicht gefunden
REMOTE_ADDR: 192.187.110.179
HTTP_REFERER: http://graphicore.de/wp-content/plugins/sem-wysiwyg/fckeditor/editor/filemanager/connectors/test.html
requested: array(6) {
  ["controller"] => string(10) "wp-content"
  ["action"] => string(7) "plugins"
  ["sem-wysiwyg"] => string(9) "fckeditor"
  ["editor"] => string(11) "filemanager"
  ["connectors"] => string(9) "test.html"
  ["module"] => string(7) "default"
}


--------------------------------------------------------------------------------
2014-10-05T10:50:05+00:00 ERR (3) 404 Seite nicht gefunden
REMOTE_ADDR: 192.187.110.179
HTTP_REFERER: http://graphicore.de/wp-content/plugins/st_newsletter/visual_editors/fckeditor/editor/filemanager/browser/default/connectors/test.html
requested: array(7) {
  ["controller"] => string(10) "wp-content"
  ["action"] => string(7) "plugins"
  ["st_newsletter"] => string(14) "visual_editors"
  ["fckeditor"] => string(6) "editor"
  ["filemanager"] => string(7) "browser"
  ["default"] => string(10) "connectors"
  ["module"] => string(7) "default"
}


--------------------------------------------------------------------------------
2014-10-05T20:04:38+00:00 ERR (3) 404 "de" was not found.
REMOTE_ADDR: 208.115.111.73
HTTP_REFERER: 
requested: array(5) {
  ["lang"] => string(2) "de"
  ["action"] => string(7) "archive"
  ["key"] => string(2) "de"
  ["module"] => string(7) "default"
  ["controller"] => string(5) "index"
}


--------------------------------------------------------------------------------
2014-10-05T23:45:05+00:00 ERR (3) 404 Seite nicht gefunden
REMOTE_ADDR: 91.200.12.28
HTTP_REFERER: http://graphicore.de/admin/editor/filemanager/browser/default/connectors/test.html
requested: array(5) {
  ["controller"] => string(5) "admin"
  ["action"] => string(6) "editor"
  ["filemanager"] => string(7) "browser"
  ["default"] => string(10) "connectors"
  ["module"] => string(7) "default"
}


--------------------------------------------------------------------------------
2014-10-05T23:45:06+00:00 ERR (3) 404 Seite nicht gefunden
REMOTE_ADDR: 91.200.12.28
HTTP_REFERER: http://graphicore.de/admin/fckeditor/editor/filemanager/browser/default/connectors/test.html
requested: array(6) {
  ["controller"] => string(5) "admin"
  ["action"] => string(9) "fckeditor"
  ["editor"] => string(11) "filemanager"
  ["browser"] => string(7) "default"
  ["connectors"] => string(9) "test.html"
  ["module"] => string(7) "default"
}


--------------------------------------------------------------------------------
2014-10-05T23:45:06+00:00 ERR (3) 404 Seite nicht gefunden
REMOTE_ADDR: 91.200.12.28
HTTP_REFERER: http://graphicore.de/admin/includes/rte/editor/filemanager/browser/default/connectors/test.html
requested: array(6) {
  ["controller"] => string(5) "admin"
  ["action"] => string(8) "includes"
  ["rte"] => string(6) "editor"
  ["filemanager"] => string(7) "browser"
  ["default"] => string(10) "connectors"
  ["module"] => string(7) "default"
}


--------------------------------------------------------------------------------
2014-10-05T23:45:06+00:00 ERR (3) 404 Seite nicht gefunden
REMOTE_ADDR: 91.200.12.28
HTTP_REFERER: http://graphicore.de/admin/view/javascript/fckeditor/editor/filemanager/connectors/test.html
requested: array(6) {
  ["controller"] => string(5) "admin"
  ["action"] => string(4) "view"
  ["javascript"] => string(9) "fckeditor"
  ["editor"] => string(11) "filemanager"
  ["connectors"] => string(9) "test.html"
  ["module"] => string(7) "default"
}


--------------------------------------------------------------------------------
2014-10-05T23:45:07+00:00 ERR (3) 404 Seite nicht gefunden
REMOTE_ADDR: 91.200.12.28
HTTP_REFERER: http://graphicore.de/administrator/fckeditor/editor/filemanager/upload/test.html
requested: array(5) {
  ["controller"] => string(13) "administrator"
  ["action"] => string(9) "fckeditor"
  ["editor"] => string(11) "filemanager"
  ["upload"] => string(9) "test.html"
  ["module"] => string(7) "default"
}


--------------------------------------------------------------------------------
2014-10-05T23:45:07+00:00 ERR (3) 404 Seite nicht gefunden
REMOTE_ADDR: 91.200.12.28
HTTP_REFERER: http://graphicore.de/backend/fckeditor/editor/filemanager/browser/default/connectors/test.html
requested: array(5) {
  ["module"] => string(7) "backend"
  ["controller"] => string(9) "fckeditor"
  ["action"] => string(6) "editor"
  ["filemanager"] => string(7) "browser"
  ["default"] => string(10) "connectors"
}


--------------------------------------------------------------------------------
2014-10-05T23:45:07+00:00 ERR (3) 404 Seite nicht gefunden
REMOTE_ADDR: 91.200.12.28
HTTP_REFERER: http://graphicore.de/cms/fckeditor/editor/filemanager/browser/default/connectors/test.html
requested: array(6) {
  ["controller"] => string(3) "cms"
  ["action"] => string(9) "fckeditor"
  ["editor"] => string(11) "filemanager"
  ["browser"] => string(7) "default"
  ["connectors"] => string(9) "test.html"
  ["module"] => string(7) "default"
}


--------------------------------------------------------------------------------
2014-10-05T23:45:08+00:00 ERR (3) 404 Seite nicht gefunden
REMOTE_ADDR: 91.200.12.28
HTTP_REFERER: http://graphicore.de/editor/editor/filemanager/connectors/test.html
requested: array(4) {
  ["controller"] => string(6) "editor"
  ["action"] => string(6) "editor"
  ["filemanager"] => string(10) "connectors"
  ["module"] => string(7) "default"
}


--------------------------------------------------------------------------------
2014-10-05T23:45:08+00:00 ERR (3) 404 Seite nicht gefunden
REMOTE_ADDR: 91.200.12.28
HTTP_REFERER: http://graphicore.de/editor/filemanager/browser/default/connectors/test.html
requested: array(5) {
  ["controller"] => string(6) "editor"
  ["action"] => string(11) "filemanager"
  ["browser"] => string(7) "default"
  ["connectors"] => string(9) "test.html"
  ["module"] => string(7) "default"
}


--------------------------------------------------------------------------------
2014-10-05T23:45:08+00:00 ERR (3) 404 Seite nicht gefunden
REMOTE_ADDR: 91.200.12.28
HTTP_REFERER: http://graphicore.de/fck/editor/filemanager/browser/default/connectors/test.html
requested: array(5) {
  ["controller"] => string(3) "fck"
  ["action"] => string(6) "editor"
  ["filemanager"] => string(7) "browser"
  ["default"] => string(10) "connectors"
  ["module"] => string(7) "default"
}


--------------------------------------------------------------------------------
2014-10-05T23:45:09+00:00 ERR (3) 404 Seite nicht gefunden
REMOTE_ADDR: 91.200.12.28
HTTP_REFERER: http://graphicore.de/fckeditor/editor/filemanager/browser/default/connectors/test.html
requested: array(5) {
  ["controller"] => string(9) "fckeditor"
  ["action"] => string(6) "editor"
  ["filemanager"] => string(7) "browser"
  ["default"] => string(10) "connectors"
  ["module"] => string(7) "default"
}


--------------------------------------------------------------------------------
2014-10-05T23:45:09+00:00 ERR (3) 404 Seite nicht gefunden
REMOTE_ADDR: 91.200.12.28
HTTP_REFERER: http://graphicore.de/include/fckeditor/editor/filemanager/browser/default/connectors/test.html
requested: array(6) {
  ["controller"] => string(7) "include"
  ["action"] => string(9) "fckeditor"
  ["editor"] => string(11) "filemanager"
  ["browser"] => string(7) "default"
  ["connectors"] => string(9) "test.html"
  ["module"] => string(7) "default"
}


--------------------------------------------------------------------------------
2014-10-05T23:45:09+00:00 ERR (3) 404 Seite nicht gefunden
REMOTE_ADDR: 91.200.12.28
HTTP_REFERER: http://graphicore.de/include/js/fckeditor/editor/filemanager/browser/default/connectors/test.html
requested: array(6) {
  ["controller"] => string(7) "include"
  ["action"] => string(2) "js"
  ["fckeditor"] => string(6) "editor"
  ["filemanager"] => string(7) "browser"
  ["default"] => string(10) "connectors"
  ["module"] => string(7) "default"
}


--------------------------------------------------------------------------------
2014-10-05T23:45:10+00:00 ERR (3) 404 Seite nicht gefunden
REMOTE_ADDR: 91.200.12.28
HTTP_REFERER: http://graphicore.de/include/js/fckeditor/editor/filemanager/connectors/test.html
requested: array(5) {
  ["controller"] => string(7) "include"
  ["action"] => string(2) "js"
  ["fckeditor"] => string(6) "editor"
  ["filemanager"] => string(10) "connectors"
  ["module"] => string(7) "default"
}


--------------------------------------------------------------------------------
2014-10-05T23:45:10+00:00 ERR (3) 404 Seite nicht gefunden
REMOTE_ADDR: 91.200.12.28
HTTP_REFERER: http://graphicore.de/includes/fckeditor/editor/filemanager/browser/default/connectors/test.html
requested: array(6) {
  ["controller"] => string(8) "includes"
  ["action"] => string(9) "fckeditor"
  ["editor"] => string(11) "filemanager"
  ["browser"] => string(7) "default"
  ["connectors"] => string(9) "test.html"
  ["module"] => string(7) "default"
}


--------------------------------------------------------------------------------
2014-10-05T23:45:10+00:00 ERR (3) 404 Seite nicht gefunden
REMOTE_ADDR: 91.200.12.28
HTTP_REFERER: http://graphicore.de/js/fckeditor/editor/filemanager/connectors/test.html
requested: array(5) {
  ["controller"] => string(2) "js"
  ["action"] => string(9) "fckeditor"
  ["editor"] => string(11) "filemanager"
  ["connectors"] => string(9) "test.html"
  ["module"] => string(7) "default"
}


--------------------------------------------------------------------------------
2014-10-05T23:45:11+00:00 ERR (3) 404 Seite nicht gefunden
REMOTE_ADDR: 91.200.12.28
HTTP_REFERER: http://graphicore.de/mambots/editors/fckeditor/editor/filemanager/upload/test.html
requested: array(5) {
  ["controller"] => string(7) "mambots"
  ["action"] => string(7) "editors"
  ["fckeditor"] => string(6) "editor"
  ["filemanager"] => string(6) "upload"
  ["module"] => string(7) "default"
}


--------------------------------------------------------------------------------
2014-10-05T23:45:11+00:00 ERR (3) 404 Seite nicht gefunden
REMOTE_ADDR: 91.200.12.28
HTTP_REFERER: http://graphicore.de/manage/editor/filemanager/browser/default/connectors/test.html
requested: array(5) {
  ["controller"] => string(6) "manage"
  ["action"] => string(6) "editor"
  ["filemanager"] => string(7) "browser"
  ["default"] => string(10) "connectors"
  ["module"] => string(7) "default"
}


--------------------------------------------------------------------------------
2014-10-05T23:45:11+00:00 ERR (3) 404 Seite nicht gefunden
REMOTE_ADDR: 91.200.12.28
HTTP_REFERER: http://graphicore.de/manage/fckeditor/editor/filemanager/browser/default/connectors/test.html
requested: array(6) {
  ["controller"] => string(6) "manage"
  ["action"] => string(9) "fckeditor"
  ["editor"] => string(11) "filemanager"
  ["browser"] => string(7) "default"
  ["connectors"] => string(9) "test.html"
  ["module"] => string(7) "default"
}


--------------------------------------------------------------------------------
2014-10-05T23:45:12+00:00 ERR (3) 404 Seite nicht gefunden
REMOTE_ADDR: 91.200.12.28
HTTP_REFERER: http://graphicore.de/manager/fckeditor/editor/filemanager/browser/default/connectors/test.html
requested: array(6) {
  ["controller"] => string(7) "manager"
  ["action"] => string(9) "fckeditor"
  ["editor"] => string(11) "filemanager"
  ["browser"] => string(7) "default"
  ["connectors"] => string(9) "test.html"
  ["module"] => string(7) "default"
}


--------------------------------------------------------------------------------
2014-10-05T23:45:12+00:00 ERR (3) 404 Seite nicht gefunden
REMOTE_ADDR: 91.200.12.28
HTTP_REFERER: http://graphicore.de/sys/fckeditor/editor/filemanager/browser/default/connectors/test.html
requested: array(6) {
  ["controller"] => string(3) "sys"
  ["action"] => string(9) "fckeditor"
  ["editor"] => string(11) "filemanager"
  ["browser"] => string(7) "default"
  ["connectors"] => string(9) "test.html"
  ["module"] => string(7) "default"
}


--------------------------------------------------------------------------------
2014-10-05T23:45:12+00:00 ERR (3) 404 Seite nicht gefunden
REMOTE_ADDR: 91.200.12.28
HTTP_REFERER: http://graphicore.de/system/fckeditor/editor/filemanager/browser/default/connectors/test.html
requested: array(6) {
  ["controller"] => string(6) "system"
  ["action"] => string(9) "fckeditor"
  ["editor"] => string(11) "filemanager"
  ["browser"] => string(7) "default"
  ["connectors"] => string(9) "test.html"
  ["module"] => string(7) "default"
}


--------------------------------------------------------------------------------
2014-10-05T23:45:13+00:00 ERR (3) 404 Seite nicht gefunden
REMOTE_ADDR: 91.200.12.28
HTTP_REFERER: http://graphicore.de/webadmin/fckeditor/editor/filemanager/browser/default/connectors/test.html
requested: array(6) {
  ["controller"] => string(8) "webadmin"
  ["action"] => string(9) "fckeditor"
  ["editor"] => string(11) "filemanager"
  ["browser"] => string(7) "default"
  ["connectors"] => string(9) "test.html"
  ["module"] => string(7) "default"
}


--------------------------------------------------------------------------------
2014-10-05T23:45:13+00:00 ERR (3) 404 Seite nicht gefunden
REMOTE_ADDR: 91.200.12.28
HTTP_REFERER: http://graphicore.de/webmaster/fckeditor/editor/filemanager/browser/default/connectors/test.html
requested: array(6) {
  ["controller"] => string(9) "webmaster"
  ["action"] => string(9) "fckeditor"
  ["editor"] => string(11) "filemanager"
  ["browser"] => string(7) "default"
  ["connectors"] => string(9) "test.html"
  ["module"] => string(7) "default"
}


--------------------------------------------------------------------------------
2014-10-05T23:45:13+00:00 ERR (3) 404 Seite nicht gefunden
REMOTE_ADDR: 91.200.12.28
HTTP_REFERER: http://graphicore.de/wp-content/plugins/editormonkey/fckeditor/editor/filemanager/browser/default/connectors/test.html
requested: array(7) {
  ["controller"] => string(10) "wp-content"
  ["action"] => string(7) "plugins"
  ["editormonkey"] => string(9) "fckeditor"
  ["editor"] => string(11) "filemanager"
  ["browser"] => string(7) "default"
  ["connectors"] => string(9) "test.html"
  ["module"] => string(7) "default"
}


--------------------------------------------------------------------------------
2014-10-05T23:45:14+00:00 ERR (3) 404 Seite nicht gefunden
REMOTE_ADDR: 91.200.12.28
HTTP_REFERER: http://graphicore.de/wp-content/plugins/sem-wysiwyg/fckeditor/editor/filemanager/connectors/test.html
requested: array(6) {
  ["controller"] => string(10) "wp-content"
  ["action"] => string(7) "plugins"
  ["sem-wysiwyg"] => string(9) "fckeditor"
  ["editor"] => string(11) "filemanager"
  ["connectors"] => string(9) "test.html"
  ["module"] => string(7) "default"
}


--------------------------------------------------------------------------------
2014-10-05T23:45:14+00:00 ERR (3) 404 Seite nicht gefunden
REMOTE_ADDR: 91.200.12.28
HTTP_REFERER: http://graphicore.de/wp-content/plugins/st_newsletter/visual_editors/fckeditor/editor/filemanager/browser/default/connectors/test.html
requested: array(7) {
  ["controller"] => string(10) "wp-content"
  ["action"] => string(7) "plugins"
  ["st_newsletter"] => string(14) "visual_editors"
  ["fckeditor"] => string(6) "editor"
  ["filemanager"] => string(7) "browser"
  ["default"] => string(10) "connectors"
  ["module"] => string(7) "default"
}


--------------------------------------------------------------------------------
