2016-07-30T00:09:03+00:00 ERR (3) 404 Seite nicht gefunden
REMOTE_ADDR: 31.184.238.125
HTTP_REFERER: 
requested: array(3) {
  ["controller"] => string(5) "forum"
  ["action"] => string(9) "index.php"
  ["module"] => string(7) "default"
}


--------------------------------------------------------------------------------
2016-07-30T02:33:20+00:00 ERR (3) 404 Seite nicht gefunden
REMOTE_ADDR: 91.109.13.108
HTTP_REFERER: 
requested: array(5) {
  ["controller"] => string(10) "wp-content"
  ["action"] => string(7) "plugins"
  ["wysija-newsletters"] => string(2) "js"
  ["tinymce"] => string(11) "tiny_mce.js"
  ["module"] => string(7) "default"
}


--------------------------------------------------------------------------------
2016-07-30T02:47:55+00:00 ERR (3) 404 Seite nicht gefunden
REMOTE_ADDR: 50.62.133.63
HTTP_REFERER: 
requested: array(3) {
  ["controller"] => string(4) "test"
  ["action"] => string(8) "wp-admin"
  ["module"] => string(7) "default"
}


--------------------------------------------------------------------------------
2016-07-30T02:55:30+00:00 ERR (3) 404 Seite nicht gefunden
REMOTE_ADDR: 91.208.99.2
HTTP_REFERER: 
requested: array(3) {
  ["controller"] => string(9) "wordpress"
  ["action"] => string(8) "wp-admin"
  ["module"] => string(7) "default"
}


--------------------------------------------------------------------------------
2016-07-30T03:03:04+00:00 ERR (3) 404 Seite nicht gefunden
REMOTE_ADDR: 173.236.184.116
HTTP_REFERER: 
requested: array(3) {
  ["controller"] => string(4) "blog"
  ["action"] => string(8) "wp-admin"
  ["module"] => string(7) "default"
}


--------------------------------------------------------------------------------
2016-07-30T03:10:51+00:00 ERR (3) 404 Seite nicht gefunden
REMOTE_ADDR: 164.77.212.243
HTTP_REFERER: 
requested: array(3) {
  ["controller"] => string(2) "wp"
  ["action"] => string(8) "wp-admin"
  ["module"] => string(7) "default"
}


--------------------------------------------------------------------------------
2016-07-30T03:18:12+00:00 ERR (3) 404 Seite nicht gefunden
REMOTE_ADDR: 50.62.161.148
HTTP_REFERER: 
requested: array(3) {
  ["controller"] => string(3) "old"
  ["action"] => string(8) "wp-admin"
  ["module"] => string(7) "default"
}


--------------------------------------------------------------------------------
2016-07-30T10:17:59+00:00 ERR (3) 404 Seite nicht gefunden
REMOTE_ADDR: 97.74.6.4
HTTP_REFERER: 
requested: array(4) {
  ["controller"] => string(6) "https:"
  [""] => string(19) "silber-und-blei.com"
  ["action"] => string(5) "index"
  ["module"] => string(7) "default"
}


--------------------------------------------------------------------------------
2016-07-30T10:18:02+00:00 ERR (3) 404 Seite nicht gefunden
REMOTE_ADDR: 97.74.6.4
HTTP_REFERER: 
requested: array(3) {
  ["controller"] => string(2) "js"
  ["action"] => string(1) "'"
  ["module"] => string(7) "default"
}


--------------------------------------------------------------------------------
2016-07-30T16:22:09+00:00 ERR (3) 404 Seite nicht gefunden
REMOTE_ADDR: 149.202.7.203
HTTP_REFERER: 
requested: array(3) {
  ["controller"] => string(6) "https:"
  ["action"] => string(19) "silber-und-blei.com"
  ["module"] => string(7) "default"
}


--------------------------------------------------------------------------------
2016-07-30T16:22:10+00:00 ERR (3) 404 Seite nicht gefunden
REMOTE_ADDR: 149.202.7.203
HTTP_REFERER: 
requested: array(3) {
  ["controller"] => string(2) "js"
  ["action"] => string(1) "'"
  ["module"] => string(7) "default"
}


--------------------------------------------------------------------------------
2016-07-30T19:46:48+00:00 ERR (3) 404 Seite nicht gefunden
REMOTE_ADDR: 149.202.7.203
HTTP_REFERER: 
requested: array(4) {
  ["controller"] => string(6) "https:"
  [""] => string(19) "silber-und-blei.com"
  ["action"] => string(5) "index"
  ["module"] => string(7) "default"
}


--------------------------------------------------------------------------------
2016-07-30T19:46:49+00:00 ERR (3) 404 Seite nicht gefunden
REMOTE_ADDR: 149.202.7.203
HTTP_REFERER: 
requested: array(3) {
  ["controller"] => string(2) "js"
  ["action"] => string(1) "'"
  ["module"] => string(7) "default"
}


--------------------------------------------------------------------------------
