2013-09-26T17:54:54+00:00 ERR (3) 404 Page not found
REMOTE_ADDR: 121.205.246.98
HTTP_REFERER: http://www.graphicore.de/
requested: array(3) {
  ["controller"] => string(5) "forum"
  ["action"] => string(9) "index.php"
  ["module"] => string(7) "default"
}


--------------------------------------------------------------------------------
2013-09-26T20:23:43+00:00 ERR (3) 404 Seite nicht gefunden
REMOTE_ADDR: 195.64.155.115
HTTP_REFERER: 
requested: array(3) {
  ["controller"] => string(5) "forum"
  ["action"] => string(5) "index"
  ["module"] => string(7) "default"
}


--------------------------------------------------------------------------------
2013-09-26T20:23:45+00:00 ERR (3) 404 Seite nicht gefunden
REMOTE_ADDR: 195.64.155.115
HTTP_REFERER: 
requested: array(3) {
  ["controller"] => string(5) "forum"
  ["action"] => string(5) "index"
  ["module"] => string(7) "default"
}


--------------------------------------------------------------------------------
