2020-11-15T05:10:14+00:00 ERR (3) 404 Page not found
REMOTE_ADDR: 159.203.14.64
HTTP_REFERER: 
requested: array(3) {
  ["controller"] => string(11) "wp-includes"
  ["action"] => string(15) "wlwmanifest.xml"
  ["module"] => string(7) "default"
}


--------------------------------------------------------------------------------
2020-11-15T05:10:15+00:00 ERR (3) 404 Page not found
REMOTE_ADDR: 159.203.14.64
HTTP_REFERER: 
requested: array(3) {
  ["controller"] => string(4) "blog"
  ["action"] => string(11) "wp-includes"
  ["module"] => string(7) "default"
}


--------------------------------------------------------------------------------
2020-11-15T05:10:15+00:00 ERR (3) 404 Page not found
REMOTE_ADDR: 159.203.14.64
HTTP_REFERER: 
requested: array(3) {
  ["controller"] => string(3) "web"
  ["action"] => string(11) "wp-includes"
  ["module"] => string(7) "default"
}


--------------------------------------------------------------------------------
2020-11-15T05:10:15+00:00 ERR (3) 404 Page not found
REMOTE_ADDR: 159.203.14.64
HTTP_REFERER: 
requested: array(3) {
  ["controller"] => string(9) "wordpress"
  ["action"] => string(11) "wp-includes"
  ["module"] => string(7) "default"
}


--------------------------------------------------------------------------------
2020-11-15T05:10:15+00:00 ERR (3) 404 Page not found
REMOTE_ADDR: 159.203.14.64
HTTP_REFERER: 
requested: array(3) {
  ["controller"] => string(7) "website"
  ["action"] => string(11) "wp-includes"
  ["module"] => string(7) "default"
}


--------------------------------------------------------------------------------
2020-11-15T05:10:15+00:00 ERR (3) 404 Page not found
REMOTE_ADDR: 159.203.14.64
HTTP_REFERER: 
requested: array(3) {
  ["controller"] => string(2) "wp"
  ["action"] => string(11) "wp-includes"
  ["module"] => string(7) "default"
}


--------------------------------------------------------------------------------
2020-11-15T05:10:16+00:00 ERR (3) 404 Page not found
REMOTE_ADDR: 159.203.14.64
HTTP_REFERER: 
requested: array(3) {
  ["controller"] => string(4) "news"
  ["action"] => string(11) "wp-includes"
  ["module"] => string(7) "default"
}


--------------------------------------------------------------------------------
2020-11-15T05:10:16+00:00 ERR (3) 404 Page not found
REMOTE_ADDR: 159.203.14.64
HTTP_REFERER: 
requested: array(3) {
  ["controller"] => string(4) "2018"
  ["action"] => string(11) "wp-includes"
  ["module"] => string(7) "default"
}


--------------------------------------------------------------------------------
2020-11-15T05:10:16+00:00 ERR (3) 404 Page not found
REMOTE_ADDR: 159.203.14.64
HTTP_REFERER: 
requested: array(3) {
  ["controller"] => string(4) "2019"
  ["action"] => string(11) "wp-includes"
  ["module"] => string(7) "default"
}


--------------------------------------------------------------------------------
2020-11-15T05:10:16+00:00 ERR (3) 404 Page not found
REMOTE_ADDR: 159.203.14.64
HTTP_REFERER: 
requested: array(3) {
  ["controller"] => string(4) "shop"
  ["action"] => string(11) "wp-includes"
  ["module"] => string(7) "default"
}


--------------------------------------------------------------------------------
2020-11-15T05:10:16+00:00 ERR (3) 404 Page not found
REMOTE_ADDR: 159.203.14.64
HTTP_REFERER: 
requested: array(3) {
  ["controller"] => string(3) "wp1"
  ["action"] => string(11) "wp-includes"
  ["module"] => string(7) "default"
}


--------------------------------------------------------------------------------
2020-11-15T05:10:17+00:00 ERR (3) 404 Page not found
REMOTE_ADDR: 159.203.14.64
HTTP_REFERER: 
requested: array(3) {
  ["controller"] => string(4) "test"
  ["action"] => string(11) "wp-includes"
  ["module"] => string(7) "default"
}


--------------------------------------------------------------------------------
2020-11-15T05:10:17+00:00 ERR (3) 404 Page not found
REMOTE_ADDR: 159.203.14.64
HTTP_REFERER: 
requested: array(3) {
  ["controller"] => string(5) "media"
  ["action"] => string(11) "wp-includes"
  ["module"] => string(7) "default"
}


--------------------------------------------------------------------------------
2020-11-15T05:10:17+00:00 ERR (3) 404 Page not found
REMOTE_ADDR: 159.203.14.64
HTTP_REFERER: 
requested: array(3) {
  ["controller"] => string(3) "wp2"
  ["action"] => string(11) "wp-includes"
  ["module"] => string(7) "default"
}


--------------------------------------------------------------------------------
2020-11-15T05:10:17+00:00 ERR (3) 404 Page not found
REMOTE_ADDR: 159.203.14.64
HTTP_REFERER: 
requested: array(3) {
  ["controller"] => string(4) "site"
  ["action"] => string(11) "wp-includes"
  ["module"] => string(7) "default"
}


--------------------------------------------------------------------------------
2020-11-15T05:10:17+00:00 ERR (3) 404 Page not found
REMOTE_ADDR: 159.203.14.64
HTTP_REFERER: 
requested: array(3) {
  ["controller"] => string(3) "cms"
  ["action"] => string(11) "wp-includes"
  ["module"] => string(7) "default"
}


--------------------------------------------------------------------------------
2020-11-15T05:10:17+00:00 ERR (3) 404 Page not found
REMOTE_ADDR: 159.203.14.64
HTTP_REFERER: 
requested: array(3) {
  ["controller"] => string(4) "sito"
  ["action"] => string(11) "wp-includes"
  ["module"] => string(7) "default"
}


--------------------------------------------------------------------------------
2020-11-15T06:50:17+00:00 ERR (3) 404 Seite nicht gefunden
REMOTE_ADDR: 40.74.65.189
HTTP_REFERER: 
requested: array(3) {
  ["controller"] => string(4) ".env"
  ["action"] => string(5) "index"
  ["module"] => string(7) "default"
}


--------------------------------------------------------------------------------
2020-11-15T06:56:03+00:00 ERR (3) 404 "competences" was not found.
REMOTE_ADDR: 62.138.2.14
HTTP_REFERER: 
requested: array(5) {
  ["lang"] => string(2) "en"
  ["action"] => string(4) "page"
  ["key"] => string(11) "competences"
  ["module"] => string(7) "default"
  ["controller"] => string(5) "index"
}


--------------------------------------------------------------------------------
2020-11-15T07:30:11+00:00 ERR (3) 404 Seite nicht gefunden
REMOTE_ADDR: 34.123.165.135
HTTP_REFERER: 
requested: array(3) {
  ["controller"] => string(4) "blog"
  ["action"] => string(5) "index"
  ["module"] => string(7) "default"
}


--------------------------------------------------------------------------------
2020-11-15T07:30:12+00:00 ERR (3) 404 Seite nicht gefunden
REMOTE_ADDR: 34.123.165.135
HTTP_REFERER: 
requested: array(3) {
  ["controller"] => string(2) "wp"
  ["action"] => string(5) "index"
  ["module"] => string(7) "default"
}


--------------------------------------------------------------------------------
2020-11-15T07:30:13+00:00 ERR (3) 404 Seite nicht gefunden
REMOTE_ADDR: 34.123.165.135
HTTP_REFERER: 
requested: array(3) {
  ["controller"] => string(9) "wordpress"
  ["action"] => string(5) "index"
  ["module"] => string(7) "default"
}


--------------------------------------------------------------------------------
2020-11-15T07:30:13+00:00 ERR (3) 404 Seite nicht gefunden
REMOTE_ADDR: 34.123.165.135
HTTP_REFERER: 
requested: array(3) {
  ["controller"] => string(3) "new"
  ["action"] => string(5) "index"
  ["module"] => string(7) "default"
}


--------------------------------------------------------------------------------
2020-11-15T07:30:13+00:00 ERR (3) 404 Seite nicht gefunden
REMOTE_ADDR: 34.123.165.135
HTTP_REFERER: 
requested: array(3) {
  ["controller"] => string(3) "old"
  ["action"] => string(5) "index"
  ["module"] => string(7) "default"
}


--------------------------------------------------------------------------------
2020-11-15T07:30:14+00:00 ERR (3) 404 Seite nicht gefunden
REMOTE_ADDR: 34.123.165.135
HTTP_REFERER: 
requested: array(3) {
  ["controller"] => string(4) "test"
  ["action"] => string(5) "index"
  ["module"] => string(7) "default"
}


--------------------------------------------------------------------------------
2020-11-15T07:30:14+00:00 ERR (3) 404 Seite nicht gefunden
REMOTE_ADDR: 34.123.165.135
HTTP_REFERER: 
requested: array(3) {
  ["controller"] => string(4) "main"
  ["action"] => string(5) "index"
  ["module"] => string(7) "default"
}


--------------------------------------------------------------------------------
2020-11-15T07:30:14+00:00 ERR (3) 404 Seite nicht gefunden
REMOTE_ADDR: 34.123.165.135
HTTP_REFERER: 
requested: array(3) {
  ["controller"] => string(4) "site"
  ["action"] => string(5) "index"
  ["module"] => string(7) "default"
}


--------------------------------------------------------------------------------
2020-11-15T07:30:15+00:00 ERR (3) 404 Seite nicht gefunden
REMOTE_ADDR: 34.123.165.135
HTTP_REFERER: 
requested: array(3) {
  ["controller"] => string(6) "backup"
  ["action"] => string(5) "index"
  ["module"] => string(7) "default"
}


--------------------------------------------------------------------------------
2020-11-15T07:30:15+00:00 ERR (3) 404 Seite nicht gefunden
REMOTE_ADDR: 34.123.165.135
HTTP_REFERER: 
requested: array(3) {
  ["controller"] => string(4) "demo"
  ["action"] => string(5) "index"
  ["module"] => string(7) "default"
}


--------------------------------------------------------------------------------
2020-11-15T07:30:16+00:00 ERR (3) 404 Seite nicht gefunden
REMOTE_ADDR: 34.123.165.135
HTTP_REFERER: 
requested: array(3) {
  ["controller"] => string(4) "home"
  ["action"] => string(5) "index"
  ["module"] => string(7) "default"
}


--------------------------------------------------------------------------------
2020-11-15T07:30:16+00:00 ERR (3) 404 Seite nicht gefunden
REMOTE_ADDR: 34.123.165.135
HTTP_REFERER: 
requested: array(3) {
  ["controller"] => string(3) "tmp"
  ["action"] => string(5) "index"
  ["module"] => string(7) "default"
}


--------------------------------------------------------------------------------
2020-11-15T07:30:16+00:00 ERR (3) 404 Seite nicht gefunden
REMOTE_ADDR: 34.123.165.135
HTTP_REFERER: 
requested: array(3) {
  ["controller"] => string(3) "cms"
  ["action"] => string(5) "index"
  ["module"] => string(7) "default"
}


--------------------------------------------------------------------------------
2020-11-15T07:30:17+00:00 ERR (3) 404 Seite nicht gefunden
REMOTE_ADDR: 34.123.165.135
HTTP_REFERER: 
requested: array(3) {
  ["controller"] => string(3) "dev"
  ["action"] => string(5) "index"
  ["module"] => string(7) "default"
}


--------------------------------------------------------------------------------
2020-11-15T07:30:17+00:00 ERR (3) 404 Seite nicht gefunden
REMOTE_ADDR: 34.123.165.135
HTTP_REFERER: 
requested: array(3) {
  ["controller"] => string(6) "old-wp"
  ["action"] => string(5) "index"
  ["module"] => string(7) "default"
}


--------------------------------------------------------------------------------
2020-11-15T07:30:17+00:00 ERR (3) 404 Seite nicht gefunden
REMOTE_ADDR: 34.123.165.135
HTTP_REFERER: 
requested: array(3) {
  ["controller"] => string(3) "web"
  ["action"] => string(5) "index"
  ["module"] => string(7) "default"
}


--------------------------------------------------------------------------------
2020-11-15T07:30:18+00:00 ERR (3) 404 Seite nicht gefunden
REMOTE_ADDR: 34.123.165.135
HTTP_REFERER: 
requested: array(3) {
  ["controller"] => string(8) "old-site"
  ["action"] => string(5) "index"
  ["module"] => string(7) "default"
}


--------------------------------------------------------------------------------
2020-11-15T07:30:18+00:00 ERR (3) 404 Seite nicht gefunden
REMOTE_ADDR: 34.123.165.135
HTTP_REFERER: 
requested: array(3) {
  ["controller"] => string(4) "temp"
  ["action"] => string(5) "index"
  ["module"] => string(7) "default"
}


--------------------------------------------------------------------------------
2020-11-15T07:30:18+00:00 ERR (3) 404 Seite nicht gefunden
REMOTE_ADDR: 34.123.165.135
HTTP_REFERER: 
requested: array(3) {
  ["controller"] => string(4) "2018"
  ["action"] => string(5) "index"
  ["module"] => string(7) "default"
}


--------------------------------------------------------------------------------
2020-11-15T07:30:19+00:00 ERR (3) 404 Seite nicht gefunden
REMOTE_ADDR: 34.123.165.135
HTTP_REFERER: 
requested: array(3) {
  ["controller"] => string(4) "2019"
  ["action"] => string(5) "index"
  ["module"] => string(7) "default"
}


--------------------------------------------------------------------------------
2020-11-15T07:30:19+00:00 ERR (3) 404 Seite nicht gefunden
REMOTE_ADDR: 34.123.165.135
HTTP_REFERER: 
requested: array(3) {
  ["controller"] => string(2) "bk"
  ["action"] => string(5) "index"
  ["module"] => string(7) "default"
}


--------------------------------------------------------------------------------
2020-11-15T07:30:19+00:00 ERR (3) 404 Seite nicht gefunden
REMOTE_ADDR: 34.123.165.135
HTTP_REFERER: 
requested: array(3) {
  ["controller"] => string(3) "wp1"
  ["action"] => string(5) "index"
  ["module"] => string(7) "default"
}


--------------------------------------------------------------------------------
2020-11-15T07:30:20+00:00 ERR (3) 404 Seite nicht gefunden
REMOTE_ADDR: 34.123.165.135
HTTP_REFERER: 
requested: array(3) {
  ["controller"] => string(3) "wp2"
  ["action"] => string(5) "index"
  ["module"] => string(7) "default"
}


--------------------------------------------------------------------------------
2020-11-15T07:30:20+00:00 ERR (3) 404 Seite nicht gefunden
REMOTE_ADDR: 34.123.165.135
HTTP_REFERER: 
requested: array(3) {
  ["controller"] => string(2) "v1"
  ["action"] => string(5) "index"
  ["module"] => string(7) "default"
}


--------------------------------------------------------------------------------
2020-11-15T07:30:20+00:00 ERR (3) 404 Seite nicht gefunden
REMOTE_ADDR: 34.123.165.135
HTTP_REFERER: 
requested: array(3) {
  ["controller"] => string(2) "v2"
  ["action"] => string(5) "index"
  ["module"] => string(7) "default"
}


--------------------------------------------------------------------------------
2020-11-15T07:30:21+00:00 ERR (3) 404 Seite nicht gefunden
REMOTE_ADDR: 34.123.165.135
HTTP_REFERER: 
requested: array(3) {
  ["controller"] => string(3) "bak"
  ["action"] => string(5) "index"
  ["module"] => string(7) "default"
}


--------------------------------------------------------------------------------
2020-11-15T07:30:21+00:00 ERR (3) 404 Seite nicht gefunden
REMOTE_ADDR: 34.123.165.135
HTTP_REFERER: 
requested: array(3) {
  ["controller"] => string(7) "install"
  ["action"] => string(5) "index"
  ["module"] => string(7) "default"
}


--------------------------------------------------------------------------------
2020-11-15T07:30:21+00:00 ERR (3) 404 Seite nicht gefunden
REMOTE_ADDR: 34.123.165.135
HTTP_REFERER: 
requested: array(3) {
  ["controller"] => string(4) "2020"
  ["action"] => string(5) "index"
  ["module"] => string(7) "default"
}


--------------------------------------------------------------------------------
2020-11-15T07:30:22+00:00 ERR (3) 404 Seite nicht gefunden
REMOTE_ADDR: 34.123.165.135
HTTP_REFERER: 
requested: array(3) {
  ["controller"] => string(8) "new-site"
  ["action"] => string(5) "index"
  ["module"] => string(7) "default"
}


--------------------------------------------------------------------------------
2020-11-15T08:12:54+00:00 ERR (3) 404 "competences" was not found.
REMOTE_ADDR: 62.138.2.14
HTTP_REFERER: 
requested: array(5) {
  ["lang"] => string(2) "de"
  ["action"] => string(4) "page"
  ["key"] => string(11) "competences"
  ["module"] => string(7) "default"
  ["controller"] => string(5) "index"
}


--------------------------------------------------------------------------------
2020-11-15T09:03:18+00:00 ERR (3) 404 "competences" was not found.
REMOTE_ADDR: 62.138.2.14
HTTP_REFERER: 
requested: array(5) {
  ["lang"] => string(2) "en"
  ["action"] => string(4) "page"
  ["key"] => string(11) "competences"
  ["module"] => string(7) "default"
  ["controller"] => string(5) "index"
}


--------------------------------------------------------------------------------
2020-11-15T09:18:44+00:00 ERR (3) 404 "hire-lasse" was not found.
REMOTE_ADDR: 62.138.2.14
HTTP_REFERER: 
requested: array(5) {
  ["lang"] => string(2) "de"
  ["action"] => string(4) "page"
  ["key"] => string(10) "hire-lasse"
  ["module"] => string(7) "default"
  ["controller"] => string(5) "index"
}


--------------------------------------------------------------------------------
2020-11-15T09:31:04+00:00 ERR (3) 404 "hire-lasse" was not found.
REMOTE_ADDR: 77.75.78.168
HTTP_REFERER: 
requested: array(5) {
  ["lang"] => string(2) "de"
  ["action"] => string(4) "page"
  ["key"] => string(10) "hire-lasse"
  ["module"] => string(7) "default"
  ["controller"] => string(5) "index"
}


--------------------------------------------------------------------------------
2020-11-15T10:52:29+00:00 ERR (3) 404 "competences" was not found.
REMOTE_ADDR: 62.138.2.14
HTTP_REFERER: 
requested: array(5) {
  ["lang"] => string(2) "de"
  ["action"] => string(4) "page"
  ["key"] => string(11) "competences"
  ["module"] => string(7) "default"
  ["controller"] => string(5) "index"
}


--------------------------------------------------------------------------------
2020-11-15T11:26:07+00:00 ERR (3) 404 "competences" was not found.
REMOTE_ADDR: 62.138.2.14
HTTP_REFERER: 
requested: array(5) {
  ["lang"] => string(2) "en"
  ["action"] => string(4) "page"
  ["key"] => string(11) "competences"
  ["module"] => string(7) "default"
  ["controller"] => string(5) "index"
}


--------------------------------------------------------------------------------
2020-11-15T11:28:58+00:00 ERR (3) 404 "hire-lasse" was not found.
REMOTE_ADDR: 62.138.2.14
HTTP_REFERER: 
requested: array(5) {
  ["lang"] => string(2) "de"
  ["action"] => string(4) "page"
  ["key"] => string(10) "hire-lasse"
  ["module"] => string(7) "default"
  ["controller"] => string(5) "index"
}


--------------------------------------------------------------------------------
2020-11-15T11:32:50+00:00 ERR (3) 404 "hire-lasse" was not found.
REMOTE_ADDR: 62.138.2.14
HTTP_REFERER: 
requested: array(5) {
  ["lang"] => string(2) "en"
  ["action"] => string(4) "page"
  ["key"] => string(10) "hire-lasse"
  ["module"] => string(7) "default"
  ["controller"] => string(5) "index"
}


--------------------------------------------------------------------------------
2020-11-15T11:51:38+00:00 ERR (3) 404 "hire-lasse" was not found.
REMOTE_ADDR: 77.75.77.11
HTTP_REFERER: 
requested: array(5) {
  ["lang"] => string(2) "de"
  ["action"] => string(4) "page"
  ["key"] => string(10) "hire-lasse"
  ["module"] => string(7) "default"
  ["controller"] => string(5) "index"
}


--------------------------------------------------------------------------------
2020-11-15T12:56:07+00:00 ERR (3) 404 "competences" was not found.
REMOTE_ADDR: 62.138.2.14
HTTP_REFERER: 
requested: array(5) {
  ["lang"] => string(2) "de"
  ["action"] => string(4) "page"
  ["key"] => string(11) "competences"
  ["module"] => string(7) "default"
  ["controller"] => string(5) "index"
}


--------------------------------------------------------------------------------
2020-11-15T13:32:07+00:00 ERR (3) 404 "hire-lasse" was not found.
REMOTE_ADDR: 62.138.2.14
HTTP_REFERER: 
requested: array(5) {
  ["lang"] => string(2) "de"
  ["action"] => string(4) "page"
  ["key"] => string(10) "hire-lasse"
  ["module"] => string(7) "default"
  ["controller"] => string(5) "index"
}


--------------------------------------------------------------------------------
2020-11-15T13:36:22+00:00 ERR (3) 404 "hire-lasse" was not found.
REMOTE_ADDR: 62.138.2.14
HTTP_REFERER: 
requested: array(5) {
  ["lang"] => string(2) "en"
  ["action"] => string(4) "page"
  ["key"] => string(10) "hire-lasse"
  ["module"] => string(7) "default"
  ["controller"] => string(5) "index"
}


--------------------------------------------------------------------------------
2020-11-15T15:38:41+00:00 ERR (3) 404 "hire-lasse" was not found.
REMOTE_ADDR: 62.138.2.14
HTTP_REFERER: 
requested: array(5) {
  ["lang"] => string(2) "en"
  ["action"] => string(4) "page"
  ["key"] => string(10) "hire-lasse"
  ["module"] => string(7) "default"
  ["controller"] => string(5) "index"
}


--------------------------------------------------------------------------------
2020-11-15T20:29:34+00:00 ERR (3) 404 Page not found
REMOTE_ADDR: 20.55.51.3
HTTP_REFERER: 
requested: array(3) {
  ["controller"] => string(4) ".env"
  ["action"] => string(5) "index"
  ["module"] => string(7) "default"
}


--------------------------------------------------------------------------------
2020-11-15T21:05:29+00:00 ERR (3) 404 Seite nicht gefunden
REMOTE_ADDR: 185.191.171.8
HTTP_REFERER: 
requested: array(3) {
  ["controller"] => string(11) "sitemap.xml"
  ["action"] => string(5) "index"
  ["module"] => string(7) "default"
}


--------------------------------------------------------------------------------
