2013-02-09T05:27:28+00:00 ERR (3) 404 Seite nicht gefunden
REMOTE_ADDR: 46.188.14.118
HTTP_REFERER: http://graphicore.de/forum
requested: array(3) {
  ["controller"] => string(5) "forum"
  ["action"] => string(5) "index"
  ["module"] => string(7) "default"
}


--------------------------------------------------------------------------------
2013-02-09T06:53:13+00:00 ERR (3) 404 "de" was not found.
REMOTE_ADDR: 208.115.111.73
HTTP_REFERER: 
requested: array(5) {
  ["lang"] => string(2) "de"
  ["action"] => string(7) "archive"
  ["key"] => string(2) "de"
  ["module"] => string(7) "default"
  ["controller"] => string(5) "index"
}


--------------------------------------------------------------------------------
2013-02-09T07:56:30+00:00 ERR (3) 404 Seite nicht gefunden
REMOTE_ADDR: 66.249.76.207
HTTP_REFERER: 
requested: array(4) {
  ["controller"] => string(5) "diary"
  ["action"] => string(29) "tag:graphicore.de,2010-10-01:"
  ["diary"] => string(27) "201010011553324ca603fcc53f3"
  ["module"] => string(7) "default"
}


--------------------------------------------------------------------------------
2013-02-09T09:16:07+00:00 ERR (3) 404 Seite nicht gefunden
REMOTE_ADDR: 66.249.76.207
HTTP_REFERER: 
requested: array(4) {
  ["controller"] => string(5) "diary"
  ["action"] => string(29) "tag:graphicore.de,2010-07-09:"
  ["diary"] => string(27) "201007091937074c377a6340b8b"
  ["module"] => string(7) "default"
}


--------------------------------------------------------------------------------
2013-02-09T13:58:30+00:00 ERR (3) 404 Seite nicht gefunden
REMOTE_ADDR: 213.46.83.72
HTTP_REFERER: 
requested: array(3) {
  ["controller"] => string(2) "js"
  ["action"] => string(1) "'"
  ["module"] => string(7) "default"
}


--------------------------------------------------------------------------------
2013-02-09T16:04:55+00:00 ERR (3) 404 Seite nicht gefunden
REMOTE_ADDR: 213.46.83.72
HTTP_REFERER: 
requested: array(3) {
  ["controller"] => string(2) "js"
  ["action"] => string(1) "'"
  ["module"] => string(7) "default"
}


--------------------------------------------------------------------------------
