2017-05-08T00:41:39+00:00 ERR (3) 404 Page not found
REMOTE_ADDR: 37.59.254.151
HTTP_REFERER: 
requested: array(3) {
  ["controller"] => string(6) "id_rsa"
  ["action"] => string(5) "index"
  ["module"] => string(7) "default"
}


--------------------------------------------------------------------------------
2017-05-08T00:41:40+00:00 ERR (3) 404 Page not found
REMOTE_ADDR: 37.59.254.151
HTTP_REFERER: 
requested: array(3) {
  ["controller"] => string(4) ".ssh"
  ["action"] => string(6) "id_rsa"
  ["module"] => string(7) "default"
}


--------------------------------------------------------------------------------
2017-05-08T00:41:40+00:00 ERR (3) 404 Page not found
REMOTE_ADDR: 37.59.254.151
HTTP_REFERER: 
requested: array(3) {
  ["controller"] => string(6) "id_dsa"
  ["action"] => string(5) "index"
  ["module"] => string(7) "default"
}


--------------------------------------------------------------------------------
2017-05-08T00:41:41+00:00 ERR (3) 404 Page not found
REMOTE_ADDR: 37.59.254.151
HTTP_REFERER: 
requested: array(3) {
  ["controller"] => string(4) ".ssh"
  ["action"] => string(6) "id_dsa"
  ["module"] => string(7) "default"
}


--------------------------------------------------------------------------------
2017-05-08T05:38:41+00:00 ERR (3) 404 "hire-lasse" was not found.
REMOTE_ADDR: 207.46.13.4
HTTP_REFERER: 
requested: array(5) {
  ["lang"] => string(2) "de"
  ["action"] => string(4) "page"
  ["key"] => string(10) "hire-lasse"
  ["module"] => string(7) "default"
  ["controller"] => string(5) "index"
}


--------------------------------------------------------------------------------
2017-05-08T05:54:22+00:00 ERR (3) 404 Page not found
REMOTE_ADDR: 108.220.61.230
HTTP_REFERER: http://www.collinsdictionary.com/dictionary/english/at-your-convenience
requested: array(3) {
  ["controller"] => string(15) "zfhEmFgIIkTe.js"
  ["action"] => string(5) "index"
  ["module"] => string(7) "default"
}


--------------------------------------------------------------------------------
2017-05-08T06:21:35+00:00 ERR (3) 404 Seite nicht gefunden
REMOTE_ADDR: 66.249.75.16
HTTP_REFERER: 
requested: array(3) {
  ["controller"] => string(26) "apple-app-site-association"
  ["action"] => string(5) "index"
  ["module"] => string(7) "default"
}


--------------------------------------------------------------------------------
2017-05-08T06:40:38+00:00 ERR (3) 404 Seite nicht gefunden
REMOTE_ADDR: 66.249.75.13
HTTP_REFERER: 
requested: array(3) {
  ["controller"] => string(11) ".well-known"
  ["action"] => string(15) "assetlinks.json"
  ["module"] => string(7) "default"
}


--------------------------------------------------------------------------------
2017-05-08T06:43:01+00:00 ERR (3) 404 Seite nicht gefunden
REMOTE_ADDR: 66.249.75.19
HTTP_REFERER: 
requested: array(3) {
  ["controller"] => string(11) ".well-known"
  ["action"] => string(26) "apple-app-site-association"
  ["module"] => string(7) "default"
}


--------------------------------------------------------------------------------
2017-05-08T10:22:51+00:00 ERR (3) 404 Page not found
REMOTE_ADDR: 66.87.148.136
HTTP_REFERER: http://www.marthastewart.com/1121407/summer-grill-dinner-pasta-veggie-burger
requested: array(3) {
  ["controller"] => string(32) "LtnJVpNA9HydJMJ4c8s7vvUJ4hsYW.js"
  ["action"] => string(5) "index"
  ["module"] => string(7) "default"
}


--------------------------------------------------------------------------------
2017-05-08T11:58:47+00:00 ERR (3) 404 Seite nicht gefunden
REMOTE_ADDR: 178.137.83.79
HTTP_REFERER: 
requested: array(3) {
  ["controller"] => string(4) "blog"
  ["action"] => string(10) "robots.txt"
  ["module"] => string(7) "default"
}


--------------------------------------------------------------------------------
2017-05-08T11:58:48+00:00 ERR (3) 404 Seite nicht gefunden
REMOTE_ADDR: 178.137.83.79
HTTP_REFERER: 
requested: array(3) {
  ["controller"] => string(4) "blog"
  ["action"] => string(5) "index"
  ["module"] => string(7) "default"
}


--------------------------------------------------------------------------------
2017-05-08T11:58:48+00:00 ERR (3) 404 Seite nicht gefunden
REMOTE_ADDR: 178.137.83.79
HTTP_REFERER: 
requested: array(3) {
  ["controller"] => string(9) "wordpress"
  ["action"] => string(5) "index"
  ["module"] => string(7) "default"
}


--------------------------------------------------------------------------------
2017-05-08T11:58:48+00:00 ERR (3) 404 Seite nicht gefunden
REMOTE_ADDR: 178.137.83.79
HTTP_REFERER: 
requested: array(3) {
  ["controller"] => string(2) "wp"
  ["action"] => string(5) "index"
  ["module"] => string(7) "default"
}


--------------------------------------------------------------------------------
2017-05-08T14:02:51+00:00 ERR (3) 404 "hire-lasse" was not found.
REMOTE_ADDR: 185.26.92.74
HTTP_REFERER: 
requested: array(5) {
  ["lang"] => string(2) "en"
  ["action"] => string(4) "page"
  ["key"] => string(10) "hire-lasse"
  ["module"] => string(7) "default"
  ["controller"] => string(5) "index"
}


--------------------------------------------------------------------------------
2017-05-08T15:56:00+00:00 ERR (3) 404 Page not found
REMOTE_ADDR: 62.178.112.227
HTTP_REFERER: http://teamfourstar.com/ygotas-episode-66-united-sucks/
requested: array(3) {
  ["controller"] => string(18) "SZbgWl7UB34F163.js"
  ["action"] => string(5) "index"
  ["module"] => string(7) "default"
}


--------------------------------------------------------------------------------
2017-05-08T18:16:11+00:00 ERR (3) 404 Page not found
REMOTE_ADDR: 107.139.199.135
HTTP_REFERER: http://www.etonline.com/awards/208911_iranian_director_asghar_farhadi_not_attending_oscars/
requested: array(3) {
  ["controller"] => string(31) "1PlNSJnylOLI9gY55wFeDF1Qeny8.js"
  ["action"] => string(5) "index"
  ["module"] => string(7) "default"
}


--------------------------------------------------------------------------------
2017-05-08T19:13:00+00:00 ERR (3) 404 "hire-lasse" was not found.
REMOTE_ADDR: 207.46.13.4
HTTP_REFERER: 
requested: array(5) {
  ["lang"] => string(2) "de"
  ["action"] => string(4) "page"
  ["key"] => string(10) "hire-lasse"
  ["module"] => string(7) "default"
  ["controller"] => string(5) "index"
}


--------------------------------------------------------------------------------
2017-05-08T19:41:03+00:00 ERR (3) 404 Seite nicht gefunden
REMOTE_ADDR: 45.43.228.34
HTTP_REFERER: 
requested: array(3) {
  ["controller"] => string(11) "application"
  ["action"] => string(7) "configs"
  ["module"] => string(7) "default"
}


--------------------------------------------------------------------------------
2017-05-08T23:14:16+00:00 ERR (3) 404 Seite nicht gefunden
REMOTE_ADDR: 193.201.224.222
HTTP_REFERER: http://graphicore.de/xmlrpc.php
requested: array(3) {
  ["controller"] => string(10) "xmlrpc.php"
  ["action"] => string(5) "index"
  ["module"] => string(7) "default"
}


--------------------------------------------------------------------------------
