2014-08-01T02:31:48+00:00 ERR (3) 404 Seite nicht gefunden
REMOTE_ADDR: 66.249.67.61
HTTP_REFERER: 
requested: array(3) {
  ["controller"] => string(4) "Dies"
  ["action"] => string(5) "index"
  ["module"] => string(7) "default"
}


--------------------------------------------------------------------------------
2014-08-01T03:34:33+00:00 ERR (3) 404 Seite nicht gefunden
REMOTE_ADDR: 66.249.67.61
HTTP_REFERER: 
requested: array(3) {
  ["controller"] => string(6) "enThis"
  ["action"] => string(5) "index"
  ["module"] => string(7) "default"
}


--------------------------------------------------------------------------------
2014-08-01T09:33:21+00:00 ERR (3) 404 "de" was not found.
REMOTE_ADDR: 208.115.113.89
HTTP_REFERER: 
requested: array(5) {
  ["lang"] => string(2) "en"
  ["action"] => string(7) "archive"
  ["key"] => string(2) "de"
  ["module"] => string(7) "default"
  ["controller"] => string(5) "index"
}


--------------------------------------------------------------------------------
2014-08-01T10:54:01+00:00 ERR (3) 404 Seite nicht gefunden
REMOTE_ADDR: 110.85.106.155
HTTP_REFERER: 
requested: array(3) {
  ["controller"] => string(10) "wp-content"
  ["action"] => string(7) "uploads"
  ["module"] => string(7) "default"
}


--------------------------------------------------------------------------------
2014-08-01T14:33:56+00:00 ERR (3) 404 Seite nicht gefunden
REMOTE_ADDR: 31.23.164.184
HTTP_REFERER: http://graphicore.de/forum/
requested: array(3) {
  ["controller"] => string(5) "forum"
  ["action"] => string(5) "index"
  ["module"] => string(7) "default"
}


--------------------------------------------------------------------------------
2014-08-01T15:25:49+00:00 ERR (3) 404 "en" was not found.
REMOTE_ADDR: 208.115.111.73
HTTP_REFERER: 
requested: array(5) {
  ["lang"] => string(2) "en"
  ["action"] => string(4) "page"
  ["key"] => string(2) "en"
  ["module"] => string(7) "default"
  ["controller"] => string(5) "index"
}


--------------------------------------------------------------------------------
2014-08-01T21:32:40+00:00 ERR (3) 404 "de" was not found.
REMOTE_ADDR: 208.115.113.89
HTTP_REFERER: 
requested: array(5) {
  ["lang"] => string(2) "de"
  ["action"] => string(4) "page"
  ["key"] => string(2) "de"
  ["module"] => string(7) "default"
  ["controller"] => string(5) "index"
}


--------------------------------------------------------------------------------
