2016-09-06T10:48:27+00:00 ERR (3) 404 Seite nicht gefunden
REMOTE_ADDR: 31.134.123.191
HTTP_REFERER: 
requested: array(3) {
  ["controller"] => string(4) "blog"
  ["action"] => string(5) "index"
  ["module"] => string(7) "default"
}


--------------------------------------------------------------------------------
2016-09-06T10:48:27+00:00 ERR (3) 404 Seite nicht gefunden
REMOTE_ADDR: 31.134.123.191
HTTP_REFERER: 
requested: array(3) {
  ["controller"] => string(9) "wordpress"
  ["action"] => string(5) "index"
  ["module"] => string(7) "default"
}


--------------------------------------------------------------------------------
2016-09-06T10:48:27+00:00 ERR (3) 404 Seite nicht gefunden
REMOTE_ADDR: 31.134.123.191
HTTP_REFERER: 
requested: array(3) {
  ["controller"] => string(2) "wp"
  ["action"] => string(5) "index"
  ["module"] => string(7) "default"
}


--------------------------------------------------------------------------------
2016-09-06T12:09:59+00:00 ERR (3) 404 Seite nicht gefunden
REMOTE_ADDR: 45.57.230.178
HTTP_REFERER: 
requested: array(3) {
  ["controller"] => string(10) "xmlrpc.php"
  ["action"] => string(5) "index"
  ["module"] => string(7) "default"
}


--------------------------------------------------------------------------------
2016-09-06T12:10:01+00:00 ERR (3) 404 Seite nicht gefunden
REMOTE_ADDR: 104.227.162.5
HTTP_REFERER: 
requested: array(4) {
  ["controller"] => string(10) ".index.php"
  ["action"] => string(5) "index"
  ["module"] => string(7) "default"
  ["xo"] => string(40) "echo(base64_decode('YWR6b250aWxvc2E='));"
}


--------------------------------------------------------------------------------
2016-09-06T14:42:44+00:00 ERR (3) 404 Seite nicht gefunden
REMOTE_ADDR: 191.252.45.172
HTTP_REFERER: 
requested: array(3) {
  ["controller"] => string(8) "wp-admin"
  ["action"] => string(5) "index"
  ["module"] => string(7) "default"
}


--------------------------------------------------------------------------------
2016-09-06T14:51:05+00:00 ERR (3) 404 Seite nicht gefunden
REMOTE_ADDR: 207.210.200.166
HTTP_REFERER: 
requested: array(3) {
  ["controller"] => string(4) "test"
  ["action"] => string(8) "wp-admin"
  ["module"] => string(7) "default"
}


--------------------------------------------------------------------------------
2016-09-06T15:07:40+00:00 ERR (3) 404 Seite nicht gefunden
REMOTE_ADDR: 46.28.105.60
HTTP_REFERER: 
requested: array(3) {
  ["controller"] => string(4) "blog"
  ["action"] => string(8) "wp-admin"
  ["module"] => string(7) "default"
}


--------------------------------------------------------------------------------
2016-09-06T15:24:38+00:00 ERR (3) 404 Seite nicht gefunden
REMOTE_ADDR: 167.114.211.10
HTTP_REFERER: 
requested: array(3) {
  ["controller"] => string(3) "old"
  ["action"] => string(8) "wp-admin"
  ["module"] => string(7) "default"
}


--------------------------------------------------------------------------------
2016-09-06T16:42:05+00:00 ERR (3) 404 Seite nicht gefunden
REMOTE_ADDR: 66.249.65.62
HTTP_REFERER: 
requested: array(3) {
  ["controller"] => string(11) ".well-known"
  ["action"] => string(26) "apple-app-site-association"
  ["module"] => string(7) "default"
}


--------------------------------------------------------------------------------
2016-09-06T16:46:04+00:00 ERR (3) 404 Seite nicht gefunden
REMOTE_ADDR: 66.249.76.44
HTTP_REFERER: 
requested: array(3) {
  ["controller"] => string(11) ".well-known"
  ["action"] => string(15) "assetlinks.json"
  ["module"] => string(7) "default"
}


--------------------------------------------------------------------------------
2016-09-06T17:06:04+00:00 ERR (3) 404 Seite nicht gefunden
REMOTE_ADDR: 66.249.65.62
HTTP_REFERER: 
requested: array(3) {
  ["controller"] => string(26) "apple-app-site-association"
  ["action"] => string(5) "index"
  ["module"] => string(7) "default"
}


--------------------------------------------------------------------------------
2016-09-06T23:18:52+00:00 ERR (3) 404 "hire-lasse" was not found.
REMOTE_ADDR: 40.77.167.90
HTTP_REFERER: 
requested: array(5) {
  ["lang"] => string(2) "de"
  ["action"] => string(4) "page"
  ["key"] => string(10) "hire-lasse"
  ["module"] => string(7) "default"
  ["controller"] => string(5) "index"
}


--------------------------------------------------------------------------------
