2011-07-17T05:00:08+00:00 ERR (3) 404 Page not found
REMOTE_ADDR: 217.20.182.33
HTTP_REFERER: 
requested: array(3) {
  ["controller"] => string(12) "muieblackcat"
  ["action"] => string(5) "index"
  ["module"] => string(7) "default"
}


--------------------------------------------------------------------------------
2011-07-17T05:00:09+00:00 ERR (3) 404 Page not found
REMOTE_ADDR: 217.20.182.33
HTTP_REFERER: 
requested: array(3) {
  ["controller"] => string(7) "scripts"
  ["action"] => string(9) "setup.php"
  ["module"] => string(7) "default"
}


--------------------------------------------------------------------------------
2011-07-17T05:00:10+00:00 ERR (3) 404 Page not found
REMOTE_ADDR: 217.20.182.33
HTTP_REFERER: 
requested: array(3) {
  ["controller"] => string(5) "admin"
  ["action"] => string(7) "scripts"
  ["module"] => string(7) "default"
}


--------------------------------------------------------------------------------
2011-07-17T05:00:15+00:00 ERR (3) 404 Page not found
REMOTE_ADDR: 217.20.182.33
HTTP_REFERER: 
requested: array(4) {
  ["controller"] => string(5) "admin"
  ["action"] => string(10) "phpmyadmin"
  ["scripts"] => string(9) "setup.php"
  ["module"] => string(7) "default"
}


--------------------------------------------------------------------------------
2011-07-17T05:00:15+00:00 ERR (3) 404 Page not found
REMOTE_ADDR: 217.20.182.33
HTTP_REFERER: 
requested: array(3) {
  ["controller"] => string(2) "db"
  ["action"] => string(7) "scripts"
  ["module"] => string(7) "default"
}


--------------------------------------------------------------------------------
2011-07-17T05:00:17+00:00 ERR (3) 404 Page not found
REMOTE_ADDR: 217.20.182.33
HTTP_REFERER: 
requested: array(3) {
  ["controller"] => string(7) "dbadmin"
  ["action"] => string(7) "scripts"
  ["module"] => string(7) "default"
}


--------------------------------------------------------------------------------
2011-07-17T05:00:18+00:00 ERR (3) 404 Page not found
REMOTE_ADDR: 217.20.182.33
HTTP_REFERER: 
requested: array(3) {
  ["controller"] => string(7) "myadmin"
  ["action"] => string(7) "scripts"
  ["module"] => string(7) "default"
}


--------------------------------------------------------------------------------
2011-07-17T05:00:19+00:00 ERR (3) 404 Page not found
REMOTE_ADDR: 217.20.182.33
HTTP_REFERER: 
requested: array(3) {
  ["controller"] => string(5) "mysql"
  ["action"] => string(7) "scripts"
  ["module"] => string(7) "default"
}


--------------------------------------------------------------------------------
2011-07-17T05:00:20+00:00 ERR (3) 404 Page not found
REMOTE_ADDR: 217.20.182.33
HTTP_REFERER: 
requested: array(4) {
  ["controller"] => string(5) "typo3"
  ["action"] => string(10) "phpmyadmin"
  ["scripts"] => string(9) "setup.php"
  ["module"] => string(7) "default"
}


--------------------------------------------------------------------------------
2011-07-17T05:00:26+00:00 ERR (3) 404 Page not found
REMOTE_ADDR: 217.20.182.33
HTTP_REFERER: 
requested: array(3) {
  ["controller"] => string(8) "phpadmin"
  ["action"] => string(7) "scripts"
  ["module"] => string(7) "default"
}


--------------------------------------------------------------------------------
2011-07-17T05:00:27+00:00 ERR (3) 404 Page not found
REMOTE_ADDR: 217.20.182.33
HTTP_REFERER: 
requested: array(3) {
  ["controller"] => string(10) "phpMyAdmin"
  ["action"] => string(7) "scripts"
  ["module"] => string(7) "default"
}


--------------------------------------------------------------------------------
2011-07-17T05:00:27+00:00 ERR (3) 404 Page not found
REMOTE_ADDR: 217.20.182.33
HTTP_REFERER: 
requested: array(3) {
  ["controller"] => string(10) "phpmyadmin"
  ["action"] => string(7) "scripts"
  ["module"] => string(7) "default"
}


--------------------------------------------------------------------------------
2011-07-17T05:00:28+00:00 ERR (3) 404 Page not found
REMOTE_ADDR: 217.20.182.33
HTTP_REFERER: 
requested: array(3) {
  ["controller"] => string(11) "phpmyadmin1"
  ["action"] => string(7) "scripts"
  ["module"] => string(7) "default"
}


--------------------------------------------------------------------------------
2011-07-17T05:00:29+00:00 ERR (3) 404 Page not found
REMOTE_ADDR: 217.20.182.33
HTTP_REFERER: 
requested: array(3) {
  ["controller"] => string(11) "phpmyadmin2"
  ["action"] => string(7) "scripts"
  ["module"] => string(7) "default"
}


--------------------------------------------------------------------------------
2011-07-17T05:00:30+00:00 ERR (3) 404 Page not found
REMOTE_ADDR: 217.20.182.33
HTTP_REFERER: 
requested: array(3) {
  ["controller"] => string(3) "pma"
  ["action"] => string(7) "scripts"
  ["module"] => string(7) "default"
}


--------------------------------------------------------------------------------
2011-07-17T05:00:31+00:00 ERR (3) 404 Page not found
REMOTE_ADDR: 217.20.182.33
HTTP_REFERER: 
requested: array(4) {
  ["controller"] => string(3) "web"
  ["action"] => string(10) "phpMyAdmin"
  ["scripts"] => string(9) "setup.php"
  ["module"] => string(7) "default"
}


--------------------------------------------------------------------------------
2011-07-17T05:00:32+00:00 ERR (3) 404 Page not found
REMOTE_ADDR: 217.20.182.33
HTTP_REFERER: 
requested: array(4) {
  ["controller"] => string(5) "xampp"
  ["action"] => string(10) "phpmyadmin"
  ["scripts"] => string(9) "setup.php"
  ["module"] => string(7) "default"
}


--------------------------------------------------------------------------------
2011-07-17T05:00:34+00:00 ERR (3) 404 Page not found
REMOTE_ADDR: 217.20.182.33
HTTP_REFERER: 
requested: array(3) {
  ["controller"] => string(3) "web"
  ["action"] => string(7) "scripts"
  ["module"] => string(7) "default"
}


--------------------------------------------------------------------------------
2011-07-17T05:00:34+00:00 ERR (3) 404 Page not found
REMOTE_ADDR: 217.20.182.33
HTTP_REFERER: 
requested: array(3) {
  ["controller"] => string(12) "php-my-admin"
  ["action"] => string(7) "scripts"
  ["module"] => string(7) "default"
}


--------------------------------------------------------------------------------
2011-07-17T05:00:36+00:00 ERR (3) 404 Page not found
REMOTE_ADDR: 217.20.182.33
HTTP_REFERER: 
requested: array(3) {
  ["controller"] => string(6) "websql"
  ["action"] => string(7) "scripts"
  ["module"] => string(7) "default"
}


--------------------------------------------------------------------------------
2011-07-17T05:00:37+00:00 ERR (3) 404 Page not found
REMOTE_ADDR: 217.20.182.33
HTTP_REFERER: 
requested: array(3) {
  ["controller"] => string(10) "phpmyadmin"
  ["action"] => string(7) "scripts"
  ["module"] => string(7) "default"
}


--------------------------------------------------------------------------------
2011-07-17T05:00:37+00:00 ERR (3) 404 Page not found
REMOTE_ADDR: 217.20.182.33
HTTP_REFERER: 
requested: array(3) {
  ["controller"] => string(10) "phpMyAdmin"
  ["action"] => string(7) "scripts"
  ["module"] => string(7) "default"
}


--------------------------------------------------------------------------------
2011-07-17T05:00:39+00:00 ERR (3) 404 Page not found
REMOTE_ADDR: 217.20.182.33
HTTP_REFERER: 
requested: array(3) {
  ["controller"] => string(12) "phpMyAdmin-2"
  ["action"] => string(7) "scripts"
  ["module"] => string(7) "default"
}


--------------------------------------------------------------------------------
2011-07-17T05:00:40+00:00 ERR (3) 404 Page not found
REMOTE_ADDR: 217.20.182.33
HTTP_REFERER: 
requested: array(3) {
  ["controller"] => string(12) "php-my-admin"
  ["action"] => string(7) "scripts"
  ["module"] => string(7) "default"
}


--------------------------------------------------------------------------------
2011-07-17T05:00:41+00:00 ERR (3) 404 Page not found
REMOTE_ADDR: 217.20.182.33
HTTP_REFERER: 
requested: array(3) {
  ["controller"] => string(16) "phpMyAdmin-2.2.3"
  ["action"] => string(7) "scripts"
  ["module"] => string(7) "default"
}


--------------------------------------------------------------------------------
2011-07-17T05:00:41+00:00 ERR (3) 404 Page not found
REMOTE_ADDR: 217.20.182.33
HTTP_REFERER: 
requested: array(3) {
  ["controller"] => string(16) "phpMyAdmin-2.2.6"
  ["action"] => string(7) "scripts"
  ["module"] => string(7) "default"
}


--------------------------------------------------------------------------------
2011-07-17T05:00:42+00:00 ERR (3) 404 Page not found
REMOTE_ADDR: 217.20.182.33
HTTP_REFERER: 
requested: array(3) {
  ["controller"] => string(16) "phpMyAdmin-2.5.1"
  ["action"] => string(7) "scripts"
  ["module"] => string(7) "default"
}


--------------------------------------------------------------------------------
2011-07-17T05:00:43+00:00 ERR (3) 404 Page not found
REMOTE_ADDR: 217.20.182.33
HTTP_REFERER: 
requested: array(3) {
  ["controller"] => string(16) "phpMyAdmin-2.5.4"
  ["action"] => string(7) "scripts"
  ["module"] => string(7) "default"
}


--------------------------------------------------------------------------------
2011-07-17T05:00:46+00:00 ERR (3) 404 Page not found
REMOTE_ADDR: 217.20.182.33
HTTP_REFERER: 
requested: array(3) {
  ["controller"] => string(20) "phpMyAdmin-2.5.5-rc2"
  ["action"] => string(7) "scripts"
  ["module"] => string(7) "default"
}


--------------------------------------------------------------------------------
2011-07-17T05:00:47+00:00 ERR (3) 404 Page not found
REMOTE_ADDR: 217.20.182.33
HTTP_REFERER: 
requested: array(3) {
  ["controller"] => string(16) "phpMyAdmin-2.5.5"
  ["action"] => string(7) "scripts"
  ["module"] => string(7) "default"
}


--------------------------------------------------------------------------------
2011-07-17T05:00:48+00:00 ERR (3) 404 Page not found
REMOTE_ADDR: 217.20.182.33
HTTP_REFERER: 
requested: array(3) {
  ["controller"] => string(20) "phpMyAdmin-2.5.5-pl1"
  ["action"] => string(7) "scripts"
  ["module"] => string(7) "default"
}


--------------------------------------------------------------------------------
2011-07-17T05:00:48+00:00 ERR (3) 404 Page not found
REMOTE_ADDR: 217.20.182.33
HTTP_REFERER: 
requested: array(3) {
  ["controller"] => string(20) "phpMyAdmin-2.5.6-rc1"
  ["action"] => string(7) "scripts"
  ["module"] => string(7) "default"
}


--------------------------------------------------------------------------------
2011-07-17T05:00:49+00:00 ERR (3) 404 Page not found
REMOTE_ADDR: 217.20.182.33
HTTP_REFERER: 
requested: array(3) {
  ["controller"] => string(20) "phpMyAdmin-2.5.6-rc2"
  ["action"] => string(7) "scripts"
  ["module"] => string(7) "default"
}


--------------------------------------------------------------------------------
2011-07-17T05:00:49+00:00 ERR (3) 404 Page not found
REMOTE_ADDR: 217.20.182.33
HTTP_REFERER: 
requested: array(3) {
  ["controller"] => string(16) "phpMyAdmin-2.5.6"
  ["action"] => string(7) "scripts"
  ["module"] => string(7) "default"
}


--------------------------------------------------------------------------------
2011-07-17T05:00:50+00:00 ERR (3) 404 Page not found
REMOTE_ADDR: 217.20.182.33
HTTP_REFERER: 
requested: array(3) {
  ["controller"] => string(16) "phpMyAdmin-2.5.7"
  ["action"] => string(7) "scripts"
  ["module"] => string(7) "default"
}


--------------------------------------------------------------------------------
2011-07-17T05:00:51+00:00 ERR (3) 404 Page not found
REMOTE_ADDR: 217.20.182.33
HTTP_REFERER: 
requested: array(3) {
  ["controller"] => string(20) "phpMyAdmin-2.5.7-pl1"
  ["action"] => string(7) "scripts"
  ["module"] => string(7) "default"
}


--------------------------------------------------------------------------------
2011-07-17T05:00:52+00:00 ERR (3) 404 Page not found
REMOTE_ADDR: 217.20.182.33
HTTP_REFERER: 
requested: array(3) {
  ["controller"] => string(22) "phpMyAdmin-2.6.0-alpha"
  ["action"] => string(7) "scripts"
  ["module"] => string(7) "default"
}


--------------------------------------------------------------------------------
2011-07-17T05:00:55+00:00 ERR (3) 404 Page not found
REMOTE_ADDR: 217.20.182.33
HTTP_REFERER: 
requested: array(3) {
  ["controller"] => string(22) "phpMyAdmin-2.6.0-beta1"
  ["action"] => string(7) "scripts"
  ["module"] => string(7) "default"
}


--------------------------------------------------------------------------------
2011-07-17T05:00:56+00:00 ERR (3) 404 Page not found
REMOTE_ADDR: 217.20.182.33
HTTP_REFERER: 
requested: array(3) {
  ["controller"] => string(22) "phpMyAdmin-2.6.0-beta2"
  ["action"] => string(7) "scripts"
  ["module"] => string(7) "default"
}


--------------------------------------------------------------------------------
2011-07-17T05:00:57+00:00 ERR (3) 404 Page not found
REMOTE_ADDR: 217.20.182.33
HTTP_REFERER: 
requested: array(3) {
  ["controller"] => string(20) "phpMyAdmin-2.6.0-rc1"
  ["action"] => string(7) "scripts"
  ["module"] => string(7) "default"
}


--------------------------------------------------------------------------------
2011-07-17T05:00:57+00:00 ERR (3) 404 Page not found
REMOTE_ADDR: 217.20.182.33
HTTP_REFERER: 
requested: array(3) {
  ["controller"] => string(20) "phpMyAdmin-2.6.0-rc2"
  ["action"] => string(7) "scripts"
  ["module"] => string(7) "default"
}


--------------------------------------------------------------------------------
2011-07-17T05:01:04+00:00 ERR (3) 404 Page not found
REMOTE_ADDR: 217.20.182.33
HTTP_REFERER: 
requested: array(3) {
  ["controller"] => string(20) "phpMyAdmin-2.6.0-rc3"
  ["action"] => string(7) "scripts"
  ["module"] => string(7) "default"
}


--------------------------------------------------------------------------------
2011-07-17T05:01:14+00:00 ERR (3) 404 Page not found
REMOTE_ADDR: 217.20.182.33
HTTP_REFERER: 
requested: array(3) {
  ["controller"] => string(16) "phpMyAdmin-2.6.0"
  ["action"] => string(7) "scripts"
  ["module"] => string(7) "default"
}


--------------------------------------------------------------------------------
2011-07-17T05:01:19+00:00 ERR (3) 404 Page not found
REMOTE_ADDR: 217.20.182.33
HTTP_REFERER: 
requested: array(3) {
  ["controller"] => string(20) "phpMyAdmin-2.6.0-pl2"
  ["action"] => string(7) "scripts"
  ["module"] => string(7) "default"
}


--------------------------------------------------------------------------------
2011-07-17T05:01:23+00:00 ERR (3) 404 Page not found
REMOTE_ADDR: 217.20.182.33
HTTP_REFERER: 
requested: array(3) {
  ["controller"] => string(20) "phpMyAdmin-2.6.1-rc1"
  ["action"] => string(7) "scripts"
  ["module"] => string(7) "default"
}


--------------------------------------------------------------------------------
2011-07-17T05:01:23+00:00 ERR (3) 404 Page not found
REMOTE_ADDR: 217.20.182.33
HTTP_REFERER: 
requested: array(3) {
  ["controller"] => string(20) "phpMyAdmin-2.6.1-rc2"
  ["action"] => string(7) "scripts"
  ["module"] => string(7) "default"
}


--------------------------------------------------------------------------------
2011-07-17T05:01:24+00:00 ERR (3) 404 Page not found
REMOTE_ADDR: 217.20.182.33
HTTP_REFERER: 
requested: array(3) {
  ["controller"] => string(16) "phpMyAdmin-2.6.1"
  ["action"] => string(7) "scripts"
  ["module"] => string(7) "default"
}


--------------------------------------------------------------------------------
2011-07-17T05:01:25+00:00 ERR (3) 404 Page not found
REMOTE_ADDR: 217.20.182.33
HTTP_REFERER: 
requested: array(3) {
  ["controller"] => string(20) "phpMyAdmin-2.6.1-pl1"
  ["action"] => string(7) "scripts"
  ["module"] => string(7) "default"
}


--------------------------------------------------------------------------------
2011-07-17T05:01:26+00:00 ERR (3) 404 Page not found
REMOTE_ADDR: 217.20.182.33
HTTP_REFERER: 
requested: array(3) {
  ["controller"] => string(20) "phpMyAdmin-2.6.1-pl2"
  ["action"] => string(7) "scripts"
  ["module"] => string(7) "default"
}


--------------------------------------------------------------------------------
2011-07-17T05:01:27+00:00 ERR (3) 404 Page not found
REMOTE_ADDR: 217.20.182.33
HTTP_REFERER: 
requested: array(3) {
  ["controller"] => string(20) "phpMyAdmin-2.6.1-pl3"
  ["action"] => string(7) "scripts"
  ["module"] => string(7) "default"
}


--------------------------------------------------------------------------------
2011-07-17T05:01:28+00:00 ERR (3) 404 Page not found
REMOTE_ADDR: 217.20.182.33
HTTP_REFERER: 
requested: array(3) {
  ["controller"] => string(20) "phpMyAdmin-2.6.2-rc1"
  ["action"] => string(7) "scripts"
  ["module"] => string(7) "default"
}


--------------------------------------------------------------------------------
2011-07-17T05:01:40+00:00 ERR (3) 404 Page not found
REMOTE_ADDR: 217.20.182.33
HTTP_REFERER: 
requested: array(3) {
  ["controller"] => string(16) "phpMyAdmin-2.6.2"
  ["action"] => string(7) "scripts"
  ["module"] => string(7) "default"
}


--------------------------------------------------------------------------------
2011-07-17T05:01:41+00:00 ERR (3) 404 Page not found
REMOTE_ADDR: 217.20.182.33
HTTP_REFERER: 
requested: array(3) {
  ["controller"] => string(20) "phpMyAdmin-2.6.2-pl1"
  ["action"] => string(7) "scripts"
  ["module"] => string(7) "default"
}


--------------------------------------------------------------------------------
2011-07-17T05:01:42+00:00 ERR (3) 404 Page not found
REMOTE_ADDR: 217.20.182.33
HTTP_REFERER: 
requested: array(3) {
  ["controller"] => string(16) "phpMyAdmin-2.6.3"
  ["action"] => string(7) "scripts"
  ["module"] => string(7) "default"
}


--------------------------------------------------------------------------------
2011-07-17T05:01:43+00:00 ERR (3) 404 Page not found
REMOTE_ADDR: 217.20.182.33
HTTP_REFERER: 
requested: array(3) {
  ["controller"] => string(20) "phpMyAdmin-2.6.3-rc1"
  ["action"] => string(7) "scripts"
  ["module"] => string(7) "default"
}


--------------------------------------------------------------------------------
2011-07-17T05:01:44+00:00 ERR (3) 404 Page not found
REMOTE_ADDR: 217.20.182.33
HTTP_REFERER: 
requested: array(3) {
  ["controller"] => string(16) "phpMyAdmin-2.6.3"
  ["action"] => string(7) "scripts"
  ["module"] => string(7) "default"
}


--------------------------------------------------------------------------------
2011-07-17T05:01:45+00:00 ERR (3) 404 Page not found
REMOTE_ADDR: 217.20.182.33
HTTP_REFERER: 
requested: array(3) {
  ["controller"] => string(20) "phpMyAdmin-2.6.3-pl1"
  ["action"] => string(7) "scripts"
  ["module"] => string(7) "default"
}


--------------------------------------------------------------------------------
2011-07-17T05:01:46+00:00 ERR (3) 404 Page not found
REMOTE_ADDR: 217.20.182.33
HTTP_REFERER: 
requested: array(3) {
  ["controller"] => string(20) "phpMyAdmin-2.6.4-rc1"
  ["action"] => string(7) "scripts"
  ["module"] => string(7) "default"
}


--------------------------------------------------------------------------------
2011-07-17T05:01:46+00:00 ERR (3) 404 Page not found
REMOTE_ADDR: 217.20.182.33
HTTP_REFERER: 
requested: array(3) {
  ["controller"] => string(20) "phpMyAdmin-2.6.4-pl1"
  ["action"] => string(7) "scripts"
  ["module"] => string(7) "default"
}


--------------------------------------------------------------------------------
2011-07-17T05:01:47+00:00 ERR (3) 404 Page not found
REMOTE_ADDR: 217.20.182.33
HTTP_REFERER: 
requested: array(3) {
  ["controller"] => string(20) "phpMyAdmin-2.6.4-pl2"
  ["action"] => string(7) "scripts"
  ["module"] => string(7) "default"
}


--------------------------------------------------------------------------------
2011-07-17T05:01:48+00:00 ERR (3) 404 Page not found
REMOTE_ADDR: 217.20.182.33
HTTP_REFERER: 
requested: array(3) {
  ["controller"] => string(20) "phpMyAdmin-2.6.4-pl3"
  ["action"] => string(7) "scripts"
  ["module"] => string(7) "default"
}


--------------------------------------------------------------------------------
2011-07-17T05:01:49+00:00 ERR (3) 404 Page not found
REMOTE_ADDR: 217.20.182.33
HTTP_REFERER: 
requested: array(3) {
  ["controller"] => string(20) "phpMyAdmin-2.6.4-pl4"
  ["action"] => string(7) "scripts"
  ["module"] => string(7) "default"
}


--------------------------------------------------------------------------------
2011-07-17T05:01:53+00:00 ERR (3) 404 Page not found
REMOTE_ADDR: 217.20.182.33
HTTP_REFERER: 
requested: array(3) {
  ["controller"] => string(22) "phpMyAdmin-2.7.0-beta1"
  ["action"] => string(7) "scripts"
  ["module"] => string(7) "default"
}


--------------------------------------------------------------------------------
2011-07-17T05:01:54+00:00 ERR (3) 404 Page not found
REMOTE_ADDR: 217.20.182.33
HTTP_REFERER: 
requested: array(3) {
  ["controller"] => string(20) "phpMyAdmin-2.7.0-rc1"
  ["action"] => string(7) "scripts"
  ["module"] => string(7) "default"
}


--------------------------------------------------------------------------------
2011-07-17T05:01:54+00:00 ERR (3) 404 Page not found
REMOTE_ADDR: 217.20.182.33
HTTP_REFERER: 
requested: array(3) {
  ["controller"] => string(20) "phpMyAdmin-2.7.0-pl1"
  ["action"] => string(7) "scripts"
  ["module"] => string(7) "default"
}


--------------------------------------------------------------------------------
2011-07-17T05:02:00+00:00 ERR (3) 404 Page not found
REMOTE_ADDR: 217.20.182.33
HTTP_REFERER: 
requested: array(3) {
  ["controller"] => string(20) "phpMyAdmin-2.7.0-pl2"
  ["action"] => string(7) "scripts"
  ["module"] => string(7) "default"
}


--------------------------------------------------------------------------------
2011-07-17T05:02:01+00:00 ERR (3) 404 Page not found
REMOTE_ADDR: 217.20.182.33
HTTP_REFERER: 
requested: array(3) {
  ["controller"] => string(16) "phpMyAdmin-2.7.0"
  ["action"] => string(7) "scripts"
  ["module"] => string(7) "default"
}


--------------------------------------------------------------------------------
2011-07-17T05:02:02+00:00 ERR (3) 404 Page not found
REMOTE_ADDR: 217.20.182.33
HTTP_REFERER: 
requested: array(3) {
  ["controller"] => string(22) "phpMyAdmin-2.8.0-beta1"
  ["action"] => string(7) "scripts"
  ["module"] => string(7) "default"
}


--------------------------------------------------------------------------------
2011-07-17T05:02:03+00:00 ERR (3) 404 Page not found
REMOTE_ADDR: 217.20.182.33
HTTP_REFERER: 
requested: array(3) {
  ["controller"] => string(20) "phpMyAdmin-2.8.0-rc1"
  ["action"] => string(7) "scripts"
  ["module"] => string(7) "default"
}


--------------------------------------------------------------------------------
2011-07-17T05:02:04+00:00 ERR (3) 404 Page not found
REMOTE_ADDR: 217.20.182.33
HTTP_REFERER: 
requested: array(3) {
  ["controller"] => string(20) "phpMyAdmin-2.8.0-rc2"
  ["action"] => string(7) "scripts"
  ["module"] => string(7) "default"
}


--------------------------------------------------------------------------------
2011-07-17T05:02:08+00:00 ERR (3) 404 Page not found
REMOTE_ADDR: 217.20.182.33
HTTP_REFERER: 
requested: array(3) {
  ["controller"] => string(18) "phpMyAdmin-2.8.0.1"
  ["action"] => string(7) "scripts"
  ["module"] => string(7) "default"
}


--------------------------------------------------------------------------------
2011-07-17T05:02:09+00:00 ERR (3) 404 Page not found
REMOTE_ADDR: 217.20.182.33
HTTP_REFERER: 
requested: array(3) {
  ["controller"] => string(18) "phpMyAdmin-2.8.0.2"
  ["action"] => string(7) "scripts"
  ["module"] => string(7) "default"
}


--------------------------------------------------------------------------------
2011-07-17T05:02:10+00:00 ERR (3) 404 Page not found
REMOTE_ADDR: 217.20.182.33
HTTP_REFERER: 
requested: array(3) {
  ["controller"] => string(18) "phpMyAdmin-2.8.0.3"
  ["action"] => string(7) "scripts"
  ["module"] => string(7) "default"
}


--------------------------------------------------------------------------------
2011-07-17T05:02:11+00:00 ERR (3) 404 Page not found
REMOTE_ADDR: 217.20.182.33
HTTP_REFERER: 
requested: array(3) {
  ["controller"] => string(18) "phpMyAdmin-2.8.0.4"
  ["action"] => string(7) "scripts"
  ["module"] => string(7) "default"
}


--------------------------------------------------------------------------------
2011-07-17T05:02:13+00:00 ERR (3) 404 Page not found
REMOTE_ADDR: 217.20.182.33
HTTP_REFERER: 
requested: array(3) {
  ["controller"] => string(20) "phpMyAdmin-2.8.1-rc1"
  ["action"] => string(7) "scripts"
  ["module"] => string(7) "default"
}


--------------------------------------------------------------------------------
2011-07-17T05:02:13+00:00 ERR (3) 404 Page not found
REMOTE_ADDR: 217.20.182.33
HTTP_REFERER: 
requested: array(3) {
  ["controller"] => string(16) "phpMyAdmin-2.8.1"
  ["action"] => string(7) "scripts"
  ["module"] => string(7) "default"
}


--------------------------------------------------------------------------------
2011-07-17T05:02:14+00:00 ERR (3) 404 Page not found
REMOTE_ADDR: 217.20.182.33
HTTP_REFERER: 
requested: array(3) {
  ["controller"] => string(16) "phpMyAdmin-2.8.2"
  ["action"] => string(7) "scripts"
  ["module"] => string(7) "default"
}


--------------------------------------------------------------------------------
2011-07-17T05:02:14+00:00 ERR (3) 404 Page not found
REMOTE_ADDR: 217.20.182.33
HTTP_REFERER: 
requested: array(3) {
  ["controller"] => string(10) "sqlmanager"
  ["action"] => string(7) "scripts"
  ["module"] => string(7) "default"
}


--------------------------------------------------------------------------------
2011-07-17T05:02:16+00:00 ERR (3) 404 Page not found
REMOTE_ADDR: 217.20.182.33
HTTP_REFERER: 
requested: array(3) {
  ["controller"] => string(12) "mysqlmanager"
  ["action"] => string(7) "scripts"
  ["module"] => string(7) "default"
}


--------------------------------------------------------------------------------
2011-07-17T05:02:21+00:00 ERR (3) 404 Page not found
REMOTE_ADDR: 217.20.182.33
HTTP_REFERER: 
requested: array(4) {
  ["controller"] => string(1) "p"
  ["action"] => string(1) "m"
  ["a"] => string(7) "scripts"
  ["module"] => string(7) "default"
}


--------------------------------------------------------------------------------
2011-07-17T05:02:22+00:00 ERR (3) 404 Page not found
REMOTE_ADDR: 217.20.182.33
HTTP_REFERER: 
requested: array(3) {
  ["controller"] => string(7) "PMA2005"
  ["action"] => string(7) "scripts"
  ["module"] => string(7) "default"
}


--------------------------------------------------------------------------------
2011-07-17T05:02:23+00:00 ERR (3) 404 Page not found
REMOTE_ADDR: 217.20.182.33
HTTP_REFERER: 
requested: array(3) {
  ["controller"] => string(7) "pma2005"
  ["action"] => string(7) "scripts"
  ["module"] => string(7) "default"
}


--------------------------------------------------------------------------------
2011-07-17T05:02:24+00:00 ERR (3) 404 Page not found
REMOTE_ADDR: 217.20.182.33
HTTP_REFERER: 
requested: array(3) {
  ["controller"] => string(10) "phpmanager"
  ["action"] => string(7) "scripts"
  ["module"] => string(7) "default"
}


--------------------------------------------------------------------------------
2011-07-17T05:02:24+00:00 ERR (3) 404 Page not found
REMOTE_ADDR: 217.20.182.33
HTTP_REFERER: 
requested: array(3) {
  ["controller"] => string(11) "php-myadmin"
  ["action"] => string(7) "scripts"
  ["module"] => string(7) "default"
}


--------------------------------------------------------------------------------
2011-07-17T05:02:25+00:00 ERR (3) 404 Page not found
REMOTE_ADDR: 217.20.182.33
HTTP_REFERER: 
requested: array(3) {
  ["controller"] => string(11) "phpmy-admin"
  ["action"] => string(7) "scripts"
  ["module"] => string(7) "default"
}


--------------------------------------------------------------------------------
2011-07-17T05:02:27+00:00 ERR (3) 404 Page not found
REMOTE_ADDR: 217.20.182.33
HTTP_REFERER: 
requested: array(3) {
  ["controller"] => string(8) "webadmin"
  ["action"] => string(7) "scripts"
  ["module"] => string(7) "default"
}


--------------------------------------------------------------------------------
2011-07-17T05:02:28+00:00 ERR (3) 404 Page not found
REMOTE_ADDR: 217.20.182.33
HTTP_REFERER: 
requested: array(3) {
  ["controller"] => string(6) "sqlweb"
  ["action"] => string(7) "scripts"
  ["module"] => string(7) "default"
}


--------------------------------------------------------------------------------
2011-07-17T05:02:29+00:00 ERR (3) 404 Page not found
REMOTE_ADDR: 217.20.182.33
HTTP_REFERER: 
requested: array(3) {
  ["controller"] => string(6) "websql"
  ["action"] => string(7) "scripts"
  ["module"] => string(7) "default"
}


--------------------------------------------------------------------------------
2011-07-17T05:02:30+00:00 ERR (3) 404 Page not found
REMOTE_ADDR: 217.20.182.33
HTTP_REFERER: 
requested: array(3) {
  ["controller"] => string(5) "webdb"
  ["action"] => string(7) "scripts"
  ["module"] => string(7) "default"
}


--------------------------------------------------------------------------------
2011-07-17T05:02:31+00:00 ERR (3) 404 Page not found
REMOTE_ADDR: 217.20.182.33
HTTP_REFERER: 
requested: array(3) {
  ["controller"] => string(11) "mysql-admin"
  ["action"] => string(7) "scripts"
  ["module"] => string(7) "default"
}


--------------------------------------------------------------------------------
2011-07-17T05:02:32+00:00 ERR (3) 404 Page not found
REMOTE_ADDR: 217.20.182.33
HTTP_REFERER: 
requested: array(3) {
  ["controller"] => string(13) "databaseadmin"
  ["action"] => string(7) "scripts"
  ["module"] => string(7) "default"
}


--------------------------------------------------------------------------------
2011-07-17T05:02:32+00:00 ERR (3) 404 Page not found
REMOTE_ADDR: 217.20.182.33
HTTP_REFERER: 
requested: array(3) {
  ["controller"] => string(4) "admm"
  ["action"] => string(7) "scripts"
  ["module"] => string(7) "default"
}


--------------------------------------------------------------------------------
2011-07-17T05:02:34+00:00 ERR (3) 404 Page not found
REMOTE_ADDR: 217.20.182.33
HTTP_REFERER: 
requested: array(3) {
  ["controller"] => string(4) "admn"
  ["action"] => string(7) "scripts"
  ["module"] => string(7) "default"
}


--------------------------------------------------------------------------------
2011-07-17T09:44:08+00:00 ERR (3) 404 Seite nicht gefunden
REMOTE_ADDR: 66.249.72.131
HTTP_REFERER: 
requested: array(5) {
  ["controller"] => string(5) "forum"
  ["action"] => string(13) "viewtopic.php"
  ["module"] => string(7) "default"
  ["p"] => string(2) "31"
  ["sid"] => string(32) "ce512cecd93a5e5083d401f1ee6c867c"
}


--------------------------------------------------------------------------------
2011-07-17T12:15:50+00:00 ERR (3) 404 Seite nicht gefunden
REMOTE_ADDR: 174.139.245.18
HTTP_REFERER: http://graphicore.de/forum/index.php
requested: array(3) {
  ["controller"] => string(5) "forum"
  ["action"] => string(9) "index.php"
  ["module"] => string(7) "default"
}


--------------------------------------------------------------------------------
2011-07-17T14:09:10+00:00 ERR (3) 404 Seite nicht gefunden
REMOTE_ADDR: 208.115.111.74
HTTP_REFERER: 
requested: array(5) {
  ["lang"] => string(2) "de"
  ["action"] => string(2) "en"
  ["module"] => string(7) "default"
  ["controller"] => string(5) "index"
  ["key"] => string(0) ""
}


--------------------------------------------------------------------------------
2011-07-17T15:20:28+00:00 ERR (3) 404 Seite nicht gefunden
REMOTE_ADDR: 66.249.72.131
HTTP_REFERER: 
requested: array(5) {
  ["controller"] => string(5) "forum"
  ["action"] => string(13) "viewtopic.php"
  ["module"] => string(7) "default"
  ["p"] => string(2) "32"
  ["sid"] => string(32) "0f9df61b9fce347ce8bf3bdcfc61d6ef"
}


--------------------------------------------------------------------------------
2011-07-17T16:14:59+00:00 ERR (3) 404 Seite nicht gefunden
REMOTE_ADDR: 66.249.72.131
HTTP_REFERER: 
requested: array(5) {
  ["controller"] => string(5) "forum"
  ["action"] => string(13) "viewtopic.php"
  ["module"] => string(7) "default"
  ["p"] => string(2) "46"
  ["sid"] => string(32) "52d3d81f24cd5ee6b4902d93ec794434"
}


--------------------------------------------------------------------------------
2011-07-17T20:49:09+00:00 ERR (3) 404 Seite nicht gefunden
REMOTE_ADDR: 66.249.72.117
HTTP_REFERER: 
requested: array(5) {
  ["controller"] => string(5) "forum"
  ["action"] => string(13) "viewtopic.php"
  ["module"] => string(7) "default"
  ["p"] => string(2) "48"
  ["sid"] => string(32) "52d3d81f24cd5ee6b4902d93ec794434"
}


--------------------------------------------------------------------------------
2011-07-17T22:10:02+00:00 ERR (3) 404 "" was not found.
REMOTE_ADDR: 77.20.40.169
HTTP_REFERER: 
requested: array(5) {
  ["lang"] => string(2) "de"
  ["action"] => string(7) "archive"
  ["module"] => string(7) "default"
  ["controller"] => string(5) "index"
  ["key"] => string(0) ""
}


--------------------------------------------------------------------------------
