2016-03-15T00:38:36+00:00 ERR (3) 404 "hire-lasse" was not found.
REMOTE_ADDR: 207.46.13.127
HTTP_REFERER: 
requested: array(5) {
  ["lang"] => string(2) "de"
  ["action"] => string(4) "page"
  ["key"] => string(10) "hire-lasse"
  ["module"] => string(7) "default"
  ["controller"] => string(5) "index"
}


--------------------------------------------------------------------------------
2016-03-15T06:02:58+00:00 ERR (3) 404 Seite nicht gefunden
REMOTE_ADDR: 93.95.100.107
HTTP_REFERER: graphicore.de
requested: array(3) {
  ["controller"] => string(2) "js"
  ["action"] => string(4) "mage"
  ["module"] => string(7) "default"
}


--------------------------------------------------------------------------------
2016-03-15T08:36:18+00:00 ERR (3) 404 Seite nicht gefunden
REMOTE_ADDR: 46.118.153.119
HTTP_REFERER: 
requested: array(3) {
  ["controller"] => string(12) "wp-login.php"
  ["action"] => string(5) "index"
  ["module"] => string(7) "default"
}


--------------------------------------------------------------------------------
2016-03-15T08:36:19+00:00 ERR (3) 404 Seite nicht gefunden
REMOTE_ADDR: 46.118.153.119
HTTP_REFERER: 
requested: array(3) {
  ["controller"] => string(13) "administrator"
  ["action"] => string(9) "index.php"
  ["module"] => string(7) "default"
}


--------------------------------------------------------------------------------
2016-03-15T08:36:19+00:00 ERR (3) 404 Seite nicht gefunden
REMOTE_ADDR: 46.118.153.119
HTTP_REFERER: 
requested: array(3) {
  ["controller"] => string(4) "user"
  ["action"] => string(5) "index"
  ["module"] => string(7) "default"
}


--------------------------------------------------------------------------------
2016-03-15T21:53:47+00:00 ERR (3) 404 "hire-lasse" was not found.
REMOTE_ADDR: 51.255.65.44
HTTP_REFERER: 
requested: array(5) {
  ["lang"] => string(2) "en"
  ["action"] => string(4) "page"
  ["key"] => string(10) "hire-lasse"
  ["module"] => string(7) "default"
  ["controller"] => string(5) "index"
}


--------------------------------------------------------------------------------
2016-03-15T23:17:55+00:00 ERR (3) 404 "hire-lasse" was not found.
REMOTE_ADDR: 68.180.230.43
HTTP_REFERER: 
requested: array(5) {
  ["lang"] => string(2) "en"
  ["action"] => string(4) "page"
  ["key"] => string(10) "hire-lasse"
  ["module"] => string(7) "default"
  ["controller"] => string(5) "index"
}


--------------------------------------------------------------------------------
