2012-10-01T07:34:46+00:00 ERR (3) 404 Seite nicht gefunden
REMOTE_ADDR: 198.143.175.194
HTTP_REFERER: http://graphicore.de/forum/index.php
requested: array(3) {
  ["controller"] => string(5) "forum"
  ["action"] => string(9) "index.php"
  ["module"] => string(7) "default"
}


--------------------------------------------------------------------------------
2012-10-01T08:13:47+00:00 ERR (3) 404 Seite nicht gefunden
REMOTE_ADDR: 198.143.175.194
HTTP_REFERER: http://graphicore.de/forum/index.php
requested: array(3) {
  ["controller"] => string(5) "forum"
  ["action"] => string(9) "index.php"
  ["module"] => string(7) "default"
}


--------------------------------------------------------------------------------
2012-10-01T09:33:58+00:00 ERR (3) 404 Seite nicht gefunden
REMOTE_ADDR: 198.143.156.82
HTTP_REFERER: http://graphicore.de/forum/index.php
requested: array(3) {
  ["controller"] => string(5) "forum"
  ["action"] => string(9) "index.php"
  ["module"] => string(7) "default"
}


--------------------------------------------------------------------------------
