2010-06-24T01:00:05+00:00 ERR (3) 404 "feed" was not found.
REMOTE_ADDR: 127.0.0.1
HTTP_REFERER: 
requested: array(6) {
  ["lang"] => string(2) "en"
  ["action"] => string(5) "index"
  ["key"] => string(4) "feed"
  ["type"] => string(4) "atom"
  ["module"] => string(7) "default"
  ["controller"] => string(5) "index"
}


--------------------------------------------------------------------------------
2010-06-24T01:00:14+00:00 ERR (3) 404 "feed" was not found.
REMOTE_ADDR: 127.0.0.1
HTTP_REFERER: 
requested: array(6) {
  ["lang"] => string(2) "de"
  ["action"] => string(5) "index"
  ["key"] => string(4) "feed"
  ["type"] => string(4) "atom"
  ["module"] => string(7) "default"
  ["controller"] => string(5) "index"
}


--------------------------------------------------------------------------------
2010-06-24T10:37:16+00:00 ERR (3) 404 "feed" was not found.
REMOTE_ADDR: 127.0.0.1
HTTP_REFERER: 
requested: array(6) {
  ["lang"] => string(2) "en"
  ["action"] => string(5) "index"
  ["key"] => string(4) "feed"
  ["type"] => string(4) "atom"
  ["module"] => string(7) "default"
  ["controller"] => string(5) "index"
}


--------------------------------------------------------------------------------
2010-06-24T10:37:18+00:00 ERR (3) 404 "feed" was not found.
REMOTE_ADDR: 127.0.0.1
HTTP_REFERER: 
requested: array(6) {
  ["lang"] => string(2) "de"
  ["action"] => string(5) "index"
  ["key"] => string(4) "feed"
  ["type"] => string(4) "atom"
  ["module"] => string(7) "default"
  ["controller"] => string(5) "index"
}


--------------------------------------------------------------------------------
2010-06-24T10:37:28+00:00 ERR (3) 404 "feed" was not found.
REMOTE_ADDR: 127.0.0.1
HTTP_REFERER: 
requested: array(6) {
  ["lang"] => string(2) "de"
  ["action"] => string(5) "index"
  ["key"] => string(4) "feed"
  ["type"] => string(4) "atom"
  ["module"] => string(7) "default"
  ["controller"] => string(5) "index"
}


--------------------------------------------------------------------------------
2010-06-24T10:37:30+00:00 ERR (3) 404 "feed" was not found.
REMOTE_ADDR: 127.0.0.1
HTTP_REFERER: 
requested: array(6) {
  ["lang"] => string(2) "de"
  ["action"] => string(5) "index"
  ["key"] => string(4) "feed"
  ["type"] => string(4) "atom"
  ["module"] => string(7) "default"
  ["controller"] => string(5) "index"
}


--------------------------------------------------------------------------------
2010-06-24T10:38:24+00:00 ERR (3) 404 "feed" was not found.
REMOTE_ADDR: 127.0.0.1
HTTP_REFERER: 
requested: array(6) {
  ["lang"] => string(2) "en"
  ["action"] => string(5) "index"
  ["key"] => string(4) "feed"
  ["type"] => string(4) "atom"
  ["module"] => string(7) "default"
  ["controller"] => string(5) "index"
}


--------------------------------------------------------------------------------
2010-06-24T10:38:33+00:00 ERR (3) 404 "feed" was not found.
REMOTE_ADDR: 127.0.0.1
HTTP_REFERER: 
requested: array(6) {
  ["lang"] => string(2) "de"
  ["action"] => string(5) "index"
  ["key"] => string(4) "feed"
  ["type"] => string(4) "atom"
  ["module"] => string(7) "default"
  ["controller"] => string(5) "index"
}


--------------------------------------------------------------------------------
2010-06-24T11:41:40+00:00 ERR (3) 404 "feed" was not found.
REMOTE_ADDR: 127.0.0.1
HTTP_REFERER: 
requested: array(6) {
  ["lang"] => string(2) "en"
  ["action"] => string(5) "index"
  ["key"] => string(4) "feed"
  ["type"] => string(4) "atom"
  ["module"] => string(7) "default"
  ["controller"] => string(5) "index"
}


--------------------------------------------------------------------------------
2010-06-24T11:41:47+00:00 ERR (3) 404 "feed" was not found.
REMOTE_ADDR: 127.0.0.1
HTTP_REFERER: 
requested: array(6) {
  ["lang"] => string(2) "de"
  ["action"] => string(5) "index"
  ["key"] => string(4) "feed"
  ["type"] => string(4) "atom"
  ["module"] => string(7) "default"
  ["controller"] => string(5) "index"
}


--------------------------------------------------------------------------------
2010-06-24T12:45:05+00:00 ERR (3) 404 "feed" was not found.
REMOTE_ADDR: 127.0.0.1
HTTP_REFERER: 
requested: array(6) {
  ["lang"] => string(2) "en"
  ["action"] => string(5) "index"
  ["key"] => string(4) "feed"
  ["type"] => string(4) "atom"
  ["module"] => string(7) "default"
  ["controller"] => string(5) "index"
}


--------------------------------------------------------------------------------
2010-06-24T12:45:11+00:00 ERR (3) 404 "feed" was not found.
REMOTE_ADDR: 127.0.0.1
HTTP_REFERER: 
requested: array(6) {
  ["lang"] => string(2) "de"
  ["action"] => string(5) "index"
  ["key"] => string(4) "feed"
  ["type"] => string(4) "atom"
  ["module"] => string(7) "default"
  ["controller"] => string(5) "index"
}


--------------------------------------------------------------------------------
2010-06-24T13:48:29+00:00 ERR (3) 404 "feed" was not found.
REMOTE_ADDR: 127.0.0.1
HTTP_REFERER: 
requested: array(6) {
  ["lang"] => string(2) "en"
  ["action"] => string(5) "index"
  ["key"] => string(4) "feed"
  ["type"] => string(4) "atom"
  ["module"] => string(7) "default"
  ["controller"] => string(5) "index"
}


--------------------------------------------------------------------------------
2010-06-24T13:48:38+00:00 ERR (3) 404 "feed" was not found.
REMOTE_ADDR: 127.0.0.1
HTTP_REFERER: 
requested: array(6) {
  ["lang"] => string(2) "de"
  ["action"] => string(5) "index"
  ["key"] => string(4) "feed"
  ["type"] => string(4) "atom"
  ["module"] => string(7) "default"
  ["controller"] => string(5) "index"
}


--------------------------------------------------------------------------------
2010-06-24T14:51:53+00:00 ERR (3) 404 "feed" was not found.
REMOTE_ADDR: 127.0.0.1
HTTP_REFERER: 
requested: array(6) {
  ["lang"] => string(2) "en"
  ["action"] => string(5) "index"
  ["key"] => string(4) "feed"
  ["type"] => string(4) "atom"
  ["module"] => string(7) "default"
  ["controller"] => string(5) "index"
}


--------------------------------------------------------------------------------
2010-06-24T14:52:00+00:00 ERR (3) 404 "feed" was not found.
REMOTE_ADDR: 127.0.0.1
HTTP_REFERER: 
requested: array(6) {
  ["lang"] => string(2) "de"
  ["action"] => string(5) "index"
  ["key"] => string(4) "feed"
  ["type"] => string(4) "atom"
  ["module"] => string(7) "default"
  ["controller"] => string(5) "index"
}


--------------------------------------------------------------------------------
2010-06-24T15:55:33+00:00 ERR (3) 404 "feed" was not found.
REMOTE_ADDR: 127.0.0.1
HTTP_REFERER: 
requested: array(6) {
  ["lang"] => string(2) "en"
  ["action"] => string(5) "index"
  ["key"] => string(4) "feed"
  ["type"] => string(4) "atom"
  ["module"] => string(7) "default"
  ["controller"] => string(5) "index"
}


--------------------------------------------------------------------------------
2010-06-24T15:55:39+00:00 ERR (3) 404 "feed" was not found.
REMOTE_ADDR: 127.0.0.1
HTTP_REFERER: 
requested: array(6) {
  ["lang"] => string(2) "de"
  ["action"] => string(5) "index"
  ["key"] => string(4) "feed"
  ["type"] => string(4) "atom"
  ["module"] => string(7) "default"
  ["controller"] => string(5) "index"
}


--------------------------------------------------------------------------------
2010-06-24T16:59:02+00:00 ERR (3) 404 "feed" was not found.
REMOTE_ADDR: 127.0.0.1
HTTP_REFERER: 
requested: array(6) {
  ["lang"] => string(2) "en"
  ["action"] => string(5) "index"
  ["key"] => string(4) "feed"
  ["type"] => string(4) "atom"
  ["module"] => string(7) "default"
  ["controller"] => string(5) "index"
}


--------------------------------------------------------------------------------
2010-06-24T16:59:11+00:00 ERR (3) 404 "feed" was not found.
REMOTE_ADDR: 127.0.0.1
HTTP_REFERER: 
requested: array(6) {
  ["lang"] => string(2) "de"
  ["action"] => string(5) "index"
  ["key"] => string(4) "feed"
  ["type"] => string(4) "atom"
  ["module"] => string(7) "default"
  ["controller"] => string(5) "index"
}


--------------------------------------------------------------------------------
2010-06-24T18:13:27+00:00 ERR (3) 404 "feed" was not found.
REMOTE_ADDR: 127.0.0.1
HTTP_REFERER: 
requested: array(6) {
  ["lang"] => string(2) "en"
  ["action"] => string(5) "index"
  ["key"] => string(4) "feed"
  ["type"] => string(4) "atom"
  ["module"] => string(7) "default"
  ["controller"] => string(5) "index"
}


--------------------------------------------------------------------------------
2010-06-24T18:13:31+00:00 ERR (3) 404 "feed" was not found.
REMOTE_ADDR: 127.0.0.1
HTTP_REFERER: 
requested: array(6) {
  ["lang"] => string(2) "de"
  ["action"] => string(5) "index"
  ["key"] => string(4) "feed"
  ["type"] => string(4) "atom"
  ["module"] => string(7) "default"
  ["controller"] => string(5) "index"
}


--------------------------------------------------------------------------------
2010-06-24T19:16:48+00:00 ERR (3) 404 "feed" was not found.
REMOTE_ADDR: 127.0.0.1
HTTP_REFERER: 
requested: array(6) {
  ["lang"] => string(2) "en"
  ["action"] => string(5) "index"
  ["key"] => string(4) "feed"
  ["type"] => string(4) "atom"
  ["module"] => string(7) "default"
  ["controller"] => string(5) "index"
}


--------------------------------------------------------------------------------
2010-06-24T19:16:56+00:00 ERR (3) 404 "feed" was not found.
REMOTE_ADDR: 127.0.0.1
HTTP_REFERER: 
requested: array(6) {
  ["lang"] => string(2) "de"
  ["action"] => string(5) "index"
  ["key"] => string(4) "feed"
  ["type"] => string(4) "atom"
  ["module"] => string(7) "default"
  ["controller"] => string(5) "index"
}


--------------------------------------------------------------------------------
2010-06-24T21:41:06+00:00 ERR (3) 404 "feed" was not found.
REMOTE_ADDR: 127.0.0.1
HTTP_REFERER: 
requested: array(6) {
  ["lang"] => string(2) "en"
  ["action"] => string(5) "index"
  ["key"] => string(4) "feed"
  ["type"] => string(4) "atom"
  ["module"] => string(7) "default"
  ["controller"] => string(5) "index"
}


--------------------------------------------------------------------------------
2010-06-24T21:41:07+00:00 ERR (3) 404 "feed" was not found.
REMOTE_ADDR: 127.0.0.1
HTTP_REFERER: 
requested: array(6) {
  ["lang"] => string(2) "de"
  ["action"] => string(5) "index"
  ["key"] => string(4) "feed"
  ["type"] => string(4) "atom"
  ["module"] => string(7) "default"
  ["controller"] => string(5) "index"
}


--------------------------------------------------------------------------------
2010-06-24T21:43:14+00:00 ERR (3) 404 "feed" was not found.
REMOTE_ADDR: 127.0.0.1
HTTP_REFERER: 
requested: array(6) {
  ["lang"] => string(2) "en"
  ["action"] => string(5) "index"
  ["key"] => string(4) "feed"
  ["type"] => string(4) "atom"
  ["module"] => string(7) "default"
  ["controller"] => string(5) "index"
}


--------------------------------------------------------------------------------
2010-06-24T21:43:23+00:00 ERR (3) 404 "feed" was not found.
REMOTE_ADDR: 127.0.0.1
HTTP_REFERER: 
requested: array(6) {
  ["lang"] => string(2) "de"
  ["action"] => string(5) "index"
  ["key"] => string(4) "feed"
  ["type"] => string(4) "atom"
  ["module"] => string(7) "default"
  ["controller"] => string(5) "index"
}


--------------------------------------------------------------------------------
2010-06-24T22:46:35+00:00 ERR (3) 404 "feed" was not found.
REMOTE_ADDR: 127.0.0.1
HTTP_REFERER: 
requested: array(6) {
  ["lang"] => string(2) "en"
  ["action"] => string(5) "index"
  ["key"] => string(4) "feed"
  ["type"] => string(4) "atom"
  ["module"] => string(7) "default"
  ["controller"] => string(5) "index"
}


--------------------------------------------------------------------------------
2010-06-24T22:46:41+00:00 ERR (3) 404 "feed" was not found.
REMOTE_ADDR: 127.0.0.1
HTTP_REFERER: 
requested: array(6) {
  ["lang"] => string(2) "de"
  ["action"] => string(5) "index"
  ["key"] => string(4) "feed"
  ["type"] => string(4) "atom"
  ["module"] => string(7) "default"
  ["controller"] => string(5) "index"
}


--------------------------------------------------------------------------------
2010-06-24T23:49:56+00:00 ERR (3) 404 "feed" was not found.
REMOTE_ADDR: 127.0.0.1
HTTP_REFERER: 
requested: array(6) {
  ["lang"] => string(2) "en"
  ["action"] => string(5) "index"
  ["key"] => string(4) "feed"
  ["type"] => string(4) "atom"
  ["module"] => string(7) "default"
  ["controller"] => string(5) "index"
}


--------------------------------------------------------------------------------
2010-06-24T23:50:01+00:00 ERR (3) 404 "feed" was not found.
REMOTE_ADDR: 127.0.0.1
HTTP_REFERER: 
requested: array(6) {
  ["lang"] => string(2) "de"
  ["action"] => string(5) "index"
  ["key"] => string(4) "feed"
  ["type"] => string(4) "atom"
  ["module"] => string(7) "default"
  ["controller"] => string(5) "index"
}


--------------------------------------------------------------------------------
