2011-08-09T08:22:22+00:00 ERR (3) 404 "topic" was not found.
REMOTE_ADDR: 123.13.0.112
HTTP_REFERER: http://graphicore.de/de/index/topic/intern/news/
requested: array(6) {
  ["lang"] => string(2) "de"
  ["action"] => string(5) "index"
  ["key"] => string(5) "topic"
  ["intern"] => string(4) "news"
  ["module"] => string(7) "default"
  ["controller"] => string(5) "index"
}


--------------------------------------------------------------------------------
2011-08-09T13:51:17+00:00 ERR (3) 404 Seite nicht gefunden
REMOTE_ADDR: 109.235.49.143
HTTP_REFERER: http://graphicore.de/forum/index.php
requested: array(3) {
  ["controller"] => string(5) "forum"
  ["action"] => string(9) "index.php"
  ["module"] => string(7) "default"
}


--------------------------------------------------------------------------------
2011-08-09T17:34:49+00:00 ERR (3) 404 "zimmer-frei" was not found.
REMOTE_ADDR: 62.224.153.165
HTTP_REFERER: http://www.facebook.com/l.php?u=http%3A%2F%2Fgraphicore.de%2Fde%2Fpage%2Fzimmer-frei&h=rAQA5qaP_AQCIPcV8yie227QNQvet1AJFqSEHuc3TYMCQ6g
requested: array(5) {
  ["lang"] => string(2) "de"
  ["action"] => string(4) "page"
  ["key"] => string(11) "zimmer-frei"
  ["module"] => string(7) "default"
  ["controller"] => string(5) "index"
}


--------------------------------------------------------------------------------
2011-08-09T17:34:50+00:00 ERR (3) 404 "zimmer-frei" was not found.
REMOTE_ADDR: 66.220.149.250
HTTP_REFERER: 
requested: array(5) {
  ["lang"] => string(2) "de"
  ["action"] => string(4) "page"
  ["key"] => string(11) "zimmer-frei"
  ["module"] => string(7) "default"
  ["controller"] => string(5) "index"
}


--------------------------------------------------------------------------------
2011-08-09T18:37:50+00:00 ERR (3) 404 "topic" was not found.
REMOTE_ADDR: 188.143.232.53
HTTP_REFERER: http://graphicore.de/de/index/topic/intern/news/
requested: array(6) {
  ["lang"] => string(2) "de"
  ["action"] => string(5) "index"
  ["key"] => string(5) "topic"
  ["intern"] => string(4) "news"
  ["module"] => string(7) "default"
  ["controller"] => string(5) "index"
}


--------------------------------------------------------------------------------
2011-08-09T23:59:47+00:00 ERR (3) 404 Page not found
REMOTE_ADDR: 208.115.111.248
HTTP_REFERER: 
requested: array(5) {
  ["lang"] => string(2) "en"
  ["action"] => string(2) "de"
  ["module"] => string(7) "default"
  ["controller"] => string(5) "index"
  ["key"] => string(0) ""
}


--------------------------------------------------------------------------------
2011-08-09T23:59:51+00:00 ERR (3) 404 Page not found
REMOTE_ADDR: 208.115.111.248
HTTP_REFERER: 
requested: array(5) {
  ["lang"] => string(2) "en"
  ["action"] => string(2) "en"
  ["module"] => string(7) "default"
  ["controller"] => string(5) "index"
  ["key"] => string(0) ""
}


--------------------------------------------------------------------------------
