2021-01-16T00:43:54+00:00 ERR (3) 404 Seite nicht gefunden
REMOTE_ADDR: 13.66.139.26
HTTP_REFERER: 
requested: array(3) {
  ["controller"] => string(11) "sitemap.txt"
  ["action"] => string(5) "index"
  ["module"] => string(7) "default"
}


--------------------------------------------------------------------------------
2021-01-16T02:50:44+00:00 ERR (3) 404 Seite nicht gefunden
REMOTE_ADDR: 192.71.103.173
HTTP_REFERER: 
requested: array(3) {
  ["controller"] => string(10) "humans.txt"
  ["action"] => string(5) "index"
  ["module"] => string(7) "default"
}


--------------------------------------------------------------------------------
2021-01-16T02:50:45+00:00 ERR (3) 404 Seite nicht gefunden
REMOTE_ADDR: 192.71.10.105
HTTP_REFERER: 
requested: array(3) {
  ["controller"] => string(7) "ads.txt"
  ["action"] => string(5) "index"
  ["module"] => string(7) "default"
}


--------------------------------------------------------------------------------
2021-01-16T03:55:42+00:00 ERR (3) 404 Seite nicht gefunden
REMOTE_ADDR: 13.66.139.26
HTTP_REFERER: 
requested: array(3) {
  ["controller"] => string(11) "sitemap.txt"
  ["action"] => string(5) "index"
  ["module"] => string(7) "default"
}


--------------------------------------------------------------------------------
2021-01-16T06:58:41+00:00 ERR (3) 404 Seite nicht gefunden
REMOTE_ADDR: 146.59.250.180
HTTP_REFERER: 
requested: array(3) {
  ["controller"] => string(11) "wp-includes"
  ["action"] => string(3) "css"
  ["module"] => string(7) "default"
}


--------------------------------------------------------------------------------
2021-01-16T06:59:00+00:00 ERR (3) 404 Seite nicht gefunden
REMOTE_ADDR: 146.59.250.180
HTTP_REFERER: 
requested: array(3) {
  ["controller"] => string(11) "wp-includes"
  ["action"] => string(5) "fonts"
  ["module"] => string(7) "default"
}


--------------------------------------------------------------------------------
2021-01-16T07:04:55+00:00 ERR (3) 404 "competences" was not found.
REMOTE_ADDR: 62.210.143.6
HTTP_REFERER: 
requested: array(5) {
  ["lang"] => string(2) "en"
  ["action"] => string(4) "page"
  ["key"] => string(11) "competences"
  ["module"] => string(7) "default"
  ["controller"] => string(5) "index"
}


--------------------------------------------------------------------------------
2021-01-16T07:43:28+00:00 ERR (3) 404 "hire-lasse" was not found.
REMOTE_ADDR: 95.216.96.245
HTTP_REFERER: http://graphicore.de/en/feed/rss
requested: array(5) {
  ["lang"] => string(2) "en"
  ["action"] => string(4) "page"
  ["key"] => string(10) "hire-lasse"
  ["module"] => string(7) "default"
  ["controller"] => string(5) "index"
}


--------------------------------------------------------------------------------
2021-01-16T07:43:30+00:00 ERR (3) 404 "competences" was not found.
REMOTE_ADDR: 95.216.96.245
HTTP_REFERER: http://graphicore.de/de/page/lasse
requested: array(5) {
  ["lang"] => string(2) "de"
  ["action"] => string(4) "page"
  ["key"] => string(11) "competences"
  ["module"] => string(7) "default"
  ["controller"] => string(5) "index"
}


--------------------------------------------------------------------------------
2021-01-16T07:43:31+00:00 ERR (3) 404 "competences" was not found.
REMOTE_ADDR: 95.216.96.245
HTTP_REFERER: http://graphicore.de/en/page/lasse
requested: array(5) {
  ["lang"] => string(2) "en"
  ["action"] => string(4) "page"
  ["key"] => string(11) "competences"
  ["module"] => string(7) "default"
  ["controller"] => string(5) "index"
}


--------------------------------------------------------------------------------
2021-01-16T11:24:00+00:00 ERR (3) 404 Seite nicht gefunden
REMOTE_ADDR: 144.76.28.241
HTTP_REFERER: 
requested: array(3) {
  ["controller"] => string(4) ".env"
  ["action"] => string(5) "index"
  ["module"] => string(7) "default"
}


--------------------------------------------------------------------------------
2021-01-16T16:53:32+00:00 ERR (3) 404 Seite nicht gefunden
REMOTE_ADDR: 155.138.197.10
HTTP_REFERER: 
requested: array(3) {
  ["controller"] => string(4) ".env"
  ["action"] => string(5) "index"
  ["module"] => string(7) "default"
}


--------------------------------------------------------------------------------
2021-01-16T17:52:26+00:00 ERR (3) 404 "anne" was not found.
REMOTE_ADDR: 66.249.64.156
HTTP_REFERER: 
requested: array(5) {
  ["lang"] => string(2) "de"
  ["action"] => string(4) "page"
  ["key"] => string(4) "anne"
  ["module"] => string(7) "default"
  ["controller"] => string(5) "index"
}


--------------------------------------------------------------------------------
2021-01-16T19:22:36+00:00 ERR (3) 404 Seite nicht gefunden
REMOTE_ADDR: 50.87.253.29
HTTP_REFERER: http://graphicore.de/
requested: array(3) {
  ["controller"] => string(3) "old"
  ["action"] => string(8) "wp-admin"
  ["module"] => string(7) "default"
}


--------------------------------------------------------------------------------
2021-01-16T21:42:10+00:00 ERR (3) 404 Seite nicht gefunden
REMOTE_ADDR: 13.66.139.23
HTTP_REFERER: 
requested: array(3) {
  ["controller"] => string(8) "atom.xml"
  ["action"] => string(5) "index"
  ["module"] => string(7) "default"
}


--------------------------------------------------------------------------------
2021-01-16T21:53:48+00:00 ERR (3) 404 Seite nicht gefunden
REMOTE_ADDR: 192.53.174.85
HTTP_REFERER: 
requested: array(3) {
  ["controller"] => string(4) ".env"
  ["action"] => string(5) "index"
  ["module"] => string(7) "default"
}


--------------------------------------------------------------------------------
