2020-03-02T01:47:20+00:00 ERR (3) 404 Seite nicht gefunden
REMOTE_ADDR: 159.203.112.57
HTTP_REFERER: 
requested: array(3) {
  ["controller"] => string(4) "user"
  ["action"] => string(8) "register"
  ["module"] => string(7) "default"
}


--------------------------------------------------------------------------------
2020-03-02T07:06:58+00:00 ERR (3) 404 Page not found
REMOTE_ADDR: 209.90.225.218
HTTP_REFERER: http://graphicore.de/wp-content/plugins/photo-gallery/filemanager/UploadHandler.php
requested: array(4) {
  ["controller"] => string(10) "wp-content"
  ["action"] => string(7) "plugins"
  ["photo-gallery"] => string(11) "filemanager"
  ["module"] => string(7) "default"
}


--------------------------------------------------------------------------------
2020-03-02T14:01:27+00:00 ERR (3) 404 Seite nicht gefunden
REMOTE_ADDR: 178.137.86.87
HTTP_REFERER: 
requested: array(4) {
  ["controller"] => string(6) "editor"
  ["action"] => string(11) "filemanager"
  ["upload"] => string(3) "php"
  ["module"] => string(7) "default"
}


--------------------------------------------------------------------------------
2020-03-02T14:26:35+00:00 ERR (3) 404 "competences" was not found.
REMOTE_ADDR: 147.75.97.166
HTTP_REFERER: 
requested: array(5) {
  ["lang"] => string(2) "de"
  ["action"] => string(4) "page"
  ["key"] => string(11) "competences"
  ["module"] => string(7) "default"
  ["controller"] => string(5) "index"
}


--------------------------------------------------------------------------------
2020-03-02T14:26:35+00:00 ERR (3) 404 "hire-lasse" was not found.
REMOTE_ADDR: 147.75.97.166
HTTP_REFERER: 
requested: array(5) {
  ["lang"] => string(2) "de"
  ["action"] => string(4) "page"
  ["key"] => string(10) "hire-lasse"
  ["module"] => string(7) "default"
  ["controller"] => string(5) "index"
}


--------------------------------------------------------------------------------
2020-03-02T14:26:43+00:00 ERR (3) 404 "competences" was not found.
REMOTE_ADDR: 147.75.97.166
HTTP_REFERER: 
requested: array(5) {
  ["lang"] => string(2) "en"
  ["action"] => string(4) "page"
  ["key"] => string(11) "competences"
  ["module"] => string(7) "default"
  ["controller"] => string(5) "index"
}


--------------------------------------------------------------------------------
2020-03-02T14:26:43+00:00 ERR (3) 404 "hire-lasse" was not found.
REMOTE_ADDR: 147.75.97.166
HTTP_REFERER: 
requested: array(5) {
  ["lang"] => string(2) "en"
  ["action"] => string(4) "page"
  ["key"] => string(10) "hire-lasse"
  ["module"] => string(7) "default"
  ["controller"] => string(5) "index"
}


--------------------------------------------------------------------------------
2020-03-02T16:14:36+00:00 ERR (3) 404 "competences" was not found.
REMOTE_ADDR: 147.75.97.98
HTTP_REFERER: 
requested: array(5) {
  ["lang"] => string(2) "de"
  ["action"] => string(4) "page"
  ["key"] => string(11) "competences"
  ["module"] => string(7) "default"
  ["controller"] => string(5) "index"
}


--------------------------------------------------------------------------------
2020-03-02T16:14:36+00:00 ERR (3) 404 "hire-lasse" was not found.
REMOTE_ADDR: 147.75.97.98
HTTP_REFERER: 
requested: array(5) {
  ["lang"] => string(2) "de"
  ["action"] => string(4) "page"
  ["key"] => string(10) "hire-lasse"
  ["module"] => string(7) "default"
  ["controller"] => string(5) "index"
}


--------------------------------------------------------------------------------
2020-03-02T16:14:38+00:00 ERR (3) 404 "competences" was not found.
REMOTE_ADDR: 147.75.97.98
HTTP_REFERER: 
requested: array(5) {
  ["lang"] => string(2) "en"
  ["action"] => string(4) "page"
  ["key"] => string(11) "competences"
  ["module"] => string(7) "default"
  ["controller"] => string(5) "index"
}


--------------------------------------------------------------------------------
2020-03-02T16:14:38+00:00 ERR (3) 404 "hire-lasse" was not found.
REMOTE_ADDR: 147.75.97.98
HTTP_REFERER: 
requested: array(5) {
  ["lang"] => string(2) "en"
  ["action"] => string(4) "page"
  ["key"] => string(10) "hire-lasse"
  ["module"] => string(7) "default"
  ["controller"] => string(5) "index"
}


--------------------------------------------------------------------------------
2020-03-02T22:16:38+00:00 ERR (3) 404 "competences" was not found.
REMOTE_ADDR: 23.237.4.26
HTTP_REFERER: 
requested: array(5) {
  ["lang"] => string(2) "de"
  ["action"] => string(4) "page"
  ["key"] => string(11) "competences"
  ["module"] => string(7) "default"
  ["controller"] => string(5) "index"
}


--------------------------------------------------------------------------------
2020-03-02T22:16:40+00:00 ERR (3) 404 "hire-lasse" was not found.
REMOTE_ADDR: 23.237.4.26
HTTP_REFERER: 
requested: array(5) {
  ["lang"] => string(2) "de"
  ["action"] => string(4) "page"
  ["key"] => string(10) "hire-lasse"
  ["module"] => string(7) "default"
  ["controller"] => string(5) "index"
}


--------------------------------------------------------------------------------
2020-03-02T22:16:41+00:00 ERR (3) 404 "hire-lasse" was not found.
REMOTE_ADDR: 23.237.4.26
HTTP_REFERER: 
requested: array(5) {
  ["lang"] => string(2) "de"
  ["action"] => string(4) "page"
  ["key"] => string(10) "hire-lasse"
  ["module"] => string(7) "default"
  ["controller"] => string(5) "index"
}


--------------------------------------------------------------------------------
2020-03-02T22:43:55+00:00 ERR (3) 404 Seite nicht gefunden
REMOTE_ADDR: 69.163.216.115
HTTP_REFERER: http://graphicore.de/
requested: array(3) {
  ["controller"] => string(2) "wp"
  ["action"] => string(5) "index"
  ["module"] => string(7) "default"
}


--------------------------------------------------------------------------------
2020-03-02T23:09:50+00:00 ERR (3) 404 "competences" was not found.
REMOTE_ADDR: 23.237.4.26
HTTP_REFERER: 
requested: array(5) {
  ["lang"] => string(2) "de"
  ["action"] => string(4) "page"
  ["key"] => string(11) "competences"
  ["module"] => string(7) "default"
  ["controller"] => string(5) "index"
}


--------------------------------------------------------------------------------
2020-03-02T23:10:10+00:00 ERR (3) 404 "hire-lasse" was not found.
REMOTE_ADDR: 23.237.4.26
HTTP_REFERER: 
requested: array(5) {
  ["lang"] => string(2) "de"
  ["action"] => string(4) "page"
  ["key"] => string(10) "hire-lasse"
  ["module"] => string(7) "default"
  ["controller"] => string(5) "index"
}


--------------------------------------------------------------------------------
2020-03-02T23:25:35+00:00 ERR (3) 404 "competences" was not found.
REMOTE_ADDR: 23.237.4.26
HTTP_REFERER: 
requested: array(5) {
  ["lang"] => string(2) "de"
  ["action"] => string(4) "page"
  ["key"] => string(11) "competences"
  ["module"] => string(7) "default"
  ["controller"] => string(5) "index"
}


--------------------------------------------------------------------------------
2020-03-02T23:25:40+00:00 ERR (3) 404 "hire-lasse" was not found.
REMOTE_ADDR: 23.237.4.26
HTTP_REFERER: 
requested: array(5) {
  ["lang"] => string(2) "de"
  ["action"] => string(4) "page"
  ["key"] => string(10) "hire-lasse"
  ["module"] => string(7) "default"
  ["controller"] => string(5) "index"
}


--------------------------------------------------------------------------------
2020-03-02T23:25:42+00:00 ERR (3) 404 "hire-lasse" was not found.
REMOTE_ADDR: 23.237.4.26
HTTP_REFERER: 
requested: array(5) {
  ["lang"] => string(2) "de"
  ["action"] => string(4) "page"
  ["key"] => string(10) "hire-lasse"
  ["module"] => string(7) "default"
  ["controller"] => string(5) "index"
}


--------------------------------------------------------------------------------
