2019-04-13T01:36:34+00:00 ERR (3) 404 Seite nicht gefunden
REMOTE_ADDR: 39.98.238.205
HTTP_REFERER: 
requested: array(3) {
  ["controller"] => string(6) "up.php"
  ["action"] => string(5) "index"
  ["module"] => string(7) "default"
}


--------------------------------------------------------------------------------
2019-04-13T06:34:31+00:00 ERR (3) 404 Seite nicht gefunden
REMOTE_ADDR: 103.86.51.247
HTTP_REFERER: 
requested: array(3) {
  ["controller"] => string(4) "user"
  ["action"] => string(8) "register"
  ["module"] => string(7) "default"
}


--------------------------------------------------------------------------------
2019-04-13T07:36:29+00:00 ERR (3) 404 Seite nicht gefunden
REMOTE_ADDR: 39.104.205.45
HTTP_REFERER: 
requested: array(3) {
  ["controller"] => string(6) "up.php"
  ["action"] => string(5) "index"
  ["module"] => string(7) "default"
}


--------------------------------------------------------------------------------
2019-04-13T18:21:29+00:00 ERR (3) 404 Page not found
REMOTE_ADDR: 104.148.64.26
HTTP_REFERER: http://graphicore.de/wp-content/plugins/dzs-videogallery/admin/dzsuploader/upload.js
requested: array(5) {
  ["controller"] => string(10) "wp-content"
  ["action"] => string(7) "plugins"
  ["dzs-videogallery"] => string(5) "admin"
  ["dzsuploader"] => string(9) "upload.js"
  ["module"] => string(7) "default"
}


--------------------------------------------------------------------------------
