2021-01-09T01:02:49+00:00 ERR (3) 404 Page not found
REMOTE_ADDR: 40.84.158.241
HTTP_REFERER: 
requested: array(3) {
  ["controller"] => string(4) ".env"
  ["action"] => string(5) "index"
  ["module"] => string(7) "default"
}


--------------------------------------------------------------------------------
2021-01-09T03:42:14+00:00 ERR (3) 404 "competences" was not found.
REMOTE_ADDR: 62.138.2.14
HTTP_REFERER: 
requested: array(5) {
  ["lang"] => string(2) "en"
  ["action"] => string(4) "page"
  ["key"] => string(11) "competences"
  ["module"] => string(7) "default"
  ["controller"] => string(5) "index"
}


--------------------------------------------------------------------------------
2021-01-09T04:44:18+00:00 ERR (3) 404 Seite nicht gefunden
REMOTE_ADDR: 162.241.219.197
HTTP_REFERER: http://graphicore.de/
requested: array(3) {
  ["controller"] => string(8) "wp-admin"
  ["action"] => string(5) "index"
  ["module"] => string(7) "default"
}


--------------------------------------------------------------------------------
2021-01-09T09:36:46+00:00 ERR (3) 404 Seite nicht gefunden
REMOTE_ADDR: 172.86.182.162
HTTP_REFERER: 
requested: array(3) {
  ["controller"] => string(4) ".env"
  ["action"] => string(5) "index"
  ["module"] => string(7) "default"
}


--------------------------------------------------------------------------------
2021-01-09T10:01:50+00:00 ERR (3) 404 Seite nicht gefunden
REMOTE_ADDR: 13.66.139.111
HTTP_REFERER: 
requested: array(3) {
  ["controller"] => string(8) "atom.xml"
  ["action"] => string(5) "index"
  ["module"] => string(7) "default"
}


--------------------------------------------------------------------------------
2021-01-09T10:44:52+00:00 ERR (3) 404 Seite nicht gefunden
REMOTE_ADDR: 20.40.248.175
HTTP_REFERER: 
requested: array(4) {
  ["controller"] => string(11) "Chitoge.php"
  ["action"] => string(5) "index"
  ["module"] => string(7) "default"
  ["Chitoge"] => string(0) ""
}


--------------------------------------------------------------------------------
2021-01-09T12:41:03+00:00 ERR (3) 404 "hire-lasse" was not found.
REMOTE_ADDR: 62.138.2.14
HTTP_REFERER: 
requested: array(5) {
  ["lang"] => string(2) "de"
  ["action"] => string(4) "page"
  ["key"] => string(10) "hire-lasse"
  ["module"] => string(7) "default"
  ["controller"] => string(5) "index"
}


--------------------------------------------------------------------------------
2021-01-09T13:37:07+00:00 ERR (3) 404 "hire-lasse" was not found.
REMOTE_ADDR: 62.138.2.14
HTTP_REFERER: 
requested: array(5) {
  ["lang"] => string(2) "en"
  ["action"] => string(4) "page"
  ["key"] => string(10) "hire-lasse"
  ["module"] => string(7) "default"
  ["controller"] => string(5) "index"
}


--------------------------------------------------------------------------------
2021-01-09T14:22:46+00:00 ERR (3) 404 "competences" was not found.
REMOTE_ADDR: 62.138.2.14
HTTP_REFERER: 
requested: array(5) {
  ["lang"] => string(2) "en"
  ["action"] => string(4) "page"
  ["key"] => string(11) "competences"
  ["module"] => string(7) "default"
  ["controller"] => string(5) "index"
}


--------------------------------------------------------------------------------
2021-01-09T14:29:15+00:00 ERR (3) 404 "competences" was not found.
REMOTE_ADDR: 62.138.2.14
HTTP_REFERER: 
requested: array(5) {
  ["lang"] => string(2) "de"
  ["action"] => string(4) "page"
  ["key"] => string(11) "competences"
  ["module"] => string(7) "default"
  ["controller"] => string(5) "index"
}


--------------------------------------------------------------------------------
2021-01-09T16:35:06+00:00 ERR (3) 404 "hire-lasse" was not found.
REMOTE_ADDR: 62.138.2.14
HTTP_REFERER: 
requested: array(5) {
  ["lang"] => string(2) "en"
  ["action"] => string(4) "page"
  ["key"] => string(10) "hire-lasse"
  ["module"] => string(7) "default"
  ["controller"] => string(5) "index"
}


--------------------------------------------------------------------------------
2021-01-09T16:55:15+00:00 ERR (3) 404 "hire-lasse" was not found.
REMOTE_ADDR: 62.138.2.14
HTTP_REFERER: 
requested: array(5) {
  ["lang"] => string(2) "de"
  ["action"] => string(4) "page"
  ["key"] => string(10) "hire-lasse"
  ["module"] => string(7) "default"
  ["controller"] => string(5) "index"
}


--------------------------------------------------------------------------------
2021-01-09T18:35:37+00:00 ERR (3) 404 "competences" was not found.
REMOTE_ADDR: 62.138.2.14
HTTP_REFERER: 
requested: array(5) {
  ["lang"] => string(2) "en"
  ["action"] => string(4) "page"
  ["key"] => string(11) "competences"
  ["module"] => string(7) "default"
  ["controller"] => string(5) "index"
}


--------------------------------------------------------------------------------
2021-01-09T18:46:33+00:00 ERR (3) 404 "hire-lasse" was not found.
REMOTE_ADDR: 62.138.2.14
HTTP_REFERER: 
requested: array(5) {
  ["lang"] => string(2) "en"
  ["action"] => string(4) "page"
  ["key"] => string(10) "hire-lasse"
  ["module"] => string(7) "default"
  ["controller"] => string(5) "index"
}


--------------------------------------------------------------------------------
2021-01-09T18:54:56+00:00 ERR (3) 404 "hire-lasse" was not found.
REMOTE_ADDR: 62.138.2.14
HTTP_REFERER: 
requested: array(5) {
  ["lang"] => string(2) "en"
  ["action"] => string(4) "page"
  ["key"] => string(10) "hire-lasse"
  ["module"] => string(7) "default"
  ["controller"] => string(5) "index"
}


--------------------------------------------------------------------------------
2021-01-09T19:03:32+00:00 ERR (3) 404 "hire-lasse" was not found.
REMOTE_ADDR: 62.138.2.14
HTTP_REFERER: 
requested: array(5) {
  ["lang"] => string(2) "de"
  ["action"] => string(4) "page"
  ["key"] => string(10) "hire-lasse"
  ["module"] => string(7) "default"
  ["controller"] => string(5) "index"
}


--------------------------------------------------------------------------------
2021-01-09T19:06:23+00:00 ERR (3) 404 "competences" was not found.
REMOTE_ADDR: 62.138.2.14
HTTP_REFERER: 
requested: array(5) {
  ["lang"] => string(2) "de"
  ["action"] => string(4) "page"
  ["key"] => string(11) "competences"
  ["module"] => string(7) "default"
  ["controller"] => string(5) "index"
}


--------------------------------------------------------------------------------
2021-01-09T19:28:58+00:00 ERR (3) 404 "hire-lasse" was not found.
REMOTE_ADDR: 95.216.96.170
HTTP_REFERER: http://graphicore.de/de/feed/rss
requested: array(5) {
  ["lang"] => string(2) "de"
  ["action"] => string(4) "page"
  ["key"] => string(10) "hire-lasse"
  ["module"] => string(7) "default"
  ["controller"] => string(5) "index"
}


--------------------------------------------------------------------------------
2021-01-09T19:38:44+00:00 ERR (3) 404 Seite nicht gefunden
REMOTE_ADDR: 138.201.200.97
HTTP_REFERER: 
requested: array(3) {
  ["controller"] => string(11) "sitemap.xml"
  ["action"] => string(5) "index"
  ["module"] => string(7) "default"
}


--------------------------------------------------------------------------------
2021-01-09T19:38:44+00:00 ERR (3) 404 Seite nicht gefunden
REMOTE_ADDR: 138.201.200.97
HTTP_REFERER: 
requested: array(3) {
  ["controller"] => string(17) "sitemap-index.xml"
  ["action"] => string(5) "index"
  ["module"] => string(7) "default"
}


--------------------------------------------------------------------------------
2021-01-09T19:38:44+00:00 ERR (3) 404 Seite nicht gefunden
REMOTE_ADDR: 138.201.200.97
HTTP_REFERER: 
requested: array(3) {
  ["controller"] => string(8) "sitemaps"
  ["action"] => string(11) "sitemap.xml"
  ["module"] => string(7) "default"
}


--------------------------------------------------------------------------------
2021-01-09T20:11:38+00:00 ERR (3) 404 Seite nicht gefunden
REMOTE_ADDR: 20.52.137.61
HTTP_REFERER: 
requested: array(3) {
  ["controller"] => string(4) ".env"
  ["action"] => string(5) "index"
  ["module"] => string(7) "default"
}


--------------------------------------------------------------------------------
2021-01-09T21:14:21+00:00 ERR (3) 404 "competences" was not found.
REMOTE_ADDR: 62.138.2.14
HTTP_REFERER: 
requested: array(5) {
  ["lang"] => string(2) "de"
  ["action"] => string(4) "page"
  ["key"] => string(11) "competences"
  ["module"] => string(7) "default"
  ["controller"] => string(5) "index"
}


--------------------------------------------------------------------------------
2021-01-09T23:21:25+00:00 ERR (3) 404 Seite nicht gefunden
REMOTE_ADDR: 185.222.58.100
HTTP_REFERER: 
requested: array(3) {
  ["controller"] => string(4) ".env"
  ["action"] => string(5) "index"
  ["module"] => string(7) "default"
}


--------------------------------------------------------------------------------
