2018-10-18T00:37:30+00:00 ERR (3) 404 Seite nicht gefunden
REMOTE_ADDR: 60.205.227.106
HTTP_REFERER: 
requested: array(3) {
  ["controller"] => string(7) "console"
  ["action"] => string(3) "css"
  ["module"] => string(7) "default"
}


--------------------------------------------------------------------------------
2018-10-18T00:37:30+00:00 ERR (3) 404 Seite nicht gefunden
REMOTE_ADDR: 60.205.227.106
HTTP_REFERER: 
requested: array(3) {
  ["controller"] => string(6) "status"
  ["action"] => string(5) "index"
  ["module"] => string(7) "default"
}


--------------------------------------------------------------------------------
2018-10-18T05:26:12+00:00 ERR (3) 404 Seite nicht gefunden
REMOTE_ADDR: 212.8.253.137
HTTP_REFERER: 
requested: array(3) {
  ["controller"] => string(9) ".DS_Store"
  ["action"] => string(5) "index"
  ["module"] => string(7) "default"
}


--------------------------------------------------------------------------------
2018-10-18T05:49:00+00:00 ERR (3) 404 Seite nicht gefunden
REMOTE_ADDR: 39.104.52.60
HTTP_REFERER: 
requested: array(3) {
  ["controller"] => string(7) "console"
  ["action"] => string(3) "css"
  ["module"] => string(7) "default"
}


--------------------------------------------------------------------------------
2018-10-18T05:49:03+00:00 ERR (3) 404 Seite nicht gefunden
REMOTE_ADDR: 39.104.52.60
HTTP_REFERER: 
requested: array(3) {
  ["controller"] => string(6) "status"
  ["action"] => string(5) "index"
  ["module"] => string(7) "default"
}


--------------------------------------------------------------------------------
2018-10-18T08:17:05+00:00 ERR (3) 404 Seite nicht gefunden
REMOTE_ADDR: 209.163.118.175
HTTP_REFERER: safobass.com
requested: array(3) {
  ["controller"] => string(5) "NkmmZ"
  ["action"] => string(5) "index"
  ["module"] => string(7) "default"
}


--------------------------------------------------------------------------------
2018-10-18T08:17:07+00:00 ERR (3) 404 Seite nicht gefunden
REMOTE_ADDR: 209.163.118.175
HTTP_REFERER: safobass.com
requested: array(3) {
  ["controller"] => string(5) "NkmmZ"
  ["action"] => string(5) "index"
  ["module"] => string(7) "default"
}


--------------------------------------------------------------------------------
2018-10-18T08:17:09+00:00 ERR (3) 404 Seite nicht gefunden
REMOTE_ADDR: 209.163.118.175
HTTP_REFERER: safobass.com
requested: array(3) {
  ["controller"] => string(5) "NkmmZ"
  ["action"] => string(5) "index"
  ["module"] => string(7) "default"
}


--------------------------------------------------------------------------------
2018-10-18T08:17:12+00:00 ERR (3) 404 Seite nicht gefunden
REMOTE_ADDR: 209.163.118.175
HTTP_REFERER: safobass.com
requested: array(3) {
  ["controller"] => string(5) "NkmmZ"
  ["action"] => string(5) "index"
  ["module"] => string(7) "default"
}


--------------------------------------------------------------------------------
2018-10-18T16:38:26+00:00 ERR (3) 404 Seite nicht gefunden
REMOTE_ADDR: 39.104.151.218
HTTP_REFERER: 
requested: array(5) {
  ["controller"] => string(6) "assets"
  ["action"] => string(10) "fileUpload"
  ["server"] => string(3) "php"
  ["files"] => string(9) "index.php"
  ["module"] => string(7) "default"
}


--------------------------------------------------------------------------------
2018-10-18T17:35:36+00:00 ERR (3) 404 Seite nicht gefunden
REMOTE_ADDR: 46.229.168.146
HTTP_REFERER: 
requested: array(3) {
  ["controller"] => string(11) "sitemap.xml"
  ["action"] => string(5) "index"
  ["module"] => string(7) "default"
}


--------------------------------------------------------------------------------
2018-10-18T17:39:06+00:00 ERR (3) 404 Seite nicht gefunden
REMOTE_ADDR: 88.20.105.142
HTTP_REFERER: 
requested: array(3) {
  ["controller"] => string(6) "https:"
  ["action"] => string(19) "silber-und-blei.com"
  ["module"] => string(7) "default"
}


--------------------------------------------------------------------------------
2018-10-18T18:51:45+00:00 ERR (3) 404 Seite nicht gefunden
REMOTE_ADDR: 218.66.74.227
HTTP_REFERER: 
requested: array(5) {
  ["controller"] => string(6) "assets"
  ["action"] => string(10) "fileUpload"
  ["server"] => string(3) "php"
  ["files"] => string(9) "index.php"
  ["module"] => string(7) "default"
}


--------------------------------------------------------------------------------
2018-10-18T19:25:42+00:00 ERR (3) 404 Seite nicht gefunden
REMOTE_ADDR: 39.104.158.86
HTTP_REFERER: 
requested: array(5) {
  ["controller"] => string(6) "assets"
  ["action"] => string(10) "fileUpload"
  ["server"] => string(3) "php"
  ["files"] => string(9) "index.php"
  ["module"] => string(7) "default"
}


--------------------------------------------------------------------------------
2018-10-18T19:49:36+00:00 ERR (3) 404 Seite nicht gefunden
REMOTE_ADDR: 120.24.48.143
HTTP_REFERER: 
requested: array(3) {
  ["controller"] => string(7) "console"
  ["action"] => string(3) "css"
  ["module"] => string(7) "default"
}


--------------------------------------------------------------------------------
2018-10-18T19:49:37+00:00 ERR (3) 404 Seite nicht gefunden
REMOTE_ADDR: 120.24.48.143
HTTP_REFERER: 
requested: array(3) {
  ["controller"] => string(6) "status"
  ["action"] => string(5) "index"
  ["module"] => string(7) "default"
}


--------------------------------------------------------------------------------
2018-10-18T20:09:39+00:00 ERR (3) 404 Seite nicht gefunden
REMOTE_ADDR: 123.56.190.66
HTTP_REFERER: 
requested: array(3) {
  ["controller"] => string(7) "console"
  ["action"] => string(3) "css"
  ["module"] => string(7) "default"
}


--------------------------------------------------------------------------------
2018-10-18T20:09:40+00:00 ERR (3) 404 Seite nicht gefunden
REMOTE_ADDR: 123.56.190.66
HTTP_REFERER: 
requested: array(3) {
  ["controller"] => string(6) "status"
  ["action"] => string(5) "index"
  ["module"] => string(7) "default"
}


--------------------------------------------------------------------------------
2018-10-18T20:19:34+00:00 ERR (3) 404 "hire-lasse" was not found.
REMOTE_ADDR: 220.243.135.86
HTTP_REFERER: 
requested: array(5) {
  ["lang"] => string(2) "de"
  ["action"] => string(4) "page"
  ["key"] => string(10) "hire-lasse"
  ["module"] => string(7) "default"
  ["controller"] => string(5) "index"
}


--------------------------------------------------------------------------------
2018-10-18T20:19:34+00:00 ERR (3) 404 "competences" was not found.
REMOTE_ADDR: 220.243.135.212
HTTP_REFERER: 
requested: array(5) {
  ["lang"] => string(2) "en"
  ["action"] => string(4) "page"
  ["key"] => string(11) "competences"
  ["module"] => string(7) "default"
  ["controller"] => string(5) "index"
}


--------------------------------------------------------------------------------
2018-10-18T20:19:34+00:00 ERR (3) 404 Seite nicht gefunden
REMOTE_ADDR: 220.243.136.86
HTTP_REFERER: 
requested: array(3) {
  ["controller"] => string(9) "downloads"
  ["action"] => string(37) "graphicorebitmapfont-specimen_big.pdf"
  ["module"] => string(7) "default"
}


--------------------------------------------------------------------------------
2018-10-18T20:28:35+00:00 ERR (3) 404 Seite nicht gefunden
REMOTE_ADDR: 192.160.102.166
HTTP_REFERER: 
requested: array(3) {
  ["controller"] => string(12) "wp-login.php"
  ["action"] => string(5) "index"
  ["module"] => string(7) "default"
}


--------------------------------------------------------------------------------
2018-10-18T20:28:50+00:00 ERR (3) 404 Seite nicht gefunden
REMOTE_ADDR: 179.43.134.155
HTTP_REFERER: 
requested: array(3) {
  ["controller"] => string(4) "user"
  ["action"] => string(8) "register"
  ["module"] => string(7) "default"
}


--------------------------------------------------------------------------------
2018-10-18T23:57:17+00:00 ERR (3) 404 Seite nicht gefunden
REMOTE_ADDR: 185.244.194.170
HTTP_REFERER: 
requested: array(3) {
  ["controller"] => string(7) "console"
  ["action"] => string(3) "css"
  ["module"] => string(7) "default"
}


--------------------------------------------------------------------------------
2018-10-18T23:57:17+00:00 ERR (3) 404 Seite nicht gefunden
REMOTE_ADDR: 185.244.194.170
HTTP_REFERER: 
requested: array(3) {
  ["controller"] => string(6) "status"
  ["action"] => string(5) "index"
  ["module"] => string(7) "default"
}


--------------------------------------------------------------------------------
