2019-08-17T00:45:49+00:00 ERR (3) 404 Seite nicht gefunden
REMOTE_ADDR: 103.133.109.36
HTTP_REFERER: 
requested: array(4) {
  ["controller"] => string(6) "https:"
  [""] => string(19) "silber-und-blei.com"
  ["action"] => string(5) "index"
  ["module"] => string(7) "default"
}


--------------------------------------------------------------------------------
2019-08-17T05:00:20+00:00 ERR (3) 404 "hire-lasse" was not found.
REMOTE_ADDR: 144.76.102.243
HTTP_REFERER: 
requested: array(5) {
  ["lang"] => string(2) "de"
  ["action"] => string(4) "page"
  ["key"] => string(10) "hire-lasse"
  ["module"] => string(7) "default"
  ["controller"] => string(5) "index"
}


--------------------------------------------------------------------------------
2019-08-17T05:01:19+00:00 ERR (3) 404 "hire-lasse" was not found.
REMOTE_ADDR: 144.76.102.243
HTTP_REFERER: 
requested: array(5) {
  ["lang"] => string(2) "de"
  ["action"] => string(4) "page"
  ["key"] => string(10) "hire-lasse"
  ["module"] => string(7) "default"
  ["controller"] => string(5) "index"
}


--------------------------------------------------------------------------------
2019-08-17T06:53:58+00:00 ERR (3) 404 Page not found
REMOTE_ADDR: 51.79.24.173
HTTP_REFERER: 
requested: array(6) {
  ["controller"] => string(5) "sites"
  ["action"] => string(3) "all"
  ["libraries"] => string(9) "mailchimp"
  [""] => string(6) "vendor"
  ["phpunit"] => string(7) "phpunit"
  ["module"] => string(7) "default"
}


--------------------------------------------------------------------------------
2019-08-17T16:18:44+00:00 ERR (3) 404 Seite nicht gefunden
REMOTE_ADDR: 187.15.198.131
HTTP_REFERER: 
requested: array(3) {
  ["controller"] => string(12) "wp-login.php"
  ["action"] => string(5) "index"
  ["module"] => string(7) "default"
}


--------------------------------------------------------------------------------
2019-08-17T16:29:30+00:00 ERR (3) 404 Page not found
REMOTE_ADDR: 51.79.24.173
HTTP_REFERER: 
requested: array(6) {
  ["controller"] => string(5) "sites"
  ["action"] => string(3) "all"
  ["libraries"] => string(9) "mailchimp"
  [""] => string(6) "vendor"
  ["phpunit"] => string(7) "phpunit"
  ["module"] => string(7) "default"
}


--------------------------------------------------------------------------------
