2015-10-29T09:12:44+00:00 ERR (3) 404 Seite nicht gefunden
REMOTE_ADDR: 130.211.187.218
HTTP_REFERER: 
requested: array(4) {
  ["controller"] => string(6) "https:"
  [""] => string(19) "silber-und-blei.com"
  ["action"] => string(5) "index"
  ["module"] => string(7) "default"
}


--------------------------------------------------------------------------------
2015-10-29T09:12:45+00:00 ERR (3) 404 Seite nicht gefunden
REMOTE_ADDR: 130.211.187.218
HTTP_REFERER: 
requested: array(3) {
  ["controller"] => string(2) "js"
  ["action"] => string(1) "'"
  ["module"] => string(7) "default"
}


--------------------------------------------------------------------------------
2015-10-29T09:34:04+00:00 ERR (3) 404 "hire-lasse" was not found.
REMOTE_ADDR: 207.46.13.86
HTTP_REFERER: 
requested: array(5) {
  ["lang"] => string(2) "de"
  ["action"] => string(4) "page"
  ["key"] => string(10) "hire-lasse"
  ["module"] => string(7) "default"
  ["controller"] => string(5) "index"
}


--------------------------------------------------------------------------------
2015-10-29T12:53:46+00:00 ERR (3) 404 Seite nicht gefunden
REMOTE_ADDR: 146.148.83.204
HTTP_REFERER: 
requested: array(4) {
  ["controller"] => string(6) "https:"
  [""] => string(19) "silber-und-blei.com"
  ["action"] => string(5) "index"
  ["module"] => string(7) "default"
}


--------------------------------------------------------------------------------
2015-10-29T12:53:47+00:00 ERR (3) 404 Seite nicht gefunden
REMOTE_ADDR: 146.148.83.204
HTTP_REFERER: 
requested: array(3) {
  ["controller"] => string(2) "js"
  ["action"] => string(1) "'"
  ["module"] => string(7) "default"
}


--------------------------------------------------------------------------------
2015-10-29T13:24:13+00:00 ERR (3) 404 Seite nicht gefunden
REMOTE_ADDR: 86.123.246.48
HTTP_REFERER: 
requested: array(4) {
  ["controller"] => string(6) "https:"
  [""] => string(19) "silber-und-blei.com"
  ["action"] => string(5) "index"
  ["module"] => string(7) "default"
}


--------------------------------------------------------------------------------
2015-10-29T13:24:14+00:00 ERR (3) 404 Seite nicht gefunden
REMOTE_ADDR: 86.123.246.48
HTTP_REFERER: 
requested: array(3) {
  ["controller"] => string(2) "js"
  ["action"] => string(1) "'"
  ["module"] => string(7) "default"
}


--------------------------------------------------------------------------------
2015-10-29T18:23:16+00:00 ERR (3) 404 Seite nicht gefunden
REMOTE_ADDR: 23.99.213.58
HTTP_REFERER: 
requested: array(4) {
  ["controller"] => string(10) "wp-content"
  ["action"] => string(7) "plugins"
  ["revslider"] => string(2) "js"
  ["module"] => string(7) "default"
}


--------------------------------------------------------------------------------
