2016-01-07T00:01:15+00:00 ERR (3) 404 Seite nicht gefunden
REMOTE_ADDR: 66.249.64.66
HTTP_REFERER: 
requested: array(8) {
  ["controller"] => string(5) "forum"
  ["action"] => string(13) "viewtopic.php"
  ["module"] => string(7) "default"
  ["t"] => string(2) "13"
  ["start"] => string(1) "0"
  ["postdays"] => string(1) "0"
  ["postorder"] => string(3) "asc"
  ["highlight"] => string(0) ""
}


--------------------------------------------------------------------------------
2016-01-07T05:17:03+00:00 ERR (3) 404 "hire-lasse" was not found.
REMOTE_ADDR: 193.111.140.106
HTTP_REFERER: 
requested: array(5) {
  ["lang"] => string(2) "de"
  ["action"] => string(4) "page"
  ["key"] => string(10) "hire-lasse"
  ["module"] => string(7) "default"
  ["controller"] => string(5) "index"
}


--------------------------------------------------------------------------------
2016-01-07T07:01:38+00:00 ERR (3) 404 "hire-lasse" was not found.
REMOTE_ADDR: 88.198.16.153
HTTP_REFERER: 
requested: array(5) {
  ["lang"] => string(2) "en"
  ["action"] => string(4) "page"
  ["key"] => string(10) "hire-lasse"
  ["module"] => string(7) "default"
  ["controller"] => string(5) "index"
}


--------------------------------------------------------------------------------
2016-01-07T15:27:54+00:00 ERR (3) 404 "hire-lasse" was not found.
REMOTE_ADDR: 192.243.55.131
HTTP_REFERER: 
requested: array(5) {
  ["lang"] => string(2) "de"
  ["action"] => string(4) "page"
  ["key"] => string(10) "hire-lasse"
  ["module"] => string(7) "default"
  ["controller"] => string(5) "index"
}


--------------------------------------------------------------------------------
2016-01-07T15:47:00+00:00 ERR (3) 404 Seite nicht gefunden
REMOTE_ADDR: 192.243.55.133
HTTP_REFERER: 
requested: array(8) {
  ["controller"] => string(5) "forum"
  ["action"] => string(13) "viewtopic.php"
  ["module"] => string(7) "default"
  ["highlight"] => string(0) ""
  ["postdays"] => string(1) "0"
  ["postorder"] => string(3) "asc"
  ["start"] => string(1) "0"
  ["t"] => string(2) "13"
}


--------------------------------------------------------------------------------
2016-01-07T21:22:33+00:00 ERR (3) 404 "hire-lasse" was not found.
REMOTE_ADDR: 192.243.55.134
HTTP_REFERER: 
requested: array(5) {
  ["lang"] => string(2) "en"
  ["action"] => string(4) "page"
  ["key"] => string(10) "hire-lasse"
  ["module"] => string(7) "default"
  ["controller"] => string(5) "index"
}


--------------------------------------------------------------------------------
