2014-07-21T00:20:28+00:00 ERR (3) 404 "hire-lasse" was not found.
REMOTE_ADDR: 66.249.78.205
HTTP_REFERER: 
requested: array(5) {
  ["lang"] => string(2) "de"
  ["action"] => string(4) "page"
  ["key"] => string(10) "hire-lasse"
  ["module"] => string(7) "default"
  ["controller"] => string(5) "index"
}


--------------------------------------------------------------------------------
2014-07-21T00:49:32+00:00 ERR (3) 404 Seite nicht gefunden
REMOTE_ADDR: 162.248.244.149
HTTP_REFERER: 
requested: array(4) {
  ["controller"] => string(6) "https:"
  [""] => string(19) "silber-und-blei.com"
  ["action"] => string(5) "index"
  ["module"] => string(7) "default"
}


--------------------------------------------------------------------------------
2014-07-21T00:49:35+00:00 ERR (3) 404 Seite nicht gefunden
REMOTE_ADDR: 162.248.244.149
HTTP_REFERER: 
requested: array(3) {
  ["controller"] => string(2) "js"
  ["action"] => string(1) "'"
  ["module"] => string(7) "default"
}


--------------------------------------------------------------------------------
2014-07-21T06:43:34+00:00 ERR (3) 404 "anneIch" was not found.
REMOTE_ADDR: 66.249.78.23
HTTP_REFERER: 
requested: array(5) {
  ["lang"] => string(2) "de"
  ["action"] => string(4) "page"
  ["key"] => string(7) "anneIch"
  ["module"] => string(7) "default"
  ["controller"] => string(5) "index"
}


--------------------------------------------------------------------------------
2014-07-21T08:56:53+00:00 ERR (3) 404 Seite nicht gefunden
REMOTE_ADDR: 23.227.196.206
HTTP_REFERER: 
requested: array(4) {
  ["controller"] => string(6) "https:"
  [""] => string(19) "silber-und-blei.com"
  ["action"] => string(5) "index"
  ["module"] => string(7) "default"
}


--------------------------------------------------------------------------------
2014-07-21T08:56:54+00:00 ERR (3) 404 Seite nicht gefunden
REMOTE_ADDR: 23.227.196.206
HTTP_REFERER: 
requested: array(3) {
  ["controller"] => string(2) "js"
  ["action"] => string(1) "'"
  ["module"] => string(7) "default"
}


--------------------------------------------------------------------------------
2014-07-21T17:20:49+00:00 ERR (3) 404 Seite nicht gefunden
REMOTE_ADDR: 157.55.39.85
HTTP_REFERER: 
requested: array(5) {
  ["controller"] => string(19) "ajax.googleapis.com"
  ["action"] => string(4) "ajax"
  ["libs"] => string(4) "dojo"
  ["1.8.3"] => string(4) "dojo"
  ["module"] => string(7) "default"
}


--------------------------------------------------------------------------------
