2020-05-01T02:33:17+00:00 ERR (3) 404 "competences" was not found.
REMOTE_ADDR: 85.25.185.103
HTTP_REFERER: 
requested: array(5) {
  ["lang"] => string(2) "en"
  ["action"] => string(4) "page"
  ["key"] => string(11) "competences"
  ["module"] => string(7) "default"
  ["controller"] => string(5) "index"
}


--------------------------------------------------------------------------------
2020-05-01T04:06:57+00:00 ERR (3) 404 "competences" was not found.
REMOTE_ADDR: 85.208.96.69
HTTP_REFERER: 
requested: array(5) {
  ["lang"] => string(2) "de"
  ["action"] => string(4) "page"
  ["key"] => string(11) "competences"
  ["module"] => string(7) "default"
  ["controller"] => string(5) "index"
}


--------------------------------------------------------------------------------
2020-05-01T04:40:41+00:00 ERR (3) 404 Page not found
REMOTE_ADDR: 172.105.20.185
HTTP_REFERER: 
requested: array(3) {
  ["controller"] => string(11) "app-ads.txt"
  ["action"] => string(5) "index"
  ["module"] => string(7) "default"
}


--------------------------------------------------------------------------------
2020-05-01T07:42:30+00:00 ERR (3) 404 Seite nicht gefunden
REMOTE_ADDR: 85.215.90.37
HTTP_REFERER: 
requested: array(4) {
  ["controller"] => string(6) "vendor"
  ["action"] => string(7) "phpunit"
  ["phpunit"] => string(7) "LICENSE"
  ["module"] => string(7) "default"
}


--------------------------------------------------------------------------------
2020-05-01T08:15:30+00:00 ERR (3) 404 Seite nicht gefunden
REMOTE_ADDR: 85.215.90.37
HTTP_REFERER: 
requested: array(4) {
  ["controller"] => string(6) "vendor"
  ["action"] => string(7) "phpunit"
  ["phpunit"] => string(7) "LICENSE"
  ["module"] => string(7) "default"
}


--------------------------------------------------------------------------------
2020-05-01T11:14:06+00:00 ERR (3) 404 Seite nicht gefunden
REMOTE_ADDR: 162.241.65.44
HTTP_REFERER: 
requested: array(3) {
  ["controller"] => string(6) "db.php"
  ["action"] => string(5) "index"
  ["module"] => string(7) "default"
}


--------------------------------------------------------------------------------
