2016-11-25T01:13:29+00:00 ERR (3) 404 Seite nicht gefunden
REMOTE_ADDR: 54.219.1.161
HTTP_REFERER: 
requested: array(3) {
  ["controller"] => string(5) "blogs"
  ["action"] => string(12) "wp-login.php"
  ["module"] => string(7) "default"
}


--------------------------------------------------------------------------------
2016-11-25T01:30:35+00:00 ERR (3) 404 Seite nicht gefunden
REMOTE_ADDR: 54.219.1.161
HTTP_REFERER: 
requested: array(3) {
  ["controller"] => string(3) "web"
  ["action"] => string(12) "wp-login.php"
  ["module"] => string(7) "default"
}


--------------------------------------------------------------------------------
2016-11-25T02:18:26+00:00 ERR (3) 404 Seite nicht gefunden
REMOTE_ADDR: 54.219.1.161
HTTP_REFERER: 
requested: array(3) {
  ["controller"] => string(4) "test"
  ["action"] => string(12) "wp-login.php"
  ["module"] => string(7) "default"
}


--------------------------------------------------------------------------------
2016-11-25T02:52:26+00:00 ERR (3) 404 Seite nicht gefunden
REMOTE_ADDR: 54.219.1.161
HTTP_REFERER: 
requested: array(3) {
  ["controller"] => string(3) "new"
  ["action"] => string(12) "wp-login.php"
  ["module"] => string(7) "default"
}


--------------------------------------------------------------------------------
2016-11-25T03:03:55+00:00 ERR (3) 404 Seite nicht gefunden
REMOTE_ADDR: 54.219.1.161
HTTP_REFERER: 
requested: array(3) {
  ["controller"] => string(9) "wordpress"
  ["action"] => string(12) "wp-login.php"
  ["module"] => string(7) "default"
}


--------------------------------------------------------------------------------
2016-11-25T03:33:45+00:00 ERR (3) 404 Seite nicht gefunden
REMOTE_ADDR: 54.219.1.161
HTTP_REFERER: 
requested: array(3) {
  ["controller"] => string(3) "web"
  ["action"] => string(12) "wp-login.php"
  ["module"] => string(7) "default"
}


--------------------------------------------------------------------------------
2016-11-25T03:36:47+00:00 ERR (3) 404 Seite nicht gefunden
REMOTE_ADDR: 54.219.1.161
HTTP_REFERER: 
requested: array(3) {
  ["controller"] => string(9) "wordpress"
  ["action"] => string(12) "wp-login.php"
  ["module"] => string(7) "default"
}


--------------------------------------------------------------------------------
2016-11-25T04:02:07+00:00 ERR (3) 404 Page not found
REMOTE_ADDR: 54.219.1.161
HTTP_REFERER: 
requested: array(5) {
  ["lang"] => string(2) "en"
  ["action"] => string(12) "wp-login.php"
  ["module"] => string(7) "default"
  ["controller"] => string(5) "index"
  ["key"] => string(0) ""
}


--------------------------------------------------------------------------------
2016-11-25T04:03:42+00:00 ERR (3) 404 Seite nicht gefunden
REMOTE_ADDR: 54.219.1.161
HTTP_REFERER: 
requested: array(3) {
  ["controller"] => string(4) "site"
  ["action"] => string(12) "wp-login.php"
  ["module"] => string(7) "default"
}


--------------------------------------------------------------------------------
2016-11-25T09:44:40+00:00 ERR (3) 404 Seite nicht gefunden
REMOTE_ADDR: 185.81.158.38
HTTP_REFERER: 
requested: array(3) {
  ["controller"] => string(8) "wp-admin"
  ["action"] => string(16) "setup-config.php"
  ["module"] => string(7) "default"
}


--------------------------------------------------------------------------------
2016-11-25T13:43:33+00:00 ERR (3) 404 Seite nicht gefunden
REMOTE_ADDR: 195.154.199.154
HTTP_REFERER: 
requested: array(3) {
  ["controller"] => string(4) "blog"
  ["action"] => string(10) "robots.txt"
  ["module"] => string(7) "default"
}


--------------------------------------------------------------------------------
2016-11-25T13:43:34+00:00 ERR (3) 404 Seite nicht gefunden
REMOTE_ADDR: 195.154.199.154
HTTP_REFERER: 
requested: array(3) {
  ["controller"] => string(4) "blog"
  ["action"] => string(5) "index"
  ["module"] => string(7) "default"
}


--------------------------------------------------------------------------------
2016-11-25T13:43:34+00:00 ERR (3) 404 Seite nicht gefunden
REMOTE_ADDR: 195.154.199.154
HTTP_REFERER: 
requested: array(3) {
  ["controller"] => string(9) "wordpress"
  ["action"] => string(5) "index"
  ["module"] => string(7) "default"
}


--------------------------------------------------------------------------------
2016-11-25T13:43:34+00:00 ERR (3) 404 Seite nicht gefunden
REMOTE_ADDR: 195.154.199.154
HTTP_REFERER: 
requested: array(3) {
  ["controller"] => string(2) "wp"
  ["action"] => string(5) "index"
  ["module"] => string(7) "default"
}


--------------------------------------------------------------------------------
2016-11-25T14:16:52+00:00 ERR (3) 404 Seite nicht gefunden
REMOTE_ADDR: 89.72.183.59
HTTP_REFERER: 
requested: array(3) {
  ["controller"] => string(5) "forum"
  ["action"] => string(5) "index"
  ["module"] => string(7) "default"
}


--------------------------------------------------------------------------------
2016-11-25T14:16:52+00:00 ERR (3) 404 Seite nicht gefunden
REMOTE_ADDR: 89.72.183.59
HTTP_REFERER: 
requested: array(3) {
  ["controller"] => string(5) "forum"
  ["action"] => string(5) "index"
  ["module"] => string(7) "default"
}


--------------------------------------------------------------------------------
2016-11-25T15:36:47+00:00 ERR (3) 404 Seite nicht gefunden
REMOTE_ADDR: 66.249.76.134
HTTP_REFERER: 
requested: array(3) {
  ["controller"] => string(26) "apple-app-site-association"
  ["action"] => string(5) "index"
  ["module"] => string(7) "default"
}


--------------------------------------------------------------------------------
2016-11-25T15:38:12+00:00 ERR (3) 404 Seite nicht gefunden
REMOTE_ADDR: 66.249.66.126
HTTP_REFERER: 
requested: array(3) {
  ["controller"] => string(11) ".well-known"
  ["action"] => string(15) "assetlinks.json"
  ["module"] => string(7) "default"
}


--------------------------------------------------------------------------------
2016-11-25T15:39:37+00:00 ERR (3) 404 Seite nicht gefunden
REMOTE_ADDR: 66.249.66.126
HTTP_REFERER: 
requested: array(3) {
  ["controller"] => string(11) ".well-known"
  ["action"] => string(26) "apple-app-site-association"
  ["module"] => string(7) "default"
}


--------------------------------------------------------------------------------
2016-11-25T22:25:24+00:00 ERR (3) 404 "hire-lasse" was not found.
REMOTE_ADDR: 157.55.39.17
HTTP_REFERER: 
requested: array(5) {
  ["lang"] => string(2) "de"
  ["action"] => string(4) "page"
  ["key"] => string(10) "hire-lasse"
  ["module"] => string(7) "default"
  ["controller"] => string(5) "index"
}


--------------------------------------------------------------------------------
2016-11-25T23:55:04+00:00 ERR (3) 404 Seite nicht gefunden
REMOTE_ADDR: 195.154.199.56
HTTP_REFERER: 
requested: array(3) {
  ["controller"] => string(4) "blog"
  ["action"] => string(10) "robots.txt"
  ["module"] => string(7) "default"
}


--------------------------------------------------------------------------------
2016-11-25T23:55:04+00:00 ERR (3) 404 Seite nicht gefunden
REMOTE_ADDR: 195.154.199.56
HTTP_REFERER: 
requested: array(3) {
  ["controller"] => string(4) "blog"
  ["action"] => string(5) "index"
  ["module"] => string(7) "default"
}


--------------------------------------------------------------------------------
2016-11-25T23:55:04+00:00 ERR (3) 404 Seite nicht gefunden
REMOTE_ADDR: 195.154.199.56
HTTP_REFERER: 
requested: array(3) {
  ["controller"] => string(9) "wordpress"
  ["action"] => string(5) "index"
  ["module"] => string(7) "default"
}


--------------------------------------------------------------------------------
2016-11-25T23:55:04+00:00 ERR (3) 404 Seite nicht gefunden
REMOTE_ADDR: 195.154.199.56
HTTP_REFERER: 
requested: array(3) {
  ["controller"] => string(2) "wp"
  ["action"] => string(5) "index"
  ["module"] => string(7) "default"
}


--------------------------------------------------------------------------------
