2014-03-22T02:17:45+00:00 ERR (3) 404 "hire-lasse" was not found.
REMOTE_ADDR: 5.199.136.130
HTTP_REFERER: 
requested: array(5) {
  ["lang"] => string(2) "de"
  ["action"] => string(4) "page"
  ["key"] => string(10) "hire-lasse"
  ["module"] => string(7) "default"
  ["controller"] => string(5) "index"
}


--------------------------------------------------------------------------------
2014-03-22T15:18:42+00:00 ERR (3) 404 "hire-lasse" was not found.
REMOTE_ADDR: 208.115.111.73
HTTP_REFERER: 
requested: array(5) {
  ["lang"] => string(2) "de"
  ["action"] => string(4) "page"
  ["key"] => string(10) "hire-lasse"
  ["module"] => string(7) "default"
  ["controller"] => string(5) "index"
}


--------------------------------------------------------------------------------
2014-03-22T16:34:11+00:00 ERR (3) 404 Seite nicht gefunden
REMOTE_ADDR: 72.53.178.150
HTTP_REFERER: 
requested: array(4) {
  ["controller"] => string(6) "https:"
  [""] => string(19) "silber-und-blei.com"
  ["action"] => string(5) "index"
  ["module"] => string(7) "default"
}


--------------------------------------------------------------------------------
2014-03-22T16:34:36+00:00 ERR (3) 404 Seite nicht gefunden
REMOTE_ADDR: 72.53.178.150
HTTP_REFERER: 
requested: array(3) {
  ["controller"] => string(2) "js"
  ["action"] => string(8) "'+href+'"
  ["module"] => string(7) "default"
}


--------------------------------------------------------------------------------
2014-03-22T23:09:24+00:00 ERR (3) 404 Seite nicht gefunden
REMOTE_ADDR: 89.123.62.189
HTTP_REFERER: 
requested: array(3) {
  ["controller"] => string(6) "https:"
  ["action"] => string(19) "silber-und-blei.com"
  ["module"] => string(7) "default"
}


--------------------------------------------------------------------------------
2014-03-22T23:09:26+00:00 ERR (3) 404 Seite nicht gefunden
REMOTE_ADDR: 89.123.62.189
HTTP_REFERER: 
requested: array(3) {
  ["controller"] => string(2) "js"
  ["action"] => string(1) "'"
  ["module"] => string(7) "default"
}


--------------------------------------------------------------------------------
