2016-08-02T01:27:49+00:00 ERR (3) 404 "hire-lasse" was not found.
REMOTE_ADDR: 157.55.39.48
HTTP_REFERER: 
requested: array(5) {
  ["lang"] => string(2) "de"
  ["action"] => string(4) "page"
  ["key"] => string(10) "hire-lasse"
  ["module"] => string(7) "default"
  ["controller"] => string(5) "index"
}


--------------------------------------------------------------------------------
2016-08-02T05:13:32+00:00 ERR (3) 404 Seite nicht gefunden
REMOTE_ADDR: 108.168.247.250
HTTP_REFERER: http://www.example.com/
requested: array(4) {
  ["controller"] => string(7) "plugins"
  ["action"] => string(14) "authentication"
  ["joomla"] => string(10) "joomla.xml"
  ["module"] => string(7) "default"
}


--------------------------------------------------------------------------------
2016-08-02T05:13:54+00:00 ERR (3) 404 Seite nicht gefunden
REMOTE_ADDR: 108.168.247.250
HTTP_REFERER: http://www.example.com/
requested: array(3) {
  ["controller"] => string(11) "wp-includes"
  ["action"] => string(15) "wlwmanifest.xml"
  ["module"] => string(7) "default"
}


--------------------------------------------------------------------------------
2016-08-02T06:34:13+00:00 ERR (3) 404 "hire-lasse" was not found.
REMOTE_ADDR: 52.91.161.198
HTTP_REFERER: 
requested: array(5) {
  ["lang"] => string(2) "de"
  ["action"] => string(4) "page"
  ["key"] => string(10) "hire-lasse"
  ["module"] => string(7) "default"
  ["controller"] => string(5) "index"
}


--------------------------------------------------------------------------------
2016-08-02T06:35:27+00:00 ERR (3) 404 Seite nicht gefunden
REMOTE_ADDR: 52.91.161.198
HTTP_REFERER: 
requested: array(4) {
  ["controller"] => string(5) "diary"
  ["action"] => string(29) "tag:graphicore.de,2013-06-12:"
  ["diary"] => string(27) "2013061209052451b839d4ca32b"
  ["module"] => string(7) "default"
}


--------------------------------------------------------------------------------
2016-08-02T06:37:26+00:00 ERR (3) 404 Seite nicht gefunden
REMOTE_ADDR: 52.91.161.198
HTTP_REFERER: 
requested: array(4) {
  ["controller"] => string(5) "diary"
  ["action"] => string(29) "tag:graphicore.de,2013-11-13:"
  ["diary"] => string(27) "201311131703405283b0ecf2532"
  ["module"] => string(7) "default"
}


--------------------------------------------------------------------------------
2016-08-02T07:35:26+00:00 ERR (3) 404 Seite nicht gefunden
REMOTE_ADDR: 108.59.8.80
HTTP_REFERER: 
requested: array(4) {
  ["controller"] => string(5) "forum"
  ["action"] => string(13) "viewtopic.php"
  ["module"] => string(7) "default"
  ["p"] => string(2) "14"
}


--------------------------------------------------------------------------------
2016-08-02T07:35:29+00:00 ERR (3) 404 Seite nicht gefunden
REMOTE_ADDR: 108.59.8.80
HTTP_REFERER: 
requested: array(4) {
  ["controller"] => string(5) "forum"
  ["action"] => string(13) "viewtopic.php"
  ["module"] => string(7) "default"
  ["p"] => string(2) "15"
}


--------------------------------------------------------------------------------
2016-08-02T07:35:32+00:00 ERR (3) 404 Seite nicht gefunden
REMOTE_ADDR: 108.59.8.80
HTTP_REFERER: 
requested: array(4) {
  ["controller"] => string(5) "forum"
  ["action"] => string(13) "viewtopic.php"
  ["module"] => string(7) "default"
  ["p"] => string(2) "17"
}


--------------------------------------------------------------------------------
2016-08-02T07:35:35+00:00 ERR (3) 404 Seite nicht gefunden
REMOTE_ADDR: 108.59.8.80
HTTP_REFERER: 
requested: array(4) {
  ["controller"] => string(5) "forum"
  ["action"] => string(13) "viewtopic.php"
  ["module"] => string(7) "default"
  ["p"] => string(2) "19"
}


--------------------------------------------------------------------------------
2016-08-02T07:35:39+00:00 ERR (3) 404 Seite nicht gefunden
REMOTE_ADDR: 108.59.8.80
HTTP_REFERER: 
requested: array(4) {
  ["controller"] => string(5) "forum"
  ["action"] => string(13) "viewtopic.php"
  ["module"] => string(7) "default"
  ["p"] => string(2) "21"
}


--------------------------------------------------------------------------------
2016-08-02T07:35:42+00:00 ERR (3) 404 Seite nicht gefunden
REMOTE_ADDR: 108.59.8.80
HTTP_REFERER: 
requested: array(4) {
  ["controller"] => string(5) "forum"
  ["action"] => string(13) "viewtopic.php"
  ["module"] => string(7) "default"
  ["p"] => string(2) "22"
}


--------------------------------------------------------------------------------
2016-08-02T07:35:45+00:00 ERR (3) 404 Seite nicht gefunden
REMOTE_ADDR: 108.59.8.80
HTTP_REFERER: 
requested: array(4) {
  ["controller"] => string(5) "forum"
  ["action"] => string(13) "viewtopic.php"
  ["module"] => string(7) "default"
  ["p"] => string(2) "23"
}


--------------------------------------------------------------------------------
2016-08-02T07:35:48+00:00 ERR (3) 404 Seite nicht gefunden
REMOTE_ADDR: 108.59.8.80
HTTP_REFERER: 
requested: array(4) {
  ["controller"] => string(5) "forum"
  ["action"] => string(13) "viewtopic.php"
  ["module"] => string(7) "default"
  ["p"] => string(2) "42"
}


--------------------------------------------------------------------------------
2016-08-02T07:35:53+00:00 ERR (3) 404 Seite nicht gefunden
REMOTE_ADDR: 108.59.8.80
HTTP_REFERER: 
requested: array(4) {
  ["controller"] => string(5) "forum"
  ["action"] => string(13) "viewtopic.php"
  ["module"] => string(7) "default"
  ["p"] => string(2) "44"
}


--------------------------------------------------------------------------------
2016-08-02T07:35:56+00:00 ERR (3) 404 Seite nicht gefunden
REMOTE_ADDR: 108.59.8.80
HTTP_REFERER: 
requested: array(4) {
  ["controller"] => string(5) "forum"
  ["action"] => string(13) "viewtopic.php"
  ["module"] => string(7) "default"
  ["p"] => string(2) "45"
}


--------------------------------------------------------------------------------
2016-08-02T07:35:59+00:00 ERR (3) 404 Seite nicht gefunden
REMOTE_ADDR: 108.59.8.80
HTTP_REFERER: 
requested: array(4) {
  ["controller"] => string(5) "forum"
  ["action"] => string(13) "viewtopic.php"
  ["module"] => string(7) "default"
  ["p"] => string(2) "48"
}


--------------------------------------------------------------------------------
2016-08-02T07:36:02+00:00 ERR (3) 404 Seite nicht gefunden
REMOTE_ADDR: 108.59.8.80
HTTP_REFERER: 
requested: array(4) {
  ["controller"] => string(5) "forum"
  ["action"] => string(13) "viewtopic.php"
  ["module"] => string(7) "default"
  ["p"] => string(2) "50"
}


--------------------------------------------------------------------------------
2016-08-02T07:36:06+00:00 ERR (3) 404 Seite nicht gefunden
REMOTE_ADDR: 108.59.8.80
HTTP_REFERER: 
requested: array(4) {
  ["controller"] => string(5) "forum"
  ["action"] => string(13) "viewtopic.php"
  ["module"] => string(7) "default"
  ["p"] => string(2) "51"
}


--------------------------------------------------------------------------------
2016-08-02T07:36:09+00:00 ERR (3) 404 Seite nicht gefunden
REMOTE_ADDR: 108.59.8.80
HTTP_REFERER: 
requested: array(4) {
  ["controller"] => string(5) "forum"
  ["action"] => string(13) "viewtopic.php"
  ["module"] => string(7) "default"
  ["p"] => string(2) "54"
}


--------------------------------------------------------------------------------
2016-08-02T07:36:17+00:00 ERR (3) 404 Seite nicht gefunden
REMOTE_ADDR: 108.59.8.80
HTTP_REFERER: 
requested: array(4) {
  ["controller"] => string(5) "forum"
  ["action"] => string(13) "viewtopic.php"
  ["module"] => string(7) "default"
  ["p"] => string(2) "57"
}


--------------------------------------------------------------------------------
2016-08-02T07:36:23+00:00 ERR (3) 404 Seite nicht gefunden
REMOTE_ADDR: 108.59.8.80
HTTP_REFERER: 
requested: array(4) {
  ["controller"] => string(5) "forum"
  ["action"] => string(13) "viewtopic.php"
  ["module"] => string(7) "default"
  ["p"] => string(2) "58"
}


--------------------------------------------------------------------------------
2016-08-02T07:36:28+00:00 ERR (3) 404 Seite nicht gefunden
REMOTE_ADDR: 108.59.8.80
HTTP_REFERER: 
requested: array(4) {
  ["controller"] => string(5) "forum"
  ["action"] => string(13) "viewtopic.php"
  ["module"] => string(7) "default"
  ["p"] => string(2) "59"
}


--------------------------------------------------------------------------------
2016-08-02T07:36:32+00:00 ERR (3) 404 Seite nicht gefunden
REMOTE_ADDR: 108.59.8.80
HTTP_REFERER: 
requested: array(4) {
  ["controller"] => string(5) "forum"
  ["action"] => string(13) "viewtopic.php"
  ["module"] => string(7) "default"
  ["p"] => string(2) "60"
}


--------------------------------------------------------------------------------
2016-08-02T07:36:35+00:00 ERR (3) 404 Seite nicht gefunden
REMOTE_ADDR: 108.59.8.80
HTTP_REFERER: 
requested: array(4) {
  ["controller"] => string(5) "forum"
  ["action"] => string(13) "viewtopic.php"
  ["module"] => string(7) "default"
  ["p"] => string(2) "61"
}


--------------------------------------------------------------------------------
2016-08-02T07:36:40+00:00 ERR (3) 404 Seite nicht gefunden
REMOTE_ADDR: 108.59.8.80
HTTP_REFERER: 
requested: array(4) {
  ["controller"] => string(5) "forum"
  ["action"] => string(13) "viewtopic.php"
  ["module"] => string(7) "default"
  ["p"] => string(2) "62"
}


--------------------------------------------------------------------------------
2016-08-02T07:36:43+00:00 ERR (3) 404 Seite nicht gefunden
REMOTE_ADDR: 108.59.8.80
HTTP_REFERER: 
requested: array(4) {
  ["controller"] => string(5) "forum"
  ["action"] => string(13) "viewtopic.php"
  ["module"] => string(7) "default"
  ["p"] => string(2) "63"
}


--------------------------------------------------------------------------------
2016-08-02T07:36:46+00:00 ERR (3) 404 Seite nicht gefunden
REMOTE_ADDR: 108.59.8.80
HTTP_REFERER: 
requested: array(4) {
  ["controller"] => string(5) "forum"
  ["action"] => string(13) "viewtopic.php"
  ["module"] => string(7) "default"
  ["p"] => string(2) "64"
}


--------------------------------------------------------------------------------
2016-08-02T07:36:50+00:00 ERR (3) 404 Seite nicht gefunden
REMOTE_ADDR: 108.59.8.80
HTTP_REFERER: 
requested: array(4) {
  ["controller"] => string(5) "forum"
  ["action"] => string(13) "viewtopic.php"
  ["module"] => string(7) "default"
  ["t"] => string(1) "9"
}


--------------------------------------------------------------------------------
2016-08-02T07:36:56+00:00 ERR (3) 404 Seite nicht gefunden
REMOTE_ADDR: 108.59.8.80
HTTP_REFERER: 
requested: array(8) {
  ["controller"] => string(5) "forum"
  ["action"] => string(13) "viewtopic.php"
  ["module"] => string(7) "default"
  ["t"] => string(1) "9"
  ["start"] => string(1) "0"
  ["postdays"] => string(1) "0"
  ["postorder"] => string(3) "asc"
  ["highlight"] => string(0) ""
}


--------------------------------------------------------------------------------
2016-08-02T08:44:57+00:00 ERR (3) 404 "hire-lasse" was not found.
REMOTE_ADDR: 52.91.161.198
HTTP_REFERER: 
requested: array(5) {
  ["lang"] => string(2) "de"
  ["action"] => string(4) "page"
  ["key"] => string(10) "hire-lasse"
  ["module"] => string(7) "default"
  ["controller"] => string(5) "index"
}


--------------------------------------------------------------------------------
2016-08-02T13:10:32+00:00 ERR (3) 404 Seite nicht gefunden
REMOTE_ADDR: 216.19.213.148
HTTP_REFERER: 
requested: array(5) {
  ["controller"] => string(6) "https:"
  [""] => string(19) "silber-und-blei.com"
  ["galerie"] => string(5) "embed"
  ["action"] => string(5) "index"
  ["module"] => string(7) "default"
}


--------------------------------------------------------------------------------
2016-08-02T14:03:56+00:00 ERR (3) 404 Seite nicht gefunden
REMOTE_ADDR: 94.56.249.130
HTTP_REFERER: 
requested: array(3) {
  ["controller"] => string(4) "user"
  ["action"] => string(8) "register"
  ["module"] => string(7) "default"
}


--------------------------------------------------------------------------------
2016-08-02T14:53:00+00:00 ERR (3) 404 "hire-lasse" was not found.
REMOTE_ADDR: 138.201.34.164
HTTP_REFERER: http://graphicore.de/de/feed/rss
requested: array(5) {
  ["lang"] => string(2) "de"
  ["action"] => string(4) "page"
  ["key"] => string(10) "hire-lasse"
  ["module"] => string(7) "default"
  ["controller"] => string(5) "index"
}


--------------------------------------------------------------------------------
2016-08-02T14:55:51+00:00 ERR (3) 404 "hire-lasse" was not found.
REMOTE_ADDR: 138.201.34.164
HTTP_REFERER: http://graphicore.de/en/feed/rss
requested: array(5) {
  ["lang"] => string(2) "en"
  ["action"] => string(4) "page"
  ["key"] => string(10) "hire-lasse"
  ["module"] => string(7) "default"
  ["controller"] => string(5) "index"
}


--------------------------------------------------------------------------------
2016-08-02T15:37:44+00:00 ERR (3) 404 Seite nicht gefunden
REMOTE_ADDR: 52.91.161.198
HTTP_REFERER: 
requested: array(4) {
  ["controller"] => string(5) "diary"
  ["action"] => string(29) "tag:graphicore.de,2010-09-27:"
  ["diary"] => string(27) "201009272109094ca107f52b79c"
  ["module"] => string(7) "default"
}


--------------------------------------------------------------------------------
2016-08-02T16:29:13+00:00 ERR (3) 404 Seite nicht gefunden
REMOTE_ADDR: 46.188.39.76
HTTP_REFERER: http://graphicore.de/forum/index.php
requested: array(3) {
  ["controller"] => string(5) "forum"
  ["action"] => string(9) "index.php"
  ["module"] => string(7) "default"
}


--------------------------------------------------------------------------------
2016-08-02T18:40:34+00:00 ERR (3) 404 Seite nicht gefunden
REMOTE_ADDR: 52.91.161.198
HTTP_REFERER: 
requested: array(4) {
  ["controller"] => string(5) "diary"
  ["action"] => string(29) "tag:graphicore.de,2013-06-12:"
  ["diary"] => string(27) "2013061209052451b839d4ca32b"
  ["module"] => string(7) "default"
}


--------------------------------------------------------------------------------
2016-08-02T23:04:52+00:00 ERR (3) 404 "hire-lasse" was not found.
REMOTE_ADDR: 157.55.39.56
HTTP_REFERER: 
requested: array(5) {
  ["lang"] => string(2) "de"
  ["action"] => string(4) "page"
  ["key"] => string(10) "hire-lasse"
  ["module"] => string(7) "default"
  ["controller"] => string(5) "index"
}


--------------------------------------------------------------------------------
