2014-10-15T04:38:35+00:00 ERR (3) 404 Seite nicht gefunden
REMOTE_ADDR: 178.45.203.115
HTTP_REFERER: http://graphicore.de/forum/index.php
requested: array(3) {
  ["controller"] => string(5) "forum"
  ["action"] => string(9) "index.php"
  ["module"] => string(7) "default"
}


--------------------------------------------------------------------------------
2014-10-15T05:24:14+00:00 ERR (3) 404 The filter "en" was not found.
REMOTE_ADDR: 208.115.113.89
HTTP_REFERER: 
requested: array(5) {
  ["lang"] => string(2) "en"
  ["action"] => string(5) "diary"
  ["key"] => string(2) "en"
  ["module"] => string(7) "default"
  ["controller"] => string(5) "index"
}


--------------------------------------------------------------------------------
2014-10-15T15:39:37+00:00 ERR (3) 404 "2010-10-06_underground_exhibition&quot;" was not found.
REMOTE_ADDR: 23.254.45.124
HTTP_REFERER: http://graphicore.de/
requested: array(5) {
  ["lang"] => string(2) "en"
  ["action"] => string(7) "archive"
  ["key"] => string(34) "2010-10-06_underground_exhibition""
  ["module"] => string(7) "default"
  ["controller"] => string(5) "index"
}


--------------------------------------------------------------------------------
2014-10-15T15:39:38+00:00 ERR (3) 404 "2010-10-06_underground_exhibition&quot;" was not found.
REMOTE_ADDR: 23.254.45.124
HTTP_REFERER: http://graphicore.de/en/archive/2010-10-06_underground_exhibition" _ctf="rdr_T
requested: array(5) {
  ["lang"] => string(2) "de"
  ["action"] => string(7) "archive"
  ["key"] => string(34) "2010-10-06_underground_exhibition""
  ["module"] => string(7) "default"
  ["controller"] => string(5) "index"
}


--------------------------------------------------------------------------------
2014-10-15T16:43:28+00:00 ERR (3) 404 "hire-lasse" was not found.
REMOTE_ADDR: 68.180.228.218
HTTP_REFERER: 
requested: array(5) {
  ["lang"] => string(2) "de"
  ["action"] => string(4) "page"
  ["key"] => string(10) "hire-lasse"
  ["module"] => string(7) "default"
  ["controller"] => string(5) "index"
}


--------------------------------------------------------------------------------
2014-10-15T18:40:20+00:00 ERR (3) 404 Seite nicht gefunden
REMOTE_ADDR: 120.33.216.172
HTTP_REFERER: http://graphicore.de/editor/dialog/fck_about.html
requested: array(3) {
  ["controller"] => string(6) "editor"
  ["action"] => string(6) "dialog"
  ["module"] => string(7) "default"
}


--------------------------------------------------------------------------------
2014-10-15T18:40:21+00:00 ERR (3) 404 Seite nicht gefunden
REMOTE_ADDR: 120.33.216.172
HTTP_REFERER: http://graphicore.de/FCKeditor/editor/dialog/fck_about.html
requested: array(4) {
  ["controller"] => string(9) "FCKeditor"
  ["action"] => string(6) "editor"
  ["dialog"] => string(14) "fck_about.html"
  ["module"] => string(7) "default"
}


--------------------------------------------------------------------------------
2014-10-15T18:40:22+00:00 ERR (3) 404 Seite nicht gefunden
REMOTE_ADDR: 120.33.216.172
HTTP_REFERER: http://graphicore.de/FCK/editor/dialog/fck_about.html
requested: array(4) {
  ["controller"] => string(3) "FCK"
  ["action"] => string(6) "editor"
  ["dialog"] => string(14) "fck_about.html"
  ["module"] => string(7) "default"
}


--------------------------------------------------------------------------------
2014-10-15T18:40:23+00:00 ERR (3) 404 Seite nicht gefunden
REMOTE_ADDR: 120.33.216.172
HTTP_REFERER: http://graphicore.de/admin/FCKeditor/editor/dialog/fck_about.html
requested: array(4) {
  ["controller"] => string(5) "admin"
  ["action"] => string(9) "FCKeditor"
  ["editor"] => string(6) "dialog"
  ["module"] => string(7) "default"
}


--------------------------------------------------------------------------------
2014-10-15T18:40:24+00:00 ERR (3) 404 Seite nicht gefunden
REMOTE_ADDR: 120.33.216.172
HTTP_REFERER: http://graphicore.de/manage/FCKeditor/editor/dialog/fck_about.html
requested: array(4) {
  ["controller"] => string(6) "manage"
  ["action"] => string(9) "FCKeditor"
  ["editor"] => string(6) "dialog"
  ["module"] => string(7) "default"
}


--------------------------------------------------------------------------------
2014-10-15T18:40:25+00:00 ERR (3) 404 Seite nicht gefunden
REMOTE_ADDR: 120.33.216.172
HTTP_REFERER: http://graphicore.de/editor/editor/dialog/fck_about.html
requested: array(4) {
  ["controller"] => string(6) "editor"
  ["action"] => string(6) "editor"
  ["dialog"] => string(14) "fck_about.html"
  ["module"] => string(7) "default"
}


--------------------------------------------------------------------------------
2014-10-15T18:40:26+00:00 ERR (3) 404 Seite nicht gefunden
REMOTE_ADDR: 120.33.216.172
HTTP_REFERER: http://graphicore.de/editor/FCKeditor/editor/dialog/fck_about.html
requested: array(4) {
  ["controller"] => string(6) "editor"
  ["action"] => string(9) "FCKeditor"
  ["editor"] => string(6) "dialog"
  ["module"] => string(7) "default"
}


--------------------------------------------------------------------------------
2014-10-15T21:20:31+00:00 ERR (3) 404 "2010-10-06_underground_exhibition&quot;" was not found.
REMOTE_ADDR: 23.250.23.44
HTTP_REFERER: http://graphicore.de/
requested: array(5) {
  ["lang"] => string(2) "en"
  ["action"] => string(7) "archive"
  ["key"] => string(34) "2010-10-06_underground_exhibition""
  ["module"] => string(7) "default"
  ["controller"] => string(5) "index"
}


--------------------------------------------------------------------------------
2014-10-15T21:20:31+00:00 ERR (3) 404 "2010-10-06_underground_exhibition&quot;" was not found.
REMOTE_ADDR: 23.250.23.44
HTTP_REFERER: http://graphicore.de/en/archive/2010-10-06_underground_exhibition" _ctf="rdr_T
requested: array(5) {
  ["lang"] => string(2) "de"
  ["action"] => string(7) "archive"
  ["key"] => string(34) "2010-10-06_underground_exhibition""
  ["module"] => string(7) "default"
  ["controller"] => string(5) "index"
}


--------------------------------------------------------------------------------
2014-10-15T23:04:33+00:00 ERR (3) 404 Seite nicht gefunden
REMOTE_ADDR: 208.115.111.73
HTTP_REFERER: 
requested: array(5) {
  ["lang"] => string(2) "de"
  ["action"] => string(2) "en"
  ["module"] => string(7) "default"
  ["controller"] => string(5) "index"
  ["key"] => string(0) ""
}


--------------------------------------------------------------------------------
