2015-10-02T06:14:08+00:00 ERR (3) 404 "" was not found.
REMOTE_ADDR: 46.118.115.65
HTTP_REFERER: http://carswithmuscles.com/
requested: array(5) {
  ["lang"] => string(2) "en"
  ["action"] => string(7) "archive"
  ["module"] => string(7) "default"
  ["controller"] => string(5) "index"
  ["key"] => string(0) ""
}


--------------------------------------------------------------------------------
2015-10-02T06:14:08+00:00 ERR (3) 404 "" was not found.
REMOTE_ADDR: 46.118.115.65
HTTP_REFERER: http://carswithmuscles.com/
requested: array(5) {
  ["lang"] => string(2) "en"
  ["action"] => string(7) "archive"
  ["module"] => string(7) "default"
  ["controller"] => string(5) "index"
  ["key"] => string(0) ""
}


--------------------------------------------------------------------------------
2015-10-02T06:59:27+00:00 ERR (3) 404 "" was not found.
REMOTE_ADDR: 134.249.234.21
HTTP_REFERER: http://mazda-roadsters.com/
requested: array(5) {
  ["lang"] => string(2) "en"
  ["action"] => string(7) "archive"
  ["module"] => string(7) "default"
  ["controller"] => string(5) "index"
  ["key"] => string(0) ""
}


--------------------------------------------------------------------------------
2015-10-02T06:59:28+00:00 ERR (3) 404 "" was not found.
REMOTE_ADDR: 134.249.234.21
HTTP_REFERER: http://mazda-roadsters.com/
requested: array(5) {
  ["lang"] => string(2) "en"
  ["action"] => string(7) "archive"
  ["module"] => string(7) "default"
  ["controller"] => string(5) "index"
  ["key"] => string(0) ""
}


--------------------------------------------------------------------------------
2015-10-02T06:59:28+00:00 ERR (3) 404 "" was not found.
REMOTE_ADDR: 134.249.234.21
HTTP_REFERER: http://mazda-roadsters.com/
requested: array(5) {
  ["lang"] => string(2) "en"
  ["action"] => string(7) "archive"
  ["module"] => string(7) "default"
  ["controller"] => string(5) "index"
  ["key"] => string(0) ""
}


--------------------------------------------------------------------------------
2015-10-02T07:29:26+00:00 ERR (3) 404 "" was not found.
REMOTE_ADDR: 178.137.80.148
HTTP_REFERER: http://lombardfinder.ru/
requested: array(5) {
  ["lang"] => string(2) "en"
  ["action"] => string(7) "archive"
  ["module"] => string(7) "default"
  ["controller"] => string(5) "index"
  ["key"] => string(0) ""
}


--------------------------------------------------------------------------------
2015-10-02T07:29:27+00:00 ERR (3) 404 "" was not found.
REMOTE_ADDR: 178.137.80.148
HTTP_REFERER: http://lombardfinder.ru/
requested: array(5) {
  ["lang"] => string(2) "en"
  ["action"] => string(7) "archive"
  ["module"] => string(7) "default"
  ["controller"] => string(5) "index"
  ["key"] => string(0) ""
}


--------------------------------------------------------------------------------
2015-10-02T07:37:52+00:00 ERR (3) 404 "" was not found.
REMOTE_ADDR: 46.118.115.65
HTTP_REFERER: http://allcredits.su/
requested: array(5) {
  ["lang"] => string(2) "en"
  ["action"] => string(7) "archive"
  ["module"] => string(7) "default"
  ["controller"] => string(5) "index"
  ["key"] => string(0) ""
}


--------------------------------------------------------------------------------
2015-10-02T07:37:52+00:00 ERR (3) 404 "" was not found.
REMOTE_ADDR: 46.118.115.65
HTTP_REFERER: http://allcredits.su/
requested: array(5) {
  ["lang"] => string(2) "en"
  ["action"] => string(7) "archive"
  ["module"] => string(7) "default"
  ["controller"] => string(5) "index"
  ["key"] => string(0) ""
}


--------------------------------------------------------------------------------
2015-10-02T07:37:53+00:00 ERR (3) 404 "" was not found.
REMOTE_ADDR: 46.118.115.65
HTTP_REFERER: http://allcredits.su/
requested: array(5) {
  ["lang"] => string(2) "en"
  ["action"] => string(7) "archive"
  ["module"] => string(7) "default"
  ["controller"] => string(5) "index"
  ["key"] => string(0) ""
}


--------------------------------------------------------------------------------
2015-10-02T09:02:12+00:00 ERR (3) 404 "hire-lasse" was not found.
REMOTE_ADDR: 68.180.229.121
HTTP_REFERER: 
requested: array(5) {
  ["lang"] => string(2) "en"
  ["action"] => string(4) "page"
  ["key"] => string(10) "hire-lasse"
  ["module"] => string(7) "default"
  ["controller"] => string(5) "index"
}


--------------------------------------------------------------------------------
2015-10-02T16:12:32+00:00 ERR (3) 404 "" was not found.
REMOTE_ADDR: 46.118.115.65
HTTP_REFERER: http://kinoix.net/
requested: array(5) {
  ["lang"] => string(2) "en"
  ["action"] => string(7) "archive"
  ["module"] => string(7) "default"
  ["controller"] => string(5) "index"
  ["key"] => string(0) ""
}


--------------------------------------------------------------------------------
2015-10-02T20:10:29+00:00 ERR (3) 404 Seite nicht gefunden
REMOTE_ADDR: 69.64.36.232
HTTP_REFERER: 
requested: array(3) {
  ["controller"] => string(11) "wp-includes"
  ["action"] => string(2) "js"
  ["module"] => string(7) "default"
}


--------------------------------------------------------------------------------
2015-10-02T20:10:30+00:00 ERR (3) 404 Seite nicht gefunden
REMOTE_ADDR: 69.64.36.232
HTTP_REFERER: 
requested: array(4) {
  ["controller"] => string(5) "media"
  ["action"] => string(6) "system"
  ["js"] => string(10) "caption.js"
  ["module"] => string(7) "default"
}


--------------------------------------------------------------------------------
2015-10-02T20:10:30+00:00 ERR (3) 404 Seite nicht gefunden
REMOTE_ADDR: 69.64.36.232
HTTP_REFERER: 
requested: array(3) {
  ["controller"] => string(4) "misc"
  ["action"] => string(8) "batch.js"
  ["module"] => string(7) "default"
}


--------------------------------------------------------------------------------
2015-10-02T20:10:30+00:00 ERR (3) 404 Seite nicht gefunden
REMOTE_ADDR: 69.64.36.232
HTTP_REFERER: 
requested: array(3) {
  ["controller"] => string(5) "typo3"
  ["action"] => string(9) "index.php"
  ["module"] => string(7) "default"
}


--------------------------------------------------------------------------------
2015-10-02T20:10:31+00:00 ERR (3) 404 Seite nicht gefunden
REMOTE_ADDR: 69.64.36.232
HTTP_REFERER: 
requested: array(3) {
  ["controller"] => string(2) "js"
  ["action"] => string(9) "prototype"
  ["module"] => string(7) "default"
}


--------------------------------------------------------------------------------
2015-10-02T20:10:31+00:00 ERR (3) 404 Seite nicht gefunden
REMOTE_ADDR: 69.64.36.232
HTTP_REFERER: 
requested: array(3) {
  ["controller"] => string(5) "admin"
  ["action"] => string(6) "backup"
  ["module"] => string(7) "default"
}


--------------------------------------------------------------------------------
2015-10-02T20:10:31+00:00 ERR (3) 404 Seite nicht gefunden
REMOTE_ADDR: 69.64.36.232
HTTP_REFERER: 
requested: array(3) {
  ["controller"] => string(5) "admin"
  ["action"] => string(6) "backup"
  ["module"] => string(7) "default"
}


--------------------------------------------------------------------------------
2015-10-02T20:10:31+00:00 ERR (3) 404 Seite nicht gefunden
REMOTE_ADDR: 69.64.36.232
HTTP_REFERER: 
requested: array(3) {
  ["controller"] => string(5) "admin"
  ["action"] => string(6) "backup"
  ["module"] => string(7) "default"
}


--------------------------------------------------------------------------------
2015-10-02T20:10:32+00:00 ERR (3) 404 Seite nicht gefunden
REMOTE_ADDR: 69.64.36.232
HTTP_REFERER: 
requested: array(3) {
  ["controller"] => string(5) "admin"
  ["action"] => string(6) "backup"
  ["module"] => string(7) "default"
}


--------------------------------------------------------------------------------
2015-10-02T20:10:32+00:00 ERR (3) 404 Seite nicht gefunden
REMOTE_ADDR: 69.64.36.232
HTTP_REFERER: 
requested: array(3) {
  ["controller"] => string(6) "backup"
  ["action"] => string(8) "dump.sql"
  ["module"] => string(7) "default"
}


--------------------------------------------------------------------------------
2015-10-02T20:10:32+00:00 ERR (3) 404 Seite nicht gefunden
REMOTE_ADDR: 69.64.36.232
HTTP_REFERER: 
requested: array(3) {
  ["controller"] => string(6) "backup"
  ["action"] => string(10) "backup.sql"
  ["module"] => string(7) "default"
}


--------------------------------------------------------------------------------
2015-10-02T20:10:33+00:00 ERR (3) 404 Seite nicht gefunden
REMOTE_ADDR: 69.64.36.232
HTTP_REFERER: 
requested: array(3) {
  ["controller"] => string(6) "backup"
  ["action"] => string(6) "db.sql"
  ["module"] => string(7) "default"
}


--------------------------------------------------------------------------------
2015-10-02T20:10:33+00:00 ERR (3) 404 Seite nicht gefunden
REMOTE_ADDR: 69.64.36.232
HTTP_REFERER: 
requested: array(3) {
  ["controller"] => string(6) "backup"
  ["action"] => string(12) "database.sql"
  ["module"] => string(7) "default"
}


--------------------------------------------------------------------------------
2015-10-02T20:10:33+00:00 ERR (3) 404 Seite nicht gefunden
REMOTE_ADDR: 69.64.36.232
HTTP_REFERER: 
requested: array(3) {
  ["controller"] => string(8) "dump.sql"
  ["action"] => string(5) "index"
  ["module"] => string(7) "default"
}


--------------------------------------------------------------------------------
2015-10-02T20:10:34+00:00 ERR (3) 404 Seite nicht gefunden
REMOTE_ADDR: 69.64.36.232
HTTP_REFERER: 
requested: array(3) {
  ["controller"] => string(10) "backup.sql"
  ["action"] => string(5) "index"
  ["module"] => string(7) "default"
}


--------------------------------------------------------------------------------
2015-10-02T20:10:34+00:00 ERR (3) 404 Seite nicht gefunden
REMOTE_ADDR: 69.64.36.232
HTTP_REFERER: 
requested: array(3) {
  ["controller"] => string(12) "database.sql"
  ["action"] => string(5) "index"
  ["module"] => string(7) "default"
}


--------------------------------------------------------------------------------
2015-10-02T20:10:34+00:00 ERR (3) 404 Seite nicht gefunden
REMOTE_ADDR: 69.64.36.232
HTTP_REFERER: 
requested: array(3) {
  ["controller"] => string(6) "db.sql"
  ["action"] => string(5) "index"
  ["module"] => string(7) "default"
}


--------------------------------------------------------------------------------
2015-10-02T20:10:34+00:00 ERR (3) 404 Seite nicht gefunden
REMOTE_ADDR: 69.64.36.232
HTTP_REFERER: 
requested: array(3) {
  ["controller"] => string(5) "admin"
  ["action"] => string(8) "dump.sql"
  ["module"] => string(7) "default"
}


--------------------------------------------------------------------------------
2015-10-02T20:10:35+00:00 ERR (3) 404 Seite nicht gefunden
REMOTE_ADDR: 69.64.36.232
HTTP_REFERER: 
requested: array(3) {
  ["controller"] => string(5) "admin"
  ["action"] => string(10) "backup.sql"
  ["module"] => string(7) "default"
}


--------------------------------------------------------------------------------
2015-10-02T20:10:35+00:00 ERR (3) 404 Seite nicht gefunden
REMOTE_ADDR: 69.64.36.232
HTTP_REFERER: 
requested: array(3) {
  ["controller"] => string(5) "admin"
  ["action"] => string(12) "database.sql"
  ["module"] => string(7) "default"
}


--------------------------------------------------------------------------------
2015-10-02T20:10:35+00:00 ERR (3) 404 Seite nicht gefunden
REMOTE_ADDR: 69.64.36.232
HTTP_REFERER: 
requested: array(3) {
  ["controller"] => string(5) "admin"
  ["action"] => string(6) "db.sql"
  ["module"] => string(7) "default"
}


--------------------------------------------------------------------------------
2015-10-02T21:44:49+00:00 ERR (3) 404 "" was not found.
REMOTE_ADDR: 178.137.80.148
HTTP_REFERER: http://vintovye-svai-perm.ru/
requested: array(5) {
  ["lang"] => string(2) "en"
  ["action"] => string(7) "archive"
  ["module"] => string(7) "default"
  ["controller"] => string(5) "index"
  ["key"] => string(0) ""
}


--------------------------------------------------------------------------------
2015-10-02T21:44:50+00:00 ERR (3) 404 "" was not found.
REMOTE_ADDR: 178.137.80.148
HTTP_REFERER: http://slonechka.ru/
requested: array(5) {
  ["lang"] => string(2) "en"
  ["action"] => string(7) "archive"
  ["module"] => string(7) "default"
  ["controller"] => string(5) "index"
  ["key"] => string(0) ""
}


--------------------------------------------------------------------------------
2015-10-02T21:44:50+00:00 ERR (3) 404 "" was not found.
REMOTE_ADDR: 178.137.80.148
HTTP_REFERER: http://vintovye-svai-perm.ru/
requested: array(5) {
  ["lang"] => string(2) "en"
  ["action"] => string(7) "archive"
  ["module"] => string(7) "default"
  ["controller"] => string(5) "index"
  ["key"] => string(0) ""
}


--------------------------------------------------------------------------------
2015-10-02T21:44:50+00:00 ERR (3) 404 "" was not found.
REMOTE_ADDR: 178.137.80.148
HTTP_REFERER: http://vintovye-svai-perm.ru/
requested: array(5) {
  ["lang"] => string(2) "en"
  ["action"] => string(7) "archive"
  ["module"] => string(7) "default"
  ["controller"] => string(5) "index"
  ["key"] => string(0) ""
}


--------------------------------------------------------------------------------
2015-10-02T21:44:50+00:00 ERR (3) 404 "" was not found.
REMOTE_ADDR: 178.137.80.148
HTTP_REFERER: http://slonechka.ru/
requested: array(5) {
  ["lang"] => string(2) "en"
  ["action"] => string(7) "archive"
  ["module"] => string(7) "default"
  ["controller"] => string(5) "index"
  ["key"] => string(0) ""
}


--------------------------------------------------------------------------------
2015-10-02T23:37:23+00:00 ERR (3) 404 "" was not found.
REMOTE_ADDR: 94.153.10.11
HTTP_REFERER: http://balashihaevakuator.ru/
requested: array(5) {
  ["lang"] => string(2) "en"
  ["action"] => string(7) "archive"
  ["module"] => string(7) "default"
  ["controller"] => string(5) "index"
  ["key"] => string(0) ""
}


--------------------------------------------------------------------------------
2015-10-02T23:37:23+00:00 ERR (3) 404 "" was not found.
REMOTE_ADDR: 94.153.10.11
HTTP_REFERER: http://balashihaevakuator.ru/
requested: array(5) {
  ["lang"] => string(2) "en"
  ["action"] => string(7) "archive"
  ["module"] => string(7) "default"
  ["controller"] => string(5) "index"
  ["key"] => string(0) ""
}


--------------------------------------------------------------------------------
2015-10-02T23:37:24+00:00 ERR (3) 404 "" was not found.
REMOTE_ADDR: 94.153.10.11
HTTP_REFERER: http://balashihaevakuator.ru/
requested: array(5) {
  ["lang"] => string(2) "en"
  ["action"] => string(7) "archive"
  ["module"] => string(7) "default"
  ["controller"] => string(5) "index"
  ["key"] => string(0) ""
}


--------------------------------------------------------------------------------
