2012-09-06T03:30:12+00:00 ERR (3) 404 Seite nicht gefunden
REMOTE_ADDR: 198.143.138.138
HTTP_REFERER: http://graphicore.de/forum/index.php
requested: array(3) {
  ["controller"] => string(5) "forum"
  ["action"] => string(9) "index.php"
  ["module"] => string(7) "default"
}


--------------------------------------------------------------------------------
2012-09-06T06:53:47+00:00 ERR (3) 404 Seite nicht gefunden
REMOTE_ADDR: 198.143.156.82
HTTP_REFERER: http://graphicore.de/forum/index.php
requested: array(3) {
  ["controller"] => string(5) "forum"
  ["action"] => string(9) "index.php"
  ["module"] => string(7) "default"
}


--------------------------------------------------------------------------------
2012-09-06T10:33:28+00:00 ERR (3) 404 Seite nicht gefunden
REMOTE_ADDR: 59.58.159.164
HTTP_REFERER: http://graphicore.de/forum/index.php
requested: array(3) {
  ["controller"] => string(5) "forum"
  ["action"] => string(9) "index.php"
  ["module"] => string(7) "default"
}


--------------------------------------------------------------------------------
2012-09-06T18:02:58+00:00 ERR (3) 404 "topic" was not found.
REMOTE_ADDR: 91.201.64.118
HTTP_REFERER: http://graphicore.de/en/index/topic/intern/projekte/
requested: array(6) {
  ["lang"] => string(2) "en"
  ["action"] => string(5) "index"
  ["key"] => string(5) "topic"
  ["intern"] => string(8) "projekte"
  ["module"] => string(7) "default"
  ["controller"] => string(5) "index"
}


--------------------------------------------------------------------------------
