2013-12-19T03:07:20+00:00 ERR (3) 404 "story" was not found.
REMOTE_ADDR: 65.55.213.66
HTTP_REFERER: 
requested: array(6) {
  ["lang"] => string(2) "de"
  ["action"] => string(5) "index"
  ["key"] => string(5) "story"
  ["intern"] => string(7) "kontakt"
  ["module"] => string(7) "default"
  ["controller"] => string(5) "index"
}


--------------------------------------------------------------------------------
2013-12-19T03:20:13+00:00 ERR (3) 404 Seite nicht gefunden
REMOTE_ADDR: 5.10.83.55
HTTP_REFERER: 
requested: array(4) {
  ["controller"] => string(5) "forum"
  ["action"] => string(13) "viewtopic.php"
  ["module"] => string(7) "default"
  ["t"] => string(2) "13"
}


--------------------------------------------------------------------------------
2013-12-19T07:46:55+00:00 ERR (3) 404 Seite nicht gefunden
REMOTE_ADDR: 213.137.237.247
HTTP_REFERER: http://graphicore.de/forum/
requested: array(3) {
  ["controller"] => string(5) "forum"
  ["action"] => string(5) "index"
  ["module"] => string(7) "default"
}


--------------------------------------------------------------------------------
2013-12-19T17:57:26+00:00 ERR (3) 404 Seite nicht gefunden
REMOTE_ADDR: 37.139.50.100
HTTP_REFERER: 
requested: array(3) {
  ["controller"] => string(13) "administrator"
  ["action"] => string(9) "index.php"
  ["module"] => string(7) "default"
}


--------------------------------------------------------------------------------
2013-12-19T17:57:27+00:00 ERR (3) 404 Seite nicht gefunden
REMOTE_ADDR: 37.139.50.100
HTTP_REFERER: 
requested: array(3) {
  ["controller"] => string(12) "wp-login.php"
  ["action"] => string(5) "index"
  ["module"] => string(7) "default"
}


--------------------------------------------------------------------------------
2013-12-19T18:19:59+00:00 ERR (3) 404 Seite nicht gefunden
REMOTE_ADDR: 69.164.111.198
HTTP_REFERER: http://graphicore.de/
requested: array(3) {
  ["controller"] => string(21) ".google-analytics.com"
  ["action"] => string(5) "ga.js"
  ["module"] => string(7) "default"
}


--------------------------------------------------------------------------------
