2018-02-21T00:57:40+00:00 ERR (3) 404 Seite nicht gefunden
REMOTE_ADDR: 181.49.188.9
HTTP_REFERER: 
requested: array(3) {
  ["controller"] => string(12) "wp-login.php"
  ["action"] => string(5) "index"
  ["module"] => string(7) "default"
}


--------------------------------------------------------------------------------
2018-02-21T00:58:39+00:00 ERR (3) 404 Seite nicht gefunden
REMOTE_ADDR: 85.25.210.234
HTTP_REFERER: 
requested: array(8) {
  ["controller"] => string(5) "forum"
  ["action"] => string(13) "viewtopic.php"
  ["module"] => string(7) "default"
  ["t"] => string(2) "13"
  ["start"] => string(1) "0"
  ["postdays"] => string(1) "0"
  ["postorder"] => string(3) "asc"
  ["highlight"] => string(0) ""
}


--------------------------------------------------------------------------------
2018-02-21T01:17:15+00:00 ERR (3) 404 "hire-lasse" was not found.
REMOTE_ADDR: 85.25.210.234
HTTP_REFERER: 
requested: array(5) {
  ["lang"] => string(2) "en"
  ["action"] => string(4) "page"
  ["key"] => string(10) "hire-lasse"
  ["module"] => string(7) "default"
  ["controller"] => string(5) "index"
}


--------------------------------------------------------------------------------
2018-02-21T01:47:51+00:00 ERR (3) 404 "hire-lasse" was not found.
REMOTE_ADDR: 85.25.210.234
HTTP_REFERER: 
requested: array(5) {
  ["lang"] => string(2) "de"
  ["action"] => string(4) "page"
  ["key"] => string(10) "hire-lasse"
  ["module"] => string(7) "default"
  ["controller"] => string(5) "index"
}


--------------------------------------------------------------------------------
2018-02-21T02:34:12+00:00 ERR (3) 404 Seite nicht gefunden
REMOTE_ADDR: 212.252.20.142
HTTP_REFERER: 
requested: array(3) {
  ["controller"] => string(12) "wp-login.php"
  ["action"] => string(5) "index"
  ["module"] => string(7) "default"
}


--------------------------------------------------------------------------------
2018-02-21T02:44:46+00:00 ERR (3) 404 Seite nicht gefunden
REMOTE_ADDR: 189.47.40.166
HTTP_REFERER: 
requested: array(3) {
  ["controller"] => string(12) "wp-login.php"
  ["action"] => string(5) "index"
  ["module"] => string(7) "default"
}


--------------------------------------------------------------------------------
2018-02-21T05:11:48+00:00 ERR (3) 404 "" was not found.
REMOTE_ADDR: 54.152.64.169
HTTP_REFERER: 
requested: array(5) {
  ["lang"] => string(2) "en"
  ["action"] => string(7) "archive"
  ["module"] => string(7) "default"
  ["controller"] => string(5) "index"
  ["key"] => string(0) ""
}


--------------------------------------------------------------------------------
2018-02-21T05:17:25+00:00 ERR (3) 404 "hire-lasse" was not found.
REMOTE_ADDR: 54.152.64.169
HTTP_REFERER: 
requested: array(5) {
  ["lang"] => string(2) "en"
  ["action"] => string(4) "page"
  ["key"] => string(10) "hire-lasse"
  ["module"] => string(7) "default"
  ["controller"] => string(5) "index"
}


--------------------------------------------------------------------------------
2018-02-21T06:52:11+00:00 ERR (3) 404 Seite nicht gefunden
REMOTE_ADDR: 114.108.225.9
HTTP_REFERER: 
requested: array(3) {
  ["controller"] => string(12) "wp-login.php"
  ["action"] => string(5) "index"
  ["module"] => string(7) "default"
}


--------------------------------------------------------------------------------
2018-02-21T09:41:59+00:00 ERR (3) 404 Seite nicht gefunden
REMOTE_ADDR: 142.4.200.37
HTTP_REFERER: 
requested: array(5) {
  ["lang"] => string(2) "de"
  ["action"] => string(2) "en"
  ["module"] => string(7) "default"
  ["controller"] => string(5) "index"
  ["key"] => string(0) ""
}


--------------------------------------------------------------------------------
2018-02-21T09:44:33+00:00 ERR (3) 404 The filter "de" was not found.
REMOTE_ADDR: 142.4.200.37
HTTP_REFERER: 
requested: array(5) {
  ["lang"] => string(2) "de"
  ["action"] => string(5) "diary"
  ["key"] => string(2) "de"
  ["module"] => string(7) "default"
  ["controller"] => string(5) "index"
}


--------------------------------------------------------------------------------
2018-02-21T09:49:12+00:00 ERR (3) 404 Seite nicht gefunden
REMOTE_ADDR: 182.71.36.42
HTTP_REFERER: 
requested: array(3) {
  ["controller"] => string(12) "wp-login.php"
  ["action"] => string(5) "index"
  ["module"] => string(7) "default"
}


--------------------------------------------------------------------------------
2018-02-21T10:15:26+00:00 ERR (3) 404 Seite nicht gefunden
REMOTE_ADDR: 94.59.33.31
HTTP_REFERER: 
requested: array(3) {
  ["controller"] => string(12) "wp-login.php"
  ["action"] => string(5) "index"
  ["module"] => string(7) "default"
}


--------------------------------------------------------------------------------
2018-02-21T10:39:56+00:00 ERR (3) 404 Seite nicht gefunden
REMOTE_ADDR: 158.140.164.36
HTTP_REFERER: 
requested: array(3) {
  ["controller"] => string(12) "wp-login.php"
  ["action"] => string(5) "index"
  ["module"] => string(7) "default"
}


--------------------------------------------------------------------------------
2018-02-21T11:48:32+00:00 ERR (3) 404 Seite nicht gefunden
REMOTE_ADDR: 31.223.156.152
HTTP_REFERER: 
requested: array(3) {
  ["controller"] => string(12) "wp-login.php"
  ["action"] => string(5) "index"
  ["module"] => string(7) "default"
}


--------------------------------------------------------------------------------
2018-02-21T12:37:34+00:00 ERR (3) 404 Seite nicht gefunden
REMOTE_ADDR: 72.174.63.153
HTTP_REFERER: 
requested: array(3) {
  ["controller"] => string(12) "wp-login.php"
  ["action"] => string(5) "index"
  ["module"] => string(7) "default"
}


--------------------------------------------------------------------------------
2018-02-21T14:31:11+00:00 ERR (3) 404 Seite nicht gefunden
REMOTE_ADDR: 45.63.9.220
HTTP_REFERER: 
requested: array(4) {
  ["controller"] => string(7) "Install"
  ["action"] => string(18) "InstallWizard.aspx"
  ["module"] => string(7) "default"
  ["__VIEWSTATE"] => string(0) ""
}


--------------------------------------------------------------------------------
2018-02-21T14:51:41+00:00 ERR (3) 404 Seite nicht gefunden
REMOTE_ADDR: 46.185.104.113
HTTP_REFERER: 
requested: array(3) {
  ["controller"] => string(12) "wp-login.php"
  ["action"] => string(5) "index"
  ["module"] => string(7) "default"
}


--------------------------------------------------------------------------------
2018-02-21T15:21:40+00:00 ERR (3) 404 "" was not found.
REMOTE_ADDR: 54.152.64.169
HTTP_REFERER: 
requested: array(5) {
  ["lang"] => string(2) "de"
  ["action"] => string(7) "archive"
  ["module"] => string(7) "default"
  ["controller"] => string(5) "index"
  ["key"] => string(0) ""
}


--------------------------------------------------------------------------------
2018-02-21T15:22:11+00:00 ERR (3) 404 "hire-lasse" was not found.
REMOTE_ADDR: 54.152.64.169
HTTP_REFERER: 
requested: array(5) {
  ["lang"] => string(2) "de"
  ["action"] => string(4) "page"
  ["key"] => string(10) "hire-lasse"
  ["module"] => string(7) "default"
  ["controller"] => string(5) "index"
}


--------------------------------------------------------------------------------
2018-02-21T15:22:43+00:00 ERR (3) 404 "" was not found.
REMOTE_ADDR: 54.152.64.169
HTTP_REFERER: 
requested: array(5) {
  ["lang"] => string(2) "de"
  ["action"] => string(7) "archive"
  ["module"] => string(7) "default"
  ["controller"] => string(5) "index"
  ["key"] => string(0) ""
}


--------------------------------------------------------------------------------
2018-02-21T15:23:14+00:00 ERR (3) 404 "" was not found.
REMOTE_ADDR: 54.152.64.169
HTTP_REFERER: 
requested: array(5) {
  ["lang"] => string(2) "en"
  ["action"] => string(7) "archive"
  ["module"] => string(7) "default"
  ["controller"] => string(5) "index"
  ["key"] => string(0) ""
}


--------------------------------------------------------------------------------
2018-02-21T17:02:31+00:00 ERR (3) 404 "" was not found.
REMOTE_ADDR: 35.153.193.129
HTTP_REFERER: 
requested: array(5) {
  ["lang"] => string(2) "de"
  ["action"] => string(7) "archive"
  ["module"] => string(7) "default"
  ["controller"] => string(5) "index"
  ["key"] => string(0) ""
}


--------------------------------------------------------------------------------
2018-02-21T17:12:53+00:00 ERR (3) 404 "hire-lasse" was not found.
REMOTE_ADDR: 35.153.193.129
HTTP_REFERER: 
requested: array(5) {
  ["lang"] => string(2) "de"
  ["action"] => string(4) "page"
  ["key"] => string(10) "hire-lasse"
  ["module"] => string(7) "default"
  ["controller"] => string(5) "index"
}


--------------------------------------------------------------------------------
2018-02-21T17:18:39+00:00 ERR (3) 404 Seite nicht gefunden
REMOTE_ADDR: 103.88.58.108
HTTP_REFERER: 
requested: array(3) {
  ["controller"] => string(12) "wp-login.php"
  ["action"] => string(5) "index"
  ["module"] => string(7) "default"
}


--------------------------------------------------------------------------------
2018-02-21T18:03:05+00:00 ERR (3) 404 Seite nicht gefunden
REMOTE_ADDR: 176.41.66.6
HTTP_REFERER: 
requested: array(3) {
  ["controller"] => string(12) "wp-login.php"
  ["action"] => string(5) "index"
  ["module"] => string(7) "default"
}


--------------------------------------------------------------------------------
2018-02-21T18:13:37+00:00 ERR (3) 404 Seite nicht gefunden
REMOTE_ADDR: 118.100.238.136
HTTP_REFERER: 
requested: array(3) {
  ["controller"] => string(12) "wp-login.php"
  ["action"] => string(5) "index"
  ["module"] => string(7) "default"
}


--------------------------------------------------------------------------------
2018-02-21T19:08:21+00:00 ERR (3) 404 Seite nicht gefunden
REMOTE_ADDR: 86.127.204.121
HTTP_REFERER: 
requested: array(3) {
  ["controller"] => string(12) "wp-login.php"
  ["action"] => string(5) "index"
  ["module"] => string(7) "default"
}


--------------------------------------------------------------------------------
2018-02-21T19:41:39+00:00 ERR (3) 404 Seite nicht gefunden
REMOTE_ADDR: 82.178.20.94
HTTP_REFERER: 
requested: array(3) {
  ["controller"] => string(12) "wp-login.php"
  ["action"] => string(5) "index"
  ["module"] => string(7) "default"
}


--------------------------------------------------------------------------------
2018-02-21T21:01:44+00:00 ERR (3) 404 Seite nicht gefunden
REMOTE_ADDR: 115.135.207.193
HTTP_REFERER: 
requested: array(3) {
  ["controller"] => string(12) "wp-login.php"
  ["action"] => string(5) "index"
  ["module"] => string(7) "default"
}


--------------------------------------------------------------------------------
2018-02-21T21:33:46+00:00 ERR (3) 404 Seite nicht gefunden
REMOTE_ADDR: 109.102.111.84
HTTP_REFERER: 
requested: array(4) {
  ["controller"] => string(6) "https:"
  [""] => string(19) "silber-und-blei.com"
  ["action"] => string(5) "index"
  ["module"] => string(7) "default"
}


--------------------------------------------------------------------------------
2018-02-21T21:39:27+00:00 ERR (3) 404 Seite nicht gefunden
REMOTE_ADDR: 186.20.44.177
HTTP_REFERER: 
requested: array(3) {
  ["controller"] => string(12) "wp-login.php"
  ["action"] => string(5) "index"
  ["module"] => string(7) "default"
}


--------------------------------------------------------------------------------
2018-02-21T21:46:38+00:00 ERR (3) 404 Seite nicht gefunden
REMOTE_ADDR: 178.149.57.140
HTTP_REFERER: 
requested: array(3) {
  ["controller"] => string(12) "wp-login.php"
  ["action"] => string(5) "index"
  ["module"] => string(7) "default"
}


--------------------------------------------------------------------------------
2018-02-21T21:50:26+00:00 ERR (3) 404 Seite nicht gefunden
REMOTE_ADDR: 41.141.83.51
HTTP_REFERER: 
requested: array(3) {
  ["controller"] => string(12) "wp-login.php"
  ["action"] => string(5) "index"
  ["module"] => string(7) "default"
}


--------------------------------------------------------------------------------
