2019-03-13T02:38:47+00:00 ERR (3) 404 Seite nicht gefunden
REMOTE_ADDR: 54.236.1.15
HTTP_REFERER: 
requested: array(3) {
  ["controller"] => string(20) "apple-touch-icon.png"
  ["action"] => string(5) "index"
  ["module"] => string(7) "default"
}


--------------------------------------------------------------------------------
2019-03-13T18:09:59+00:00 ERR (3) 404 Seite nicht gefunden
REMOTE_ADDR: 46.183.223.37
HTTP_REFERER: 
requested: array(3) {
  ["controller"] => string(6) "https:"
  ["action"] => string(19) "silber-und-blei.com"
  ["module"] => string(7) "default"
}


--------------------------------------------------------------------------------
2019-03-13T21:13:20+00:00 ERR (3) 404 Seite nicht gefunden
REMOTE_ADDR: 46.183.223.37
HTTP_REFERER: 
requested: array(4) {
  ["controller"] => string(6) "https:"
  [""] => string(19) "silber-und-blei.com"
  ["action"] => string(5) "index"
  ["module"] => string(7) "default"
}


--------------------------------------------------------------------------------
