2016-10-29T01:28:21+00:00 ERR (3) 404 Seite nicht gefunden
REMOTE_ADDR: 89.78.123.159
HTTP_REFERER: 
requested: array(3) {
  ["controller"] => string(5) "forum"
  ["action"] => string(5) "index"
  ["module"] => string(7) "default"
}


--------------------------------------------------------------------------------
2016-10-29T01:28:21+00:00 ERR (3) 404 Seite nicht gefunden
REMOTE_ADDR: 89.78.123.159
HTTP_REFERER: 
requested: array(3) {
  ["controller"] => string(5) "forum"
  ["action"] => string(5) "index"
  ["module"] => string(7) "default"
}


--------------------------------------------------------------------------------
2016-10-29T06:25:08+00:00 ERR (3) 404 Seite nicht gefunden
REMOTE_ADDR: 87.236.215.54
HTTP_REFERER: 
requested: array(4) {
  ["controller"] => string(6) "https:"
  [""] => string(19) "silber-und-blei.com"
  ["action"] => string(5) "index"
  ["module"] => string(7) "default"
}


--------------------------------------------------------------------------------
2016-10-29T06:25:11+00:00 ERR (3) 404 Seite nicht gefunden
REMOTE_ADDR: 87.236.215.54
HTTP_REFERER: 
requested: array(3) {
  ["controller"] => string(2) "js"
  ["action"] => string(1) "'"
  ["module"] => string(7) "default"
}


--------------------------------------------------------------------------------
2016-10-29T11:03:03+00:00 ERR (3) 404 Seite nicht gefunden
REMOTE_ADDR: 173.254.28.87
HTTP_REFERER: 
requested: array(3) {
  ["controller"] => string(8) "wp-admin"
  ["action"] => string(5) "index"
  ["module"] => string(7) "default"
}


--------------------------------------------------------------------------------
2016-10-29T11:19:07+00:00 ERR (3) 404 Seite nicht gefunden
REMOTE_ADDR: 74.208.152.22
HTTP_REFERER: 
requested: array(3) {
  ["controller"] => string(9) "wordpress"
  ["action"] => string(8) "wp-admin"
  ["module"] => string(7) "default"
}


--------------------------------------------------------------------------------
2016-10-29T11:26:57+00:00 ERR (3) 404 Seite nicht gefunden
REMOTE_ADDR: 50.62.177.147
HTTP_REFERER: 
requested: array(3) {
  ["controller"] => string(4) "blog"
  ["action"] => string(8) "wp-admin"
  ["module"] => string(7) "default"
}


--------------------------------------------------------------------------------
2016-10-29T11:35:03+00:00 ERR (3) 404 Seite nicht gefunden
REMOTE_ADDR: 167.114.211.10
HTTP_REFERER: 
requested: array(3) {
  ["controller"] => string(2) "wp"
  ["action"] => string(8) "wp-admin"
  ["module"] => string(7) "default"
}


--------------------------------------------------------------------------------
2016-10-29T11:42:52+00:00 ERR (3) 404 Seite nicht gefunden
REMOTE_ADDR: 93.115.119.250
HTTP_REFERER: 
requested: array(3) {
  ["controller"] => string(3) "old"
  ["action"] => string(8) "wp-admin"
  ["module"] => string(7) "default"
}


--------------------------------------------------------------------------------
2016-10-29T14:29:22+00:00 ERR (3) 404 Seite nicht gefunden
REMOTE_ADDR: 198.204.238.170
HTTP_REFERER: 
requested: array(4) {
  ["controller"] => string(8) "~daycare"
  ["action"] => string(6) "assets"
  ["elfinder"] => string(13) "elfinder.html"
  ["module"] => string(7) "default"
}


--------------------------------------------------------------------------------
2016-10-29T14:29:22+00:00 ERR (3) 404 Seite nicht gefunden
REMOTE_ADDR: 198.204.238.170
HTTP_REFERER: 
requested: array(4) {
  ["controller"] => string(5) "_core"
  ["action"] => string(5) "utils"
  ["elfinder"] => string(13) "elfinder.html"
  ["module"] => string(7) "default"
}


--------------------------------------------------------------------------------
2016-10-29T14:29:22+00:00 ERR (3) 404 Seite nicht gefunden
REMOTE_ADDR: 198.204.238.170
HTTP_REFERER: 
requested: array(4) {
  ["controller"] => string(8) "packages"
  ["action"] => string(10) "ahmadazimi"
  ["laravel-media-manager"] => string(13) "elfinder.html"
  ["module"] => string(7) "default"
}


--------------------------------------------------------------------------------
2016-10-29T14:29:22+00:00 ERR (3) 404 Seite nicht gefunden
REMOTE_ADDR: 198.204.238.170
HTTP_REFERER: 
requested: array(4) {
  ["controller"] => string(7) "modules"
  ["action"] => string(8) "tadtools"
  ["ckeditor"] => string(8) "elFinder"
  ["module"] => string(7) "default"
}


--------------------------------------------------------------------------------
2016-10-29T14:29:22+00:00 ERR (3) 404 Seite nicht gefunden
REMOTE_ADDR: 198.204.238.170
HTTP_REFERER: 
requested: array(4) {
  ["controller"] => string(6) "common"
  ["action"] => string(2) "js"
  ["elfinder_2.0"] => string(13) "elfinder.html"
  ["module"] => string(7) "default"
}


--------------------------------------------------------------------------------
2016-10-29T15:23:47+00:00 ERR (3) 404 Seite nicht gefunden
REMOTE_ADDR: 178.151.180.197
HTTP_REFERER: 
requested: array(3) {
  ["controller"] => string(12) "wp-login.php"
  ["action"] => string(5) "index"
  ["module"] => string(7) "default"
}


--------------------------------------------------------------------------------
2016-10-29T15:23:47+00:00 ERR (3) 404 Seite nicht gefunden
REMOTE_ADDR: 178.151.180.197
HTTP_REFERER: 
requested: array(3) {
  ["controller"] => string(13) "administrator"
  ["action"] => string(9) "index.php"
  ["module"] => string(7) "default"
}


--------------------------------------------------------------------------------
2016-10-29T16:42:08+00:00 ERR (3) 404 "hire-lasse" was not found.
REMOTE_ADDR: 62.138.0.25
HTTP_REFERER: 
requested: array(5) {
  ["lang"] => string(2) "de"
  ["action"] => string(4) "page"
  ["key"] => string(10) "hire-lasse"
  ["module"] => string(7) "default"
  ["controller"] => string(5) "index"
}


--------------------------------------------------------------------------------
2016-10-29T17:51:01+00:00 ERR (3) 404 Seite nicht gefunden
REMOTE_ADDR: 66.249.76.51
HTTP_REFERER: 
requested: array(3) {
  ["controller"] => string(11) ".well-known"
  ["action"] => string(26) "apple-app-site-association"
  ["module"] => string(7) "default"
}


--------------------------------------------------------------------------------
2016-10-29T17:52:21+00:00 ERR (3) 404 Seite nicht gefunden
REMOTE_ADDR: 66.249.65.60
HTTP_REFERER: 
requested: array(3) {
  ["controller"] => string(26) "apple-app-site-association"
  ["action"] => string(5) "index"
  ["module"] => string(7) "default"
}


--------------------------------------------------------------------------------
2016-10-29T18:12:21+00:00 ERR (3) 404 Seite nicht gefunden
REMOTE_ADDR: 66.249.65.60
HTTP_REFERER: 
requested: array(3) {
  ["controller"] => string(11) ".well-known"
  ["action"] => string(15) "assetlinks.json"
  ["module"] => string(7) "default"
}


--------------------------------------------------------------------------------
2016-10-29T19:48:17+00:00 ERR (3) 404 The filter "de" was not found.
REMOTE_ADDR: 216.244.66.243
HTTP_REFERER: 
requested: array(5) {
  ["lang"] => string(2) "en"
  ["action"] => string(5) "diary"
  ["key"] => string(2) "de"
  ["module"] => string(7) "default"
  ["controller"] => string(5) "index"
}


--------------------------------------------------------------------------------
2016-10-29T19:48:17+00:00 ERR (3) 404 The filter "de" was not found.
REMOTE_ADDR: 216.244.66.243
HTTP_REFERER: 
requested: array(5) {
  ["lang"] => string(2) "en"
  ["action"] => string(5) "diary"
  ["key"] => string(2) "de"
  ["module"] => string(7) "default"
  ["controller"] => string(5) "index"
}


--------------------------------------------------------------------------------
2016-10-29T23:08:30+00:00 ERR (3) 404 "hire-lasse" was not found.
REMOTE_ADDR: 37.187.56.81
HTTP_REFERER: 
requested: array(5) {
  ["lang"] => string(2) "de"
  ["action"] => string(4) "page"
  ["key"] => string(10) "hire-lasse"
  ["module"] => string(7) "default"
  ["controller"] => string(5) "index"
}


--------------------------------------------------------------------------------
2016-10-29T23:09:04+00:00 ERR (3) 404 "hire-lasse" was not found.
REMOTE_ADDR: 37.187.56.81
HTTP_REFERER: 
requested: array(5) {
  ["lang"] => string(2) "en"
  ["action"] => string(4) "page"
  ["key"] => string(10) "hire-lasse"
  ["module"] => string(7) "default"
  ["controller"] => string(5) "index"
}


--------------------------------------------------------------------------------
