2019-11-07T11:17:44+00:00 ERR (3) 404 Seite nicht gefunden
REMOTE_ADDR: 74.208.56.190
HTTP_REFERER: 
requested: array(3) {
  ["controller"] => string(8) "wp-admin"
  ["action"] => string(5) "index"
  ["module"] => string(7) "default"
}


--------------------------------------------------------------------------------
2019-11-07T11:29:51+00:00 ERR (3) 404 "competences" was not found.
REMOTE_ADDR: 46.229.168.154
HTTP_REFERER: 
requested: array(5) {
  ["lang"] => string(2) "de"
  ["action"] => string(4) "page"
  ["key"] => string(11) "competences"
  ["module"] => string(7) "default"
  ["controller"] => string(5) "index"
}


--------------------------------------------------------------------------------
2019-11-07T11:30:22+00:00 ERR (3) 404 Seite nicht gefunden
REMOTE_ADDR: 91.223.69.6
HTTP_REFERER: 
requested: array(3) {
  ["controller"] => string(9) "wordpress"
  ["action"] => string(8) "wp-admin"
  ["module"] => string(7) "default"
}


--------------------------------------------------------------------------------
2019-11-07T11:36:39+00:00 ERR (3) 404 Seite nicht gefunden
REMOTE_ADDR: 82.165.84.68
HTTP_REFERER: 
requested: array(3) {
  ["controller"] => string(4) "blog"
  ["action"] => string(8) "wp-admin"
  ["module"] => string(7) "default"
}


--------------------------------------------------------------------------------
2019-11-07T11:42:54+00:00 ERR (3) 404 Seite nicht gefunden
REMOTE_ADDR: 51.68.11.231
HTTP_REFERER: 
requested: array(3) {
  ["controller"] => string(2) "wp"
  ["action"] => string(8) "wp-admin"
  ["module"] => string(7) "default"
}


--------------------------------------------------------------------------------
2019-11-07T11:48:59+00:00 ERR (3) 404 Seite nicht gefunden
REMOTE_ADDR: 82.165.81.133
HTTP_REFERER: 
requested: array(3) {
  ["controller"] => string(3) "old"
  ["action"] => string(8) "wp-admin"
  ["module"] => string(7) "default"
}


--------------------------------------------------------------------------------
2019-11-07T17:04:51+00:00 ERR (3) 404 Seite nicht gefunden
REMOTE_ADDR: 45.148.10.40
HTTP_REFERER: http://www.graphicore.de/.git/index
requested: array(3) {
  ["controller"] => string(4) ".git"
  ["action"] => string(5) "index"
  ["module"] => string(7) "default"
}


--------------------------------------------------------------------------------
2019-11-07T18:54:45+00:00 ERR (3) 404 "hire-lasse" was not found.
REMOTE_ADDR: 144.76.162.206
HTTP_REFERER: 
requested: array(5) {
  ["lang"] => string(2) "de"
  ["action"] => string(4) "page"
  ["key"] => string(10) "hire-lasse"
  ["module"] => string(7) "default"
  ["controller"] => string(5) "index"
}


--------------------------------------------------------------------------------
2019-11-07T18:55:06+00:00 ERR (3) 404 "hire-lasse" was not found.
REMOTE_ADDR: 144.76.162.206
HTTP_REFERER: 
requested: array(5) {
  ["lang"] => string(2) "de"
  ["action"] => string(4) "page"
  ["key"] => string(10) "hire-lasse"
  ["module"] => string(7) "default"
  ["controller"] => string(5) "index"
}


--------------------------------------------------------------------------------
2019-11-07T19:04:43+00:00 ERR (3) 404 Page not found
REMOTE_ADDR: 157.245.230.184
HTTP_REFERER: 
requested: array(3) {
  ["controller"] => string(11) "wp-includes"
  ["action"] => string(15) "wlwmanifest.xml"
  ["module"] => string(7) "default"
}


--------------------------------------------------------------------------------
2019-11-07T19:04:46+00:00 ERR (3) 404 Page not found
REMOTE_ADDR: 157.245.230.184
HTTP_REFERER: 
requested: array(3) {
  ["controller"] => string(4) "blog"
  ["action"] => string(11) "wp-includes"
  ["module"] => string(7) "default"
}


--------------------------------------------------------------------------------
2019-11-07T19:04:46+00:00 ERR (3) 404 Page not found
REMOTE_ADDR: 157.245.230.184
HTTP_REFERER: 
requested: array(3) {
  ["controller"] => string(3) "web"
  ["action"] => string(11) "wp-includes"
  ["module"] => string(7) "default"
}


--------------------------------------------------------------------------------
2019-11-07T19:04:47+00:00 ERR (3) 404 Page not found
REMOTE_ADDR: 157.245.230.184
HTTP_REFERER: 
requested: array(3) {
  ["controller"] => string(9) "wordpress"
  ["action"] => string(11) "wp-includes"
  ["module"] => string(7) "default"
}


--------------------------------------------------------------------------------
2019-11-07T19:04:47+00:00 ERR (3) 404 Page not found
REMOTE_ADDR: 157.245.230.184
HTTP_REFERER: 
requested: array(3) {
  ["controller"] => string(7) "website"
  ["action"] => string(11) "wp-includes"
  ["module"] => string(7) "default"
}


--------------------------------------------------------------------------------
2019-11-07T19:04:47+00:00 ERR (3) 404 Page not found
REMOTE_ADDR: 157.245.230.184
HTTP_REFERER: 
requested: array(3) {
  ["controller"] => string(2) "wp"
  ["action"] => string(11) "wp-includes"
  ["module"] => string(7) "default"
}


--------------------------------------------------------------------------------
2019-11-07T19:04:48+00:00 ERR (3) 404 Page not found
REMOTE_ADDR: 157.245.230.184
HTTP_REFERER: 
requested: array(3) {
  ["controller"] => string(4) "news"
  ["action"] => string(11) "wp-includes"
  ["module"] => string(7) "default"
}


--------------------------------------------------------------------------------
2019-11-07T19:04:48+00:00 ERR (3) 404 Page not found
REMOTE_ADDR: 157.245.230.184
HTTP_REFERER: 
requested: array(3) {
  ["controller"] => string(4) "2015"
  ["action"] => string(11) "wp-includes"
  ["module"] => string(7) "default"
}


--------------------------------------------------------------------------------
2019-11-07T19:04:49+00:00 ERR (3) 404 Page not found
REMOTE_ADDR: 157.245.230.184
HTTP_REFERER: 
requested: array(3) {
  ["controller"] => string(4) "2016"
  ["action"] => string(11) "wp-includes"
  ["module"] => string(7) "default"
}


--------------------------------------------------------------------------------
2019-11-07T19:04:49+00:00 ERR (3) 404 Page not found
REMOTE_ADDR: 157.245.230.184
HTTP_REFERER: 
requested: array(3) {
  ["controller"] => string(4) "2017"
  ["action"] => string(11) "wp-includes"
  ["module"] => string(7) "default"
}


--------------------------------------------------------------------------------
2019-11-07T19:04:50+00:00 ERR (3) 404 Page not found
REMOTE_ADDR: 157.245.230.184
HTTP_REFERER: 
requested: array(3) {
  ["controller"] => string(4) "2018"
  ["action"] => string(11) "wp-includes"
  ["module"] => string(7) "default"
}


--------------------------------------------------------------------------------
2019-11-07T19:04:50+00:00 ERR (3) 404 Page not found
REMOTE_ADDR: 157.245.230.184
HTTP_REFERER: 
requested: array(3) {
  ["controller"] => string(4) "shop"
  ["action"] => string(11) "wp-includes"
  ["module"] => string(7) "default"
}


--------------------------------------------------------------------------------
2019-11-07T19:04:50+00:00 ERR (3) 404 Page not found
REMOTE_ADDR: 157.245.230.184
HTTP_REFERER: 
requested: array(3) {
  ["controller"] => string(3) "wp1"
  ["action"] => string(11) "wp-includes"
  ["module"] => string(7) "default"
}


--------------------------------------------------------------------------------
2019-11-07T19:04:51+00:00 ERR (3) 404 Page not found
REMOTE_ADDR: 157.245.230.184
HTTP_REFERER: 
requested: array(3) {
  ["controller"] => string(4) "test"
  ["action"] => string(11) "wp-includes"
  ["module"] => string(7) "default"
}


--------------------------------------------------------------------------------
2019-11-07T19:04:51+00:00 ERR (3) 404 Page not found
REMOTE_ADDR: 157.245.230.184
HTTP_REFERER: 
requested: array(3) {
  ["controller"] => string(5) "media"
  ["action"] => string(11) "wp-includes"
  ["module"] => string(7) "default"
}


--------------------------------------------------------------------------------
2019-11-07T19:04:52+00:00 ERR (3) 404 Page not found
REMOTE_ADDR: 157.245.230.184
HTTP_REFERER: 
requested: array(3) {
  ["controller"] => string(3) "wp2"
  ["action"] => string(11) "wp-includes"
  ["module"] => string(7) "default"
}


--------------------------------------------------------------------------------
2019-11-07T19:04:52+00:00 ERR (3) 404 Page not found
REMOTE_ADDR: 157.245.230.184
HTTP_REFERER: 
requested: array(3) {
  ["controller"] => string(4) "site"
  ["action"] => string(11) "wp-includes"
  ["module"] => string(7) "default"
}


--------------------------------------------------------------------------------
2019-11-07T19:04:52+00:00 ERR (3) 404 Page not found
REMOTE_ADDR: 157.245.230.184
HTTP_REFERER: 
requested: array(3) {
  ["controller"] => string(3) "cms"
  ["action"] => string(11) "wp-includes"
  ["module"] => string(7) "default"
}


--------------------------------------------------------------------------------
2019-11-07T19:04:53+00:00 ERR (3) 404 Page not found
REMOTE_ADDR: 157.245.230.184
HTTP_REFERER: 
requested: array(3) {
  ["controller"] => string(4) "sito"
  ["action"] => string(11) "wp-includes"
  ["module"] => string(7) "default"
}


--------------------------------------------------------------------------------
2019-11-07T22:29:20+00:00 ERR (3) 404 Page not found
REMOTE_ADDR: 157.245.230.184
HTTP_REFERER: 
requested: array(4) {
  ["controller"] => string(6) "vendor"
  ["action"] => string(7) "phpunit"
  ["phpunit"] => string(11) "phpunit.xsd"
  ["module"] => string(7) "default"
}


--------------------------------------------------------------------------------
