2015-10-17T02:50:40+00:00 ERR (3) 404 Seite nicht gefunden
REMOTE_ADDR: 31.186.169.33
HTTP_REFERER: 
requested: array(3) {
  ["controller"] => string(8) "wp-admin"
  ["action"] => string(5) "index"
  ["module"] => string(7) "default"
}


--------------------------------------------------------------------------------
2015-10-17T02:57:45+00:00 ERR (3) 404 Seite nicht gefunden
REMOTE_ADDR: 88.208.252.197
HTTP_REFERER: 
requested: array(3) {
  ["controller"] => string(4) "test"
  ["action"] => string(8) "wp-admin"
  ["module"] => string(7) "default"
}


--------------------------------------------------------------------------------
2015-10-17T03:04:32+00:00 ERR (3) 404 Seite nicht gefunden
REMOTE_ADDR: 50.63.147.13
HTTP_REFERER: 
requested: array(3) {
  ["controller"] => string(9) "wordpress"
  ["action"] => string(8) "wp-admin"
  ["module"] => string(7) "default"
}


--------------------------------------------------------------------------------
2015-10-17T03:11:46+00:00 ERR (3) 404 Seite nicht gefunden
REMOTE_ADDR: 88.208.252.224
HTTP_REFERER: 
requested: array(3) {
  ["controller"] => string(4) "blog"
  ["action"] => string(8) "wp-admin"
  ["module"] => string(7) "default"
}


--------------------------------------------------------------------------------
2015-10-17T03:25:49+00:00 ERR (3) 404 Seite nicht gefunden
REMOTE_ADDR: 68.142.232.15
HTTP_REFERER: 
requested: array(3) {
  ["controller"] => string(3) "old"
  ["action"] => string(8) "wp-admin"
  ["module"] => string(7) "default"
}


--------------------------------------------------------------------------------
2015-10-17T03:30:52+00:00 ERR (3) 404 Seite nicht gefunden
REMOTE_ADDR: 195.154.226.90
HTTP_REFERER: http://graphicore.de/wp-content/
requested: array(3) {
  ["controller"] => string(10) "wp-content"
  ["action"] => string(5) "index"
  ["module"] => string(7) "default"
}


--------------------------------------------------------------------------------
2015-10-17T05:46:56+00:00 ERR (3) 404 Seite nicht gefunden
REMOTE_ADDR: 185.43.222.19
HTTP_REFERER: http://graphicore.de
requested: array(3) {
  ["controller"] => string(2) "js"
  ["action"] => string(4) "mage"
  ["module"] => string(7) "default"
}


--------------------------------------------------------------------------------
2015-10-17T07:59:34+00:00 ERR (3) 404 Seite nicht gefunden
REMOTE_ADDR: 107.21.12.86
HTTP_REFERER: 
requested: array(4) {
  ["controller"] => string(5) "diary"
  ["action"] => string(29) "tag:graphicore.de,2010-07-09:"
  ["diary"] => string(27) "201007091937074c377a6340b8b"
  ["module"] => string(7) "default"
}


--------------------------------------------------------------------------------
2015-10-17T09:31:24+00:00 ERR (3) 404 "" was not found.
REMOTE_ADDR: 157.55.39.220
HTTP_REFERER: 
requested: array(5) {
  ["lang"] => string(2) "en"
  ["action"] => string(7) "archive"
  ["module"] => string(7) "default"
  ["controller"] => string(5) "index"
  ["key"] => string(0) ""
}


--------------------------------------------------------------------------------
2015-10-17T12:35:13+00:00 ERR (3) 404 "hire-lasse" was not found.
REMOTE_ADDR: 188.143.232.35
HTTP_REFERER: 
requested: array(5) {
  ["lang"] => string(2) "en"
  ["action"] => string(4) "page"
  ["key"] => string(10) "hire-lasse"
  ["module"] => string(7) "default"
  ["controller"] => string(5) "index"
}


--------------------------------------------------------------------------------
2015-10-17T15:04:44+00:00 ERR (3) 404 Seite nicht gefunden
REMOTE_ADDR: 107.21.12.86
HTTP_REFERER: 
requested: array(4) {
  ["controller"] => string(5) "diary"
  ["action"] => string(29) "tag:graphicore.de,2010-10-06:"
  ["diary"] => string(27) "201010061331004cac7a14de999"
  ["module"] => string(7) "default"
}


--------------------------------------------------------------------------------
2015-10-17T17:20:37+00:00 ERR (3) 404 "hire-lasse" was not found.
REMOTE_ADDR: 81.144.138.34
HTTP_REFERER: 
requested: array(5) {
  ["lang"] => string(2) "de"
  ["action"] => string(4) "page"
  ["key"] => string(10) "hire-lasse"
  ["module"] => string(7) "default"
  ["controller"] => string(5) "index"
}


--------------------------------------------------------------------------------
2015-10-17T17:23:01+00:00 ERR (3) 404 "hire-lasse" was not found.
REMOTE_ADDR: 81.144.138.34
HTTP_REFERER: 
requested: array(5) {
  ["lang"] => string(2) "en"
  ["action"] => string(4) "page"
  ["key"] => string(10) "hire-lasse"
  ["module"] => string(7) "default"
  ["controller"] => string(5) "index"
}


--------------------------------------------------------------------------------
