2011-02-24T07:34:38+00:00 ERR (3) 404 Seite nicht gefunden
REMOTE_ADDR: 95.223.78.229
HTTP_REFERER: 
requested: array(3) {
  ["controller"] => string(10) "javascript"
  ["action"] => string(1) "'"
  ["module"] => string(7) "default"
}


--------------------------------------------------------------------------------
2011-02-24T09:59:05+00:00 ERR (3) 404 "topic" was not found.
REMOTE_ADDR: 94.100.25.52
HTTP_REFERER: 
requested: array(6) {
  ["lang"] => string(2) "en"
  ["action"] => string(5) "index"
  ["key"] => string(5) "topic"
  ["intern"] => string(8) "projekte"
  ["module"] => string(7) "default"
  ["controller"] => string(5) "index"
}


--------------------------------------------------------------------------------
2011-02-24T15:25:30+00:00 ERR (3) 404 Seite nicht gefunden
REMOTE_ADDR: 77.211.66.25
HTTP_REFERER: 
requested: array(3) {
  ["controller"] => string(10) "javascript"
  ["action"] => string(24) "%27%20+%20href%20+%20%27"
  ["module"] => string(7) "default"
}


--------------------------------------------------------------------------------
