2014-09-07T19:58:15+00:00 ERR (3) 404 Seite nicht gefunden
REMOTE_ADDR: 46.161.41.156
HTTP_REFERER: http://graphicore.de/forum/
requested: array(3) {
  ["controller"] => string(5) "forum"
  ["action"] => string(5) "index"
  ["module"] => string(7) "default"
}


--------------------------------------------------------------------------------
2014-09-07T23:28:15+00:00 ERR (3) 404 "" was not found.
REMOTE_ADDR: 207.46.13.64
HTTP_REFERER: 
requested: array(5) {
  ["lang"] => string(2) "de"
  ["action"] => string(7) "archive"
  ["module"] => string(7) "default"
  ["controller"] => string(5) "index"
  ["key"] => string(0) ""
}


--------------------------------------------------------------------------------
