2011-01-08T10:39:35+00:00 ERR (3) 404 "topic" was not found.
REMOTE_ADDR: 188.143.232.20
HTTP_REFERER: http://graphicore.de/de/index/topic/intern/news/
requested: array(6) {
  ["lang"] => string(2) "de"
  ["action"] => string(5) "index"
  ["key"] => string(5) "topic"
  ["intern"] => string(4) "news"
  ["module"] => string(7) "default"
  ["controller"] => string(5) "index"
}


--------------------------------------------------------------------------------
2011-01-08T11:21:17+00:00 ERR (3) 404 Seite nicht gefunden
REMOTE_ADDR: 77.249.112.76
HTTP_REFERER: 
requested: array(3) {
  ["controller"] => string(10) "javascript"
  ["action"] => string(1) "'"
  ["module"] => string(7) "default"
}


--------------------------------------------------------------------------------
2011-01-08T19:40:54+00:00 ERR (3) 404 Seite nicht gefunden
REMOTE_ADDR: 77.249.112.76
HTTP_REFERER: 
requested: array(3) {
  ["controller"] => string(10) "javascript"
  ["action"] => string(1) "'"
  ["module"] => string(7) "default"
}


--------------------------------------------------------------------------------
2011-01-08T22:45:31+00:00 ERR (3) 404 Seite nicht gefunden
REMOTE_ADDR: 66.249.66.35
HTTP_REFERER: 
requested: array(8) {
  ["controller"] => string(5) "forum"
  ["action"] => string(13) "viewtopic.php"
  ["module"] => string(7) "default"
  ["t"] => string(2) "13"
  ["start"] => string(1) "0"
  ["postdays"] => string(1) "0"
  ["postorder"] => string(3) "asc"
  ["highlight"] => string(0) ""
}


--------------------------------------------------------------------------------
