2010-12-15T00:31:27+00:00 ERR (3) 404 Seite nicht gefunden
REMOTE_ADDR: 64.79.72.114
HTTP_REFERER: 
requested: array(3) {
  ["controller"] => string(10) "javascript"
  ["action"] => string(1) "'"
  ["module"] => string(7) "default"
}


--------------------------------------------------------------------------------
2010-12-15T03:51:55+00:00 ERR (3) 404 "2010-09-09_A-Brute-Font-Attackwp-login.php" was not found.
REMOTE_ADDR: 117.28.182.194
HTTP_REFERER: 
requested: array(5) {
  ["lang"] => string(2) "en"
  ["action"] => string(7) "archive"
  ["key"] => string(42) "2010-09-09_A-Brute-Font-Attackwp-login.php"
  ["module"] => string(7) "default"
  ["controller"] => string(5) "index"
}


--------------------------------------------------------------------------------
2010-12-15T03:51:57+00:00 ERR (3) 404 "2010-09-09_A-Brute-Font-Attackrss.xml" was not found.
REMOTE_ADDR: 117.28.182.194
HTTP_REFERER: 
requested: array(5) {
  ["lang"] => string(2) "en"
  ["action"] => string(7) "archive"
  ["key"] => string(37) "2010-09-09_A-Brute-Font-Attackrss.xml"
  ["module"] => string(7) "default"
  ["controller"] => string(5) "index"
}


--------------------------------------------------------------------------------
2010-12-15T03:52:00+00:00 ERR (3) 404 "2010-09-09_A-Brute-Font-Attackguestbook.php" was not found.
REMOTE_ADDR: 117.28.182.194
HTTP_REFERER: 
requested: array(5) {
  ["lang"] => string(2) "en"
  ["action"] => string(7) "archive"
  ["key"] => string(43) "2010-09-09_A-Brute-Font-Attackguestbook.php"
  ["module"] => string(7) "default"
  ["controller"] => string(5) "index"
}


--------------------------------------------------------------------------------
2010-12-15T03:52:05+00:00 ERR (3) 404 "2010-09-09_A-Brute-Font-AttackControl.ashx" was not found.
REMOTE_ADDR: 117.28.182.194
HTTP_REFERER: 
requested: array(5) {
  ["lang"] => string(2) "en"
  ["action"] => string(7) "archive"
  ["key"] => string(42) "2010-09-09_A-Brute-Font-AttackControl.ashx"
  ["module"] => string(7) "default"
  ["controller"] => string(5) "index"
}


--------------------------------------------------------------------------------
2010-12-15T06:37:00+00:00 ERR (3) 404 Seite nicht gefunden
REMOTE_ADDR: 193.107.16.253
HTTP_REFERER: http://graphicore.de/forum/index.php
requested: array(3) {
  ["controller"] => string(5) "forum"
  ["action"] => string(9) "index.php"
  ["module"] => string(7) "default"
}


--------------------------------------------------------------------------------
