2017-08-04T00:32:38+00:00 ERR (3) 404 "" was not found.
REMOTE_ADDR: 78.46.60.19
HTTP_REFERER: 
requested: array(5) {
  ["lang"] => string(2) "de"
  ["action"] => string(7) "archive"
  ["module"] => string(7) "default"
  ["controller"] => string(5) "index"
  ["key"] => string(0) ""
}


--------------------------------------------------------------------------------
2017-08-04T00:34:19+00:00 ERR (3) 404 "hire-lasse" was not found.
REMOTE_ADDR: 78.46.60.19
HTTP_REFERER: 
requested: array(5) {
  ["lang"] => string(2) "de"
  ["action"] => string(4) "page"
  ["key"] => string(10) "hire-lasse"
  ["module"] => string(7) "default"
  ["controller"] => string(5) "index"
}


--------------------------------------------------------------------------------
2017-08-04T00:34:21+00:00 ERR (3) 404 "" was not found.
REMOTE_ADDR: 78.46.60.19
HTTP_REFERER: 
requested: array(5) {
  ["lang"] => string(2) "en"
  ["action"] => string(7) "archive"
  ["module"] => string(7) "default"
  ["controller"] => string(5) "index"
  ["key"] => string(0) ""
}


--------------------------------------------------------------------------------
2017-08-04T02:25:30+00:00 ERR (3) 404 Seite nicht gefunden
REMOTE_ADDR: 88.99.255.182
HTTP_REFERER: http://graphicore.de/logo_img.php
requested: array(3) {
  ["controller"] => string(12) "logo_img.php"
  ["action"] => string(5) "index"
  ["module"] => string(7) "default"
}


--------------------------------------------------------------------------------
2017-08-04T18:10:00+00:00 ERR (3) 404 "hire-lasse" was not found.
REMOTE_ADDR: 157.55.39.112
HTTP_REFERER: 
requested: array(5) {
  ["lang"] => string(2) "de"
  ["action"] => string(4) "page"
  ["key"] => string(10) "hire-lasse"
  ["module"] => string(7) "default"
  ["controller"] => string(5) "index"
}


--------------------------------------------------------------------------------
2017-08-04T23:41:16+00:00 ERR (3) 404 Seite nicht gefunden
REMOTE_ADDR: 209.90.232.106
HTTP_REFERER: 
requested: array(3) {
  ["controller"] => string(6) "https:"
  ["action"] => string(19) "silber-und-blei.com"
  ["module"] => string(7) "default"
}


--------------------------------------------------------------------------------
2017-08-04T23:41:19+00:00 ERR (3) 404 Seite nicht gefunden
REMOTE_ADDR: 209.90.232.106
HTTP_REFERER: 
requested: array(3) {
  ["controller"] => string(2) "js"
  ["action"] => string(1) "'"
  ["module"] => string(7) "default"
}


--------------------------------------------------------------------------------
