2019-02-25T05:40:11+00:00 ERR (3) 404 Seite nicht gefunden
REMOTE_ADDR: 77.222.114.95
HTTP_REFERER: 
requested: array(3) {
  ["controller"] => string(10) "phpmyadmin"
  ["action"] => string(5) "index"
  ["module"] => string(7) "default"
}


--------------------------------------------------------------------------------
2019-02-25T05:40:13+00:00 ERR (3) 404 Seite nicht gefunden
REMOTE_ADDR: 77.222.114.95
HTTP_REFERER: 
requested: array(3) {
  ["controller"] => string(10) "phpMyAdmin"
  ["action"] => string(5) "index"
  ["module"] => string(7) "default"
}


--------------------------------------------------------------------------------
2019-02-25T05:40:14+00:00 ERR (3) 404 Seite nicht gefunden
REMOTE_ADDR: 77.222.114.95
HTTP_REFERER: 
requested: array(3) {
  ["controller"] => string(3) "pma"
  ["action"] => string(5) "index"
  ["module"] => string(7) "default"
}


--------------------------------------------------------------------------------
2019-02-25T05:40:15+00:00 ERR (3) 404 Seite nicht gefunden
REMOTE_ADDR: 77.222.114.95
HTTP_REFERER: 
requested: array(3) {
  ["controller"] => string(7) "myadmin"
  ["action"] => string(5) "index"
  ["module"] => string(7) "default"
}


--------------------------------------------------------------------------------
2019-02-25T05:40:16+00:00 ERR (3) 404 Seite nicht gefunden
REMOTE_ADDR: 77.222.114.95
HTTP_REFERER: 
requested: array(3) {
  ["controller"] => string(3) "sql"
  ["action"] => string(5) "index"
  ["module"] => string(7) "default"
}


--------------------------------------------------------------------------------
2019-02-25T07:44:46+00:00 ERR (3) 404 "hire-lasse" was not found.
REMOTE_ADDR: 185.26.92.74
HTTP_REFERER: 
requested: array(5) {
  ["lang"] => string(2) "en"
  ["action"] => string(4) "page"
  ["key"] => string(10) "hire-lasse"
  ["module"] => string(7) "default"
  ["controller"] => string(5) "index"
}


--------------------------------------------------------------------------------
2019-02-25T17:13:35+00:00 ERR (3) 404 "hire-lasse" was not found.
REMOTE_ADDR: 85.25.210.41
HTTP_REFERER: 
requested: array(5) {
  ["lang"] => string(2) "en"
  ["action"] => string(4) "page"
  ["key"] => string(10) "hire-lasse"
  ["module"] => string(7) "default"
  ["controller"] => string(5) "index"
}


--------------------------------------------------------------------------------
2019-02-25T17:32:52+00:00 ERR (3) 404 "hire-lasse" was not found.
REMOTE_ADDR: 85.25.210.234
HTTP_REFERER: 
requested: array(5) {
  ["lang"] => string(2) "de"
  ["action"] => string(4) "page"
  ["key"] => string(10) "hire-lasse"
  ["module"] => string(7) "default"
  ["controller"] => string(5) "index"
}


--------------------------------------------------------------------------------
2019-02-25T18:31:16+00:00 ERR (3) 404 "competences" was not found.
REMOTE_ADDR: 62.138.0.25
HTTP_REFERER: 
requested: array(5) {
  ["lang"] => string(2) "en"
  ["action"] => string(4) "page"
  ["key"] => string(11) "competences"
  ["module"] => string(7) "default"
  ["controller"] => string(5) "index"
}


--------------------------------------------------------------------------------
