2017-10-22T00:07:49+00:00 ERR (3) 404 Seite nicht gefunden
REMOTE_ADDR: 201.241.100.57
HTTP_REFERER: 
requested: array(3) {
  ["controller"] => string(12) "wp-login.php"
  ["action"] => string(5) "index"
  ["module"] => string(7) "default"
}


--------------------------------------------------------------------------------
2017-10-22T00:21:52+00:00 ERR (3) 404 Seite nicht gefunden
REMOTE_ADDR: 5.29.34.93
HTTP_REFERER: 
requested: array(3) {
  ["controller"] => string(12) "wp-login.php"
  ["action"] => string(5) "index"
  ["module"] => string(7) "default"
}


--------------------------------------------------------------------------------
2017-10-22T00:56:08+00:00 ERR (3) 404 Seite nicht gefunden
REMOTE_ADDR: 113.210.114.178
HTTP_REFERER: 
requested: array(3) {
  ["controller"] => string(12) "wp-login.php"
  ["action"] => string(5) "index"
  ["module"] => string(7) "default"
}


--------------------------------------------------------------------------------
2017-10-22T01:04:53+00:00 ERR (3) 404 Seite nicht gefunden
REMOTE_ADDR: 93.37.176.149
HTTP_REFERER: 
requested: array(3) {
  ["controller"] => string(12) "wp-login.php"
  ["action"] => string(5) "index"
  ["module"] => string(7) "default"
}


--------------------------------------------------------------------------------
2017-10-22T01:48:52+00:00 ERR (3) 404 Seite nicht gefunden
REMOTE_ADDR: 83.180.125.237
HTTP_REFERER: 
requested: array(3) {
  ["controller"] => string(12) "wp-login.php"
  ["action"] => string(5) "index"
  ["module"] => string(7) "default"
}


--------------------------------------------------------------------------------
2017-10-22T01:57:05+00:00 ERR (3) 404 Seite nicht gefunden
REMOTE_ADDR: 202.136.92.40
HTTP_REFERER: 
requested: array(3) {
  ["controller"] => string(12) "wp-login.php"
  ["action"] => string(5) "index"
  ["module"] => string(7) "default"
}


--------------------------------------------------------------------------------
2017-10-22T03:04:51+00:00 ERR (3) 404 Seite nicht gefunden
REMOTE_ADDR: 86.35.157.186
HTTP_REFERER: 
requested: array(3) {
  ["controller"] => string(12) "wp-login.php"
  ["action"] => string(5) "index"
  ["module"] => string(7) "default"
}


--------------------------------------------------------------------------------
2017-10-22T03:08:01+00:00 ERR (3) 404 Seite nicht gefunden
REMOTE_ADDR: 120.29.65.240
HTTP_REFERER: 
requested: array(3) {
  ["controller"] => string(12) "wp-login.php"
  ["action"] => string(5) "index"
  ["module"] => string(7) "default"
}


--------------------------------------------------------------------------------
2017-10-22T03:34:05+00:00 ERR (3) 404 Seite nicht gefunden
REMOTE_ADDR: 177.155.124.75
HTTP_REFERER: 
requested: array(3) {
  ["controller"] => string(12) "wp-login.php"
  ["action"] => string(5) "index"
  ["module"] => string(7) "default"
}


--------------------------------------------------------------------------------
2017-10-22T03:43:30+00:00 ERR (3) 404 Seite nicht gefunden
REMOTE_ADDR: 201.231.120.249
HTTP_REFERER: 
requested: array(3) {
  ["controller"] => string(12) "wp-login.php"
  ["action"] => string(5) "index"
  ["module"] => string(7) "default"
}


--------------------------------------------------------------------------------
2017-10-22T03:50:21+00:00 ERR (3) 404 Seite nicht gefunden
REMOTE_ADDR: 213.8.204.31
HTTP_REFERER: 
requested: array(3) {
  ["controller"] => string(12) "wp-login.php"
  ["action"] => string(5) "index"
  ["module"] => string(7) "default"
}


--------------------------------------------------------------------------------
2017-10-22T04:17:12+00:00 ERR (3) 404 Seite nicht gefunden
REMOTE_ADDR: 180.190.90.81
HTTP_REFERER: 
requested: array(3) {
  ["controller"] => string(12) "wp-login.php"
  ["action"] => string(5) "index"
  ["module"] => string(7) "default"
}


--------------------------------------------------------------------------------
2017-10-22T04:36:01+00:00 ERR (3) 404 Seite nicht gefunden
REMOTE_ADDR: 191.189.21.81
HTTP_REFERER: 
requested: array(3) {
  ["controller"] => string(12) "wp-login.php"
  ["action"] => string(5) "index"
  ["module"] => string(7) "default"
}


--------------------------------------------------------------------------------
2017-10-22T05:27:52+00:00 ERR (3) 404 Seite nicht gefunden
REMOTE_ADDR: 69.70.80.22
HTTP_REFERER: 
requested: array(3) {
  ["controller"] => string(12) "wp-login.php"
  ["action"] => string(5) "index"
  ["module"] => string(7) "default"
}


--------------------------------------------------------------------------------
2017-10-22T05:49:01+00:00 ERR (3) 404 Seite nicht gefunden
REMOTE_ADDR: 182.179.185.197
HTTP_REFERER: 
requested: array(3) {
  ["controller"] => string(12) "wp-login.php"
  ["action"] => string(5) "index"
  ["module"] => string(7) "default"
}


--------------------------------------------------------------------------------
2017-10-22T05:52:14+00:00 ERR (3) 404 Page not found
REMOTE_ADDR: 176.126.252.11
HTTP_REFERER: 
requested: array(3) {
  ["controller"] => string(6) "id_rsa"
  ["action"] => string(5) "index"
  ["module"] => string(7) "default"
}


--------------------------------------------------------------------------------
2017-10-22T05:52:15+00:00 ERR (3) 404 Page not found
REMOTE_ADDR: 176.126.252.11
HTTP_REFERER: 
requested: array(3) {
  ["controller"] => string(4) ".ssh"
  ["action"] => string(6) "id_rsa"
  ["module"] => string(7) "default"
}


--------------------------------------------------------------------------------
2017-10-22T05:52:15+00:00 ERR (3) 404 Page not found
REMOTE_ADDR: 176.126.252.11
HTTP_REFERER: 
requested: array(3) {
  ["controller"] => string(4) "root"
  ["action"] => string(4) ".ssh"
  ["module"] => string(7) "default"
}


--------------------------------------------------------------------------------
2017-10-22T05:52:16+00:00 ERR (3) 404 Page not found
REMOTE_ADDR: 176.126.252.11
HTTP_REFERER: 
requested: array(3) {
  ["controller"] => string(6) "id_dsa"
  ["action"] => string(5) "index"
  ["module"] => string(7) "default"
}


--------------------------------------------------------------------------------
2017-10-22T05:52:17+00:00 ERR (3) 404 Page not found
REMOTE_ADDR: 176.126.252.11
HTTP_REFERER: 
requested: array(3) {
  ["controller"] => string(4) ".ssh"
  ["action"] => string(6) "id_dsa"
  ["module"] => string(7) "default"
}


--------------------------------------------------------------------------------
2017-10-22T05:52:18+00:00 ERR (3) 404 Page not found
REMOTE_ADDR: 176.126.252.11
HTTP_REFERER: 
requested: array(3) {
  ["controller"] => string(4) "root"
  ["action"] => string(4) ".ssh"
  ["module"] => string(7) "default"
}


--------------------------------------------------------------------------------
2017-10-22T07:00:38+00:00 ERR (3) 404 Seite nicht gefunden
REMOTE_ADDR: 41.141.128.123
HTTP_REFERER: 
requested: array(3) {
  ["controller"] => string(12) "wp-login.php"
  ["action"] => string(5) "index"
  ["module"] => string(7) "default"
}


--------------------------------------------------------------------------------
2017-10-22T07:09:11+00:00 ERR (3) 404 "en" was not found.
REMOTE_ADDR: 142.4.200.37
HTTP_REFERER: 
requested: array(5) {
  ["lang"] => string(2) "en"
  ["action"] => string(7) "archive"
  ["key"] => string(2) "en"
  ["module"] => string(7) "default"
  ["controller"] => string(5) "index"
}


--------------------------------------------------------------------------------
2017-10-22T07:18:20+00:00 ERR (3) 404 Seite nicht gefunden
REMOTE_ADDR: 77.103.31.235
HTTP_REFERER: 
requested: array(3) {
  ["controller"] => string(12) "wp-login.php"
  ["action"] => string(5) "index"
  ["module"] => string(7) "default"
}


--------------------------------------------------------------------------------
2017-10-22T07:31:31+00:00 ERR (3) 404 Seite nicht gefunden
REMOTE_ADDR: 181.29.237.35
HTTP_REFERER: 
requested: array(3) {
  ["controller"] => string(12) "wp-login.php"
  ["action"] => string(5) "index"
  ["module"] => string(7) "default"
}


--------------------------------------------------------------------------------
2017-10-22T07:59:16+00:00 ERR (3) 404 Seite nicht gefunden
REMOTE_ADDR: 125.188.181.59
HTTP_REFERER: 
requested: array(3) {
  ["controller"] => string(12) "wp-login.php"
  ["action"] => string(5) "index"
  ["module"] => string(7) "default"
}


--------------------------------------------------------------------------------
2017-10-22T08:25:39+00:00 ERR (3) 404 Seite nicht gefunden
REMOTE_ADDR: 86.236.249.249
HTTP_REFERER: 
requested: array(3) {
  ["controller"] => string(12) "wp-login.php"
  ["action"] => string(5) "index"
  ["module"] => string(7) "default"
}


--------------------------------------------------------------------------------
2017-10-22T09:14:02+00:00 ERR (3) 404 Seite nicht gefunden
REMOTE_ADDR: 202.91.207.134
HTTP_REFERER: 
requested: array(3) {
  ["controller"] => string(12) "wp-login.php"
  ["action"] => string(5) "index"
  ["module"] => string(7) "default"
}


--------------------------------------------------------------------------------
2017-10-22T09:37:13+00:00 ERR (3) 404 Seite nicht gefunden
REMOTE_ADDR: 112.200.111.197
HTTP_REFERER: 
requested: array(3) {
  ["controller"] => string(12) "wp-login.php"
  ["action"] => string(5) "index"
  ["module"] => string(7) "default"
}


--------------------------------------------------------------------------------
2017-10-22T09:44:08+00:00 ERR (3) 404 Seite nicht gefunden
REMOTE_ADDR: 170.246.124.31
HTTP_REFERER: 
requested: array(3) {
  ["controller"] => string(12) "wp-login.php"
  ["action"] => string(5) "index"
  ["module"] => string(7) "default"
}


--------------------------------------------------------------------------------
2017-10-22T10:22:05+00:00 ERR (3) 404 Seite nicht gefunden
REMOTE_ADDR: 163.47.36.130
HTTP_REFERER: 
requested: array(3) {
  ["controller"] => string(12) "wp-login.php"
  ["action"] => string(5) "index"
  ["module"] => string(7) "default"
}


--------------------------------------------------------------------------------
2017-10-22T10:26:24+00:00 ERR (3) 404 Seite nicht gefunden
REMOTE_ADDR: 190.236.205.88
HTTP_REFERER: 
requested: array(3) {
  ["controller"] => string(12) "wp-login.php"
  ["action"] => string(5) "index"
  ["module"] => string(7) "default"
}


--------------------------------------------------------------------------------
2017-10-22T10:45:09+00:00 ERR (3) 404 Seite nicht gefunden
REMOTE_ADDR: 158.181.40.39
HTTP_REFERER: 
requested: array(3) {
  ["controller"] => string(12) "wp-login.php"
  ["action"] => string(5) "index"
  ["module"] => string(7) "default"
}


--------------------------------------------------------------------------------
2017-10-22T10:46:03+00:00 ERR (3) 404 Seite nicht gefunden
REMOTE_ADDR: 103.216.179.66
HTTP_REFERER: 
requested: array(3) {
  ["controller"] => string(12) "wp-login.php"
  ["action"] => string(5) "index"
  ["module"] => string(7) "default"
}


--------------------------------------------------------------------------------
2017-10-22T11:05:22+00:00 ERR (3) 404 Seite nicht gefunden
REMOTE_ADDR: 112.198.223.34
HTTP_REFERER: 
requested: array(3) {
  ["controller"] => string(12) "wp-login.php"
  ["action"] => string(5) "index"
  ["module"] => string(7) "default"
}


--------------------------------------------------------------------------------
2017-10-22T11:15:17+00:00 ERR (3) 404 Seite nicht gefunden
REMOTE_ADDR: 190.195.98.5
HTTP_REFERER: 
requested: array(3) {
  ["controller"] => string(12) "wp-login.php"
  ["action"] => string(5) "index"
  ["module"] => string(7) "default"
}


--------------------------------------------------------------------------------
2017-10-22T11:52:55+00:00 ERR (3) 404 Seite nicht gefunden
REMOTE_ADDR: 95.18.2.80
HTTP_REFERER: 
requested: array(3) {
  ["controller"] => string(12) "wp-login.php"
  ["action"] => string(5) "index"
  ["module"] => string(7) "default"
}


--------------------------------------------------------------------------------
2017-10-22T12:08:05+00:00 ERR (3) 404 Seite nicht gefunden
REMOTE_ADDR: 175.144.200.211
HTTP_REFERER: 
requested: array(3) {
  ["controller"] => string(12) "wp-login.php"
  ["action"] => string(5) "index"
  ["module"] => string(7) "default"
}


--------------------------------------------------------------------------------
2017-10-22T12:19:52+00:00 ERR (3) 404 Seite nicht gefunden
REMOTE_ADDR: 182.57.243.75
HTTP_REFERER: 
requested: array(3) {
  ["controller"] => string(12) "wp-login.php"
  ["action"] => string(5) "index"
  ["module"] => string(7) "default"
}


--------------------------------------------------------------------------------
2017-10-22T12:47:45+00:00 ERR (3) 404 Seite nicht gefunden
REMOTE_ADDR: 39.115.36.68
HTTP_REFERER: 
requested: array(3) {
  ["controller"] => string(12) "wp-login.php"
  ["action"] => string(5) "index"
  ["module"] => string(7) "default"
}


--------------------------------------------------------------------------------
2017-10-22T12:52:27+00:00 ERR (3) 404 Seite nicht gefunden
REMOTE_ADDR: 118.45.212.198
HTTP_REFERER: 
requested: array(3) {
  ["controller"] => string(12) "wp-login.php"
  ["action"] => string(5) "index"
  ["module"] => string(7) "default"
}


--------------------------------------------------------------------------------
2017-10-22T12:56:42+00:00 ERR (3) 404 Seite nicht gefunden
REMOTE_ADDR: 24.108.214.211
HTTP_REFERER: 
requested: array(3) {
  ["controller"] => string(12) "wp-login.php"
  ["action"] => string(5) "index"
  ["module"] => string(7) "default"
}


--------------------------------------------------------------------------------
2017-10-22T13:13:57+00:00 ERR (3) 404 Seite nicht gefunden
REMOTE_ADDR: 99.1.184.19
HTTP_REFERER: 
requested: array(3) {
  ["controller"] => string(12) "wp-login.php"
  ["action"] => string(5) "index"
  ["module"] => string(7) "default"
}


--------------------------------------------------------------------------------
2017-10-22T13:14:51+00:00 ERR (3) 404 Seite nicht gefunden
REMOTE_ADDR: 85.204.10.16
HTTP_REFERER: 
requested: array(3) {
  ["controller"] => string(12) "wp-login.php"
  ["action"] => string(5) "index"
  ["module"] => string(7) "default"
}


--------------------------------------------------------------------------------
2017-10-22T13:47:23+00:00 ERR (3) 404 Seite nicht gefunden
REMOTE_ADDR: 89.66.171.247
HTTP_REFERER: 
requested: array(3) {
  ["controller"] => string(12) "wp-login.php"
  ["action"] => string(5) "index"
  ["module"] => string(7) "default"
}


--------------------------------------------------------------------------------
2017-10-22T14:03:24+00:00 ERR (3) 404 Seite nicht gefunden
REMOTE_ADDR: 122.162.207.28
HTTP_REFERER: 
requested: array(3) {
  ["controller"] => string(12) "wp-login.php"
  ["action"] => string(5) "index"
  ["module"] => string(7) "default"
}


--------------------------------------------------------------------------------
2017-10-22T14:20:06+00:00 ERR (3) 404 Seite nicht gefunden
REMOTE_ADDR: 77.242.26.217
HTTP_REFERER: 
requested: array(3) {
  ["controller"] => string(12) "wp-login.php"
  ["action"] => string(5) "index"
  ["module"] => string(7) "default"
}


--------------------------------------------------------------------------------
2017-10-22T14:29:41+00:00 ERR (3) 404 Seite nicht gefunden
REMOTE_ADDR: 81.202.117.129
HTTP_REFERER: 
requested: array(3) {
  ["controller"] => string(12) "wp-login.php"
  ["action"] => string(5) "index"
  ["module"] => string(7) "default"
}


--------------------------------------------------------------------------------
2017-10-22T14:35:49+00:00 ERR (3) 404 Seite nicht gefunden
REMOTE_ADDR: 124.83.109.72
HTTP_REFERER: 
requested: array(3) {
  ["controller"] => string(12) "wp-login.php"
  ["action"] => string(5) "index"
  ["module"] => string(7) "default"
}


--------------------------------------------------------------------------------
2017-10-22T14:37:38+00:00 ERR (3) 404 Seite nicht gefunden
REMOTE_ADDR: 62.4.55.202
HTTP_REFERER: 
requested: array(3) {
  ["controller"] => string(12) "wp-login.php"
  ["action"] => string(5) "index"
  ["module"] => string(7) "default"
}


--------------------------------------------------------------------------------
2017-10-22T14:39:15+00:00 ERR (3) 404 Seite nicht gefunden
REMOTE_ADDR: 138.75.56.231
HTTP_REFERER: 
requested: array(3) {
  ["controller"] => string(12) "wp-login.php"
  ["action"] => string(5) "index"
  ["module"] => string(7) "default"
}


--------------------------------------------------------------------------------
2017-10-22T14:46:00+00:00 ERR (3) 404 Seite nicht gefunden
REMOTE_ADDR: 183.109.88.94
HTTP_REFERER: 
requested: array(3) {
  ["controller"] => string(12) "wp-login.php"
  ["action"] => string(5) "index"
  ["module"] => string(7) "default"
}


--------------------------------------------------------------------------------
2017-10-22T14:50:57+00:00 ERR (3) 404 Seite nicht gefunden
REMOTE_ADDR: 184.82.229.80
HTTP_REFERER: 
requested: array(3) {
  ["controller"] => string(12) "wp-login.php"
  ["action"] => string(5) "index"
  ["module"] => string(7) "default"
}


--------------------------------------------------------------------------------
2017-10-22T14:51:00+00:00 ERR (3) 404 Seite nicht gefunden
REMOTE_ADDR: 79.166.134.248
HTTP_REFERER: 
requested: array(3) {
  ["controller"] => string(12) "wp-login.php"
  ["action"] => string(5) "index"
  ["module"] => string(7) "default"
}


--------------------------------------------------------------------------------
2017-10-22T14:52:01+00:00 ERR (3) 404 Seite nicht gefunden
REMOTE_ADDR: 49.148.177.195
HTTP_REFERER: 
requested: array(3) {
  ["controller"] => string(12) "wp-login.php"
  ["action"] => string(5) "index"
  ["module"] => string(7) "default"
}


--------------------------------------------------------------------------------
2017-10-22T15:13:39+00:00 ERR (3) 404 "hire-lasse" was not found.
REMOTE_ADDR: 23.237.4.26
HTTP_REFERER: 
requested: array(5) {
  ["lang"] => string(2) "de"
  ["action"] => string(4) "page"
  ["key"] => string(10) "hire-lasse"
  ["module"] => string(7) "default"
  ["controller"] => string(5) "index"
}


--------------------------------------------------------------------------------
2017-10-22T15:13:43+00:00 ERR (3) 404 "hire-lasse" was not found.
REMOTE_ADDR: 23.237.4.26
HTTP_REFERER: 
requested: array(5) {
  ["lang"] => string(2) "en"
  ["action"] => string(4) "page"
  ["key"] => string(10) "hire-lasse"
  ["module"] => string(7) "default"
  ["controller"] => string(5) "index"
}


--------------------------------------------------------------------------------
2017-10-22T15:34:12+00:00 ERR (3) 404 Seite nicht gefunden
REMOTE_ADDR: 46.38.127.69
HTTP_REFERER: http://graphicore.de/forum/
requested: array(3) {
  ["controller"] => string(5) "forum"
  ["action"] => string(5) "index"
  ["module"] => string(7) "default"
}


--------------------------------------------------------------------------------
2017-10-22T15:44:23+00:00 ERR (3) 404 Seite nicht gefunden
REMOTE_ADDR: 2.86.141.114
HTTP_REFERER: 
requested: array(3) {
  ["controller"] => string(12) "wp-login.php"
  ["action"] => string(5) "index"
  ["module"] => string(7) "default"
}


--------------------------------------------------------------------------------
2017-10-22T16:25:23+00:00 ERR (3) 404 Seite nicht gefunden
REMOTE_ADDR: 151.45.164.112
HTTP_REFERER: 
requested: array(3) {
  ["controller"] => string(12) "wp-login.php"
  ["action"] => string(5) "index"
  ["module"] => string(7) "default"
}


--------------------------------------------------------------------------------
2017-10-22T16:29:55+00:00 ERR (3) 404 Seite nicht gefunden
REMOTE_ADDR: 192.40.59.166
HTTP_REFERER: 
requested: array(3) {
  ["controller"] => string(12) "wp-login.php"
  ["action"] => string(5) "index"
  ["module"] => string(7) "default"
}


--------------------------------------------------------------------------------
2017-10-22T16:31:31+00:00 ERR (3) 404 Seite nicht gefunden
REMOTE_ADDR: 173.247.17.8
HTTP_REFERER: 
requested: array(3) {
  ["controller"] => string(12) "wp-login.php"
  ["action"] => string(5) "index"
  ["module"] => string(7) "default"
}


--------------------------------------------------------------------------------
2017-10-22T17:30:31+00:00 ERR (3) 404 Seite nicht gefunden
REMOTE_ADDR: 95.171.137.27
HTTP_REFERER: 
requested: array(3) {
  ["controller"] => string(12) "wp-login.php"
  ["action"] => string(5) "index"
  ["module"] => string(7) "default"
}


--------------------------------------------------------------------------------
2017-10-22T17:32:00+00:00 ERR (3) 404 Seite nicht gefunden
REMOTE_ADDR: 82.60.169.115
HTTP_REFERER: 
requested: array(3) {
  ["controller"] => string(12) "wp-login.php"
  ["action"] => string(5) "index"
  ["module"] => string(7) "default"
}


--------------------------------------------------------------------------------
2017-10-22T17:35:53+00:00 ERR (3) 404 Seite nicht gefunden
REMOTE_ADDR: 180.191.126.90
HTTP_REFERER: 
requested: array(3) {
  ["controller"] => string(12) "wp-login.php"
  ["action"] => string(5) "index"
  ["module"] => string(7) "default"
}


--------------------------------------------------------------------------------
2017-10-22T17:42:07+00:00 ERR (3) 404 Seite nicht gefunden
REMOTE_ADDR: 212.76.98.133
HTTP_REFERER: 
requested: array(3) {
  ["controller"] => string(12) "wp-login.php"
  ["action"] => string(5) "index"
  ["module"] => string(7) "default"
}


--------------------------------------------------------------------------------
2017-10-22T17:43:06+00:00 ERR (3) 404 Seite nicht gefunden
REMOTE_ADDR: 78.61.15.78
HTTP_REFERER: 
requested: array(3) {
  ["controller"] => string(12) "wp-login.php"
  ["action"] => string(5) "index"
  ["module"] => string(7) "default"
}


--------------------------------------------------------------------------------
2017-10-22T17:47:48+00:00 ERR (3) 404 Seite nicht gefunden
REMOTE_ADDR: 86.183.152.42
HTTP_REFERER: 
requested: array(3) {
  ["controller"] => string(12) "wp-login.php"
  ["action"] => string(5) "index"
  ["module"] => string(7) "default"
}


--------------------------------------------------------------------------------
2017-10-22T17:49:18+00:00 ERR (3) 404 Seite nicht gefunden
REMOTE_ADDR: 111.92.72.235
HTTP_REFERER: 
requested: array(3) {
  ["controller"] => string(12) "wp-login.php"
  ["action"] => string(5) "index"
  ["module"] => string(7) "default"
}


--------------------------------------------------------------------------------
2017-10-22T17:55:14+00:00 ERR (3) 404 Page not found
REMOTE_ADDR: 46.183.218.199
HTTP_REFERER: 
requested: array(3) {
  ["controller"] => string(4) "root"
  ["action"] => string(4) ".ssh"
  ["module"] => string(7) "default"
}


--------------------------------------------------------------------------------
2017-10-22T17:55:23+00:00 ERR (3) 404 Page not found
REMOTE_ADDR: 176.126.252.12
HTTP_REFERER: 
requested: array(3) {
  ["controller"] => string(6) "id_dsa"
  ["action"] => string(5) "index"
  ["module"] => string(7) "default"
}


--------------------------------------------------------------------------------
2017-10-22T17:55:31+00:00 ERR (3) 404 Page not found
REMOTE_ADDR: 51.15.79.107
HTTP_REFERER: 
requested: array(3) {
  ["controller"] => string(4) ".ssh"
  ["action"] => string(6) "id_dsa"
  ["module"] => string(7) "default"
}


--------------------------------------------------------------------------------
2017-10-22T17:55:35+00:00 ERR (3) 404 Page not found
REMOTE_ADDR: 51.15.79.107
HTTP_REFERER: 
requested: array(3) {
  ["controller"] => string(4) "root"
  ["action"] => string(4) ".ssh"
  ["module"] => string(7) "default"
}


--------------------------------------------------------------------------------
2017-10-22T18:11:53+00:00 ERR (3) 404 Seite nicht gefunden
REMOTE_ADDR: 61.0.44.52
HTTP_REFERER: 
requested: array(3) {
  ["controller"] => string(12) "wp-login.php"
  ["action"] => string(5) "index"
  ["module"] => string(7) "default"
}


--------------------------------------------------------------------------------
2017-10-22T18:12:25+00:00 ERR (3) 404 Seite nicht gefunden
REMOTE_ADDR: 201.241.216.125
HTTP_REFERER: 
requested: array(3) {
  ["controller"] => string(12) "wp-login.php"
  ["action"] => string(5) "index"
  ["module"] => string(7) "default"
}


--------------------------------------------------------------------------------
2017-10-22T18:18:26+00:00 ERR (3) 404 Seite nicht gefunden
REMOTE_ADDR: 156.205.101.77
HTTP_REFERER: 
requested: array(3) {
  ["controller"] => string(12) "wp-login.php"
  ["action"] => string(5) "index"
  ["module"] => string(7) "default"
}


--------------------------------------------------------------------------------
2017-10-22T18:20:01+00:00 ERR (3) 404 Seite nicht gefunden
REMOTE_ADDR: 152.111.89.127
HTTP_REFERER: 
requested: array(3) {
  ["controller"] => string(12) "wp-login.php"
  ["action"] => string(5) "index"
  ["module"] => string(7) "default"
}


--------------------------------------------------------------------------------
2017-10-22T18:34:09+00:00 ERR (3) 404 Seite nicht gefunden
REMOTE_ADDR: 136.206.236.152
HTTP_REFERER: 
requested: array(3) {
  ["controller"] => string(12) "wp-login.php"
  ["action"] => string(5) "index"
  ["module"] => string(7) "default"
}


--------------------------------------------------------------------------------
2017-10-22T18:47:48+00:00 ERR (3) 404 Seite nicht gefunden
REMOTE_ADDR: 37.111.129.5
HTTP_REFERER: 
requested: array(3) {
  ["controller"] => string(12) "wp-login.php"
  ["action"] => string(5) "index"
  ["module"] => string(7) "default"
}


--------------------------------------------------------------------------------
2017-10-22T18:53:47+00:00 ERR (3) 404 Seite nicht gefunden
REMOTE_ADDR: 138.219.200.88
HTTP_REFERER: 
requested: array(3) {
  ["controller"] => string(12) "wp-login.php"
  ["action"] => string(5) "index"
  ["module"] => string(7) "default"
}


--------------------------------------------------------------------------------
2017-10-22T18:55:42+00:00 ERR (3) 404 Seite nicht gefunden
REMOTE_ADDR: 89.64.61.22
HTTP_REFERER: 
requested: array(3) {
  ["controller"] => string(12) "wp-login.php"
  ["action"] => string(5) "index"
  ["module"] => string(7) "default"
}


--------------------------------------------------------------------------------
2017-10-22T18:58:54+00:00 ERR (3) 404 Seite nicht gefunden
REMOTE_ADDR: 78.63.153.189
HTTP_REFERER: 
requested: array(3) {
  ["controller"] => string(12) "wp-login.php"
  ["action"] => string(5) "index"
  ["module"] => string(7) "default"
}


--------------------------------------------------------------------------------
2017-10-22T19:03:51+00:00 ERR (3) 404 Seite nicht gefunden
REMOTE_ADDR: 217.73.141.184
HTTP_REFERER: 
requested: array(3) {
  ["controller"] => string(12) "wp-login.php"
  ["action"] => string(5) "index"
  ["module"] => string(7) "default"
}


--------------------------------------------------------------------------------
2017-10-22T19:10:28+00:00 ERR (3) 404 Seite nicht gefunden
REMOTE_ADDR: 80.236.89.19
HTTP_REFERER: 
requested: array(3) {
  ["controller"] => string(12) "wp-login.php"
  ["action"] => string(5) "index"
  ["module"] => string(7) "default"
}


--------------------------------------------------------------------------------
2017-10-22T19:34:33+00:00 ERR (3) 404 Seite nicht gefunden
REMOTE_ADDR: 88.182.56.2
HTTP_REFERER: 
requested: array(3) {
  ["controller"] => string(12) "wp-login.php"
  ["action"] => string(5) "index"
  ["module"] => string(7) "default"
}


--------------------------------------------------------------------------------
2017-10-22T19:42:51+00:00 ERR (3) 404 Seite nicht gefunden
REMOTE_ADDR: 109.252.90.85
HTTP_REFERER: 
requested: array(3) {
  ["controller"] => string(12) "wp-login.php"
  ["action"] => string(5) "index"
  ["module"] => string(7) "default"
}


--------------------------------------------------------------------------------
2017-10-22T19:44:45+00:00 ERR (3) 404 Seite nicht gefunden
REMOTE_ADDR: 108.193.108.146
HTTP_REFERER: 
requested: array(3) {
  ["controller"] => string(12) "wp-login.php"
  ["action"] => string(5) "index"
  ["module"] => string(7) "default"
}


--------------------------------------------------------------------------------
2017-10-22T19:54:12+00:00 ERR (3) 404 Seite nicht gefunden
REMOTE_ADDR: 41.189.161.37
HTTP_REFERER: 
requested: array(3) {
  ["controller"] => string(12) "wp-login.php"
  ["action"] => string(5) "index"
  ["module"] => string(7) "default"
}


--------------------------------------------------------------------------------
2017-10-22T20:09:16+00:00 ERR (3) 404 Seite nicht gefunden
REMOTE_ADDR: 92.9.98.235
HTTP_REFERER: 
requested: array(3) {
  ["controller"] => string(12) "wp-login.php"
  ["action"] => string(5) "index"
  ["module"] => string(7) "default"
}


--------------------------------------------------------------------------------
2017-10-22T20:23:57+00:00 ERR (3) 404 Seite nicht gefunden
REMOTE_ADDR: 27.147.226.61
HTTP_REFERER: 
requested: array(3) {
  ["controller"] => string(12) "wp-login.php"
  ["action"] => string(5) "index"
  ["module"] => string(7) "default"
}


--------------------------------------------------------------------------------
2017-10-22T20:34:53+00:00 ERR (3) 404 Seite nicht gefunden
REMOTE_ADDR: 93.136.40.171
HTTP_REFERER: 
requested: array(3) {
  ["controller"] => string(12) "wp-login.php"
  ["action"] => string(5) "index"
  ["module"] => string(7) "default"
}


--------------------------------------------------------------------------------
2017-10-22T20:41:39+00:00 ERR (3) 404 Seite nicht gefunden
REMOTE_ADDR: 78.56.18.65
HTTP_REFERER: 
requested: array(3) {
  ["controller"] => string(12) "wp-login.php"
  ["action"] => string(5) "index"
  ["module"] => string(7) "default"
}


--------------------------------------------------------------------------------
2017-10-22T20:44:30+00:00 ERR (3) 404 Seite nicht gefunden
REMOTE_ADDR: 94.68.54.241
HTTP_REFERER: 
requested: array(3) {
  ["controller"] => string(12) "wp-login.php"
  ["action"] => string(5) "index"
  ["module"] => string(7) "default"
}


--------------------------------------------------------------------------------
2017-10-22T20:45:01+00:00 ERR (3) 404 Seite nicht gefunden
REMOTE_ADDR: 201.196.213.90
HTTP_REFERER: 
requested: array(3) {
  ["controller"] => string(12) "wp-login.php"
  ["action"] => string(5) "index"
  ["module"] => string(7) "default"
}


--------------------------------------------------------------------------------
2017-10-22T21:18:22+00:00 ERR (3) 404 Seite nicht gefunden
REMOTE_ADDR: 209.150.144.10
HTTP_REFERER: 
requested: array(3) {
  ["controller"] => string(12) "wp-login.php"
  ["action"] => string(5) "index"
  ["module"] => string(7) "default"
}


--------------------------------------------------------------------------------
2017-10-22T21:30:28+00:00 ERR (3) 404 Seite nicht gefunden
REMOTE_ADDR: 181.49.85.193
HTTP_REFERER: 
requested: array(3) {
  ["controller"] => string(12) "wp-login.php"
  ["action"] => string(5) "index"
  ["module"] => string(7) "default"
}


--------------------------------------------------------------------------------
2017-10-22T21:34:04+00:00 ERR (3) 404 Seite nicht gefunden
REMOTE_ADDR: 107.218.159.132
HTTP_REFERER: 
requested: array(3) {
  ["controller"] => string(12) "wp-login.php"
  ["action"] => string(5) "index"
  ["module"] => string(7) "default"
}


--------------------------------------------------------------------------------
2017-10-22T21:50:51+00:00 ERR (3) 404 Seite nicht gefunden
REMOTE_ADDR: 151.50.24.80
HTTP_REFERER: 
requested: array(3) {
  ["controller"] => string(12) "wp-login.php"
  ["action"] => string(5) "index"
  ["module"] => string(7) "default"
}


--------------------------------------------------------------------------------
2017-10-22T21:52:57+00:00 ERR (3) 404 Seite nicht gefunden
REMOTE_ADDR: 85.85.110.78
HTTP_REFERER: 
requested: array(3) {
  ["controller"] => string(12) "wp-login.php"
  ["action"] => string(5) "index"
  ["module"] => string(7) "default"
}


--------------------------------------------------------------------------------
2017-10-22T22:29:52+00:00 ERR (3) 404 Seite nicht gefunden
REMOTE_ADDR: 14.192.213.32
HTTP_REFERER: 
requested: array(3) {
  ["controller"] => string(12) "wp-login.php"
  ["action"] => string(5) "index"
  ["module"] => string(7) "default"
}


--------------------------------------------------------------------------------
2017-10-22T22:52:59+00:00 ERR (3) 404 Seite nicht gefunden
REMOTE_ADDR: 143.176.58.82
HTTP_REFERER: 
requested: array(3) {
  ["controller"] => string(12) "wp-login.php"
  ["action"] => string(5) "index"
  ["module"] => string(7) "default"
}


--------------------------------------------------------------------------------
2017-10-22T23:51:35+00:00 ERR (3) 404 Seite nicht gefunden
REMOTE_ADDR: 94.47.38.153
HTTP_REFERER: 
requested: array(3) {
  ["controller"] => string(12) "wp-login.php"
  ["action"] => string(5) "index"
  ["module"] => string(7) "default"
}


--------------------------------------------------------------------------------
