2015-09-15T01:21:39+00:00 ERR (3) 404 "" was not found.
REMOTE_ADDR: 46.118.118.173
HTTP_REFERER: http://school-diplomat.ru/
requested: array(5) {
  ["lang"] => string(2) "en"
  ["action"] => string(7) "archive"
  ["module"] => string(7) "default"
  ["controller"] => string(5) "index"
  ["key"] => string(0) ""
}


--------------------------------------------------------------------------------
2015-09-15T01:21:39+00:00 ERR (3) 404 "" was not found.
REMOTE_ADDR: 46.118.118.173
HTTP_REFERER: http://canadianpharcharmyonline.org/
requested: array(5) {
  ["lang"] => string(2) "en"
  ["action"] => string(7) "archive"
  ["module"] => string(7) "default"
  ["controller"] => string(5) "index"
  ["key"] => string(0) ""
}


--------------------------------------------------------------------------------
2015-09-15T01:21:40+00:00 ERR (3) 404 "" was not found.
REMOTE_ADDR: 46.118.118.173
HTTP_REFERER: http://canadianpharcharmyonline.org/
requested: array(5) {
  ["lang"] => string(2) "en"
  ["action"] => string(7) "archive"
  ["module"] => string(7) "default"
  ["controller"] => string(5) "index"
  ["key"] => string(0) ""
}


--------------------------------------------------------------------------------
2015-09-15T01:21:40+00:00 ERR (3) 404 "" was not found.
REMOTE_ADDR: 46.118.118.173
HTTP_REFERER: http://canadianpharcharmyonline.org/
requested: array(5) {
  ["lang"] => string(2) "en"
  ["action"] => string(7) "archive"
  ["module"] => string(7) "default"
  ["controller"] => string(5) "index"
  ["key"] => string(0) ""
}


--------------------------------------------------------------------------------
2015-09-15T01:21:40+00:00 ERR (3) 404 "" was not found.
REMOTE_ADDR: 46.118.118.173
HTTP_REFERER: http://school-diplomat.ru/
requested: array(5) {
  ["lang"] => string(2) "en"
  ["action"] => string(7) "archive"
  ["module"] => string(7) "default"
  ["controller"] => string(5) "index"
  ["key"] => string(0) ""
}


--------------------------------------------------------------------------------
2015-09-15T01:21:41+00:00 ERR (3) 404 "" was not found.
REMOTE_ADDR: 46.118.118.173
HTTP_REFERER: http://school-diplomat.ru/
requested: array(5) {
  ["lang"] => string(2) "en"
  ["action"] => string(7) "archive"
  ["module"] => string(7) "default"
  ["controller"] => string(5) "index"
  ["key"] => string(0) ""
}


--------------------------------------------------------------------------------
2015-09-15T04:05:59+00:00 ERR (3) 404 "" was not found.
REMOTE_ADDR: 46.185.117.31
HTTP_REFERER: http://russintv.fr/
requested: array(5) {
  ["lang"] => string(2) "en"
  ["action"] => string(7) "archive"
  ["module"] => string(7) "default"
  ["controller"] => string(5) "index"
  ["key"] => string(0) ""
}


--------------------------------------------------------------------------------
2015-09-15T04:06:00+00:00 ERR (3) 404 "" was not found.
REMOTE_ADDR: 46.185.117.31
HTTP_REFERER: http://russintv.fr/
requested: array(5) {
  ["lang"] => string(2) "en"
  ["action"] => string(7) "archive"
  ["module"] => string(7) "default"
  ["controller"] => string(5) "index"
  ["key"] => string(0) ""
}


--------------------------------------------------------------------------------
2015-09-15T04:06:00+00:00 ERR (3) 404 "" was not found.
REMOTE_ADDR: 46.185.117.31
HTTP_REFERER: http://russintv.fr/
requested: array(5) {
  ["lang"] => string(2) "en"
  ["action"] => string(7) "archive"
  ["module"] => string(7) "default"
  ["controller"] => string(5) "index"
  ["key"] => string(0) ""
}


--------------------------------------------------------------------------------
2015-09-15T04:06:55+00:00 ERR (3) 404 "" was not found.
REMOTE_ADDR: 46.185.117.31
HTTP_REFERER: https://iqoption.com/promo/simple-demo/?aff=1167&afftrack=mork
requested: array(5) {
  ["lang"] => string(2) "en"
  ["action"] => string(7) "archive"
  ["module"] => string(7) "default"
  ["controller"] => string(5) "index"
  ["key"] => string(0) ""
}


--------------------------------------------------------------------------------
2015-09-15T04:06:56+00:00 ERR (3) 404 "" was not found.
REMOTE_ADDR: 46.185.117.31
HTTP_REFERER: https://iqoption.com/promo/simple-demo/?aff=1167&afftrack=mork
requested: array(5) {
  ["lang"] => string(2) "en"
  ["action"] => string(7) "archive"
  ["module"] => string(7) "default"
  ["controller"] => string(5) "index"
  ["key"] => string(0) ""
}


--------------------------------------------------------------------------------
2015-09-15T04:06:56+00:00 ERR (3) 404 "" was not found.
REMOTE_ADDR: 46.185.117.31
HTTP_REFERER: https://iqoption.com/promo/simple-demo/?aff=1167&afftrack=mork
requested: array(5) {
  ["lang"] => string(2) "en"
  ["action"] => string(7) "archive"
  ["module"] => string(7) "default"
  ["controller"] => string(5) "index"
  ["key"] => string(0) ""
}


--------------------------------------------------------------------------------
2015-09-15T09:04:57+00:00 ERR (3) 404 Seite nicht gefunden
REMOTE_ADDR: 93.193.5.244
HTTP_REFERER: 
requested: array(3) {
  ["controller"] => string(32) "apple-touch-icon-precomposed.png"
  ["action"] => string(5) "index"
  ["module"] => string(7) "default"
}


--------------------------------------------------------------------------------
2015-09-15T09:04:57+00:00 ERR (3) 404 Seite nicht gefunden
REMOTE_ADDR: 93.193.5.244
HTTP_REFERER: 
requested: array(3) {
  ["controller"] => string(20) "apple-touch-icon.png"
  ["action"] => string(5) "index"
  ["module"] => string(7) "default"
}


--------------------------------------------------------------------------------
2015-09-15T13:08:08+00:00 ERR (3) 404 "" was not found.
REMOTE_ADDR: 46.118.118.173
HTTP_REFERER: http://aff.optitrade24.com/click.php?ctag=a787-b13-p
requested: array(5) {
  ["lang"] => string(2) "en"
  ["action"] => string(7) "archive"
  ["module"] => string(7) "default"
  ["controller"] => string(5) "index"
  ["key"] => string(0) ""
}


--------------------------------------------------------------------------------
2015-09-15T13:08:08+00:00 ERR (3) 404 "" was not found.
REMOTE_ADDR: 46.118.118.173
HTTP_REFERER: http://aff.optitrade24.com/click.php?ctag=a787-b13-p
requested: array(5) {
  ["lang"] => string(2) "en"
  ["action"] => string(7) "archive"
  ["module"] => string(7) "default"
  ["controller"] => string(5) "index"
  ["key"] => string(0) ""
}


--------------------------------------------------------------------------------
2015-09-15T13:08:09+00:00 ERR (3) 404 "" was not found.
REMOTE_ADDR: 46.118.118.173
HTTP_REFERER: http://aff.optitrade24.com/click.php?ctag=a787-b13-p
requested: array(5) {
  ["lang"] => string(2) "en"
  ["action"] => string(7) "archive"
  ["module"] => string(7) "default"
  ["controller"] => string(5) "index"
  ["key"] => string(0) ""
}


--------------------------------------------------------------------------------
2015-09-15T14:38:20+00:00 ERR (3) 404 Page not found
REMOTE_ADDR: 78.54.0.60
HTTP_REFERER: file:///Users/Shared/Links03.html
requested: array(3) {
  ["controller"] => string(5) "about"
  ["action"] => string(5) "index"
  ["module"] => string(7) "default"
}


--------------------------------------------------------------------------------
2015-09-15T14:38:20+00:00 ERR (3) 404 Page not found
REMOTE_ADDR: 78.54.0.60
HTTP_REFERER: file:///Users/Shared/Links03.html
requested: array(3) {
  ["controller"] => string(7) "contact"
  ["action"] => string(5) "index"
  ["module"] => string(7) "default"
}


--------------------------------------------------------------------------------
2015-09-15T14:38:20+00:00 ERR (3) 404 Page not found
REMOTE_ADDR: 78.54.0.60
HTTP_REFERER: file:///Users/Shared/Links03.html
requested: array(3) {
  ["controller"] => string(9) "impressum"
  ["action"] => string(5) "index"
  ["module"] => string(7) "default"
}


--------------------------------------------------------------------------------
2015-09-15T14:38:21+00:00 ERR (3) 404 Page not found
REMOTE_ADDR: 78.54.0.60
HTTP_REFERER: file:///Users/Shared/Links03.html
requested: array(3) {
  ["controller"] => string(7) "imprint"
  ["action"] => string(5) "index"
  ["module"] => string(7) "default"
}


--------------------------------------------------------------------------------
2015-09-15T14:38:21+00:00 ERR (3) 404 Page not found
REMOTE_ADDR: 78.54.0.60
HTTP_REFERER: file:///Users/Shared/Links03.html
requested: array(3) {
  ["controller"] => string(7) "kontakt"
  ["action"] => string(5) "index"
  ["module"] => string(7) "default"
}


--------------------------------------------------------------------------------
2015-09-15T15:09:48+00:00 ERR (3) 404 Seite nicht gefunden
REMOTE_ADDR: 199.101.187.59
HTTP_REFERER: 
requested: array(4) {
  ["controller"] => string(6) "https:"
  [""] => string(19) "silber-und-blei.com"
  ["action"] => string(5) "index"
  ["module"] => string(7) "default"
}


--------------------------------------------------------------------------------
2015-09-15T15:09:48+00:00 ERR (3) 404 Seite nicht gefunden
REMOTE_ADDR: 199.101.187.59
HTTP_REFERER: 
requested: array(3) {
  ["controller"] => string(2) "js"
  ["action"] => string(1) "'"
  ["module"] => string(7) "default"
}


--------------------------------------------------------------------------------
2015-09-15T16:35:03+00:00 ERR (3) 404 "hire-lasse" was not found.
REMOTE_ADDR: 183.79.223.76
HTTP_REFERER: 
requested: array(5) {
  ["lang"] => string(2) "en"
  ["action"] => string(4) "page"
  ["key"] => string(10) "hire-lasse"
  ["module"] => string(7) "default"
  ["controller"] => string(5) "index"
}


--------------------------------------------------------------------------------
2015-09-15T19:23:47+00:00 ERR (3) 404 "" was not found.
REMOTE_ADDR: 46.118.126.38
HTTP_REFERER: http://highlandmedia.net/tags/
requested: array(5) {
  ["lang"] => string(2) "en"
  ["action"] => string(7) "archive"
  ["module"] => string(7) "default"
  ["controller"] => string(5) "index"
  ["key"] => string(0) ""
}


--------------------------------------------------------------------------------
2015-09-15T19:23:48+00:00 ERR (3) 404 "" was not found.
REMOTE_ADDR: 46.118.126.38
HTTP_REFERER: http://highlandmedia.net/tags/
requested: array(5) {
  ["lang"] => string(2) "en"
  ["action"] => string(7) "archive"
  ["module"] => string(7) "default"
  ["controller"] => string(5) "index"
  ["key"] => string(0) ""
}


--------------------------------------------------------------------------------
2015-09-15T19:23:49+00:00 ERR (3) 404 "" was not found.
REMOTE_ADDR: 46.118.126.38
HTTP_REFERER: http://highlandmedia.net/tags/
requested: array(5) {
  ["lang"] => string(2) "en"
  ["action"] => string(7) "archive"
  ["module"] => string(7) "default"
  ["controller"] => string(5) "index"
  ["key"] => string(0) ""
}


--------------------------------------------------------------------------------
2015-09-15T20:10:20+00:00 ERR (3) 404 "" was not found.
REMOTE_ADDR: 46.185.117.31
HTTP_REFERER: http://www.worldhistory.biz/
requested: array(5) {
  ["lang"] => string(2) "en"
  ["action"] => string(7) "archive"
  ["module"] => string(7) "default"
  ["controller"] => string(5) "index"
  ["key"] => string(0) ""
}


--------------------------------------------------------------------------------
2015-09-15T20:10:20+00:00 ERR (3) 404 "" was not found.
REMOTE_ADDR: 46.185.117.31
HTTP_REFERER: http://www.worldhistory.biz/
requested: array(5) {
  ["lang"] => string(2) "en"
  ["action"] => string(7) "archive"
  ["module"] => string(7) "default"
  ["controller"] => string(5) "index"
  ["key"] => string(0) ""
}


--------------------------------------------------------------------------------
2015-09-15T20:10:21+00:00 ERR (3) 404 "" was not found.
REMOTE_ADDR: 46.185.117.31
HTTP_REFERER: http://www.worldhistory.biz/
requested: array(5) {
  ["lang"] => string(2) "en"
  ["action"] => string(7) "archive"
  ["module"] => string(7) "default"
  ["controller"] => string(5) "index"
  ["key"] => string(0) ""
}


--------------------------------------------------------------------------------
