2016-07-18T04:28:30+00:00 ERR (3) 404 Seite nicht gefunden
REMOTE_ADDR: 209.95.187.86
HTTP_REFERER: 
requested: array(5) {
  ["controller"] => string(6) "https:"
  [""] => string(19) "silber-und-blei.com"
  ["galerie"] => string(5) "embed"
  ["action"] => string(5) "index"
  ["module"] => string(7) "default"
}


--------------------------------------------------------------------------------
2016-07-18T08:43:09+00:00 ERR (3) 404 "hire-lasse" was not found.
REMOTE_ADDR: 207.46.13.155
HTTP_REFERER: 
requested: array(5) {
  ["lang"] => string(2) "de"
  ["action"] => string(4) "page"
  ["key"] => string(10) "hire-lasse"
  ["module"] => string(7) "default"
  ["controller"] => string(5) "index"
}


--------------------------------------------------------------------------------
2016-07-18T15:09:53+00:00 ERR (3) 404 Seite nicht gefunden
REMOTE_ADDR: 66.249.75.5
HTTP_REFERER: 
requested: array(3) {
  ["controller"] => string(11) ".well-known"
  ["action"] => string(15) "assetlinks.json"
  ["module"] => string(7) "default"
}


--------------------------------------------------------------------------------
2016-07-18T15:10:50+00:00 ERR (3) 404 Seite nicht gefunden
REMOTE_ADDR: 66.249.75.117
HTTP_REFERER: 
requested: array(3) {
  ["controller"] => string(11) ".well-known"
  ["action"] => string(26) "apple-app-site-association"
  ["module"] => string(7) "default"
}


--------------------------------------------------------------------------------
2016-07-18T15:11:48+00:00 ERR (3) 404 Seite nicht gefunden
REMOTE_ADDR: 66.249.78.237
HTTP_REFERER: 
requested: array(3) {
  ["controller"] => string(26) "apple-app-site-association"
  ["action"] => string(5) "index"
  ["module"] => string(7) "default"
}


--------------------------------------------------------------------------------
2016-07-18T16:35:01+00:00 ERR (3) 404 "2014-02-27_kaufland-firewall-service" was not found.
REMOTE_ADDR: 66.249.78.237
HTTP_REFERER: 
requested: array(5) {
  ["lang"] => string(2) "de"
  ["action"] => string(7) "archive"
  ["key"] => string(36) "2014-02-27_kaufland-firewall-service"
  ["module"] => string(7) "default"
  ["controller"] => string(5) "index"
}


--------------------------------------------------------------------------------
2016-07-18T21:49:52+00:00 ERR (3) 404 Seite nicht gefunden
REMOTE_ADDR: 95.213.183.142
HTTP_REFERER: 
requested: array(4) {
  ["controller"] => string(8) "wp-admin"
  ["action"] => string(14) "admin-ajax.php"
  ["module"] => string(7) "default"
  ["client_action"] => string(13) "update_plugin"
}


--------------------------------------------------------------------------------
2016-07-18T21:49:53+00:00 ERR (3) 404 Seite nicht gefunden
REMOTE_ADDR: 95.213.183.142
HTTP_REFERER: 
requested: array(4) {
  ["controller"] => string(8) "wp-admin"
  ["action"] => string(14) "admin-ajax.php"
  ["module"] => string(7) "default"
  ["client_action"] => string(13) "update_plugin"
}


--------------------------------------------------------------------------------
2016-07-18T22:50:11+00:00 ERR (3) 404 Seite nicht gefunden
REMOTE_ADDR: 69.30.198.186
HTTP_REFERER: 
requested: array(3) {
  ["controller"] => string(5) "diary"
  ["action"] => string(17) "tag:graphicore.de"
  ["module"] => string(7) "default"
}


--------------------------------------------------------------------------------
