2021-04-01T00:37:39+00:00 ERR (3) 404 Seite nicht gefunden
REMOTE_ADDR: 13.66.139.144
HTTP_REFERER: 
requested: array(3) {
  ["controller"] => string(28) "2014-02-27_sibylle_frank.png"
  ["action"] => string(5) "index"
  ["module"] => string(7) "default"
}


--------------------------------------------------------------------------------
2021-04-01T01:43:44+00:00 ERR (3) 404 "graphicoreBitmapFont-specimen_small.png" was not found.
REMOTE_ADDR: 13.66.139.144
HTTP_REFERER: 
requested: array(5) {
  ["lang"] => string(2) "de"
  ["action"] => string(7) "archive"
  ["key"] => string(39) "graphicoreBitmapFont-specimen_small.png"
  ["module"] => string(7) "default"
  ["controller"] => string(5) "index"
}


--------------------------------------------------------------------------------
2021-04-01T02:07:14+00:00 ERR (3) 404 "competences" was not found.
REMOTE_ADDR: 114.119.141.116
HTTP_REFERER: 
requested: array(5) {
  ["lang"] => string(2) "de"
  ["action"] => string(4) "page"
  ["key"] => string(11) "competences"
  ["module"] => string(7) "default"
  ["controller"] => string(5) "index"
}


--------------------------------------------------------------------------------
2021-04-01T09:36:50+00:00 ERR (3) 404 "hire-lasse" was not found.
REMOTE_ADDR: 95.216.96.243
HTTP_REFERER: http://graphicore.de/de/feed/rss
requested: array(5) {
  ["lang"] => string(2) "de"
  ["action"] => string(4) "page"
  ["key"] => string(10) "hire-lasse"
  ["module"] => string(7) "default"
  ["controller"] => string(5) "index"
}


--------------------------------------------------------------------------------
2021-04-01T17:07:01+00:00 ERR (3) 404 Seite nicht gefunden
REMOTE_ADDR: 13.66.139.144
HTTP_REFERER: 
requested: array(3) {
  ["controller"] => string(30) "2013-11-12_silber-und-blei.png"
  ["action"] => string(5) "index"
  ["module"] => string(7) "default"
}


--------------------------------------------------------------------------------
2021-04-01T18:39:24+00:00 ERR (3) 404 "hire-lasse" was not found.
REMOTE_ADDR: 95.216.96.243
HTTP_REFERER: http://graphicore.de/en/feed/rss
requested: array(5) {
  ["lang"] => string(2) "en"
  ["action"] => string(4) "page"
  ["key"] => string(10) "hire-lasse"
  ["module"] => string(7) "default"
  ["controller"] => string(5) "index"
}


--------------------------------------------------------------------------------
2021-04-01T18:39:27+00:00 ERR (3) 404 "competences" was not found.
REMOTE_ADDR: 95.216.96.243
HTTP_REFERER: http://graphicore.de/de/page/lasse
requested: array(5) {
  ["lang"] => string(2) "de"
  ["action"] => string(4) "page"
  ["key"] => string(11) "competences"
  ["module"] => string(7) "default"
  ["controller"] => string(5) "index"
}


--------------------------------------------------------------------------------
2021-04-01T18:39:29+00:00 ERR (3) 404 "competences" was not found.
REMOTE_ADDR: 95.216.96.243
HTTP_REFERER: http://graphicore.de/en/page/lasse
requested: array(5) {
  ["lang"] => string(2) "en"
  ["action"] => string(4) "page"
  ["key"] => string(11) "competences"
  ["module"] => string(7) "default"
  ["controller"] => string(5) "index"
}


--------------------------------------------------------------------------------
2021-04-01T19:03:08+00:00 ERR (3) 404 Seite nicht gefunden
REMOTE_ADDR: 109.102.111.5
HTTP_REFERER: 
requested: array(4) {
  ["controller"] => string(5) "diary"
  ["action"] => string(29) "tag:graphicore.de,2010-08-31:"
  ["diary"] => string(27) "201008310024084c7c4ba816ac5"
  ["module"] => string(7) "default"
}


--------------------------------------------------------------------------------
2021-04-01T19:03:08+00:00 ERR (3) 404 Seite nicht gefunden
REMOTE_ADDR: 109.102.111.5
HTTP_REFERER: 
requested: array(4) {
  ["controller"] => string(5) "diary"
  ["action"] => string(29) "tag:graphicore.de,2014-02-27:"
  ["diary"] => string(27) "20140227115040530f26907c1a8"
  ["module"] => string(7) "default"
}


--------------------------------------------------------------------------------
2021-04-01T19:03:08+00:00 ERR (3) 404 Seite nicht gefunden
REMOTE_ADDR: 109.102.111.5
HTTP_REFERER: 
requested: array(4) {
  ["controller"] => string(5) "diary"
  ["action"] => string(29) "tag:graphicore.de,2013-06-07:"
  ["diary"] => string(27) "2013060714011251b1e7a8c1407"
  ["module"] => string(7) "default"
}


--------------------------------------------------------------------------------
2021-04-01T19:03:08+00:00 ERR (3) 404 Seite nicht gefunden
REMOTE_ADDR: 109.102.111.5
HTTP_REFERER: 
requested: array(4) {
  ["controller"] => string(5) "diary"
  ["action"] => string(29) "tag:graphicore.de,2015-07-28:"
  ["diary"] => string(27) "2015072812483855b77a264cda6"
  ["module"] => string(7) "default"
}


--------------------------------------------------------------------------------
2021-04-01T19:03:08+00:00 ERR (3) 404 Seite nicht gefunden
REMOTE_ADDR: 109.102.111.5
HTTP_REFERER: 
requested: array(4) {
  ["controller"] => string(5) "diary"
  ["action"] => string(29) "tag:graphicore.de,2010-10-06:"
  ["diary"] => string(27) "201010061331004cac7a14de999"
  ["module"] => string(7) "default"
}


--------------------------------------------------------------------------------
2021-04-01T19:03:09+00:00 ERR (3) 404 Seite nicht gefunden
REMOTE_ADDR: 109.102.111.5
HTTP_REFERER: 
requested: array(4) {
  ["controller"] => string(5) "diary"
  ["action"] => string(29) "tag:graphicore.de,2010-07-09:"
  ["diary"] => string(27) "201007091937074c377a6340b8b"
  ["module"] => string(7) "default"
}


--------------------------------------------------------------------------------
2021-04-01T19:03:09+00:00 ERR (3) 404 Seite nicht gefunden
REMOTE_ADDR: 109.102.111.5
HTTP_REFERER: 
requested: array(4) {
  ["controller"] => string(5) "diary"
  ["action"] => string(29) "tag:graphicore.de,2010-10-12:"
  ["diary"] => string(27) "201010121448344cb475424313c"
  ["module"] => string(7) "default"
}


--------------------------------------------------------------------------------
2021-04-01T19:03:10+00:00 ERR (3) 404 Seite nicht gefunden
REMOTE_ADDR: 109.102.111.5
HTTP_REFERER: 
requested: array(4) {
  ["controller"] => string(5) "diary"
  ["action"] => string(29) "tag:graphicore.de,2012-09-02:"
  ["diary"] => string(27) "201209021920375043b185ef245"
  ["module"] => string(7) "default"
}


--------------------------------------------------------------------------------
2021-04-01T19:03:11+00:00 ERR (3) 404 Seite nicht gefunden
REMOTE_ADDR: 109.102.111.5
HTTP_REFERER: 
requested: array(4) {
  ["controller"] => string(5) "diary"
  ["action"] => string(29) "tag:graphicore.de,2013-11-13:"
  ["diary"] => string(27) "201311131703405283b0ecf2532"
  ["module"] => string(7) "default"
}


--------------------------------------------------------------------------------
2021-04-01T19:03:11+00:00 ERR (3) 404 Seite nicht gefunden
REMOTE_ADDR: 109.102.111.5
HTTP_REFERER: 
requested: array(4) {
  ["controller"] => string(5) "diary"
  ["action"] => string(29) "tag:graphicore.de,2010-09-27:"
  ["diary"] => string(27) "201009272109094ca107f52b79c"
  ["module"] => string(7) "default"
}


--------------------------------------------------------------------------------
2021-04-01T19:03:12+00:00 ERR (3) 404 Seite nicht gefunden
REMOTE_ADDR: 109.102.111.5
HTTP_REFERER: 
requested: array(4) {
  ["controller"] => string(5) "diary"
  ["action"] => string(29) "tag:graphicore.de,2013-11-12:"
  ["diary"] => string(27) "2013111217533652826b2018ca8"
  ["module"] => string(7) "default"
}


--------------------------------------------------------------------------------
2021-04-01T19:03:12+00:00 ERR (3) 404 Seite nicht gefunden
REMOTE_ADDR: 109.102.111.5
HTTP_REFERER: 
requested: array(4) {
  ["controller"] => string(5) "diary"
  ["action"] => string(29) "tag:graphicore.de,2013-06-06:"
  ["diary"] => string(27) "2013060618252451b0d41400bf3"
  ["module"] => string(7) "default"
}


--------------------------------------------------------------------------------
2021-04-01T19:03:12+00:00 ERR (3) 404 Seite nicht gefunden
REMOTE_ADDR: 109.102.111.5
HTTP_REFERER: 
requested: array(4) {
  ["controller"] => string(5) "diary"
  ["action"] => string(29) "tag:graphicore.de,2010-09-27:"
  ["diary"] => string(27) "201009272105474ca1072b79bf6"
  ["module"] => string(7) "default"
}


--------------------------------------------------------------------------------
2021-04-01T19:03:13+00:00 ERR (3) 404 Seite nicht gefunden
REMOTE_ADDR: 109.102.111.5
HTTP_REFERER: 
requested: array(4) {
  ["controller"] => string(5) "diary"
  ["action"] => string(29) "tag:graphicore.de,2010-09-23:"
  ["diary"] => string(27) "201009231107214c9b34e9d0274"
  ["module"] => string(7) "default"
}


--------------------------------------------------------------------------------
2021-04-01T19:03:13+00:00 ERR (3) 404 Seite nicht gefunden
REMOTE_ADDR: 109.102.111.5
HTTP_REFERER: 
requested: array(4) {
  ["controller"] => string(5) "diary"
  ["action"] => string(29) "tag:graphicore.de,2010-10-18:"
  ["diary"] => string(27) "201010181349214cbc5061f0048"
  ["module"] => string(7) "default"
}


--------------------------------------------------------------------------------
2021-04-01T22:29:44+00:00 ERR (3) 404 Seite nicht gefunden
REMOTE_ADDR: 13.66.139.101
HTTP_REFERER: 
requested: array(3) {
  ["controller"] => string(32) "2015-07-28_hello_metapolator.png"
  ["action"] => string(5) "index"
  ["module"] => string(7) "default"
}


--------------------------------------------------------------------------------
