2020-02-03T11:31:26+00:00 ERR (3) 404 "" was not found.
REMOTE_ADDR: 136.243.36.68
HTTP_REFERER: 
requested: array(5) {
  ["lang"] => string(2) "de"
  ["action"] => string(7) "archive"
  ["module"] => string(7) "default"
  ["controller"] => string(5) "index"
  ["key"] => string(0) ""
}


--------------------------------------------------------------------------------
2020-02-03T11:32:09+00:00 ERR (3) 404 "hire-lasse" was not found.
REMOTE_ADDR: 136.243.36.68
HTTP_REFERER: 
requested: array(5) {
  ["lang"] => string(2) "de"
  ["action"] => string(4) "page"
  ["key"] => string(10) "hire-lasse"
  ["module"] => string(7) "default"
  ["controller"] => string(5) "index"
}


--------------------------------------------------------------------------------
2020-02-03T13:19:48+00:00 ERR (3) 404 Seite nicht gefunden
REMOTE_ADDR: 89.208.199.209
HTTP_REFERER: 
requested: array(3) {
  ["controller"] => string(8) "ckfinder"
  ["action"] => string(13) "ckfinder.html"
  ["module"] => string(7) "default"
}


--------------------------------------------------------------------------------
