2013-02-11T01:41:34+00:00 ERR (3) 404 Seite nicht gefunden
REMOTE_ADDR: 78.30.212.183
HTTP_REFERER: http://graphicore.de/forum/
requested: array(3) {
  ["controller"] => string(5) "forum"
  ["action"] => string(5) "index"
  ["module"] => string(7) "default"
}


--------------------------------------------------------------------------------
2013-02-11T04:18:06+00:00 ERR (3) 404 Seite nicht gefunden
REMOTE_ADDR: 78.47.165.40
HTTP_REFERER: 
requested: array(3) {
  ["controller"] => string(5) "forum"
  ["action"] => string(9) "index.php"
  ["module"] => string(7) "default"
}


--------------------------------------------------------------------------------
2013-02-11T04:18:08+00:00 ERR (3) 404 Seite nicht gefunden
REMOTE_ADDR: 78.47.165.40
HTTP_REFERER: 
requested: array(3) {
  ["controller"] => string(5) "forum"
  ["action"] => string(9) "index.php"
  ["module"] => string(7) "default"
}


--------------------------------------------------------------------------------
2013-02-11T07:02:31+00:00 ERR (3) 404 Seite nicht gefunden
REMOTE_ADDR: 66.249.75.207
HTTP_REFERER: 
requested: array(4) {
  ["controller"] => string(5) "diary"
  ["action"] => string(29) "tag:graphicore.de,2010-09-27:"
  ["diary"] => string(27) "201009272109094ca107f52b79c"
  ["module"] => string(7) "default"
}


--------------------------------------------------------------------------------
2013-02-11T08:52:01+00:00 ERR (3) 404 Seite nicht gefunden
REMOTE_ADDR: 199.188.246.181
HTTP_REFERER: http://graphicore.de/forum/index.php
requested: array(3) {
  ["controller"] => string(5) "forum"
  ["action"] => string(9) "index.php"
  ["module"] => string(7) "default"
}


--------------------------------------------------------------------------------
2013-02-11T15:18:57+00:00 ERR (3) 404 Seite nicht gefunden
REMOTE_ADDR: 186.31.13.8
HTTP_REFERER: http://prezi.com/bin/loader-33450.swf
requested: array(3) {
  ["controller"] => string(15) "crossdomain.xml"
  ["action"] => string(5) "index"
  ["module"] => string(7) "default"
}


--------------------------------------------------------------------------------
