2016-01-03T00:00:05+00:00 ERR (3) 404 "hire-lasse" was not found.
REMOTE_ADDR: 157.55.39.252
HTTP_REFERER: 
requested: array(5) {
  ["lang"] => string(2) "de"
  ["action"] => string(4) "page"
  ["key"] => string(10) "hire-lasse"
  ["module"] => string(7) "default"
  ["controller"] => string(5) "index"
}


--------------------------------------------------------------------------------
2016-01-03T01:58:41+00:00 ERR (3) 404 "hire-lasse" was not found.
REMOTE_ADDR: 46.105.98.166
HTTP_REFERER: 
requested: array(5) {
  ["lang"] => string(2) "de"
  ["action"] => string(4) "page"
  ["key"] => string(10) "hire-lasse"
  ["module"] => string(7) "default"
  ["controller"] => string(5) "index"
}


--------------------------------------------------------------------------------
2016-01-03T01:59:16+00:00 ERR (3) 404 "hire-lasse" was not found.
REMOTE_ADDR: 46.105.98.166
HTTP_REFERER: 
requested: array(5) {
  ["lang"] => string(2) "en"
  ["action"] => string(4) "page"
  ["key"] => string(10) "hire-lasse"
  ["module"] => string(7) "default"
  ["controller"] => string(5) "index"
}


--------------------------------------------------------------------------------
2016-01-03T05:37:44+00:00 ERR (3) 404 Seite nicht gefunden
REMOTE_ADDR: 195.154.227.118
HTTP_REFERER: 
requested: array(3) {
  ["controller"] => string(16) "wp-trackback.php"
  ["action"] => string(5) "index"
  ["module"] => string(7) "default"
}


--------------------------------------------------------------------------------
2016-01-03T06:59:29+00:00 ERR (3) 404 Seite nicht gefunden
REMOTE_ADDR: 195.154.146.225
HTTP_REFERER: 
requested: array(3) {
  ["controller"] => string(16) "wp-trackback.php"
  ["action"] => string(5) "index"
  ["module"] => string(7) "default"
}


--------------------------------------------------------------------------------
2016-01-03T13:27:06+00:00 ERR (3) 404 Seite nicht gefunden
REMOTE_ADDR: 93.180.64.150
HTTP_REFERER: 
requested: array(4) {
  ["controller"] => string(5) "forum"
  ["action"] => string(13) "viewtopic.php"
  ["module"] => string(7) "default"
  ["p"] => string(2) "13"
}


--------------------------------------------------------------------------------
2016-01-03T13:27:09+00:00 ERR (3) 404 Seite nicht gefunden
REMOTE_ADDR: 93.180.64.150
HTTP_REFERER: 
requested: array(4) {
  ["controller"] => string(5) "forum"
  ["action"] => string(13) "viewtopic.php"
  ["module"] => string(7) "default"
  ["p"] => string(2) "14"
}


--------------------------------------------------------------------------------
2016-01-03T13:27:12+00:00 ERR (3) 404 Seite nicht gefunden
REMOTE_ADDR: 93.180.64.150
HTTP_REFERER: 
requested: array(4) {
  ["controller"] => string(5) "forum"
  ["action"] => string(13) "viewtopic.php"
  ["module"] => string(7) "default"
  ["p"] => string(2) "15"
}


--------------------------------------------------------------------------------
2016-01-03T13:27:15+00:00 ERR (3) 404 Seite nicht gefunden
REMOTE_ADDR: 93.180.64.150
HTTP_REFERER: 
requested: array(4) {
  ["controller"] => string(5) "forum"
  ["action"] => string(13) "viewtopic.php"
  ["module"] => string(7) "default"
  ["p"] => string(2) "17"
}


--------------------------------------------------------------------------------
2016-01-03T13:27:18+00:00 ERR (3) 404 Seite nicht gefunden
REMOTE_ADDR: 93.180.64.150
HTTP_REFERER: 
requested: array(4) {
  ["controller"] => string(5) "forum"
  ["action"] => string(13) "viewtopic.php"
  ["module"] => string(7) "default"
  ["p"] => string(2) "19"
}


--------------------------------------------------------------------------------
2016-01-03T13:27:22+00:00 ERR (3) 404 Seite nicht gefunden
REMOTE_ADDR: 93.180.64.150
HTTP_REFERER: 
requested: array(4) {
  ["controller"] => string(5) "forum"
  ["action"] => string(13) "viewtopic.php"
  ["module"] => string(7) "default"
  ["p"] => string(2) "21"
}


--------------------------------------------------------------------------------
2016-01-03T13:27:25+00:00 ERR (3) 404 Seite nicht gefunden
REMOTE_ADDR: 93.180.64.150
HTTP_REFERER: 
requested: array(4) {
  ["controller"] => string(5) "forum"
  ["action"] => string(13) "viewtopic.php"
  ["module"] => string(7) "default"
  ["p"] => string(2) "22"
}


--------------------------------------------------------------------------------
2016-01-03T13:27:28+00:00 ERR (3) 404 Seite nicht gefunden
REMOTE_ADDR: 93.180.64.150
HTTP_REFERER: 
requested: array(4) {
  ["controller"] => string(5) "forum"
  ["action"] => string(13) "viewtopic.php"
  ["module"] => string(7) "default"
  ["p"] => string(2) "23"
}


--------------------------------------------------------------------------------
2016-01-03T13:27:31+00:00 ERR (3) 404 Seite nicht gefunden
REMOTE_ADDR: 93.180.64.150
HTTP_REFERER: 
requested: array(4) {
  ["controller"] => string(5) "forum"
  ["action"] => string(13) "viewtopic.php"
  ["module"] => string(7) "default"
  ["p"] => string(2) "24"
}


--------------------------------------------------------------------------------
2016-01-03T13:27:34+00:00 ERR (3) 404 Seite nicht gefunden
REMOTE_ADDR: 93.180.64.150
HTTP_REFERER: 
requested: array(4) {
  ["controller"] => string(5) "forum"
  ["action"] => string(13) "viewtopic.php"
  ["module"] => string(7) "default"
  ["p"] => string(2) "33"
}


--------------------------------------------------------------------------------
2016-01-03T13:27:38+00:00 ERR (3) 404 Seite nicht gefunden
REMOTE_ADDR: 93.180.64.150
HTTP_REFERER: 
requested: array(4) {
  ["controller"] => string(5) "forum"
  ["action"] => string(13) "viewtopic.php"
  ["module"] => string(7) "default"
  ["p"] => string(2) "34"
}


--------------------------------------------------------------------------------
2016-01-03T13:27:41+00:00 ERR (3) 404 Seite nicht gefunden
REMOTE_ADDR: 93.180.64.150
HTTP_REFERER: 
requested: array(4) {
  ["controller"] => string(5) "forum"
  ["action"] => string(13) "viewtopic.php"
  ["module"] => string(7) "default"
  ["p"] => string(2) "37"
}


--------------------------------------------------------------------------------
2016-01-03T13:27:44+00:00 ERR (3) 404 Seite nicht gefunden
REMOTE_ADDR: 93.180.64.150
HTTP_REFERER: 
requested: array(4) {
  ["controller"] => string(5) "forum"
  ["action"] => string(13) "viewtopic.php"
  ["module"] => string(7) "default"
  ["p"] => string(2) "41"
}


--------------------------------------------------------------------------------
2016-01-03T13:27:47+00:00 ERR (3) 404 Seite nicht gefunden
REMOTE_ADDR: 93.180.64.150
HTTP_REFERER: 
requested: array(4) {
  ["controller"] => string(5) "forum"
  ["action"] => string(13) "viewtopic.php"
  ["module"] => string(7) "default"
  ["p"] => string(2) "42"
}


--------------------------------------------------------------------------------
2016-01-03T13:27:50+00:00 ERR (3) 404 Seite nicht gefunden
REMOTE_ADDR: 93.180.64.150
HTTP_REFERER: 
requested: array(4) {
  ["controller"] => string(5) "forum"
  ["action"] => string(13) "viewtopic.php"
  ["module"] => string(7) "default"
  ["p"] => string(2) "44"
}


--------------------------------------------------------------------------------
2016-01-03T13:27:53+00:00 ERR (3) 404 Seite nicht gefunden
REMOTE_ADDR: 93.180.64.150
HTTP_REFERER: 
requested: array(4) {
  ["controller"] => string(5) "forum"
  ["action"] => string(13) "viewtopic.php"
  ["module"] => string(7) "default"
  ["p"] => string(2) "45"
}


--------------------------------------------------------------------------------
2016-01-03T13:27:56+00:00 ERR (3) 404 Seite nicht gefunden
REMOTE_ADDR: 93.180.64.150
HTTP_REFERER: 
requested: array(4) {
  ["controller"] => string(5) "forum"
  ["action"] => string(13) "viewtopic.php"
  ["module"] => string(7) "default"
  ["p"] => string(2) "46"
}


--------------------------------------------------------------------------------
2016-01-03T13:27:59+00:00 ERR (3) 404 Seite nicht gefunden
REMOTE_ADDR: 93.180.64.150
HTTP_REFERER: 
requested: array(4) {
  ["controller"] => string(5) "forum"
  ["action"] => string(13) "viewtopic.php"
  ["module"] => string(7) "default"
  ["p"] => string(2) "48"
}


--------------------------------------------------------------------------------
2016-01-03T13:28:02+00:00 ERR (3) 404 Seite nicht gefunden
REMOTE_ADDR: 93.180.64.150
HTTP_REFERER: 
requested: array(4) {
  ["controller"] => string(5) "forum"
  ["action"] => string(13) "viewtopic.php"
  ["module"] => string(7) "default"
  ["p"] => string(2) "50"
}


--------------------------------------------------------------------------------
2016-01-03T13:28:05+00:00 ERR (3) 404 Seite nicht gefunden
REMOTE_ADDR: 93.180.64.150
HTTP_REFERER: 
requested: array(4) {
  ["controller"] => string(5) "forum"
  ["action"] => string(13) "viewtopic.php"
  ["module"] => string(7) "default"
  ["p"] => string(2) "51"
}


--------------------------------------------------------------------------------
2016-01-03T13:28:09+00:00 ERR (3) 404 Seite nicht gefunden
REMOTE_ADDR: 93.180.64.150
HTTP_REFERER: 
requested: array(4) {
  ["controller"] => string(5) "forum"
  ["action"] => string(13) "viewtopic.php"
  ["module"] => string(7) "default"
  ["p"] => string(2) "54"
}


--------------------------------------------------------------------------------
2016-01-03T13:28:12+00:00 ERR (3) 404 Seite nicht gefunden
REMOTE_ADDR: 93.180.64.150
HTTP_REFERER: 
requested: array(4) {
  ["controller"] => string(5) "forum"
  ["action"] => string(13) "viewtopic.php"
  ["module"] => string(7) "default"
  ["p"] => string(2) "57"
}


--------------------------------------------------------------------------------
2016-01-03T13:28:15+00:00 ERR (3) 404 Seite nicht gefunden
REMOTE_ADDR: 93.180.64.150
HTTP_REFERER: 
requested: array(4) {
  ["controller"] => string(5) "forum"
  ["action"] => string(13) "viewtopic.php"
  ["module"] => string(7) "default"
  ["p"] => string(2) "58"
}


--------------------------------------------------------------------------------
2016-01-03T13:28:18+00:00 ERR (3) 404 Seite nicht gefunden
REMOTE_ADDR: 93.180.64.150
HTTP_REFERER: 
requested: array(4) {
  ["controller"] => string(5) "forum"
  ["action"] => string(13) "viewtopic.php"
  ["module"] => string(7) "default"
  ["p"] => string(2) "59"
}


--------------------------------------------------------------------------------
2016-01-03T13:28:21+00:00 ERR (3) 404 Seite nicht gefunden
REMOTE_ADDR: 93.180.64.150
HTTP_REFERER: 
requested: array(4) {
  ["controller"] => string(5) "forum"
  ["action"] => string(13) "viewtopic.php"
  ["module"] => string(7) "default"
  ["p"] => string(2) "60"
}


--------------------------------------------------------------------------------
2016-01-03T13:28:24+00:00 ERR (3) 404 Seite nicht gefunden
REMOTE_ADDR: 93.180.64.150
HTTP_REFERER: 
requested: array(4) {
  ["controller"] => string(5) "forum"
  ["action"] => string(13) "viewtopic.php"
  ["module"] => string(7) "default"
  ["p"] => string(2) "61"
}


--------------------------------------------------------------------------------
2016-01-03T13:28:27+00:00 ERR (3) 404 Seite nicht gefunden
REMOTE_ADDR: 93.180.64.150
HTTP_REFERER: 
requested: array(4) {
  ["controller"] => string(5) "forum"
  ["action"] => string(13) "viewtopic.php"
  ["module"] => string(7) "default"
  ["p"] => string(2) "62"
}


--------------------------------------------------------------------------------
2016-01-03T13:28:31+00:00 ERR (3) 404 Seite nicht gefunden
REMOTE_ADDR: 93.180.64.150
HTTP_REFERER: 
requested: array(4) {
  ["controller"] => string(5) "forum"
  ["action"] => string(13) "viewtopic.php"
  ["module"] => string(7) "default"
  ["p"] => string(2) "63"
}


--------------------------------------------------------------------------------
2016-01-03T13:28:34+00:00 ERR (3) 404 Seite nicht gefunden
REMOTE_ADDR: 93.180.64.150
HTTP_REFERER: 
requested: array(4) {
  ["controller"] => string(5) "forum"
  ["action"] => string(13) "viewtopic.php"
  ["module"] => string(7) "default"
  ["p"] => string(2) "64"
}


--------------------------------------------------------------------------------
2016-01-03T13:28:37+00:00 ERR (3) 404 Seite nicht gefunden
REMOTE_ADDR: 93.180.64.150
HTTP_REFERER: 
requested: array(4) {
  ["controller"] => string(5) "forum"
  ["action"] => string(13) "viewtopic.php"
  ["module"] => string(7) "default"
  ["p"] => string(2) "67"
}


--------------------------------------------------------------------------------
2016-01-03T13:28:41+00:00 ERR (3) 404 Seite nicht gefunden
REMOTE_ADDR: 93.180.64.150
HTTP_REFERER: 
requested: array(4) {
  ["controller"] => string(5) "forum"
  ["action"] => string(13) "viewtopic.php"
  ["module"] => string(7) "default"
  ["p"] => string(2) "71"
}


--------------------------------------------------------------------------------
2016-01-03T13:28:44+00:00 ERR (3) 404 Seite nicht gefunden
REMOTE_ADDR: 93.180.64.150
HTTP_REFERER: 
requested: array(8) {
  ["controller"] => string(5) "forum"
  ["action"] => string(13) "viewtopic.php"
  ["module"] => string(7) "default"
  ["t"] => string(1) "8"
  ["start"] => string(1) "0"
  ["postdays"] => string(1) "0"
  ["postorder"] => string(3) "asc"
  ["highlight"] => string(0) ""
}


--------------------------------------------------------------------------------
2016-01-03T13:28:47+00:00 ERR (3) 404 Seite nicht gefunden
REMOTE_ADDR: 93.180.64.150
HTTP_REFERER: 
requested: array(4) {
  ["controller"] => string(5) "forum"
  ["action"] => string(13) "viewtopic.php"
  ["module"] => string(7) "default"
  ["t"] => string(1) "9"
}


--------------------------------------------------------------------------------
2016-01-03T13:28:50+00:00 ERR (3) 404 Seite nicht gefunden
REMOTE_ADDR: 93.180.64.150
HTTP_REFERER: 
requested: array(8) {
  ["controller"] => string(5) "forum"
  ["action"] => string(13) "viewtopic.php"
  ["module"] => string(7) "default"
  ["t"] => string(1) "9"
  ["start"] => string(1) "0"
  ["postdays"] => string(1) "0"
  ["postorder"] => string(3) "asc"
  ["highlight"] => string(0) ""
}


--------------------------------------------------------------------------------
2016-01-03T17:17:46+00:00 ERR (3) 404 "hire-lasse" was not found.
REMOTE_ADDR: 207.46.13.148
HTTP_REFERER: 
requested: array(5) {
  ["lang"] => string(2) "de"
  ["action"] => string(4) "page"
  ["key"] => string(10) "hire-lasse"
  ["module"] => string(7) "default"
  ["controller"] => string(5) "index"
}


--------------------------------------------------------------------------------
2016-01-03T19:10:15+00:00 ERR (3) 404 Seite nicht gefunden
REMOTE_ADDR: 95.32.202.206
HTTP_REFERER: 
requested: array(3) {
  ["controller"] => string(17) "wp-config.php.bak"
  ["action"] => string(5) "index"
  ["module"] => string(7) "default"
}


--------------------------------------------------------------------------------
2016-01-03T21:05:35+00:00 ERR (3) 404 Seite nicht gefunden
REMOTE_ADDR: 119.147.115.6
HTTP_REFERER: http://graphicore.de/forum/index.php
requested: array(3) {
  ["controller"] => string(5) "forum"
  ["action"] => string(9) "index.php"
  ["module"] => string(7) "default"
}


--------------------------------------------------------------------------------
