2018-07-21T01:36:50+00:00 ERR (3) 404 Page not found
REMOTE_ADDR: 202.181.97.22
HTTP_REFERER: ufojs.org
requested: array(3) {
  ["controller"] => string(10) "connectors"
  ["action"] => string(6) "system"
  ["module"] => string(7) "default"
}


--------------------------------------------------------------------------------
2018-07-21T08:54:01+00:00 ERR (3) 404 "hire-lasse" was not found.
REMOTE_ADDR: 144.76.168.111
HTTP_REFERER: 
requested: array(5) {
  ["lang"] => string(2) "de"
  ["action"] => string(4) "page"
  ["key"] => string(10) "hire-lasse"
  ["module"] => string(7) "default"
  ["controller"] => string(5) "index"
}


--------------------------------------------------------------------------------
2018-07-21T10:47:57+00:00 ERR (3) 404 "hire-lasse" was not found.
REMOTE_ADDR: 5.9.106.81
HTTP_REFERER: 
requested: array(5) {
  ["lang"] => string(2) "de"
  ["action"] => string(4) "page"
  ["key"] => string(10) "hire-lasse"
  ["module"] => string(7) "default"
  ["controller"] => string(5) "index"
}


--------------------------------------------------------------------------------
2018-07-21T18:30:04+00:00 ERR (3) 404 "hire-lasse" was not found.
REMOTE_ADDR: 85.25.210.234
HTTP_REFERER: 
requested: array(5) {
  ["lang"] => string(2) "de"
  ["action"] => string(4) "page"
  ["key"] => string(10) "hire-lasse"
  ["module"] => string(7) "default"
  ["controller"] => string(5) "index"
}


--------------------------------------------------------------------------------
2018-07-21T18:54:51+00:00 ERR (3) 404 "competences" was not found.
REMOTE_ADDR: 85.25.210.234
HTTP_REFERER: 
requested: array(5) {
  ["lang"] => string(2) "de"
  ["action"] => string(4) "page"
  ["key"] => string(11) "competences"
  ["module"] => string(7) "default"
  ["controller"] => string(5) "index"
}


--------------------------------------------------------------------------------
2018-07-21T19:18:50+00:00 ERR (3) 404 "competences" was not found.
REMOTE_ADDR: 23.237.4.26
HTTP_REFERER: 
requested: array(5) {
  ["lang"] => string(2) "de"
  ["action"] => string(4) "page"
  ["key"] => string(11) "competences"
  ["module"] => string(7) "default"
  ["controller"] => string(5) "index"
}


--------------------------------------------------------------------------------
2018-07-21T19:18:55+00:00 ERR (3) 404 "hire-lasse" was not found.
REMOTE_ADDR: 23.237.4.26
HTTP_REFERER: 
requested: array(5) {
  ["lang"] => string(2) "de"
  ["action"] => string(4) "page"
  ["key"] => string(10) "hire-lasse"
  ["module"] => string(7) "default"
  ["controller"] => string(5) "index"
}


--------------------------------------------------------------------------------
2018-07-21T19:19:36+00:00 ERR (3) 404 "competences" was not found.
REMOTE_ADDR: 23.237.4.26
HTTP_REFERER: 
requested: array(5) {
  ["lang"] => string(2) "en"
  ["action"] => string(4) "page"
  ["key"] => string(11) "competences"
  ["module"] => string(7) "default"
  ["controller"] => string(5) "index"
}


--------------------------------------------------------------------------------
2018-07-21T19:19:38+00:00 ERR (3) 404 "hire-lasse" was not found.
REMOTE_ADDR: 23.237.4.26
HTTP_REFERER: 
requested: array(5) {
  ["lang"] => string(2) "en"
  ["action"] => string(4) "page"
  ["key"] => string(10) "hire-lasse"
  ["module"] => string(7) "default"
  ["controller"] => string(5) "index"
}


--------------------------------------------------------------------------------
2018-07-21T20:46:15+00:00 ERR (3) 404 Seite nicht gefunden
REMOTE_ADDR: 31.207.33.153
HTTP_REFERER: graphicore.de
requested: array(3) {
  ["controller"] => string(2) "js"
  ["action"] => string(4) "mage"
  ["module"] => string(7) "default"
}


--------------------------------------------------------------------------------
2018-07-21T23:08:07+00:00 ERR (3) 404 "competences" was not found.
REMOTE_ADDR: 188.165.234.52
HTTP_REFERER: 
requested: array(5) {
  ["lang"] => string(2) "de"
  ["action"] => string(4) "page"
  ["key"] => string(11) "competences"
  ["module"] => string(7) "default"
  ["controller"] => string(5) "index"
}


--------------------------------------------------------------------------------
2018-07-21T23:08:09+00:00 ERR (3) 404 "hire-lasse" was not found.
REMOTE_ADDR: 188.165.234.52
HTTP_REFERER: 
requested: array(5) {
  ["lang"] => string(2) "de"
  ["action"] => string(4) "page"
  ["key"] => string(10) "hire-lasse"
  ["module"] => string(7) "default"
  ["controller"] => string(5) "index"
}


--------------------------------------------------------------------------------
2018-07-21T23:08:44+00:00 ERR (3) 404 "competences" was not found.
REMOTE_ADDR: 188.165.234.52
HTTP_REFERER: 
requested: array(5) {
  ["lang"] => string(2) "en"
  ["action"] => string(4) "page"
  ["key"] => string(11) "competences"
  ["module"] => string(7) "default"
  ["controller"] => string(5) "index"
}


--------------------------------------------------------------------------------
2018-07-21T23:08:44+00:00 ERR (3) 404 "hire-lasse" was not found.
REMOTE_ADDR: 188.165.234.52
HTTP_REFERER: 
requested: array(5) {
  ["lang"] => string(2) "en"
  ["action"] => string(4) "page"
  ["key"] => string(10) "hire-lasse"
  ["module"] => string(7) "default"
  ["controller"] => string(5) "index"
}


--------------------------------------------------------------------------------
