2016-03-06T00:16:55+00:00 ERR (3) 404 "hire-lasse" was not found.
REMOTE_ADDR: 157.55.39.180
HTTP_REFERER: 
requested: array(5) {
  ["lang"] => string(2) "de"
  ["action"] => string(4) "page"
  ["key"] => string(10) "hire-lasse"
  ["module"] => string(7) "default"
  ["controller"] => string(5) "index"
}


--------------------------------------------------------------------------------
2016-03-06T00:55:03+00:00 ERR (3) 404 "hire-lasse" was not found.
REMOTE_ADDR: 198.27.80.144
HTTP_REFERER: 
requested: array(5) {
  ["lang"] => string(2) "de"
  ["action"] => string(4) "page"
  ["key"] => string(10) "hire-lasse"
  ["module"] => string(7) "default"
  ["controller"] => string(5) "index"
}


--------------------------------------------------------------------------------
2016-03-06T00:55:40+00:00 ERR (3) 404 "hire-lasse" was not found.
REMOTE_ADDR: 198.27.80.144
HTTP_REFERER: 
requested: array(5) {
  ["lang"] => string(2) "en"
  ["action"] => string(4) "page"
  ["key"] => string(10) "hire-lasse"
  ["module"] => string(7) "default"
  ["controller"] => string(5) "index"
}


--------------------------------------------------------------------------------
2016-03-06T04:01:28+00:00 ERR (3) 404 Seite nicht gefunden
REMOTE_ADDR: 195.154.227.118
HTTP_REFERER: 
requested: array(3) {
  ["controller"] => string(16) "wp-trackback.php"
  ["action"] => string(5) "index"
  ["module"] => string(7) "default"
}


--------------------------------------------------------------------------------
2016-03-06T04:30:44+00:00 ERR (3) 404 Seite nicht gefunden
REMOTE_ADDR: 54.236.1.68
HTTP_REFERER: 
requested: array(3) {
  ["controller"] => string(20) "apple-touch-icon.png"
  ["action"] => string(5) "index"
  ["module"] => string(7) "default"
}


--------------------------------------------------------------------------------
2016-03-06T06:54:09+00:00 ERR (3) 404 Seite nicht gefunden
REMOTE_ADDR: 78.46.50.246
HTTP_REFERER: 
requested: array(8) {
  ["controller"] => string(5) "forum"
  ["action"] => string(13) "viewtopic.php"
  ["module"] => string(7) "default"
  ["t"] => string(2) "13"
  ["start"] => string(1) "0"
  ["postdays"] => string(1) "0"
  ["postorder"] => string(3) "asc"
  ["highlight"] => string(0) ""
}


--------------------------------------------------------------------------------
2016-03-06T13:04:13+00:00 ERR (3) 404 Page not found
REMOTE_ADDR: 14.176.235.56
HTTP_REFERER: 
requested: array(3) {
  ["controller"] => string(13) "administrator"
  ["action"] => string(9) "index.php"
  ["module"] => string(7) "default"
}


--------------------------------------------------------------------------------
2016-03-06T17:13:42+00:00 ERR (3) 404 Seite nicht gefunden
REMOTE_ADDR: 207.241.226.219
HTTP_REFERER: http://www.graphicore.de/forum/viewforum.php?f=1
requested: array(3) {
  ["controller"] => string(5) "forum"
  ["action"] => string(13) "subSilver.css"
  ["module"] => string(7) "default"
}


--------------------------------------------------------------------------------
2016-03-06T17:13:46+00:00 ERR (3) 404 Seite nicht gefunden
REMOTE_ADDR: 207.241.226.234
HTTP_REFERER: http://www.graphicore.de/forum/viewforum.php?f=1
requested: array(4) {
  ["controller"] => string(5) "forum"
  ["action"] => string(9) "templates"
  ["subSilver"] => string(6) "images"
  ["module"] => string(7) "default"
}


--------------------------------------------------------------------------------
2016-03-06T17:23:46+00:00 ERR (3) 404 Seite nicht gefunden
REMOTE_ADDR: 207.241.226.234
HTTP_REFERER: http://www.graphicore.de/forum/viewforum.php?f=1
requested: array(7) {
  ["controller"] => string(5) "forum"
  ["action"] => string(13) "viewforum.php"
  ["module"] => string(7) "default"
  ["f"] => string(1) "1"
  ["topicdays"] => string(1) "0"
  ["start"] => string(3) "400"
  ["sid"] => string(32) "59758e89121e1311176a77a3e83714bf"
}


--------------------------------------------------------------------------------
2016-03-06T17:24:20+00:00 ERR (3) 404 Seite nicht gefunden
REMOTE_ADDR: 207.241.225.236
HTTP_REFERER: http://www.graphicore.de/forum/viewforum.php?f=1
requested: array(7) {
  ["controller"] => string(5) "forum"
  ["action"] => string(13) "viewforum.php"
  ["module"] => string(7) "default"
  ["f"] => string(1) "1"
  ["topicdays"] => string(1) "0"
  ["start"] => string(2) "50"
  ["sid"] => string(32) "59758e89121e1311176a77a3e83714bf"
}


--------------------------------------------------------------------------------
2016-03-06T17:24:29+00:00 ERR (3) 404 Seite nicht gefunden
REMOTE_ADDR: 207.241.231.247
HTTP_REFERER: http://www.graphicore.de/forum/viewforum.php?f=1
requested: array(4) {
  ["controller"] => string(5) "forum"
  ["action"] => string(9) "templates"
  ["subSilver"] => string(6) "images"
  ["module"] => string(7) "default"
}


--------------------------------------------------------------------------------
2016-03-06T18:01:27+00:00 ERR (3) 404 Seite nicht gefunden
REMOTE_ADDR: 5.34.68.131
HTTP_REFERER: http://graphicore.de/forum/
requested: array(3) {
  ["controller"] => string(5) "forum"
  ["action"] => string(5) "index"
  ["module"] => string(7) "default"
}


--------------------------------------------------------------------------------
2016-03-06T19:30:23+00:00 ERR (3) 404 Seite nicht gefunden
REMOTE_ADDR: 185.92.73.125
HTTP_REFERER: http://graphicore.de/license.php
requested: array(3) {
  ["controller"] => string(11) "license.php"
  ["action"] => string(5) "index"
  ["module"] => string(7) "default"
}


--------------------------------------------------------------------------------
2016-03-06T23:24:18+00:00 ERR (3) 404 "hire-lasse" was not found.
REMOTE_ADDR: 157.55.39.180
HTTP_REFERER: 
requested: array(5) {
  ["lang"] => string(2) "de"
  ["action"] => string(4) "page"
  ["key"] => string(10) "hire-lasse"
  ["module"] => string(7) "default"
  ["controller"] => string(5) "index"
}


--------------------------------------------------------------------------------
