2019-09-20T03:55:24+00:00 ERR (3) 404 Seite nicht gefunden
REMOTE_ADDR: 63.250.204.25
HTTP_REFERER: 
requested: array(3) {
  ["controller"] => string(8) "wp-admin"
  ["action"] => string(5) "index"
  ["module"] => string(7) "default"
}


--------------------------------------------------------------------------------
2019-09-20T04:01:20+00:00 ERR (3) 404 Seite nicht gefunden
REMOTE_ADDR: 94.102.13.100
HTTP_REFERER: 
requested: array(3) {
  ["controller"] => string(4) "test"
  ["action"] => string(8) "wp-admin"
  ["module"] => string(7) "default"
}


--------------------------------------------------------------------------------
2019-09-20T04:07:11+00:00 ERR (3) 404 Seite nicht gefunden
REMOTE_ADDR: 177.87.77.252
HTTP_REFERER: 
requested: array(3) {
  ["controller"] => string(9) "wordpress"
  ["action"] => string(8) "wp-admin"
  ["module"] => string(7) "default"
}


--------------------------------------------------------------------------------
2019-09-20T04:12:59+00:00 ERR (3) 404 Seite nicht gefunden
REMOTE_ADDR: 157.7.105.248
HTTP_REFERER: 
requested: array(3) {
  ["controller"] => string(4) "blog"
  ["action"] => string(8) "wp-admin"
  ["module"] => string(7) "default"
}


--------------------------------------------------------------------------------
2019-09-20T04:18:43+00:00 ERR (3) 404 Seite nicht gefunden
REMOTE_ADDR: 205.204.76.192
HTTP_REFERER: 
requested: array(3) {
  ["controller"] => string(2) "wp"
  ["action"] => string(8) "wp-admin"
  ["module"] => string(7) "default"
}


--------------------------------------------------------------------------------
2019-09-20T04:21:53+00:00 ERR (3) 404 Seite nicht gefunden
REMOTE_ADDR: 138.201.255.234
HTTP_REFERER: 
requested: array(3) {
  ["controller"] => string(11) "sitemap.xml"
  ["action"] => string(5) "index"
  ["module"] => string(7) "default"
}


--------------------------------------------------------------------------------
2019-09-20T04:22:50+00:00 ERR (3) 404 "hire-lasse" was not found.
REMOTE_ADDR: 138.201.255.234
HTTP_REFERER: http://graphicore.de/en/archive/2010-09-09_A-Brute-Font-Attack
requested: array(5) {
  ["lang"] => string(2) "en"
  ["action"] => string(4) "page"
  ["key"] => string(10) "hire-lasse"
  ["module"] => string(7) "default"
  ["controller"] => string(5) "index"
}


--------------------------------------------------------------------------------
2019-09-20T04:23:18+00:00 ERR (3) 404 "hire-lasse" was not found.
REMOTE_ADDR: 138.201.255.234
HTTP_REFERER: http://graphicore.de/de/feed/rss
requested: array(5) {
  ["lang"] => string(2) "de"
  ["action"] => string(4) "page"
  ["key"] => string(10) "hire-lasse"
  ["module"] => string(7) "default"
  ["controller"] => string(5) "index"
}


--------------------------------------------------------------------------------
2019-09-20T04:23:55+00:00 ERR (3) 404 "competences" was not found.
REMOTE_ADDR: 138.201.255.234
HTTP_REFERER: http://graphicore.de/de/page/lasse
requested: array(5) {
  ["lang"] => string(2) "de"
  ["action"] => string(4) "page"
  ["key"] => string(11) "competences"
  ["module"] => string(7) "default"
  ["controller"] => string(5) "index"
}


--------------------------------------------------------------------------------
2019-09-20T04:23:56+00:00 ERR (3) 404 "competences" was not found.
REMOTE_ADDR: 138.201.255.234
HTTP_REFERER: http://graphicore.de/en/page/lasse
requested: array(5) {
  ["lang"] => string(2) "en"
  ["action"] => string(4) "page"
  ["key"] => string(11) "competences"
  ["module"] => string(7) "default"
  ["controller"] => string(5) "index"
}


--------------------------------------------------------------------------------
2019-09-20T04:24:27+00:00 ERR (3) 404 Seite nicht gefunden
REMOTE_ADDR: 45.40.156.12
HTTP_REFERER: 
requested: array(3) {
  ["controller"] => string(3) "old"
  ["action"] => string(8) "wp-admin"
  ["module"] => string(7) "default"
}


--------------------------------------------------------------------------------
2019-09-20T05:33:20+00:00 ERR (3) 404 Page not found
REMOTE_ADDR: 185.216.33.149
HTTP_REFERER: http://graphicore.de/
requested: array(3) {
  ["controller"] => string(4) "blog"
  ["action"] => string(5) "index"
  ["module"] => string(7) "default"
}


--------------------------------------------------------------------------------
2019-09-20T06:49:39+00:00 ERR (3) 404 "anne" was not found.
REMOTE_ADDR: 54.36.150.2
HTTP_REFERER: 
requested: array(5) {
  ["lang"] => string(2) "en"
  ["action"] => string(4) "page"
  ["key"] => string(4) "anne"
  ["module"] => string(7) "default"
  ["controller"] => string(5) "index"
}


--------------------------------------------------------------------------------
2019-09-20T08:30:41+00:00 ERR (3) 404 "competences" was not found.
REMOTE_ADDR: 46.229.168.135
HTTP_REFERER: 
requested: array(5) {
  ["lang"] => string(2) "en"
  ["action"] => string(4) "page"
  ["key"] => string(11) "competences"
  ["module"] => string(7) "default"
  ["controller"] => string(5) "index"
}


--------------------------------------------------------------------------------
2019-09-20T17:59:19+00:00 ERR (3) 404 Seite nicht gefunden
REMOTE_ADDR: 54.162.102.36
HTTP_REFERER: 
requested: array(3) {
  ["controller"] => string(7) "ads.txt"
  ["action"] => string(5) "index"
  ["module"] => string(7) "default"
}


--------------------------------------------------------------------------------
