2019-05-23T01:27:51+00:00 ERR (3) 404 Seite nicht gefunden
REMOTE_ADDR: 54.236.1.12
HTTP_REFERER: 
requested: array(3) {
  ["controller"] => string(20) "apple-touch-icon.png"
  ["action"] => string(5) "index"
  ["module"] => string(7) "default"
}


--------------------------------------------------------------------------------
2019-05-23T02:35:54+00:00 ERR (3) 404 Seite nicht gefunden
REMOTE_ADDR: 113.134.218.165
HTTP_REFERER: http://graphicore.de/
requested: array(4) {
  ["controller"] => string(5) "HTTP:"
  [""] => string(16) "graphicore.de:80"
  ["action"] => string(5) "index"
  ["module"] => string(7) "default"
}


--------------------------------------------------------------------------------
2019-05-23T02:48:13+00:00 ERR (3) 404 Seite nicht gefunden
REMOTE_ADDR: 112.14.95.27
HTTP_REFERER: http://graphicore.de/
requested: array(4) {
  ["controller"] => string(5) "HTTP:"
  [""] => string(16) "graphicore.de:80"
  ["action"] => string(5) "index"
  ["module"] => string(7) "default"
}


--------------------------------------------------------------------------------
2019-05-23T02:51:30+00:00 ERR (3) 404 Seite nicht gefunden
REMOTE_ADDR: 175.44.175.207
HTTP_REFERER: http://graphicore.de/
requested: array(4) {
  ["controller"] => string(5) "HTTP:"
  [""] => string(16) "graphicore.de:80"
  ["action"] => string(5) "index"
  ["module"] => string(7) "default"
}


--------------------------------------------------------------------------------
2019-05-23T13:57:12+00:00 ERR (3) 404 Seite nicht gefunden
REMOTE_ADDR: 195.123.212.75
HTTP_REFERER: 
requested: array(3) {
  ["controller"] => string(4) "user"
  ["action"] => string(8) "register"
  ["module"] => string(7) "default"
}


--------------------------------------------------------------------------------
2019-05-23T14:27:21+00:00 ERR (3) 404 Seite nicht gefunden
REMOTE_ADDR: 46.229.168.134
HTTP_REFERER: 
requested: array(3) {
  ["controller"] => string(11) "sitemap.xml"
  ["action"] => string(5) "index"
  ["module"] => string(7) "default"
}


--------------------------------------------------------------------------------
2019-05-23T17:14:50+00:00 ERR (3) 404 Page not found
REMOTE_ADDR: 104.148.64.26
HTTP_REFERER: http://graphicore.de/wp-content/plugins/dzs-zoomsounds/admin/upload.php
requested: array(4) {
  ["controller"] => string(10) "wp-content"
  ["action"] => string(7) "plugins"
  ["dzs-zoomsounds"] => string(5) "admin"
  ["module"] => string(7) "default"
}


--------------------------------------------------------------------------------
