2020-11-01T01:15:56+00:00 ERR (3) 404 "hire-lasse" was not found.
REMOTE_ADDR: 62.138.2.14
HTTP_REFERER: 
requested: array(5) {
  ["lang"] => string(2) "de"
  ["action"] => string(4) "page"
  ["key"] => string(10) "hire-lasse"
  ["module"] => string(7) "default"
  ["controller"] => string(5) "index"
}


--------------------------------------------------------------------------------
2020-11-01T01:21:29+00:00 ERR (3) 404 "hire-lasse" was not found.
REMOTE_ADDR: 62.138.2.14
HTTP_REFERER: 
requested: array(5) {
  ["lang"] => string(2) "en"
  ["action"] => string(4) "page"
  ["key"] => string(10) "hire-lasse"
  ["module"] => string(7) "default"
  ["controller"] => string(5) "index"
}


--------------------------------------------------------------------------------
2020-11-01T01:44:59+00:00 ERR (3) 404 "hire-lasse" was not found.
REMOTE_ADDR: 62.138.2.14
HTTP_REFERER: 
requested: array(5) {
  ["lang"] => string(2) "en"
  ["action"] => string(4) "page"
  ["key"] => string(10) "hire-lasse"
  ["module"] => string(7) "default"
  ["controller"] => string(5) "index"
}


--------------------------------------------------------------------------------
2020-11-01T02:14:50+00:00 ERR (3) 404 "hire-lasse" was not found.
REMOTE_ADDR: 62.138.2.14
HTTP_REFERER: 
requested: array(5) {
  ["lang"] => string(2) "en"
  ["action"] => string(4) "page"
  ["key"] => string(10) "hire-lasse"
  ["module"] => string(7) "default"
  ["controller"] => string(5) "index"
}


--------------------------------------------------------------------------------
2020-11-01T02:46:10+00:00 ERR (3) 404 "hire-lasse" was not found.
REMOTE_ADDR: 62.138.2.14
HTTP_REFERER: 
requested: array(5) {
  ["lang"] => string(2) "en"
  ["action"] => string(4) "page"
  ["key"] => string(10) "hire-lasse"
  ["module"] => string(7) "default"
  ["controller"] => string(5) "index"
}


--------------------------------------------------------------------------------
2020-11-01T03:16:32+00:00 ERR (3) 404 "hire-lasse" was not found.
REMOTE_ADDR: 62.138.2.14
HTTP_REFERER: 
requested: array(5) {
  ["lang"] => string(2) "de"
  ["action"] => string(4) "page"
  ["key"] => string(10) "hire-lasse"
  ["module"] => string(7) "default"
  ["controller"] => string(5) "index"
}


--------------------------------------------------------------------------------
2020-11-01T03:45:02+00:00 ERR (3) 404 "hire-lasse" was not found.
REMOTE_ADDR: 62.138.2.14
HTTP_REFERER: 
requested: array(5) {
  ["lang"] => string(2) "de"
  ["action"] => string(4) "page"
  ["key"] => string(10) "hire-lasse"
  ["module"] => string(7) "default"
  ["controller"] => string(5) "index"
}


--------------------------------------------------------------------------------
2020-11-01T04:14:23+00:00 ERR (3) 404 "hire-lasse" was not found.
REMOTE_ADDR: 62.138.2.14
HTTP_REFERER: 
requested: array(5) {
  ["lang"] => string(2) "de"
  ["action"] => string(4) "page"
  ["key"] => string(10) "hire-lasse"
  ["module"] => string(7) "default"
  ["controller"] => string(5) "index"
}


--------------------------------------------------------------------------------
2020-11-01T04:57:11+00:00 ERR (3) 404 Seite nicht gefunden
REMOTE_ADDR: 66.249.64.156
HTTP_REFERER: 
requested: array(4) {
  ["controller"] => string(5) "diary"
  ["action"] => string(29) "tag:graphicore.de,2010-10-12:"
  ["diary"] => string(27) "201010121448344cb475424313c"
  ["module"] => string(7) "default"
}


--------------------------------------------------------------------------------
2020-11-01T04:58:36+00:00 ERR (3) 404 "hire-lasse" was not found.
REMOTE_ADDR: 62.138.2.14
HTTP_REFERER: 
requested: array(5) {
  ["lang"] => string(2) "en"
  ["action"] => string(4) "page"
  ["key"] => string(10) "hire-lasse"
  ["module"] => string(7) "default"
  ["controller"] => string(5) "index"
}


--------------------------------------------------------------------------------
2020-11-01T05:12:31+00:00 ERR (3) 404 Seite nicht gefunden
REMOTE_ADDR: 20.151.2.142
HTTP_REFERER: 
requested: array(3) {
  ["controller"] => string(4) ".env"
  ["action"] => string(5) "index"
  ["module"] => string(7) "default"
}


--------------------------------------------------------------------------------
2020-11-01T05:29:38+00:00 ERR (3) 404 "hire-lasse" was not found.
REMOTE_ADDR: 62.138.2.14
HTTP_REFERER: 
requested: array(5) {
  ["lang"] => string(2) "en"
  ["action"] => string(4) "page"
  ["key"] => string(10) "hire-lasse"
  ["module"] => string(7) "default"
  ["controller"] => string(5) "index"
}


--------------------------------------------------------------------------------
2020-11-01T05:59:14+00:00 ERR (3) 404 "hire-lasse" was not found.
REMOTE_ADDR: 62.138.2.14
HTTP_REFERER: 
requested: array(5) {
  ["lang"] => string(2) "en"
  ["action"] => string(4) "page"
  ["key"] => string(10) "hire-lasse"
  ["module"] => string(7) "default"
  ["controller"] => string(5) "index"
}


--------------------------------------------------------------------------------
2020-11-01T06:28:37+00:00 ERR (3) 404 Seite nicht gefunden
REMOTE_ADDR: 66.249.64.154
HTTP_REFERER: 
requested: array(4) {
  ["controller"] => string(5) "diary"
  ["action"] => string(29) "tag:graphicore.de,2010-08-31:"
  ["diary"] => string(27) "201008310024084c7c4ba816ac5"
  ["module"] => string(7) "default"
}


--------------------------------------------------------------------------------
2020-11-01T06:46:48+00:00 ERR (3) 404 "hire-lasse" was not found.
REMOTE_ADDR: 62.138.2.14
HTTP_REFERER: 
requested: array(5) {
  ["lang"] => string(2) "en"
  ["action"] => string(4) "page"
  ["key"] => string(10) "hire-lasse"
  ["module"] => string(7) "default"
  ["controller"] => string(5) "index"
}


--------------------------------------------------------------------------------
2020-11-01T06:54:56+00:00 ERR (3) 404 Seite nicht gefunden
REMOTE_ADDR: 66.249.64.152
HTTP_REFERER: 
requested: array(4) {
  ["controller"] => string(5) "diary"
  ["action"] => string(29) "tag:graphicore.de,2015-07-28:"
  ["diary"] => string(27) "2015072812483855b77a264cda6"
  ["module"] => string(7) "default"
}


--------------------------------------------------------------------------------
2020-11-01T07:07:09+00:00 ERR (3) 404 "hire-lasse" was not found.
REMOTE_ADDR: 62.138.2.14
HTTP_REFERER: 
requested: array(5) {
  ["lang"] => string(2) "de"
  ["action"] => string(4) "page"
  ["key"] => string(10) "hire-lasse"
  ["module"] => string(7) "default"
  ["controller"] => string(5) "index"
}


--------------------------------------------------------------------------------
2020-11-01T08:29:45+00:00 ERR (3) 404 Seite nicht gefunden
REMOTE_ADDR: 66.249.64.156
HTTP_REFERER: 
requested: array(4) {
  ["controller"] => string(5) "diary"
  ["action"] => string(29) "tag:graphicore.de,2013-11-12:"
  ["diary"] => string(27) "2013111217533652826b2018ca8"
  ["module"] => string(7) "default"
}


--------------------------------------------------------------------------------
2020-11-01T08:50:57+00:00 ERR (3) 404 "hire-lasse" was not found.
REMOTE_ADDR: 62.138.2.14
HTTP_REFERER: 
requested: array(5) {
  ["lang"] => string(2) "en"
  ["action"] => string(4) "page"
  ["key"] => string(10) "hire-lasse"
  ["module"] => string(7) "default"
  ["controller"] => string(5) "index"
}


--------------------------------------------------------------------------------
2020-11-01T08:54:54+00:00 ERR (3) 404 Seite nicht gefunden
REMOTE_ADDR: 66.249.64.156
HTTP_REFERER: 
requested: array(4) {
  ["controller"] => string(5) "diary"
  ["action"] => string(29) "tag:graphicore.de,2010-09-27:"
  ["diary"] => string(27) "201009272105474ca1072b79bf6"
  ["module"] => string(7) "default"
}


--------------------------------------------------------------------------------
2020-11-01T08:58:19+00:00 ERR (3) 404 Seite nicht gefunden
REMOTE_ADDR: 66.249.64.152
HTTP_REFERER: 
requested: array(4) {
  ["controller"] => string(5) "diary"
  ["action"] => string(29) "tag:graphicore.de,2010-07-09:"
  ["diary"] => string(27) "201007091937074c377a6340b8b"
  ["module"] => string(7) "default"
}


--------------------------------------------------------------------------------
2020-11-01T08:59:28+00:00 ERR (3) 404 Seite nicht gefunden
REMOTE_ADDR: 66.249.64.152
HTTP_REFERER: 
requested: array(4) {
  ["controller"] => string(5) "diary"
  ["action"] => string(29) "tag:graphicore.de,2010-09-23:"
  ["diary"] => string(27) "201009231107214c9b34e9d0274"
  ["module"] => string(7) "default"
}


--------------------------------------------------------------------------------
2020-11-01T09:14:45+00:00 ERR (3) 404 "hire-lasse" was not found.
REMOTE_ADDR: 62.138.2.14
HTTP_REFERER: 
requested: array(5) {
  ["lang"] => string(2) "en"
  ["action"] => string(4) "page"
  ["key"] => string(10) "hire-lasse"
  ["module"] => string(7) "default"
  ["controller"] => string(5) "index"
}


--------------------------------------------------------------------------------
2020-11-01T09:44:14+00:00 ERR (3) 404 "hire-lasse" was not found.
REMOTE_ADDR: 62.138.2.14
HTTP_REFERER: 
requested: array(5) {
  ["lang"] => string(2) "en"
  ["action"] => string(4) "page"
  ["key"] => string(10) "hire-lasse"
  ["module"] => string(7) "default"
  ["controller"] => string(5) "index"
}


--------------------------------------------------------------------------------
2020-11-01T10:14:20+00:00 ERR (3) 404 "hire-lasse" was not found.
REMOTE_ADDR: 62.138.2.14
HTTP_REFERER: 
requested: array(5) {
  ["lang"] => string(2) "en"
  ["action"] => string(4) "page"
  ["key"] => string(10) "hire-lasse"
  ["module"] => string(7) "default"
  ["controller"] => string(5) "index"
}


--------------------------------------------------------------------------------
2020-11-01T10:16:23+00:00 ERR (3) 404 Seite nicht gefunden
REMOTE_ADDR: 114.119.130.111
HTTP_REFERER: 
requested: array(3) {
  ["controller"] => string(9) "downloads"
  ["action"] => string(27) "generaltesting.tar.%20gz%20"
  ["module"] => string(7) "default"
}


--------------------------------------------------------------------------------
2020-11-01T13:15:41+00:00 ERR (3) 404 Seite nicht gefunden
REMOTE_ADDR: 192.185.4.117
HTTP_REFERER: http://graphicore.de/
requested: array(3) {
  ["controller"] => string(8) "wp-admin"
  ["action"] => string(5) "index"
  ["module"] => string(7) "default"
}


--------------------------------------------------------------------------------
2020-11-01T18:18:14+00:00 ERR (3) 404 Page not found
REMOTE_ADDR: 157.230.180.36
HTTP_REFERER: 
requested: array(3) {
  ["controller"] => string(11) "wp-includes"
  ["action"] => string(15) "wlwmanifest.xml"
  ["module"] => string(7) "default"
}


--------------------------------------------------------------------------------
2020-11-01T18:18:15+00:00 ERR (3) 404 Page not found
REMOTE_ADDR: 157.230.180.36
HTTP_REFERER: 
requested: array(3) {
  ["controller"] => string(4) "blog"
  ["action"] => string(11) "wp-includes"
  ["module"] => string(7) "default"
}


--------------------------------------------------------------------------------
2020-11-01T18:18:15+00:00 ERR (3) 404 Page not found
REMOTE_ADDR: 157.230.180.36
HTTP_REFERER: 
requested: array(3) {
  ["controller"] => string(3) "web"
  ["action"] => string(11) "wp-includes"
  ["module"] => string(7) "default"
}


--------------------------------------------------------------------------------
2020-11-01T18:18:15+00:00 ERR (3) 404 Page not found
REMOTE_ADDR: 157.230.180.36
HTTP_REFERER: 
requested: array(3) {
  ["controller"] => string(9) "wordpress"
  ["action"] => string(11) "wp-includes"
  ["module"] => string(7) "default"
}


--------------------------------------------------------------------------------
2020-11-01T18:18:15+00:00 ERR (3) 404 Page not found
REMOTE_ADDR: 157.230.180.36
HTTP_REFERER: 
requested: array(3) {
  ["controller"] => string(7) "website"
  ["action"] => string(11) "wp-includes"
  ["module"] => string(7) "default"
}


--------------------------------------------------------------------------------
2020-11-01T18:18:15+00:00 ERR (3) 404 Page not found
REMOTE_ADDR: 157.230.180.36
HTTP_REFERER: 
requested: array(3) {
  ["controller"] => string(2) "wp"
  ["action"] => string(11) "wp-includes"
  ["module"] => string(7) "default"
}


--------------------------------------------------------------------------------
2020-11-01T18:18:15+00:00 ERR (3) 404 Page not found
REMOTE_ADDR: 157.230.180.36
HTTP_REFERER: 
requested: array(3) {
  ["controller"] => string(4) "news"
  ["action"] => string(11) "wp-includes"
  ["module"] => string(7) "default"
}


--------------------------------------------------------------------------------
2020-11-01T18:18:16+00:00 ERR (3) 404 Page not found
REMOTE_ADDR: 157.230.180.36
HTTP_REFERER: 
requested: array(3) {
  ["controller"] => string(3) "wp1"
  ["action"] => string(11) "wp-includes"
  ["module"] => string(7) "default"
}


--------------------------------------------------------------------------------
2020-11-01T18:18:16+00:00 ERR (3) 404 Page not found
REMOTE_ADDR: 157.230.180.36
HTTP_REFERER: 
requested: array(3) {
  ["controller"] => string(4) "test"
  ["action"] => string(11) "wp-includes"
  ["module"] => string(7) "default"
}


--------------------------------------------------------------------------------
2020-11-01T18:18:16+00:00 ERR (3) 404 Page not found
REMOTE_ADDR: 157.230.180.36
HTTP_REFERER: 
requested: array(3) {
  ["controller"] => string(3) "wp2"
  ["action"] => string(11) "wp-includes"
  ["module"] => string(7) "default"
}


--------------------------------------------------------------------------------
2020-11-01T18:18:16+00:00 ERR (3) 404 Page not found
REMOTE_ADDR: 157.230.180.36
HTTP_REFERER: 
requested: array(3) {
  ["controller"] => string(4) "site"
  ["action"] => string(11) "wp-includes"
  ["module"] => string(7) "default"
}


--------------------------------------------------------------------------------
2020-11-01T18:18:16+00:00 ERR (3) 404 Page not found
REMOTE_ADDR: 157.230.180.36
HTTP_REFERER: 
requested: array(3) {
  ["controller"] => string(3) "cms"
  ["action"] => string(11) "wp-includes"
  ["module"] => string(7) "default"
}


--------------------------------------------------------------------------------
2020-11-01T18:18:16+00:00 ERR (3) 404 Page not found
REMOTE_ADDR: 157.230.180.36
HTTP_REFERER: 
requested: array(3) {
  ["controller"] => string(4) "sito"
  ["action"] => string(11) "wp-includes"
  ["module"] => string(7) "default"
}


--------------------------------------------------------------------------------
2020-11-01T21:41:21+00:00 ERR (3) 404 Seite nicht gefunden
REMOTE_ADDR: 129.146.190.190
HTTP_REFERER: 
requested: array(3) {
  ["controller"] => string(4) ".env"
  ["action"] => string(5) "index"
  ["module"] => string(7) "default"
}


--------------------------------------------------------------------------------
