2020-04-04T00:51:58+00:00 ERR (3) 404 Seite nicht gefunden
REMOTE_ADDR: 185.12.150.110
HTTP_REFERER: 
requested: array(3) {
  ["controller"] => string(10) "humans.txt"
  ["action"] => string(5) "index"
  ["module"] => string(7) "default"
}


--------------------------------------------------------------------------------
2020-04-04T00:51:58+00:00 ERR (3) 404 Seite nicht gefunden
REMOTE_ADDR: 185.12.151.99
HTTP_REFERER: 
requested: array(3) {
  ["controller"] => string(7) "ads.txt"
  ["action"] => string(5) "index"
  ["module"] => string(7) "default"
}


--------------------------------------------------------------------------------
2020-04-04T05:09:09+00:00 ERR (3) 404 Seite nicht gefunden
REMOTE_ADDR: 157.245.239.104
HTTP_REFERER: 
requested: array(3) {
  ["controller"] => string(8) "wp-admin"
  ["action"] => string(11) "install.php"
  ["module"] => string(7) "default"
}


--------------------------------------------------------------------------------
2020-04-04T05:09:10+00:00 ERR (3) 404 Seite nicht gefunden
REMOTE_ADDR: 157.245.239.104
HTTP_REFERER: 
requested: array(3) {
  ["controller"] => string(8) "wp-admin"
  ["action"] => string(11) "install.php"
  ["module"] => string(7) "default"
}


--------------------------------------------------------------------------------
2020-04-04T05:09:11+00:00 ERR (3) 404 Seite nicht gefunden
REMOTE_ADDR: 157.245.239.104
HTTP_REFERER: 
requested: array(4) {
  ["controller"] => string(9) "wordpress"
  [""] => string(8) "wp-admin"
  ["action"] => string(5) "index"
  ["module"] => string(7) "default"
}


--------------------------------------------------------------------------------
2020-04-04T05:10:36+00:00 ERR (3) 404 "en" was not found.
REMOTE_ADDR: 216.244.66.228
HTTP_REFERER: 
requested: array(5) {
  ["lang"] => string(2) "en"
  ["action"] => string(4) "page"
  ["key"] => string(2) "en"
  ["module"] => string(7) "default"
  ["controller"] => string(5) "index"
}


--------------------------------------------------------------------------------
2020-04-04T07:46:36+00:00 ERR (3) 404 "anne" was not found.
REMOTE_ADDR: 54.36.149.28
HTTP_REFERER: 
requested: array(5) {
  ["lang"] => string(2) "de"
  ["action"] => string(4) "page"
  ["key"] => string(4) "anne"
  ["module"] => string(7) "default"
  ["controller"] => string(5) "index"
}


--------------------------------------------------------------------------------
2020-04-04T08:37:45+00:00 ERR (3) 404 "2014-02-27_kaufland-firewall-service" was not found.
REMOTE_ADDR: 216.244.66.228
HTTP_REFERER: 
requested: array(5) {
  ["lang"] => string(2) "en"
  ["action"] => string(7) "archive"
  ["key"] => string(36) "2014-02-27_kaufland-firewall-service"
  ["module"] => string(7) "default"
  ["controller"] => string(5) "index"
}


--------------------------------------------------------------------------------
2020-04-04T09:22:01+00:00 ERR (3) 404 "hire-lasse" was not found.
REMOTE_ADDR: 216.244.66.228
HTTP_REFERER: 
requested: array(5) {
  ["lang"] => string(2) "de"
  ["action"] => string(4) "page"
  ["key"] => string(10) "hire-lasse"
  ["module"] => string(7) "default"
  ["controller"] => string(5) "index"
}


--------------------------------------------------------------------------------
2020-04-04T10:48:44+00:00 ERR (3) 404 The filter "en" was not found.
REMOTE_ADDR: 216.244.66.228
HTTP_REFERER: 
requested: array(5) {
  ["lang"] => string(2) "en"
  ["action"] => string(5) "diary"
  ["key"] => string(2) "en"
  ["module"] => string(7) "default"
  ["controller"] => string(5) "index"
}


--------------------------------------------------------------------------------
2020-04-04T13:42:47+00:00 ERR (3) 404 "hire-lasse" was not found.
REMOTE_ADDR: 77.75.78.172
HTTP_REFERER: 
requested: array(5) {
  ["lang"] => string(2) "en"
  ["action"] => string(4) "page"
  ["key"] => string(10) "hire-lasse"
  ["module"] => string(7) "default"
  ["controller"] => string(5) "index"
}


--------------------------------------------------------------------------------
2020-04-04T15:44:25+00:00 ERR (3) 404 Seite nicht gefunden
REMOTE_ADDR: 216.244.66.228
HTTP_REFERER: 
requested: array(5) {
  ["lang"] => string(2) "de"
  ["action"] => string(2) "de"
  ["module"] => string(7) "default"
  ["controller"] => string(5) "index"
  ["key"] => string(0) ""
}


--------------------------------------------------------------------------------
2020-04-04T19:34:10+00:00 ERR (3) 404 Seite nicht gefunden
REMOTE_ADDR: 157.245.239.104
HTTP_REFERER: 
requested: array(3) {
  ["controller"] => string(8) "wp-admin"
  ["action"] => string(11) "install.php"
  ["module"] => string(7) "default"
}


--------------------------------------------------------------------------------
2020-04-04T19:34:10+00:00 ERR (3) 404 Seite nicht gefunden
REMOTE_ADDR: 157.245.239.104
HTTP_REFERER: 
requested: array(3) {
  ["controller"] => string(8) "wp-admin"
  ["action"] => string(11) "install.php"
  ["module"] => string(7) "default"
}


--------------------------------------------------------------------------------
2020-04-04T19:34:11+00:00 ERR (3) 404 Seite nicht gefunden
REMOTE_ADDR: 157.245.239.104
HTTP_REFERER: 
requested: array(4) {
  ["controller"] => string(9) "wordpress"
  [""] => string(8) "wp-admin"
  ["action"] => string(5) "index"
  ["module"] => string(7) "default"
}


--------------------------------------------------------------------------------
2020-04-04T19:47:47+00:00 ERR (3) 404 Seite nicht gefunden
REMOTE_ADDR: 157.245.239.104
HTTP_REFERER: 
requested: array(3) {
  ["controller"] => string(8) "wp-admin"
  ["action"] => string(11) "install.php"
  ["module"] => string(7) "default"
}


--------------------------------------------------------------------------------
2020-04-04T19:47:48+00:00 ERR (3) 404 Seite nicht gefunden
REMOTE_ADDR: 157.245.239.104
HTTP_REFERER: 
requested: array(3) {
  ["controller"] => string(8) "wp-admin"
  ["action"] => string(11) "install.php"
  ["module"] => string(7) "default"
}


--------------------------------------------------------------------------------
2020-04-04T19:47:48+00:00 ERR (3) 404 Seite nicht gefunden
REMOTE_ADDR: 157.245.239.104
HTTP_REFERER: 
requested: array(4) {
  ["controller"] => string(9) "wordpress"
  [""] => string(8) "wp-admin"
  ["action"] => string(5) "index"
  ["module"] => string(7) "default"
}


--------------------------------------------------------------------------------
2020-04-04T21:10:36+00:00 ERR (3) 404 Seite nicht gefunden
REMOTE_ADDR: 93.36.216.183
HTTP_REFERER: 
requested: array(4) {
  ["controller"] => string(6) "https:"
  [""] => string(19) "silber-und-blei.com"
  ["action"] => string(5) "index"
  ["module"] => string(7) "default"
}


--------------------------------------------------------------------------------
