2017-07-17T03:36:29+00:00 ERR (3) 404 Seite nicht gefunden
REMOTE_ADDR: 47.187.247.66
HTTP_REFERER: 
requested: array(3) {
  ["controller"] => string(5) "admin"
  ["action"] => string(5) "index"
  ["module"] => string(7) "default"
}


--------------------------------------------------------------------------------
2017-07-17T07:26:00+00:00 ERR (3) 404 Seite nicht gefunden
REMOTE_ADDR: 92.63.110.173
HTTP_REFERER: 
requested: array(3) {
  ["controller"] => string(14) "wp-sidebar.php"
  ["action"] => string(5) "index"
  ["module"] => string(7) "default"
}


--------------------------------------------------------------------------------
2017-07-17T08:58:12+00:00 ERR (3) 404 Seite nicht gefunden
REMOTE_ADDR: 192.187.117.10
HTTP_REFERER: 
requested: array(6) {
  ["controller"] => string(7) "editors"
  ["action"] => string(7) "tinymce"
  ["jscripts"] => string(8) "tiny_mce"
  ["plugins"] => string(11) "tinybrowser"
  ["module"] => string(7) "default"
  ["type"] => string(17) "file/wp-login.php"
}


--------------------------------------------------------------------------------
2017-07-17T08:58:12+00:00 ERR (3) 404 Seite nicht gefunden
REMOTE_ADDR: 192.187.117.10
HTTP_REFERER: http://graphicore.de/wp-admin/
requested: array(5) {
  ["controller"] => string(9) "uploadify"
  ["action"] => string(13) "uploadify.php"
  ["module"] => string(7) "default"
  ["folder"] => string(1) "/"
  [1] => string(1) "1"
}


--------------------------------------------------------------------------------
2017-07-17T08:58:13+00:00 ERR (3) 404 Seite nicht gefunden
REMOTE_ADDR: 192.187.117.10
HTTP_REFERER: http://graphicore.de/wp-admin/
requested: array(4) {
  ["controller"] => string(8) "wp-admin"
  ["action"] => string(14) "admin-ajax.php"
  ["module"] => string(7) "default"
  ["client_action"] => string(13) "update_plugin"
}


--------------------------------------------------------------------------------
2017-07-17T08:58:13+00:00 ERR (3) 404 Seite nicht gefunden
REMOTE_ADDR: 192.187.117.10
HTTP_REFERER: http://graphicore.de/wp-admin/
requested: array(4) {
  ["controller"] => string(11) "license.php"
  ["action"] => string(5) "index"
  ["module"] => string(7) "default"
  [1] => string(1) "1"
}


--------------------------------------------------------------------------------
2017-07-17T10:24:59+00:00 ERR (3) 404 "hire-lasse" was not found.
REMOTE_ADDR: 104.236.11.227
HTTP_REFERER: http://graphicore.de/en/archive/2010-09-09_A-Brute-Font-Attack
requested: array(5) {
  ["lang"] => string(2) "en"
  ["action"] => string(4) "page"
  ["key"] => string(10) "hire-lasse"
  ["module"] => string(7) "default"
  ["controller"] => string(5) "index"
}


--------------------------------------------------------------------------------
2017-07-17T10:25:09+00:00 ERR (3) 404 "hire-lasse" was not found.
REMOTE_ADDR: 104.236.11.227
HTTP_REFERER: http://graphicore.de/de/archive/2010-09-09_A-Brute-Font-Attack
requested: array(5) {
  ["lang"] => string(2) "de"
  ["action"] => string(4) "page"
  ["key"] => string(10) "hire-lasse"
  ["module"] => string(7) "default"
  ["controller"] => string(5) "index"
}


--------------------------------------------------------------------------------
2017-07-17T14:08:31+00:00 ERR (3) 404 "hire-lasse" was not found.
REMOTE_ADDR: 51.255.71.115
HTTP_REFERER: 
requested: array(5) {
  ["lang"] => string(2) "en"
  ["action"] => string(4) "page"
  ["key"] => string(10) "hire-lasse"
  ["module"] => string(7) "default"
  ["controller"] => string(5) "index"
}


--------------------------------------------------------------------------------
2017-07-17T21:49:25+00:00 ERR (3) 404 "hire-lasse" was not found.
REMOTE_ADDR: 157.55.39.74
HTTP_REFERER: 
requested: array(5) {
  ["lang"] => string(2) "de"
  ["action"] => string(4) "page"
  ["key"] => string(10) "hire-lasse"
  ["module"] => string(7) "default"
  ["controller"] => string(5) "index"
}


--------------------------------------------------------------------------------
