2015-03-12T09:23:45+00:00 ERR (3) 404 Seite nicht gefunden
REMOTE_ADDR: 109.174.113.142
HTTP_REFERER: graphicore.de/templates/system/css/system.css
requested: array(4) {
  ["controller"] => string(9) "templates"
  ["action"] => string(6) "system"
  ["css"] => string(10) "system.css"
  ["module"] => string(7) "default"
}


--------------------------------------------------------------------------------
2015-03-12T11:35:20+00:00 ERR (3) 404 Seite nicht gefunden
REMOTE_ADDR: 178.137.165.247
HTTP_REFERER: 
requested: array(3) {
  ["controller"] => string(5) "admin"
  ["action"] => string(9) "index.php"
  ["module"] => string(7) "default"
}


--------------------------------------------------------------------------------
2015-03-12T11:35:20+00:00 ERR (3) 404 Page not found
REMOTE_ADDR: 178.137.165.247
HTTP_REFERER: 
requested: array(4) {
  ["controller"] => string(6) "bitrix"
  ["action"] => string(5) "admin"
  ["module"] => string(7) "default"
  ["lang"] => string(2) "en"
}


--------------------------------------------------------------------------------
2015-03-12T12:55:34+00:00 ERR (3) 404 Seite nicht gefunden
REMOTE_ADDR: 46.4.12.20
HTTP_REFERER: 
requested: array(4) {
  ["controller"] => string(5) "forum"
  ["action"] => string(13) "viewtopic.php"
  ["module"] => string(7) "default"
  ["t"] => string(1) "9"
}


--------------------------------------------------------------------------------
2015-03-12T15:25:22+00:00 ERR (3) 404 Seite nicht gefunden
REMOTE_ADDR: 91.61.103.232
HTTP_REFERER: 
requested: array(3) {
  ["controller"] => string(32) "apple-touch-icon-precomposed.png"
  ["action"] => string(5) "index"
  ["module"] => string(7) "default"
}


--------------------------------------------------------------------------------
2015-03-12T15:25:22+00:00 ERR (3) 404 Seite nicht gefunden
REMOTE_ADDR: 91.61.103.232
HTTP_REFERER: 
requested: array(3) {
  ["controller"] => string(20) "apple-touch-icon.png"
  ["action"] => string(5) "index"
  ["module"] => string(7) "default"
}


--------------------------------------------------------------------------------
