2012-12-06T14:22:00+00:00 ERR (3) 404 Seite nicht gefunden
REMOTE_ADDR: 221.4.163.84
HTTP_REFERER: http://graphicore.de/forum/index.php
requested: array(3) {
  ["controller"] => string(5) "forum"
  ["action"] => string(9) "index.php"
  ["module"] => string(7) "default"
}


--------------------------------------------------------------------------------
2012-12-06T16:03:48+00:00 ERR (3) 404 Seite nicht gefunden
REMOTE_ADDR: 199.15.234.6
HTTP_REFERER: http://graphicore.de/forum/index.php
requested: array(3) {
  ["controller"] => string(5) "forum"
  ["action"] => string(9) "index.php"
  ["module"] => string(7) "default"
}


--------------------------------------------------------------------------------
2012-12-06T18:35:58+00:00 ERR (3) 404 Seite nicht gefunden
REMOTE_ADDR: 66.249.76.207
HTTP_REFERER: 
requested: array(3) {
  ["controller"] => string(3) "lib"
  ["action"] => string(5) "index"
  ["module"] => string(7) "default"
}


--------------------------------------------------------------------------------
2012-12-06T18:51:30+00:00 ERR (3) 404 Seite nicht gefunden
REMOTE_ADDR: 66.249.76.207
HTTP_REFERER: 
requested: array(3) {
  ["controller"] => string(5) "tests"
  ["action"] => string(5) "index"
  ["module"] => string(7) "default"
}


--------------------------------------------------------------------------------
