2020-01-30T00:01:42+00:00 ERR (3) 404 Seite nicht gefunden
REMOTE_ADDR: 207.99.15.4
HTTP_REFERER: 
requested: array(3) {
  ["controller"] => string(4) "blog"
  ["action"] => string(8) "wp-admin"
  ["module"] => string(7) "default"
}


--------------------------------------------------------------------------------
2020-01-30T00:02:10+00:00 ERR (3) 404 "hire-lasse" was not found.
REMOTE_ADDR: 85.25.177.187
HTTP_REFERER: 
requested: array(5) {
  ["lang"] => string(2) "en"
  ["action"] => string(4) "page"
  ["key"] => string(10) "hire-lasse"
  ["module"] => string(7) "default"
  ["controller"] => string(5) "index"
}


--------------------------------------------------------------------------------
2020-01-30T00:07:27+00:00 ERR (3) 404 "hire-lasse" was not found.
REMOTE_ADDR: 85.25.177.187
HTTP_REFERER: 
requested: array(5) {
  ["lang"] => string(2) "en"
  ["action"] => string(4) "page"
  ["key"] => string(10) "hire-lasse"
  ["module"] => string(7) "default"
  ["controller"] => string(5) "index"
}


--------------------------------------------------------------------------------
2020-01-30T00:07:54+00:00 ERR (3) 404 Seite nicht gefunden
REMOTE_ADDR: 74.208.58.222
HTTP_REFERER: 
requested: array(3) {
  ["controller"] => string(2) "wp"
  ["action"] => string(8) "wp-admin"
  ["module"] => string(7) "default"
}


--------------------------------------------------------------------------------
2020-01-30T00:09:08+00:00 ERR (3) 404 "hire-lasse" was not found.
REMOTE_ADDR: 85.25.177.187
HTTP_REFERER: 
requested: array(5) {
  ["lang"] => string(2) "en"
  ["action"] => string(4) "page"
  ["key"] => string(10) "hire-lasse"
  ["module"] => string(7) "default"
  ["controller"] => string(5) "index"
}


--------------------------------------------------------------------------------
2020-01-30T00:10:28+00:00 ERR (3) 404 "hire-lasse" was not found.
REMOTE_ADDR: 85.25.177.187
HTTP_REFERER: 
requested: array(5) {
  ["lang"] => string(2) "en"
  ["action"] => string(4) "page"
  ["key"] => string(10) "hire-lasse"
  ["module"] => string(7) "default"
  ["controller"] => string(5) "index"
}


--------------------------------------------------------------------------------
2020-01-30T00:14:06+00:00 ERR (3) 404 Seite nicht gefunden
REMOTE_ADDR: 184.168.27.73
HTTP_REFERER: 
requested: array(3) {
  ["controller"] => string(3) "old"
  ["action"] => string(8) "wp-admin"
  ["module"] => string(7) "default"
}


--------------------------------------------------------------------------------
2020-01-30T09:45:51+00:00 ERR (3) 404 Seite nicht gefunden
REMOTE_ADDR: 173.214.250.129
HTTP_REFERER: 
requested: array(3) {
  ["controller"] => string(11) "sitemap.xml"
  ["action"] => string(5) "index"
  ["module"] => string(7) "default"
}


--------------------------------------------------------------------------------
2020-01-30T09:45:51+00:00 ERR (3) 404 Seite nicht gefunden
REMOTE_ADDR: 173.214.250.129
HTTP_REFERER: 
requested: array(3) {
  ["controller"] => string(16) "post-sitemap.xml"
  ["action"] => string(5) "index"
  ["module"] => string(7) "default"
}


--------------------------------------------------------------------------------
