2020-04-20T01:25:42+00:00 ERR (3) 404 Seite nicht gefunden
REMOTE_ADDR: 70.32.74.74
HTTP_REFERER: 
requested: array(3) {
  ["controller"] => string(3) "inf"
  ["action"] => string(11) "license.txt"
  ["module"] => string(7) "default"
}


--------------------------------------------------------------------------------
2020-04-20T02:23:09+00:00 ERR (3) 404 Page not found
REMOTE_ADDR: 3.112.202.130
HTTP_REFERER: 
requested: array(3) {
  ["controller"] => string(11) "wp-includes"
  ["action"] => string(15) "wlwmanifest.xml"
  ["module"] => string(7) "default"
}


--------------------------------------------------------------------------------
2020-04-20T02:23:10+00:00 ERR (3) 404 Page not found
REMOTE_ADDR: 3.112.202.130
HTTP_REFERER: 
requested: array(3) {
  ["controller"] => string(4) "blog"
  ["action"] => string(11) "wp-includes"
  ["module"] => string(7) "default"
}


--------------------------------------------------------------------------------
2020-04-20T02:23:10+00:00 ERR (3) 404 Page not found
REMOTE_ADDR: 3.112.202.130
HTTP_REFERER: 
requested: array(3) {
  ["controller"] => string(3) "web"
  ["action"] => string(11) "wp-includes"
  ["module"] => string(7) "default"
}


--------------------------------------------------------------------------------
2020-04-20T02:23:11+00:00 ERR (3) 404 Page not found
REMOTE_ADDR: 3.112.202.130
HTTP_REFERER: 
requested: array(3) {
  ["controller"] => string(9) "wordpress"
  ["action"] => string(11) "wp-includes"
  ["module"] => string(7) "default"
}


--------------------------------------------------------------------------------
2020-04-20T02:23:11+00:00 ERR (3) 404 Page not found
REMOTE_ADDR: 3.112.202.130
HTTP_REFERER: 
requested: array(3) {
  ["controller"] => string(7) "website"
  ["action"] => string(11) "wp-includes"
  ["module"] => string(7) "default"
}


--------------------------------------------------------------------------------
2020-04-20T02:23:11+00:00 ERR (3) 404 Page not found
REMOTE_ADDR: 3.112.202.130
HTTP_REFERER: 
requested: array(3) {
  ["controller"] => string(2) "wp"
  ["action"] => string(11) "wp-includes"
  ["module"] => string(7) "default"
}


--------------------------------------------------------------------------------
2020-04-20T02:23:12+00:00 ERR (3) 404 Page not found
REMOTE_ADDR: 3.112.202.130
HTTP_REFERER: 
requested: array(3) {
  ["controller"] => string(4) "news"
  ["action"] => string(11) "wp-includes"
  ["module"] => string(7) "default"
}


--------------------------------------------------------------------------------
2020-04-20T02:23:12+00:00 ERR (3) 404 Page not found
REMOTE_ADDR: 3.112.202.130
HTTP_REFERER: 
requested: array(3) {
  ["controller"] => string(4) "2015"
  ["action"] => string(11) "wp-includes"
  ["module"] => string(7) "default"
}


--------------------------------------------------------------------------------
2020-04-20T02:23:12+00:00 ERR (3) 404 Page not found
REMOTE_ADDR: 3.112.202.130
HTTP_REFERER: 
requested: array(3) {
  ["controller"] => string(4) "2016"
  ["action"] => string(11) "wp-includes"
  ["module"] => string(7) "default"
}


--------------------------------------------------------------------------------
2020-04-20T02:23:13+00:00 ERR (3) 404 Page not found
REMOTE_ADDR: 3.112.202.130
HTTP_REFERER: 
requested: array(3) {
  ["controller"] => string(4) "2017"
  ["action"] => string(11) "wp-includes"
  ["module"] => string(7) "default"
}


--------------------------------------------------------------------------------
2020-04-20T02:23:13+00:00 ERR (3) 404 Page not found
REMOTE_ADDR: 3.112.202.130
HTTP_REFERER: 
requested: array(3) {
  ["controller"] => string(4) "2018"
  ["action"] => string(11) "wp-includes"
  ["module"] => string(7) "default"
}


--------------------------------------------------------------------------------
2020-04-20T02:23:13+00:00 ERR (3) 404 Page not found
REMOTE_ADDR: 3.112.202.130
HTTP_REFERER: 
requested: array(3) {
  ["controller"] => string(4) "shop"
  ["action"] => string(11) "wp-includes"
  ["module"] => string(7) "default"
}


--------------------------------------------------------------------------------
2020-04-20T02:23:14+00:00 ERR (3) 404 Page not found
REMOTE_ADDR: 3.112.202.130
HTTP_REFERER: 
requested: array(3) {
  ["controller"] => string(3) "wp1"
  ["action"] => string(11) "wp-includes"
  ["module"] => string(7) "default"
}


--------------------------------------------------------------------------------
2020-04-20T02:23:14+00:00 ERR (3) 404 Page not found
REMOTE_ADDR: 3.112.202.130
HTTP_REFERER: 
requested: array(3) {
  ["controller"] => string(4) "test"
  ["action"] => string(11) "wp-includes"
  ["module"] => string(7) "default"
}


--------------------------------------------------------------------------------
2020-04-20T02:23:14+00:00 ERR (3) 404 Page not found
REMOTE_ADDR: 3.112.202.130
HTTP_REFERER: 
requested: array(3) {
  ["controller"] => string(5) "media"
  ["action"] => string(11) "wp-includes"
  ["module"] => string(7) "default"
}


--------------------------------------------------------------------------------
2020-04-20T02:23:15+00:00 ERR (3) 404 Page not found
REMOTE_ADDR: 3.112.202.130
HTTP_REFERER: 
requested: array(3) {
  ["controller"] => string(3) "wp2"
  ["action"] => string(11) "wp-includes"
  ["module"] => string(7) "default"
}


--------------------------------------------------------------------------------
2020-04-20T02:23:15+00:00 ERR (3) 404 Page not found
REMOTE_ADDR: 3.112.202.130
HTTP_REFERER: 
requested: array(3) {
  ["controller"] => string(4) "site"
  ["action"] => string(11) "wp-includes"
  ["module"] => string(7) "default"
}


--------------------------------------------------------------------------------
2020-04-20T02:23:15+00:00 ERR (3) 404 Page not found
REMOTE_ADDR: 3.112.202.130
HTTP_REFERER: 
requested: array(3) {
  ["controller"] => string(3) "cms"
  ["action"] => string(11) "wp-includes"
  ["module"] => string(7) "default"
}


--------------------------------------------------------------------------------
2020-04-20T02:23:16+00:00 ERR (3) 404 Page not found
REMOTE_ADDR: 3.112.202.130
HTTP_REFERER: 
requested: array(3) {
  ["controller"] => string(4) "sito"
  ["action"] => string(11) "wp-includes"
  ["module"] => string(7) "default"
}


--------------------------------------------------------------------------------
2020-04-20T05:23:46+00:00 ERR (3) 404 "competences" was not found.
REMOTE_ADDR: 54.219.75.180
HTTP_REFERER: 
requested: array(5) {
  ["lang"] => string(2) "en"
  ["action"] => string(4) "page"
  ["key"] => string(11) "competences"
  ["module"] => string(7) "default"
  ["controller"] => string(5) "index"
}


--------------------------------------------------------------------------------
2020-04-20T05:23:48+00:00 ERR (3) 404 "hire-lasse" was not found.
REMOTE_ADDR: 54.219.75.180
HTTP_REFERER: 
requested: array(5) {
  ["lang"] => string(2) "en"
  ["action"] => string(4) "page"
  ["key"] => string(10) "hire-lasse"
  ["module"] => string(7) "default"
  ["controller"] => string(5) "index"
}


--------------------------------------------------------------------------------
2020-04-20T05:24:05+00:00 ERR (3) 404 "competences" was not found.
REMOTE_ADDR: 54.219.75.180
HTTP_REFERER: 
requested: array(5) {
  ["lang"] => string(2) "en"
  ["action"] => string(4) "page"
  ["key"] => string(11) "competences"
  ["module"] => string(7) "default"
  ["controller"] => string(5) "index"
}


--------------------------------------------------------------------------------
2020-04-20T05:24:06+00:00 ERR (3) 404 "hire-lasse" was not found.
REMOTE_ADDR: 54.219.75.180
HTTP_REFERER: 
requested: array(5) {
  ["lang"] => string(2) "en"
  ["action"] => string(4) "page"
  ["key"] => string(10) "hire-lasse"
  ["module"] => string(7) "default"
  ["controller"] => string(5) "index"
}


--------------------------------------------------------------------------------
2020-04-20T11:09:40+00:00 ERR (3) 404 Seite nicht gefunden
REMOTE_ADDR: 158.69.225.34
HTTP_REFERER: 
requested: array(3) {
  ["controller"] => string(11) "sitemap.xml"
  ["action"] => string(5) "index"
  ["module"] => string(7) "default"
}


--------------------------------------------------------------------------------
2020-04-20T11:09:51+00:00 ERR (3) 404 Seite nicht gefunden
REMOTE_ADDR: 158.69.225.34
HTTP_REFERER: 
requested: array(3) {
  ["controller"] => string(7) "ads.txt"
  ["action"] => string(5) "index"
  ["module"] => string(7) "default"
}


--------------------------------------------------------------------------------
2020-04-20T13:24:13+00:00 ERR (3) 404 Seite nicht gefunden
REMOTE_ADDR: 54.236.1.18
HTTP_REFERER: 
requested: array(3) {
  ["controller"] => string(20) "apple-touch-icon.png"
  ["action"] => string(5) "index"
  ["module"] => string(7) "default"
}


--------------------------------------------------------------------------------
2020-04-20T14:15:47+00:00 ERR (3) 404 "competences" was not found.
REMOTE_ADDR: 77.75.78.170
HTTP_REFERER: 
requested: array(5) {
  ["lang"] => string(2) "en"
  ["action"] => string(4) "page"
  ["key"] => string(11) "competences"
  ["module"] => string(7) "default"
  ["controller"] => string(5) "index"
}


--------------------------------------------------------------------------------
2020-04-20T16:29:23+00:00 ERR (3) 404 "competences" was not found.
REMOTE_ADDR: 77.75.78.165
HTTP_REFERER: 
requested: array(5) {
  ["lang"] => string(2) "de"
  ["action"] => string(4) "page"
  ["key"] => string(11) "competences"
  ["module"] => string(7) "default"
  ["controller"] => string(5) "index"
}


--------------------------------------------------------------------------------
2020-04-20T16:29:23+00:00 ERR (3) 404 "hire-lasse" was not found.
REMOTE_ADDR: 77.75.78.165
HTTP_REFERER: 
requested: array(5) {
  ["lang"] => string(2) "de"
  ["action"] => string(4) "page"
  ["key"] => string(10) "hire-lasse"
  ["module"] => string(7) "default"
  ["controller"] => string(5) "index"
}


--------------------------------------------------------------------------------
2020-04-20T17:19:22+00:00 ERR (3) 404 Seite nicht gefunden
REMOTE_ADDR: 114.33.149.207
HTTP_REFERER: 
requested: array(3) {
  ["controller"] => string(4) "2017"
  ["action"] => string(11) "license.txt"
  ["module"] => string(7) "default"
}


--------------------------------------------------------------------------------
2020-04-20T21:21:26+00:00 ERR (3) 404 Seite nicht gefunden
REMOTE_ADDR: 146.148.40.68
HTTP_REFERER: 
requested: array(3) {
  ["controller"] => string(4) ".env"
  ["action"] => string(5) "index"
  ["module"] => string(7) "default"
}


--------------------------------------------------------------------------------
2020-04-20T21:21:29+00:00 ERR (3) 404 Seite nicht gefunden
REMOTE_ADDR: 146.148.40.68
HTTP_REFERER: 
requested: array(5) {
  ["controller"] => string(6) "vendor"
  ["action"] => string(7) "phpunit"
  ["phpunit"] => string(3) "src"
  ["Util"] => string(3) "PHP"
  ["module"] => string(7) "default"
}


--------------------------------------------------------------------------------
2020-04-20T21:54:55+00:00 ERR (3) 404 Seite nicht gefunden
REMOTE_ADDR: 35.210.141.161
HTTP_REFERER: 
requested: array(3) {
  ["controller"] => string(7) "wp-json"
  ["action"] => string(5) "index"
  ["module"] => string(7) "default"
}


--------------------------------------------------------------------------------
