2020-09-26T04:40:11+00:00 ERR (3) 404 Seite nicht gefunden
REMOTE_ADDR: 69.61.200.104
HTTP_REFERER: http://graphicore.de/forum/
requested: array(3) {
  ["controller"] => string(5) "forum"
  ["action"] => string(5) "index"
  ["module"] => string(7) "default"
}


--------------------------------------------------------------------------------
2020-09-26T06:54:58+00:00 ERR (3) 404 Seite nicht gefunden
REMOTE_ADDR: 54.39.216.114
HTTP_REFERER: 
requested: array(4) {
  ["controller"] => string(10) "wp-content"
  ["action"] => string(7) "plugins"
  ["wp-file-manager"] => string(3) "lib"
  ["module"] => string(7) "default"
}


--------------------------------------------------------------------------------
2020-09-26T11:34:32+00:00 ERR (3) 404 "anne" was not found.
REMOTE_ADDR: 207.46.13.165
HTTP_REFERER: 
requested: array(5) {
  ["lang"] => string(2) "de"
  ["action"] => string(4) "page"
  ["key"] => string(4) "anne"
  ["module"] => string(7) "default"
  ["controller"] => string(5) "index"
}


--------------------------------------------------------------------------------
2020-09-26T19:03:13+00:00 ERR (3) 404 Seite nicht gefunden
REMOTE_ADDR: 39.101.1.61
HTTP_REFERER: 
requested: array(3) {
  ["controller"] => string(1) "e"
  ["action"] => string(5) "admin"
  ["module"] => string(7) "default"
}


--------------------------------------------------------------------------------
