2015-12-13T02:38:01+00:00 ERR (3) 404 "hire-lasse" was not found.
REMOTE_ADDR: 207.46.13.52
HTTP_REFERER: 
requested: array(5) {
  ["lang"] => string(2) "de"
  ["action"] => string(4) "page"
  ["key"] => string(10) "hire-lasse"
  ["module"] => string(7) "default"
  ["controller"] => string(5) "index"
}


--------------------------------------------------------------------------------
2015-12-13T05:04:17+00:00 ERR (3) 404 "2015-07-28_hello_metapolator&amp;amp;sa=U&amp;amp;ved=0ahUKEwjH--vngNjJAhXLQiYKHSIfBhE4ZBAWCOMDMFc&amp;amp;usg=AFQjCNGROJmkhbdvUTHsoge1A_noVpy-5g" was not found.
REMOTE_ADDR: 204.16.0.243
HTTP_REFERER: 
requested: array(8) {
  ["lang"] => string(2) "de"
  ["action"] => string(7) "archive"
  ["key"] => string(133) "2015-07-28_hello_metapolator&amp;sa=U&amp;ved=0ahUKEwjH--vngNjJAhXLQiYKHSIfBhE4ZBAWCOMDMFc&amp;usg=AFQjCNGROJmkhbdvUTHsoge1A_noVpy-5g"
  [""] => string(9) "index.php"
  ["module"] => string(7) "default"
  ["controller"] => string(5) "index"
  ["option"] => string(10) "com_myblog"
  ["task"] => string(10) "ajaxupload"
}


--------------------------------------------------------------------------------
2015-12-13T05:04:23+00:00 ERR (3) 404 Seite nicht gefunden
REMOTE_ADDR: 204.16.0.243
HTTP_REFERER: 
requested: array(5) {
  ["controller"] => string(9) "index.php"
  ["action"] => string(5) "index"
  ["module"] => string(7) "default"
  ["option"] => string(10) "com_myblog"
  ["task"] => string(10) "ajaxupload"
}


--------------------------------------------------------------------------------
2015-12-13T05:04:25+00:00 ERR (3) 404 "" was not found.
REMOTE_ADDR: 204.16.0.243
HTTP_REFERER: 
requested: array(7) {
  ["lang"] => string(2) "de"
  ["action"] => string(7) "archive"
  ["key"] => string(0) ""
  ["module"] => string(7) "default"
  ["controller"] => string(5) "index"
  ["option"] => string(10) "com_myblog"
  ["task"] => string(10) "ajaxupload"
}


--------------------------------------------------------------------------------
2015-12-13T05:06:45+00:00 ERR (3) 404 "2015-07-28_hello_metapolator&amp;amp;sa=U&amp;amp;ved=0ahUKEwi45IPigdjJAhXDXiwKHYcsDJc4MhAWCOwCMDo&amp;amp;usg=AFQjCNHdQisxb3TF-ihn9q_1doGJZz9QWA" was not found.
REMOTE_ADDR: 204.16.0.243
HTTP_REFERER: 
requested: array(8) {
  ["lang"] => string(2) "en"
  ["action"] => string(7) "archive"
  ["key"] => string(133) "2015-07-28_hello_metapolator&amp;sa=U&amp;ved=0ahUKEwi45IPigdjJAhXDXiwKHYcsDJc4MhAWCOwCMDo&amp;usg=AFQjCNHdQisxb3TF-ihn9q_1doGJZz9QWA"
  [""] => string(9) "index.php"
  ["module"] => string(7) "default"
  ["controller"] => string(5) "index"
  ["option"] => string(10) "com_myblog"
  ["task"] => string(10) "ajaxupload"
}


--------------------------------------------------------------------------------
2015-12-13T05:06:48+00:00 ERR (3) 404 Seite nicht gefunden
REMOTE_ADDR: 204.16.0.243
HTTP_REFERER: 
requested: array(5) {
  ["controller"] => string(9) "index.php"
  ["action"] => string(5) "index"
  ["module"] => string(7) "default"
  ["option"] => string(10) "com_myblog"
  ["task"] => string(10) "ajaxupload"
}


--------------------------------------------------------------------------------
2015-12-13T05:06:56+00:00 ERR (3) 404 "" was not found.
REMOTE_ADDR: 204.16.0.243
HTTP_REFERER: 
requested: array(7) {
  ["lang"] => string(2) "en"
  ["action"] => string(7) "archive"
  ["key"] => string(0) ""
  ["module"] => string(7) "default"
  ["controller"] => string(5) "index"
  ["option"] => string(10) "com_myblog"
  ["task"] => string(10) "ajaxupload"
}


--------------------------------------------------------------------------------
2015-12-13T05:08:06+00:00 ERR (3) 404 "2015-07-28_hello_metapolator&amp;amp;sa=U&amp;amp;ved=0ahUKEwj85rrpgNjJAhWDQyYKHVwFAco4lgEQFgjPATAl&amp;amp;usg=AFQjCNGROJmkhbdvUTHsoge1A_noVpy-5g" was not found.
REMOTE_ADDR: 204.16.0.243
HTTP_REFERER: 
requested: array(8) {
  ["lang"] => string(2) "de"
  ["action"] => string(7) "archive"
  ["key"] => string(134) "2015-07-28_hello_metapolator&amp;sa=U&amp;ved=0ahUKEwj85rrpgNjJAhWDQyYKHVwFAco4lgEQFgjPATAl&amp;usg=AFQjCNGROJmkhbdvUTHsoge1A_noVpy-5g"
  [""] => string(9) "index.php"
  ["module"] => string(7) "default"
  ["controller"] => string(5) "index"
  ["option"] => string(10) "com_myblog"
  ["task"] => string(10) "ajaxupload"
}


--------------------------------------------------------------------------------
2015-12-13T05:13:26+00:00 ERR (3) 404 "2015-07-28_hello_metapolator&amp;amp;sa=U&amp;amp;ved=0ahUKEwjLs-fjgdjJAhXFWhoKHcq9D044ZBAWCD8wCA&amp;amp;usg=AFQjCNGROJmkhbdvUTHsoge1A_noVpy-5g" was not found.
REMOTE_ADDR: 204.16.0.243
HTTP_REFERER: 
requested: array(8) {
  ["lang"] => string(2) "de"
  ["action"] => string(7) "archive"
  ["key"] => string(132) "2015-07-28_hello_metapolator&amp;sa=U&amp;ved=0ahUKEwjLs-fjgdjJAhXFWhoKHcq9D044ZBAWCD8wCA&amp;usg=AFQjCNGROJmkhbdvUTHsoge1A_noVpy-5g"
  [""] => string(9) "index.php"
  ["module"] => string(7) "default"
  ["controller"] => string(5) "index"
  ["option"] => string(10) "com_myblog"
  ["task"] => string(10) "ajaxupload"
}


--------------------------------------------------------------------------------
2015-12-13T05:13:26+00:00 ERR (3) 404 "" was not found.
REMOTE_ADDR: 204.16.0.243
HTTP_REFERER: 
requested: array(7) {
  ["lang"] => string(2) "de"
  ["action"] => string(7) "archive"
  ["key"] => string(0) ""
  ["module"] => string(7) "default"
  ["controller"] => string(5) "index"
  ["option"] => string(10) "com_myblog"
  ["task"] => string(10) "ajaxupload"
}


--------------------------------------------------------------------------------
2015-12-13T06:04:36+00:00 ERR (3) 404 Seite nicht gefunden
REMOTE_ADDR: 192.187.126.164
HTTP_REFERER: 
requested: array(3) {
  ["controller"] => string(7) "content"
  ["action"] => string(9) "fckeditor"
  ["module"] => string(7) "default"
}


--------------------------------------------------------------------------------
2015-12-13T06:21:47+00:00 ERR (3) 404 Seite nicht gefunden
REMOTE_ADDR: 98.126.79.42
HTTP_REFERER: 
requested: array(3) {
  ["controller"] => string(12) "wp-login.php"
  ["action"] => string(5) "index"
  ["module"] => string(7) "default"
}


--------------------------------------------------------------------------------
2015-12-13T07:26:39+00:00 ERR (3) 404 Seite nicht gefunden
REMOTE_ADDR: 69.30.244.186
HTTP_REFERER: 
requested: array(3) {
  ["controller"] => string(12) "wp-login.php"
  ["action"] => string(5) "index"
  ["module"] => string(7) "default"
}


--------------------------------------------------------------------------------
2015-12-13T08:22:29+00:00 ERR (3) 404 Seite nicht gefunden
REMOTE_ADDR: 192.187.126.164
HTTP_REFERER: 
requested: array(3) {
  ["controller"] => string(2) "cs"
  ["action"] => string(6) "editor"
  ["module"] => string(7) "default"
}


--------------------------------------------------------------------------------
2015-12-13T13:07:45+00:00 ERR (3) 404 Seite nicht gefunden
REMOTE_ADDR: 192.187.126.164
HTTP_REFERER: 
requested: array(3) {
  ["controller"] => string(4) "edit"
  ["action"] => string(6) "editor"
  ["module"] => string(7) "default"
}


--------------------------------------------------------------------------------
2015-12-13T16:15:13+00:00 ERR (3) 404 "hire-lasse" was not found.
REMOTE_ADDR: 162.243.219.40
HTTP_REFERER: http://graphicore.de/en/archive/2010-09-09_A-Brute-Font-Attack
requested: array(5) {
  ["lang"] => string(2) "en"
  ["action"] => string(4) "page"
  ["key"] => string(10) "hire-lasse"
  ["module"] => string(7) "default"
  ["controller"] => string(5) "index"
}


--------------------------------------------------------------------------------
2015-12-13T16:15:23+00:00 ERR (3) 404 "hire-lasse" was not found.
REMOTE_ADDR: 162.243.219.40
HTTP_REFERER: http://graphicore.de/de/archive/2010-09-09_A-Brute-Font-Attack
requested: array(5) {
  ["lang"] => string(2) "de"
  ["action"] => string(4) "page"
  ["key"] => string(10) "hire-lasse"
  ["module"] => string(7) "default"
  ["controller"] => string(5) "index"
}


--------------------------------------------------------------------------------
2015-12-13T16:30:36+00:00 ERR (3) 404 "hire-lasse" was not found.
REMOTE_ADDR: 207.46.13.52
HTTP_REFERER: 
requested: array(5) {
  ["lang"] => string(2) "de"
  ["action"] => string(4) "page"
  ["key"] => string(10) "hire-lasse"
  ["module"] => string(7) "default"
  ["controller"] => string(5) "index"
}


--------------------------------------------------------------------------------
2015-12-13T17:57:45+00:00 ERR (3) 404 Seite nicht gefunden
REMOTE_ADDR: 192.187.126.164
HTTP_REFERER: 
requested: array(3) {
  ["controller"] => string(6) "editor"
  ["action"] => string(6) "editor"
  ["module"] => string(7) "default"
}


--------------------------------------------------------------------------------
2015-12-13T20:11:47+00:00 ERR (3) 404 Seite nicht gefunden
REMOTE_ADDR: 192.187.126.164
HTTP_REFERER: 
requested: array(3) {
  ["controller"] => string(6) "editor"
  ["action"] => string(3) "fck"
  ["module"] => string(7) "default"
}


--------------------------------------------------------------------------------
2015-12-13T21:50:29+00:00 ERR (3) 404 Seite nicht gefunden
REMOTE_ADDR: 195.154.227.118
HTTP_REFERER: 
requested: array(3) {
  ["controller"] => string(10) "wp-content"
  ["action"] => string(5) "index"
  ["module"] => string(7) "default"
}


--------------------------------------------------------------------------------
2015-12-13T22:46:48+00:00 ERR (3) 404 Seite nicht gefunden
REMOTE_ADDR: 178.211.183.204
HTTP_REFERER: http://graphicore.de/license.php
requested: array(3) {
  ["controller"] => string(11) "license.php"
  ["action"] => string(5) "index"
  ["module"] => string(7) "default"
}


--------------------------------------------------------------------------------
