2011-02-27T00:16:50+00:00 ERR (3) 404 Page not found
REMOTE_ADDR: 216.98.154.122
HTTP_REFERER: 
requested: array(4) {
  ["controller"] => string(5) "lists"
  ["action"] => string(5) "admin"
  ["module"] => string(7) "default"
  ["_SERVER"] => array(1) {
    ["ConfigFile"] => string(79) "../../../../../../../../../../../../../../../../../../../../../../../etc/passwd"
  }
}


--------------------------------------------------------------------------------
2011-02-27T00:16:51+00:00 ERR (3) 404 Page not found
REMOTE_ADDR: 216.98.154.122
HTTP_REFERER: 
requested: array(4) {
  ["controller"] => string(10) "newsletter"
  ["action"] => string(5) "admin"
  ["module"] => string(7) "default"
  ["_SERVER"] => array(1) {
    ["ConfigFile"] => string(79) "../../../../../../../../../../../../../../../../../../../../../../../etc/passwd"
  }
}


--------------------------------------------------------------------------------
2011-02-27T00:16:52+00:00 ERR (3) 404 Page not found
REMOTE_ADDR: 216.98.154.122
HTTP_REFERER: 
requested: array(4) {
  ["controller"] => string(4) "news"
  ["action"] => string(5) "admin"
  ["module"] => string(7) "default"
  ["_SERVER"] => array(1) {
    ["ConfigFile"] => string(79) "../../../../../../../../../../../../../../../../../../../../../../../etc/passwd"
  }
}


--------------------------------------------------------------------------------
2011-02-27T00:16:53+00:00 ERR (3) 404 Page not found
REMOTE_ADDR: 216.98.154.122
HTTP_REFERER: 
requested: array(4) {
  ["controller"] => string(7) "phplist"
  ["action"] => string(5) "admin"
  ["module"] => string(7) "default"
  ["_SERVER"] => array(1) {
    ["ConfigFile"] => string(79) "../../../../../../../../../../../../../../../../../../../../../../../etc/passwd"
  }
}


--------------------------------------------------------------------------------
2011-02-27T00:16:54+00:00 ERR (3) 404 Page not found
REMOTE_ADDR: 216.98.154.122
HTTP_REFERER: 
requested: array(4) {
  ["controller"] => string(7) "phpList"
  ["action"] => string(5) "admin"
  ["module"] => string(7) "default"
  ["_SERVER"] => array(1) {
    ["ConfigFile"] => string(79) "../../../../../../../../../../../../../../../../../../../../../../../etc/passwd"
  }
}


--------------------------------------------------------------------------------
2011-02-27T00:16:55+00:00 ERR (3) 404 Page not found
REMOTE_ADDR: 216.98.154.122
HTTP_REFERER: 
requested: array(4) {
  ["controller"] => string(5) "admin"
  ["action"] => string(9) "index.php"
  ["module"] => string(7) "default"
  ["_SERVER"] => array(1) {
    ["ConfigFile"] => string(79) "../../../../../../../../../../../../../../../../../../../../../../../etc/passwd"
  }
}


--------------------------------------------------------------------------------
2011-02-27T00:16:56+00:00 ERR (3) 404 Page not found
REMOTE_ADDR: 216.98.154.122
HTTP_REFERER: 
requested: array(5) {
  ["controller"] => string(7) "phplist"
  ["action"] => string(4) "lsts"
  ["admin"] => string(9) "index.php"
  ["module"] => string(7) "default"
  ["_SERVER"] => array(1) {
    ["ConfigFile"] => string(79) "../../../../../../../../../../../../../../../../../../../../../../../etc/passwd"
  }
}


--------------------------------------------------------------------------------
2011-02-27T00:16:58+00:00 ERR (3) 404 Page not found
REMOTE_ADDR: 216.98.154.122
HTTP_REFERER: 
requested: array(4) {
  ["controller"] => string(8) "phplists"
  ["action"] => string(5) "admin"
  ["module"] => string(7) "default"
  ["_SERVER"] => array(1) {
    ["ConfigFile"] => string(79) "../../../../../../../../../../../../../../../../../../../../../../../etc/passwd"
  }
}


--------------------------------------------------------------------------------
2011-02-27T00:16:59+00:00 ERR (3) 404 Page not found
REMOTE_ADDR: 216.98.154.122
HTTP_REFERER: 
requested: array(4) {
  ["controller"] => string(4) "list"
  ["action"] => string(9) "index.php"
  ["module"] => string(7) "default"
  ["_SERVER"] => array(1) {
    ["ConfigFile"] => string(79) "../../../../../../../../../../../../../../../../../../../../../../../etc/passwd"
  }
}


--------------------------------------------------------------------------------
2011-02-27T07:33:58+00:00 ERR (3) 404 "topic" was not found.
REMOTE_ADDR: 77.79.11.227
HTTP_REFERER: http://graphicore.de/de/index/topic/intern/news/
requested: array(6) {
  ["lang"] => string(2) "de"
  ["action"] => string(5) "index"
  ["key"] => string(5) "topic"
  ["intern"] => string(4) "news"
  ["module"] => string(7) "default"
  ["controller"] => string(5) "index"
}


--------------------------------------------------------------------------------
2011-02-27T12:48:04+00:00 ERR (3) 404 Page not found
REMOTE_ADDR: 174.127.132.107
HTTP_REFERER: 
requested: array(5) {
  ["lang"] => string(2) "en"
  ["action"] => string(21) ".google-analytics.com"
  ["key"] => string(5) "ga.js"
  ["module"] => string(7) "default"
  ["controller"] => string(5) "index"
}


--------------------------------------------------------------------------------
2011-02-27T12:58:56+00:00 ERR (3) 404 ".google-analytics.com" was not found.
REMOTE_ADDR: 174.127.132.107
HTTP_REFERER: 
requested: array(5) {
  ["lang"] => string(2) "en"
  ["action"] => string(7) "archive"
  ["key"] => string(21) ".google-analytics.com"
  ["module"] => string(7) "default"
  ["controller"] => string(5) "index"
}


--------------------------------------------------------------------------------
2011-02-27T15:48:56+00:00 ERR (3) 404 Page not found
REMOTE_ADDR: 195.7.10.56
HTTP_REFERER: 
requested: array(3) {
  ["controller"] => string(5) "hello"
  ["action"] => string(14) "YellowFish.php"
  ["module"] => string(7) "default"
}


--------------------------------------------------------------------------------
2011-02-27T15:48:57+00:00 ERR (3) 404 Page not found
REMOTE_ADDR: 195.7.10.56
HTTP_REFERER: 
requested: array(3) {
  ["controller"] => string(5) "admin"
  ["action"] => string(7) "scripts"
  ["module"] => string(7) "default"
}


--------------------------------------------------------------------------------
2011-02-27T15:48:58+00:00 ERR (3) 404 Page not found
REMOTE_ADDR: 195.7.10.56
HTTP_REFERER: 
requested: array(3) {
  ["controller"] => string(5) "Admin"
  ["action"] => string(7) "scripts"
  ["module"] => string(7) "default"
}


--------------------------------------------------------------------------------
2011-02-27T15:48:59+00:00 ERR (3) 404 Page not found
REMOTE_ADDR: 195.7.10.56
HTTP_REFERER: 
requested: array(3) {
  ["controller"] => string(2) "db"
  ["action"] => string(7) "scripts"
  ["module"] => string(7) "default"
}


--------------------------------------------------------------------------------
2011-02-27T15:48:59+00:00 ERR (3) 404 Page not found
REMOTE_ADDR: 195.7.10.56
HTTP_REFERER: 
requested: array(3) {
  ["controller"] => string(7) "dbadmin"
  ["action"] => string(7) "scripts"
  ["module"] => string(7) "default"
}


--------------------------------------------------------------------------------
2011-02-27T15:49:00+00:00 ERR (3) 404 Page not found
REMOTE_ADDR: 195.7.10.56
HTTP_REFERER: 
requested: array(3) {
  ["controller"] => string(7) "myadmin"
  ["action"] => string(7) "scripts"
  ["module"] => string(7) "default"
}


--------------------------------------------------------------------------------
2011-02-27T15:49:01+00:00 ERR (3) 404 Page not found
REMOTE_ADDR: 195.7.10.56
HTTP_REFERER: 
requested: array(3) {
  ["controller"] => string(5) "mysql"
  ["action"] => string(7) "scripts"
  ["module"] => string(7) "default"
}


--------------------------------------------------------------------------------
2011-02-27T15:49:02+00:00 ERR (3) 404 Page not found
REMOTE_ADDR: 195.7.10.56
HTTP_REFERER: 
requested: array(3) {
  ["controller"] => string(12) "mysqlmanager"
  ["action"] => string(7) "scripts"
  ["module"] => string(7) "default"
}


--------------------------------------------------------------------------------
2011-02-27T15:49:02+00:00 ERR (3) 404 Page not found
REMOTE_ADDR: 195.7.10.56
HTTP_REFERER: 
requested: array(3) {
  ["controller"] => string(10) "phpMyAdmin"
  ["action"] => string(7) "scripts"
  ["module"] => string(7) "default"
}


--------------------------------------------------------------------------------
2011-02-27T15:49:03+00:00 ERR (3) 404 Page not found
REMOTE_ADDR: 195.7.10.56
HTTP_REFERER: 
requested: array(3) {
  ["controller"] => string(11) "phpMyAdmin1"
  ["action"] => string(7) "scripts"
  ["module"] => string(7) "default"
}


--------------------------------------------------------------------------------
2011-02-27T15:49:07+00:00 ERR (3) 404 Page not found
REMOTE_ADDR: 195.7.10.56
HTTP_REFERER: 
requested: array(3) {
  ["controller"] => string(8) "phpadmin"
  ["action"] => string(7) "scripts"
  ["module"] => string(7) "default"
}


--------------------------------------------------------------------------------
2011-02-27T15:49:08+00:00 ERR (3) 404 Page not found
REMOTE_ADDR: 195.7.10.56
HTTP_REFERER: 
requested: array(3) {
  ["controller"] => string(10) "phpmyadmin"
  ["action"] => string(7) "scripts"
  ["module"] => string(7) "default"
}


--------------------------------------------------------------------------------
2011-02-27T15:49:08+00:00 ERR (3) 404 Page not found
REMOTE_ADDR: 195.7.10.56
HTTP_REFERER: 
requested: array(3) {
  ["controller"] => string(14) "phpmyadmin.old"
  ["action"] => string(7) "scripts"
  ["module"] => string(7) "default"
}


--------------------------------------------------------------------------------
2011-02-27T15:49:09+00:00 ERR (3) 404 Page not found
REMOTE_ADDR: 195.7.10.56
HTTP_REFERER: 
requested: array(3) {
  ["controller"] => string(14) "old.phpmyadmin"
  ["action"] => string(7) "scripts"
  ["module"] => string(7) "default"
}


--------------------------------------------------------------------------------
2011-02-27T15:49:10+00:00 ERR (3) 404 Page not found
REMOTE_ADDR: 195.7.10.56
HTTP_REFERER: 
requested: array(3) {
  ["controller"] => string(11) "phpmyadmin1"
  ["action"] => string(7) "scripts"
  ["module"] => string(7) "default"
}


--------------------------------------------------------------------------------
2011-02-27T15:49:11+00:00 ERR (3) 404 Page not found
REMOTE_ADDR: 195.7.10.56
HTTP_REFERER: 
requested: array(3) {
  ["controller"] => string(12) "phpmyadmin-2"
  ["action"] => string(7) "scripts"
  ["module"] => string(7) "default"
}


--------------------------------------------------------------------------------
2011-02-27T15:49:11+00:00 ERR (3) 404 Page not found
REMOTE_ADDR: 195.7.10.56
HTTP_REFERER: 
requested: array(3) {
  ["controller"] => string(11) "phpmyadmin1"
  ["action"] => string(7) "scripts"
  ["module"] => string(7) "default"
}


--------------------------------------------------------------------------------
2011-02-27T15:49:12+00:00 ERR (3) 404 Page not found
REMOTE_ADDR: 195.7.10.56
HTTP_REFERER: 
requested: array(3) {
  ["controller"] => string(11) "phpmyadmin2"
  ["action"] => string(7) "scripts"
  ["module"] => string(7) "default"
}


--------------------------------------------------------------------------------
2011-02-27T15:49:12+00:00 ERR (3) 404 Page not found
REMOTE_ADDR: 195.7.10.56
HTTP_REFERER: 
requested: array(3) {
  ["controller"] => string(3) "pma"
  ["action"] => string(7) "scripts"
  ["module"] => string(7) "default"
}


--------------------------------------------------------------------------------
2011-02-27T15:49:13+00:00 ERR (3) 404 Page not found
REMOTE_ADDR: 195.7.10.56
HTTP_REFERER: 
requested: array(3) {
  ["controller"] => string(3) "PMA"
  ["action"] => string(7) "scripts"
  ["module"] => string(7) "default"
}


--------------------------------------------------------------------------------
2011-02-27T15:49:13+00:00 ERR (3) 404 Page not found
REMOTE_ADDR: 195.7.10.56
HTTP_REFERER: 
requested: array(3) {
  ["controller"] => string(7) "scripts"
  ["action"] => string(7) "scripts"
  ["module"] => string(7) "default"
}


--------------------------------------------------------------------------------
2011-02-27T15:49:14+00:00 ERR (3) 404 Page not found
REMOTE_ADDR: 195.7.10.56
HTTP_REFERER: 
requested: array(3) {
  ["controller"] => string(5) "webdb"
  ["action"] => string(7) "scripts"
  ["module"] => string(7) "default"
}


--------------------------------------------------------------------------------
2011-02-27T15:49:17+00:00 ERR (3) 404 Page not found
REMOTE_ADDR: 195.7.10.56
HTTP_REFERER: 
requested: array(3) {
  ["controller"] => string(3) "sql"
  ["action"] => string(7) "scripts"
  ["module"] => string(7) "default"
}


--------------------------------------------------------------------------------
