2012-01-28T17:41:01+00:00 ERR (3) 404 Page not found
REMOTE_ADDR: 66.230.192.172
HTTP_REFERER: 
requested: array(4) {
  ["controller"] => string(5) "forum"
  ["action"] => string(8) "includes"
  ["xml"] => string(18) "bitfield_vbseo.xml"
  ["module"] => string(7) "default"
}


--------------------------------------------------------------------------------
2012-01-28T17:41:01+00:00 ERR (3) 404 Page not found
REMOTE_ADDR: 66.230.192.172
HTTP_REFERER: 
requested: array(3) {
  ["controller"] => string(8) "includes"
  ["action"] => string(3) "xml"
  ["module"] => string(7) "default"
}


--------------------------------------------------------------------------------
2012-01-28T17:41:02+00:00 ERR (3) 404 Page not found
REMOTE_ADDR: 66.230.192.172
HTTP_REFERER: 
requested: array(4) {
  ["controller"] => string(2) "vb"
  ["action"] => string(8) "includes"
  ["xml"] => string(18) "bitfield_vbseo.xml"
  ["module"] => string(7) "default"
}


--------------------------------------------------------------------------------
2012-01-28T17:41:03+00:00 ERR (3) 404 Page not found
REMOTE_ADDR: 66.230.192.172
HTTP_REFERER: 
requested: array(4) {
  ["controller"] => string(6) "forums"
  ["action"] => string(8) "includes"
  ["xml"] => string(18) "bitfield_vbseo.xml"
  ["module"] => string(7) "default"
}


--------------------------------------------------------------------------------
2012-01-28T17:41:03+00:00 ERR (3) 404 Page not found
REMOTE_ADDR: 66.230.192.172
HTTP_REFERER: 
requested: array(4) {
  ["controller"] => string(9) "vbulletin"
  ["action"] => string(8) "includes"
  ["xml"] => string(18) "bitfield_vbseo.xml"
  ["module"] => string(7) "default"
}


--------------------------------------------------------------------------------
