2015-07-17T13:07:41+00:00 ERR (3) 404 Seite nicht gefunden
REMOTE_ADDR: 74.208.125.209
HTTP_REFERER: 
requested: array(4) {
  ["controller"] => string(6) "https:"
  [""] => string(19) "silber-und-blei.com"
  ["action"] => string(5) "index"
  ["module"] => string(7) "default"
}


--------------------------------------------------------------------------------
2015-07-17T13:07:42+00:00 ERR (3) 404 Seite nicht gefunden
REMOTE_ADDR: 74.208.125.209
HTTP_REFERER: 
requested: array(3) {
  ["controller"] => string(2) "js"
  ["action"] => string(1) "'"
  ["module"] => string(7) "default"
}


--------------------------------------------------------------------------------
2015-07-17T13:40:04+00:00 ERR (3) 404 "hire-lasse" was not found.
REMOTE_ADDR: 180.76.15.158
HTTP_REFERER: 
requested: array(5) {
  ["lang"] => string(2) "en"
  ["action"] => string(4) "page"
  ["key"] => string(10) "hire-lasse"
  ["module"] => string(7) "default"
  ["controller"] => string(5) "index"
}


--------------------------------------------------------------------------------
2015-07-17T21:24:09+00:00 ERR (3) 404 "hire-lasse" was not found.
REMOTE_ADDR: 144.76.15.235
HTTP_REFERER: 
requested: array(5) {
  ["lang"] => string(2) "de"
  ["action"] => string(4) "page"
  ["key"] => string(10) "hire-lasse"
  ["module"] => string(7) "default"
  ["controller"] => string(5) "index"
}


--------------------------------------------------------------------------------
2015-07-17T21:24:35+00:00 ERR (3) 404 "hire-lasse" was not found.
REMOTE_ADDR: 144.76.15.235
HTTP_REFERER: 
requested: array(5) {
  ["lang"] => string(2) "en"
  ["action"] => string(4) "page"
  ["key"] => string(10) "hire-lasse"
  ["module"] => string(7) "default"
  ["controller"] => string(5) "index"
}


--------------------------------------------------------------------------------
