2010-09-16T01:16:18+00:00 ERR (3) 404 Seite nicht gefunden
REMOTE_ADDR: 122.198.9.14
HTTP_REFERER: http://www.graphicore.de/forum/index.php
requested: array(3) {
  ["controller"] => string(5) "forum"
  ["action"] => string(9) "index.php"
  ["module"] => string(7) "default"
}


--------------------------------------------------------------------------------
2010-09-16T04:58:22+00:00 ERR (3) 404 Seite nicht gefunden
REMOTE_ADDR: 66.249.66.245
HTTP_REFERER: 
requested: array(3) {
  ["controller"] => string(9) "downloads"
  ["action"] => string(37) "graphicoreBitmapFont-specimen_big.pdf"
  ["module"] => string(7) "default"
}


--------------------------------------------------------------------------------
2010-09-16T06:05:03+00:00 ERR (3) 404 Seite nicht gefunden
REMOTE_ADDR: 66.249.66.245
HTTP_REFERER: 
requested: array(3) {
  ["controller"] => string(6) "images"
  ["action"] => string(6) "layout"
  ["module"] => string(7) "default"
}


--------------------------------------------------------------------------------
2010-09-16T08:44:35+00:00 ERR (3) 404 "story" was not found.
REMOTE_ADDR: 38.99.98.29
HTTP_REFERER: 
requested: array(6) {
  ["lang"] => string(2) "en"
  ["action"] => string(5) "index"
  ["key"] => string(5) "story"
  ["intern"] => string(9) "impressum"
  ["module"] => string(7) "default"
  ["controller"] => string(5) "index"
}


--------------------------------------------------------------------------------
2010-09-16T08:45:50+00:00 ERR (3) 404 "story" was not found.
REMOTE_ADDR: 38.99.98.29
HTTP_REFERER: 
requested: array(6) {
  ["lang"] => string(2) "en"
  ["action"] => string(5) "index"
  ["key"] => string(5) "story"
  ["intern"] => string(7) "kontakt"
  ["module"] => string(7) "default"
  ["controller"] => string(5) "index"
}


--------------------------------------------------------------------------------
2010-09-16T08:47:11+00:00 ERR (3) 404 "story" was not found.
REMOTE_ADDR: 38.99.98.29
HTTP_REFERER: 
requested: array(6) {
  ["lang"] => string(2) "en"
  ["action"] => string(5) "index"
  ["key"] => string(5) "story"
  ["intern"] => string(6) "abraum"
  ["module"] => string(7) "default"
  ["controller"] => string(5) "index"
}


--------------------------------------------------------------------------------
2010-09-16T08:47:53+00:00 ERR (3) 404 "story" was not found.
REMOTE_ADDR: 38.99.98.29
HTTP_REFERER: 
requested: array(6) {
  ["lang"] => string(2) "en"
  ["action"] => string(5) "index"
  ["key"] => string(5) "story"
  ["intern"] => string(14) "dieKulturlosen"
  ["module"] => string(7) "default"
  ["controller"] => string(5) "index"
}


--------------------------------------------------------------------------------
2010-09-16T08:48:27+00:00 ERR (3) 404 "story" was not found.
REMOTE_ADDR: 38.99.98.29
HTTP_REFERER: 
requested: array(6) {
  ["lang"] => string(2) "en"
  ["action"] => string(5) "index"
  ["key"] => string(5) "story"
  ["intern"] => string(10) "stadtnatur"
  ["module"] => string(7) "default"
  ["controller"] => string(5) "index"
}


--------------------------------------------------------------------------------
2010-09-16T08:49:10+00:00 ERR (3) 404 "story" was not found.
REMOTE_ADDR: 38.99.98.29
HTTP_REFERER: 
requested: array(6) {
  ["lang"] => string(2) "en"
  ["action"] => string(5) "index"
  ["key"] => string(5) "story"
  ["intern"] => string(10) "helloWorld"
  ["module"] => string(7) "default"
  ["controller"] => string(5) "index"
}


--------------------------------------------------------------------------------
2010-09-16T08:50:11+00:00 ERR (3) 404 "story" was not found.
REMOTE_ADDR: 38.99.98.29
HTTP_REFERER: 
requested: array(6) {
  ["lang"] => string(2) "en"
  ["action"] => string(5) "index"
  ["key"] => string(5) "story"
  ["intern"] => string(6) "online"
  ["module"] => string(7) "default"
  ["controller"] => string(5) "index"
}


--------------------------------------------------------------------------------
2010-09-16T08:50:46+00:00 ERR (3) 404 "topic" was not found.
REMOTE_ADDR: 38.99.98.29
HTTP_REFERER: 
requested: array(6) {
  ["lang"] => string(2) "en"
  ["action"] => string(5) "index"
  ["key"] => string(5) "topic"
  ["intern"] => string(4) "news"
  ["module"] => string(7) "default"
  ["controller"] => string(5) "index"
}


--------------------------------------------------------------------------------
2010-09-16T08:51:46+00:00 ERR (3) 404 "topic" was not found.
REMOTE_ADDR: 38.99.98.29
HTTP_REFERER: 
requested: array(6) {
  ["lang"] => string(2) "en"
  ["action"] => string(5) "index"
  ["key"] => string(5) "topic"
  ["intern"] => string(8) "projekte"
  ["module"] => string(7) "default"
  ["controller"] => string(5) "index"
}


--------------------------------------------------------------------------------
2010-09-16T10:44:19+00:00 ERR (3) 404 Seite nicht gefunden
REMOTE_ADDR: 87.7.178.75
HTTP_REFERER: 
requested: array(3) {
  ["controller"] => string(10) "javascript"
  ["action"] => string(1) "'"
  ["module"] => string(7) "default"
}


--------------------------------------------------------------------------------
2010-09-16T10:45:32+00:00 ERR (3) 404 Seite nicht gefunden
REMOTE_ADDR: 87.7.178.75
HTTP_REFERER: 
requested: array(4) {
  ["controller"] => string(11) "graphicore2"
  ["action"] => string(6) "public"
  ["javascript"] => string(10) "blank.html"
  ["module"] => string(7) "default"
}


--------------------------------------------------------------------------------
2010-09-16T23:59:09+00:00 ERR (3) 404 Seite nicht gefunden
REMOTE_ADDR: 77.211.234.31
HTTP_REFERER: 
requested: array(3) {
  ["controller"] => string(10) "javascript"
  ["action"] => string(1) "'"
  ["module"] => string(7) "default"
}


--------------------------------------------------------------------------------
2010-09-16T23:59:43+00:00 ERR (3) 404 Seite nicht gefunden
REMOTE_ADDR: 77.211.234.31
HTTP_REFERER: 
requested: array(4) {
  ["controller"] => string(11) "graphicore2"
  ["action"] => string(6) "public"
  ["javascript"] => string(10) "blank.html"
  ["module"] => string(7) "default"
}


--------------------------------------------------------------------------------
