2015-07-26T01:49:29+00:00 ERR (3) 404 Seite nicht gefunden
REMOTE_ADDR: 189.18.199.102
HTTP_REFERER: 
requested: array(4) {
  ["controller"] => string(6) "https:"
  [""] => string(19) "silber-und-blei.com"
  ["action"] => string(5) "index"
  ["module"] => string(7) "default"
}


--------------------------------------------------------------------------------
2015-07-26T01:49:31+00:00 ERR (3) 404 Seite nicht gefunden
REMOTE_ADDR: 189.18.199.102
HTTP_REFERER: 
requested: array(3) {
  ["controller"] => string(2) "js"
  ["action"] => string(1) "'"
  ["module"] => string(7) "default"
}


--------------------------------------------------------------------------------
2015-07-26T08:49:50+00:00 ERR (3) 404 "hire-lasse" was not found.
REMOTE_ADDR: 146.0.32.165
HTTP_REFERER: 
requested: array(5) {
  ["lang"] => string(2) "de"
  ["action"] => string(4) "page"
  ["key"] => string(10) "hire-lasse"
  ["module"] => string(7) "default"
  ["controller"] => string(5) "index"
}


--------------------------------------------------------------------------------
2015-07-26T10:13:01+00:00 ERR (3) 404 Seite nicht gefunden
REMOTE_ADDR: 64.79.75.18
HTTP_REFERER: 
requested: array(4) {
  ["controller"] => string(6) "https:"
  [""] => string(19) "silber-und-blei.com"
  ["action"] => string(5) "index"
  ["module"] => string(7) "default"
}


--------------------------------------------------------------------------------
2015-07-26T10:13:02+00:00 ERR (3) 404 Seite nicht gefunden
REMOTE_ADDR: 64.79.75.18
HTTP_REFERER: 
requested: array(3) {
  ["controller"] => string(2) "js"
  ["action"] => string(1) "'"
  ["module"] => string(7) "default"
}


--------------------------------------------------------------------------------
2015-07-26T10:15:02+00:00 ERR (3) 404 Page not found
REMOTE_ADDR: 64.79.75.18
HTTP_REFERER: 
requested: array(5) {
  ["lang"] => string(2) "en"
  ["action"] => string(6) "https:"
  ["key"] => string(0) ""
  ["module"] => string(7) "default"
  ["controller"] => string(5) "index"
}


--------------------------------------------------------------------------------
2015-07-26T10:15:15+00:00 ERR (3) 404 "hire-lasse" was not found.
REMOTE_ADDR: 64.79.75.18
HTTP_REFERER: 
requested: array(5) {
  ["lang"] => string(2) "de"
  ["action"] => string(4) "page"
  ["key"] => string(10) "hire-lasse"
  ["module"] => string(7) "default"
  ["controller"] => string(5) "index"
}


--------------------------------------------------------------------------------
2015-07-26T10:15:21+00:00 ERR (3) 404 "hire-lasse" was not found.
REMOTE_ADDR: 64.79.75.18
HTTP_REFERER: 
requested: array(5) {
  ["lang"] => string(2) "en"
  ["action"] => string(4) "page"
  ["key"] => string(10) "hire-lasse"
  ["module"] => string(7) "default"
  ["controller"] => string(5) "index"
}


--------------------------------------------------------------------------------
