2012-07-08T01:19:44+00:00 ERR (3) 404 Seite nicht gefunden
REMOTE_ADDR: 46.109.178.228
HTTP_REFERER: 
requested: array(3) {
  ["controller"] => string(5) "forum"
  ["action"] => string(9) "index.php"
  ["module"] => string(7) "default"
}


--------------------------------------------------------------------------------
2012-07-08T01:19:45+00:00 ERR (3) 404 Seite nicht gefunden
REMOTE_ADDR: 46.109.178.228
HTTP_REFERER: http://graphicore.de/forum/index.php
requested: array(3) {
  ["controller"] => string(5) "forum"
  ["action"] => string(9) "index.php"
  ["module"] => string(7) "default"
}


--------------------------------------------------------------------------------
2012-07-08T01:19:45+00:00 ERR (3) 404 Seite nicht gefunden
REMOTE_ADDR: 46.109.178.228
HTTP_REFERER: http://graphicore.de/forum/index.php
requested: array(3) {
  ["controller"] => string(5) "forum"
  ["action"] => string(9) "index.php"
  ["module"] => string(7) "default"
}


--------------------------------------------------------------------------------
