2020-05-10T07:17:31+00:00 ERR (3) 404 "hire-lasse" was not found.
REMOTE_ADDR: 144.76.166.119
HTTP_REFERER: 
requested: array(5) {
  ["lang"] => string(2) "en"
  ["action"] => string(4) "page"
  ["key"] => string(10) "hire-lasse"
  ["module"] => string(7) "default"
  ["controller"] => string(5) "index"
}


--------------------------------------------------------------------------------
2020-05-10T07:21:09+00:00 ERR (3) 404 "competences" was not found.
REMOTE_ADDR: 144.76.166.119
HTTP_REFERER: 
requested: array(5) {
  ["lang"] => string(2) "en"
  ["action"] => string(4) "page"
  ["key"] => string(11) "competences"
  ["module"] => string(7) "default"
  ["controller"] => string(5) "index"
}


--------------------------------------------------------------------------------
2020-05-10T08:00:18+00:00 ERR (3) 404 "hire-lasse" was not found.
REMOTE_ADDR: 144.76.166.119
HTTP_REFERER: 
requested: array(5) {
  ["lang"] => string(2) "de"
  ["action"] => string(4) "page"
  ["key"] => string(10) "hire-lasse"
  ["module"] => string(7) "default"
  ["controller"] => string(5) "index"
}


--------------------------------------------------------------------------------
2020-05-10T08:54:37+00:00 ERR (3) 404 Page not found
REMOTE_ADDR: 40.71.37.184
HTTP_REFERER: 
requested: array(3) {
  ["controller"] => string(4) ".env"
  ["action"] => string(5) "index"
  ["module"] => string(7) "default"
}


--------------------------------------------------------------------------------
2020-05-10T09:21:15+00:00 ERR (3) 404 "competences" was not found.
REMOTE_ADDR: 144.76.166.119
HTTP_REFERER: 
requested: array(5) {
  ["lang"] => string(2) "de"
  ["action"] => string(4) "page"
  ["key"] => string(11) "competences"
  ["module"] => string(7) "default"
  ["controller"] => string(5) "index"
}


--------------------------------------------------------------------------------
2020-05-10T10:05:55+00:00 ERR (3) 404 "competences" was not found.
REMOTE_ADDR: 85.208.96.70
HTTP_REFERER: 
requested: array(5) {
  ["lang"] => string(2) "de"
  ["action"] => string(4) "page"
  ["key"] => string(11) "competences"
  ["module"] => string(7) "default"
  ["controller"] => string(5) "index"
}


--------------------------------------------------------------------------------
