2010-12-25T07:00:59+00:00 ERR (3) 404 "" was not found.
REMOTE_ADDR: 123.125.68.96
HTTP_REFERER: 
requested: array(5) {
  ["lang"] => string(2) "en"
  ["action"] => string(7) "archive"
  ["module"] => string(7) "default"
  ["controller"] => string(5) "index"
  ["key"] => string(0) ""
}


--------------------------------------------------------------------------------
2010-12-25T08:26:17+00:00 ERR (3) 404 Page not found
REMOTE_ADDR: 174.127.132.164
HTTP_REFERER: 
requested: array(3) {
  ["controller"] => string(10) "javascript"
  ["action"] => string(7) "dojo.fx"
  ["module"] => string(7) "default"
}


--------------------------------------------------------------------------------
2010-12-25T08:28:08+00:00 ERR (3) 404 Page not found
REMOTE_ADDR: 174.127.132.164
HTTP_REFERER: 
requested: array(3) {
  ["controller"] => string(10) "javascript"
  ["action"] => string(6) ".stage"
  ["module"] => string(7) "default"
}


--------------------------------------------------------------------------------
2010-12-25T08:29:35+00:00 ERR (3) 404 Page not found
REMOTE_ADDR: 174.127.132.164
HTTP_REFERER: 
requested: array(5) {
  ["lang"] => string(2) "en"
  ["action"] => string(21) ".google-analytics.com"
  ["key"] => string(5) "ga.js"
  ["module"] => string(7) "default"
  ["controller"] => string(5) "index"
}


--------------------------------------------------------------------------------
2010-12-25T08:32:19+00:00 ERR (3) 404 Page not found
REMOTE_ADDR: 174.127.132.166
HTTP_REFERER: 
requested: array(3) {
  ["controller"] => string(10) "javascript"
  ["action"] => string(11) "a.permalink"
  ["module"] => string(7) "default"
}


--------------------------------------------------------------------------------
2010-12-25T08:38:26+00:00 ERR (3) 404 Page not found
REMOTE_ADDR: 174.127.132.166
HTTP_REFERER: 
requested: array(3) {
  ["controller"] => string(10) "javascript"
  ["action"] => string(8) ".content"
  ["module"] => string(7) "default"
}


--------------------------------------------------------------------------------
2010-12-25T08:43:18+00:00 ERR (3) 404 ".google-analytics.com" was not found.
REMOTE_ADDR: 174.127.132.164
HTTP_REFERER: 
requested: array(5) {
  ["lang"] => string(2) "en"
  ["action"] => string(7) "archive"
  ["key"] => string(21) ".google-analytics.com"
  ["module"] => string(7) "default"
  ["controller"] => string(5) "index"
}


--------------------------------------------------------------------------------
2010-12-25T08:45:47+00:00 ERR (3) 404 Page not found
REMOTE_ADDR: 174.127.132.164
HTTP_REFERER: 
requested: array(3) {
  ["controller"] => string(10) "javascript"
  ["action"] => string(12) "span.no-spam"
  ["module"] => string(7) "default"
}


--------------------------------------------------------------------------------
2010-12-25T08:46:22+00:00 ERR (3) 404 Page not found
REMOTE_ADDR: 174.127.132.164
HTTP_REFERER: 
requested: array(3) {
  ["controller"] => string(10) "javascript"
  ["action"] => string(9) "dojo.hash"
  ["module"] => string(7) "default"
}


--------------------------------------------------------------------------------
2010-12-25T12:57:23+00:00 ERR (3) 404 Seite nicht gefunden
REMOTE_ADDR: 195.117.61.130
HTTP_REFERER: http://graphicore.de/forum/index.php
requested: array(3) {
  ["controller"] => string(5) "forum"
  ["action"] => string(9) "index.php"
  ["module"] => string(7) "default"
}


--------------------------------------------------------------------------------
2010-12-25T15:52:36+00:00 ERR (3) 404 Seite nicht gefunden
REMOTE_ADDR: 94.75.207.24
HTTP_REFERER: http://graphicore.de/forum/index.php
requested: array(3) {
  ["controller"] => string(5) "forum"
  ["action"] => string(9) "index.php"
  ["module"] => string(7) "default"
}


--------------------------------------------------------------------------------
2010-12-25T19:51:15+00:00 ERR (3) 404 "topic" was not found.
REMOTE_ADDR: 173.242.115.182
HTTP_REFERER: http://graphicore.de/de/index/topic/intern/news/
requested: array(6) {
  ["lang"] => string(2) "de"
  ["action"] => string(5) "index"
  ["key"] => string(5) "topic"
  ["intern"] => string(4) "news"
  ["module"] => string(7) "default"
  ["controller"] => string(5) "index"
}


--------------------------------------------------------------------------------
2010-12-25T20:15:43+00:00 ERR (3) 404 "story" was not found.
REMOTE_ADDR: 67.195.112.118
HTTP_REFERER: 
requested: array(6) {
  ["lang"] => string(2) "de"
  ["action"] => string(5) "index"
  ["key"] => string(5) "story"
  ["intern"] => string(6) "typete"
  ["module"] => string(7) "default"
  ["controller"] => string(5) "index"
}


--------------------------------------------------------------------------------
