2017-02-16T03:01:48+00:00 ERR (3) 404 Seite nicht gefunden
REMOTE_ADDR: 23.227.201.185
HTTP_REFERER: 
requested: array(4) {
  ["controller"] => string(6) "https:"
  [""] => string(19) "silber-und-blei.com"
  ["action"] => string(5) "index"
  ["module"] => string(7) "default"
}


--------------------------------------------------------------------------------
2017-02-16T03:01:50+00:00 ERR (3) 404 Seite nicht gefunden
REMOTE_ADDR: 23.227.201.185
HTTP_REFERER: 
requested: array(3) {
  ["controller"] => string(2) "js"
  ["action"] => string(1) "'"
  ["module"] => string(7) "default"
}


--------------------------------------------------------------------------------
2017-02-16T03:47:23+00:00 ERR (3) 404 "hire-lasse" was not found.
REMOTE_ADDR: 81.209.177.136
HTTP_REFERER: 
requested: array(5) {
  ["lang"] => string(2) "en"
  ["action"] => string(4) "page"
  ["key"] => string(10) "hire-lasse"
  ["module"] => string(7) "default"
  ["controller"] => string(5) "index"
}


--------------------------------------------------------------------------------
2017-02-16T03:47:49+00:00 ERR (3) 404 "hire-lasse" was not found.
REMOTE_ADDR: 81.209.177.189
HTTP_REFERER: 
requested: array(5) {
  ["lang"] => string(2) "de"
  ["action"] => string(4) "page"
  ["key"] => string(10) "hire-lasse"
  ["module"] => string(7) "default"
  ["controller"] => string(5) "index"
}


--------------------------------------------------------------------------------
2017-02-16T04:11:03+00:00 ERR (3) 404 "hire-lasse" was not found.
REMOTE_ADDR: 157.55.39.115
HTTP_REFERER: 
requested: array(5) {
  ["lang"] => string(2) "de"
  ["action"] => string(4) "page"
  ["key"] => string(10) "hire-lasse"
  ["module"] => string(7) "default"
  ["controller"] => string(5) "index"
}


--------------------------------------------------------------------------------
2017-02-16T12:47:03+00:00 ERR (3) 404 Seite nicht gefunden
REMOTE_ADDR: 31.186.174.198
HTTP_REFERER: 
requested: array(3) {
  ["controller"] => string(8) "wp-admin"
  ["action"] => string(5) "index"
  ["module"] => string(7) "default"
}


--------------------------------------------------------------------------------
2017-02-16T12:56:34+00:00 ERR (3) 404 Seite nicht gefunden
REMOTE_ADDR: 217.115.112.107
HTTP_REFERER: 
requested: array(3) {
  ["controller"] => string(4) "test"
  ["action"] => string(8) "wp-admin"
  ["module"] => string(7) "default"
}


--------------------------------------------------------------------------------
2017-02-16T13:06:12+00:00 ERR (3) 404 Seite nicht gefunden
REMOTE_ADDR: 173.254.28.13
HTTP_REFERER: 
requested: array(3) {
  ["controller"] => string(9) "wordpress"
  ["action"] => string(8) "wp-admin"
  ["module"] => string(7) "default"
}


--------------------------------------------------------------------------------
2017-02-16T13:15:37+00:00 ERR (3) 404 Seite nicht gefunden
REMOTE_ADDR: 173.236.4.7
HTTP_REFERER: 
requested: array(3) {
  ["controller"] => string(4) "blog"
  ["action"] => string(8) "wp-admin"
  ["module"] => string(7) "default"
}


--------------------------------------------------------------------------------
2017-02-16T13:25:05+00:00 ERR (3) 404 Seite nicht gefunden
REMOTE_ADDR: 74.208.16.119
HTTP_REFERER: 
requested: array(3) {
  ["controller"] => string(2) "wp"
  ["action"] => string(8) "wp-admin"
  ["module"] => string(7) "default"
}


--------------------------------------------------------------------------------
2017-02-16T13:34:35+00:00 ERR (3) 404 Seite nicht gefunden
REMOTE_ADDR: 184.168.152.78
HTTP_REFERER: 
requested: array(3) {
  ["controller"] => string(3) "old"
  ["action"] => string(8) "wp-admin"
  ["module"] => string(7) "default"
}


--------------------------------------------------------------------------------
2017-02-16T15:28:29+00:00 ERR (3) 404 Seite nicht gefunden
REMOTE_ADDR: 74.208.129.154
HTTP_REFERER: 
requested: array(4) {
  ["controller"] => string(6) "https:"
  [""] => string(19) "silber-und-blei.com"
  ["action"] => string(5) "index"
  ["module"] => string(7) "default"
}


--------------------------------------------------------------------------------
2017-02-16T15:28:30+00:00 ERR (3) 404 Seite nicht gefunden
REMOTE_ADDR: 74.208.129.154
HTTP_REFERER: 
requested: array(3) {
  ["controller"] => string(2) "js"
  ["action"] => string(1) "'"
  ["module"] => string(7) "default"
}


--------------------------------------------------------------------------------
2017-02-16T21:56:38+00:00 ERR (3) 404 Seite nicht gefunden
REMOTE_ADDR: 87.210.17.86
HTTP_REFERER: 
requested: array(3) {
  ["controller"] => string(6) "https:"
  ["action"] => string(19) "silber-und-blei.com"
  ["module"] => string(7) "default"
}


--------------------------------------------------------------------------------
2017-02-16T21:56:39+00:00 ERR (3) 404 Seite nicht gefunden
REMOTE_ADDR: 87.210.17.86
HTTP_REFERER: 
requested: array(3) {
  ["controller"] => string(2) "js"
  ["action"] => string(1) "'"
  ["module"] => string(7) "default"
}


--------------------------------------------------------------------------------
2017-02-16T22:32:57+00:00 ERR (3) 404 "hire-lasse" was not found.
REMOTE_ADDR: 157.55.39.115
HTTP_REFERER: 
requested: array(5) {
  ["lang"] => string(2) "de"
  ["action"] => string(4) "page"
  ["key"] => string(10) "hire-lasse"
  ["module"] => string(7) "default"
  ["controller"] => string(5) "index"
}


--------------------------------------------------------------------------------
