2015-07-18T02:29:07+00:00 ERR (3) 404 "hire-lasse" was not found.
REMOTE_ADDR: 81.144.138.34
HTTP_REFERER: 
requested: array(5) {
  ["lang"] => string(2) "de"
  ["action"] => string(4) "page"
  ["key"] => string(10) "hire-lasse"
  ["module"] => string(7) "default"
  ["controller"] => string(5) "index"
}


--------------------------------------------------------------------------------
2015-07-18T02:32:01+00:00 ERR (3) 404 "hire-lasse" was not found.
REMOTE_ADDR: 81.144.138.34
HTTP_REFERER: 
requested: array(5) {
  ["lang"] => string(2) "en"
  ["action"] => string(4) "page"
  ["key"] => string(10) "hire-lasse"
  ["module"] => string(7) "default"
  ["controller"] => string(5) "index"
}


--------------------------------------------------------------------------------
2015-07-18T03:16:45+00:00 ERR (3) 404 "hire-lasse" was not found.
REMOTE_ADDR: 146.0.32.165
HTTP_REFERER: 
requested: array(5) {
  ["lang"] => string(2) "de"
  ["action"] => string(4) "page"
  ["key"] => string(10) "hire-lasse"
  ["module"] => string(7) "default"
  ["controller"] => string(5) "index"
}


--------------------------------------------------------------------------------
2015-07-18T07:33:29+00:00 ERR (3) 404 Seite nicht gefunden
REMOTE_ADDR: 173.236.176.110
HTTP_REFERER: 
requested: array(3) {
  ["controller"] => string(8) "wp-admin"
  ["action"] => string(5) "index"
  ["module"] => string(7) "default"
}


--------------------------------------------------------------------------------
2015-07-18T07:37:27+00:00 ERR (3) 404 Seite nicht gefunden
REMOTE_ADDR: 86.123.240.23
HTTP_REFERER: 
requested: array(4) {
  ["controller"] => string(6) "https:"
  [""] => string(19) "silber-und-blei.com"
  ["action"] => string(5) "index"
  ["module"] => string(7) "default"
}


--------------------------------------------------------------------------------
2015-07-18T07:37:28+00:00 ERR (3) 404 Seite nicht gefunden
REMOTE_ADDR: 86.123.240.23
HTTP_REFERER: 
requested: array(3) {
  ["controller"] => string(2) "js"
  ["action"] => string(1) "'"
  ["module"] => string(7) "default"
}


--------------------------------------------------------------------------------
2015-07-18T07:42:58+00:00 ERR (3) 404 Seite nicht gefunden
REMOTE_ADDR: 69.89.1.246
HTTP_REFERER: 
requested: array(3) {
  ["controller"] => string(4) "test"
  ["action"] => string(8) "wp-admin"
  ["module"] => string(7) "default"
}


--------------------------------------------------------------------------------
2015-07-18T07:52:30+00:00 ERR (3) 404 Seite nicht gefunden
REMOTE_ADDR: 184.168.46.19
HTTP_REFERER: 
requested: array(3) {
  ["controller"] => string(9) "wordpress"
  ["action"] => string(8) "wp-admin"
  ["module"] => string(7) "default"
}


--------------------------------------------------------------------------------
2015-07-18T08:02:11+00:00 ERR (3) 404 Seite nicht gefunden
REMOTE_ADDR: 188.116.33.163
HTTP_REFERER: 
requested: array(3) {
  ["controller"] => string(4) "blog"
  ["action"] => string(8) "wp-admin"
  ["module"] => string(7) "default"
}


--------------------------------------------------------------------------------
2015-07-18T08:11:30+00:00 ERR (3) 404 Seite nicht gefunden
REMOTE_ADDR: 23.254.138.210
HTTP_REFERER: 
requested: array(3) {
  ["controller"] => string(2) "wp"
  ["action"] => string(8) "wp-admin"
  ["module"] => string(7) "default"
}


--------------------------------------------------------------------------------
2015-07-18T08:21:06+00:00 ERR (3) 404 Seite nicht gefunden
REMOTE_ADDR: 162.144.48.198
HTTP_REFERER: 
requested: array(3) {
  ["controller"] => string(3) "old"
  ["action"] => string(8) "wp-admin"
  ["module"] => string(7) "default"
}


--------------------------------------------------------------------------------
2015-07-18T17:42:53+00:00 ERR (3) 404 Seite nicht gefunden
REMOTE_ADDR: 46.118.119.63
HTTP_REFERER: 
requested: array(3) {
  ["controller"] => string(4) "blog"
  ["action"] => string(10) "robots.txt"
  ["module"] => string(7) "default"
}


--------------------------------------------------------------------------------
2015-07-18T17:42:53+00:00 ERR (3) 404 Seite nicht gefunden
REMOTE_ADDR: 46.118.119.63
HTTP_REFERER: 
requested: array(3) {
  ["controller"] => string(4) "blog"
  ["action"] => string(5) "index"
  ["module"] => string(7) "default"
}


--------------------------------------------------------------------------------
2015-07-18T17:42:53+00:00 ERR (3) 404 Seite nicht gefunden
REMOTE_ADDR: 46.118.119.63
HTTP_REFERER: 
requested: array(3) {
  ["controller"] => string(9) "wordpress"
  ["action"] => string(5) "index"
  ["module"] => string(7) "default"
}


--------------------------------------------------------------------------------
2015-07-18T17:42:53+00:00 ERR (3) 404 Seite nicht gefunden
REMOTE_ADDR: 46.118.119.63
HTTP_REFERER: 
requested: array(3) {
  ["controller"] => string(2) "wp"
  ["action"] => string(5) "index"
  ["module"] => string(7) "default"
}


--------------------------------------------------------------------------------
