2016-04-13T05:03:33+00:00 ERR (3) 404 "hire-lasse" was not found.
REMOTE_ADDR: 157.55.39.126
HTTP_REFERER: 
requested: array(5) {
  ["lang"] => string(2) "de"
  ["action"] => string(4) "page"
  ["key"] => string(10) "hire-lasse"
  ["module"] => string(7) "default"
  ["controller"] => string(5) "index"
}


--------------------------------------------------------------------------------
2016-04-13T13:17:46+00:00 ERR (3) 404 Seite nicht gefunden
REMOTE_ADDR: 195.154.200.68
HTTP_REFERER: 
requested: array(4) {
  ["controller"] => string(5) "forum"
  ["action"] => string(13) "viewtopic.php"
  ["module"] => string(7) "default"
  ["p"] => string(2) "33"
}


--------------------------------------------------------------------------------
2016-04-13T18:07:11+00:00 ERR (3) 404 Seite nicht gefunden
REMOTE_ADDR: 13.76.142.20
HTTP_REFERER: 
requested: array(3) {
  ["controller"] => string(4) "misc"
  ["action"] => string(9) "drupal.js"
  ["module"] => string(7) "default"
}


--------------------------------------------------------------------------------
2016-04-13T18:43:39+00:00 ERR (3) 404 "hire-lasse" was not found.
REMOTE_ADDR: 157.55.39.126
HTTP_REFERER: 
requested: array(5) {
  ["lang"] => string(2) "de"
  ["action"] => string(4) "page"
  ["key"] => string(10) "hire-lasse"
  ["module"] => string(7) "default"
  ["controller"] => string(5) "index"
}


--------------------------------------------------------------------------------
2016-04-13T21:04:46+00:00 ERR (3) 404 Seite nicht gefunden
REMOTE_ADDR: 198.252.44.13
HTTP_REFERER: 
requested: array(5) {
  ["controller"] => string(6) "https:"
  [""] => string(19) "silber-und-blei.com"
  ["galerie"] => string(5) "embed"
  ["action"] => string(5) "index"
  ["module"] => string(7) "default"
}


--------------------------------------------------------------------------------
