2012-01-19T02:51:54+00:00 ERR (3) 404 Seite nicht gefunden
REMOTE_ADDR: 208.115.113.89
HTTP_REFERER: 
requested: array(5) {
  ["lang"] => string(2) "de"
  ["action"] => string(2) "de"
  ["module"] => string(7) "default"
  ["controller"] => string(5) "index"
  ["key"] => string(0) ""
}


--------------------------------------------------------------------------------
2012-01-19T06:58:01+00:00 ERR (3) 404 The filter "de" was not found.
REMOTE_ADDR: 208.115.113.89
HTTP_REFERER: 
requested: array(5) {
  ["lang"] => string(2) "de"
  ["action"] => string(5) "diary"
  ["key"] => string(2) "de"
  ["module"] => string(7) "default"
  ["controller"] => string(5) "index"
}


--------------------------------------------------------------------------------
2012-01-19T14:25:02+00:00 ERR (3) 404 Seite nicht gefunden
REMOTE_ADDR: 66.249.72.149
HTTP_REFERER: 
requested: array(3) {
  ["controller"] => string(7) "enufoJS"
  ["action"] => string(3) "env"
  ["module"] => string(7) "default"
}


--------------------------------------------------------------------------------
2012-01-19T15:20:05+00:00 ERR (3) 404 "en" was not found.
REMOTE_ADDR: 208.115.113.89
HTTP_REFERER: 
requested: array(5) {
  ["lang"] => string(2) "de"
  ["action"] => string(4) "page"
  ["key"] => string(2) "en"
  ["module"] => string(7) "default"
  ["controller"] => string(5) "index"
}


--------------------------------------------------------------------------------
2012-01-19T16:07:00+00:00 ERR (3) 404 Seite nicht gefunden
REMOTE_ADDR: 66.249.72.149
HTTP_REFERER: 
requested: array(3) {
  ["controller"] => string(3) "lib"
  ["action"] => string(5) "index"
  ["module"] => string(7) "default"
}


--------------------------------------------------------------------------------
2012-01-19T16:07:20+00:00 ERR (3) 404 Seite nicht gefunden
REMOTE_ADDR: 66.249.72.149
HTTP_REFERER: 
requested: array(3) {
  ["controller"] => string(5) "tests"
  ["action"] => string(5) "index"
  ["module"] => string(7) "default"
}


--------------------------------------------------------------------------------
