2017-11-15T00:20:15+00:00 ERR (3) 404 Seite nicht gefunden
REMOTE_ADDR: 192.248.104.10
HTTP_REFERER: 
requested: array(3) {
  ["controller"] => string(12) "wp-login.php"
  ["action"] => string(5) "index"
  ["module"] => string(7) "default"
}


--------------------------------------------------------------------------------
2017-11-15T01:10:30+00:00 ERR (3) 404 Seite nicht gefunden
REMOTE_ADDR: 156.198.102.201
HTTP_REFERER: 
requested: array(3) {
  ["controller"] => string(12) "wp-login.php"
  ["action"] => string(5) "index"
  ["module"] => string(7) "default"
}


--------------------------------------------------------------------------------
2017-11-15T01:18:06+00:00 ERR (3) 404 Seite nicht gefunden
REMOTE_ADDR: 154.126.185.61
HTTP_REFERER: 
requested: array(3) {
  ["controller"] => string(12) "wp-login.php"
  ["action"] => string(5) "index"
  ["module"] => string(7) "default"
}


--------------------------------------------------------------------------------
2017-11-15T01:22:46+00:00 ERR (3) 404 Seite nicht gefunden
REMOTE_ADDR: 82.46.48.208
HTTP_REFERER: 
requested: array(3) {
  ["controller"] => string(12) "wp-login.php"
  ["action"] => string(5) "index"
  ["module"] => string(7) "default"
}


--------------------------------------------------------------------------------
2017-11-15T01:28:39+00:00 ERR (3) 404 Seite nicht gefunden
REMOTE_ADDR: 198.96.155.3
HTTP_REFERER: 
requested: array(3) {
  ["controller"] => string(14) "diZPqEAuJM.jsp"
  ["action"] => string(5) "index"
  ["module"] => string(7) "default"
}


--------------------------------------------------------------------------------
2017-11-15T01:40:30+00:00 ERR (3) 404 Seite nicht gefunden
REMOTE_ADDR: 213.240.98.126
HTTP_REFERER: 
requested: array(3) {
  ["controller"] => string(12) "wp-login.php"
  ["action"] => string(5) "index"
  ["module"] => string(7) "default"
}


--------------------------------------------------------------------------------
2017-11-15T02:24:20+00:00 ERR (3) 404 Seite nicht gefunden
REMOTE_ADDR: 175.158.226.54
HTTP_REFERER: 
requested: array(3) {
  ["controller"] => string(12) "wp-login.php"
  ["action"] => string(5) "index"
  ["module"] => string(7) "default"
}


--------------------------------------------------------------------------------
2017-11-15T03:11:02+00:00 ERR (3) 404 Seite nicht gefunden
REMOTE_ADDR: 82.75.19.160
HTTP_REFERER: 
requested: array(3) {
  ["controller"] => string(8) "wp-admin"
  ["action"] => string(5) "index"
  ["module"] => string(7) "default"
}


--------------------------------------------------------------------------------
2017-11-15T03:12:22+00:00 ERR (3) 404 Seite nicht gefunden
REMOTE_ADDR: 190.11.62.141
HTTP_REFERER: 
requested: array(3) {
  ["controller"] => string(12) "wp-login.php"
  ["action"] => string(5) "index"
  ["module"] => string(7) "default"
}


--------------------------------------------------------------------------------
2017-11-15T03:19:52+00:00 ERR (3) 404 Seite nicht gefunden
REMOTE_ADDR: 96.23.201.115
HTTP_REFERER: 
requested: array(3) {
  ["controller"] => string(12) "wp-login.php"
  ["action"] => string(5) "index"
  ["module"] => string(7) "default"
}


--------------------------------------------------------------------------------
2017-11-15T03:22:07+00:00 ERR (3) 404 Seite nicht gefunden
REMOTE_ADDR: 212.227.221.35
HTTP_REFERER: 
requested: array(3) {
  ["controller"] => string(4) "test"
  ["action"] => string(8) "wp-admin"
  ["module"] => string(7) "default"
}


--------------------------------------------------------------------------------
2017-11-15T03:25:58+00:00 ERR (3) 404 Seite nicht gefunden
REMOTE_ADDR: 84.229.242.240
HTTP_REFERER: 
requested: array(3) {
  ["controller"] => string(12) "wp-login.php"
  ["action"] => string(5) "index"
  ["module"] => string(7) "default"
}


--------------------------------------------------------------------------------
2017-11-15T03:28:50+00:00 ERR (3) 404 Seite nicht gefunden
REMOTE_ADDR: 123.136.107.53
HTTP_REFERER: 
requested: array(3) {
  ["controller"] => string(12) "wp-login.php"
  ["action"] => string(5) "index"
  ["module"] => string(7) "default"
}


--------------------------------------------------------------------------------
2017-11-15T03:32:53+00:00 ERR (3) 404 Seite nicht gefunden
REMOTE_ADDR: 80.86.180.112
HTTP_REFERER: 
requested: array(3) {
  ["controller"] => string(9) "wordpress"
  ["action"] => string(8) "wp-admin"
  ["module"] => string(7) "default"
}


--------------------------------------------------------------------------------
2017-11-15T03:38:06+00:00 ERR (3) 404 Seite nicht gefunden
REMOTE_ADDR: 79.107.4.250
HTTP_REFERER: 
requested: array(3) {
  ["controller"] => string(12) "wp-login.php"
  ["action"] => string(5) "index"
  ["module"] => string(7) "default"
}


--------------------------------------------------------------------------------
2017-11-15T03:42:23+00:00 ERR (3) 404 Seite nicht gefunden
REMOTE_ADDR: 123.136.211.140
HTTP_REFERER: 
requested: array(3) {
  ["controller"] => string(12) "wp-login.php"
  ["action"] => string(5) "index"
  ["module"] => string(7) "default"
}


--------------------------------------------------------------------------------
2017-11-15T03:43:45+00:00 ERR (3) 404 Seite nicht gefunden
REMOTE_ADDR: 217.182.174.111
HTTP_REFERER: 
requested: array(3) {
  ["controller"] => string(4) "blog"
  ["action"] => string(8) "wp-admin"
  ["module"] => string(7) "default"
}


--------------------------------------------------------------------------------
2017-11-15T03:54:30+00:00 ERR (3) 404 Seite nicht gefunden
REMOTE_ADDR: 173.208.83.50
HTTP_REFERER: 
requested: array(3) {
  ["controller"] => string(2) "wp"
  ["action"] => string(8) "wp-admin"
  ["module"] => string(7) "default"
}


--------------------------------------------------------------------------------
2017-11-15T04:05:17+00:00 ERR (3) 404 Seite nicht gefunden
REMOTE_ADDR: 188.93.144.50
HTTP_REFERER: 
requested: array(3) {
  ["controller"] => string(3) "old"
  ["action"] => string(8) "wp-admin"
  ["module"] => string(7) "default"
}


--------------------------------------------------------------------------------
2017-11-15T04:12:46+00:00 ERR (3) 404 Seite nicht gefunden
REMOTE_ADDR: 80.42.71.254
HTTP_REFERER: 
requested: array(3) {
  ["controller"] => string(12) "wp-login.php"
  ["action"] => string(5) "index"
  ["module"] => string(7) "default"
}


--------------------------------------------------------------------------------
2017-11-15T04:27:12+00:00 ERR (3) 404 Seite nicht gefunden
REMOTE_ADDR: 120.29.77.78
HTTP_REFERER: 
requested: array(3) {
  ["controller"] => string(12) "wp-login.php"
  ["action"] => string(5) "index"
  ["module"] => string(7) "default"
}


--------------------------------------------------------------------------------
2017-11-15T04:47:21+00:00 ERR (3) 404 Seite nicht gefunden
REMOTE_ADDR: 161.0.153.63
HTTP_REFERER: 
requested: array(3) {
  ["controller"] => string(12) "wp-login.php"
  ["action"] => string(5) "index"
  ["module"] => string(7) "default"
}


--------------------------------------------------------------------------------
2017-11-15T04:59:25+00:00 ERR (3) 404 Seite nicht gefunden
REMOTE_ADDR: 41.215.26.138
HTTP_REFERER: 
requested: array(3) {
  ["controller"] => string(12) "wp-login.php"
  ["action"] => string(5) "index"
  ["module"] => string(7) "default"
}


--------------------------------------------------------------------------------
2017-11-15T05:35:59+00:00 ERR (3) 404 Seite nicht gefunden
REMOTE_ADDR: 43.249.235.182
HTTP_REFERER: 
requested: array(3) {
  ["controller"] => string(12) "wp-login.php"
  ["action"] => string(5) "index"
  ["module"] => string(7) "default"
}


--------------------------------------------------------------------------------
2017-11-15T05:40:30+00:00 ERR (3) 404 Seite nicht gefunden
REMOTE_ADDR: 109.102.111.84
HTTP_REFERER: 
requested: array(4) {
  ["controller"] => string(6) "https:"
  [""] => string(19) "silber-und-blei.com"
  ["action"] => string(5) "index"
  ["module"] => string(7) "default"
}


--------------------------------------------------------------------------------
2017-11-15T06:08:59+00:00 ERR (3) 404 Seite nicht gefunden
REMOTE_ADDR: 212.238.138.130
HTTP_REFERER: 
requested: array(3) {
  ["controller"] => string(12) "wp-login.php"
  ["action"] => string(5) "index"
  ["module"] => string(7) "default"
}


--------------------------------------------------------------------------------
2017-11-15T06:22:31+00:00 ERR (3) 404 Seite nicht gefunden
REMOTE_ADDR: 14.142.81.134
HTTP_REFERER: 
requested: array(3) {
  ["controller"] => string(12) "wp-login.php"
  ["action"] => string(5) "index"
  ["module"] => string(7) "default"
}


--------------------------------------------------------------------------------
2017-11-15T07:26:23+00:00 ERR (3) 404 Seite nicht gefunden
REMOTE_ADDR: 84.112.238.235
HTTP_REFERER: 
requested: array(3) {
  ["controller"] => string(12) "wp-login.php"
  ["action"] => string(5) "index"
  ["module"] => string(7) "default"
}


--------------------------------------------------------------------------------
2017-11-15T07:28:21+00:00 ERR (3) 404 Seite nicht gefunden
REMOTE_ADDR: 5.28.171.190
HTTP_REFERER: 
requested: array(3) {
  ["controller"] => string(12) "wp-login.php"
  ["action"] => string(5) "index"
  ["module"] => string(7) "default"
}


--------------------------------------------------------------------------------
2017-11-15T07:53:09+00:00 ERR (3) 404 Seite nicht gefunden
REMOTE_ADDR: 103.242.238.254
HTTP_REFERER: 
requested: array(3) {
  ["controller"] => string(12) "wp-login.php"
  ["action"] => string(5) "index"
  ["module"] => string(7) "default"
}


--------------------------------------------------------------------------------
2017-11-15T08:05:13+00:00 ERR (3) 404 Seite nicht gefunden
REMOTE_ADDR: 89.127.3.187
HTTP_REFERER: 
requested: array(3) {
  ["controller"] => string(12) "wp-login.php"
  ["action"] => string(5) "index"
  ["module"] => string(7) "default"
}


--------------------------------------------------------------------------------
2017-11-15T08:05:16+00:00 ERR (3) 404 Seite nicht gefunden
REMOTE_ADDR: 76.169.16.182
HTTP_REFERER: 
requested: array(3) {
  ["controller"] => string(12) "wp-login.php"
  ["action"] => string(5) "index"
  ["module"] => string(7) "default"
}


--------------------------------------------------------------------------------
2017-11-15T08:58:07+00:00 ERR (3) 404 Seite nicht gefunden
REMOTE_ADDR: 160.202.200.8
HTTP_REFERER: 
requested: array(3) {
  ["controller"] => string(12) "wp-login.php"
  ["action"] => string(5) "index"
  ["module"] => string(7) "default"
}


--------------------------------------------------------------------------------
2017-11-15T09:35:55+00:00 ERR (3) 404 Seite nicht gefunden
REMOTE_ADDR: 125.65.19.100
HTTP_REFERER: 
requested: array(3) {
  ["controller"] => string(12) "wp-login.php"
  ["action"] => string(5) "index"
  ["module"] => string(7) "default"
}


--------------------------------------------------------------------------------
2017-11-15T09:53:16+00:00 ERR (3) 404 Seite nicht gefunden
REMOTE_ADDR: 94.66.156.51
HTTP_REFERER: 
requested: array(3) {
  ["controller"] => string(12) "wp-login.php"
  ["action"] => string(5) "index"
  ["module"] => string(7) "default"
}


--------------------------------------------------------------------------------
2017-11-15T10:28:15+00:00 ERR (3) 404 Seite nicht gefunden
REMOTE_ADDR: 103.5.134.74
HTTP_REFERER: 
requested: array(3) {
  ["controller"] => string(12) "wp-login.php"
  ["action"] => string(5) "index"
  ["module"] => string(7) "default"
}


--------------------------------------------------------------------------------
2017-11-15T10:30:49+00:00 ERR (3) 404 Seite nicht gefunden
REMOTE_ADDR: 118.100.105.65
HTTP_REFERER: 
requested: array(3) {
  ["controller"] => string(12) "wp-login.php"
  ["action"] => string(5) "index"
  ["module"] => string(7) "default"
}


--------------------------------------------------------------------------------
2017-11-15T10:34:30+00:00 ERR (3) 404 Seite nicht gefunden
REMOTE_ADDR: 39.59.24.183
HTTP_REFERER: 
requested: array(3) {
  ["controller"] => string(12) "wp-login.php"
  ["action"] => string(5) "index"
  ["module"] => string(7) "default"
}


--------------------------------------------------------------------------------
2017-11-15T10:43:00+00:00 ERR (3) 404 Seite nicht gefunden
REMOTE_ADDR: 49.146.96.249
HTTP_REFERER: 
requested: array(3) {
  ["controller"] => string(12) "wp-login.php"
  ["action"] => string(5) "index"
  ["module"] => string(7) "default"
}


--------------------------------------------------------------------------------
2017-11-15T10:51:05+00:00 ERR (3) 404 Seite nicht gefunden
REMOTE_ADDR: 130.105.192.186
HTTP_REFERER: 
requested: array(3) {
  ["controller"] => string(12) "wp-login.php"
  ["action"] => string(5) "index"
  ["module"] => string(7) "default"
}


--------------------------------------------------------------------------------
2017-11-15T10:52:59+00:00 ERR (3) 404 Seite nicht gefunden
REMOTE_ADDR: 103.95.81.20
HTTP_REFERER: 
requested: array(3) {
  ["controller"] => string(12) "wp-login.php"
  ["action"] => string(5) "index"
  ["module"] => string(7) "default"
}


--------------------------------------------------------------------------------
2017-11-15T10:54:29+00:00 ERR (3) 404 Seite nicht gefunden
REMOTE_ADDR: 83.142.147.16
HTTP_REFERER: 
requested: array(3) {
  ["controller"] => string(12) "wp-login.php"
  ["action"] => string(5) "index"
  ["module"] => string(7) "default"
}


--------------------------------------------------------------------------------
2017-11-15T11:30:36+00:00 ERR (3) 404 Seite nicht gefunden
REMOTE_ADDR: 61.3.131.207
HTTP_REFERER: 
requested: array(3) {
  ["controller"] => string(12) "wp-login.php"
  ["action"] => string(5) "index"
  ["module"] => string(7) "default"
}


--------------------------------------------------------------------------------
2017-11-15T11:34:45+00:00 ERR (3) 404 Seite nicht gefunden
REMOTE_ADDR: 105.105.222.114
HTTP_REFERER: 
requested: array(3) {
  ["controller"] => string(12) "wp-login.php"
  ["action"] => string(5) "index"
  ["module"] => string(7) "default"
}


--------------------------------------------------------------------------------
2017-11-15T11:35:53+00:00 ERR (3) 404 Seite nicht gefunden
REMOTE_ADDR: 103.211.52.20
HTTP_REFERER: 
requested: array(3) {
  ["controller"] => string(12) "wp-login.php"
  ["action"] => string(5) "index"
  ["module"] => string(7) "default"
}


--------------------------------------------------------------------------------
2017-11-15T12:03:15+00:00 ERR (3) 404 Seite nicht gefunden
REMOTE_ADDR: 79.56.203.177
HTTP_REFERER: 
requested: array(3) {
  ["controller"] => string(12) "wp-login.php"
  ["action"] => string(5) "index"
  ["module"] => string(7) "default"
}


--------------------------------------------------------------------------------
2017-11-15T12:09:34+00:00 ERR (3) 404 Seite nicht gefunden
REMOTE_ADDR: 190.191.42.239
HTTP_REFERER: 
requested: array(3) {
  ["controller"] => string(12) "wp-login.php"
  ["action"] => string(5) "index"
  ["module"] => string(7) "default"
}


--------------------------------------------------------------------------------
2017-11-15T12:11:59+00:00 ERR (3) 404 Seite nicht gefunden
REMOTE_ADDR: 78.97.147.66
HTTP_REFERER: 
requested: array(3) {
  ["controller"] => string(12) "wp-login.php"
  ["action"] => string(5) "index"
  ["module"] => string(7) "default"
}


--------------------------------------------------------------------------------
2017-11-15T13:16:06+00:00 ERR (3) 404 Seite nicht gefunden
REMOTE_ADDR: 216.151.183.160
HTTP_REFERER: 
requested: array(3) {
  ["controller"] => string(12) "wp-login.php"
  ["action"] => string(5) "index"
  ["module"] => string(7) "default"
}


--------------------------------------------------------------------------------
2017-11-15T13:16:36+00:00 ERR (3) 404 Seite nicht gefunden
REMOTE_ADDR: 117.205.131.44
HTTP_REFERER: 
requested: array(3) {
  ["controller"] => string(12) "wp-login.php"
  ["action"] => string(5) "index"
  ["module"] => string(7) "default"
}


--------------------------------------------------------------------------------
2017-11-15T13:32:49+00:00 ERR (3) 404 Seite nicht gefunden
REMOTE_ADDR: 90.90.13.49
HTTP_REFERER: 
requested: array(3) {
  ["controller"] => string(12) "wp-login.php"
  ["action"] => string(5) "index"
  ["module"] => string(7) "default"
}


--------------------------------------------------------------------------------
2017-11-15T14:27:53+00:00 ERR (3) 404 Seite nicht gefunden
REMOTE_ADDR: 43.247.156.217
HTTP_REFERER: 
requested: array(3) {
  ["controller"] => string(12) "wp-login.php"
  ["action"] => string(5) "index"
  ["module"] => string(7) "default"
}


--------------------------------------------------------------------------------
2017-11-15T14:39:21+00:00 ERR (3) 404 Seite nicht gefunden
REMOTE_ADDR: 192.36.27.6
HTTP_REFERER: 
requested: array(3) {
  ["controller"] => string(14) "SQzeSFRRip.jsp"
  ["action"] => string(5) "index"
  ["module"] => string(7) "default"
}


--------------------------------------------------------------------------------
2017-11-15T15:03:45+00:00 ERR (3) 404 Seite nicht gefunden
REMOTE_ADDR: 46.109.144.37
HTTP_REFERER: 
requested: array(3) {
  ["controller"] => string(12) "wp-login.php"
  ["action"] => string(5) "index"
  ["module"] => string(7) "default"
}


--------------------------------------------------------------------------------
2017-11-15T15:40:55+00:00 ERR (3) 404 Seite nicht gefunden
REMOTE_ADDR: 5.144.4.32
HTTP_REFERER: 
requested: array(3) {
  ["controller"] => string(12) "wp-login.php"
  ["action"] => string(5) "index"
  ["module"] => string(7) "default"
}


--------------------------------------------------------------------------------
2017-11-15T16:07:13+00:00 ERR (3) 404 Seite nicht gefunden
REMOTE_ADDR: 123.231.126.81
HTTP_REFERER: 
requested: array(3) {
  ["controller"] => string(12) "wp-login.php"
  ["action"] => string(5) "index"
  ["module"] => string(7) "default"
}


--------------------------------------------------------------------------------
2017-11-15T16:07:48+00:00 ERR (3) 404 Seite nicht gefunden
REMOTE_ADDR: 82.81.49.16
HTTP_REFERER: 
requested: array(3) {
  ["controller"] => string(12) "wp-login.php"
  ["action"] => string(5) "index"
  ["module"] => string(7) "default"
}


--------------------------------------------------------------------------------
2017-11-15T17:15:32+00:00 ERR (3) 404 Seite nicht gefunden
REMOTE_ADDR: 185.140.245.166
HTTP_REFERER: 
requested: array(3) {
  ["controller"] => string(12) "wp-login.php"
  ["action"] => string(5) "index"
  ["module"] => string(7) "default"
}


--------------------------------------------------------------------------------
2017-11-15T17:30:24+00:00 ERR (3) 404 Seite nicht gefunden
REMOTE_ADDR: 24.55.1.242
HTTP_REFERER: 
requested: array(3) {
  ["controller"] => string(12) "wp-login.php"
  ["action"] => string(5) "index"
  ["module"] => string(7) "default"
}


--------------------------------------------------------------------------------
2017-11-15T17:34:51+00:00 ERR (3) 404 Seite nicht gefunden
REMOTE_ADDR: 37.205.111.77
HTTP_REFERER: 
requested: array(3) {
  ["controller"] => string(12) "wp-login.php"
  ["action"] => string(5) "index"
  ["module"] => string(7) "default"
}


--------------------------------------------------------------------------------
2017-11-15T17:48:09+00:00 ERR (3) 404 Seite nicht gefunden
REMOTE_ADDR: 112.134.48.218
HTTP_REFERER: 
requested: array(3) {
  ["controller"] => string(12) "wp-login.php"
  ["action"] => string(5) "index"
  ["module"] => string(7) "default"
}


--------------------------------------------------------------------------------
2017-11-15T17:48:26+00:00 ERR (3) 404 Seite nicht gefunden
REMOTE_ADDR: 103.40.196.129
HTTP_REFERER: 
requested: array(3) {
  ["controller"] => string(12) "wp-login.php"
  ["action"] => string(5) "index"
  ["module"] => string(7) "default"
}


--------------------------------------------------------------------------------
2017-11-15T18:03:17+00:00 ERR (3) 404 Seite nicht gefunden
REMOTE_ADDR: 88.228.16.224
HTTP_REFERER: 
requested: array(3) {
  ["controller"] => string(12) "wp-login.php"
  ["action"] => string(5) "index"
  ["module"] => string(7) "default"
}


--------------------------------------------------------------------------------
2017-11-15T18:22:23+00:00 ERR (3) 404 Seite nicht gefunden
REMOTE_ADDR: 86.125.30.84
HTTP_REFERER: 
requested: array(3) {
  ["controller"] => string(12) "wp-login.php"
  ["action"] => string(5) "index"
  ["module"] => string(7) "default"
}


--------------------------------------------------------------------------------
2017-11-15T18:49:11+00:00 ERR (3) 404 Seite nicht gefunden
REMOTE_ADDR: 89.201.186.209
HTTP_REFERER: 
requested: array(3) {
  ["controller"] => string(12) "wp-login.php"
  ["action"] => string(5) "index"
  ["module"] => string(7) "default"
}


--------------------------------------------------------------------------------
2017-11-15T18:59:13+00:00 ERR (3) 404 Seite nicht gefunden
REMOTE_ADDR: 87.7.205.153
HTTP_REFERER: 
requested: array(3) {
  ["controller"] => string(12) "wp-login.php"
  ["action"] => string(5) "index"
  ["module"] => string(7) "default"
}


--------------------------------------------------------------------------------
2017-11-15T19:46:43+00:00 ERR (3) 404 Seite nicht gefunden
REMOTE_ADDR: 189.81.101.172
HTTP_REFERER: 
requested: array(3) {
  ["controller"] => string(12) "wp-login.php"
  ["action"] => string(5) "index"
  ["module"] => string(7) "default"
}


--------------------------------------------------------------------------------
2017-11-15T20:00:08+00:00 ERR (3) 404 Seite nicht gefunden
REMOTE_ADDR: 124.182.232.35
HTTP_REFERER: 
requested: array(3) {
  ["controller"] => string(12) "wp-login.php"
  ["action"] => string(5) "index"
  ["module"] => string(7) "default"
}


--------------------------------------------------------------------------------
2017-11-15T20:00:29+00:00 ERR (3) 404 Seite nicht gefunden
REMOTE_ADDR: 124.182.232.35
HTTP_REFERER: 
requested: array(3) {
  ["controller"] => string(12) "wp-login.php"
  ["action"] => string(5) "index"
  ["module"] => string(7) "default"
}


--------------------------------------------------------------------------------
2017-11-15T20:41:32+00:00 ERR (3) 404 Seite nicht gefunden
REMOTE_ADDR: 41.199.192.137
HTTP_REFERER: 
requested: array(3) {
  ["controller"] => string(12) "wp-login.php"
  ["action"] => string(5) "index"
  ["module"] => string(7) "default"
}


--------------------------------------------------------------------------------
2017-11-15T20:54:45+00:00 ERR (3) 404 Seite nicht gefunden
REMOTE_ADDR: 109.100.213.147
HTTP_REFERER: 
requested: array(3) {
  ["controller"] => string(12) "wp-login.php"
  ["action"] => string(5) "index"
  ["module"] => string(7) "default"
}


--------------------------------------------------------------------------------
2017-11-15T22:49:47+00:00 ERR (3) 404 Seite nicht gefunden
REMOTE_ADDR: 76.171.192.115
HTTP_REFERER: 
requested: array(3) {
  ["controller"] => string(12) "wp-login.php"
  ["action"] => string(5) "index"
  ["module"] => string(7) "default"
}


--------------------------------------------------------------------------------
2017-11-15T23:50:55+00:00 ERR (3) 404 Seite nicht gefunden
REMOTE_ADDR: 183.177.171.90
HTTP_REFERER: 
requested: array(3) {
  ["controller"] => string(12) "wp-login.php"
  ["action"] => string(5) "index"
  ["module"] => string(7) "default"
}


--------------------------------------------------------------------------------
