2013-08-19T00:57:24+00:00 ERR (3) 404 "de" was not found.
REMOTE_ADDR: 208.115.113.89
HTTP_REFERER: 
requested: array(5) {
  ["lang"] => string(2) "de"
  ["action"] => string(4) "page"
  ["key"] => string(2) "de"
  ["module"] => string(7) "default"
  ["controller"] => string(5) "index"
}


--------------------------------------------------------------------------------
2013-08-19T08:50:27+00:00 ERR (3) 404 Page not found
REMOTE_ADDR: 95.173.184.198
HTTP_REFERER: 
requested: array(3) {
  ["controller"] => string(9) "admin.php"
  ["action"] => string(5) "index"
  ["module"] => string(7) "default"
}


--------------------------------------------------------------------------------
2013-08-19T08:50:27+00:00 ERR (3) 404 Page not found
REMOTE_ADDR: 95.173.184.198
HTTP_REFERER: 
requested: array(4) {
  ["controller"] => string(6) "bitrix"
  ["action"] => string(5) "admin"
  ["module"] => string(7) "default"
  ["lang"] => string(2) "en"
}


--------------------------------------------------------------------------------
2013-08-19T08:50:27+00:00 ERR (3) 404 Page not found
REMOTE_ADDR: 95.173.184.198
HTTP_REFERER: 
requested: array(3) {
  ["controller"] => string(5) "admin"
  ["action"] => string(9) "login.php"
  ["module"] => string(7) "default"
}


--------------------------------------------------------------------------------
2013-08-19T08:50:28+00:00 ERR (3) 404 Page not found
REMOTE_ADDR: 95.173.184.198
HTTP_REFERER: 
requested: array(3) {
  ["controller"] => string(5) "admin"
  ["action"] => string(9) "index.php"
  ["module"] => string(7) "default"
}


--------------------------------------------------------------------------------
2013-08-19T08:50:28+00:00 ERR (3) 404 Page not found
REMOTE_ADDR: 95.173.184.198
HTTP_REFERER: 
requested: array(3) {
  ["controller"] => string(4) "user"
  ["action"] => string(5) "index"
  ["module"] => string(7) "default"
}


--------------------------------------------------------------------------------
2013-08-19T14:48:01+00:00 ERR (3) 404 "de" was not found.
REMOTE_ADDR: 208.115.111.73
HTTP_REFERER: 
requested: array(5) {
  ["lang"] => string(2) "en"
  ["action"] => string(4) "page"
  ["key"] => string(2) "de"
  ["module"] => string(7) "default"
  ["controller"] => string(5) "index"
}


--------------------------------------------------------------------------------
2013-08-19T22:44:37+00:00 ERR (3) 404 "en" was not found.
REMOTE_ADDR: 208.115.111.73
HTTP_REFERER: 
requested: array(5) {
  ["lang"] => string(2) "de"
  ["action"] => string(7) "archive"
  ["key"] => string(2) "en"
  ["module"] => string(7) "default"
  ["controller"] => string(5) "index"
}


--------------------------------------------------------------------------------
