2015-09-03T02:00:16+00:00 ERR (3) 404 "hire-lasse" was not found.
REMOTE_ADDR: 151.80.31.138
HTTP_REFERER: 
requested: array(5) {
  ["lang"] => string(2) "de"
  ["action"] => string(4) "page"
  ["key"] => string(10) "hire-lasse"
  ["module"] => string(7) "default"
  ["controller"] => string(5) "index"
}


--------------------------------------------------------------------------------
2015-09-03T02:14:20+00:00 ERR (3) 404 "" was not found.
REMOTE_ADDR: 46.118.126.38
HTTP_REFERER: http://slonechka.ru/
requested: array(5) {
  ["lang"] => string(2) "en"
  ["action"] => string(7) "archive"
  ["module"] => string(7) "default"
  ["controller"] => string(5) "index"
  ["key"] => string(0) ""
}


--------------------------------------------------------------------------------
2015-09-03T02:14:20+00:00 ERR (3) 404 "" was not found.
REMOTE_ADDR: 46.118.126.38
HTTP_REFERER: http://slonechka.ru/
requested: array(5) {
  ["lang"] => string(2) "en"
  ["action"] => string(7) "archive"
  ["module"] => string(7) "default"
  ["controller"] => string(5) "index"
  ["key"] => string(0) ""
}


--------------------------------------------------------------------------------
2015-09-03T02:14:21+00:00 ERR (3) 404 "" was not found.
REMOTE_ADDR: 46.118.126.38
HTTP_REFERER: http://slonechka.ru/
requested: array(5) {
  ["lang"] => string(2) "en"
  ["action"] => string(7) "archive"
  ["module"] => string(7) "default"
  ["controller"] => string(5) "index"
  ["key"] => string(0) ""
}


--------------------------------------------------------------------------------
2015-09-03T02:55:55+00:00 ERR (3) 404 Seite nicht gefunden
REMOTE_ADDR: 85.95.229.40
HTTP_REFERER: 
requested: array(5) {
  ["controller"] => string(10) "wp-content"
  ["action"] => string(7) "plugins"
  ["ajax-store-locator-wordpress_0"] => string(20) "sl_file_download.php"
  ["module"] => string(7) "default"
  ["f"] => string(26) "../../../configuration.php"
}


--------------------------------------------------------------------------------
2015-09-03T02:55:57+00:00 ERR (3) 404 "" was not found.
REMOTE_ADDR: 85.95.229.40
HTTP_REFERER: 
requested: array(8) {
  ["lang"] => string(2) "en"
  ["action"] => string(7) "archive"
  ["key"] => string(0) ""
  ["wp-content"] => string(7) "plugins"
  ["ajax-store-locator-wordpress_0"] => string(20) "sl_file_download.php"
  ["module"] => string(7) "default"
  ["controller"] => string(5) "index"
  ["f"] => string(26) "../../../configuration.php"
}


--------------------------------------------------------------------------------
2015-09-03T05:17:56+00:00 ERR (3) 404 "hire-lasse" was not found.
REMOTE_ADDR: 133.130.52.247
HTTP_REFERER: 
requested: array(5) {
  ["lang"] => string(2) "en"
  ["action"] => string(4) "page"
  ["key"] => string(10) "hire-lasse"
  ["module"] => string(7) "default"
  ["controller"] => string(5) "index"
}


--------------------------------------------------------------------------------
2015-09-03T05:25:25+00:00 ERR (3) 404 "hire-lasse" was not found.
REMOTE_ADDR: 133.130.52.247
HTTP_REFERER: 
requested: array(5) {
  ["lang"] => string(2) "de"
  ["action"] => string(4) "page"
  ["key"] => string(10) "hire-lasse"
  ["module"] => string(7) "default"
  ["controller"] => string(5) "index"
}


--------------------------------------------------------------------------------
2015-09-03T07:41:27+00:00 ERR (3) 404 Seite nicht gefunden
REMOTE_ADDR: 94.153.10.149
HTTP_REFERER: 
requested: array(3) {
  ["controller"] => string(4) "blog"
  ["action"] => string(10) "robots.txt"
  ["module"] => string(7) "default"
}


--------------------------------------------------------------------------------
2015-09-03T07:41:27+00:00 ERR (3) 404 Seite nicht gefunden
REMOTE_ADDR: 94.153.10.149
HTTP_REFERER: 
requested: array(3) {
  ["controller"] => string(4) "blog"
  ["action"] => string(5) "index"
  ["module"] => string(7) "default"
}


--------------------------------------------------------------------------------
2015-09-03T07:41:27+00:00 ERR (3) 404 Seite nicht gefunden
REMOTE_ADDR: 94.153.10.149
HTTP_REFERER: 
requested: array(3) {
  ["controller"] => string(9) "wordpress"
  ["action"] => string(5) "index"
  ["module"] => string(7) "default"
}


--------------------------------------------------------------------------------
2015-09-03T07:41:27+00:00 ERR (3) 404 Seite nicht gefunden
REMOTE_ADDR: 94.153.10.149
HTTP_REFERER: 
requested: array(3) {
  ["controller"] => string(2) "wp"
  ["action"] => string(5) "index"
  ["module"] => string(7) "default"
}


--------------------------------------------------------------------------------
2015-09-03T10:54:38+00:00 ERR (3) 404 "" was not found.
REMOTE_ADDR: 178.137.92.63
HTTP_REFERER: http://buypillsorderonline.com/
requested: array(5) {
  ["lang"] => string(2) "en"
  ["action"] => string(7) "archive"
  ["module"] => string(7) "default"
  ["controller"] => string(5) "index"
  ["key"] => string(0) ""
}


--------------------------------------------------------------------------------
2015-09-03T10:54:39+00:00 ERR (3) 404 "" was not found.
REMOTE_ADDR: 178.137.92.63
HTTP_REFERER: http://buypillsorderonline.com/
requested: array(5) {
  ["lang"] => string(2) "en"
  ["action"] => string(7) "archive"
  ["module"] => string(7) "default"
  ["controller"] => string(5) "index"
  ["key"] => string(0) ""
}


--------------------------------------------------------------------------------
2015-09-03T10:54:39+00:00 ERR (3) 404 "" was not found.
REMOTE_ADDR: 178.137.92.63
HTTP_REFERER: http://buypillsorderonline.com/
requested: array(5) {
  ["lang"] => string(2) "en"
  ["action"] => string(7) "archive"
  ["module"] => string(7) "default"
  ["controller"] => string(5) "index"
  ["key"] => string(0) ""
}


--------------------------------------------------------------------------------
2015-09-03T12:47:47+00:00 ERR (3) 404 "" was not found.
REMOTE_ADDR: 46.118.126.38
HTTP_REFERER: http://idkredit.com/tags/
requested: array(5) {
  ["lang"] => string(2) "en"
  ["action"] => string(7) "archive"
  ["module"] => string(7) "default"
  ["controller"] => string(5) "index"
  ["key"] => string(0) ""
}


--------------------------------------------------------------------------------
2015-09-03T12:47:47+00:00 ERR (3) 404 "" was not found.
REMOTE_ADDR: 46.118.126.38
HTTP_REFERER: http://brianjeanmp.net/tags/
requested: array(5) {
  ["lang"] => string(2) "en"
  ["action"] => string(7) "archive"
  ["module"] => string(7) "default"
  ["controller"] => string(5) "index"
  ["key"] => string(0) ""
}


--------------------------------------------------------------------------------
2015-09-03T12:47:48+00:00 ERR (3) 404 "" was not found.
REMOTE_ADDR: 46.118.126.38
HTTP_REFERER: http://idkredit.com/tags/
requested: array(5) {
  ["lang"] => string(2) "en"
  ["action"] => string(7) "archive"
  ["module"] => string(7) "default"
  ["controller"] => string(5) "index"
  ["key"] => string(0) ""
}


--------------------------------------------------------------------------------
2015-09-03T12:47:48+00:00 ERR (3) 404 "" was not found.
REMOTE_ADDR: 46.118.126.38
HTTP_REFERER: http://brianjeanmp.net/tags/
requested: array(5) {
  ["lang"] => string(2) "en"
  ["action"] => string(7) "archive"
  ["module"] => string(7) "default"
  ["controller"] => string(5) "index"
  ["key"] => string(0) ""
}


--------------------------------------------------------------------------------
2015-09-03T12:47:48+00:00 ERR (3) 404 "" was not found.
REMOTE_ADDR: 46.118.126.38
HTTP_REFERER: http://brianjeanmp.net/tags/
requested: array(5) {
  ["lang"] => string(2) "en"
  ["action"] => string(7) "archive"
  ["module"] => string(7) "default"
  ["controller"] => string(5) "index"
  ["key"] => string(0) ""
}


--------------------------------------------------------------------------------
2015-09-03T12:47:48+00:00 ERR (3) 404 "" was not found.
REMOTE_ADDR: 46.118.126.38
HTTP_REFERER: http://idkredit.com/tags/
requested: array(5) {
  ["lang"] => string(2) "en"
  ["action"] => string(7) "archive"
  ["module"] => string(7) "default"
  ["controller"] => string(5) "index"
  ["key"] => string(0) ""
}


--------------------------------------------------------------------------------
2015-09-03T17:05:02+00:00 ERR (3) 404 "hire-lasse" was not found.
REMOTE_ADDR: 144.76.15.235
HTTP_REFERER: 
requested: array(5) {
  ["lang"] => string(2) "de"
  ["action"] => string(4) "page"
  ["key"] => string(10) "hire-lasse"
  ["module"] => string(7) "default"
  ["controller"] => string(5) "index"
}


--------------------------------------------------------------------------------
2015-09-03T17:05:37+00:00 ERR (3) 404 "hire-lasse" was not found.
REMOTE_ADDR: 144.76.15.235
HTTP_REFERER: 
requested: array(5) {
  ["lang"] => string(2) "en"
  ["action"] => string(4) "page"
  ["key"] => string(10) "hire-lasse"
  ["module"] => string(7) "default"
  ["controller"] => string(5) "index"
}


--------------------------------------------------------------------------------
2015-09-03T17:08:18+00:00 ERR (3) 404 Page not found
REMOTE_ADDR: 54.64.245.59
HTTP_REFERER: 
requested: array(3) {
  ["controller"] => string(9) "wordpress"
  ["action"] => string(5) "index"
  ["module"] => string(7) "default"
}


--------------------------------------------------------------------------------
2015-09-03T17:47:00+00:00 ERR (3) 404 "" was not found.
REMOTE_ADDR: 46.118.118.173
HTTP_REFERER: http://netpics.org/
requested: array(5) {
  ["lang"] => string(2) "en"
  ["action"] => string(7) "archive"
  ["module"] => string(7) "default"
  ["controller"] => string(5) "index"
  ["key"] => string(0) ""
}


--------------------------------------------------------------------------------
2015-09-03T17:47:01+00:00 ERR (3) 404 "" was not found.
REMOTE_ADDR: 46.118.118.173
HTTP_REFERER: http://netpics.org/
requested: array(5) {
  ["lang"] => string(2) "en"
  ["action"] => string(7) "archive"
  ["module"] => string(7) "default"
  ["controller"] => string(5) "index"
  ["key"] => string(0) ""
}


--------------------------------------------------------------------------------
2015-09-03T18:38:16+00:00 ERR (3) 404 Seite nicht gefunden
REMOTE_ADDR: 37.113.149.118
HTTP_REFERER: http://graphicore.de/forum/index.php
requested: array(3) {
  ["controller"] => string(5) "forum"
  ["action"] => string(9) "index.php"
  ["module"] => string(7) "default"
}


--------------------------------------------------------------------------------
2015-09-03T20:10:44+00:00 ERR (3) 404 Seite nicht gefunden
REMOTE_ADDR: 188.165.210.223
HTTP_REFERER: 
requested: array(5) {
  ["controller"] => string(9) "index.php"
  ["action"] => string(5) "index"
  ["module"] => string(7) "default"
  ["option"] => string(10) "com_myblog"
  ["task"] => string(10) "ajaxupload"
}


--------------------------------------------------------------------------------
2015-09-03T20:10:47+00:00 ERR (3) 404 "" was not found.
REMOTE_ADDR: 188.165.210.223
HTTP_REFERER: 
requested: array(7) {
  ["lang"] => string(2) "de"
  ["action"] => string(7) "archive"
  ["key"] => string(0) ""
  ["module"] => string(7) "default"
  ["controller"] => string(5) "index"
  ["option"] => string(10) "com_myblog"
  ["task"] => string(10) "ajaxupload"
}


--------------------------------------------------------------------------------
2015-09-03T20:43:12+00:00 ERR (3) 404 "" was not found.
REMOTE_ADDR: 207.46.13.35
HTTP_REFERER: 
requested: array(5) {
  ["lang"] => string(2) "de"
  ["action"] => string(7) "archive"
  ["module"] => string(7) "default"
  ["controller"] => string(5) "index"
  ["key"] => string(0) ""
}


--------------------------------------------------------------------------------
2015-09-03T22:55:05+00:00 ERR (3) 404 Seite nicht gefunden
REMOTE_ADDR: 192.254.79.72
HTTP_REFERER: 
requested: array(4) {
  ["controller"] => string(6) "https:"
  [""] => string(19) "silber-und-blei.com"
  ["action"] => string(5) "index"
  ["module"] => string(7) "default"
}


--------------------------------------------------------------------------------
2015-09-03T22:55:16+00:00 ERR (3) 404 Seite nicht gefunden
REMOTE_ADDR: 192.254.79.72
HTTP_REFERER: 
requested: array(3) {
  ["controller"] => string(2) "js"
  ["action"] => string(1) "'"
  ["module"] => string(7) "default"
}


--------------------------------------------------------------------------------
