2017-11-06T00:12:25+00:00 ERR (3) 404 Seite nicht gefunden
REMOTE_ADDR: 79.125.208.83
HTTP_REFERER: 
requested: array(3) {
  ["controller"] => string(12) "wp-login.php"
  ["action"] => string(5) "index"
  ["module"] => string(7) "default"
}


--------------------------------------------------------------------------------
2017-11-06T00:40:56+00:00 ERR (3) 404 Seite nicht gefunden
REMOTE_ADDR: 190.45.202.70
HTTP_REFERER: 
requested: array(3) {
  ["controller"] => string(12) "wp-login.php"
  ["action"] => string(5) "index"
  ["module"] => string(7) "default"
}


--------------------------------------------------------------------------------
2017-11-06T00:53:54+00:00 ERR (3) 404 Seite nicht gefunden
REMOTE_ADDR: 177.190.197.179
HTTP_REFERER: 
requested: array(3) {
  ["controller"] => string(12) "wp-login.php"
  ["action"] => string(5) "index"
  ["module"] => string(7) "default"
}


--------------------------------------------------------------------------------
2017-11-06T01:08:25+00:00 ERR (3) 404 Seite nicht gefunden
REMOTE_ADDR: 176.154.184.148
HTTP_REFERER: 
requested: array(3) {
  ["controller"] => string(12) "wp-login.php"
  ["action"] => string(5) "index"
  ["module"] => string(7) "default"
}


--------------------------------------------------------------------------------
2017-11-06T01:52:34+00:00 ERR (3) 404 Seite nicht gefunden
REMOTE_ADDR: 107.185.65.50
HTTP_REFERER: 
requested: array(3) {
  ["controller"] => string(12) "wp-login.php"
  ["action"] => string(5) "index"
  ["module"] => string(7) "default"
}


--------------------------------------------------------------------------------
2017-11-06T01:56:10+00:00 ERR (3) 404 Seite nicht gefunden
REMOTE_ADDR: 24.214.216.94
HTTP_REFERER: 
requested: array(3) {
  ["controller"] => string(12) "wp-login.php"
  ["action"] => string(5) "index"
  ["module"] => string(7) "default"
}


--------------------------------------------------------------------------------
2017-11-06T02:03:28+00:00 ERR (3) 404 Seite nicht gefunden
REMOTE_ADDR: 24.79.150.81
HTTP_REFERER: 
requested: array(3) {
  ["controller"] => string(12) "wp-login.php"
  ["action"] => string(5) "index"
  ["module"] => string(7) "default"
}


--------------------------------------------------------------------------------
2017-11-06T03:39:16+00:00 ERR (3) 404 Seite nicht gefunden
REMOTE_ADDR: 177.133.63.195
HTTP_REFERER: 
requested: array(3) {
  ["controller"] => string(12) "wp-login.php"
  ["action"] => string(5) "index"
  ["module"] => string(7) "default"
}


--------------------------------------------------------------------------------
2017-11-06T04:29:10+00:00 ERR (3) 404 Seite nicht gefunden
REMOTE_ADDR: 203.171.184.107
HTTP_REFERER: 
requested: array(3) {
  ["controller"] => string(12) "wp-login.php"
  ["action"] => string(5) "index"
  ["module"] => string(7) "default"
}


--------------------------------------------------------------------------------
2017-11-06T04:37:18+00:00 ERR (3) 404 Seite nicht gefunden
REMOTE_ADDR: 188.129.226.141
HTTP_REFERER: 
requested: array(3) {
  ["controller"] => string(12) "wp-login.php"
  ["action"] => string(5) "index"
  ["module"] => string(7) "default"
}


--------------------------------------------------------------------------------
2017-11-06T05:10:29+00:00 ERR (3) 404 Seite nicht gefunden
REMOTE_ADDR: 172.90.75.117
HTTP_REFERER: 
requested: array(3) {
  ["controller"] => string(12) "wp-login.php"
  ["action"] => string(5) "index"
  ["module"] => string(7) "default"
}


--------------------------------------------------------------------------------
2017-11-06T05:11:56+00:00 ERR (3) 404 Seite nicht gefunden
REMOTE_ADDR: 112.210.148.167
HTTP_REFERER: 
requested: array(3) {
  ["controller"] => string(12) "wp-login.php"
  ["action"] => string(5) "index"
  ["module"] => string(7) "default"
}


--------------------------------------------------------------------------------
2017-11-06T05:35:45+00:00 ERR (3) 404 Page not found
REMOTE_ADDR: 185.100.87.207
HTTP_REFERER: 
requested: array(3) {
  ["controller"] => string(7) "utility"
  ["action"] => string(7) "convert"
  ["module"] => string(7) "default"
}


--------------------------------------------------------------------------------
2017-11-06T06:00:35+00:00 ERR (3) 404 Seite nicht gefunden
REMOTE_ADDR: 180.191.61.2
HTTP_REFERER: 
requested: array(3) {
  ["controller"] => string(12) "wp-login.php"
  ["action"] => string(5) "index"
  ["module"] => string(7) "default"
}


--------------------------------------------------------------------------------
2017-11-06T06:04:56+00:00 ERR (3) 404 Seite nicht gefunden
REMOTE_ADDR: 86.124.88.99
HTTP_REFERER: 
requested: array(3) {
  ["controller"] => string(12) "wp-login.php"
  ["action"] => string(5) "index"
  ["module"] => string(7) "default"
}


--------------------------------------------------------------------------------
2017-11-06T06:30:13+00:00 ERR (3) 404 Seite nicht gefunden
REMOTE_ADDR: 202.51.88.53
HTTP_REFERER: 
requested: array(3) {
  ["controller"] => string(12) "wp-login.php"
  ["action"] => string(5) "index"
  ["module"] => string(7) "default"
}


--------------------------------------------------------------------------------
2017-11-06T07:36:15+00:00 ERR (3) 404 Seite nicht gefunden
REMOTE_ADDR: 5.64.75.43
HTTP_REFERER: 
requested: array(3) {
  ["controller"] => string(12) "wp-login.php"
  ["action"] => string(5) "index"
  ["module"] => string(7) "default"
}


--------------------------------------------------------------------------------
2017-11-06T07:39:17+00:00 ERR (3) 404 Seite nicht gefunden
REMOTE_ADDR: 89.32.54.114
HTTP_REFERER: 
requested: array(3) {
  ["controller"] => string(12) "wp-login.php"
  ["action"] => string(5) "index"
  ["module"] => string(7) "default"
}


--------------------------------------------------------------------------------
2017-11-06T07:54:07+00:00 ERR (3) 404 Seite nicht gefunden
REMOTE_ADDR: 114.207.202.49
HTTP_REFERER: 
requested: array(3) {
  ["controller"] => string(12) "wp-login.php"
  ["action"] => string(5) "index"
  ["module"] => string(7) "default"
}


--------------------------------------------------------------------------------
2017-11-06T08:30:48+00:00 ERR (3) 404 Page not found
REMOTE_ADDR: 155.133.64.182
HTTP_REFERER: 
requested: array(3) {
  ["controller"] => string(7) "utility"
  ["action"] => string(7) "convert"
  ["module"] => string(7) "default"
}


--------------------------------------------------------------------------------
2017-11-06T08:52:50+00:00 ERR (3) 404 Seite nicht gefunden
REMOTE_ADDR: 189.35.19.240
HTTP_REFERER: 
requested: array(3) {
  ["controller"] => string(12) "wp-login.php"
  ["action"] => string(5) "index"
  ["module"] => string(7) "default"
}


--------------------------------------------------------------------------------
2017-11-06T09:05:09+00:00 ERR (3) 404 Seite nicht gefunden
REMOTE_ADDR: 105.108.86.197
HTTP_REFERER: 
requested: array(3) {
  ["controller"] => string(12) "wp-login.php"
  ["action"] => string(5) "index"
  ["module"] => string(7) "default"
}


--------------------------------------------------------------------------------
2017-11-06T09:29:45+00:00 ERR (3) 404 Seite nicht gefunden
REMOTE_ADDR: 77.28.54.236
HTTP_REFERER: 
requested: array(3) {
  ["controller"] => string(12) "wp-login.php"
  ["action"] => string(5) "index"
  ["module"] => string(7) "default"
}


--------------------------------------------------------------------------------
2017-11-06T09:32:08+00:00 ERR (3) 404 Seite nicht gefunden
REMOTE_ADDR: 95.120.67.105
HTTP_REFERER: 
requested: array(3) {
  ["controller"] => string(12) "wp-login.php"
  ["action"] => string(5) "index"
  ["module"] => string(7) "default"
}


--------------------------------------------------------------------------------
2017-11-06T09:36:13+00:00 ERR (3) 404 Seite nicht gefunden
REMOTE_ADDR: 200.185.221.209
HTTP_REFERER: 
requested: array(3) {
  ["controller"] => string(12) "wp-login.php"
  ["action"] => string(5) "index"
  ["module"] => string(7) "default"
}


--------------------------------------------------------------------------------
2017-11-06T09:42:35+00:00 ERR (3) 404 Seite nicht gefunden
REMOTE_ADDR: 82.75.57.136
HTTP_REFERER: 
requested: array(3) {
  ["controller"] => string(12) "wp-login.php"
  ["action"] => string(5) "index"
  ["module"] => string(7) "default"
}


--------------------------------------------------------------------------------
2017-11-06T09:44:56+00:00 ERR (3) 404 Seite nicht gefunden
REMOTE_ADDR: 175.126.197.75
HTTP_REFERER: 
requested: array(3) {
  ["controller"] => string(12) "wp-login.php"
  ["action"] => string(5) "index"
  ["module"] => string(7) "default"
}


--------------------------------------------------------------------------------
2017-11-06T10:12:09+00:00 ERR (3) 404 Seite nicht gefunden
REMOTE_ADDR: 37.231.240.45
HTTP_REFERER: 
requested: array(3) {
  ["controller"] => string(12) "wp-login.php"
  ["action"] => string(5) "index"
  ["module"] => string(7) "default"
}


--------------------------------------------------------------------------------
2017-11-06T10:44:01+00:00 ERR (3) 404 Seite nicht gefunden
REMOTE_ADDR: 49.151.223.134
HTTP_REFERER: 
requested: array(3) {
  ["controller"] => string(12) "wp-login.php"
  ["action"] => string(5) "index"
  ["module"] => string(7) "default"
}


--------------------------------------------------------------------------------
2017-11-06T10:49:50+00:00 ERR (3) 404 Seite nicht gefunden
REMOTE_ADDR: 31.16.253.88
HTTP_REFERER: 
requested: array(3) {
  ["controller"] => string(12) "wp-login.php"
  ["action"] => string(5) "index"
  ["module"] => string(7) "default"
}


--------------------------------------------------------------------------------
2017-11-06T11:04:21+00:00 ERR (3) 404 Seite nicht gefunden
REMOTE_ADDR: 41.50.111.195
HTTP_REFERER: 
requested: array(3) {
  ["controller"] => string(12) "wp-login.php"
  ["action"] => string(5) "index"
  ["module"] => string(7) "default"
}


--------------------------------------------------------------------------------
2017-11-06T11:13:21+00:00 ERR (3) 404 Seite nicht gefunden
REMOTE_ADDR: 172.111.192.228
HTTP_REFERER: 
requested: array(3) {
  ["controller"] => string(12) "wp-login.php"
  ["action"] => string(5) "index"
  ["module"] => string(7) "default"
}


--------------------------------------------------------------------------------
2017-11-06T11:20:38+00:00 ERR (3) 404 Seite nicht gefunden
REMOTE_ADDR: 61.69.207.5
HTTP_REFERER: 
requested: array(3) {
  ["controller"] => string(12) "wp-login.php"
  ["action"] => string(5) "index"
  ["module"] => string(7) "default"
}


--------------------------------------------------------------------------------
2017-11-06T12:01:26+00:00 ERR (3) 404 Seite nicht gefunden
REMOTE_ADDR: 109.162.248.196
HTTP_REFERER: 
requested: array(3) {
  ["controller"] => string(12) "wp-login.php"
  ["action"] => string(5) "index"
  ["module"] => string(7) "default"
}


--------------------------------------------------------------------------------
2017-11-06T12:05:55+00:00 ERR (3) 404 Seite nicht gefunden
REMOTE_ADDR: 90.77.225.239
HTTP_REFERER: 
requested: array(3) {
  ["controller"] => string(12) "wp-login.php"
  ["action"] => string(5) "index"
  ["module"] => string(7) "default"
}


--------------------------------------------------------------------------------
2017-11-06T12:11:40+00:00 ERR (3) 404 Seite nicht gefunden
REMOTE_ADDR: 129.13.13.177
HTTP_REFERER: 
requested: array(3) {
  ["controller"] => string(12) "wp-login.php"
  ["action"] => string(5) "index"
  ["module"] => string(7) "default"
}


--------------------------------------------------------------------------------
2017-11-06T12:20:13+00:00 ERR (3) 404 Seite nicht gefunden
REMOTE_ADDR: 179.192.91.19
HTTP_REFERER: 
requested: array(3) {
  ["controller"] => string(12) "wp-login.php"
  ["action"] => string(5) "index"
  ["module"] => string(7) "default"
}


--------------------------------------------------------------------------------
2017-11-06T12:25:21+00:00 ERR (3) 404 Seite nicht gefunden
REMOTE_ADDR: 182.73.66.66
HTTP_REFERER: 
requested: array(3) {
  ["controller"] => string(12) "wp-login.php"
  ["action"] => string(5) "index"
  ["module"] => string(7) "default"
}


--------------------------------------------------------------------------------
2017-11-06T12:32:05+00:00 ERR (3) 404 Seite nicht gefunden
REMOTE_ADDR: 41.232.230.38
HTTP_REFERER: 
requested: array(3) {
  ["controller"] => string(12) "wp-login.php"
  ["action"] => string(5) "index"
  ["module"] => string(7) "default"
}


--------------------------------------------------------------------------------
2017-11-06T12:40:56+00:00 ERR (3) 404 Seite nicht gefunden
REMOTE_ADDR: 196.70.248.53
HTTP_REFERER: 
requested: array(3) {
  ["controller"] => string(12) "wp-login.php"
  ["action"] => string(5) "index"
  ["module"] => string(7) "default"
}


--------------------------------------------------------------------------------
2017-11-06T12:56:09+00:00 ERR (3) 404 Seite nicht gefunden
REMOTE_ADDR: 61.197.2.120
HTTP_REFERER: 
requested: array(3) {
  ["controller"] => string(12) "wp-login.php"
  ["action"] => string(5) "index"
  ["module"] => string(7) "default"
}


--------------------------------------------------------------------------------
2017-11-06T12:58:53+00:00 ERR (3) 404 Seite nicht gefunden
REMOTE_ADDR: 5.146.194.180
HTTP_REFERER: 
requested: array(3) {
  ["controller"] => string(12) "wp-login.php"
  ["action"] => string(5) "index"
  ["module"] => string(7) "default"
}


--------------------------------------------------------------------------------
2017-11-06T13:53:41+00:00 ERR (3) 404 Seite nicht gefunden
REMOTE_ADDR: 176.202.171.76
HTTP_REFERER: 
requested: array(3) {
  ["controller"] => string(12) "wp-login.php"
  ["action"] => string(5) "index"
  ["module"] => string(7) "default"
}


--------------------------------------------------------------------------------
2017-11-06T14:00:15+00:00 ERR (3) 404 Seite nicht gefunden
REMOTE_ADDR: 85.185.45.174
HTTP_REFERER: 
requested: array(3) {
  ["controller"] => string(12) "wp-login.php"
  ["action"] => string(5) "index"
  ["module"] => string(7) "default"
}


--------------------------------------------------------------------------------
2017-11-06T14:00:16+00:00 ERR (3) 404 Seite nicht gefunden
REMOTE_ADDR: 85.185.45.174
HTTP_REFERER: 
requested: array(3) {
  ["controller"] => string(12) "wp-login.php"
  ["action"] => string(5) "index"
  ["module"] => string(7) "default"
}


--------------------------------------------------------------------------------
2017-11-06T14:10:56+00:00 ERR (3) 404 "hire-lasse" was not found.
REMOTE_ADDR: 66.249.79.82
HTTP_REFERER: 
requested: array(5) {
  ["lang"] => string(2) "en"
  ["action"] => string(4) "page"
  ["key"] => string(10) "hire-lasse"
  ["module"] => string(7) "default"
  ["controller"] => string(5) "index"
}


--------------------------------------------------------------------------------
2017-11-06T14:16:52+00:00 ERR (3) 404 Seite nicht gefunden
REMOTE_ADDR: 85.96.14.100
HTTP_REFERER: 
requested: array(3) {
  ["controller"] => string(12) "wp-login.php"
  ["action"] => string(5) "index"
  ["module"] => string(7) "default"
}


--------------------------------------------------------------------------------
2017-11-06T14:18:39+00:00 ERR (3) 404 Seite nicht gefunden
REMOTE_ADDR: 88.225.255.188
HTTP_REFERER: 
requested: array(3) {
  ["controller"] => string(12) "wp-login.php"
  ["action"] => string(5) "index"
  ["module"] => string(7) "default"
}


--------------------------------------------------------------------------------
2017-11-06T14:29:52+00:00 ERR (3) 404 Seite nicht gefunden
REMOTE_ADDR: 103.81.95.202
HTTP_REFERER: 
requested: array(3) {
  ["controller"] => string(12) "wp-login.php"
  ["action"] => string(5) "index"
  ["module"] => string(7) "default"
}


--------------------------------------------------------------------------------
2017-11-06T14:30:47+00:00 ERR (3) 404 Seite nicht gefunden
REMOTE_ADDR: 138.219.129.2
HTTP_REFERER: 
requested: array(3) {
  ["controller"] => string(12) "wp-login.php"
  ["action"] => string(5) "index"
  ["module"] => string(7) "default"
}


--------------------------------------------------------------------------------
2017-11-06T14:47:15+00:00 ERR (3) 404 Seite nicht gefunden
REMOTE_ADDR: 139.0.102.182
HTTP_REFERER: 
requested: array(3) {
  ["controller"] => string(12) "wp-login.php"
  ["action"] => string(5) "index"
  ["module"] => string(7) "default"
}


--------------------------------------------------------------------------------
2017-11-06T15:05:30+00:00 ERR (3) 404 Seite nicht gefunden
REMOTE_ADDR: 39.49.203.11
HTTP_REFERER: 
requested: array(3) {
  ["controller"] => string(12) "wp-login.php"
  ["action"] => string(5) "index"
  ["module"] => string(7) "default"
}


--------------------------------------------------------------------------------
2017-11-06T15:15:46+00:00 ERR (3) 404 Seite nicht gefunden
REMOTE_ADDR: 175.100.138.132
HTTP_REFERER: 
requested: array(3) {
  ["controller"] => string(12) "wp-login.php"
  ["action"] => string(5) "index"
  ["module"] => string(7) "default"
}


--------------------------------------------------------------------------------
2017-11-06T15:26:41+00:00 ERR (3) 404 Seite nicht gefunden
REMOTE_ADDR: 185.38.225.3
HTTP_REFERER: 
requested: array(3) {
  ["controller"] => string(12) "wp-login.php"
  ["action"] => string(5) "index"
  ["module"] => string(7) "default"
}


--------------------------------------------------------------------------------
2017-11-06T15:30:27+00:00 ERR (3) 404 Seite nicht gefunden
REMOTE_ADDR: 46.25.48.201
HTTP_REFERER: 
requested: array(3) {
  ["controller"] => string(12) "wp-login.php"
  ["action"] => string(5) "index"
  ["module"] => string(7) "default"
}


--------------------------------------------------------------------------------
2017-11-06T16:10:00+00:00 ERR (3) 404 Seite nicht gefunden
REMOTE_ADDR: 37.201.7.224
HTTP_REFERER: 
requested: array(3) {
  ["controller"] => string(12) "wp-login.php"
  ["action"] => string(5) "index"
  ["module"] => string(7) "default"
}


--------------------------------------------------------------------------------
2017-11-06T16:33:17+00:00 ERR (3) 404 "hire-lasse" was not found.
REMOTE_ADDR: 23.237.4.26
HTTP_REFERER: 
requested: array(5) {
  ["lang"] => string(2) "de"
  ["action"] => string(4) "page"
  ["key"] => string(10) "hire-lasse"
  ["module"] => string(7) "default"
  ["controller"] => string(5) "index"
}


--------------------------------------------------------------------------------
2017-11-06T16:33:21+00:00 ERR (3) 404 "hire-lasse" was not found.
REMOTE_ADDR: 23.237.4.26
HTTP_REFERER: 
requested: array(5) {
  ["lang"] => string(2) "en"
  ["action"] => string(4) "page"
  ["key"] => string(10) "hire-lasse"
  ["module"] => string(7) "default"
  ["controller"] => string(5) "index"
}


--------------------------------------------------------------------------------
2017-11-06T17:21:34+00:00 ERR (3) 404 Seite nicht gefunden
REMOTE_ADDR: 105.225.222.237
HTTP_REFERER: 
requested: array(3) {
  ["controller"] => string(12) "wp-login.php"
  ["action"] => string(5) "index"
  ["module"] => string(7) "default"
}


--------------------------------------------------------------------------------
2017-11-06T17:31:47+00:00 ERR (3) 404 Seite nicht gefunden
REMOTE_ADDR: 1.186.185.186
HTTP_REFERER: 
requested: array(3) {
  ["controller"] => string(12) "wp-login.php"
  ["action"] => string(5) "index"
  ["module"] => string(7) "default"
}


--------------------------------------------------------------------------------
2017-11-06T17:37:13+00:00 ERR (3) 404 Seite nicht gefunden
REMOTE_ADDR: 177.82.227.153
HTTP_REFERER: 
requested: array(3) {
  ["controller"] => string(12) "wp-login.php"
  ["action"] => string(5) "index"
  ["module"] => string(7) "default"
}


--------------------------------------------------------------------------------
2017-11-06T17:48:50+00:00 ERR (3) 404 Seite nicht gefunden
REMOTE_ADDR: 169.0.118.221
HTTP_REFERER: 
requested: array(3) {
  ["controller"] => string(12) "wp-login.php"
  ["action"] => string(5) "index"
  ["module"] => string(7) "default"
}


--------------------------------------------------------------------------------
2017-11-06T17:49:19+00:00 ERR (3) 404 Seite nicht gefunden
REMOTE_ADDR: 39.42.234.161
HTTP_REFERER: 
requested: array(3) {
  ["controller"] => string(12) "wp-login.php"
  ["action"] => string(5) "index"
  ["module"] => string(7) "default"
}


--------------------------------------------------------------------------------
2017-11-06T19:10:37+00:00 ERR (3) 404 Seite nicht gefunden
REMOTE_ADDR: 118.108.219.156
HTTP_REFERER: 
requested: array(3) {
  ["controller"] => string(12) "wp-login.php"
  ["action"] => string(5) "index"
  ["module"] => string(7) "default"
}


--------------------------------------------------------------------------------
2017-11-06T19:11:18+00:00 ERR (3) 404 Seite nicht gefunden
REMOTE_ADDR: 73.26.40.172
HTTP_REFERER: 
requested: array(3) {
  ["controller"] => string(12) "wp-login.php"
  ["action"] => string(5) "index"
  ["module"] => string(7) "default"
}


--------------------------------------------------------------------------------
2017-11-06T19:42:11+00:00 ERR (3) 404 Seite nicht gefunden
REMOTE_ADDR: 94.76.4.131
HTTP_REFERER: 
requested: array(3) {
  ["controller"] => string(12) "wp-login.php"
  ["action"] => string(5) "index"
  ["module"] => string(7) "default"
}


--------------------------------------------------------------------------------
2017-11-06T19:48:17+00:00 ERR (3) 404 Seite nicht gefunden
REMOTE_ADDR: 145.130.172.211
HTTP_REFERER: 
requested: array(3) {
  ["controller"] => string(12) "wp-login.php"
  ["action"] => string(5) "index"
  ["module"] => string(7) "default"
}


--------------------------------------------------------------------------------
2017-11-06T20:03:37+00:00 ERR (3) 404 Seite nicht gefunden
REMOTE_ADDR: 156.205.62.169
HTTP_REFERER: 
requested: array(3) {
  ["controller"] => string(12) "wp-login.php"
  ["action"] => string(5) "index"
  ["module"] => string(7) "default"
}


--------------------------------------------------------------------------------
2017-11-06T20:37:29+00:00 ERR (3) 404 Page not found
REMOTE_ADDR: 77.247.181.163
HTTP_REFERER: 
requested: array(3) {
  ["controller"] => string(7) "utility"
  ["action"] => string(7) "convert"
  ["module"] => string(7) "default"
}


--------------------------------------------------------------------------------
2017-11-06T20:50:33+00:00 ERR (3) 404 Seite nicht gefunden
REMOTE_ADDR: 93.234.142.99
HTTP_REFERER: 
requested: array(3) {
  ["controller"] => string(12) "wp-login.php"
  ["action"] => string(5) "index"
  ["module"] => string(7) "default"
}


--------------------------------------------------------------------------------
2017-11-06T20:56:34+00:00 ERR (3) 404 Seite nicht gefunden
REMOTE_ADDR: 177.130.142.183
HTTP_REFERER: 
requested: array(3) {
  ["controller"] => string(12) "wp-login.php"
  ["action"] => string(5) "index"
  ["module"] => string(7) "default"
}


--------------------------------------------------------------------------------
2017-11-06T21:14:32+00:00 ERR (3) 404 Page not found
REMOTE_ADDR: 209.90.225.243
HTTP_REFERER: http://graphicore.de/wp-content/plugins/wp-crm/third-party/uploadify/uploadify.css
requested: array(5) {
  ["controller"] => string(10) "wp-content"
  ["action"] => string(7) "plugins"
  ["wp-crm"] => string(11) "third-party"
  ["uploadify"] => string(13) "uploadify.css"
  ["module"] => string(7) "default"
}


--------------------------------------------------------------------------------
2017-11-06T21:50:32+00:00 ERR (3) 404 Seite nicht gefunden
REMOTE_ADDR: 79.46.232.215
HTTP_REFERER: 
requested: array(3) {
  ["controller"] => string(12) "wp-login.php"
  ["action"] => string(5) "index"
  ["module"] => string(7) "default"
}


--------------------------------------------------------------------------------
2017-11-06T21:58:46+00:00 ERR (3) 404 Seite nicht gefunden
REMOTE_ADDR: 109.21.139.128
HTTP_REFERER: 
requested: array(3) {
  ["controller"] => string(12) "wp-login.php"
  ["action"] => string(5) "index"
  ["module"] => string(7) "default"
}


--------------------------------------------------------------------------------
2017-11-06T22:02:02+00:00 ERR (3) 404 Seite nicht gefunden
REMOTE_ADDR: 125.212.123.110
HTTP_REFERER: 
requested: array(3) {
  ["controller"] => string(12) "wp-login.php"
  ["action"] => string(5) "index"
  ["module"] => string(7) "default"
}


--------------------------------------------------------------------------------
2017-11-06T22:34:28+00:00 ERR (3) 404 Seite nicht gefunden
REMOTE_ADDR: 189.31.124.65
HTTP_REFERER: 
requested: array(3) {
  ["controller"] => string(12) "wp-login.php"
  ["action"] => string(5) "index"
  ["module"] => string(7) "default"
}


--------------------------------------------------------------------------------
2017-11-06T22:40:24+00:00 ERR (3) 404 Seite nicht gefunden
REMOTE_ADDR: 83.240.218.214
HTTP_REFERER: 
requested: array(3) {
  ["controller"] => string(12) "wp-login.php"
  ["action"] => string(5) "index"
  ["module"] => string(7) "default"
}


--------------------------------------------------------------------------------
2017-11-06T23:37:15+00:00 ERR (3) 404 Seite nicht gefunden
REMOTE_ADDR: 125.34.46.131
HTTP_REFERER: 
requested: array(3) {
  ["controller"] => string(12) "wp-login.php"
  ["action"] => string(5) "index"
  ["module"] => string(7) "default"
}


--------------------------------------------------------------------------------
