2013-02-19T06:51:44+00:00 ERR (3) 404 Seite nicht gefunden
REMOTE_ADDR: 66.249.78.207
HTTP_REFERER: 
requested: array(4) {
  ["controller"] => string(5) "diary"
  ["action"] => string(29) "tag:graphicore.de,2010-10-06:"
  ["diary"] => string(27) "201010061331004cac7a14de999"
  ["module"] => string(7) "default"
}


--------------------------------------------------------------------------------
2013-02-19T17:23:31+00:00 ERR (3) 404 Page not found
REMOTE_ADDR: 122.225.22.22
HTTP_REFERER: http://www.graphicore.de/
requested: array(3) {
  ["controller"] => string(5) "forum"
  ["action"] => string(9) "index.php"
  ["module"] => string(7) "default"
}


--------------------------------------------------------------------------------
2013-02-19T19:16:55+00:00 ERR (3) 404 Seite nicht gefunden
REMOTE_ADDR: 109.45.0.69
HTTP_REFERER: 
requested: array(3) {
  ["controller"] => string(32) "apple-touch-icon-precomposed.png"
  ["action"] => string(5) "index"
  ["module"] => string(7) "default"
}


--------------------------------------------------------------------------------
2013-02-19T19:16:55+00:00 ERR (3) 404 Seite nicht gefunden
REMOTE_ADDR: 109.45.0.69
HTTP_REFERER: 
requested: array(3) {
  ["controller"] => string(20) "apple-touch-icon.png"
  ["action"] => string(5) "index"
  ["module"] => string(7) "default"
}


--------------------------------------------------------------------------------
2013-02-19T20:14:19+00:00 ERR (3) 404 Seite nicht gefunden
REMOTE_ADDR: 109.45.0.69
HTTP_REFERER: 
requested: array(3) {
  ["controller"] => string(32) "apple-touch-icon-precomposed.png"
  ["action"] => string(5) "index"
  ["module"] => string(7) "default"
}


--------------------------------------------------------------------------------
2013-02-19T20:14:24+00:00 ERR (3) 404 Seite nicht gefunden
REMOTE_ADDR: 109.45.0.69
HTTP_REFERER: 
requested: array(3) {
  ["controller"] => string(20) "apple-touch-icon.png"
  ["action"] => string(5) "index"
  ["module"] => string(7) "default"
}


--------------------------------------------------------------------------------
