2013-08-21T01:00:58+00:00 ERR (3) 404 Seite nicht gefunden
REMOTE_ADDR: 192.74.232.133
HTTP_REFERER: http://graphicore.de/forum/
requested: array(3) {
  ["controller"] => string(5) "forum"
  ["action"] => string(5) "index"
  ["module"] => string(7) "default"
}


--------------------------------------------------------------------------------
2013-08-21T02:46:00+00:00 ERR (3) 404 "" was not found.
REMOTE_ADDR: 208.115.111.73
HTTP_REFERER: 
requested: array(5) {
  ["lang"] => string(2) "en"
  ["action"] => string(7) "archive"
  ["module"] => string(7) "default"
  ["controller"] => string(5) "index"
  ["key"] => string(0) ""
}


--------------------------------------------------------------------------------
2013-08-21T06:28:51+00:00 ERR (3) 404 Seite nicht gefunden
REMOTE_ADDR: 109.45.3.151
HTTP_REFERER: 
requested: array(3) {
  ["controller"] => string(32) "apple-touch-icon-precomposed.png"
  ["action"] => string(5) "index"
  ["module"] => string(7) "default"
}


--------------------------------------------------------------------------------
2013-08-21T06:28:51+00:00 ERR (3) 404 Seite nicht gefunden
REMOTE_ADDR: 109.45.3.151
HTTP_REFERER: 
requested: array(3) {
  ["controller"] => string(20) "apple-touch-icon.png"
  ["action"] => string(5) "index"
  ["module"] => string(7) "default"
}


--------------------------------------------------------------------------------
2013-08-21T07:41:51+00:00 ERR (3) 404 "hire-lasse" was not found.
REMOTE_ADDR: 178.63.14.15
HTTP_REFERER: http://graphicore.de/en/archive/2013-06-10_refactoring-the-Superlative-Conspiracy
requested: array(5) {
  ["lang"] => string(2) "en"
  ["action"] => string(4) "page"
  ["key"] => string(10) "hire-lasse"
  ["module"] => string(7) "default"
  ["controller"] => string(5) "index"
}


--------------------------------------------------------------------------------
2013-08-21T07:41:53+00:00 ERR (3) 404 "hire-lasse" was not found.
REMOTE_ADDR: 178.63.14.15
HTTP_REFERER: http://graphicore.de/en/archive/2010-10-06_underground_exhibition
requested: array(5) {
  ["lang"] => string(2) "de"
  ["action"] => string(4) "page"
  ["key"] => string(10) "hire-lasse"
  ["module"] => string(7) "default"
  ["controller"] => string(5) "index"
}


--------------------------------------------------------------------------------
2013-08-21T11:09:15+00:00 ERR (3) 404 Seite nicht gefunden
REMOTE_ADDR: 119.233.255.53
HTTP_REFERER: http://graphicore.de/forum/index.php
requested: array(3) {
  ["controller"] => string(5) "forum"
  ["action"] => string(9) "index.php"
  ["module"] => string(7) "default"
}


--------------------------------------------------------------------------------
2013-08-21T14:10:13+00:00 ERR (3) 404 Seite nicht gefunden
REMOTE_ADDR: 178.141.33.90
HTTP_REFERER: http://graphicore.de/forum/
requested: array(3) {
  ["controller"] => string(5) "forum"
  ["action"] => string(5) "index"
  ["module"] => string(7) "default"
}


--------------------------------------------------------------------------------
2013-08-21T20:56:45+00:00 ERR (3) 404 Seite nicht gefunden
REMOTE_ADDR: 5.10.83.11
HTTP_REFERER: 
requested: array(4) {
  ["controller"] => string(5) "forum"
  ["action"] => string(13) "viewtopic.php"
  ["module"] => string(7) "default"
  ["t"] => string(2) "13"
}


--------------------------------------------------------------------------------
2013-08-21T21:25:43+00:00 ERR (3) 404 "hire-lasse" was not found.
REMOTE_ADDR: 5.199.136.130
HTTP_REFERER: 
requested: array(5) {
  ["lang"] => string(2) "de"
  ["action"] => string(4) "page"
  ["key"] => string(10) "hire-lasse"
  ["module"] => string(7) "default"
  ["controller"] => string(5) "index"
}


--------------------------------------------------------------------------------
2013-08-21T23:47:19+00:00 ERR (3) 404 Seite nicht gefunden
REMOTE_ADDR: 76.164.224.42
HTTP_REFERER: http://graphicore.de/forum/
requested: array(3) {
  ["controller"] => string(5) "forum"
  ["action"] => string(5) "index"
  ["module"] => string(7) "default"
}


--------------------------------------------------------------------------------
