2011-01-21T02:33:02+00:00 ERR (3) 404 "topic" was not found.
REMOTE_ADDR: 91.201.66.89
HTTP_REFERER: http://graphicore.de/de/index/topic/intern/news/
requested: array(6) {
  ["lang"] => string(2) "de"
  ["action"] => string(5) "index"
  ["key"] => string(5) "topic"
  ["intern"] => string(4) "news"
  ["module"] => string(7) "default"
  ["controller"] => string(5) "index"
}


--------------------------------------------------------------------------------
2011-01-21T03:22:09+00:00 ERR (3) 404 "topic" was not found.
REMOTE_ADDR: 95.211.9.167
HTTP_REFERER: http://graphicore.de/de/index/topic/intern/
requested: array(5) {
  ["lang"] => string(2) "de"
  ["action"] => string(5) "index"
  ["key"] => string(5) "topic"
  ["module"] => string(7) "default"
  ["controller"] => string(5) "index"
}


--------------------------------------------------------------------------------
2011-01-21T03:39:32+00:00 ERR (3) 404 Seite nicht gefunden
REMOTE_ADDR: 83.169.26.5
HTTP_REFERER: 
requested: array(3) {
  ["controller"] => string(1) "#"
  ["action"] => string(5) "index"
  ["module"] => string(7) "default"
}


--------------------------------------------------------------------------------
2011-01-21T03:40:00+00:00 ERR (3) 404 Seite nicht gefunden
REMOTE_ADDR: 83.169.26.5
HTTP_REFERER: 
requested: array(3) {
  ["controller"] => string(11) ">Impressum<"
  ["action"] => string(3) "a>,"
  ["module"] => string(7) "default"
}


--------------------------------------------------------------------------------
2011-01-21T03:40:08+00:00 ERR (3) 404 Seite nicht gefunden
REMOTE_ADDR: 83.169.26.5
HTTP_REFERER: 
requested: array(3) {
  ["controller"] => string(11) "default.php"
  ["action"] => string(5) "index"
  ["module"] => string(7) "default"
}


--------------------------------------------------------------------------------
2011-01-21T03:40:08+00:00 ERR (3) 404 Seite nicht gefunden
REMOTE_ADDR: 83.169.26.5
HTTP_REFERER: 
requested: array(3) {
  ["controller"] => string(10) "index.html"
  ["action"] => string(5) "index"
  ["module"] => string(7) "default"
}


--------------------------------------------------------------------------------
2011-01-21T03:40:09+00:00 ERR (3) 404 Seite nicht gefunden
REMOTE_ADDR: 83.169.26.5
HTTP_REFERER: 
requested: array(3) {
  ["controller"] => string(9) "index.htm"
  ["action"] => string(5) "index"
  ["module"] => string(7) "default"
}


--------------------------------------------------------------------------------
2011-01-21T03:40:09+00:00 ERR (3) 404 Seite nicht gefunden
REMOTE_ADDR: 83.169.26.5
HTTP_REFERER: 
requested: array(3) {
  ["controller"] => string(11) "default.htm"
  ["action"] => string(5) "index"
  ["module"] => string(7) "default"
}


--------------------------------------------------------------------------------
2011-01-21T03:40:10+00:00 ERR (3) 404 Seite nicht gefunden
REMOTE_ADDR: 83.169.26.5
HTTP_REFERER: 
requested: array(3) {
  ["controller"] => string(12) "default.html"
  ["action"] => string(5) "index"
  ["module"] => string(7) "default"
}


--------------------------------------------------------------------------------
2011-01-21T03:40:11+00:00 ERR (3) 404 Seite nicht gefunden
REMOTE_ADDR: 83.169.26.5
HTTP_REFERER: 
requested: array(3) {
  ["controller"] => string(9) "index.jsp"
  ["action"] => string(5) "index"
  ["module"] => string(7) "default"
}


--------------------------------------------------------------------------------
2011-01-21T03:40:11+00:00 ERR (3) 404 Seite nicht gefunden
REMOTE_ADDR: 83.169.26.5
HTTP_REFERER: 
requested: array(3) {
  ["controller"] => string(11) "default.jsp"
  ["action"] => string(5) "index"
  ["module"] => string(7) "default"
}


--------------------------------------------------------------------------------
2011-01-21T03:40:12+00:00 ERR (3) 404 Seite nicht gefunden
REMOTE_ADDR: 83.169.26.5
HTTP_REFERER: 
requested: array(3) {
  ["controller"] => string(33) "rankflex_content_duplication_test"
  ["action"] => string(5) "index"
  ["module"] => string(7) "default"
}


--------------------------------------------------------------------------------
2011-01-21T03:40:13+00:00 ERR (3) 404 Seite nicht gefunden
REMOTE_ADDR: 83.169.26.5
HTTP_REFERER: 
requested: array(3) {
  ["controller"] => string(3) "w3c"
  ["action"] => string(7) "p3p.xml"
  ["module"] => string(7) "default"
}


--------------------------------------------------------------------------------
2011-01-21T05:14:41+00:00 ERR (3) 404 Seite nicht gefunden
REMOTE_ADDR: 213.5.64.15
HTTP_REFERER: http://graphicore.de/forum/index.php
requested: array(3) {
  ["controller"] => string(5) "forum"
  ["action"] => string(9) "index.php"
  ["module"] => string(7) "default"
}


--------------------------------------------------------------------------------
2011-01-21T12:34:09+00:00 ERR (3) 404 Seite nicht gefunden
REMOTE_ADDR: 91.201.66.44
HTTP_REFERER: 
requested: array(3) {
  ["controller"] => string(10) "javascript"
  ["action"] => string(1) "'"
  ["module"] => string(7) "default"
}


--------------------------------------------------------------------------------
2011-01-21T16:15:15+00:00 ERR (3) 404 "topic" was not found.
REMOTE_ADDR: 94.142.133.27
HTTP_REFERER: http://graphicore.de/de/index/topic/intern/news/
requested: array(6) {
  ["lang"] => string(2) "de"
  ["action"] => string(5) "index"
  ["key"] => string(5) "topic"
  ["intern"] => string(4) "news"
  ["module"] => string(7) "default"
  ["controller"] => string(5) "index"
}


--------------------------------------------------------------------------------
2011-01-21T19:49:13+00:00 ERR (3) 404 "topic" was not found.
REMOTE_ADDR: 213.141.145.72
HTTP_REFERER: http://graphicore.de/de/index/topic/intern/news/
requested: array(6) {
  ["lang"] => string(2) "de"
  ["action"] => string(5) "index"
  ["key"] => string(5) "topic"
  ["intern"] => string(4) "news"
  ["module"] => string(7) "default"
  ["controller"] => string(5) "index"
}


--------------------------------------------------------------------------------
2011-01-21T19:51:44+00:00 ERR (3) 404 "topic" was not found.
REMOTE_ADDR: 95.168.191.253
HTTP_REFERER: http://graphicore.de/en/index/topic/intern/projekte/
requested: array(6) {
  ["lang"] => string(2) "en"
  ["action"] => string(5) "index"
  ["key"] => string(5) "topic"
  ["intern"] => string(8) "projekte"
  ["module"] => string(7) "default"
  ["controller"] => string(5) "index"
}


--------------------------------------------------------------------------------
