2016-08-04T06:11:12+00:00 ERR (3) 404 Seite nicht gefunden
REMOTE_ADDR: 66.249.66.186
HTTP_REFERER: 
requested: array(3) {
  ["controller"] => string(11) ".well-known"
  ["action"] => string(15) "assetlinks.json"
  ["module"] => string(7) "default"
}


--------------------------------------------------------------------------------
2016-08-04T08:33:47+00:00 ERR (3) 404 Seite nicht gefunden
REMOTE_ADDR: 5.9.88.103
HTTP_REFERER: 
requested: array(3) {
  ["controller"] => string(5) "diary"
  ["action"] => string(4) "atom"
  ["module"] => string(7) "default"
}


--------------------------------------------------------------------------------
2016-08-04T10:52:42+00:00 ERR (3) 404 Seite nicht gefunden
REMOTE_ADDR: 199.101.185.138
HTTP_REFERER: 
requested: array(4) {
  ["controller"] => string(6) "https:"
  [""] => string(19) "silber-und-blei.com"
  ["action"] => string(5) "index"
  ["module"] => string(7) "default"
}


--------------------------------------------------------------------------------
2016-08-04T10:52:43+00:00 ERR (3) 404 Seite nicht gefunden
REMOTE_ADDR: 199.101.185.138
HTTP_REFERER: 
requested: array(3) {
  ["controller"] => string(2) "js"
  ["action"] => string(1) "'"
  ["module"] => string(7) "default"
}


--------------------------------------------------------------------------------
2016-08-04T12:28:02+00:00 ERR (3) 404 "hire-lasse" was not found.
REMOTE_ADDR: 144.76.15.235
HTTP_REFERER: 
requested: array(5) {
  ["lang"] => string(2) "de"
  ["action"] => string(4) "page"
  ["key"] => string(10) "hire-lasse"
  ["module"] => string(7) "default"
  ["controller"] => string(5) "index"
}


--------------------------------------------------------------------------------
2016-08-04T12:28:43+00:00 ERR (3) 404 "hire-lasse" was not found.
REMOTE_ADDR: 144.76.15.235
HTTP_REFERER: 
requested: array(5) {
  ["lang"] => string(2) "en"
  ["action"] => string(4) "page"
  ["key"] => string(10) "hire-lasse"
  ["module"] => string(7) "default"
  ["controller"] => string(5) "index"
}


--------------------------------------------------------------------------------
2016-08-04T16:46:30+00:00 ERR (3) 404 "hire-lasse" was not found.
REMOTE_ADDR: 207.46.13.7
HTTP_REFERER: 
requested: array(5) {
  ["lang"] => string(2) "de"
  ["action"] => string(4) "page"
  ["key"] => string(10) "hire-lasse"
  ["module"] => string(7) "default"
  ["controller"] => string(5) "index"
}


--------------------------------------------------------------------------------
