2017-12-15T00:20:21+00:00 ERR (3) 404 Seite nicht gefunden
REMOTE_ADDR: 175.136.154.52
HTTP_REFERER: 
requested: array(3) {
  ["controller"] => string(12) "wp-login.php"
  ["action"] => string(5) "index"
  ["module"] => string(7) "default"
}


--------------------------------------------------------------------------------
2017-12-15T00:28:47+00:00 ERR (3) 404 Seite nicht gefunden
REMOTE_ADDR: 218.146.198.71
HTTP_REFERER: 
requested: array(3) {
  ["controller"] => string(12) "wp-login.php"
  ["action"] => string(5) "index"
  ["module"] => string(7) "default"
}


--------------------------------------------------------------------------------
2017-12-15T01:05:38+00:00 ERR (3) 404 Seite nicht gefunden
REMOTE_ADDR: 177.143.76.216
HTTP_REFERER: 
requested: array(3) {
  ["controller"] => string(12) "wp-login.php"
  ["action"] => string(5) "index"
  ["module"] => string(7) "default"
}


--------------------------------------------------------------------------------
2017-12-15T01:12:25+00:00 ERR (3) 404 Seite nicht gefunden
REMOTE_ADDR: 187.11.51.112
HTTP_REFERER: 
requested: array(3) {
  ["controller"] => string(12) "wp-login.php"
  ["action"] => string(5) "index"
  ["module"] => string(7) "default"
}


--------------------------------------------------------------------------------
2017-12-15T01:52:08+00:00 ERR (3) 404 Seite nicht gefunden
REMOTE_ADDR: 153.92.132.76
HTTP_REFERER: 
requested: array(3) {
  ["controller"] => string(12) "wp-login.php"
  ["action"] => string(5) "index"
  ["module"] => string(7) "default"
}


--------------------------------------------------------------------------------
2017-12-15T03:51:25+00:00 ERR (3) 404 Seite nicht gefunden
REMOTE_ADDR: 122.2.117.2
HTTP_REFERER: 
requested: array(3) {
  ["controller"] => string(12) "wp-login.php"
  ["action"] => string(5) "index"
  ["module"] => string(7) "default"
}


--------------------------------------------------------------------------------
2017-12-15T04:16:06+00:00 ERR (3) 404 Seite nicht gefunden
REMOTE_ADDR: 180.252.253.80
HTTP_REFERER: 
requested: array(3) {
  ["controller"] => string(12) "wp-login.php"
  ["action"] => string(5) "index"
  ["module"] => string(7) "default"
}


--------------------------------------------------------------------------------
2017-12-15T04:42:17+00:00 ERR (3) 404 Seite nicht gefunden
REMOTE_ADDR: 173.224.248.163
HTTP_REFERER: 
requested: array(3) {
  ["controller"] => string(12) "wp-login.php"
  ["action"] => string(5) "index"
  ["module"] => string(7) "default"
}


--------------------------------------------------------------------------------
2017-12-15T05:02:58+00:00 ERR (3) 404 Seite nicht gefunden
REMOTE_ADDR: 148.101.45.46
HTTP_REFERER: 
requested: array(3) {
  ["controller"] => string(12) "wp-login.php"
  ["action"] => string(5) "index"
  ["module"] => string(7) "default"
}


--------------------------------------------------------------------------------
2017-12-15T06:10:56+00:00 ERR (3) 404 Seite nicht gefunden
REMOTE_ADDR: 139.193.4.91
HTTP_REFERER: 
requested: array(3) {
  ["controller"] => string(12) "wp-login.php"
  ["action"] => string(5) "index"
  ["module"] => string(7) "default"
}


--------------------------------------------------------------------------------
2017-12-15T06:16:54+00:00 ERR (3) 404 "de" was not found.
REMOTE_ADDR: 216.244.66.201
HTTP_REFERER: 
requested: array(5) {
  ["lang"] => string(2) "en"
  ["action"] => string(4) "page"
  ["key"] => string(2) "de"
  ["module"] => string(7) "default"
  ["controller"] => string(5) "index"
}


--------------------------------------------------------------------------------
2017-12-15T06:34:36+00:00 ERR (3) 404 Seite nicht gefunden
REMOTE_ADDR: 43.239.127.24
HTTP_REFERER: 
requested: array(3) {
  ["controller"] => string(12) "wp-login.php"
  ["action"] => string(5) "index"
  ["module"] => string(7) "default"
}


--------------------------------------------------------------------------------
2017-12-15T06:47:50+00:00 ERR (3) 404 Seite nicht gefunden
REMOTE_ADDR: 175.140.228.0
HTTP_REFERER: 
requested: array(3) {
  ["controller"] => string(12) "wp-login.php"
  ["action"] => string(5) "index"
  ["module"] => string(7) "default"
}


--------------------------------------------------------------------------------
2017-12-15T06:56:39+00:00 ERR (3) 404 Seite nicht gefunden
REMOTE_ADDR: 190.234.42.200
HTTP_REFERER: 
requested: array(3) {
  ["controller"] => string(12) "wp-login.php"
  ["action"] => string(5) "index"
  ["module"] => string(7) "default"
}


--------------------------------------------------------------------------------
2017-12-15T07:20:16+00:00 ERR (3) 404 Seite nicht gefunden
REMOTE_ADDR: 91.250.53.8
HTTP_REFERER: 
requested: array(3) {
  ["controller"] => string(12) "wp-login.php"
  ["action"] => string(5) "index"
  ["module"] => string(7) "default"
}


--------------------------------------------------------------------------------
2017-12-15T09:04:10+00:00 ERR (3) 404 Seite nicht gefunden
REMOTE_ADDR: 36.76.148.191
HTTP_REFERER: 
requested: array(3) {
  ["controller"] => string(12) "wp-login.php"
  ["action"] => string(5) "index"
  ["module"] => string(7) "default"
}


--------------------------------------------------------------------------------
2017-12-15T09:43:56+00:00 ERR (3) 404 Seite nicht gefunden
REMOTE_ADDR: 94.0.168.232
HTTP_REFERER: 
requested: array(3) {
  ["controller"] => string(12) "wp-login.php"
  ["action"] => string(5) "index"
  ["module"] => string(7) "default"
}


--------------------------------------------------------------------------------
2017-12-15T09:47:01+00:00 ERR (3) 404 Seite nicht gefunden
REMOTE_ADDR: 49.150.230.108
HTTP_REFERER: 
requested: array(3) {
  ["controller"] => string(12) "wp-login.php"
  ["action"] => string(5) "index"
  ["module"] => string(7) "default"
}


--------------------------------------------------------------------------------
2017-12-15T10:01:08+00:00 ERR (3) 404 Seite nicht gefunden
REMOTE_ADDR: 45.74.4.36
HTTP_REFERER: 
requested: array(4) {
  ["controller"] => string(6) "https:"
  [""] => string(19) "silber-und-blei.com"
  ["action"] => string(5) "index"
  ["module"] => string(7) "default"
}


--------------------------------------------------------------------------------
2017-12-15T10:20:57+00:00 ERR (3) 404 Seite nicht gefunden
REMOTE_ADDR: 112.198.78.115
HTTP_REFERER: 
requested: array(3) {
  ["controller"] => string(12) "wp-login.php"
  ["action"] => string(5) "index"
  ["module"] => string(7) "default"
}


--------------------------------------------------------------------------------
2017-12-15T10:55:01+00:00 ERR (3) 404 Seite nicht gefunden
REMOTE_ADDR: 47.29.65.39
HTTP_REFERER: 
requested: array(3) {
  ["controller"] => string(12) "wp-login.php"
  ["action"] => string(5) "index"
  ["module"] => string(7) "default"
}


--------------------------------------------------------------------------------
2017-12-15T11:01:27+00:00 ERR (3) 404 Page not found
REMOTE_ADDR: 216.244.65.58
HTTP_REFERER: http://graphicore.de/wp-content/plugins/custom-background/readme.txt
requested: array(4) {
  ["controller"] => string(10) "wp-content"
  ["action"] => string(7) "plugins"
  ["custom-background"] => string(10) "readme.txt"
  ["module"] => string(7) "default"
}


--------------------------------------------------------------------------------
2017-12-15T11:26:26+00:00 ERR (3) 404 Seite nicht gefunden
REMOTE_ADDR: 183.31.12.153
HTTP_REFERER: 
requested: array(3) {
  ["controller"] => string(12) "wp-login.php"
  ["action"] => string(5) "index"
  ["module"] => string(7) "default"
}


--------------------------------------------------------------------------------
2017-12-15T11:36:08+00:00 ERR (3) 404 Seite nicht gefunden
REMOTE_ADDR: 2.81.72.61
HTTP_REFERER: 
requested: array(3) {
  ["controller"] => string(12) "wp-login.php"
  ["action"] => string(5) "index"
  ["module"] => string(7) "default"
}


--------------------------------------------------------------------------------
2017-12-15T11:45:20+00:00 ERR (3) 404 Seite nicht gefunden
REMOTE_ADDR: 47.29.14.90
HTTP_REFERER: 
requested: array(3) {
  ["controller"] => string(12) "wp-login.php"
  ["action"] => string(5) "index"
  ["module"] => string(7) "default"
}


--------------------------------------------------------------------------------
2017-12-15T11:46:32+00:00 ERR (3) 404 Seite nicht gefunden
REMOTE_ADDR: 41.104.85.150
HTTP_REFERER: 
requested: array(3) {
  ["controller"] => string(12) "wp-login.php"
  ["action"] => string(5) "index"
  ["module"] => string(7) "default"
}


--------------------------------------------------------------------------------
2017-12-15T11:50:07+00:00 ERR (3) 404 Seite nicht gefunden
REMOTE_ADDR: 87.14.237.20
HTTP_REFERER: 
requested: array(3) {
  ["controller"] => string(12) "wp-login.php"
  ["action"] => string(5) "index"
  ["module"] => string(7) "default"
}


--------------------------------------------------------------------------------
2017-12-15T12:06:43+00:00 ERR (3) 404 Seite nicht gefunden
REMOTE_ADDR: 46.197.161.35
HTTP_REFERER: 
requested: array(3) {
  ["controller"] => string(12) "wp-login.php"
  ["action"] => string(5) "index"
  ["module"] => string(7) "default"
}


--------------------------------------------------------------------------------
2017-12-15T12:15:25+00:00 ERR (3) 404 Seite nicht gefunden
REMOTE_ADDR: 220.227.34.174
HTTP_REFERER: 
requested: array(3) {
  ["controller"] => string(12) "wp-login.php"
  ["action"] => string(5) "index"
  ["module"] => string(7) "default"
}


--------------------------------------------------------------------------------
2017-12-15T12:55:30+00:00 ERR (3) 404 Seite nicht gefunden
REMOTE_ADDR: 92.222.124.2
HTTP_REFERER: 
requested: array(4) {
  ["controller"] => string(6) "https:"
  [""] => string(19) "silber-und-blei.com"
  ["action"] => string(5) "index"
  ["module"] => string(7) "default"
}


--------------------------------------------------------------------------------
2017-12-15T12:56:31+00:00 ERR (3) 404 Page not found
REMOTE_ADDR: 92.222.124.2
HTTP_REFERER: 
requested: array(5) {
  ["lang"] => string(2) "en"
  ["action"] => string(6) "https:"
  ["key"] => string(0) ""
  ["module"] => string(7) "default"
  ["controller"] => string(5) "index"
}


--------------------------------------------------------------------------------
2017-12-15T12:56:43+00:00 ERR (3) 404 "hire-lasse" was not found.
REMOTE_ADDR: 92.222.124.2
HTTP_REFERER: 
requested: array(5) {
  ["lang"] => string(2) "de"
  ["action"] => string(4) "page"
  ["key"] => string(10) "hire-lasse"
  ["module"] => string(7) "default"
  ["controller"] => string(5) "index"
}


--------------------------------------------------------------------------------
2017-12-15T12:56:51+00:00 ERR (3) 404 "hire-lasse" was not found.
REMOTE_ADDR: 92.222.124.2
HTTP_REFERER: 
requested: array(5) {
  ["lang"] => string(2) "en"
  ["action"] => string(4) "page"
  ["key"] => string(10) "hire-lasse"
  ["module"] => string(7) "default"
  ["controller"] => string(5) "index"
}


--------------------------------------------------------------------------------
2017-12-15T12:56:58+00:00 ERR (3) 404 Seite nicht gefunden
REMOTE_ADDR: 92.222.124.2
HTTP_REFERER: 
requested: array(5) {
  ["controller"] => string(6) "https:"
  [""] => string(19) "silber-und-blei.com"
  ["galerie"] => string(5) "embed"
  ["action"] => string(5) "index"
  ["module"] => string(7) "default"
}


--------------------------------------------------------------------------------
2017-12-15T12:57:03+00:00 ERR (3) 404 "hire-lasse" was not found.
REMOTE_ADDR: 92.222.124.2
HTTP_REFERER: 
requested: array(5) {
  ["lang"] => string(2) "de"
  ["action"] => string(4) "page"
  ["key"] => string(10) "hire-lasse"
  ["module"] => string(7) "default"
  ["controller"] => string(5) "index"
}


--------------------------------------------------------------------------------
2017-12-15T12:57:09+00:00 ERR (3) 404 "hire-lasse" was not found.
REMOTE_ADDR: 92.222.124.2
HTTP_REFERER: 
requested: array(5) {
  ["lang"] => string(2) "en"
  ["action"] => string(4) "page"
  ["key"] => string(10) "hire-lasse"
  ["module"] => string(7) "default"
  ["controller"] => string(5) "index"
}


--------------------------------------------------------------------------------
2017-12-15T12:57:12+00:00 ERR (3) 404 Page not found
REMOTE_ADDR: 92.222.124.2
HTTP_REFERER: 
requested: array(7) {
  ["lang"] => string(2) "en"
  ["action"] => string(6) "https:"
  ["key"] => string(0) ""
  ["silber-und-blei.com"] => string(7) "galerie"
  ["embed"] => string(19) "Neueste_Bilder.html"
  ["module"] => string(7) "default"
  ["controller"] => string(5) "index"
}


--------------------------------------------------------------------------------
2017-12-15T12:57:18+00:00 ERR (3) 404 Seite nicht gefunden
REMOTE_ADDR: 92.222.124.2
HTTP_REFERER: 
requested: array(5) {
  ["controller"] => string(19) "ajax.googleapis.com"
  ["action"] => string(4) "ajax"
  ["libs"] => string(4) "dojo"
  ["1.8.3"] => string(4) "dojo"
  ["module"] => string(7) "default"
}


--------------------------------------------------------------------------------
2017-12-15T12:57:43+00:00 ERR (3) 404 "hire-lasse" was not found.
REMOTE_ADDR: 92.222.124.2
HTTP_REFERER: 
requested: array(7) {
  ["lang"] => string(2) "de"
  ["action"] => string(4) "page"
  ["key"] => string(10) "hire-lasse"
  ["https:"] => string(0) ""
  ["developers.google.com"] => string(5) "chart"
  ["module"] => string(7) "default"
  ["controller"] => string(5) "index"
}


--------------------------------------------------------------------------------
2017-12-15T12:57:45+00:00 ERR (3) 404 "hire-lasse" was not found.
REMOTE_ADDR: 92.222.124.2
HTTP_REFERER: 
requested: array(7) {
  ["lang"] => string(2) "de"
  ["action"] => string(4) "page"
  ["key"] => string(10) "hire-lasse"
  ["https:"] => string(0) ""
  ["github.com"] => string(7) "jrburke"
  ["module"] => string(7) "default"
  ["controller"] => string(5) "index"
}


--------------------------------------------------------------------------------
2017-12-15T12:57:47+00:00 ERR (3) 404 "hire-lasse" was not found.
REMOTE_ADDR: 92.222.124.2
HTTP_REFERER: 
requested: array(7) {
  ["lang"] => string(2) "de"
  ["action"] => string(4) "page"
  ["key"] => string(10) "hire-lasse"
  ["https:"] => string(0) ""
  ["silber-und-blei.com"] => string(7) "galerie"
  ["module"] => string(7) "default"
  ["controller"] => string(5) "index"
}


--------------------------------------------------------------------------------
2017-12-15T12:57:48+00:00 ERR (3) 404 "hire-lasse" was not found.
REMOTE_ADDR: 92.222.124.2
HTTP_REFERER: 
requested: array(7) {
  ["lang"] => string(2) "de"
  ["action"] => string(4) "page"
  ["key"] => string(10) "hire-lasse"
  ["https:"] => string(0) ""
  ["twitter.com"] => string(11) "inpressulum"
  ["module"] => string(7) "default"
  ["controller"] => string(5) "index"
}


--------------------------------------------------------------------------------
2017-12-15T12:57:51+00:00 ERR (3) 404 "hire-lasse" was not found.
REMOTE_ADDR: 92.222.124.2
HTTP_REFERER: 
requested: array(7) {
  ["lang"] => string(2) "en"
  ["action"] => string(4) "page"
  ["key"] => string(10) "hire-lasse"
  ["https:"] => string(0) ""
  ["developers.google.com"] => string(5) "chart"
  ["module"] => string(7) "default"
  ["controller"] => string(5) "index"
}


--------------------------------------------------------------------------------
2017-12-15T12:57:53+00:00 ERR (3) 404 "hire-lasse" was not found.
REMOTE_ADDR: 92.222.124.2
HTTP_REFERER: 
requested: array(7) {
  ["lang"] => string(2) "en"
  ["action"] => string(4) "page"
  ["key"] => string(10) "hire-lasse"
  ["https:"] => string(0) ""
  ["github.com"] => string(7) "jrburke"
  ["module"] => string(7) "default"
  ["controller"] => string(5) "index"
}


--------------------------------------------------------------------------------
2017-12-15T12:57:55+00:00 ERR (3) 404 "hire-lasse" was not found.
REMOTE_ADDR: 92.222.124.2
HTTP_REFERER: 
requested: array(7) {
  ["lang"] => string(2) "en"
  ["action"] => string(4) "page"
  ["key"] => string(10) "hire-lasse"
  ["https:"] => string(0) ""
  ["silber-und-blei.com"] => string(7) "galerie"
  ["module"] => string(7) "default"
  ["controller"] => string(5) "index"
}


--------------------------------------------------------------------------------
2017-12-15T12:57:57+00:00 ERR (3) 404 "hire-lasse" was not found.
REMOTE_ADDR: 92.222.124.2
HTTP_REFERER: 
requested: array(7) {
  ["lang"] => string(2) "en"
  ["action"] => string(4) "page"
  ["key"] => string(10) "hire-lasse"
  ["https:"] => string(0) ""
  ["twitter.com"] => string(11) "inpressulum"
  ["module"] => string(7) "default"
  ["controller"] => string(5) "index"
}


--------------------------------------------------------------------------------
2017-12-15T13:27:35+00:00 ERR (3) 404 Seite nicht gefunden
REMOTE_ADDR: 39.181.174.28
HTTP_REFERER: 
requested: array(3) {
  ["controller"] => string(12) "wp-login.php"
  ["action"] => string(5) "index"
  ["module"] => string(7) "default"
}


--------------------------------------------------------------------------------
2017-12-15T13:34:47+00:00 ERR (3) 404 Seite nicht gefunden
REMOTE_ADDR: 183.82.129.22
HTTP_REFERER: 
requested: array(3) {
  ["controller"] => string(12) "wp-login.php"
  ["action"] => string(5) "index"
  ["module"] => string(7) "default"
}


--------------------------------------------------------------------------------
2017-12-15T14:26:59+00:00 ERR (3) 404 Seite nicht gefunden
REMOTE_ADDR: 183.83.234.249
HTTP_REFERER: 
requested: array(3) {
  ["controller"] => string(12) "wp-login.php"
  ["action"] => string(5) "index"
  ["module"] => string(7) "default"
}


--------------------------------------------------------------------------------
2017-12-15T14:28:38+00:00 ERR (3) 404 Seite nicht gefunden
REMOTE_ADDR: 45.248.151.148
HTTP_REFERER: 
requested: array(3) {
  ["controller"] => string(12) "wp-login.php"
  ["action"] => string(5) "index"
  ["module"] => string(7) "default"
}


--------------------------------------------------------------------------------
2017-12-15T14:38:26+00:00 ERR (3) 404 Seite nicht gefunden
REMOTE_ADDR: 42.127.29.23
HTTP_REFERER: 
requested: array(3) {
  ["controller"] => string(12) "wp-login.php"
  ["action"] => string(5) "index"
  ["module"] => string(7) "default"
}


--------------------------------------------------------------------------------
2017-12-15T14:53:01+00:00 ERR (3) 404 Seite nicht gefunden
REMOTE_ADDR: 176.205.37.242
HTTP_REFERER: 
requested: array(3) {
  ["controller"] => string(12) "wp-login.php"
  ["action"] => string(5) "index"
  ["module"] => string(7) "default"
}


--------------------------------------------------------------------------------
2017-12-15T14:59:21+00:00 ERR (3) 404 Seite nicht gefunden
REMOTE_ADDR: 95.227.174.36
HTTP_REFERER: 
requested: array(3) {
  ["controller"] => string(12) "wp-login.php"
  ["action"] => string(5) "index"
  ["module"] => string(7) "default"
}


--------------------------------------------------------------------------------
2017-12-15T15:14:21+00:00 ERR (3) 404 Seite nicht gefunden
REMOTE_ADDR: 88.169.18.173
HTTP_REFERER: 
requested: array(3) {
  ["controller"] => string(12) "wp-login.php"
  ["action"] => string(5) "index"
  ["module"] => string(7) "default"
}


--------------------------------------------------------------------------------
2017-12-15T15:17:48+00:00 ERR (3) 404 Seite nicht gefunden
REMOTE_ADDR: 109.245.56.236
HTTP_REFERER: 
requested: array(3) {
  ["controller"] => string(12) "wp-login.php"
  ["action"] => string(5) "index"
  ["module"] => string(7) "default"
}


--------------------------------------------------------------------------------
2017-12-15T15:35:00+00:00 ERR (3) 404 Seite nicht gefunden
REMOTE_ADDR: 185.40.210.1
HTTP_REFERER: 
requested: array(3) {
  ["controller"] => string(12) "wp-login.php"
  ["action"] => string(5) "index"
  ["module"] => string(7) "default"
}


--------------------------------------------------------------------------------
2017-12-15T16:09:35+00:00 ERR (3) 404 Seite nicht gefunden
REMOTE_ADDR: 82.16.164.85
HTTP_REFERER: 
requested: array(3) {
  ["controller"] => string(12) "wp-login.php"
  ["action"] => string(5) "index"
  ["module"] => string(7) "default"
}


--------------------------------------------------------------------------------
2017-12-15T16:21:51+00:00 ERR (3) 404 Seite nicht gefunden
REMOTE_ADDR: 82.135.233.99
HTTP_REFERER: 
requested: array(3) {
  ["controller"] => string(12) "wp-login.php"
  ["action"] => string(5) "index"
  ["module"] => string(7) "default"
}


--------------------------------------------------------------------------------
2017-12-15T16:29:30+00:00 ERR (3) 404 Seite nicht gefunden
REMOTE_ADDR: 112.210.250.128
HTTP_REFERER: 
requested: array(3) {
  ["controller"] => string(12) "wp-login.php"
  ["action"] => string(5) "index"
  ["module"] => string(7) "default"
}


--------------------------------------------------------------------------------
2017-12-15T16:44:39+00:00 ERR (3) 404 Seite nicht gefunden
REMOTE_ADDR: 85.240.127.246
HTTP_REFERER: 
requested: array(3) {
  ["controller"] => string(12) "wp-login.php"
  ["action"] => string(5) "index"
  ["module"] => string(7) "default"
}


--------------------------------------------------------------------------------
2017-12-15T17:12:31+00:00 ERR (3) 404 Seite nicht gefunden
REMOTE_ADDR: 188.2.48.87
HTTP_REFERER: 
requested: array(3) {
  ["controller"] => string(12) "wp-login.php"
  ["action"] => string(5) "index"
  ["module"] => string(7) "default"
}


--------------------------------------------------------------------------------
2017-12-15T17:31:06+00:00 ERR (3) 404 Seite nicht gefunden
REMOTE_ADDR: 37.231.95.216
HTTP_REFERER: 
requested: array(3) {
  ["controller"] => string(12) "wp-login.php"
  ["action"] => string(5) "index"
  ["module"] => string(7) "default"
}


--------------------------------------------------------------------------------
2017-12-15T17:34:22+00:00 ERR (3) 404 Seite nicht gefunden
REMOTE_ADDR: 41.102.241.86
HTTP_REFERER: 
requested: array(3) {
  ["controller"] => string(12) "wp-login.php"
  ["action"] => string(5) "index"
  ["module"] => string(7) "default"
}


--------------------------------------------------------------------------------
2017-12-15T18:14:05+00:00 ERR (3) 404 Seite nicht gefunden
REMOTE_ADDR: 27.5.242.104
HTTP_REFERER: 
requested: array(3) {
  ["controller"] => string(12) "wp-login.php"
  ["action"] => string(5) "index"
  ["module"] => string(7) "default"
}


--------------------------------------------------------------------------------
2017-12-15T18:14:26+00:00 ERR (3) 404 Seite nicht gefunden
REMOTE_ADDR: 36.72.146.82
HTTP_REFERER: 
requested: array(3) {
  ["controller"] => string(12) "wp-login.php"
  ["action"] => string(5) "index"
  ["module"] => string(7) "default"
}


--------------------------------------------------------------------------------
2017-12-15T18:16:34+00:00 ERR (3) 404 Seite nicht gefunden
REMOTE_ADDR: 93.126.249.32
HTTP_REFERER: 
requested: array(3) {
  ["controller"] => string(12) "wp-login.php"
  ["action"] => string(5) "index"
  ["module"] => string(7) "default"
}


--------------------------------------------------------------------------------
2017-12-15T18:16:55+00:00 ERR (3) 404 Seite nicht gefunden
REMOTE_ADDR: 93.142.34.77
HTTP_REFERER: 
requested: array(3) {
  ["controller"] => string(12) "wp-login.php"
  ["action"] => string(5) "index"
  ["module"] => string(7) "default"
}


--------------------------------------------------------------------------------
2017-12-15T18:18:09+00:00 ERR (3) 404 Seite nicht gefunden
REMOTE_ADDR: 78.93.123.139
HTTP_REFERER: 
requested: array(3) {
  ["controller"] => string(12) "wp-login.php"
  ["action"] => string(5) "index"
  ["module"] => string(7) "default"
}


--------------------------------------------------------------------------------
2017-12-15T18:23:12+00:00 ERR (3) 404 Seite nicht gefunden
REMOTE_ADDR: 86.101.221.168
HTTP_REFERER: 
requested: array(3) {
  ["controller"] => string(12) "wp-login.php"
  ["action"] => string(5) "index"
  ["module"] => string(7) "default"
}


--------------------------------------------------------------------------------
2017-12-15T18:28:09+00:00 ERR (3) 404 Seite nicht gefunden
REMOTE_ADDR: 76.14.37.189
HTTP_REFERER: 
requested: array(3) {
  ["controller"] => string(12) "wp-login.php"
  ["action"] => string(5) "index"
  ["module"] => string(7) "default"
}


--------------------------------------------------------------------------------
2017-12-15T18:34:19+00:00 ERR (3) 404 Seite nicht gefunden
REMOTE_ADDR: 186.202.153.99
HTTP_REFERER: 
requested: array(3) {
  ["controller"] => string(8) "wp-admin"
  ["action"] => string(5) "index"
  ["module"] => string(7) "default"
}


--------------------------------------------------------------------------------
2017-12-15T18:39:33+00:00 ERR (3) 404 Seite nicht gefunden
REMOTE_ADDR: 105.110.109.44
HTTP_REFERER: 
requested: array(3) {
  ["controller"] => string(12) "wp-login.php"
  ["action"] => string(5) "index"
  ["module"] => string(7) "default"
}


--------------------------------------------------------------------------------
2017-12-15T18:43:33+00:00 ERR (3) 404 Seite nicht gefunden
REMOTE_ADDR: 162.244.33.16
HTTP_REFERER: 
requested: array(3) {
  ["controller"] => string(4) "test"
  ["action"] => string(8) "wp-admin"
  ["module"] => string(7) "default"
}


--------------------------------------------------------------------------------
2017-12-15T18:49:38+00:00 ERR (3) 404 "en" was not found.
REMOTE_ADDR: 216.244.66.241
HTTP_REFERER: 
requested: array(5) {
  ["lang"] => string(2) "en"
  ["action"] => string(4) "page"
  ["key"] => string(2) "en"
  ["module"] => string(7) "default"
  ["controller"] => string(5) "index"
}


--------------------------------------------------------------------------------
2017-12-15T18:52:45+00:00 ERR (3) 404 Seite nicht gefunden
REMOTE_ADDR: 104.219.250.152
HTTP_REFERER: 
requested: array(3) {
  ["controller"] => string(9) "wordpress"
  ["action"] => string(8) "wp-admin"
  ["module"] => string(7) "default"
}


--------------------------------------------------------------------------------
2017-12-15T19:02:57+00:00 ERR (3) 404 Seite nicht gefunden
REMOTE_ADDR: 212.97.132.130
HTTP_REFERER: 
requested: array(3) {
  ["controller"] => string(4) "blog"
  ["action"] => string(8) "wp-admin"
  ["module"] => string(7) "default"
}


--------------------------------------------------------------------------------
2017-12-15T19:11:27+00:00 ERR (3) 404 Seite nicht gefunden
REMOTE_ADDR: 79.118.179.154
HTTP_REFERER: 
requested: array(3) {
  ["controller"] => string(12) "wp-login.php"
  ["action"] => string(5) "index"
  ["module"] => string(7) "default"
}


--------------------------------------------------------------------------------
2017-12-15T19:12:22+00:00 ERR (3) 404 Seite nicht gefunden
REMOTE_ADDR: 212.227.119.157
HTTP_REFERER: 
requested: array(3) {
  ["controller"] => string(2) "wp"
  ["action"] => string(8) "wp-admin"
  ["module"] => string(7) "default"
}


--------------------------------------------------------------------------------
2017-12-15T19:17:37+00:00 ERR (3) 404 Seite nicht gefunden
REMOTE_ADDR: 186.112.192.239
HTTP_REFERER: 
requested: array(3) {
  ["controller"] => string(12) "wp-login.php"
  ["action"] => string(5) "index"
  ["module"] => string(7) "default"
}


--------------------------------------------------------------------------------
2017-12-15T19:21:53+00:00 ERR (3) 404 Seite nicht gefunden
REMOTE_ADDR: 162.144.56.112
HTTP_REFERER: 
requested: array(3) {
  ["controller"] => string(3) "old"
  ["action"] => string(8) "wp-admin"
  ["module"] => string(7) "default"
}


--------------------------------------------------------------------------------
2017-12-15T20:09:14+00:00 ERR (3) 404 Seite nicht gefunden
REMOTE_ADDR: 181.169.56.248
HTTP_REFERER: 
requested: array(3) {
  ["controller"] => string(12) "wp-login.php"
  ["action"] => string(5) "index"
  ["module"] => string(7) "default"
}


--------------------------------------------------------------------------------
2017-12-15T21:08:41+00:00 ERR (3) 404 Seite nicht gefunden
REMOTE_ADDR: 113.59.194.209
HTTP_REFERER: 
requested: array(3) {
  ["controller"] => string(12) "wp-login.php"
  ["action"] => string(5) "index"
  ["module"] => string(7) "default"
}


--------------------------------------------------------------------------------
2017-12-15T21:29:36+00:00 ERR (3) 404 Seite nicht gefunden
REMOTE_ADDR: 103.216.212.118
HTTP_REFERER: 
requested: array(3) {
  ["controller"] => string(12) "wp-login.php"
  ["action"] => string(5) "index"
  ["module"] => string(7) "default"
}


--------------------------------------------------------------------------------
2017-12-15T21:29:41+00:00 ERR (3) 404 Seite nicht gefunden
REMOTE_ADDR: 103.216.212.118
HTTP_REFERER: 
requested: array(3) {
  ["controller"] => string(12) "wp-login.php"
  ["action"] => string(5) "index"
  ["module"] => string(7) "default"
}


--------------------------------------------------------------------------------
2017-12-15T21:43:48+00:00 ERR (3) 404 Seite nicht gefunden
REMOTE_ADDR: 88.225.237.189
HTTP_REFERER: 
requested: array(3) {
  ["controller"] => string(12) "wp-login.php"
  ["action"] => string(5) "index"
  ["module"] => string(7) "default"
}


--------------------------------------------------------------------------------
2017-12-15T21:55:53+00:00 ERR (3) 404 Seite nicht gefunden
REMOTE_ADDR: 82.234.27.44
HTTP_REFERER: 
requested: array(3) {
  ["controller"] => string(12) "wp-login.php"
  ["action"] => string(5) "index"
  ["module"] => string(7) "default"
}


--------------------------------------------------------------------------------
2017-12-15T21:58:07+00:00 ERR (3) 404 Seite nicht gefunden
REMOTE_ADDR: 86.87.113.205
HTTP_REFERER: 
requested: array(3) {
  ["controller"] => string(12) "wp-login.php"
  ["action"] => string(5) "index"
  ["module"] => string(7) "default"
}


--------------------------------------------------------------------------------
2017-12-15T22:11:57+00:00 ERR (3) 404 Seite nicht gefunden
REMOTE_ADDR: 152.234.129.18
HTTP_REFERER: 
requested: array(3) {
  ["controller"] => string(12) "wp-login.php"
  ["action"] => string(5) "index"
  ["module"] => string(7) "default"
}


--------------------------------------------------------------------------------
2017-12-15T22:15:37+00:00 ERR (3) 404 Seite nicht gefunden
REMOTE_ADDR: 85.104.196.208
HTTP_REFERER: 
requested: array(3) {
  ["controller"] => string(12) "wp-login.php"
  ["action"] => string(5) "index"
  ["module"] => string(7) "default"
}


--------------------------------------------------------------------------------
2017-12-15T23:31:23+00:00 ERR (3) 404 Seite nicht gefunden
REMOTE_ADDR: 41.248.66.60
HTTP_REFERER: 
requested: array(3) {
  ["controller"] => string(12) "wp-login.php"
  ["action"] => string(5) "index"
  ["module"] => string(7) "default"
}


--------------------------------------------------------------------------------
2017-12-15T23:39:25+00:00 ERR (3) 404 Seite nicht gefunden
REMOTE_ADDR: 196.32.252.154
HTTP_REFERER: 
requested: array(3) {
  ["controller"] => string(12) "wp-login.php"
  ["action"] => string(5) "index"
  ["module"] => string(7) "default"
}


--------------------------------------------------------------------------------
