2015-07-28T00:14:07+00:00 ERR (3) 404 "hire-lasse" was not found.
REMOTE_ADDR: 146.0.32.165
HTTP_REFERER: 
requested: array(5) {
  ["lang"] => string(2) "de"
  ["action"] => string(4) "page"
  ["key"] => string(10) "hire-lasse"
  ["module"] => string(7) "default"
  ["controller"] => string(5) "index"
}


--------------------------------------------------------------------------------
2015-07-28T02:52:00+00:00 ERR (3) 404 "hire-lasse" was not found.
REMOTE_ADDR: 185.53.44.93
HTTP_REFERER: 
requested: array(5) {
  ["lang"] => string(2) "de"
  ["action"] => string(4) "page"
  ["key"] => string(10) "hire-lasse"
  ["module"] => string(7) "default"
  ["controller"] => string(5) "index"
}


--------------------------------------------------------------------------------
2015-07-28T03:00:03+00:00 ERR (3) 404 "hire-lasse" was not found.
REMOTE_ADDR: 185.53.44.200
HTTP_REFERER: 
requested: array(5) {
  ["lang"] => string(2) "en"
  ["action"] => string(4) "page"
  ["key"] => string(10) "hire-lasse"
  ["module"] => string(7) "default"
  ["controller"] => string(5) "index"
}


--------------------------------------------------------------------------------
2015-07-28T06:53:48+00:00 ERR (3) 404 Seite nicht gefunden
REMOTE_ADDR: 89.29.175.68
HTTP_REFERER: 
requested: array(4) {
  ["controller"] => string(6) "https:"
  [""] => string(19) "silber-und-blei.com"
  ["action"] => string(5) "index"
  ["module"] => string(7) "default"
}


--------------------------------------------------------------------------------
2015-07-28T06:53:49+00:00 ERR (3) 404 Seite nicht gefunden
REMOTE_ADDR: 89.29.175.68
HTTP_REFERER: 
requested: array(3) {
  ["controller"] => string(2) "js"
  ["action"] => string(1) "'"
  ["module"] => string(7) "default"
}


--------------------------------------------------------------------------------
2015-07-28T09:39:12+00:00 ERR (3) 404 "hire-lasse" was not found.
REMOTE_ADDR: 46.4.120.3
HTTP_REFERER: 
requested: array(5) {
  ["lang"] => string(2) "de"
  ["action"] => string(4) "page"
  ["key"] => string(10) "hire-lasse"
  ["module"] => string(7) "default"
  ["controller"] => string(5) "index"
}


--------------------------------------------------------------------------------
2015-07-28T09:42:54+00:00 ERR (3) 404 Seite nicht gefunden
REMOTE_ADDR: 185.92.73.99
HTTP_REFERER: http://graphicore.de/lib/spaw2/dialogs/dialog.php?module=spawfm&dialog=spawfm&theme=spaw2lite&type=imagesundefined
requested: array(7) {
  ["controller"] => string(3) "lib"
  ["action"] => string(5) "spaw2"
  ["dialogs"] => string(10) "dialog.php"
  ["module"] => string(7) "default"
  ["dialog"] => string(6) "spawfm"
  ["theme"] => string(9) "spaw2lite"
  ["type"] => string(15) "imagesundefined"
}


--------------------------------------------------------------------------------
2015-07-28T11:13:25+00:00 ERR (3) 404 Seite nicht gefunden
REMOTE_ADDR: 185.92.73.100
HTTP_REFERER: http://graphicore.de/lib/editor/dialogs/dialog.php?module=spawfm&dialog=spawfm&theme=spaw2lite&type=imagesundefined
requested: array(7) {
  ["controller"] => string(3) "lib"
  ["action"] => string(6) "editor"
  ["dialogs"] => string(10) "dialog.php"
  ["module"] => string(7) "default"
  ["dialog"] => string(6) "spawfm"
  ["theme"] => string(9) "spaw2lite"
  ["type"] => string(15) "imagesundefined"
}


--------------------------------------------------------------------------------
2015-07-28T17:13:11+00:00 ERR (3) 404 Seite nicht gefunden
REMOTE_ADDR: 91.61.103.195
HTTP_REFERER: 
requested: array(3) {
  ["controller"] => string(32) "apple-touch-icon-precomposed.png"
  ["action"] => string(5) "index"
  ["module"] => string(7) "default"
}


--------------------------------------------------------------------------------
2015-07-28T17:13:11+00:00 ERR (3) 404 Seite nicht gefunden
REMOTE_ADDR: 91.61.103.195
HTTP_REFERER: 
requested: array(3) {
  ["controller"] => string(20) "apple-touch-icon.png"
  ["action"] => string(5) "index"
  ["module"] => string(7) "default"
}


--------------------------------------------------------------------------------
2015-07-28T20:11:39+00:00 ERR (3) 404 Seite nicht gefunden
REMOTE_ADDR: 58.59.235.134
HTTP_REFERER: 
requested: array(3) {
  ["controller"] => string(6) "office"
  ["action"] => string(10) "readme.txt"
  ["module"] => string(7) "default"
}


--------------------------------------------------------------------------------
2015-07-28T20:11:40+00:00 ERR (3) 404 Seite nicht gefunden
REMOTE_ADDR: 58.59.235.134
HTTP_REFERER: 
requested: array(3) {
  ["controller"] => string(4) "feng"
  ["action"] => string(10) "readme.txt"
  ["module"] => string(7) "default"
}


--------------------------------------------------------------------------------
2015-07-28T20:11:40+00:00 ERR (3) 404 Seite nicht gefunden
REMOTE_ADDR: 58.59.235.134
HTTP_REFERER: 
requested: array(3) {
  ["controller"] => string(10) "fengoffice"
  ["action"] => string(10) "readme.txt"
  ["module"] => string(7) "default"
}


--------------------------------------------------------------------------------
2015-07-28T20:11:40+00:00 ERR (3) 404 Seite nicht gefunden
REMOTE_ADDR: 58.59.235.134
HTTP_REFERER: 
requested: array(3) {
  ["controller"] => string(10) "readme.txt"
  ["action"] => string(5) "index"
  ["module"] => string(7) "default"
}


--------------------------------------------------------------------------------
2015-07-28T21:59:58+00:00 ERR (3) 404 Seite nicht gefunden
REMOTE_ADDR: 193.201.224.176
HTTP_REFERER: 
requested: array(3) {
  ["controller"] => string(6) "editor"
  ["action"] => string(6) "editor"
  ["module"] => string(7) "default"
}


--------------------------------------------------------------------------------
2015-07-28T21:59:58+00:00 ERR (3) 404 Seite nicht gefunden
REMOTE_ADDR: 193.201.224.176
HTTP_REFERER: 
requested: array(3) {
  ["controller"] => string(6) "common"
  ["action"] => string(9) "fckeditor"
  ["module"] => string(7) "default"
}


--------------------------------------------------------------------------------
2015-07-28T21:59:59+00:00 ERR (3) 404 Seite nicht gefunden
REMOTE_ADDR: 193.201.224.176
HTTP_REFERER: 
requested: array(3) {
  ["controller"] => string(7) "scripts"
  ["action"] => string(9) "fckeditor"
  ["module"] => string(7) "default"
}


--------------------------------------------------------------------------------
2015-07-28T21:59:59+00:00 ERR (3) 404 Seite nicht gefunden
REMOTE_ADDR: 193.201.224.176
HTTP_REFERER: 
requested: array(3) {
  ["controller"] => string(7) "include"
  ["action"] => string(9) "fckeditor"
  ["module"] => string(7) "default"
}


--------------------------------------------------------------------------------
2015-07-28T21:59:59+00:00 ERR (3) 404 Seite nicht gefunden
REMOTE_ADDR: 193.201.224.176
HTTP_REFERER: 
requested: array(3) {
  ["controller"] => string(8) "includes"
  ["action"] => string(9) "fckeditor"
  ["module"] => string(7) "default"
}


--------------------------------------------------------------------------------
2015-07-28T21:59:59+00:00 ERR (3) 404 Seite nicht gefunden
REMOTE_ADDR: 193.201.224.176
HTTP_REFERER: 
requested: array(3) {
  ["controller"] => string(6) "system"
  ["action"] => string(9) "fckeditor"
  ["module"] => string(7) "default"
}


--------------------------------------------------------------------------------
2015-07-28T21:59:59+00:00 ERR (3) 404 Seite nicht gefunden
REMOTE_ADDR: 193.201.224.176
HTTP_REFERER: 
requested: array(3) {
  ["controller"] => string(3) "inc"
  ["action"] => string(9) "fckeditor"
  ["module"] => string(7) "default"
}


--------------------------------------------------------------------------------
2015-07-28T21:59:59+00:00 ERR (3) 404 Seite nicht gefunden
REMOTE_ADDR: 193.201.224.176
HTTP_REFERER: 
requested: array(3) {
  ["controller"] => string(9) "fckeditor"
  ["action"] => string(6) "editor"
  ["module"] => string(7) "default"
}


--------------------------------------------------------------------------------
2015-07-28T21:59:59+00:00 ERR (3) 404 Seite nicht gefunden
REMOTE_ADDR: 193.201.224.176
HTTP_REFERER: 
requested: array(3) {
  ["controller"] => string(6) "editor"
  ["action"] => string(9) "fckeditor"
  ["module"] => string(7) "default"
}


--------------------------------------------------------------------------------
2015-07-28T21:59:59+00:00 ERR (3) 404 Seite nicht gefunden
REMOTE_ADDR: 193.201.224.176
HTTP_REFERER: 
requested: array(3) {
  ["controller"] => string(8) "ckeditor"
  ["action"] => string(6) "editor"
  ["module"] => string(7) "default"
}


--------------------------------------------------------------------------------
2015-07-28T21:59:59+00:00 ERR (3) 404 Seite nicht gefunden
REMOTE_ADDR: 193.201.224.176
HTTP_REFERER: 
requested: array(3) {
  ["controller"] => string(9) "editorold"
  ["action"] => string(6) "editor"
  ["module"] => string(7) "default"
}


--------------------------------------------------------------------------------
2015-07-28T21:59:59+00:00 ERR (3) 404 Seite nicht gefunden
REMOTE_ADDR: 193.201.224.176
HTTP_REFERER: 
requested: array(3) {
  ["controller"] => string(3) "fck"
  ["action"] => string(6) "editor"
  ["module"] => string(7) "default"
}


--------------------------------------------------------------------------------
2015-07-28T21:59:59+00:00 ERR (3) 404 Seite nicht gefunden
REMOTE_ADDR: 193.201.224.176
HTTP_REFERER: 
requested: array(3) {
  ["controller"] => string(9) "Fckeditor"
  ["action"] => string(6) "editor"
  ["module"] => string(7) "default"
}


--------------------------------------------------------------------------------
2015-07-28T21:59:59+00:00 ERR (3) 404 Seite nicht gefunden
REMOTE_ADDR: 193.201.224.176
HTTP_REFERER: 
requested: array(3) {
  ["controller"] => string(12) "Fckeditorold"
  ["action"] => string(6) "editor"
  ["module"] => string(7) "default"
}


--------------------------------------------------------------------------------
2015-07-28T21:59:59+00:00 ERR (3) 404 Seite nicht gefunden
REMOTE_ADDR: 193.201.224.176
HTTP_REFERER: 
requested: array(3) {
  ["controller"] => string(7) "editor1"
  ["action"] => string(6) "editor"
  ["module"] => string(7) "default"
}


--------------------------------------------------------------------------------
2015-07-28T21:59:59+00:00 ERR (3) 404 Seite nicht gefunden
REMOTE_ADDR: 193.201.224.176
HTTP_REFERER: 
requested: array(3) {
  ["controller"] => string(12) "Fckeditornew"
  ["action"] => string(6) "editor"
  ["module"] => string(7) "default"
}


--------------------------------------------------------------------------------
2015-07-28T22:00:00+00:00 ERR (3) 404 Seite nicht gefunden
REMOTE_ADDR: 193.201.224.176
HTTP_REFERER: 
requested: array(3) {
  ["controller"] => string(2) "js"
  ["action"] => string(9) "fckeditor"
  ["module"] => string(7) "default"
}


--------------------------------------------------------------------------------
2015-07-28T22:00:03+00:00 ERR (3) 404 Seite nicht gefunden
REMOTE_ADDR: 193.201.224.176
HTTP_REFERER: 
requested: array(3) {
  ["controller"] => string(8) "sysadmin"
  ["action"] => string(9) "fckeditor"
  ["module"] => string(7) "default"
}


--------------------------------------------------------------------------------
2015-07-28T22:00:05+00:00 ERR (3) 404 Seite nicht gefunden
REMOTE_ADDR: 193.201.224.176
HTTP_REFERER: 
requested: array(3) {
  ["controller"] => string(6) "system"
  ["action"] => string(9) "fckeditor"
  ["module"] => string(7) "default"
}


--------------------------------------------------------------------------------
2015-07-28T22:00:07+00:00 ERR (3) 404 Seite nicht gefunden
REMOTE_ADDR: 193.201.224.176
HTTP_REFERER: 
requested: array(3) {
  ["controller"] => string(5) "admin"
  ["action"] => string(9) "fckeditor"
  ["module"] => string(7) "default"
}


--------------------------------------------------------------------------------
2015-07-28T22:00:07+00:00 ERR (3) 404 Seite nicht gefunden
REMOTE_ADDR: 193.201.224.176
HTTP_REFERER: 
requested: array(3) {
  ["controller"] => string(6) "manage"
  ["action"] => string(9) "fckeditor"
  ["module"] => string(7) "default"
}


--------------------------------------------------------------------------------
