2010-10-03T08:10:25+00:00 ERR (3) 404 "topic" was not found.
REMOTE_ADDR: 212.95.32.251
HTTP_REFERER: http://graphicore.de/de/index/topic/intern/news/%2B%28200%2Bok%29%2BACCEPTED
requested: array(6) {
  ["lang"] => string(2) "de"
  ["action"] => string(5) "index"
  ["key"] => string(5) "topic"
  ["intern"] => string(4) "news"
  ["module"] => string(7) "default"
  ["controller"] => string(5) "index"
}


--------------------------------------------------------------------------------
2010-10-03T09:33:59+00:00 ERR (3) 404 Seite nicht gefunden
REMOTE_ADDR: 66.249.66.99
HTTP_REFERER: 
requested: array(4) {
  ["controller"] => string(6) "images"
  ["action"] => string(7) "managed"
  ["en"] => string(11) "diaryTeaser"
  ["module"] => string(7) "default"
}


--------------------------------------------------------------------------------
2010-10-03T21:55:14+00:00 ERR (3) 404 "story" was not found.
REMOTE_ADDR: 66.249.66.99
HTTP_REFERER: 
requested: array(6) {
  ["lang"] => string(2) "en"
  ["action"] => string(5) "index"
  ["key"] => string(5) "story"
  ["intern"] => string(6) "abraum"
  ["module"] => string(7) "default"
  ["controller"] => string(5) "index"
}


--------------------------------------------------------------------------------
