2013-09-27T03:51:08+00:00 ERR (3) 404 "hire-lasse" was not found.
REMOTE_ADDR: 180.76.6.16
HTTP_REFERER: 
requested: array(5) {
  ["lang"] => string(2) "en"
  ["action"] => string(4) "page"
  ["key"] => string(10) "hire-lasse"
  ["module"] => string(7) "default"
  ["controller"] => string(5) "index"
}


--------------------------------------------------------------------------------
2013-09-27T03:52:57+00:00 ERR (3) 404 "hire-lasse" was not found.
REMOTE_ADDR: 178.63.49.74
HTTP_REFERER: http://graphicore.de/en/archive/2013-06-10_refactoring-the-Superlative-Conspiracy
requested: array(5) {
  ["lang"] => string(2) "en"
  ["action"] => string(4) "page"
  ["key"] => string(10) "hire-lasse"
  ["module"] => string(7) "default"
  ["controller"] => string(5) "index"
}


--------------------------------------------------------------------------------
2013-09-27T03:52:58+00:00 ERR (3) 404 "hire-lasse" was not found.
REMOTE_ADDR: 178.63.49.74
HTTP_REFERER: http://graphicore.de/en/archive/2010-10-06_underground_exhibition
requested: array(5) {
  ["lang"] => string(2) "de"
  ["action"] => string(4) "page"
  ["key"] => string(10) "hire-lasse"
  ["module"] => string(7) "default"
  ["controller"] => string(5) "index"
}


--------------------------------------------------------------------------------
2013-09-27T06:45:24+00:00 ERR (3) 404 Seite nicht gefunden
REMOTE_ADDR: 198.27.82.157
HTTP_REFERER: 
requested: array(3) {
  ["controller"] => string(20) "apple-touch-icon.png"
  ["action"] => string(5) "index"
  ["module"] => string(7) "default"
}


--------------------------------------------------------------------------------
2013-09-27T08:46:11+00:00 ERR (3) 404 Seite nicht gefunden
REMOTE_ADDR: 91.235.15.254
HTTP_REFERER: http://graphicore.de/forum/
requested: array(3) {
  ["controller"] => string(5) "forum"
  ["action"] => string(5) "index"
  ["module"] => string(7) "default"
}


--------------------------------------------------------------------------------
2013-09-27T10:47:51+00:00 ERR (3) 404 Seite nicht gefunden
REMOTE_ADDR: 66.249.78.207
HTTP_REFERER: 
requested: array(8) {
  ["controller"] => string(5) "forum"
  ["action"] => string(13) "viewtopic.php"
  ["module"] => string(7) "default"
  ["t"] => string(2) "13"
  ["start"] => string(1) "0"
  ["postdays"] => string(1) "0"
  ["postorder"] => string(3) "asc"
  ["highlight"] => string(0) ""
}


--------------------------------------------------------------------------------
2013-09-27T14:40:56+00:00 ERR (3) 404 Seite nicht gefunden
REMOTE_ADDR: 193.58.255.18
HTTP_REFERER: http://graphicore.de/forum/
requested: array(3) {
  ["controller"] => string(5) "forum"
  ["action"] => string(5) "index"
  ["module"] => string(7) "default"
}


--------------------------------------------------------------------------------
2013-09-27T22:24:35+00:00 ERR (3) 404 "hire-lasse" was not found.
REMOTE_ADDR: 202.46.54.170
HTTP_REFERER: 
requested: array(5) {
  ["lang"] => string(2) "en"
  ["action"] => string(4) "page"
  ["key"] => string(10) "hire-lasse"
  ["module"] => string(7) "default"
  ["controller"] => string(5) "index"
}


--------------------------------------------------------------------------------
