2014-01-15T03:04:56+00:00 ERR (3) 404 The filter "de" was not found.
REMOTE_ADDR: 208.115.111.73
HTTP_REFERER: 
requested: array(5) {
  ["lang"] => string(2) "de"
  ["action"] => string(5) "diary"
  ["key"] => string(2) "de"
  ["module"] => string(7) "default"
  ["controller"] => string(5) "index"
}


--------------------------------------------------------------------------------
2014-01-15T07:00:29+00:00 ERR (3) 404 The filter "en" was not found.
REMOTE_ADDR: 208.115.111.73
HTTP_REFERER: 
requested: array(5) {
  ["lang"] => string(2) "de"
  ["action"] => string(5) "diary"
  ["key"] => string(2) "en"
  ["module"] => string(7) "default"
  ["controller"] => string(5) "index"
}


--------------------------------------------------------------------------------
2014-01-15T07:00:34+00:00 ERR (3) 404 Page not found
REMOTE_ADDR: 208.115.111.73
HTTP_REFERER: 
requested: array(5) {
  ["lang"] => string(2) "en"
  ["action"] => string(2) "en"
  ["module"] => string(7) "default"
  ["controller"] => string(5) "index"
  ["key"] => string(0) ""
}


--------------------------------------------------------------------------------
2014-01-15T11:08:03+00:00 ERR (3) 404 "en" was not found.
REMOTE_ADDR: 208.115.111.73
HTTP_REFERER: 
requested: array(5) {
  ["lang"] => string(2) "de"
  ["action"] => string(4) "page"
  ["key"] => string(2) "en"
  ["module"] => string(7) "default"
  ["controller"] => string(5) "index"
}


--------------------------------------------------------------------------------
2014-01-15T14:54:12+00:00 ERR (3) 404 Page not found
REMOTE_ADDR: 86.188.222.224
HTTP_REFERER: 
requested: array(3) {
  ["controller"] => string(10) "humans.txt"
  ["action"] => string(5) "index"
  ["module"] => string(7) "default"
}


--------------------------------------------------------------------------------
2014-01-15T14:54:12+00:00 ERR (3) 404 Page not found
REMOTE_ADDR: 86.188.222.224
HTTP_REFERER: 
requested: array(3) {
  ["controller"] => string(10) "humans.txt"
  ["action"] => string(5) "index"
  ["module"] => string(7) "default"
}


--------------------------------------------------------------------------------
2014-01-15T14:54:22+00:00 ERR (3) 404 Page not found
REMOTE_ADDR: 86.188.222.224
HTTP_REFERER: 
requested: array(3) {
  ["controller"] => string(10) "humans.txt"
  ["action"] => string(5) "index"
  ["module"] => string(7) "default"
}


--------------------------------------------------------------------------------
2014-01-15T14:54:41+00:00 ERR (3) 404 Page not found
REMOTE_ADDR: 86.188.222.224
HTTP_REFERER: 
requested: array(3) {
  ["controller"] => string(10) "humans.txt"
  ["action"] => string(5) "index"
  ["module"] => string(7) "default"
}


--------------------------------------------------------------------------------
2014-01-15T14:54:52+00:00 ERR (3) 404 Page not found
REMOTE_ADDR: 86.188.222.224
HTTP_REFERER: 
requested: array(3) {
  ["controller"] => string(10) "humans.txt"
  ["action"] => string(5) "index"
  ["module"] => string(7) "default"
}


--------------------------------------------------------------------------------
2014-01-15T14:54:57+00:00 ERR (3) 404 Page not found
REMOTE_ADDR: 86.188.222.224
HTTP_REFERER: 
requested: array(3) {
  ["controller"] => string(10) "humans.txt"
  ["action"] => string(5) "index"
  ["module"] => string(7) "default"
}


--------------------------------------------------------------------------------
2014-01-15T14:54:57+00:00 ERR (3) 404 Page not found
REMOTE_ADDR: 86.188.222.224
HTTP_REFERER: 
requested: array(3) {
  ["controller"] => string(10) "humans.txt"
  ["action"] => string(5) "index"
  ["module"] => string(7) "default"
}


--------------------------------------------------------------------------------
