2015-11-21T01:10:52+00:00 ERR (3) 404 "hire-lasse" was not found.
REMOTE_ADDR: 207.46.13.68
HTTP_REFERER: 
requested: array(5) {
  ["lang"] => string(2) "de"
  ["action"] => string(4) "page"
  ["key"] => string(10) "hire-lasse"
  ["module"] => string(7) "default"
  ["controller"] => string(5) "index"
}


--------------------------------------------------------------------------------
2015-11-21T09:13:54+00:00 ERR (3) 404 "hire-lasse" was not found.
REMOTE_ADDR: 157.55.39.58
HTTP_REFERER: 
requested: array(5) {
  ["lang"] => string(2) "de"
  ["action"] => string(4) "page"
  ["key"] => string(10) "hire-lasse"
  ["module"] => string(7) "default"
  ["controller"] => string(5) "index"
}


--------------------------------------------------------------------------------
2015-11-21T13:22:24+00:00 ERR (3) 404 Seite nicht gefunden
REMOTE_ADDR: 91.61.120.74
HTTP_REFERER: 
requested: array(3) {
  ["controller"] => string(32) "apple-touch-icon-precomposed.png"
  ["action"] => string(5) "index"
  ["module"] => string(7) "default"
}


--------------------------------------------------------------------------------
2015-11-21T13:22:24+00:00 ERR (3) 404 Seite nicht gefunden
REMOTE_ADDR: 91.61.120.74
HTTP_REFERER: 
requested: array(3) {
  ["controller"] => string(20) "apple-touch-icon.png"
  ["action"] => string(5) "index"
  ["module"] => string(7) "default"
}


--------------------------------------------------------------------------------
2015-11-21T18:26:23+00:00 ERR (3) 404 "hire-lasse" was not found.
REMOTE_ADDR: 157.55.39.58
HTTP_REFERER: 
requested: array(5) {
  ["lang"] => string(2) "de"
  ["action"] => string(4) "page"
  ["key"] => string(10) "hire-lasse"
  ["module"] => string(7) "default"
  ["controller"] => string(5) "index"
}


--------------------------------------------------------------------------------
2015-11-21T23:13:08+00:00 ERR (3) 404 "hire-lasse" was not found.
REMOTE_ADDR: 188.165.15.222
HTTP_REFERER: 
requested: array(5) {
  ["lang"] => string(2) "de"
  ["action"] => string(4) "page"
  ["key"] => string(10) "hire-lasse"
  ["module"] => string(7) "default"
  ["controller"] => string(5) "index"
}


--------------------------------------------------------------------------------
