2013-07-19T01:03:49+00:00 ERR (3) 404 "en" was not found.
REMOTE_ADDR: 208.115.113.89
HTTP_REFERER: 
requested: array(5) {
  ["lang"] => string(2) "en"
  ["action"] => string(7) "archive"
  ["key"] => string(2) "en"
  ["module"] => string(7) "default"
  ["controller"] => string(5) "index"
}


--------------------------------------------------------------------------------
2013-07-19T01:27:56+00:00 ERR (3) 404 Seite nicht gefunden
REMOTE_ADDR: 69.162.119.3
HTTP_REFERER: http://graphicore.de/join.php
requested: array(3) {
  ["controller"] => string(8) "join.php"
  ["action"] => string(5) "index"
  ["module"] => string(7) "default"
}


--------------------------------------------------------------------------------
2013-07-19T01:27:57+00:00 ERR (3) 404 Seite nicht gefunden
REMOTE_ADDR: 69.162.119.3
HTTP_REFERER: 
requested: array(3) {
  ["controller"] => string(6) "signup"
  ["action"] => string(5) "index"
  ["module"] => string(7) "default"
}


--------------------------------------------------------------------------------
2013-07-19T01:27:58+00:00 ERR (3) 404 Seite nicht gefunden
REMOTE_ADDR: 69.162.119.3
HTTP_REFERER: http://graphicore.de/
requested: array(3) {
  ["controller"] => string(6) "signup"
  ["action"] => string(5) "index"
  ["module"] => string(7) "default"
}


--------------------------------------------------------------------------------
2013-07-19T01:27:59+00:00 ERR (3) 404 Seite nicht gefunden
REMOTE_ADDR: 69.162.119.3
HTTP_REFERER: http://graphicore.de/
requested: array(3) {
  ["controller"] => string(4) "user"
  ["action"] => string(8) "register"
  ["module"] => string(7) "default"
}


--------------------------------------------------------------------------------
2013-07-19T01:28:00+00:00 ERR (3) 404 Seite nicht gefunden
REMOTE_ADDR: 69.162.119.3
HTTP_REFERER: http://graphicore.de/
requested: array(3) {
  ["controller"] => string(12) "sign_up.html"
  ["action"] => string(5) "index"
  ["module"] => string(7) "default"
}


--------------------------------------------------------------------------------
2013-07-19T01:28:01+00:00 ERR (3) 404 Seite nicht gefunden
REMOTE_ADDR: 69.162.119.3
HTTP_REFERER: 
requested: array(3) {
  ["controller"] => string(9) "login.php"
  ["action"] => string(5) "index"
  ["module"] => string(7) "default"
}


--------------------------------------------------------------------------------
2013-07-19T01:28:02+00:00 ERR (3) 404 Seite nicht gefunden
REMOTE_ADDR: 69.162.119.3
HTTP_REFERER: http://graphicore.de/
requested: array(4) {
  ["controller"] => string(10) "member.php"
  ["action"] => string(5) "index"
  ["module"] => string(7) "default"
  ["mod"] => string(7) "logging"
}


--------------------------------------------------------------------------------
2013-07-19T01:28:03+00:00 ERR (3) 404 Seite nicht gefunden
REMOTE_ADDR: 69.162.119.3
HTTP_REFERER: http://graphicore.de/
requested: array(4) {
  ["controller"] => string(10) "member.php"
  ["action"] => string(5) "index"
  ["module"] => string(7) "default"
  ["mod"] => string(8) "register"
}


--------------------------------------------------------------------------------
2013-07-19T01:28:04+00:00 ERR (3) 404 Seite nicht gefunden
REMOTE_ADDR: 69.162.119.3
HTTP_REFERER: http://graphicore.de/
requested: array(4) {
  ["controller"] => string(11) "modules.php"
  ["action"] => string(5) "index"
  ["module"] => string(7) "default"
  ["app"] => string(8) "user_reg"
}


--------------------------------------------------------------------------------
2013-07-19T01:28:05+00:00 ERR (3) 404 Seite nicht gefunden
REMOTE_ADDR: 69.162.119.3
HTTP_REFERER: http://graphicore.de/
requested: array(3) {
  ["controller"] => string(6) "signup"
  ["action"] => string(5) "index"
  ["module"] => string(7) "default"
}


--------------------------------------------------------------------------------
2013-07-19T01:28:05+00:00 ERR (3) 404 Seite nicht gefunden
REMOTE_ADDR: 69.162.119.3
HTTP_REFERER: http://graphicore.de/
requested: array(3) {
  ["controller"] => string(5) "tools"
  ["action"] => string(14) "quicklogin.one"
  ["module"] => string(7) "default"
}


--------------------------------------------------------------------------------
2013-07-19T01:28:06+00:00 ERR (3) 404 Seite nicht gefunden
REMOTE_ADDR: 69.162.119.3
HTTP_REFERER: 
requested: array(3) {
  ["controller"] => string(6) "member"
  ["action"] => string(7) "reg.php"
  ["module"] => string(7) "default"
}


--------------------------------------------------------------------------------
2013-07-19T01:28:06+00:00 ERR (3) 404 Seite nicht gefunden
REMOTE_ADDR: 69.162.119.3
HTTP_REFERER: 
requested: array(3) {
  ["controller"] => string(7) "reg.asp"
  ["action"] => string(5) "index"
  ["module"] => string(7) "default"
}


--------------------------------------------------------------------------------
2013-07-19T01:28:06+00:00 ERR (3) 404 Seite nicht gefunden
REMOTE_ADDR: 69.162.119.3
HTTP_REFERER: 
requested: array(3) {
  ["controller"] => string(7) "reg.asp"
  ["action"] => string(5) "index"
  ["module"] => string(7) "default"
}


--------------------------------------------------------------------------------
2013-07-19T01:28:07+00:00 ERR (3) 404 Seite nicht gefunden
REMOTE_ADDR: 69.162.119.3
HTTP_REFERER: http://graphicore.de/
requested: array(3) {
  ["controller"] => string(11) "logging.php"
  ["action"] => string(5) "index"
  ["module"] => string(7) "default"
}


--------------------------------------------------------------------------------
2013-07-19T01:28:08+00:00 ERR (3) 404 Seite nicht gefunden
REMOTE_ADDR: 69.162.119.3
HTTP_REFERER: http://graphicore.de/
requested: array(3) {
  ["controller"] => string(12) "register.php"
  ["action"] => string(5) "index"
  ["module"] => string(7) "default"
}


--------------------------------------------------------------------------------
2013-07-19T01:28:08+00:00 ERR (3) 404 Seite nicht gefunden
REMOTE_ADDR: 69.162.119.3
HTTP_REFERER: 
requested: array(3) {
  ["controller"] => string(9) "login.php"
  ["action"] => string(5) "index"
  ["module"] => string(7) "default"
}


--------------------------------------------------------------------------------
2013-07-19T01:28:09+00:00 ERR (3) 404 Seite nicht gefunden
REMOTE_ADDR: 69.162.119.3
HTTP_REFERER: 
requested: array(3) {
  ["controller"] => string(9) "login.php"
  ["action"] => string(5) "index"
  ["module"] => string(7) "default"
}


--------------------------------------------------------------------------------
2013-07-19T01:28:09+00:00 ERR (3) 404 Seite nicht gefunden
REMOTE_ADDR: 69.162.119.3
HTTP_REFERER: 
requested: array(3) {
  ["controller"] => string(7) "reg.asp"
  ["action"] => string(5) "index"
  ["module"] => string(7) "default"
}


--------------------------------------------------------------------------------
2013-07-19T01:28:10+00:00 ERR (3) 404 Seite nicht gefunden
REMOTE_ADDR: 69.162.119.3
HTTP_REFERER: 
requested: array(3) {
  ["controller"] => string(13) "bokeindex.asp"
  ["action"] => string(5) "index"
  ["module"] => string(7) "default"
}


--------------------------------------------------------------------------------
2013-07-19T01:28:11+00:00 ERR (3) 404 Seite nicht gefunden
REMOTE_ADDR: 69.162.119.3
HTTP_REFERER: 
requested: array(3) {
  ["controller"] => string(10) "signup.php"
  ["action"] => string(5) "index"
  ["module"] => string(7) "default"
}


--------------------------------------------------------------------------------
2013-07-19T01:28:12+00:00 ERR (3) 404 Seite nicht gefunden
REMOTE_ADDR: 69.162.119.3
HTTP_REFERER: 
requested: array(3) {
  ["controller"] => string(10) "signup.php"
  ["action"] => string(5) "index"
  ["module"] => string(7) "default"
}


--------------------------------------------------------------------------------
2013-07-19T01:28:15+00:00 ERR (3) 404 Seite nicht gefunden
REMOTE_ADDR: 69.162.119.3
HTTP_REFERER: http://graphicore.de/
requested: array(3) {
  ["controller"] => string(6) "forums"
  ["action"] => string(9) "index.php"
  ["module"] => string(7) "default"
}


--------------------------------------------------------------------------------
2013-07-19T01:28:17+00:00 ERR (3) 404 Seite nicht gefunden
REMOTE_ADDR: 69.162.119.3
HTTP_REFERER: http://graphicore.de/registration_rules.asp?FID=0
requested: array(4) {
  ["controller"] => string(22) "registration_rules.asp"
  ["action"] => string(5) "index"
  ["module"] => string(7) "default"
  ["FID"] => string(1) "0"
}


--------------------------------------------------------------------------------
2013-07-19T01:28:17+00:00 ERR (3) 404 Seite nicht gefunden
REMOTE_ADDR: 69.162.119.3
HTTP_REFERER: http://graphicore.de/register.php
requested: array(3) {
  ["controller"] => string(12) "register.php"
  ["action"] => string(5) "index"
  ["module"] => string(7) "default"
}


--------------------------------------------------------------------------------
2013-07-19T01:28:18+00:00 ERR (3) 404 Seite nicht gefunden
REMOTE_ADDR: 69.162.119.3
HTTP_REFERER: http://graphicore.de/
requested: array(3) {
  ["controller"] => string(12) "register.php"
  ["action"] => string(5) "index"
  ["module"] => string(7) "default"
}


--------------------------------------------------------------------------------
2013-07-19T01:28:18+00:00 ERR (3) 404 Seite nicht gefunden
REMOTE_ADDR: 69.162.119.3
HTTP_REFERER: http://graphicore.de/profile.php?mode=register
requested: array(6) {
  ["controller"] => string(11) "profile.php"
  ["action"] => string(5) "index"
  ["module"] => string(7) "default"
  ["mode"] => string(8) "register"
  ["agreed"] => string(4) "true"
  ["coppa"] => string(1) "0"
}


--------------------------------------------------------------------------------
2013-07-19T01:28:19+00:00 ERR (3) 404 Seite nicht gefunden
REMOTE_ADDR: 69.162.119.3
HTTP_REFERER: http://graphicore.de/
requested: array(4) {
  ["controller"] => string(7) "ucp.php"
  ["action"] => string(5) "index"
  ["module"] => string(7) "default"
  ["mode"] => string(8) "register"
}


--------------------------------------------------------------------------------
2013-07-19T01:28:20+00:00 ERR (3) 404 Seite nicht gefunden
REMOTE_ADDR: 69.162.119.3
HTTP_REFERER: http://graphicore.de/
requested: array(3) {
  ["controller"] => string(12) "register.php"
  ["action"] => string(5) "index"
  ["module"] => string(7) "default"
}


--------------------------------------------------------------------------------
2013-07-19T01:28:21+00:00 ERR (3) 404 Seite nicht gefunden
REMOTE_ADDR: 69.162.119.3
HTTP_REFERER: http://graphicore.de/
requested: array(5) {
  ["controller"] => string(6) "member"
  ["action"] => string(12) "index_do.php"
  ["module"] => string(7) "default"
  ["fmdo"] => string(4) "user"
  ["dopost"] => string(6) "regnew"
}


--------------------------------------------------------------------------------
2013-07-19T01:28:21+00:00 ERR (3) 404 Seite nicht gefunden
REMOTE_ADDR: 69.162.119.3
HTTP_REFERER: http://graphicore.de/
requested: array(3) {
  ["controller"] => string(10) "signup.php"
  ["action"] => string(5) "index"
  ["module"] => string(7) "default"
}


--------------------------------------------------------------------------------
2013-07-19T01:28:23+00:00 ERR (3) 404 Seite nicht gefunden
REMOTE_ADDR: 69.162.119.3
HTTP_REFERER: http://graphicore.de/
requested: array(3) {
  ["controller"] => string(7) "account"
  ["action"] => string(12) "register.php"
  ["module"] => string(7) "default"
}


--------------------------------------------------------------------------------
2013-07-19T01:28:25+00:00 ERR (3) 404 Seite nicht gefunden
REMOTE_ADDR: 69.162.119.3
HTTP_REFERER: http://graphicore.de/
requested: array(3) {
  ["controller"] => string(13) "register.aspx"
  ["action"] => string(5) "index"
  ["module"] => string(7) "default"
}


--------------------------------------------------------------------------------
2013-07-19T01:28:25+00:00 ERR (3) 404 Seite nicht gefunden
REMOTE_ADDR: 69.162.119.3
HTTP_REFERER: http://graphicore.de/
requested: array(3) {
  ["controller"] => string(8) "join.php"
  ["action"] => string(5) "index"
  ["module"] => string(7) "default"
}


--------------------------------------------------------------------------------
2013-07-19T01:28:26+00:00 ERR (3) 404 Seite nicht gefunden
REMOTE_ADDR: 69.162.119.3
HTTP_REFERER: http://graphicore.de/
requested: array(3) {
  ["controller"] => string(13) "join_form.php"
  ["action"] => string(5) "index"
  ["module"] => string(7) "default"
}


--------------------------------------------------------------------------------
2013-07-19T01:28:27+00:00 ERR (3) 404 Seite nicht gefunden
REMOTE_ADDR: 69.162.119.3
HTTP_REFERER: http://graphicore.de/
requested: array(3) {
  ["controller"] => string(6) "signup"
  ["action"] => string(5) "index"
  ["module"] => string(7) "default"
}


--------------------------------------------------------------------------------
2013-07-19T01:28:29+00:00 ERR (3) 404 Seite nicht gefunden
REMOTE_ADDR: 69.162.119.3
HTTP_REFERER: http://graphicore.de/
requested: array(3) {
  ["controller"] => string(14) "CreateUser.asp"
  ["action"] => string(5) "index"
  ["module"] => string(7) "default"
}


--------------------------------------------------------------------------------
2013-07-19T01:28:30+00:00 ERR (3) 404 Seite nicht gefunden
REMOTE_ADDR: 69.162.119.3
HTTP_REFERER: http://graphicore.de/
requested: array(3) {
  ["controller"] => string(6) "signup"
  ["action"] => string(5) "index"
  ["module"] => string(7) "default"
}


--------------------------------------------------------------------------------
2013-07-19T01:28:31+00:00 ERR (3) 404 Seite nicht gefunden
REMOTE_ADDR: 69.162.119.3
HTTP_REFERER: 
requested: array(3) {
  ["controller"] => string(8) "join.php"
  ["action"] => string(5) "index"
  ["module"] => string(7) "default"
}


--------------------------------------------------------------------------------
2013-07-19T01:28:32+00:00 ERR (3) 404 Seite nicht gefunden
REMOTE_ADDR: 69.162.119.3
HTTP_REFERER: 
requested: array(3) {
  ["controller"] => string(8) "YaBB.cgi"
  ["action"] => string(5) "index"
  ["module"] => string(7) "default"
}


--------------------------------------------------------------------------------
2013-07-19T01:28:32+00:00 ERR (3) 404 Seite nicht gefunden
REMOTE_ADDR: 69.162.119.3
HTTP_REFERER: 
requested: array(3) {
  ["controller"] => string(7) "YaBB.pl"
  ["action"] => string(5) "index"
  ["module"] => string(7) "default"
}


--------------------------------------------------------------------------------
2013-07-19T01:28:32+00:00 ERR (3) 404 Seite nicht gefunden
REMOTE_ADDR: 69.162.119.3
HTTP_REFERER: http://graphicore.de/
requested: array(3) {
  ["controller"] => string(6) "member"
  ["action"] => string(8) "register"
  ["module"] => string(7) "default"
}


--------------------------------------------------------------------------------
2013-07-19T01:28:33+00:00 ERR (3) 404 Seite nicht gefunden
REMOTE_ADDR: 69.162.119.3
HTTP_REFERER: http://graphicore.de/index.php/forums/member/register
requested: array(3) {
  ["controller"] => string(6) "forums"
  ["action"] => string(6) "member"
  ["module"] => string(7) "default"
}


--------------------------------------------------------------------------------
2013-07-19T01:28:34+00:00 ERR (3) 404 Seite nicht gefunden
REMOTE_ADDR: 69.162.119.3
HTTP_REFERER: http://graphicore.de/
requested: array(3) {
  ["controller"] => string(5) "forum"
  ["action"] => string(6) "member"
  ["module"] => string(7) "default"
}


--------------------------------------------------------------------------------
2013-07-19T01:28:34+00:00 ERR (3) 404 Seite nicht gefunden
REMOTE_ADDR: 69.162.119.3
HTTP_REFERER: http://graphicore.de/
requested: array(3) {
  ["controller"] => string(8) "register"
  ["action"] => string(5) "index"
  ["module"] => string(7) "default"
}


--------------------------------------------------------------------------------
2013-07-19T01:28:34+00:00 ERR (3) 404 Seite nicht gefunden
REMOTE_ADDR: 69.162.119.3
HTTP_REFERER: http://graphicore.de/
requested: array(3) {
  ["controller"] => string(10) "signup.php"
  ["action"] => string(5) "index"
  ["module"] => string(7) "default"
}


--------------------------------------------------------------------------------
2013-07-19T01:28:35+00:00 ERR (3) 404 Seite nicht gefunden
REMOTE_ADDR: 69.162.119.3
HTTP_REFERER: http://graphicore.de/
requested: array(3) {
  ["controller"] => string(10) "signup.php"
  ["action"] => string(5) "index"
  ["module"] => string(7) "default"
}


--------------------------------------------------------------------------------
2013-07-19T01:28:35+00:00 ERR (3) 404 Seite nicht gefunden
REMOTE_ADDR: 69.162.119.3
HTTP_REFERER: http://graphicore.de/
requested: array(3) {
  ["controller"] => string(4) "site"
  ["action"] => string(10) "signup.php"
  ["module"] => string(7) "default"
}


--------------------------------------------------------------------------------
2013-07-19T01:28:36+00:00 ERR (3) 404 Seite nicht gefunden
REMOTE_ADDR: 69.162.119.3
HTTP_REFERER: http://graphicore.de/
requested: array(3) {
  ["controller"] => string(8) "join.php"
  ["action"] => string(5) "index"
  ["module"] => string(7) "default"
}


--------------------------------------------------------------------------------
2013-07-19T01:28:36+00:00 ERR (3) 404 Seite nicht gefunden
REMOTE_ADDR: 69.162.119.3
HTTP_REFERER: http://graphicore.de/
requested: array(3) {
  ["controller"] => string(5) "blogs"
  ["action"] => string(4) "load"
  ["module"] => string(7) "default"
}


--------------------------------------------------------------------------------
2013-07-19T01:28:37+00:00 ERR (3) 404 Seite nicht gefunden
REMOTE_ADDR: 69.162.119.3
HTTP_REFERER: http://graphicore.de/
requested: array(3) {
  ["controller"] => string(4) "User"
  ["action"] => string(13) "Register.aspx"
  ["module"] => string(7) "default"
}


--------------------------------------------------------------------------------
2013-07-19T01:28:38+00:00 ERR (3) 404 Seite nicht gefunden
REMOTE_ADDR: 69.162.119.3
HTTP_REFERER: http://graphicore.de/
requested: array(3) {
  ["controller"] => string(6) "member"
  ["action"] => string(8) "join.php"
  ["module"] => string(7) "default"
}


--------------------------------------------------------------------------------
2013-07-19T02:51:53+00:00 ERR (3) 404 Seite nicht gefunden
REMOTE_ADDR: 208.115.111.73
HTTP_REFERER: 
requested: array(5) {
  ["lang"] => string(2) "de"
  ["action"] => string(2) "en"
  ["module"] => string(7) "default"
  ["controller"] => string(5) "index"
  ["key"] => string(0) ""
}


--------------------------------------------------------------------------------
2013-07-19T16:44:29+00:00 ERR (3) 404 "hire-lasse" was not found.
REMOTE_ADDR: 5.10.83.80
HTTP_REFERER: 
requested: array(5) {
  ["lang"] => string(2) "de"
  ["action"] => string(4) "page"
  ["key"] => string(10) "hire-lasse"
  ["module"] => string(7) "default"
  ["controller"] => string(5) "index"
}


--------------------------------------------------------------------------------
2013-07-19T21:31:03+00:00 ERR (3) 404 Seite nicht gefunden
REMOTE_ADDR: 192.74.232.129
HTTP_REFERER: 
requested: array(3) {
  ["controller"] => string(5) "forum"
  ["action"] => string(9) "index.php"
  ["module"] => string(7) "default"
}


--------------------------------------------------------------------------------
2013-07-19T23:47:35+00:00 ERR (3) 404 "hire-lasse" was not found.
REMOTE_ADDR: 46.165.230.206
HTTP_REFERER: 
requested: array(5) {
  ["lang"] => string(2) "de"
  ["action"] => string(4) "page"
  ["key"] => string(10) "hire-lasse"
  ["module"] => string(7) "default"
  ["controller"] => string(5) "index"
}


--------------------------------------------------------------------------------
