2020-09-13T04:20:00+00:00 ERR (3) 404 "anne" was not found.
REMOTE_ADDR: 144.76.162.206
HTTP_REFERER: 
requested: array(5) {
  ["lang"] => string(2) "de"
  ["action"] => string(4) "page"
  ["key"] => string(4) "anne"
  ["module"] => string(7) "default"
  ["controller"] => string(5) "index"
}


--------------------------------------------------------------------------------
2020-09-13T04:20:16+00:00 ERR (3) 404 "anne" was not found.
REMOTE_ADDR: 78.46.90.120
HTTP_REFERER: 
requested: array(5) {
  ["lang"] => string(2) "de"
  ["action"] => string(4) "page"
  ["key"] => string(4) "anne"
  ["module"] => string(7) "default"
  ["controller"] => string(5) "index"
}


--------------------------------------------------------------------------------
2020-09-13T04:23:14+00:00 ERR (3) 404 Page not found
REMOTE_ADDR: 52.188.116.125
HTTP_REFERER: www.google.com
requested: array(5) {
  ["controller"] => string(10) "wp-content"
  ["action"] => string(7) "plugins"
  ["ioptimization"] => string(13) "IOptimize.php"
  ["module"] => string(7) "default"
  ["rchk"] => string(0) ""
}


--------------------------------------------------------------------------------
2020-09-13T08:02:09+00:00 ERR (3) 404 "hire-lasse" was not found.
REMOTE_ADDR: 94.130.64.96
HTTP_REFERER: 
requested: array(5) {
  ["lang"] => string(2) "de"
  ["action"] => string(4) "page"
  ["key"] => string(10) "hire-lasse"
  ["module"] => string(7) "default"
  ["controller"] => string(5) "index"
}


--------------------------------------------------------------------------------
2020-09-13T08:03:50+00:00 ERR (3) 404 "competences" was not found.
REMOTE_ADDR: 94.130.64.96
HTTP_REFERER: 
requested: array(5) {
  ["lang"] => string(2) "en"
  ["action"] => string(4) "page"
  ["key"] => string(11) "competences"
  ["module"] => string(7) "default"
  ["controller"] => string(5) "index"
}


--------------------------------------------------------------------------------
2020-09-13T11:44:19+00:00 ERR (3) 404 "" was not found.
REMOTE_ADDR: 216.18.204.211
HTTP_REFERER: http://graphicore.de/
requested: array(5) {
  ["lang"] => string(2) "de"
  ["action"] => string(7) "archive"
  ["module"] => string(7) "default"
  ["controller"] => string(5) "index"
  ["key"] => string(0) ""
}


--------------------------------------------------------------------------------
2020-09-13T11:45:13+00:00 ERR (3) 404 "competences" was not found.
REMOTE_ADDR: 216.18.204.211
HTTP_REFERER: http://graphicore.de/
requested: array(5) {
  ["lang"] => string(2) "de"
  ["action"] => string(4) "page"
  ["key"] => string(11) "competences"
  ["module"] => string(7) "default"
  ["controller"] => string(5) "index"
}


--------------------------------------------------------------------------------
2020-09-13T14:41:55+00:00 ERR (3) 404 "" was not found.
REMOTE_ADDR: 216.18.204.201
HTTP_REFERER: http://graphicore.de/
requested: array(5) {
  ["lang"] => string(2) "en"
  ["action"] => string(7) "archive"
  ["module"] => string(7) "default"
  ["controller"] => string(5) "index"
  ["key"] => string(0) ""
}


--------------------------------------------------------------------------------
2020-09-13T14:42:15+00:00 ERR (3) 404 "hire-lasse" was not found.
REMOTE_ADDR: 216.18.204.201
HTTP_REFERER: http://graphicore.de/
requested: array(5) {
  ["lang"] => string(2) "de"
  ["action"] => string(4) "page"
  ["key"] => string(10) "hire-lasse"
  ["module"] => string(7) "default"
  ["controller"] => string(5) "index"
}


--------------------------------------------------------------------------------
2020-09-13T14:42:20+00:00 ERR (3) 404 "competences" was not found.
REMOTE_ADDR: 216.18.204.201
HTTP_REFERER: http://graphicore.de/
requested: array(5) {
  ["lang"] => string(2) "en"
  ["action"] => string(4) "page"
  ["key"] => string(11) "competences"
  ["module"] => string(7) "default"
  ["controller"] => string(5) "index"
}


--------------------------------------------------------------------------------
2020-09-13T14:56:39+00:00 ERR (3) 404 "hire-lasse" was not found.
REMOTE_ADDR: 216.18.204.201
HTTP_REFERER: http://graphicore.de/
requested: array(5) {
  ["lang"] => string(2) "en"
  ["action"] => string(4) "page"
  ["key"] => string(10) "hire-lasse"
  ["module"] => string(7) "default"
  ["controller"] => string(5) "index"
}


--------------------------------------------------------------------------------
2020-09-13T14:59:17+00:00 ERR (3) 404 "" was not found.
REMOTE_ADDR: 216.18.204.201
HTTP_REFERER: http://graphicore.de/
requested: array(5) {
  ["lang"] => string(2) "de"
  ["action"] => string(7) "archive"
  ["module"] => string(7) "default"
  ["controller"] => string(5) "index"
  ["key"] => string(0) ""
}


--------------------------------------------------------------------------------
2020-09-13T14:59:50+00:00 ERR (3) 404 "competences" was not found.
REMOTE_ADDR: 216.18.204.201
HTTP_REFERER: http://graphicore.de/
requested: array(5) {
  ["lang"] => string(2) "de"
  ["action"] => string(4) "page"
  ["key"] => string(11) "competences"
  ["module"] => string(7) "default"
  ["controller"] => string(5) "index"
}


--------------------------------------------------------------------------------
2020-09-13T15:02:55+00:00 ERR (3) 404 "" was not found.
REMOTE_ADDR: 216.18.204.201
HTTP_REFERER: http://graphicore.de/
requested: array(5) {
  ["lang"] => string(2) "en"
  ["action"] => string(7) "archive"
  ["module"] => string(7) "default"
  ["controller"] => string(5) "index"
  ["key"] => string(0) ""
}


--------------------------------------------------------------------------------
2020-09-13T15:03:16+00:00 ERR (3) 404 "hire-lasse" was not found.
REMOTE_ADDR: 216.18.204.201
HTTP_REFERER: http://graphicore.de/
requested: array(5) {
  ["lang"] => string(2) "de"
  ["action"] => string(4) "page"
  ["key"] => string(10) "hire-lasse"
  ["module"] => string(7) "default"
  ["controller"] => string(5) "index"
}


--------------------------------------------------------------------------------
2020-09-13T15:03:23+00:00 ERR (3) 404 "competences" was not found.
REMOTE_ADDR: 216.18.204.201
HTTP_REFERER: http://graphicore.de/
requested: array(5) {
  ["lang"] => string(2) "en"
  ["action"] => string(4) "page"
  ["key"] => string(11) "competences"
  ["module"] => string(7) "default"
  ["controller"] => string(5) "index"
}


--------------------------------------------------------------------------------
2020-09-13T15:35:49+00:00 ERR (3) 404 "hire-lasse" was not found.
REMOTE_ADDR: 216.18.204.201
HTTP_REFERER: http://graphicore.de/
requested: array(5) {
  ["lang"] => string(2) "en"
  ["action"] => string(4) "page"
  ["key"] => string(10) "hire-lasse"
  ["module"] => string(7) "default"
  ["controller"] => string(5) "index"
}


--------------------------------------------------------------------------------
2020-09-13T16:11:23+00:00 ERR (3) 404 "" was not found.
REMOTE_ADDR: 216.18.204.201
HTTP_REFERER: http://graphicore.de/
requested: array(5) {
  ["lang"] => string(2) "de"
  ["action"] => string(7) "archive"
  ["module"] => string(7) "default"
  ["controller"] => string(5) "index"
  ["key"] => string(0) ""
}


--------------------------------------------------------------------------------
2020-09-13T16:11:55+00:00 ERR (3) 404 "competences" was not found.
REMOTE_ADDR: 216.18.204.201
HTTP_REFERER: http://graphicore.de/
requested: array(5) {
  ["lang"] => string(2) "de"
  ["action"] => string(4) "page"
  ["key"] => string(11) "competences"
  ["module"] => string(7) "default"
  ["controller"] => string(5) "index"
}


--------------------------------------------------------------------------------
2020-09-13T16:16:51+00:00 ERR (3) 404 "" was not found.
REMOTE_ADDR: 216.18.204.201
HTTP_REFERER: http://graphicore.de/
requested: array(5) {
  ["lang"] => string(2) "en"
  ["action"] => string(7) "archive"
  ["module"] => string(7) "default"
  ["controller"] => string(5) "index"
  ["key"] => string(0) ""
}


--------------------------------------------------------------------------------
2020-09-13T16:17:12+00:00 ERR (3) 404 "hire-lasse" was not found.
REMOTE_ADDR: 216.18.204.201
HTTP_REFERER: http://graphicore.de/
requested: array(5) {
  ["lang"] => string(2) "de"
  ["action"] => string(4) "page"
  ["key"] => string(10) "hire-lasse"
  ["module"] => string(7) "default"
  ["controller"] => string(5) "index"
}


--------------------------------------------------------------------------------
2020-09-13T16:17:21+00:00 ERR (3) 404 "competences" was not found.
REMOTE_ADDR: 216.18.204.201
HTTP_REFERER: http://graphicore.de/
requested: array(5) {
  ["lang"] => string(2) "en"
  ["action"] => string(4) "page"
  ["key"] => string(11) "competences"
  ["module"] => string(7) "default"
  ["controller"] => string(5) "index"
}


--------------------------------------------------------------------------------
2020-09-13T16:20:02+00:00 ERR (3) 404 "hire-lasse" was not found.
REMOTE_ADDR: 216.18.204.201
HTTP_REFERER: http://graphicore.de/
requested: array(5) {
  ["lang"] => string(2) "en"
  ["action"] => string(4) "page"
  ["key"] => string(10) "hire-lasse"
  ["module"] => string(7) "default"
  ["controller"] => string(5) "index"
}


--------------------------------------------------------------------------------
2020-09-13T17:43:31+00:00 ERR (3) 404 "" was not found.
REMOTE_ADDR: 216.18.204.201
HTTP_REFERER: http://graphicore.de/
requested: array(5) {
  ["lang"] => string(2) "de"
  ["action"] => string(7) "archive"
  ["module"] => string(7) "default"
  ["controller"] => string(5) "index"
  ["key"] => string(0) ""
}


--------------------------------------------------------------------------------
2020-09-13T17:43:59+00:00 ERR (3) 404 "competences" was not found.
REMOTE_ADDR: 216.18.204.201
HTTP_REFERER: http://graphicore.de/
requested: array(5) {
  ["lang"] => string(2) "de"
  ["action"] => string(4) "page"
  ["key"] => string(11) "competences"
  ["module"] => string(7) "default"
  ["controller"] => string(5) "index"
}


--------------------------------------------------------------------------------
2020-09-13T17:47:14+00:00 ERR (3) 404 "" was not found.
REMOTE_ADDR: 216.18.204.201
HTTP_REFERER: http://graphicore.de/
requested: array(5) {
  ["lang"] => string(2) "en"
  ["action"] => string(7) "archive"
  ["module"] => string(7) "default"
  ["controller"] => string(5) "index"
  ["key"] => string(0) ""
}


--------------------------------------------------------------------------------
2020-09-13T17:47:38+00:00 ERR (3) 404 "hire-lasse" was not found.
REMOTE_ADDR: 216.18.204.201
HTTP_REFERER: http://graphicore.de/
requested: array(5) {
  ["lang"] => string(2) "de"
  ["action"] => string(4) "page"
  ["key"] => string(10) "hire-lasse"
  ["module"] => string(7) "default"
  ["controller"] => string(5) "index"
}


--------------------------------------------------------------------------------
2020-09-13T17:47:44+00:00 ERR (3) 404 "competences" was not found.
REMOTE_ADDR: 216.18.204.201
HTTP_REFERER: http://graphicore.de/
requested: array(5) {
  ["lang"] => string(2) "en"
  ["action"] => string(4) "page"
  ["key"] => string(11) "competences"
  ["module"] => string(7) "default"
  ["controller"] => string(5) "index"
}


--------------------------------------------------------------------------------
2020-09-13T17:49:48+00:00 ERR (3) 404 "hire-lasse" was not found.
REMOTE_ADDR: 216.18.204.201
HTTP_REFERER: http://graphicore.de/
requested: array(5) {
  ["lang"] => string(2) "en"
  ["action"] => string(4) "page"
  ["key"] => string(10) "hire-lasse"
  ["module"] => string(7) "default"
  ["controller"] => string(5) "index"
}


--------------------------------------------------------------------------------
2020-09-13T17:54:03+00:00 ERR (3) 404 "competences" was not found.
REMOTE_ADDR: 114.119.150.1
HTTP_REFERER: 
requested: array(5) {
  ["lang"] => string(2) "de"
  ["action"] => string(4) "page"
  ["key"] => string(11) "competences"
  ["module"] => string(7) "default"
  ["controller"] => string(5) "index"
}


--------------------------------------------------------------------------------
2020-09-13T18:15:17+00:00 ERR (3) 404 "" was not found.
REMOTE_ADDR: 216.18.204.201
HTTP_REFERER: http://graphicore.de/
requested: array(5) {
  ["lang"] => string(2) "de"
  ["action"] => string(7) "archive"
  ["module"] => string(7) "default"
  ["controller"] => string(5) "index"
  ["key"] => string(0) ""
}


--------------------------------------------------------------------------------
2020-09-13T18:15:44+00:00 ERR (3) 404 "competences" was not found.
REMOTE_ADDR: 216.18.204.201
HTTP_REFERER: http://graphicore.de/
requested: array(5) {
  ["lang"] => string(2) "de"
  ["action"] => string(4) "page"
  ["key"] => string(11) "competences"
  ["module"] => string(7) "default"
  ["controller"] => string(5) "index"
}


--------------------------------------------------------------------------------
2020-09-13T18:18:39+00:00 ERR (3) 404 "" was not found.
REMOTE_ADDR: 216.18.204.201
HTTP_REFERER: http://graphicore.de/
requested: array(5) {
  ["lang"] => string(2) "en"
  ["action"] => string(7) "archive"
  ["module"] => string(7) "default"
  ["controller"] => string(5) "index"
  ["key"] => string(0) ""
}


--------------------------------------------------------------------------------
2020-09-13T18:18:55+00:00 ERR (3) 404 "hire-lasse" was not found.
REMOTE_ADDR: 216.18.204.201
HTTP_REFERER: http://graphicore.de/
requested: array(5) {
  ["lang"] => string(2) "de"
  ["action"] => string(4) "page"
  ["key"] => string(10) "hire-lasse"
  ["module"] => string(7) "default"
  ["controller"] => string(5) "index"
}


--------------------------------------------------------------------------------
2020-09-13T18:19:01+00:00 ERR (3) 404 "competences" was not found.
REMOTE_ADDR: 216.18.204.201
HTTP_REFERER: http://graphicore.de/
requested: array(5) {
  ["lang"] => string(2) "en"
  ["action"] => string(4) "page"
  ["key"] => string(11) "competences"
  ["module"] => string(7) "default"
  ["controller"] => string(5) "index"
}


--------------------------------------------------------------------------------
2020-09-13T18:20:44+00:00 ERR (3) 404 "hire-lasse" was not found.
REMOTE_ADDR: 216.18.204.201
HTTP_REFERER: http://graphicore.de/
requested: array(5) {
  ["lang"] => string(2) "en"
  ["action"] => string(4) "page"
  ["key"] => string(10) "hire-lasse"
  ["module"] => string(7) "default"
  ["controller"] => string(5) "index"
}


--------------------------------------------------------------------------------
2020-09-13T21:14:42+00:00 ERR (3) 404 "" was not found.
REMOTE_ADDR: 216.18.204.201
HTTP_REFERER: http://graphicore.de/
requested: array(5) {
  ["lang"] => string(2) "de"
  ["action"] => string(7) "archive"
  ["module"] => string(7) "default"
  ["controller"] => string(5) "index"
  ["key"] => string(0) ""
}


--------------------------------------------------------------------------------
2020-09-13T21:15:11+00:00 ERR (3) 404 "competences" was not found.
REMOTE_ADDR: 216.18.204.201
HTTP_REFERER: http://graphicore.de/
requested: array(5) {
  ["lang"] => string(2) "de"
  ["action"] => string(4) "page"
  ["key"] => string(11) "competences"
  ["module"] => string(7) "default"
  ["controller"] => string(5) "index"
}


--------------------------------------------------------------------------------
2020-09-13T21:17:54+00:00 ERR (3) 404 "" was not found.
REMOTE_ADDR: 216.18.204.201
HTTP_REFERER: http://graphicore.de/
requested: array(5) {
  ["lang"] => string(2) "en"
  ["action"] => string(7) "archive"
  ["module"] => string(7) "default"
  ["controller"] => string(5) "index"
  ["key"] => string(0) ""
}


--------------------------------------------------------------------------------
2020-09-13T21:18:10+00:00 ERR (3) 404 "hire-lasse" was not found.
REMOTE_ADDR: 216.18.204.201
HTTP_REFERER: http://graphicore.de/
requested: array(5) {
  ["lang"] => string(2) "de"
  ["action"] => string(4) "page"
  ["key"] => string(10) "hire-lasse"
  ["module"] => string(7) "default"
  ["controller"] => string(5) "index"
}


--------------------------------------------------------------------------------
2020-09-13T21:18:16+00:00 ERR (3) 404 "competences" was not found.
REMOTE_ADDR: 216.18.204.201
HTTP_REFERER: http://graphicore.de/
requested: array(5) {
  ["lang"] => string(2) "en"
  ["action"] => string(4) "page"
  ["key"] => string(11) "competences"
  ["module"] => string(7) "default"
  ["controller"] => string(5) "index"
}


--------------------------------------------------------------------------------
2020-09-13T21:33:14+00:00 ERR (3) 404 "hire-lasse" was not found.
REMOTE_ADDR: 216.18.204.201
HTTP_REFERER: http://graphicore.de/
requested: array(5) {
  ["lang"] => string(2) "en"
  ["action"] => string(4) "page"
  ["key"] => string(10) "hire-lasse"
  ["module"] => string(7) "default"
  ["controller"] => string(5) "index"
}


--------------------------------------------------------------------------------
2020-09-13T21:35:13+00:00 ERR (3) 404 "" was not found.
REMOTE_ADDR: 216.18.204.201
HTTP_REFERER: http://graphicore.de/
requested: array(5) {
  ["lang"] => string(2) "de"
  ["action"] => string(7) "archive"
  ["module"] => string(7) "default"
  ["controller"] => string(5) "index"
  ["key"] => string(0) ""
}


--------------------------------------------------------------------------------
2020-09-13T21:35:41+00:00 ERR (3) 404 "competences" was not found.
REMOTE_ADDR: 216.18.204.201
HTTP_REFERER: http://graphicore.de/
requested: array(5) {
  ["lang"] => string(2) "de"
  ["action"] => string(4) "page"
  ["key"] => string(11) "competences"
  ["module"] => string(7) "default"
  ["controller"] => string(5) "index"
}


--------------------------------------------------------------------------------
2020-09-13T21:38:18+00:00 ERR (3) 404 "" was not found.
REMOTE_ADDR: 216.18.204.201
HTTP_REFERER: http://graphicore.de/
requested: array(5) {
  ["lang"] => string(2) "en"
  ["action"] => string(7) "archive"
  ["module"] => string(7) "default"
  ["controller"] => string(5) "index"
  ["key"] => string(0) ""
}


--------------------------------------------------------------------------------
2020-09-13T21:50:25+00:00 ERR (3) 404 "hire-lasse" was not found.
REMOTE_ADDR: 216.18.204.201
HTTP_REFERER: http://graphicore.de/
requested: array(5) {
  ["lang"] => string(2) "de"
  ["action"] => string(4) "page"
  ["key"] => string(10) "hire-lasse"
  ["module"] => string(7) "default"
  ["controller"] => string(5) "index"
}


--------------------------------------------------------------------------------
2020-09-13T21:50:32+00:00 ERR (3) 404 "competences" was not found.
REMOTE_ADDR: 216.18.204.201
HTTP_REFERER: http://graphicore.de/
requested: array(5) {
  ["lang"] => string(2) "en"
  ["action"] => string(4) "page"
  ["key"] => string(11) "competences"
  ["module"] => string(7) "default"
  ["controller"] => string(5) "index"
}


--------------------------------------------------------------------------------
2020-09-13T21:52:30+00:00 ERR (3) 404 "hire-lasse" was not found.
REMOTE_ADDR: 216.18.204.201
HTTP_REFERER: http://graphicore.de/
requested: array(5) {
  ["lang"] => string(2) "en"
  ["action"] => string(4) "page"
  ["key"] => string(10) "hire-lasse"
  ["module"] => string(7) "default"
  ["controller"] => string(5) "index"
}


--------------------------------------------------------------------------------
2020-09-13T21:54:34+00:00 ERR (3) 404 "" was not found.
REMOTE_ADDR: 216.18.204.201
HTTP_REFERER: http://graphicore.de/
requested: array(5) {
  ["lang"] => string(2) "de"
  ["action"] => string(7) "archive"
  ["module"] => string(7) "default"
  ["controller"] => string(5) "index"
  ["key"] => string(0) ""
}


--------------------------------------------------------------------------------
2020-09-13T21:55:03+00:00 ERR (3) 404 "competences" was not found.
REMOTE_ADDR: 216.18.204.201
HTTP_REFERER: http://graphicore.de/
requested: array(5) {
  ["lang"] => string(2) "de"
  ["action"] => string(4) "page"
  ["key"] => string(11) "competences"
  ["module"] => string(7) "default"
  ["controller"] => string(5) "index"
}


--------------------------------------------------------------------------------
2020-09-13T21:57:49+00:00 ERR (3) 404 "" was not found.
REMOTE_ADDR: 216.18.204.201
HTTP_REFERER: http://graphicore.de/
requested: array(5) {
  ["lang"] => string(2) "en"
  ["action"] => string(7) "archive"
  ["module"] => string(7) "default"
  ["controller"] => string(5) "index"
  ["key"] => string(0) ""
}


--------------------------------------------------------------------------------
2020-09-13T22:40:20+00:00 ERR (3) 404 "hire-lasse" was not found.
REMOTE_ADDR: 216.18.204.201
HTTP_REFERER: http://graphicore.de/
requested: array(5) {
  ["lang"] => string(2) "de"
  ["action"] => string(4) "page"
  ["key"] => string(10) "hire-lasse"
  ["module"] => string(7) "default"
  ["controller"] => string(5) "index"
}


--------------------------------------------------------------------------------
2020-09-13T22:40:25+00:00 ERR (3) 404 "competences" was not found.
REMOTE_ADDR: 216.18.204.201
HTTP_REFERER: http://graphicore.de/
requested: array(5) {
  ["lang"] => string(2) "en"
  ["action"] => string(4) "page"
  ["key"] => string(11) "competences"
  ["module"] => string(7) "default"
  ["controller"] => string(5) "index"
}


--------------------------------------------------------------------------------
2020-09-13T22:42:14+00:00 ERR (3) 404 "hire-lasse" was not found.
REMOTE_ADDR: 216.18.204.201
HTTP_REFERER: http://graphicore.de/
requested: array(5) {
  ["lang"] => string(2) "en"
  ["action"] => string(4) "page"
  ["key"] => string(10) "hire-lasse"
  ["module"] => string(7) "default"
  ["controller"] => string(5) "index"
}


--------------------------------------------------------------------------------
2020-09-13T22:44:04+00:00 ERR (3) 404 "" was not found.
REMOTE_ADDR: 216.18.204.201
HTTP_REFERER: http://graphicore.de/
requested: array(5) {
  ["lang"] => string(2) "de"
  ["action"] => string(7) "archive"
  ["module"] => string(7) "default"
  ["controller"] => string(5) "index"
  ["key"] => string(0) ""
}


--------------------------------------------------------------------------------
2020-09-13T22:44:31+00:00 ERR (3) 404 "competences" was not found.
REMOTE_ADDR: 216.18.204.201
HTTP_REFERER: http://graphicore.de/
requested: array(5) {
  ["lang"] => string(2) "de"
  ["action"] => string(4) "page"
  ["key"] => string(11) "competences"
  ["module"] => string(7) "default"
  ["controller"] => string(5) "index"
}


--------------------------------------------------------------------------------
2020-09-13T22:47:08+00:00 ERR (3) 404 "" was not found.
REMOTE_ADDR: 216.18.204.201
HTTP_REFERER: http://graphicore.de/
requested: array(5) {
  ["lang"] => string(2) "en"
  ["action"] => string(7) "archive"
  ["module"] => string(7) "default"
  ["controller"] => string(5) "index"
  ["key"] => string(0) ""
}


--------------------------------------------------------------------------------
2020-09-13T23:13:09+00:00 ERR (3) 404 "hire-lasse" was not found.
REMOTE_ADDR: 216.18.204.201
HTTP_REFERER: http://graphicore.de/
requested: array(5) {
  ["lang"] => string(2) "de"
  ["action"] => string(4) "page"
  ["key"] => string(10) "hire-lasse"
  ["module"] => string(7) "default"
  ["controller"] => string(5) "index"
}


--------------------------------------------------------------------------------
2020-09-13T23:13:14+00:00 ERR (3) 404 "competences" was not found.
REMOTE_ADDR: 216.18.204.201
HTTP_REFERER: http://graphicore.de/
requested: array(5) {
  ["lang"] => string(2) "en"
  ["action"] => string(4) "page"
  ["key"] => string(11) "competences"
  ["module"] => string(7) "default"
  ["controller"] => string(5) "index"
}


--------------------------------------------------------------------------------
2020-09-13T23:14:59+00:00 ERR (3) 404 "hire-lasse" was not found.
REMOTE_ADDR: 216.18.204.201
HTTP_REFERER: http://graphicore.de/
requested: array(5) {
  ["lang"] => string(2) "en"
  ["action"] => string(4) "page"
  ["key"] => string(10) "hire-lasse"
  ["module"] => string(7) "default"
  ["controller"] => string(5) "index"
}


--------------------------------------------------------------------------------
2020-09-13T23:17:10+00:00 ERR (3) 404 "" was not found.
REMOTE_ADDR: 216.18.204.201
HTTP_REFERER: http://graphicore.de/
requested: array(5) {
  ["lang"] => string(2) "de"
  ["action"] => string(7) "archive"
  ["module"] => string(7) "default"
  ["controller"] => string(5) "index"
  ["key"] => string(0) ""
}


--------------------------------------------------------------------------------
2020-09-13T23:17:38+00:00 ERR (3) 404 "competences" was not found.
REMOTE_ADDR: 216.18.204.201
HTTP_REFERER: http://graphicore.de/
requested: array(5) {
  ["lang"] => string(2) "de"
  ["action"] => string(4) "page"
  ["key"] => string(11) "competences"
  ["module"] => string(7) "default"
  ["controller"] => string(5) "index"
}


--------------------------------------------------------------------------------
2020-09-13T23:21:00+00:00 ERR (3) 404 "" was not found.
REMOTE_ADDR: 216.18.204.201
HTTP_REFERER: http://graphicore.de/
requested: array(5) {
  ["lang"] => string(2) "en"
  ["action"] => string(7) "archive"
  ["module"] => string(7) "default"
  ["controller"] => string(5) "index"
  ["key"] => string(0) ""
}


--------------------------------------------------------------------------------
