2014-05-27T13:43:01+00:00 ERR (3) 404 "" was not found.
REMOTE_ADDR: 157.55.32.233
HTTP_REFERER: 
requested: array(5) {
  ["lang"] => string(2) "de"
  ["action"] => string(7) "archive"
  ["module"] => string(7) "default"
  ["controller"] => string(5) "index"
  ["key"] => string(0) ""
}


--------------------------------------------------------------------------------
2014-05-27T15:59:45+00:00 ERR (3) 404 "en" was not found.
REMOTE_ADDR: 208.115.111.73
HTTP_REFERER: 
requested: array(5) {
  ["lang"] => string(2) "en"
  ["action"] => string(4) "page"
  ["key"] => string(2) "en"
  ["module"] => string(7) "default"
  ["controller"] => string(5) "index"
}


--------------------------------------------------------------------------------
2014-05-27T16:49:48+00:00 ERR (3) 404 Seite nicht gefunden
REMOTE_ADDR: 130.0.34.105
HTTP_REFERER: http://graphicore.de/forum/
requested: array(3) {
  ["controller"] => string(5) "forum"
  ["action"] => string(5) "index"
  ["module"] => string(7) "default"
}


--------------------------------------------------------------------------------
2014-05-27T19:04:55+00:00 ERR (3) 404 "hire-lasse" was not found.
REMOTE_ADDR: 5.9.88.119
HTTP_REFERER: 
requested: array(5) {
  ["lang"] => string(2) "de"
  ["action"] => string(4) "page"
  ["key"] => string(10) "hire-lasse"
  ["module"] => string(7) "default"
  ["controller"] => string(5) "index"
}


--------------------------------------------------------------------------------
2014-05-27T20:02:57+00:00 ERR (3) 404 Seite nicht gefunden
REMOTE_ADDR: 119.139.17.151
HTTP_REFERER: http://graphicore.de/fckeditor/editor/filemanager/browser/default/connectors/test.html
requested: array(5) {
  ["controller"] => string(9) "fckeditor"
  ["action"] => string(6) "editor"
  ["filemanager"] => string(7) "browser"
  ["default"] => string(10) "connectors"
  ["module"] => string(7) "default"
}


--------------------------------------------------------------------------------
2014-05-27T20:02:59+00:00 ERR (3) 404 Seite nicht gefunden
REMOTE_ADDR: 119.139.17.151
HTTP_REFERER: http://graphicore.de/admin/fckeditor/editor/filemanager/browser/default/connectors/test.html
requested: array(6) {
  ["controller"] => string(5) "admin"
  ["action"] => string(9) "fckeditor"
  ["editor"] => string(11) "filemanager"
  ["browser"] => string(7) "default"
  ["connectors"] => string(9) "test.html"
  ["module"] => string(7) "default"
}


--------------------------------------------------------------------------------
2014-05-27T20:03:00+00:00 ERR (3) 404 Seite nicht gefunden
REMOTE_ADDR: 119.139.17.151
HTTP_REFERER: http://graphicore.de/editor/filemanager/browser/default/connectors/test.html
requested: array(5) {
  ["controller"] => string(6) "editor"
  ["action"] => string(11) "filemanager"
  ["browser"] => string(7) "default"
  ["connectors"] => string(9) "test.html"
  ["module"] => string(7) "default"
}


--------------------------------------------------------------------------------
2014-05-27T20:03:01+00:00 ERR (3) 404 Seite nicht gefunden
REMOTE_ADDR: 119.139.17.151
HTTP_REFERER: http://graphicore.de/manage/fckeditor/editor/filemanager/browser/default/connectors/test.html
requested: array(6) {
  ["controller"] => string(6) "manage"
  ["action"] => string(9) "fckeditor"
  ["editor"] => string(11) "filemanager"
  ["browser"] => string(7) "default"
  ["connectors"] => string(9) "test.html"
  ["module"] => string(7) "default"
}


--------------------------------------------------------------------------------
2014-05-27T20:03:02+00:00 ERR (3) 404 Seite nicht gefunden
REMOTE_ADDR: 119.139.17.151
HTTP_REFERER: http://graphicore.de/system/fckeditor/editor/filemanager/browser/default/connectors/test.html
requested: array(6) {
  ["controller"] => string(6) "system"
  ["action"] => string(9) "fckeditor"
  ["editor"] => string(11) "filemanager"
  ["browser"] => string(7) "default"
  ["connectors"] => string(9) "test.html"
  ["module"] => string(7) "default"
}


--------------------------------------------------------------------------------
2014-05-27T20:03:04+00:00 ERR (3) 404 Seite nicht gefunden
REMOTE_ADDR: 119.139.17.151
HTTP_REFERER: http://graphicore.de/include/fckeditor/editor/filemanager/browser/default/connectors/test.html
requested: array(6) {
  ["controller"] => string(7) "include"
  ["action"] => string(9) "fckeditor"
  ["editor"] => string(11) "filemanager"
  ["browser"] => string(7) "default"
  ["connectors"] => string(9) "test.html"
  ["module"] => string(7) "default"
}


--------------------------------------------------------------------------------
2014-05-27T20:03:05+00:00 ERR (3) 404 Seite nicht gefunden
REMOTE_ADDR: 119.139.17.151
HTTP_REFERER: http://graphicore.de/plugins/fckeditor/editor/filemanager/browser/default/connectors/test.html
requested: array(6) {
  ["controller"] => string(7) "plugins"
  ["action"] => string(9) "fckeditor"
  ["editor"] => string(11) "filemanager"
  ["browser"] => string(7) "default"
  ["connectors"] => string(9) "test.html"
  ["module"] => string(7) "default"
}


--------------------------------------------------------------------------------
2014-05-27T20:03:06+00:00 ERR (3) 404 Seite nicht gefunden
REMOTE_ADDR: 119.139.17.151
HTTP_REFERER: http://graphicore.de/master/fckeditor/editor/filemanager/browser/default/connectors/test.html
requested: array(6) {
  ["controller"] => string(6) "master"
  ["action"] => string(9) "fckeditor"
  ["editor"] => string(11) "filemanager"
  ["browser"] => string(7) "default"
  ["connectors"] => string(9) "test.html"
  ["module"] => string(7) "default"
}


--------------------------------------------------------------------------------
