2014-03-06T04:58:25+00:00 ERR (3) 404 Seite nicht gefunden
REMOTE_ADDR: 31.41.219.141
HTTP_REFERER: http://graphicore.de/forum/
requested: array(3) {
  ["controller"] => string(5) "forum"
  ["action"] => string(5) "index"
  ["module"] => string(7) "default"
}


--------------------------------------------------------------------------------
2014-03-06T06:46:55+00:00 ERR (3) 404 Seite nicht gefunden
REMOTE_ADDR: 66.249.66.228
HTTP_REFERER: 
requested: array(4) {
  ["controller"] => string(5) "diary"
  ["action"] => string(29) "tag:graphicore.de,2012-09-02:"
  ["diary"] => string(27) "201209021920375043b185ef245"
  ["module"] => string(7) "default"
}


--------------------------------------------------------------------------------
2014-03-06T06:48:28+00:00 ERR (3) 404 Seite nicht gefunden
REMOTE_ADDR: 66.249.66.228
HTTP_REFERER: 
requested: array(4) {
  ["controller"] => string(5) "diary"
  ["action"] => string(29) "tag:graphicore.de,2010-10-18:"
  ["diary"] => string(27) "201010181349214cbc5061f0048"
  ["module"] => string(7) "default"
}


--------------------------------------------------------------------------------
2014-03-06T15:14:36+00:00 ERR (3) 404 "hire-lasse" was not found.
REMOTE_ADDR: 208.115.111.73
HTTP_REFERER: 
requested: array(5) {
  ["lang"] => string(2) "de"
  ["action"] => string(4) "page"
  ["key"] => string(10) "hire-lasse"
  ["module"] => string(7) "default"
  ["controller"] => string(5) "index"
}


--------------------------------------------------------------------------------
2014-03-06T23:57:16+00:00 ERR (3) 404 Seite nicht gefunden
REMOTE_ADDR: 46.24.129.202
HTTP_REFERER: 
requested: array(3) {
  ["controller"] => string(6) "https:"
  ["action"] => string(19) "silber-und-blei.com"
  ["module"] => string(7) "default"
}


--------------------------------------------------------------------------------
2014-03-06T23:57:19+00:00 ERR (3) 404 Seite nicht gefunden
REMOTE_ADDR: 46.24.129.202
HTTP_REFERER: 
requested: array(3) {
  ["controller"] => string(2) "js"
  ["action"] => string(1) "'"
  ["module"] => string(7) "default"
}


--------------------------------------------------------------------------------
