2012-03-07T02:21:57+00:00 ERR (3) 404 "" was not found.
REMOTE_ADDR: 180.76.6.233
HTTP_REFERER: 
requested: array(5) {
  ["lang"] => string(2) "de"
  ["action"] => string(7) "archive"
  ["module"] => string(7) "default"
  ["controller"] => string(5) "index"
  ["key"] => string(0) ""
}


--------------------------------------------------------------------------------
2012-03-07T03:13:33+00:00 ERR (3) 404 Seite nicht gefunden
REMOTE_ADDR: 123.65.223.216
HTTP_REFERER: http://graphicore.de/forum/index.php
requested: array(3) {
  ["controller"] => string(5) "forum"
  ["action"] => string(9) "index.php"
  ["module"] => string(7) "default"
}


--------------------------------------------------------------------------------
2012-03-07T05:46:04+00:00 ERR (3) 404 Seite nicht gefunden
REMOTE_ADDR: 193.105.210.87
HTTP_REFERER: http://graphicore.de/forum/index.php
requested: array(3) {
  ["controller"] => string(5) "forum"
  ["action"] => string(9) "index.php"
  ["module"] => string(7) "default"
}


--------------------------------------------------------------------------------
2012-03-07T19:34:49+00:00 ERR (3) 404 "" was not found.
REMOTE_ADDR: 77.21.147.115
HTTP_REFERER: 
requested: array(5) {
  ["lang"] => string(2) "de"
  ["action"] => string(7) "archive"
  ["module"] => string(7) "default"
  ["controller"] => string(5) "index"
  ["key"] => string(0) ""
}


--------------------------------------------------------------------------------
