2012-12-03T11:30:03+00:00 ERR (3) 404 "" was not found.
REMOTE_ADDR: 139.18.2.209
HTTP_REFERER: 
requested: array(5) {
  ["lang"] => string(2) "de"
  ["action"] => string(7) "archive"
  ["module"] => string(7) "default"
  ["controller"] => string(5) "index"
  ["key"] => string(0) ""
}


--------------------------------------------------------------------------------
2012-12-03T13:11:55+00:00 ERR (3) 404 "de" was not found.
REMOTE_ADDR: 208.115.113.89
HTTP_REFERER: 
requested: array(5) {
  ["lang"] => string(2) "en"
  ["action"] => string(7) "archive"
  ["key"] => string(2) "de"
  ["module"] => string(7) "default"
  ["controller"] => string(5) "index"
}


--------------------------------------------------------------------------------
2012-12-03T22:10:44+00:00 ERR (3) 404 "topic" was not found.
REMOTE_ADDR: 178.151.251.13
HTTP_REFERER: http://graphicore.de/en/index/topic/intern/projekte/
requested: array(6) {
  ["lang"] => string(2) "en"
  ["action"] => string(5) "index"
  ["key"] => string(5) "topic"
  ["intern"] => string(8) "projekte"
  ["module"] => string(7) "default"
  ["controller"] => string(5) "index"
}


--------------------------------------------------------------------------------
