2019-11-26T03:09:10+00:00 ERR (3) 404 "competences" was not found.
REMOTE_ADDR: 85.25.177.187
HTTP_REFERER: 
requested: array(5) {
  ["lang"] => string(2) "de"
  ["action"] => string(4) "page"
  ["key"] => string(11) "competences"
  ["module"] => string(7) "default"
  ["controller"] => string(5) "index"
}


--------------------------------------------------------------------------------
2019-11-26T03:09:26+00:00 ERR (3) 404 "competences" was not found.
REMOTE_ADDR: 85.25.177.187
HTTP_REFERER: 
requested: array(5) {
  ["lang"] => string(2) "de"
  ["action"] => string(4) "page"
  ["key"] => string(11) "competences"
  ["module"] => string(7) "default"
  ["controller"] => string(5) "index"
}


--------------------------------------------------------------------------------
2019-11-26T09:50:42+00:00 ERR (3) 404 Seite nicht gefunden
REMOTE_ADDR: 93.185.192.82
HTTP_REFERER: http://graphicore.de/forum/
requested: array(3) {
  ["controller"] => string(5) "forum"
  ["action"] => string(5) "index"
  ["module"] => string(7) "default"
}


--------------------------------------------------------------------------------
2019-11-26T13:31:05+00:00 ERR (3) 404 Seite nicht gefunden
REMOTE_ADDR: 176.58.133.136
HTTP_REFERER: 
requested: array(9) {
  ["controller"] => string(11) "license.txt"
  ["action"] => string(5) "index"
  ["module"] => string(7) "default"
  ["Accept-Language"] => string(14) "en-US,en;q=0.8"
  ["Accept-Encoding"] => string(4) "none"
  ["Accept"] => string(63) "text/html,application/xhtml+xml,application/xml;q=0.9,*/*;q=0.8"
  ["User-Agent"] => string(104) "Mozilla/5.0 (X11; Linux x86_64) AppleWebKit/537.11 (KHTML, like Gecko) Chrome/23.0.1271.64 Safari/537.11"
  ["Accept-Charset"] => string(30) "ISO-8859-1,utf-8;q=0.7,*;q=0.3"
  ["Connection"] => string(10) "keep-alive"
}


--------------------------------------------------------------------------------
