2019-10-24T01:09:32+00:00 ERR (3) 404 Seite nicht gefunden
REMOTE_ADDR: 192.227.152.122
HTTP_REFERER: 
requested: array(3) {
  ["controller"] => string(9) "wordpress"
  ["action"] => string(5) "index"
  ["module"] => string(7) "default"
}


--------------------------------------------------------------------------------
2019-10-24T01:09:37+00:00 ERR (3) 404 Seite nicht gefunden
REMOTE_ADDR: 192.227.152.122
HTTP_REFERER: 
requested: array(3) {
  ["controller"] => string(2) "wp"
  ["action"] => string(5) "index"
  ["module"] => string(7) "default"
}


--------------------------------------------------------------------------------
2019-10-24T01:09:40+00:00 ERR (3) 404 Seite nicht gefunden
REMOTE_ADDR: 192.227.152.122
HTTP_REFERER: 
requested: array(3) {
  ["controller"] => string(4) "blog"
  ["action"] => string(5) "index"
  ["module"] => string(7) "default"
}


--------------------------------------------------------------------------------
2019-10-24T01:09:45+00:00 ERR (3) 404 Seite nicht gefunden
REMOTE_ADDR: 192.227.152.122
HTTP_REFERER: 
requested: array(3) {
  ["controller"] => string(3) "new"
  ["action"] => string(5) "index"
  ["module"] => string(7) "default"
}


--------------------------------------------------------------------------------
2019-10-24T01:09:48+00:00 ERR (3) 404 Seite nicht gefunden
REMOTE_ADDR: 192.227.152.122
HTTP_REFERER: 
requested: array(3) {
  ["controller"] => string(3) "old"
  ["action"] => string(5) "index"
  ["module"] => string(7) "default"
}


--------------------------------------------------------------------------------
2019-10-24T01:09:53+00:00 ERR (3) 404 Seite nicht gefunden
REMOTE_ADDR: 192.227.152.122
HTTP_REFERER: 
requested: array(3) {
  ["controller"] => string(4) "test"
  ["action"] => string(5) "index"
  ["module"] => string(7) "default"
}


--------------------------------------------------------------------------------
2019-10-24T08:52:49+00:00 ERR (3) 404 "competences" was not found.
REMOTE_ADDR: 46.229.168.134
HTTP_REFERER: 
requested: array(5) {
  ["lang"] => string(2) "de"
  ["action"] => string(4) "page"
  ["key"] => string(11) "competences"
  ["module"] => string(7) "default"
  ["controller"] => string(5) "index"
}


--------------------------------------------------------------------------------
2019-10-24T14:03:11+00:00 ERR (3) 404 Seite nicht gefunden
REMOTE_ADDR: 49.70.57.173
HTTP_REFERER: 
requested: array(4) {
  ["controller"] => string(10) "search.php"
  ["action"] => string(5) "index"
  ["module"] => string(7) "default"
  ["q"] => string(14) "www.ymwears.cn"
}


--------------------------------------------------------------------------------
2019-10-24T14:03:12+00:00 ERR (3) 404 Seite nicht gefunden
REMOTE_ADDR: 49.70.57.173
HTTP_REFERER: 
requested: array(4) {
  ["controller"] => string(6) "search"
  ["action"] => string(5) "index"
  ["module"] => string(7) "default"
  ["q"] => string(14) "www.ymwears.cn"
}


--------------------------------------------------------------------------------
2019-10-24T14:03:17+00:00 ERR (3) 404 Seite nicht gefunden
REMOTE_ADDR: 49.70.57.173
HTTP_REFERER: 
requested: array(4) {
  ["controller"] => string(6) "search"
  ["action"] => string(5) "index"
  ["module"] => string(7) "default"
  ["q"] => string(14) "www.ymwears.cn"
}


--------------------------------------------------------------------------------
2019-10-24T14:03:27+00:00 ERR (3) 404 Seite nicht gefunden
REMOTE_ADDR: 49.70.57.173
HTTP_REFERER: 
requested: array(4) {
  ["controller"] => string(6) "search"
  ["action"] => string(5) "index"
  ["module"] => string(7) "default"
  ["query"] => string(14) "www.ymwears.cn"
}


--------------------------------------------------------------------------------
2019-10-24T21:53:25+00:00 ERR (3) 404 Seite nicht gefunden
REMOTE_ADDR: 185.156.177.130
HTTP_REFERER: 
requested: array(3) {
  ["controller"] => string(5) "admin"
  ["action"] => string(9) "index.php"
  ["module"] => string(7) "default"
}


--------------------------------------------------------------------------------
2019-10-24T23:20:14+00:00 ERR (3) 404 Page not found
REMOTE_ADDR: 64.26.151.55
HTTP_REFERER: 
requested: array(3) {
  ["controller"] => string(13) "interrogative"
  ["action"] => string(5) "index"
  ["module"] => string(7) "default"
}


--------------------------------------------------------------------------------
