2015-03-05T13:33:10+00:00 ERR (3) 404 Seite nicht gefunden
REMOTE_ADDR: 142.4.57.114
HTTP_REFERER: 
requested: array(3) {
  ["controller"] => string(8) "wp-admin"
  ["action"] => string(5) "index"
  ["module"] => string(7) "default"
}


--------------------------------------------------------------------------------
2015-03-05T13:53:01+00:00 ERR (3) 404 Seite nicht gefunden
REMOTE_ADDR: 192.96.211.44
HTTP_REFERER: 
requested: array(3) {
  ["controller"] => string(9) "wordpress"
  ["action"] => string(8) "wp-admin"
  ["module"] => string(7) "default"
}


--------------------------------------------------------------------------------
2015-03-05T14:02:59+00:00 ERR (3) 404 Seite nicht gefunden
REMOTE_ADDR: 50.63.197.202
HTTP_REFERER: 
requested: array(3) {
  ["controller"] => string(4) "blog"
  ["action"] => string(8) "wp-admin"
  ["module"] => string(7) "default"
}


--------------------------------------------------------------------------------
2015-03-05T14:13:00+00:00 ERR (3) 404 Seite nicht gefunden
REMOTE_ADDR: 5.9.153.203
HTTP_REFERER: 
requested: array(3) {
  ["controller"] => string(2) "wp"
  ["action"] => string(8) "wp-admin"
  ["module"] => string(7) "default"
}


--------------------------------------------------------------------------------
2015-03-05T14:23:17+00:00 ERR (3) 404 Seite nicht gefunden
REMOTE_ADDR: 69.89.9.114
HTTP_REFERER: 
requested: array(3) {
  ["controller"] => string(3) "old"
  ["action"] => string(8) "wp-admin"
  ["module"] => string(7) "default"
}


--------------------------------------------------------------------------------
2015-03-05T21:50:57+00:00 ERR (3) 404 "hire-lasse" was not found.
REMOTE_ADDR: 147.251.252.17
HTTP_REFERER: 
requested: array(5) {
  ["lang"] => string(2) "en"
  ["action"] => string(4) "page"
  ["key"] => string(10) "hire-lasse"
  ["module"] => string(7) "default"
  ["controller"] => string(5) "index"
}


--------------------------------------------------------------------------------
