2020-01-03T19:24:51+00:00 ERR (3) 404 Page not found
REMOTE_ADDR: 46.119.180.141
HTTP_REFERER: 
requested: array(3) {
  ["controller"] => string(11) "wp-includes"
  ["action"] => string(15) "wlwmanifest.xml"
  ["module"] => string(7) "default"
}


--------------------------------------------------------------------------------
2020-01-03T19:24:51+00:00 ERR (3) 404 Page not found
REMOTE_ADDR: 46.119.180.141
HTTP_REFERER: 
requested: array(3) {
  ["controller"] => string(4) "blog"
  ["action"] => string(11) "wp-includes"
  ["module"] => string(7) "default"
}


--------------------------------------------------------------------------------
2020-01-03T19:24:51+00:00 ERR (3) 404 Page not found
REMOTE_ADDR: 46.119.180.141
HTTP_REFERER: 
requested: array(3) {
  ["controller"] => string(3) "web"
  ["action"] => string(11) "wp-includes"
  ["module"] => string(7) "default"
}


--------------------------------------------------------------------------------
2020-01-03T19:24:51+00:00 ERR (3) 404 Page not found
REMOTE_ADDR: 46.119.180.141
HTTP_REFERER: 
requested: array(3) {
  ["controller"] => string(9) "wordpress"
  ["action"] => string(11) "wp-includes"
  ["module"] => string(7) "default"
}


--------------------------------------------------------------------------------
2020-01-03T19:24:51+00:00 ERR (3) 404 Page not found
REMOTE_ADDR: 46.119.180.141
HTTP_REFERER: 
requested: array(3) {
  ["controller"] => string(7) "website"
  ["action"] => string(11) "wp-includes"
  ["module"] => string(7) "default"
}


--------------------------------------------------------------------------------
2020-01-03T19:24:51+00:00 ERR (3) 404 Page not found
REMOTE_ADDR: 46.119.180.141
HTTP_REFERER: 
requested: array(3) {
  ["controller"] => string(2) "wp"
  ["action"] => string(11) "wp-includes"
  ["module"] => string(7) "default"
}


--------------------------------------------------------------------------------
2020-01-03T19:24:52+00:00 ERR (3) 404 Page not found
REMOTE_ADDR: 46.119.180.141
HTTP_REFERER: 
requested: array(3) {
  ["controller"] => string(4) "news"
  ["action"] => string(11) "wp-includes"
  ["module"] => string(7) "default"
}


--------------------------------------------------------------------------------
2020-01-03T19:24:52+00:00 ERR (3) 404 Page not found
REMOTE_ADDR: 46.119.180.141
HTTP_REFERER: 
requested: array(3) {
  ["controller"] => string(4) "2018"
  ["action"] => string(11) "wp-includes"
  ["module"] => string(7) "default"
}


--------------------------------------------------------------------------------
2020-01-03T19:24:52+00:00 ERR (3) 404 Page not found
REMOTE_ADDR: 46.119.180.141
HTTP_REFERER: 
requested: array(3) {
  ["controller"] => string(4) "2019"
  ["action"] => string(11) "wp-includes"
  ["module"] => string(7) "default"
}


--------------------------------------------------------------------------------
2020-01-03T19:24:52+00:00 ERR (3) 404 Page not found
REMOTE_ADDR: 46.119.180.141
HTTP_REFERER: 
requested: array(3) {
  ["controller"] => string(4) "shop"
  ["action"] => string(11) "wp-includes"
  ["module"] => string(7) "default"
}


--------------------------------------------------------------------------------
2020-01-03T19:24:52+00:00 ERR (3) 404 Page not found
REMOTE_ADDR: 46.119.180.141
HTTP_REFERER: 
requested: array(3) {
  ["controller"] => string(3) "wp1"
  ["action"] => string(11) "wp-includes"
  ["module"] => string(7) "default"
}


--------------------------------------------------------------------------------
2020-01-03T19:24:52+00:00 ERR (3) 404 Page not found
REMOTE_ADDR: 46.119.180.141
HTTP_REFERER: 
requested: array(3) {
  ["controller"] => string(4) "test"
  ["action"] => string(11) "wp-includes"
  ["module"] => string(7) "default"
}


--------------------------------------------------------------------------------
2020-01-03T19:24:52+00:00 ERR (3) 404 Page not found
REMOTE_ADDR: 46.119.180.141
HTTP_REFERER: 
requested: array(3) {
  ["controller"] => string(5) "media"
  ["action"] => string(11) "wp-includes"
  ["module"] => string(7) "default"
}


--------------------------------------------------------------------------------
2020-01-03T19:24:52+00:00 ERR (3) 404 Page not found
REMOTE_ADDR: 46.119.180.141
HTTP_REFERER: 
requested: array(3) {
  ["controller"] => string(3) "wp2"
  ["action"] => string(11) "wp-includes"
  ["module"] => string(7) "default"
}


--------------------------------------------------------------------------------
2020-01-03T19:24:52+00:00 ERR (3) 404 Page not found
REMOTE_ADDR: 46.119.180.141
HTTP_REFERER: 
requested: array(3) {
  ["controller"] => string(4) "site"
  ["action"] => string(11) "wp-includes"
  ["module"] => string(7) "default"
}


--------------------------------------------------------------------------------
2020-01-03T19:24:52+00:00 ERR (3) 404 Page not found
REMOTE_ADDR: 46.119.180.141
HTTP_REFERER: 
requested: array(3) {
  ["controller"] => string(3) "cms"
  ["action"] => string(11) "wp-includes"
  ["module"] => string(7) "default"
}


--------------------------------------------------------------------------------
2020-01-03T19:24:52+00:00 ERR (3) 404 Page not found
REMOTE_ADDR: 46.119.180.141
HTTP_REFERER: 
requested: array(3) {
  ["controller"] => string(4) "sito"
  ["action"] => string(11) "wp-includes"
  ["module"] => string(7) "default"
}


--------------------------------------------------------------------------------
