2017-11-07T00:06:56+00:00 ERR (3) 404 Page not found
REMOTE_ADDR: 5.188.11.165
HTTP_REFERER: 
requested: array(3) {
  ["controller"] => string(7) "utility"
  ["action"] => string(7) "convert"
  ["module"] => string(7) "default"
}


--------------------------------------------------------------------------------
2017-11-07T01:05:34+00:00 ERR (3) 404 Seite nicht gefunden
REMOTE_ADDR: 181.229.181.53
HTTP_REFERER: 
requested: array(3) {
  ["controller"] => string(12) "wp-login.php"
  ["action"] => string(5) "index"
  ["module"] => string(7) "default"
}


--------------------------------------------------------------------------------
2017-11-07T01:37:37+00:00 ERR (3) 404 Seite nicht gefunden
REMOTE_ADDR: 196.215.101.231
HTTP_REFERER: 
requested: array(3) {
  ["controller"] => string(12) "wp-login.php"
  ["action"] => string(5) "index"
  ["module"] => string(7) "default"
}


--------------------------------------------------------------------------------
2017-11-07T01:38:55+00:00 ERR (3) 404 Seite nicht gefunden
REMOTE_ADDR: 177.37.134.218
HTTP_REFERER: 
requested: array(3) {
  ["controller"] => string(12) "wp-login.php"
  ["action"] => string(5) "index"
  ["module"] => string(7) "default"
}


--------------------------------------------------------------------------------
2017-11-07T01:54:30+00:00 ERR (3) 404 Seite nicht gefunden
REMOTE_ADDR: 188.2.36.94
HTTP_REFERER: 
requested: array(3) {
  ["controller"] => string(12) "wp-login.php"
  ["action"] => string(5) "index"
  ["module"] => string(7) "default"
}


--------------------------------------------------------------------------------
2017-11-07T02:47:06+00:00 ERR (3) 404 Seite nicht gefunden
REMOTE_ADDR: 209.171.166.46
HTTP_REFERER: 
requested: array(3) {
  ["controller"] => string(12) "wp-login.php"
  ["action"] => string(5) "index"
  ["module"] => string(7) "default"
}


--------------------------------------------------------------------------------
2017-11-07T03:03:34+00:00 ERR (3) 404 Seite nicht gefunden
REMOTE_ADDR: 203.243.14.37
HTTP_REFERER: 
requested: array(3) {
  ["controller"] => string(12) "wp-login.php"
  ["action"] => string(5) "index"
  ["module"] => string(7) "default"
}


--------------------------------------------------------------------------------
2017-11-07T03:18:23+00:00 ERR (3) 404 Seite nicht gefunden
REMOTE_ADDR: 37.8.52.165
HTTP_REFERER: 
requested: array(3) {
  ["controller"] => string(12) "wp-login.php"
  ["action"] => string(5) "index"
  ["module"] => string(7) "default"
}


--------------------------------------------------------------------------------
2017-11-07T03:24:58+00:00 ERR (3) 404 Seite nicht gefunden
REMOTE_ADDR: 179.35.208.166
HTTP_REFERER: 
requested: array(3) {
  ["controller"] => string(12) "wp-login.php"
  ["action"] => string(5) "index"
  ["module"] => string(7) "default"
}


--------------------------------------------------------------------------------
2017-11-07T04:06:16+00:00 ERR (3) 404 Seite nicht gefunden
REMOTE_ADDR: 49.151.67.242
HTTP_REFERER: 
requested: array(3) {
  ["controller"] => string(12) "wp-login.php"
  ["action"] => string(5) "index"
  ["module"] => string(7) "default"
}


--------------------------------------------------------------------------------
2017-11-07T06:11:36+00:00 ERR (3) 404 Seite nicht gefunden
REMOTE_ADDR: 88.234.112.210
HTTP_REFERER: 
requested: array(3) {
  ["controller"] => string(12) "wp-login.php"
  ["action"] => string(5) "index"
  ["module"] => string(7) "default"
}


--------------------------------------------------------------------------------
2017-11-07T06:28:48+00:00 ERR (3) 404 Seite nicht gefunden
REMOTE_ADDR: 103.15.63.182
HTTP_REFERER: 
requested: array(3) {
  ["controller"] => string(12) "wp-login.php"
  ["action"] => string(5) "index"
  ["module"] => string(7) "default"
}


--------------------------------------------------------------------------------
2017-11-07T06:51:20+00:00 ERR (3) 404 Seite nicht gefunden
REMOTE_ADDR: 197.2.15.15
HTTP_REFERER: 
requested: array(3) {
  ["controller"] => string(12) "wp-login.php"
  ["action"] => string(5) "index"
  ["module"] => string(7) "default"
}


--------------------------------------------------------------------------------
2017-11-07T06:57:34+00:00 ERR (3) 404 Seite nicht gefunden
REMOTE_ADDR: 186.236.224.222
HTTP_REFERER: 
requested: array(3) {
  ["controller"] => string(12) "wp-login.php"
  ["action"] => string(5) "index"
  ["module"] => string(7) "default"
}


--------------------------------------------------------------------------------
2017-11-07T07:01:02+00:00 ERR (3) 404 Seite nicht gefunden
REMOTE_ADDR: 122.161.78.91
HTTP_REFERER: 
requested: array(3) {
  ["controller"] => string(12) "wp-login.php"
  ["action"] => string(5) "index"
  ["module"] => string(7) "default"
}


--------------------------------------------------------------------------------
2017-11-07T07:41:11+00:00 ERR (3) 404 Seite nicht gefunden
REMOTE_ADDR: 79.17.25.240
HTTP_REFERER: 
requested: array(3) {
  ["controller"] => string(12) "wp-login.php"
  ["action"] => string(5) "index"
  ["module"] => string(7) "default"
}


--------------------------------------------------------------------------------
2017-11-07T07:42:58+00:00 ERR (3) 404 Seite nicht gefunden
REMOTE_ADDR: 137.59.2.246
HTTP_REFERER: 
requested: array(3) {
  ["controller"] => string(12) "wp-login.php"
  ["action"] => string(5) "index"
  ["module"] => string(7) "default"
}


--------------------------------------------------------------------------------
2017-11-07T07:48:14+00:00 ERR (3) 404 Seite nicht gefunden
REMOTE_ADDR: 112.198.75.86
HTTP_REFERER: 
requested: array(3) {
  ["controller"] => string(12) "wp-login.php"
  ["action"] => string(5) "index"
  ["module"] => string(7) "default"
}


--------------------------------------------------------------------------------
2017-11-07T07:50:14+00:00 ERR (3) 404 Seite nicht gefunden
REMOTE_ADDR: 31.146.52.28
HTTP_REFERER: 
requested: array(3) {
  ["controller"] => string(12) "wp-login.php"
  ["action"] => string(5) "index"
  ["module"] => string(7) "default"
}


--------------------------------------------------------------------------------
2017-11-07T08:56:14+00:00 ERR (3) 404 Seite nicht gefunden
REMOTE_ADDR: 95.91.11.130
HTTP_REFERER: 
requested: array(4) {
  ["controller"] => string(5) "forum"
  ["action"] => string(13) "viewtopic.php"
  ["module"] => string(7) "default"
  ["p"] => string(2) "19"
}


--------------------------------------------------------------------------------
2017-11-07T08:56:18+00:00 ERR (3) 404 Seite nicht gefunden
REMOTE_ADDR: 95.91.11.130
HTTP_REFERER: 
requested: array(4) {
  ["controller"] => string(5) "forum"
  ["action"] => string(13) "viewtopic.php"
  ["module"] => string(7) "default"
  ["p"] => string(2) "54"
}


--------------------------------------------------------------------------------
2017-11-07T08:56:21+00:00 ERR (3) 404 Seite nicht gefunden
REMOTE_ADDR: 95.91.11.130
HTTP_REFERER: 
requested: array(4) {
  ["controller"] => string(5) "forum"
  ["action"] => string(13) "viewtopic.php"
  ["module"] => string(7) "default"
  ["p"] => string(2) "57"
}


--------------------------------------------------------------------------------
2017-11-07T08:56:24+00:00 ERR (3) 404 Seite nicht gefunden
REMOTE_ADDR: 95.91.11.130
HTTP_REFERER: 
requested: array(4) {
  ["controller"] => string(5) "forum"
  ["action"] => string(13) "viewtopic.php"
  ["module"] => string(7) "default"
  ["p"] => string(2) "58"
}


--------------------------------------------------------------------------------
2017-11-07T09:11:05+00:00 ERR (3) 404 Seite nicht gefunden
REMOTE_ADDR: 177.251.225.55
HTTP_REFERER: 
requested: array(3) {
  ["controller"] => string(12) "wp-login.php"
  ["action"] => string(5) "index"
  ["module"] => string(7) "default"
}


--------------------------------------------------------------------------------
2017-11-07T09:35:25+00:00 ERR (3) 404 Seite nicht gefunden
REMOTE_ADDR: 149.167.127.149
HTTP_REFERER: 
requested: array(3) {
  ["controller"] => string(12) "wp-login.php"
  ["action"] => string(5) "index"
  ["module"] => string(7) "default"
}


--------------------------------------------------------------------------------
2017-11-07T09:37:26+00:00 ERR (3) 404 Seite nicht gefunden
REMOTE_ADDR: 103.4.94.122
HTTP_REFERER: 
requested: array(3) {
  ["controller"] => string(12) "wp-login.php"
  ["action"] => string(5) "index"
  ["module"] => string(7) "default"
}


--------------------------------------------------------------------------------
2017-11-07T09:53:45+00:00 ERR (3) 404 Seite nicht gefunden
REMOTE_ADDR: 86.110.232.100
HTTP_REFERER: 
requested: array(3) {
  ["controller"] => string(12) "wp-login.php"
  ["action"] => string(5) "index"
  ["module"] => string(7) "default"
}


--------------------------------------------------------------------------------
2017-11-07T09:57:56+00:00 ERR (3) 404 Page not found
REMOTE_ADDR: 5.39.20.158
HTTP_REFERER: 
requested: array(3) {
  ["controller"] => string(7) "utility"
  ["action"] => string(7) "convert"
  ["module"] => string(7) "default"
}


--------------------------------------------------------------------------------
2017-11-07T10:00:35+00:00 ERR (3) 404 Seite nicht gefunden
REMOTE_ADDR: 120.138.123.122
HTTP_REFERER: 
requested: array(3) {
  ["controller"] => string(12) "wp-login.php"
  ["action"] => string(5) "index"
  ["module"] => string(7) "default"
}


--------------------------------------------------------------------------------
2017-11-07T10:07:24+00:00 ERR (3) 404 Seite nicht gefunden
REMOTE_ADDR: 93.173.176.212
HTTP_REFERER: 
requested: array(3) {
  ["controller"] => string(12) "wp-login.php"
  ["action"] => string(5) "index"
  ["module"] => string(7) "default"
}


--------------------------------------------------------------------------------
2017-11-07T10:26:31+00:00 ERR (3) 404 Seite nicht gefunden
REMOTE_ADDR: 59.15.54.136
HTTP_REFERER: 
requested: array(3) {
  ["controller"] => string(12) "wp-login.php"
  ["action"] => string(5) "index"
  ["module"] => string(7) "default"
}


--------------------------------------------------------------------------------
2017-11-07T10:28:55+00:00 ERR (3) 404 Seite nicht gefunden
REMOTE_ADDR: 103.12.161.44
HTTP_REFERER: 
requested: array(3) {
  ["controller"] => string(12) "wp-login.php"
  ["action"] => string(5) "index"
  ["module"] => string(7) "default"
}


--------------------------------------------------------------------------------
2017-11-07T11:02:42+00:00 ERR (3) 404 Seite nicht gefunden
REMOTE_ADDR: 83.60.122.242
HTTP_REFERER: 
requested: array(4) {
  ["controller"] => string(6) "https:"
  [""] => string(19) "silber-und-blei.com"
  ["action"] => string(5) "index"
  ["module"] => string(7) "default"
}


--------------------------------------------------------------------------------
2017-11-07T11:30:58+00:00 ERR (3) 404 Seite nicht gefunden
REMOTE_ADDR: 109.66.145.240
HTTP_REFERER: 
requested: array(3) {
  ["controller"] => string(12) "wp-login.php"
  ["action"] => string(5) "index"
  ["module"] => string(7) "default"
}


--------------------------------------------------------------------------------
2017-11-07T11:39:02+00:00 ERR (3) 404 Seite nicht gefunden
REMOTE_ADDR: 105.111.28.85
HTTP_REFERER: 
requested: array(3) {
  ["controller"] => string(12) "wp-login.php"
  ["action"] => string(5) "index"
  ["module"] => string(7) "default"
}


--------------------------------------------------------------------------------
2017-11-07T12:11:00+00:00 ERR (3) 404 Seite nicht gefunden
REMOTE_ADDR: 178.239.4.208
HTTP_REFERER: 
requested: array(3) {
  ["controller"] => string(12) "wp-login.php"
  ["action"] => string(5) "index"
  ["module"] => string(7) "default"
}


--------------------------------------------------------------------------------
2017-11-07T12:20:29+00:00 ERR (3) 404 Seite nicht gefunden
REMOTE_ADDR: 103.12.119.46
HTTP_REFERER: 
requested: array(3) {
  ["controller"] => string(12) "wp-login.php"
  ["action"] => string(5) "index"
  ["module"] => string(7) "default"
}


--------------------------------------------------------------------------------
2017-11-07T12:23:49+00:00 ERR (3) 404 Seite nicht gefunden
REMOTE_ADDR: 182.190.58.230
HTTP_REFERER: 
requested: array(3) {
  ["controller"] => string(12) "wp-login.php"
  ["action"] => string(5) "index"
  ["module"] => string(7) "default"
}


--------------------------------------------------------------------------------
2017-11-07T12:25:49+00:00 ERR (3) 404 Seite nicht gefunden
REMOTE_ADDR: 5.12.102.63
HTTP_REFERER: 
requested: array(3) {
  ["controller"] => string(12) "wp-login.php"
  ["action"] => string(5) "index"
  ["module"] => string(7) "default"
}


--------------------------------------------------------------------------------
2017-11-07T12:33:21+00:00 ERR (3) 404 Seite nicht gefunden
REMOTE_ADDR: 220.240.86.158
HTTP_REFERER: 
requested: array(3) {
  ["controller"] => string(12) "wp-login.php"
  ["action"] => string(5) "index"
  ["module"] => string(7) "default"
}


--------------------------------------------------------------------------------
2017-11-07T12:36:16+00:00 ERR (3) 404 Seite nicht gefunden
REMOTE_ADDR: 189.7.180.53
HTTP_REFERER: 
requested: array(3) {
  ["controller"] => string(12) "wp-login.php"
  ["action"] => string(5) "index"
  ["module"] => string(7) "default"
}


--------------------------------------------------------------------------------
2017-11-07T12:48:30+00:00 ERR (3) 404 Seite nicht gefunden
REMOTE_ADDR: 31.45.197.225
HTTP_REFERER: 
requested: array(3) {
  ["controller"] => string(12) "wp-login.php"
  ["action"] => string(5) "index"
  ["module"] => string(7) "default"
}


--------------------------------------------------------------------------------
2017-11-07T12:58:07+00:00 ERR (3) 404 Seite nicht gefunden
REMOTE_ADDR: 79.113.236.216
HTTP_REFERER: 
requested: array(3) {
  ["controller"] => string(12) "wp-login.php"
  ["action"] => string(5) "index"
  ["module"] => string(7) "default"
}


--------------------------------------------------------------------------------
2017-11-07T13:26:43+00:00 ERR (3) 404 Page not found
REMOTE_ADDR: 65.19.167.131
HTTP_REFERER: 
requested: array(3) {
  ["controller"] => string(7) "utility"
  ["action"] => string(7) "convert"
  ["module"] => string(7) "default"
}


--------------------------------------------------------------------------------
2017-11-07T13:31:06+00:00 ERR (3) 404 Seite nicht gefunden
REMOTE_ADDR: 85.237.234.191
HTTP_REFERER: 
requested: array(3) {
  ["controller"] => string(12) "wp-login.php"
  ["action"] => string(5) "index"
  ["module"] => string(7) "default"
}


--------------------------------------------------------------------------------
2017-11-07T13:34:56+00:00 ERR (3) 404 Seite nicht gefunden
REMOTE_ADDR: 59.115.156.244
HTTP_REFERER: 
requested: array(3) {
  ["controller"] => string(12) "wp-login.php"
  ["action"] => string(5) "index"
  ["module"] => string(7) "default"
}


--------------------------------------------------------------------------------
2017-11-07T13:48:53+00:00 ERR (3) 404 Seite nicht gefunden
REMOTE_ADDR: 119.246.105.21
HTTP_REFERER: 
requested: array(3) {
  ["controller"] => string(12) "wp-login.php"
  ["action"] => string(5) "index"
  ["module"] => string(7) "default"
}


--------------------------------------------------------------------------------
2017-11-07T14:59:22+00:00 ERR (3) 404 Seite nicht gefunden
REMOTE_ADDR: 181.95.245.235
HTTP_REFERER: 
requested: array(3) {
  ["controller"] => string(12) "wp-login.php"
  ["action"] => string(5) "index"
  ["module"] => string(7) "default"
}


--------------------------------------------------------------------------------
2017-11-07T15:08:52+00:00 ERR (3) 404 Seite nicht gefunden
REMOTE_ADDR: 175.101.144.65
HTTP_REFERER: 
requested: array(3) {
  ["controller"] => string(12) "wp-login.php"
  ["action"] => string(5) "index"
  ["module"] => string(7) "default"
}


--------------------------------------------------------------------------------
2017-11-07T15:24:33+00:00 ERR (3) 404 Seite nicht gefunden
REMOTE_ADDR: 179.219.179.202
HTTP_REFERER: 
requested: array(3) {
  ["controller"] => string(12) "wp-login.php"
  ["action"] => string(5) "index"
  ["module"] => string(7) "default"
}


--------------------------------------------------------------------------------
2017-11-07T16:14:00+00:00 ERR (3) 404 Seite nicht gefunden
REMOTE_ADDR: 216.239.136.14
HTTP_REFERER: 
requested: array(3) {
  ["controller"] => string(8) "wp-admin"
  ["action"] => string(5) "index"
  ["module"] => string(7) "default"
}


--------------------------------------------------------------------------------
2017-11-07T16:23:43+00:00 ERR (3) 404 Seite nicht gefunden
REMOTE_ADDR: 62.210.185.4
HTTP_REFERER: 
requested: array(3) {
  ["controller"] => string(4) "test"
  ["action"] => string(8) "wp-admin"
  ["module"] => string(7) "default"
}


--------------------------------------------------------------------------------
2017-11-07T16:26:43+00:00 ERR (3) 404 Seite nicht gefunden
REMOTE_ADDR: 59.134.86.50
HTTP_REFERER: 
requested: array(3) {
  ["controller"] => string(12) "wp-login.php"
  ["action"] => string(5) "index"
  ["module"] => string(7) "default"
}


--------------------------------------------------------------------------------
2017-11-07T16:33:17+00:00 ERR (3) 404 Seite nicht gefunden
REMOTE_ADDR: 97.74.24.105
HTTP_REFERER: 
requested: array(3) {
  ["controller"] => string(9) "wordpress"
  ["action"] => string(8) "wp-admin"
  ["module"] => string(7) "default"
}


--------------------------------------------------------------------------------
2017-11-07T16:37:01+00:00 ERR (3) 404 Seite nicht gefunden
REMOTE_ADDR: 103.19.198.29
HTTP_REFERER: 
requested: array(3) {
  ["controller"] => string(12) "wp-login.php"
  ["action"] => string(5) "index"
  ["module"] => string(7) "default"
}


--------------------------------------------------------------------------------
2017-11-07T16:42:11+00:00 ERR (3) 404 Seite nicht gefunden
REMOTE_ADDR: 91.181.222.66
HTTP_REFERER: 
requested: array(3) {
  ["controller"] => string(12) "wp-login.php"
  ["action"] => string(5) "index"
  ["module"] => string(7) "default"
}


--------------------------------------------------------------------------------
2017-11-07T16:42:50+00:00 ERR (3) 404 Seite nicht gefunden
REMOTE_ADDR: 177.185.194.107
HTTP_REFERER: 
requested: array(3) {
  ["controller"] => string(4) "blog"
  ["action"] => string(8) "wp-admin"
  ["module"] => string(7) "default"
}


--------------------------------------------------------------------------------
2017-11-07T16:52:02+00:00 ERR (3) 404 Seite nicht gefunden
REMOTE_ADDR: 173.208.83.50
HTTP_REFERER: 
requested: array(3) {
  ["controller"] => string(2) "wp"
  ["action"] => string(8) "wp-admin"
  ["module"] => string(7) "default"
}


--------------------------------------------------------------------------------
2017-11-07T16:55:27+00:00 ERR (3) 404 Seite nicht gefunden
REMOTE_ADDR: 39.50.75.154
HTTP_REFERER: 
requested: array(3) {
  ["controller"] => string(12) "wp-login.php"
  ["action"] => string(5) "index"
  ["module"] => string(7) "default"
}


--------------------------------------------------------------------------------
2017-11-07T17:01:33+00:00 ERR (3) 404 Seite nicht gefunden
REMOTE_ADDR: 74.208.16.183
HTTP_REFERER: 
requested: array(3) {
  ["controller"] => string(3) "old"
  ["action"] => string(8) "wp-admin"
  ["module"] => string(7) "default"
}


--------------------------------------------------------------------------------
2017-11-07T17:04:52+00:00 ERR (3) 404 Seite nicht gefunden
REMOTE_ADDR: 178.235.40.99
HTTP_REFERER: 
requested: array(3) {
  ["controller"] => string(12) "wp-login.php"
  ["action"] => string(5) "index"
  ["module"] => string(7) "default"
}


--------------------------------------------------------------------------------
2017-11-07T17:15:14+00:00 ERR (3) 404 Seite nicht gefunden
REMOTE_ADDR: 93.65.171.60
HTTP_REFERER: 
requested: array(3) {
  ["controller"] => string(12) "wp-login.php"
  ["action"] => string(5) "index"
  ["module"] => string(7) "default"
}


--------------------------------------------------------------------------------
2017-11-07T17:28:16+00:00 ERR (3) 404 Seite nicht gefunden
REMOTE_ADDR: 46.214.135.150
HTTP_REFERER: 
requested: array(3) {
  ["controller"] => string(12) "wp-login.php"
  ["action"] => string(5) "index"
  ["module"] => string(7) "default"
}


--------------------------------------------------------------------------------
2017-11-07T17:33:31+00:00 ERR (3) 404 Seite nicht gefunden
REMOTE_ADDR: 14.139.35.235
HTTP_REFERER: 
requested: array(3) {
  ["controller"] => string(12) "wp-login.php"
  ["action"] => string(5) "index"
  ["module"] => string(7) "default"
}


--------------------------------------------------------------------------------
2017-11-07T17:35:44+00:00 ERR (3) 404 Seite nicht gefunden
REMOTE_ADDR: 175.156.97.251
HTTP_REFERER: 
requested: array(3) {
  ["controller"] => string(12) "wp-login.php"
  ["action"] => string(5) "index"
  ["module"] => string(7) "default"
}


--------------------------------------------------------------------------------
2017-11-07T17:46:42+00:00 ERR (3) 404 Seite nicht gefunden
REMOTE_ADDR: 156.221.128.224
HTTP_REFERER: 
requested: array(3) {
  ["controller"] => string(12) "wp-login.php"
  ["action"] => string(5) "index"
  ["module"] => string(7) "default"
}


--------------------------------------------------------------------------------
2017-11-07T17:58:13+00:00 ERR (3) 404 Seite nicht gefunden
REMOTE_ADDR: 177.6.118.220
HTTP_REFERER: 
requested: array(3) {
  ["controller"] => string(12) "wp-login.php"
  ["action"] => string(5) "index"
  ["module"] => string(7) "default"
}


--------------------------------------------------------------------------------
2017-11-07T18:18:47+00:00 ERR (3) 404 Seite nicht gefunden
REMOTE_ADDR: 60.243.215.157
HTTP_REFERER: 
requested: array(3) {
  ["controller"] => string(12) "wp-login.php"
  ["action"] => string(5) "index"
  ["module"] => string(7) "default"
}


--------------------------------------------------------------------------------
2017-11-07T18:20:47+00:00 ERR (3) 404 Seite nicht gefunden
REMOTE_ADDR: 182.75.175.150
HTTP_REFERER: 
requested: array(3) {
  ["controller"] => string(12) "wp-login.php"
  ["action"] => string(5) "index"
  ["module"] => string(7) "default"
}


--------------------------------------------------------------------------------
2017-11-07T18:40:33+00:00 ERR (3) 404 Seite nicht gefunden
REMOTE_ADDR: 112.39.146.97
HTTP_REFERER: 
requested: array(3) {
  ["controller"] => string(12) "wp-login.php"
  ["action"] => string(5) "index"
  ["module"] => string(7) "default"
}


--------------------------------------------------------------------------------
2017-11-07T18:45:55+00:00 ERR (3) 404 Seite nicht gefunden
REMOTE_ADDR: 14.192.208.63
HTTP_REFERER: 
requested: array(3) {
  ["controller"] => string(12) "wp-login.php"
  ["action"] => string(5) "index"
  ["module"] => string(7) "default"
}


--------------------------------------------------------------------------------
2017-11-07T18:51:48+00:00 ERR (3) 404 Seite nicht gefunden
REMOTE_ADDR: 187.190.156.99
HTTP_REFERER: 
requested: array(3) {
  ["controller"] => string(12) "wp-login.php"
  ["action"] => string(5) "index"
  ["module"] => string(7) "default"
}


--------------------------------------------------------------------------------
2017-11-07T18:51:53+00:00 ERR (3) 404 Seite nicht gefunden
REMOTE_ADDR: 92.241.157.181
HTTP_REFERER: 
requested: array(3) {
  ["controller"] => string(12) "wp-login.php"
  ["action"] => string(5) "index"
  ["module"] => string(7) "default"
}


--------------------------------------------------------------------------------
2017-11-07T19:11:09+00:00 ERR (3) 404 Seite nicht gefunden
REMOTE_ADDR: 86.99.34.31
HTTP_REFERER: 
requested: array(3) {
  ["controller"] => string(12) "wp-login.php"
  ["action"] => string(5) "index"
  ["module"] => string(7) "default"
}


--------------------------------------------------------------------------------
2017-11-07T19:37:31+00:00 ERR (3) 404 Seite nicht gefunden
REMOTE_ADDR: 89.201.211.94
HTTP_REFERER: 
requested: array(3) {
  ["controller"] => string(12) "wp-login.php"
  ["action"] => string(5) "index"
  ["module"] => string(7) "default"
}


--------------------------------------------------------------------------------
2017-11-07T20:11:39+00:00 ERR (3) 404 Seite nicht gefunden
REMOTE_ADDR: 89.229.63.224
HTTP_REFERER: 
requested: array(3) {
  ["controller"] => string(12) "wp-login.php"
  ["action"] => string(5) "index"
  ["module"] => string(7) "default"
}


--------------------------------------------------------------------------------
2017-11-07T21:27:25+00:00 ERR (3) 404 Seite nicht gefunden
REMOTE_ADDR: 94.128.178.207
HTTP_REFERER: 
requested: array(3) {
  ["controller"] => string(12) "wp-login.php"
  ["action"] => string(5) "index"
  ["module"] => string(7) "default"
}


--------------------------------------------------------------------------------
2017-11-07T21:37:31+00:00 ERR (3) 404 Seite nicht gefunden
REMOTE_ADDR: 154.233.171.93
HTTP_REFERER: 
requested: array(3) {
  ["controller"] => string(12) "wp-login.php"
  ["action"] => string(5) "index"
  ["module"] => string(7) "default"
}


--------------------------------------------------------------------------------
2017-11-07T21:58:16+00:00 ERR (3) 404 Seite nicht gefunden
REMOTE_ADDR: 69.138.69.150
HTTP_REFERER: 
requested: array(3) {
  ["controller"] => string(12) "wp-login.php"
  ["action"] => string(5) "index"
  ["module"] => string(7) "default"
}


--------------------------------------------------------------------------------
2017-11-07T22:11:14+00:00 ERR (3) 404 Seite nicht gefunden
REMOTE_ADDR: 82.233.188.52
HTTP_REFERER: 
requested: array(3) {
  ["controller"] => string(12) "wp-login.php"
  ["action"] => string(5) "index"
  ["module"] => string(7) "default"
}


--------------------------------------------------------------------------------
2017-11-07T22:12:24+00:00 ERR (3) 404 Seite nicht gefunden
REMOTE_ADDR: 222.186.3.97
HTTP_REFERER: 
requested: array(3) {
  ["controller"] => string(8) "wgcddede"
  ["action"] => string(3) "inc"
  ["module"] => string(7) "default"
}


--------------------------------------------------------------------------------
2017-11-07T22:12:25+00:00 ERR (3) 404 Seite nicht gefunden
REMOTE_ADDR: 222.186.3.97
HTTP_REFERER: 
requested: array(3) {
  ["controller"] => string(4) "dede"
  ["action"] => string(3) "inc"
  ["module"] => string(7) "default"
}


--------------------------------------------------------------------------------
2017-11-07T22:12:25+00:00 ERR (3) 404 Seite nicht gefunden
REMOTE_ADDR: 222.186.3.97
HTTP_REFERER: 
requested: array(3) {
  ["controller"] => string(4) "dede"
  ["action"] => string(3) "inc"
  ["module"] => string(7) "default"
}


--------------------------------------------------------------------------------
2017-11-07T22:12:26+00:00 ERR (3) 404 Seite nicht gefunden
REMOTE_ADDR: 222.186.3.97
HTTP_REFERER: 
requested: array(3) {
  ["controller"] => string(9) "kmkvadmin"
  ["action"] => string(3) "inc"
  ["module"] => string(7) "default"
}


--------------------------------------------------------------------------------
2017-11-07T22:12:26+00:00 ERR (3) 404 Seite nicht gefunden
REMOTE_ADDR: 222.186.3.97
HTTP_REFERER: 
requested: array(3) {
  ["controller"] => string(5) "admin"
  ["action"] => string(3) "inc"
  ["module"] => string(7) "default"
}


--------------------------------------------------------------------------------
2017-11-07T22:12:27+00:00 ERR (3) 404 Seite nicht gefunden
REMOTE_ADDR: 222.186.3.97
HTTP_REFERER: 
requested: array(3) {
  ["controller"] => string(5) "admin"
  ["action"] => string(3) "inc"
  ["module"] => string(7) "default"
}


--------------------------------------------------------------------------------
2017-11-07T22:16:35+00:00 ERR (3) 404 Seite nicht gefunden
REMOTE_ADDR: 97.113.100.109
HTTP_REFERER: 
requested: array(3) {
  ["controller"] => string(12) "wp-login.php"
  ["action"] => string(5) "index"
  ["module"] => string(7) "default"
}


--------------------------------------------------------------------------------
2017-11-07T23:31:55+00:00 ERR (3) 404 Seite nicht gefunden
REMOTE_ADDR: 190.196.170.242
HTTP_REFERER: 
requested: array(3) {
  ["controller"] => string(12) "wp-login.php"
  ["action"] => string(5) "index"
  ["module"] => string(7) "default"
}


--------------------------------------------------------------------------------
