2019-03-09T04:22:21+00:00 ERR (3) 404 Seite nicht gefunden
REMOTE_ADDR: 66.249.65.186
HTTP_REFERER: 
requested: array(3) {
  ["controller"] => string(3) "lib"
  ["action"] => string(5) "index"
  ["module"] => string(7) "default"
}


--------------------------------------------------------------------------------
2019-03-09T04:50:52+00:00 ERR (3) 404 Seite nicht gefunden
REMOTE_ADDR: 66.249.65.190
HTTP_REFERER: 
requested: array(3) {
  ["controller"] => string(5) "tests"
  ["action"] => string(5) "index"
  ["module"] => string(7) "default"
}


--------------------------------------------------------------------------------
2019-03-09T09:03:49+00:00 ERR (3) 404 Seite nicht gefunden
REMOTE_ADDR: 61.154.29.7
HTTP_REFERER: 
requested: array(4) {
  ["controller"] => string(9) "wordpress"
  ["action"] => string(10) "wp-content"
  ["plugins"] => string(3) "ubh"
  ["module"] => string(7) "default"
}


--------------------------------------------------------------------------------
2019-03-09T09:57:42+00:00 ERR (3) 404 "competences" was not found.
REMOTE_ADDR: 94.130.14.196
HTTP_REFERER: 
requested: array(5) {
  ["lang"] => string(2) "de"
  ["action"] => string(4) "page"
  ["key"] => string(11) "competences"
  ["module"] => string(7) "default"
  ["controller"] => string(5) "index"
}


--------------------------------------------------------------------------------
2019-03-09T11:38:46+00:00 ERR (3) 404 Seite nicht gefunden
REMOTE_ADDR: 109.102.111.76
HTTP_REFERER: 
requested: array(4) {
  ["controller"] => string(6) "https:"
  [""] => string(19) "silber-und-blei.com"
  ["action"] => string(5) "index"
  ["module"] => string(7) "default"
}


--------------------------------------------------------------------------------
2019-03-09T12:32:33+00:00 ERR (3) 404 Page not found
REMOTE_ADDR: 134.73.199.154
HTTP_REFERER: http://graphicore.de/wp-content/themes/headway-165/style.css
requested: array(4) {
  ["controller"] => string(10) "wp-content"
  ["action"] => string(6) "themes"
  ["headway-165"] => string(9) "style.css"
  ["module"] => string(7) "default"
}


--------------------------------------------------------------------------------
2019-03-09T19:46:14+00:00 ERR (3) 404 Seite nicht gefunden
REMOTE_ADDR: 71.19.148.20
HTTP_REFERER: 
requested: array(3) {
  ["controller"] => string(4) "user"
  ["action"] => string(8) "register"
  ["module"] => string(7) "default"
}


--------------------------------------------------------------------------------
2019-03-09T23:12:38+00:00 ERR (3) 404 Seite nicht gefunden
REMOTE_ADDR: 213.49.92.74
HTTP_REFERER: 
requested: array(3) {
  ["controller"] => string(6) "https:"
  ["action"] => string(19) "silber-und-blei.com"
  ["module"] => string(7) "default"
}


--------------------------------------------------------------------------------
