2014-01-03T00:02:09+00:00 ERR (3) 404 "hire-lasse" was not found.
REMOTE_ADDR: 5.10.83.92
HTTP_REFERER: 
requested: array(5) {
  ["lang"] => string(2) "de"
  ["action"] => string(4) "page"
  ["key"] => string(10) "hire-lasse"
  ["module"] => string(7) "default"
  ["controller"] => string(5) "index"
}


--------------------------------------------------------------------------------
2014-01-03T08:08:46+00:00 ERR (3) 404 Seite nicht gefunden
REMOTE_ADDR: 192.99.0.11
HTTP_REFERER: http://graphicore.de/forum/
requested: array(3) {
  ["controller"] => string(5) "forum"
  ["action"] => string(5) "index"
  ["module"] => string(7) "default"
}


--------------------------------------------------------------------------------
2014-01-03T13:21:26+00:00 ERR (3) 404 "de" was not found.
REMOTE_ADDR: 208.115.113.89
HTTP_REFERER: 
requested: array(5) {
  ["lang"] => string(2) "en"
  ["action"] => string(7) "archive"
  ["key"] => string(2) "de"
  ["module"] => string(7) "default"
  ["controller"] => string(5) "index"
}


--------------------------------------------------------------------------------
2014-01-03T13:45:45+00:00 ERR (3) 404 Page not found
REMOTE_ADDR: 180.76.5.153
HTTP_REFERER: 
requested: array(3) {
  ["controller"] => string(7) "galerie"
  ["action"] => string(5) "embed"
  ["module"] => string(7) "default"
}


--------------------------------------------------------------------------------
2014-01-03T15:33:11+00:00 ERR (3) 404 Seite nicht gefunden
REMOTE_ADDR: 5.10.83.64
HTTP_REFERER: 
requested: array(4) {
  ["controller"] => string(5) "forum"
  ["action"] => string(13) "viewtopic.php"
  ["module"] => string(7) "default"
  ["t"] => string(2) "13"
}


--------------------------------------------------------------------------------
2014-01-03T22:07:10+00:00 ERR (3) 404 Seite nicht gefunden
REMOTE_ADDR: 202.46.63.167
HTTP_REFERER: 
requested: array(3) {
  ["controller"] => string(7) "galerie"
  ["action"] => string(5) "embed"
  ["module"] => string(7) "default"
}


--------------------------------------------------------------------------------
