2012-04-05T02:07:13+00:00 ERR (3) 404 "2010-10-18%5fLa%5fMirada%5fde%5fElla" was not found.
REMOTE_ADDR: 204.11.219.113
HTTP_REFERER: 
requested: array(5) {
  ["lang"] => string(2) "en"
  ["action"] => string(7) "archive"
  ["key"] => string(36) "2010-10-18%5fLa%5fMirada%5fde%5fElla"
  ["module"] => string(7) "default"
  ["controller"] => string(5) "index"
}


--------------------------------------------------------------------------------
2012-04-05T02:07:13+00:00 ERR (3) 404 "2010-10-12%5fserious%5ftoys" was not found.
REMOTE_ADDR: 204.11.219.113
HTTP_REFERER: 
requested: array(5) {
  ["lang"] => string(2) "en"
  ["action"] => string(7) "archive"
  ["key"] => string(27) "2010-10-12%5fserious%5ftoys"
  ["module"] => string(7) "default"
  ["controller"] => string(5) "index"
}


--------------------------------------------------------------------------------
2012-04-05T02:07:13+00:00 ERR (3) 404 "2010-07-09%5fi-live-again" was not found.
REMOTE_ADDR: 204.11.219.113
HTTP_REFERER: 
requested: array(5) {
  ["lang"] => string(2) "en"
  ["action"] => string(7) "archive"
  ["key"] => string(25) "2010-07-09%5fi-live-again"
  ["module"] => string(7) "default"
  ["controller"] => string(5) "index"
}


--------------------------------------------------------------------------------
2012-04-05T02:07:13+00:00 ERR (3) 404 "2012-01-17%5fufoJS-is-not-a-bird" was not found.
REMOTE_ADDR: 204.11.219.113
HTTP_REFERER: 
requested: array(5) {
  ["lang"] => string(2) "en"
  ["action"] => string(7) "archive"
  ["key"] => string(32) "2012-01-17%5fufoJS-is-not-a-bird"
  ["module"] => string(7) "default"
  ["controller"] => string(5) "index"
}


--------------------------------------------------------------------------------
2012-04-05T02:07:14+00:00 ERR (3) 404 "2010-09-09%5fA-Brute-Font-Attack" was not found.
REMOTE_ADDR: 204.11.219.113
HTTP_REFERER: 
requested: array(5) {
  ["lang"] => string(2) "en"
  ["action"] => string(7) "archive"
  ["key"] => string(32) "2010-09-09%5fA-Brute-Font-Attack"
  ["module"] => string(7) "default"
  ["controller"] => string(5) "index"
}


--------------------------------------------------------------------------------
2012-04-05T11:38:43+00:00 ERR (3) 404 Seite nicht gefunden
REMOTE_ADDR: 184.154.49.202
HTTP_REFERER: http://graphicore.de/forum/index.php
requested: array(3) {
  ["controller"] => string(5) "forum"
  ["action"] => string(9) "index.php"
  ["module"] => string(7) "default"
}


--------------------------------------------------------------------------------
