2010-11-27T00:39:21+00:00 ERR (3) 404 Seite nicht gefunden
REMOTE_ADDR: 92.243.84.187
HTTP_REFERER: http://graphicore.de/plugins/editors/tinymce/jscripts/tiny_mce/plugins/tinybrowser/tinybrowser.php?type=file&folder=
requested: array(8) {
  ["controller"] => string(7) "plugins"
  ["action"] => string(7) "editors"
  ["tinymce"] => string(8) "jscripts"
  ["tiny_mce"] => string(7) "plugins"
  ["tinybrowser"] => string(15) "tinybrowser.php"
  ["module"] => string(7) "default"
  ["type"] => string(4) "file"
  ["folder"] => string(0) ""
}


--------------------------------------------------------------------------------
2010-11-27T04:58:29+00:00 ERR (3) 404 "story" was not found.
REMOTE_ADDR: 66.249.66.12
HTTP_REFERER: 
requested: array(6) {
  ["lang"] => string(2) "en"
  ["action"] => string(5) "index"
  ["key"] => string(5) "story"
  ["intern"] => string(9) "impressum"
  ["module"] => string(7) "default"
  ["controller"] => string(5) "index"
}


--------------------------------------------------------------------------------
2010-11-27T21:58:30+00:00 ERR (3) 404 "story" was not found.
REMOTE_ADDR: 67.16.94.2
HTTP_REFERER: 
requested: array(6) {
  ["lang"] => string(2) "en"
  ["action"] => string(5) "index"
  ["key"] => string(5) "story"
  ["intern"] => string(6) "abraum"
  ["module"] => string(7) "default"
  ["controller"] => string(5) "index"
}


--------------------------------------------------------------------------------
