2021-01-15T00:28:09+00:00 ERR (3) 404 Seite nicht gefunden
REMOTE_ADDR: 82.165.224.134
HTTP_REFERER: 
requested: array(3) {
  ["controller"] => string(11) "sitemap.xml"
  ["action"] => string(5) "index"
  ["module"] => string(7) "default"
}


--------------------------------------------------------------------------------
2021-01-15T00:28:12+00:00 ERR (3) 404 Seite nicht gefunden
REMOTE_ADDR: 82.165.224.134
HTTP_REFERER: 
requested: array(3) {
  ["controller"] => string(8) "wp-admin"
  ["action"] => string(14) "admin-ajax.php"
  ["module"] => string(7) "default"
}


--------------------------------------------------------------------------------
2021-01-15T01:03:29+00:00 ERR (3) 404 "competences" was not found.
REMOTE_ADDR: 82.165.224.238
HTTP_REFERER: 
requested: array(5) {
  ["lang"] => string(2) "de"
  ["action"] => string(4) "page"
  ["key"] => string(11) "competences"
  ["module"] => string(7) "default"
  ["controller"] => string(5) "index"
}


--------------------------------------------------------------------------------
2021-01-15T02:56:59+00:00 ERR (3) 404 Seite nicht gefunden
REMOTE_ADDR: 115.76.48.244
HTTP_REFERER: 
requested: array(3) {
  ["controller"] => string(13) "administrator"
  ["action"] => string(5) "index"
  ["module"] => string(7) "default"
}


--------------------------------------------------------------------------------
2021-01-15T02:57:00+00:00 ERR (3) 404 Seite nicht gefunden
REMOTE_ADDR: 115.76.48.244
HTTP_REFERER: http://graphicore.de/administrator/
requested: array(3) {
  ["controller"] => string(13) "administrator"
  ["action"] => string(9) "index.php"
  ["module"] => string(7) "default"
}


--------------------------------------------------------------------------------
2021-01-15T02:57:01+00:00 ERR (3) 404 Seite nicht gefunden
REMOTE_ADDR: 115.76.48.244
HTTP_REFERER: 
requested: array(3) {
  ["controller"] => string(12) "wp-login.php"
  ["action"] => string(5) "index"
  ["module"] => string(7) "default"
}


--------------------------------------------------------------------------------
2021-01-15T02:57:01+00:00 ERR (3) 404 Seite nicht gefunden
REMOTE_ADDR: 115.76.48.244
HTTP_REFERER: http://graphicore.de/wp-login.php
requested: array(3) {
  ["controller"] => string(8) "wp-admin"
  ["action"] => string(5) "index"
  ["module"] => string(7) "default"
}


--------------------------------------------------------------------------------
2021-01-15T02:57:02+00:00 ERR (3) 404 Seite nicht gefunden
REMOTE_ADDR: 115.76.48.244
HTTP_REFERER: 
requested: array(3) {
  ["controller"] => string(9) "admin.php"
  ["action"] => string(5) "index"
  ["module"] => string(7) "default"
}


--------------------------------------------------------------------------------
2021-01-15T02:57:03+00:00 ERR (3) 404 Seite nicht gefunden
REMOTE_ADDR: 115.76.48.244
HTTP_REFERER: 
requested: array(3) {
  ["controller"] => string(5) "admin"
  ["action"] => string(5) "index"
  ["module"] => string(7) "default"
}


--------------------------------------------------------------------------------
2021-01-15T02:57:04+00:00 ERR (3) 404 Seite nicht gefunden
REMOTE_ADDR: 115.76.48.244
HTTP_REFERER: 
requested: array(3) {
  ["controller"] => string(5) "admin"
  ["action"] => string(5) "index"
  ["module"] => string(7) "default"
}


--------------------------------------------------------------------------------
2021-01-15T02:57:05+00:00 ERR (3) 404 Seite nicht gefunden
REMOTE_ADDR: 115.76.48.244
HTTP_REFERER: 
requested: array(3) {
  ["controller"] => string(5) "admin"
  ["action"] => string(5) "index"
  ["module"] => string(7) "default"
}


--------------------------------------------------------------------------------
2021-01-15T02:57:42+00:00 ERR (3) 404 Seite nicht gefunden
REMOTE_ADDR: 188.213.49.243
HTTP_REFERER: 
requested: array(3) {
  ["controller"] => string(13) "administrator"
  ["action"] => string(5) "index"
  ["module"] => string(7) "default"
}


--------------------------------------------------------------------------------
2021-01-15T02:57:43+00:00 ERR (3) 404 Seite nicht gefunden
REMOTE_ADDR: 188.213.49.243
HTTP_REFERER: http://graphicore.de/administrator/
requested: array(3) {
  ["controller"] => string(13) "administrator"
  ["action"] => string(9) "index.php"
  ["module"] => string(7) "default"
}


--------------------------------------------------------------------------------
2021-01-15T02:57:49+00:00 ERR (3) 404 Seite nicht gefunden
REMOTE_ADDR: 91.132.147.168
HTTP_REFERER: 
requested: array(3) {
  ["controller"] => string(12) "wp-login.php"
  ["action"] => string(5) "index"
  ["module"] => string(7) "default"
}


--------------------------------------------------------------------------------
2021-01-15T02:57:49+00:00 ERR (3) 404 Seite nicht gefunden
REMOTE_ADDR: 91.132.147.168
HTTP_REFERER: http://graphicore.de/wp-login.php
requested: array(3) {
  ["controller"] => string(8) "wp-admin"
  ["action"] => string(5) "index"
  ["module"] => string(7) "default"
}


--------------------------------------------------------------------------------
2021-01-15T02:58:03+00:00 ERR (3) 404 Seite nicht gefunden
REMOTE_ADDR: 185.220.101.143
HTTP_REFERER: 
requested: array(3) {
  ["controller"] => string(9) "admin.php"
  ["action"] => string(5) "index"
  ["module"] => string(7) "default"
}


--------------------------------------------------------------------------------
2021-01-15T02:59:04+00:00 ERR (3) 404 Seite nicht gefunden
REMOTE_ADDR: 185.220.101.23
HTTP_REFERER: 
requested: array(3) {
  ["controller"] => string(5) "admin"
  ["action"] => string(5) "index"
  ["module"] => string(7) "default"
}


--------------------------------------------------------------------------------
2021-01-15T03:39:59+00:00 ERR (3) 404 Seite nicht gefunden
REMOTE_ADDR: 13.66.139.23
HTTP_REFERER: 
requested: array(3) {
  ["controller"] => string(8) "atom.xml"
  ["action"] => string(5) "index"
  ["module"] => string(7) "default"
}


--------------------------------------------------------------------------------
2021-01-15T04:52:14+00:00 ERR (3) 404 "hire-lasse" was not found.
REMOTE_ADDR: 94.130.64.96
HTTP_REFERER: 
requested: array(5) {
  ["lang"] => string(2) "de"
  ["action"] => string(4) "page"
  ["key"] => string(10) "hire-lasse"
  ["module"] => string(7) "default"
  ["controller"] => string(5) "index"
}


--------------------------------------------------------------------------------
2021-01-15T04:54:48+00:00 ERR (3) 404 "competences" was not found.
REMOTE_ADDR: 94.130.64.96
HTTP_REFERER: 
requested: array(5) {
  ["lang"] => string(2) "en"
  ["action"] => string(4) "page"
  ["key"] => string(11) "competences"
  ["module"] => string(7) "default"
  ["controller"] => string(5) "index"
}


--------------------------------------------------------------------------------
2021-01-15T04:54:54+00:00 ERR (3) 404 "hire-lasse" was not found.
REMOTE_ADDR: 94.130.64.96
HTTP_REFERER: 
requested: array(5) {
  ["lang"] => string(2) "en"
  ["action"] => string(4) "page"
  ["key"] => string(10) "hire-lasse"
  ["module"] => string(7) "default"
  ["controller"] => string(5) "index"
}


--------------------------------------------------------------------------------
2021-01-15T11:54:19+00:00 ERR (3) 404 Seite nicht gefunden
REMOTE_ADDR: 103.147.1.156
HTTP_REFERER: http://graphicore.de/wp-login.php
requested: array(3) {
  ["controller"] => string(8) "wp-admin"
  ["action"] => string(5) "index"
  ["module"] => string(7) "default"
}


--------------------------------------------------------------------------------
2021-01-15T11:54:20+00:00 ERR (3) 404 Seite nicht gefunden
REMOTE_ADDR: 103.147.1.156
HTTP_REFERER: 
requested: array(3) {
  ["controller"] => string(9) "admin.php"
  ["action"] => string(5) "index"
  ["module"] => string(7) "default"
}


--------------------------------------------------------------------------------
2021-01-15T11:54:21+00:00 ERR (3) 404 Seite nicht gefunden
REMOTE_ADDR: 103.147.1.156
HTTP_REFERER: 
requested: array(3) {
  ["controller"] => string(5) "admin"
  ["action"] => string(5) "index"
  ["module"] => string(7) "default"
}


--------------------------------------------------------------------------------
2021-01-15T11:54:21+00:00 ERR (3) 404 Seite nicht gefunden
REMOTE_ADDR: 103.147.1.156
HTTP_REFERER: 
requested: array(3) {
  ["controller"] => string(5) "admin"
  ["action"] => string(5) "index"
  ["module"] => string(7) "default"
}


--------------------------------------------------------------------------------
2021-01-15T11:54:22+00:00 ERR (3) 404 Seite nicht gefunden
REMOTE_ADDR: 103.147.1.156
HTTP_REFERER: 
requested: array(3) {
  ["controller"] => string(5) "admin"
  ["action"] => string(5) "index"
  ["module"] => string(7) "default"
}


--------------------------------------------------------------------------------
2021-01-15T11:55:02+00:00 ERR (3) 404 Seite nicht gefunden
REMOTE_ADDR: 185.220.102.4
HTTP_REFERER: 
requested: array(3) {
  ["controller"] => string(13) "administrator"
  ["action"] => string(5) "index"
  ["module"] => string(7) "default"
}


--------------------------------------------------------------------------------
2021-01-15T11:55:26+00:00 ERR (3) 404 Seite nicht gefunden
REMOTE_ADDR: 185.220.101.202
HTTP_REFERER: 
requested: array(3) {
  ["controller"] => string(13) "administrator"
  ["action"] => string(9) "index.php"
  ["module"] => string(7) "default"
}


--------------------------------------------------------------------------------
2021-01-15T11:55:44+00:00 ERR (3) 404 Seite nicht gefunden
REMOTE_ADDR: 185.220.101.202
HTTP_REFERER: 
requested: array(3) {
  ["controller"] => string(12) "wp-login.php"
  ["action"] => string(5) "index"
  ["module"] => string(7) "default"
}


--------------------------------------------------------------------------------
2021-01-15T11:55:44+00:00 ERR (3) 404 Seite nicht gefunden
REMOTE_ADDR: 185.220.101.202
HTTP_REFERER: http://graphicore.de/wp-login.php
requested: array(3) {
  ["controller"] => string(8) "wp-admin"
  ["action"] => string(5) "index"
  ["module"] => string(7) "default"
}


--------------------------------------------------------------------------------
2021-01-15T11:56:37+00:00 ERR (3) 404 Seite nicht gefunden
REMOTE_ADDR: 178.17.174.198
HTTP_REFERER: 
requested: array(3) {
  ["controller"] => string(5) "admin"
  ["action"] => string(5) "index"
  ["module"] => string(7) "default"
}


--------------------------------------------------------------------------------
2021-01-15T20:39:12+00:00 ERR (3) 404 Seite nicht gefunden
REMOTE_ADDR: 194.107.178.236
HTTP_REFERER: https://findclan.org/ads/enlister/3558
requested: array(3) {
  ["controller"] => string(5) "forum"
  ["action"] => string(5) "index"
  ["module"] => string(7) "default"
}


--------------------------------------------------------------------------------
2021-01-15T20:39:13+00:00 ERR (3) 404 Seite nicht gefunden
REMOTE_ADDR: 194.107.178.236
HTTP_REFERER: https://findclan.org/ads/enlister/3558
requested: array(3) {
  ["controller"] => string(5) "forum"
  ["action"] => string(5) "index"
  ["module"] => string(7) "default"
}


--------------------------------------------------------------------------------
2021-01-15T20:39:13+00:00 ERR (3) 404 Seite nicht gefunden
REMOTE_ADDR: 194.107.178.236
HTTP_REFERER: https://findclan.org/ads/enlister/3558
requested: array(3) {
  ["controller"] => string(5) "forum"
  ["action"] => string(5) "index"
  ["module"] => string(7) "default"
}


--------------------------------------------------------------------------------
2021-01-15T20:39:14+00:00 ERR (3) 404 Seite nicht gefunden
REMOTE_ADDR: 194.107.178.236
HTTP_REFERER: https://findclan.org/ads/enlister/3558
requested: array(3) {
  ["controller"] => string(5) "forum"
  ["action"] => string(5) "index"
  ["module"] => string(7) "default"
}


--------------------------------------------------------------------------------
2021-01-15T23:11:40+00:00 ERR (3) 404 "hire-lasse" was not found.
REMOTE_ADDR: 95.216.96.245
HTTP_REFERER: http://graphicore.de/de/feed/rss
requested: array(5) {
  ["lang"] => string(2) "de"
  ["action"] => string(4) "page"
  ["key"] => string(10) "hire-lasse"
  ["module"] => string(7) "default"
  ["controller"] => string(5) "index"
}


--------------------------------------------------------------------------------
