2015-01-03T04:59:27+00:00 ERR (3) 404 "hire-lasse" was not found.
REMOTE_ADDR: 81.30.151.220
HTTP_REFERER: 
requested: array(5) {
  ["lang"] => string(2) "de"
  ["action"] => string(4) "page"
  ["key"] => string(10) "hire-lasse"
  ["module"] => string(7) "default"
  ["controller"] => string(5) "index"
}


--------------------------------------------------------------------------------
2015-01-03T10:22:39+00:00 ERR (3) 404 Seite nicht gefunden
REMOTE_ADDR: 91.61.103.127
HTTP_REFERER: 
requested: array(3) {
  ["controller"] => string(32) "apple-touch-icon-precomposed.png"
  ["action"] => string(5) "index"
  ["module"] => string(7) "default"
}


--------------------------------------------------------------------------------
2015-01-03T10:22:39+00:00 ERR (3) 404 Seite nicht gefunden
REMOTE_ADDR: 91.61.103.127
HTTP_REFERER: 
requested: array(3) {
  ["controller"] => string(20) "apple-touch-icon.png"
  ["action"] => string(5) "index"
  ["module"] => string(7) "default"
}


--------------------------------------------------------------------------------
2015-01-03T12:50:54+00:00 ERR (3) 404 "hire-lasse" was not found.
REMOTE_ADDR: 157.55.39.201
HTTP_REFERER: 
requested: array(5) {
  ["lang"] => string(2) "de"
  ["action"] => string(4) "page"
  ["key"] => string(10) "hire-lasse"
  ["module"] => string(7) "default"
  ["controller"] => string(5) "index"
}


--------------------------------------------------------------------------------
2015-01-03T17:42:29+00:00 ERR (3) 404 Seite nicht gefunden
REMOTE_ADDR: 95.90.216.247
HTTP_REFERER: 
requested: array(5) {
  ["lang"] => string(2) "de"
  ["action"] => string(5) "lasse"
  ["module"] => string(7) "default"
  ["controller"] => string(5) "index"
  ["key"] => string(0) ""
}


--------------------------------------------------------------------------------
2015-01-03T21:26:48+00:00 ERR (3) 404 "hire-lasse" was not found.
REMOTE_ADDR: 66.249.67.122
HTTP_REFERER: 
requested: array(5) {
  ["lang"] => string(2) "en"
  ["action"] => string(4) "page"
  ["key"] => string(10) "hire-lasse"
  ["module"] => string(7) "default"
  ["controller"] => string(5) "index"
}


--------------------------------------------------------------------------------
2015-01-03T22:36:54+00:00 ERR (3) 404 "hire-lasse" was not found.
REMOTE_ADDR: 162.243.119.191
HTTP_REFERER: http://graphicore.de/en/archive/2010-09-09_A-Brute-Font-Attack
requested: array(5) {
  ["lang"] => string(2) "en"
  ["action"] => string(4) "page"
  ["key"] => string(10) "hire-lasse"
  ["module"] => string(7) "default"
  ["controller"] => string(5) "index"
}


--------------------------------------------------------------------------------
2015-01-03T22:37:14+00:00 ERR (3) 404 "hire-lasse" was not found.
REMOTE_ADDR: 162.243.119.191
HTTP_REFERER: http://graphicore.de/de/archive/2010-09-09_A-Brute-Font-Attack
requested: array(5) {
  ["lang"] => string(2) "de"
  ["action"] => string(4) "page"
  ["key"] => string(10) "hire-lasse"
  ["module"] => string(7) "default"
  ["controller"] => string(5) "index"
}


--------------------------------------------------------------------------------
