2015-06-13T00:35:37+00:00 ERR (3) 404 Seite nicht gefunden
REMOTE_ADDR: 104.219.54.64
HTTP_REFERER: 
requested: array(4) {
  ["controller"] => string(6) "https:"
  [""] => string(19) "silber-und-blei.com"
  ["action"] => string(5) "index"
  ["module"] => string(7) "default"
}


--------------------------------------------------------------------------------
2015-06-13T00:35:39+00:00 ERR (3) 404 Seite nicht gefunden
REMOTE_ADDR: 104.219.54.64
HTTP_REFERER: 
requested: array(3) {
  ["controller"] => string(2) "js"
  ["action"] => string(1) "'"
  ["module"] => string(7) "default"
}


--------------------------------------------------------------------------------
2015-06-13T02:32:45+00:00 ERR (3) 404 Seite nicht gefunden
REMOTE_ADDR: 84.127.27.253
HTTP_REFERER: 
requested: array(4) {
  ["controller"] => string(6) "https:"
  [""] => string(19) "silber-und-blei.com"
  ["action"] => string(5) "index"
  ["module"] => string(7) "default"
}


--------------------------------------------------------------------------------
2015-06-13T02:32:47+00:00 ERR (3) 404 Seite nicht gefunden
REMOTE_ADDR: 84.127.27.253
HTTP_REFERER: 
requested: array(3) {
  ["controller"] => string(2) "js"
  ["action"] => string(1) "'"
  ["module"] => string(7) "default"
}


--------------------------------------------------------------------------------
2015-06-13T03:43:23+00:00 ERR (3) 404 Seite nicht gefunden
REMOTE_ADDR: 17.142.151.132
HTTP_REFERER: 
requested: array(3) {
  ["controller"] => string(20) "apple-touch-icon.png"
  ["action"] => string(5) "index"
  ["module"] => string(7) "default"
}


--------------------------------------------------------------------------------
2015-06-13T03:43:24+00:00 ERR (3) 404 Seite nicht gefunden
REMOTE_ADDR: 17.142.151.132
HTTP_REFERER: 
requested: array(3) {
  ["controller"] => string(20) "apple-touch-icon.png"
  ["action"] => string(5) "index"
  ["module"] => string(7) "default"
}


--------------------------------------------------------------------------------
2015-06-13T05:48:28+00:00 ERR (3) 404 Seite nicht gefunden
REMOTE_ADDR: 95.91.6.37
HTTP_REFERER: 
requested: array(3) {
  ["controller"] => string(5) "diary"
  ["action"] => string(4) "atom"
  ["module"] => string(7) "default"
}


--------------------------------------------------------------------------------
2015-06-13T05:48:30+00:00 ERR (3) 404 Seite nicht gefunden
REMOTE_ADDR: 95.91.6.37
HTTP_REFERER: 
requested: array(3) {
  ["controller"] => string(5) "diary"
  ["action"] => string(17) "tag:graphicore.de"
  ["module"] => string(7) "default"
}


--------------------------------------------------------------------------------
2015-06-13T07:22:02+00:00 ERR (3) 404 Seite nicht gefunden
REMOTE_ADDR: 62.205.125.94
HTTP_REFERER: 
requested: array(4) {
  ["controller"] => string(6) "https:"
  [""] => string(19) "silber-und-blei.com"
  ["action"] => string(5) "index"
  ["module"] => string(7) "default"
}


--------------------------------------------------------------------------------
2015-06-13T07:22:02+00:00 ERR (3) 404 Seite nicht gefunden
REMOTE_ADDR: 62.205.125.94
HTTP_REFERER: 
requested: array(3) {
  ["controller"] => string(2) "js"
  ["action"] => string(1) "'"
  ["module"] => string(7) "default"
}


--------------------------------------------------------------------------------
2015-06-13T11:59:07+00:00 ERR (3) 404 Seite nicht gefunden
REMOTE_ADDR: 89.29.175.68
HTTP_REFERER: 
requested: array(4) {
  ["controller"] => string(6) "https:"
  [""] => string(19) "silber-und-blei.com"
  ["action"] => string(5) "index"
  ["module"] => string(7) "default"
}


--------------------------------------------------------------------------------
2015-06-13T11:59:08+00:00 ERR (3) 404 Seite nicht gefunden
REMOTE_ADDR: 89.29.175.68
HTTP_REFERER: 
requested: array(3) {
  ["controller"] => string(2) "js"
  ["action"] => string(1) "'"
  ["module"] => string(7) "default"
}


--------------------------------------------------------------------------------
2015-06-13T20:11:48+00:00 ERR (3) 404 Seite nicht gefunden
REMOTE_ADDR: 89.29.175.68
HTTP_REFERER: 
requested: array(4) {
  ["controller"] => string(6) "https:"
  [""] => string(19) "silber-und-blei.com"
  ["action"] => string(5) "index"
  ["module"] => string(7) "default"
}


--------------------------------------------------------------------------------
2015-06-13T20:11:51+00:00 ERR (3) 404 Seite nicht gefunden
REMOTE_ADDR: 89.29.175.68
HTTP_REFERER: 
requested: array(3) {
  ["controller"] => string(2) "js"
  ["action"] => string(1) "'"
  ["module"] => string(7) "default"
}


--------------------------------------------------------------------------------
2015-06-13T21:02:49+00:00 ERR (3) 404 Seite nicht gefunden
REMOTE_ADDR: 89.29.175.68
HTTP_REFERER: 
requested: array(4) {
  ["controller"] => string(6) "https:"
  [""] => string(19) "silber-und-blei.com"
  ["action"] => string(5) "index"
  ["module"] => string(7) "default"
}


--------------------------------------------------------------------------------
2015-06-13T21:02:53+00:00 ERR (3) 404 Seite nicht gefunden
REMOTE_ADDR: 89.29.175.68
HTTP_REFERER: 
requested: array(3) {
  ["controller"] => string(2) "js"
  ["action"] => string(1) "'"
  ["module"] => string(7) "default"
}


--------------------------------------------------------------------------------
