2011-07-27T02:02:51+00:00 ERR (3) 404 Seite nicht gefunden
REMOTE_ADDR: 195.28.2.31
HTTP_REFERER: http://graphicore.de/forum/index.php
requested: array(3) {
  ["controller"] => string(5) "forum"
  ["action"] => string(9) "index.php"
  ["module"] => string(7) "default"
}


--------------------------------------------------------------------------------
2011-07-27T05:24:45+00:00 ERR (3) 404 Seite nicht gefunden
REMOTE_ADDR: 66.249.71.111
HTTP_REFERER: 
requested: array(9) {
  ["controller"] => string(5) "forum"
  ["action"] => string(13) "viewtopic.php"
  ["module"] => string(7) "default"
  ["t"] => string(2) "12"
  ["start"] => string(1) "0"
  ["postdays"] => string(1) "0"
  ["postorder"] => string(3) "asc"
  ["highlight"] => string(0) ""
  ["sid"] => string(32) "e46dce32445e338e9e87bc03dfb5b476"
}


--------------------------------------------------------------------------------
2011-07-27T07:25:22+00:00 ERR (3) 404 Seite nicht gefunden
REMOTE_ADDR: 66.249.71.111
HTTP_REFERER: 
requested: array(5) {
  ["controller"] => string(5) "forum"
  ["action"] => string(13) "viewtopic.php"
  ["module"] => string(7) "default"
  ["p"] => string(1) "8"
  ["sid"] => string(32) "e2125535c4e688c77ea43208af8467aa"
}


--------------------------------------------------------------------------------
2011-07-27T09:20:39+00:00 ERR (3) 404 Seite nicht gefunden
REMOTE_ADDR: 66.249.71.111
HTTP_REFERER: 
requested: array(5) {
  ["controller"] => string(5) "forum"
  ["action"] => string(13) "viewtopic.php"
  ["module"] => string(7) "default"
  ["p"] => string(2) "80"
  ["sid"] => string(32) "08ca98758a6450b72493d03c986b46a8"
}


--------------------------------------------------------------------------------
2011-07-27T10:42:32+00:00 ERR (3) 404 Seite nicht gefunden
REMOTE_ADDR: 218.29.97.153
HTTP_REFERER: http://graphicore.de/forum/index.php
requested: array(3) {
  ["controller"] => string(5) "forum"
  ["action"] => string(9) "index.php"
  ["module"] => string(7) "default"
}


--------------------------------------------------------------------------------
2011-07-27T10:45:49+00:00 ERR (3) 404 Seite nicht gefunden
REMOTE_ADDR: 66.249.72.233
HTTP_REFERER: 
requested: array(5) {
  ["controller"] => string(5) "forum"
  ["action"] => string(13) "viewforum.php"
  ["module"] => string(7) "default"
  ["f"] => string(1) "1"
  ["sid"] => string(32) "7286b4d6dcefcd1bd809b0cc7552c79e"
}


--------------------------------------------------------------------------------
2011-07-27T11:35:43+00:00 ERR (3) 404 Seite nicht gefunden
REMOTE_ADDR: 66.249.72.233
HTTP_REFERER: 
requested: array(5) {
  ["controller"] => string(5) "forum"
  ["action"] => string(13) "viewtopic.php"
  ["module"] => string(7) "default"
  ["p"] => string(1) "9"
  ["sid"] => string(32) "e2125535c4e688c77ea43208af8467aa"
}


--------------------------------------------------------------------------------
2011-07-27T12:52:16+00:00 ERR (3) 404 Seite nicht gefunden
REMOTE_ADDR: 66.249.72.233
HTTP_REFERER: 
requested: array(9) {
  ["controller"] => string(5) "forum"
  ["action"] => string(13) "viewtopic.php"
  ["module"] => string(7) "default"
  ["t"] => string(2) "11"
  ["start"] => string(1) "0"
  ["postdays"] => string(1) "0"
  ["postorder"] => string(3) "asc"
  ["highlight"] => string(0) ""
  ["sid"] => string(32) "bf43d85f5afcc8b9d8f0922dace8e2b3"
}


--------------------------------------------------------------------------------
2011-07-27T13:17:21+00:00 ERR (3) 404 Seite nicht gefunden
REMOTE_ADDR: 66.249.72.233
HTTP_REFERER: 
requested: array(9) {
  ["controller"] => string(5) "forum"
  ["action"] => string(13) "viewtopic.php"
  ["module"] => string(7) "default"
  ["t"] => string(2) "12"
  ["start"] => string(1) "0"
  ["postdays"] => string(1) "0"
  ["postorder"] => string(3) "asc"
  ["highlight"] => string(0) ""
  ["sid"] => string(32) "08ca98758a6450b72493d03c986b46a8"
}


--------------------------------------------------------------------------------
2011-07-27T16:23:03+00:00 ERR (3) 404 Seite nicht gefunden
REMOTE_ADDR: 66.249.72.233
HTTP_REFERER: 
requested: array(5) {
  ["controller"] => string(5) "forum"
  ["action"] => string(13) "viewtopic.php"
  ["module"] => string(7) "default"
  ["p"] => string(2) "62"
  ["sid"] => string(32) "e46dce32445e338e9e87bc03dfb5b476"
}


--------------------------------------------------------------------------------
2011-07-27T17:18:45+00:00 ERR (3) 404 Seite nicht gefunden
REMOTE_ADDR: 66.249.72.233
HTTP_REFERER: 
requested: array(8) {
  ["controller"] => string(5) "forum"
  ["action"] => string(13) "viewtopic.php"
  ["module"] => string(7) "default"
  ["t"] => string(1) "5"
  ["postdays"] => string(1) "0"
  ["postorder"] => string(3) "asc"
  ["start"] => string(2) "15"
  ["sid"] => string(32) "0f9df61b9fce347ce8bf3bdcfc61d6ef"
}


--------------------------------------------------------------------------------
2011-07-27T22:06:49+00:00 ERR (3) 404 Seite nicht gefunden
REMOTE_ADDR: 66.249.72.233
HTTP_REFERER: 
requested: array(9) {
  ["controller"] => string(5) "forum"
  ["action"] => string(13) "viewtopic.php"
  ["module"] => string(7) "default"
  ["t"] => string(1) "5"
  ["start"] => string(1) "0"
  ["postdays"] => string(1) "0"
  ["postorder"] => string(3) "asc"
  ["highlight"] => string(0) ""
  ["sid"] => string(32) "0f9df61b9fce347ce8bf3bdcfc61d6ef"
}


--------------------------------------------------------------------------------
