2020-02-14T03:48:01+00:00 ERR (3) 404 Seite nicht gefunden
REMOTE_ADDR: 66.249.73.186
HTTP_REFERER: 
requested: array(4) {
  ["controller"] => string(5) "diary"
  ["action"] => string(29) "tag:graphicore.de,2013-11-13:"
  ["diary"] => string(27) "201311131703405283b0ecf2532"
  ["module"] => string(7) "default"
}


--------------------------------------------------------------------------------
2020-02-14T08:22:51+00:00 ERR (3) 404 Page not found
REMOTE_ADDR: 37.114.132.131
HTTP_REFERER: 
requested: array(3) {
  ["controller"] => string(12) "wp-login.php"
  ["action"] => string(5) "index"
  ["module"] => string(7) "default"
}


--------------------------------------------------------------------------------
2020-02-14T13:20:38+00:00 ERR (3) 404 "hire-lasse" was not found.
REMOTE_ADDR: 112.114.89.142
HTTP_REFERER: 
requested: array(5) {
  ["lang"] => string(2) "en"
  ["action"] => string(4) "page"
  ["key"] => string(10) "hire-lasse"
  ["module"] => string(7) "default"
  ["controller"] => string(5) "index"
}


--------------------------------------------------------------------------------
2020-02-14T14:04:56+00:00 ERR (3) 404 Seite nicht gefunden
REMOTE_ADDR: 162.241.219.134
HTTP_REFERER: http://graphicore.de/
requested: array(3) {
  ["controller"] => string(6) "backup"
  ["action"] => string(5) "index"
  ["module"] => string(7) "default"
}


--------------------------------------------------------------------------------
2020-02-14T14:05:32+00:00 ERR (3) 404 Seite nicht gefunden
REMOTE_ADDR: 64.90.36.103
HTTP_REFERER: http://graphicore.de/
requested: array(3) {
  ["controller"] => string(3) "OLD"
  ["action"] => string(5) "index"
  ["module"] => string(7) "default"
}


--------------------------------------------------------------------------------
2020-02-14T14:06:52+00:00 ERR (3) 404 Seite nicht gefunden
REMOTE_ADDR: 198.57.247.192
HTTP_REFERER: http://graphicore.de/
requested: array(3) {
  ["controller"] => string(3) "old"
  ["action"] => string(5) "index"
  ["module"] => string(7) "default"
}


--------------------------------------------------------------------------------
2020-02-14T14:07:01+00:00 ERR (3) 404 Seite nicht gefunden
REMOTE_ADDR: 80.88.87.196
HTTP_REFERER: http://graphicore.de/
requested: array(3) {
  ["controller"] => string(9) "wordpress"
  ["action"] => string(5) "index"
  ["module"] => string(7) "default"
}


--------------------------------------------------------------------------------
2020-02-14T14:07:44+00:00 ERR (3) 404 Seite nicht gefunden
REMOTE_ADDR: 162.241.218.118
HTTP_REFERER: http://graphicore.de/
requested: array(3) {
  ["controller"] => string(2) "wp"
  ["action"] => string(5) "index"
  ["module"] => string(7) "default"
}


--------------------------------------------------------------------------------
2020-02-14T14:07:49+00:00 ERR (3) 404 Seite nicht gefunden
REMOTE_ADDR: 173.254.104.55
HTTP_REFERER: http://graphicore.de/
requested: array(3) {
  ["controller"] => string(4) "blog"
  ["action"] => string(5) "index"
  ["module"] => string(7) "default"
}


--------------------------------------------------------------------------------
2020-02-14T16:52:47+00:00 ERR (3) 404 Seite nicht gefunden
REMOTE_ADDR: 146.66.91.152
HTTP_REFERER: http://graphicore.de/
requested: array(3) {
  ["controller"] => string(4) "test"
  ["action"] => string(5) "index"
  ["module"] => string(7) "default"
}


--------------------------------------------------------------------------------
2020-02-14T20:13:50+00:00 ERR (3) 404 Page not found
REMOTE_ADDR: 115.84.92.2
HTTP_REFERER: 
requested: array(3) {
  ["controller"] => string(13) "administrator"
  ["action"] => string(9) "index.php"
  ["module"] => string(7) "default"
}


--------------------------------------------------------------------------------
