2011-07-03T02:18:02+00:00 ERR (3) 404 "en" was not found.
REMOTE_ADDR: 208.115.111.74
HTTP_REFERER: 
requested: array(5) {
  ["lang"] => string(2) "de"
  ["action"] => string(7) "archive"
  ["key"] => string(2) "en"
  ["module"] => string(7) "default"
  ["controller"] => string(5) "index"
}


--------------------------------------------------------------------------------
2011-07-03T06:52:56+00:00 ERR (3) 404 The filter "de" was not found.
REMOTE_ADDR: 208.115.111.248
HTTP_REFERER: 
requested: array(5) {
  ["lang"] => string(2) "de"
  ["action"] => string(5) "diary"
  ["key"] => string(2) "de"
  ["module"] => string(7) "default"
  ["controller"] => string(5) "index"
}


--------------------------------------------------------------------------------
2011-07-03T06:53:01+00:00 ERR (3) 404 The filter "en" was not found.
REMOTE_ADDR: 208.115.111.248
HTTP_REFERER: 
requested: array(5) {
  ["lang"] => string(2) "de"
  ["action"] => string(5) "diary"
  ["key"] => string(2) "en"
  ["module"] => string(7) "default"
  ["controller"] => string(5) "index"
}


--------------------------------------------------------------------------------
2011-07-03T08:35:47+00:00 ERR (3) 404 Seite nicht gefunden
REMOTE_ADDR: 66.249.72.131
HTTP_REFERER: 
requested: array(6) {
  ["controller"] => string(5) "forum"
  ["action"] => string(9) "login.php"
  ["module"] => string(7) "default"
  ["redirect"] => string(10) "search.php"
  ["search_id"] => string(8) "newposts"
  ["sid"] => string(32) "7613e007fc42aead1606a151a7c88f5a"
}


--------------------------------------------------------------------------------
2011-07-03T08:50:33+00:00 ERR (3) 404 "" was not found.
REMOTE_ADDR: 77.20.40.173
HTTP_REFERER: 
requested: array(5) {
  ["lang"] => string(2) "de"
  ["action"] => string(7) "archive"
  ["module"] => string(7) "default"
  ["controller"] => string(5) "index"
  ["key"] => string(0) ""
}


--------------------------------------------------------------------------------
2011-07-03T09:52:40+00:00 ERR (3) 404 Seite nicht gefunden
REMOTE_ADDR: 188.102.214.62
HTTP_REFERER: 
requested: array(3) {
  ["controller"] => string(1) "-"
  ["action"] => string(5) "index"
  ["module"] => string(7) "default"
}


--------------------------------------------------------------------------------
2011-07-03T10:15:35+00:00 ERR (3) 404 Seite nicht gefunden
REMOTE_ADDR: 66.249.72.131
HTTP_REFERER: 
requested: array(6) {
  ["controller"] => string(5) "forum"
  ["action"] => string(9) "login.php"
  ["module"] => string(7) "default"
  ["redirect"] => string(10) "search.php"
  ["search_id"] => string(8) "newposts"
  ["sid"] => string(32) "7b83e9d122378fbdd4d85f12117a0b0f"
}


--------------------------------------------------------------------------------
2011-07-03T10:28:33+00:00 ERR (3) 404 Seite nicht gefunden
REMOTE_ADDR: 66.249.72.131
HTTP_REFERER: 
requested: array(5) {
  ["controller"] => string(5) "forum"
  ["action"] => string(13) "viewtopic.php"
  ["module"] => string(7) "default"
  ["p"] => string(2) "51"
  ["sid"] => string(32) "45825308453f302b4c77a7fcea7f8991"
}


--------------------------------------------------------------------------------
2011-07-03T10:30:58+00:00 ERR (3) 404 Seite nicht gefunden
REMOTE_ADDR: 66.249.72.131
HTTP_REFERER: 
requested: array(6) {
  ["controller"] => string(5) "forum"
  ["action"] => string(9) "login.php"
  ["module"] => string(7) "default"
  ["redirect"] => string(10) "search.php"
  ["search_id"] => string(8) "newposts"
  ["sid"] => string(32) "c18135a78ea7d4709a4df3ff24182482"
}


--------------------------------------------------------------------------------
2011-07-03T10:31:49+00:00 ERR (3) 404 Seite nicht gefunden
REMOTE_ADDR: 66.249.72.131
HTTP_REFERER: 
requested: array(6) {
  ["controller"] => string(5) "forum"
  ["action"] => string(9) "login.php"
  ["module"] => string(7) "default"
  ["redirect"] => string(10) "search.php"
  ["search_id"] => string(8) "newposts"
  ["sid"] => string(32) "db036248904c831967be1c279a2ad1f6"
}


--------------------------------------------------------------------------------
2011-07-03T11:03:23+00:00 ERR (3) 404 Seite nicht gefunden
REMOTE_ADDR: 66.249.72.131
HTTP_REFERER: 
requested: array(5) {
  ["controller"] => string(5) "forum"
  ["action"] => string(10) "search.php"
  ["module"] => string(7) "default"
  ["search_id"] => string(8) "newposts"
  ["sid"] => string(32) "3a818cb7fff335d4bb7f9692af49a83a"
}


--------------------------------------------------------------------------------
2011-07-03T11:06:41+00:00 ERR (3) 404 Seite nicht gefunden
REMOTE_ADDR: 66.249.72.131
HTTP_REFERER: 
requested: array(6) {
  ["controller"] => string(5) "forum"
  ["action"] => string(13) "viewforum.php"
  ["module"] => string(7) "default"
  ["f"] => string(1) "1"
  ["mark"] => string(6) "topics"
  ["sid"] => string(32) "3445e35f9fe3038fd4c5b8943fd56c5c"
}


--------------------------------------------------------------------------------
2011-07-03T11:13:04+00:00 ERR (3) 404 Seite nicht gefunden
REMOTE_ADDR: 66.249.72.131
HTTP_REFERER: 
requested: array(5) {
  ["controller"] => string(5) "forum"
  ["action"] => string(13) "viewtopic.php"
  ["module"] => string(7) "default"
  ["p"] => string(2) "67"
  ["sid"] => string(32) "45825308453f302b4c77a7fcea7f8991"
}


--------------------------------------------------------------------------------
2011-07-03T11:50:08+00:00 ERR (3) 404 Seite nicht gefunden
REMOTE_ADDR: 66.249.72.131
HTTP_REFERER: 
requested: array(5) {
  ["controller"] => string(5) "forum"
  ["action"] => string(13) "viewtopic.php"
  ["module"] => string(7) "default"
  ["p"] => string(2) "54"
  ["sid"] => string(32) "45825308453f302b4c77a7fcea7f8991"
}


--------------------------------------------------------------------------------
2011-07-03T12:36:14+00:00 ERR (3) 404 Seite nicht gefunden
REMOTE_ADDR: 66.249.72.131
HTTP_REFERER: 
requested: array(5) {
  ["controller"] => string(5) "forum"
  ["action"] => string(13) "viewtopic.php"
  ["module"] => string(7) "default"
  ["p"] => string(2) "46"
  ["sid"] => string(32) "1b889e9b97847e5d0f5d09f76e1755ca"
}


--------------------------------------------------------------------------------
2011-07-03T12:37:24+00:00 ERR (3) 404 Seite nicht gefunden
REMOTE_ADDR: 46.17.96.168
HTTP_REFERER: http://graphicore.de/forum/index.php
requested: array(3) {
  ["controller"] => string(5) "forum"
  ["action"] => string(9) "index.php"
  ["module"] => string(7) "default"
}


--------------------------------------------------------------------------------
2011-07-03T13:02:21+00:00 ERR (3) 404 Seite nicht gefunden
REMOTE_ADDR: 195.162.68.246
HTTP_REFERER: http://graphicore.de/forum/index.php
requested: array(3) {
  ["controller"] => string(5) "forum"
  ["action"] => string(9) "index.php"
  ["module"] => string(7) "default"
}


--------------------------------------------------------------------------------
2011-07-03T16:21:18+00:00 ERR (3) 404 Seite nicht gefunden
REMOTE_ADDR: 66.249.72.131
HTTP_REFERER: 
requested: array(9) {
  ["controller"] => string(5) "forum"
  ["action"] => string(13) "viewtopic.php"
  ["module"] => string(7) "default"
  ["t"] => string(1) "8"
  ["start"] => string(1) "0"
  ["postdays"] => string(1) "0"
  ["postorder"] => string(3) "asc"
  ["highlight"] => string(0) ""
  ["sid"] => string(32) "45825308453f302b4c77a7fcea7f8991"
}


--------------------------------------------------------------------------------
