2015-05-20T00:27:31+00:00 ERR (3) 404 "hire-lasse" was not found.
REMOTE_ADDR: 194.187.168.26
HTTP_REFERER: 
requested: array(5) {
  ["lang"] => string(2) "de"
  ["action"] => string(4) "page"
  ["key"] => string(10) "hire-lasse"
  ["module"] => string(7) "default"
  ["controller"] => string(5) "index"
}


--------------------------------------------------------------------------------
2015-05-20T01:45:18+00:00 ERR (3) 404 "hire-lasse" was not found.
REMOTE_ADDR: 136.243.14.163
HTTP_REFERER: 
requested: array(5) {
  ["lang"] => string(2) "en"
  ["action"] => string(4) "page"
  ["key"] => string(10) "hire-lasse"
  ["module"] => string(7) "default"
  ["controller"] => string(5) "index"
}


--------------------------------------------------------------------------------
2015-05-20T02:11:37+00:00 ERR (3) 404 Seite nicht gefunden
REMOTE_ADDR: 217.26.52.50
HTTP_REFERER: 
requested: array(3) {
  ["controller"] => string(8) "wp-admin"
  ["action"] => string(5) "index"
  ["module"] => string(7) "default"
}


--------------------------------------------------------------------------------
2015-05-20T02:28:37+00:00 ERR (3) 404 Seite nicht gefunden
REMOTE_ADDR: 50.22.11.19
HTTP_REFERER: 
requested: array(3) {
  ["controller"] => string(9) "wordpress"
  ["action"] => string(8) "wp-admin"
  ["module"] => string(7) "default"
}


--------------------------------------------------------------------------------
2015-05-20T02:37:15+00:00 ERR (3) 404 Seite nicht gefunden
REMOTE_ADDR: 223.130.27.125
HTTP_REFERER: 
requested: array(3) {
  ["controller"] => string(4) "blog"
  ["action"] => string(8) "wp-admin"
  ["module"] => string(7) "default"
}


--------------------------------------------------------------------------------
2015-05-20T02:45:47+00:00 ERR (3) 404 Seite nicht gefunden
REMOTE_ADDR: 37.34.57.250
HTTP_REFERER: 
requested: array(3) {
  ["controller"] => string(2) "wp"
  ["action"] => string(8) "wp-admin"
  ["module"] => string(7) "default"
}


--------------------------------------------------------------------------------
2015-05-20T02:54:10+00:00 ERR (3) 404 Seite nicht gefunden
REMOTE_ADDR: 195.128.174.116
HTTP_REFERER: 
requested: array(3) {
  ["controller"] => string(3) "old"
  ["action"] => string(8) "wp-admin"
  ["module"] => string(7) "default"
}


--------------------------------------------------------------------------------
2015-05-20T03:10:26+00:00 ERR (3) 404 Seite nicht gefunden
REMOTE_ADDR: 175.142.229.111
HTTP_REFERER: 
requested: array(4) {
  ["controller"] => string(6) "https:"
  [""] => string(19) "silber-und-blei.com"
  ["action"] => string(5) "index"
  ["module"] => string(7) "default"
}


--------------------------------------------------------------------------------
2015-05-20T03:10:28+00:00 ERR (3) 404 Seite nicht gefunden
REMOTE_ADDR: 175.142.229.111
HTTP_REFERER: 
requested: array(3) {
  ["controller"] => string(2) "js"
  ["action"] => string(1) "'"
  ["module"] => string(7) "default"
}


--------------------------------------------------------------------------------
2015-05-20T03:10:29+00:00 ERR (3) 404 Seite nicht gefunden
REMOTE_ADDR: 191.252.0.153
HTTP_REFERER: 
requested: array(3) {
  ["controller"] => string(6) "images"
  ["action"] => string(7) "xxu.php"
  ["module"] => string(7) "default"
}


--------------------------------------------------------------------------------
2015-05-20T04:21:19+00:00 ERR (3) 404 "" was not found.
REMOTE_ADDR: 178.137.19.143
HTTP_REFERER: http://mini.afora.ru/
requested: array(5) {
  ["lang"] => string(2) "en"
  ["action"] => string(7) "archive"
  ["module"] => string(7) "default"
  ["controller"] => string(5) "index"
  ["key"] => string(0) ""
}


--------------------------------------------------------------------------------
2015-05-20T04:21:19+00:00 ERR (3) 404 "" was not found.
REMOTE_ADDR: 178.137.19.143
HTTP_REFERER: http://mini.afora.ru/
requested: array(5) {
  ["lang"] => string(2) "en"
  ["action"] => string(7) "archive"
  ["module"] => string(7) "default"
  ["controller"] => string(5) "index"
  ["key"] => string(0) ""
}


--------------------------------------------------------------------------------
2015-05-20T04:21:20+00:00 ERR (3) 404 "" was not found.
REMOTE_ADDR: 178.137.19.143
HTTP_REFERER: http://mini.afora.ru/
requested: array(5) {
  ["lang"] => string(2) "en"
  ["action"] => string(7) "archive"
  ["module"] => string(7) "default"
  ["controller"] => string(5) "index"
  ["key"] => string(0) ""
}


--------------------------------------------------------------------------------
2015-05-20T05:10:15+00:00 ERR (3) 404 "hire-lasse" was not found.
REMOTE_ADDR: 82.127.66.231
HTTP_REFERER: 
requested: array(5) {
  ["lang"] => string(2) "de"
  ["action"] => string(4) "page"
  ["key"] => string(10) "hire-lasse"
  ["module"] => string(7) "default"
  ["controller"] => string(5) "index"
}


--------------------------------------------------------------------------------
2015-05-20T05:17:28+00:00 ERR (3) 404 "hire-lasse" was not found.
REMOTE_ADDR: 5.9.14.184
HTTP_REFERER: 
requested: array(5) {
  ["lang"] => string(2) "de"
  ["action"] => string(4) "page"
  ["key"] => string(10) "hire-lasse"
  ["module"] => string(7) "default"
  ["controller"] => string(5) "index"
}


--------------------------------------------------------------------------------
2015-05-20T05:19:00+00:00 ERR (3) 404 Seite nicht gefunden
REMOTE_ADDR: 216.127.154.121
HTTP_REFERER: 
requested: array(3) {
  ["controller"] => string(8) "wp-admin"
  ["action"] => string(5) "index"
  ["module"] => string(7) "default"
}


--------------------------------------------------------------------------------
2015-05-20T05:27:13+00:00 ERR (3) 404 Seite nicht gefunden
REMOTE_ADDR: 69.194.230.3
HTTP_REFERER: 
requested: array(3) {
  ["controller"] => string(4) "test"
  ["action"] => string(8) "wp-admin"
  ["module"] => string(7) "default"
}


--------------------------------------------------------------------------------
2015-05-20T05:35:25+00:00 ERR (3) 404 Seite nicht gefunden
REMOTE_ADDR: 92.53.113.220
HTTP_REFERER: 
requested: array(3) {
  ["controller"] => string(9) "wordpress"
  ["action"] => string(8) "wp-admin"
  ["module"] => string(7) "default"
}


--------------------------------------------------------------------------------
2015-05-20T05:44:03+00:00 ERR (3) 404 Seite nicht gefunden
REMOTE_ADDR: 65.60.58.2
HTTP_REFERER: 
requested: array(3) {
  ["controller"] => string(4) "blog"
  ["action"] => string(8) "wp-admin"
  ["module"] => string(7) "default"
}


--------------------------------------------------------------------------------
2015-05-20T05:51:42+00:00 ERR (3) 404 Seite nicht gefunden
REMOTE_ADDR: 50.28.92.59
HTTP_REFERER: 
requested: array(3) {
  ["controller"] => string(2) "wp"
  ["action"] => string(8) "wp-admin"
  ["module"] => string(7) "default"
}


--------------------------------------------------------------------------------
2015-05-20T06:00:31+00:00 ERR (3) 404 Seite nicht gefunden
REMOTE_ADDR: 85.236.157.21
HTTP_REFERER: 
requested: array(3) {
  ["controller"] => string(3) "old"
  ["action"] => string(8) "wp-admin"
  ["module"] => string(7) "default"
}


--------------------------------------------------------------------------------
2015-05-20T06:05:03+00:00 ERR (3) 404 "hire-lasse" was not found.
REMOTE_ADDR: 176.9.143.70
HTTP_REFERER: 
requested: array(5) {
  ["lang"] => string(2) "en"
  ["action"] => string(4) "page"
  ["key"] => string(10) "hire-lasse"
  ["module"] => string(7) "default"
  ["controller"] => string(5) "index"
}


--------------------------------------------------------------------------------
2015-05-20T08:50:32+00:00 ERR (3) 404 "" was not found.
REMOTE_ADDR: 109.120.157.179
HTTP_REFERER: http://www.artparquet.ru/
requested: array(5) {
  ["lang"] => string(2) "en"
  ["action"] => string(7) "archive"
  ["module"] => string(7) "default"
  ["controller"] => string(5) "index"
  ["key"] => string(0) ""
}


--------------------------------------------------------------------------------
2015-05-20T08:50:32+00:00 ERR (3) 404 "" was not found.
REMOTE_ADDR: 109.120.157.179
HTTP_REFERER: http://www.artparquet.ru/
requested: array(5) {
  ["lang"] => string(2) "en"
  ["action"] => string(7) "archive"
  ["module"] => string(7) "default"
  ["controller"] => string(5) "index"
  ["key"] => string(0) ""
}


--------------------------------------------------------------------------------
2015-05-20T08:50:33+00:00 ERR (3) 404 "" was not found.
REMOTE_ADDR: 109.120.157.179
HTTP_REFERER: http://www.artparquet.ru/
requested: array(5) {
  ["lang"] => string(2) "en"
  ["action"] => string(7) "archive"
  ["module"] => string(7) "default"
  ["controller"] => string(5) "index"
  ["key"] => string(0) ""
}


--------------------------------------------------------------------------------
2015-05-20T14:08:12+00:00 ERR (3) 404 "hire-lasse" was not found.
REMOTE_ADDR: 176.9.143.70
HTTP_REFERER: 
requested: array(5) {
  ["lang"] => string(2) "de"
  ["action"] => string(4) "page"
  ["key"] => string(10) "hire-lasse"
  ["module"] => string(7) "default"
  ["controller"] => string(5) "index"
}


--------------------------------------------------------------------------------
2015-05-20T14:24:59+00:00 ERR (3) 404 "2014-02-27_kaufland-firewall-service" was not found.
REMOTE_ADDR: 66.249.73.148
HTTP_REFERER: 
requested: array(5) {
  ["lang"] => string(2) "en"
  ["action"] => string(7) "archive"
  ["key"] => string(36) "2014-02-27_kaufland-firewall-service"
  ["module"] => string(7) "default"
  ["controller"] => string(5) "index"
}


--------------------------------------------------------------------------------
2015-05-20T15:22:53+00:00 ERR (3) 404 "hire-lasse" was not found.
REMOTE_ADDR: 5.9.24.198
HTTP_REFERER: 
requested: array(5) {
  ["lang"] => string(2) "de"
  ["action"] => string(4) "page"
  ["key"] => string(10) "hire-lasse"
  ["module"] => string(7) "default"
  ["controller"] => string(5) "index"
}


--------------------------------------------------------------------------------
2015-05-20T18:40:45+00:00 ERR (3) 404 "hire-lasse" was not found.
REMOTE_ADDR: 176.9.143.70
HTTP_REFERER: 
requested: array(5) {
  ["lang"] => string(2) "de"
  ["action"] => string(4) "page"
  ["key"] => string(10) "hire-lasse"
  ["module"] => string(7) "default"
  ["controller"] => string(5) "index"
}


--------------------------------------------------------------------------------
2015-05-20T20:08:24+00:00 ERR (3) 404 "hire-lasse" was not found.
REMOTE_ADDR: 136.243.14.164
HTTP_REFERER: 
requested: array(5) {
  ["lang"] => string(2) "en"
  ["action"] => string(4) "page"
  ["key"] => string(10) "hire-lasse"
  ["module"] => string(7) "default"
  ["controller"] => string(5) "index"
}


--------------------------------------------------------------------------------
2015-05-20T21:56:40+00:00 ERR (3) 404 "hire-lasse" was not found.
REMOTE_ADDR: 136.243.14.166
HTTP_REFERER: 
requested: array(5) {
  ["lang"] => string(2) "de"
  ["action"] => string(4) "page"
  ["key"] => string(10) "hire-lasse"
  ["module"] => string(7) "default"
  ["controller"] => string(5) "index"
}


--------------------------------------------------------------------------------
