2018-07-28T00:00:02+00:00 ERR (3) 404 "2014-02-27_kaufland-firewall-service" was not found.
REMOTE_ADDR: 66.249.66.198
HTTP_REFERER: 
requested: array(5) {
  ["lang"] => string(2) "de"
  ["action"] => string(7) "archive"
  ["key"] => string(36) "2014-02-27_kaufland-firewall-service"
  ["module"] => string(7) "default"
  ["controller"] => string(5) "index"
}


--------------------------------------------------------------------------------
2018-07-28T05:01:46+00:00 ERR (3) 404 "hire-lasse" was not found.
REMOTE_ADDR: 85.25.210.234
HTTP_REFERER: 
requested: array(5) {
  ["lang"] => string(2) "en"
  ["action"] => string(4) "page"
  ["key"] => string(10) "hire-lasse"
  ["module"] => string(7) "default"
  ["controller"] => string(5) "index"
}


--------------------------------------------------------------------------------
2018-07-28T05:14:47+00:00 ERR (3) 404 Seite nicht gefunden
REMOTE_ADDR: 120.35.38.198
HTTP_REFERER: 
requested: array(3) {
  ["controller"] => string(16) "content-post.php"
  ["action"] => string(5) "index"
  ["module"] => string(7) "default"
}


--------------------------------------------------------------------------------
2018-07-28T05:51:07+00:00 ERR (3) 404 "competences" was not found.
REMOTE_ADDR: 62.138.0.25
HTTP_REFERER: 
requested: array(5) {
  ["lang"] => string(2) "en"
  ["action"] => string(4) "page"
  ["key"] => string(11) "competences"
  ["module"] => string(7) "default"
  ["controller"] => string(5) "index"
}


--------------------------------------------------------------------------------
2018-07-28T06:02:13+00:00 ERR (3) 404 "hire-lasse" was not found.
REMOTE_ADDR: 85.25.210.234
HTTP_REFERER: 
requested: array(5) {
  ["lang"] => string(2) "de"
  ["action"] => string(4) "page"
  ["key"] => string(10) "hire-lasse"
  ["module"] => string(7) "default"
  ["controller"] => string(5) "index"
}


--------------------------------------------------------------------------------
2018-07-28T06:28:41+00:00 ERR (3) 404 "competences" was not found.
REMOTE_ADDR: 85.25.210.234
HTTP_REFERER: 
requested: array(5) {
  ["lang"] => string(2) "de"
  ["action"] => string(4) "page"
  ["key"] => string(11) "competences"
  ["module"] => string(7) "default"
  ["controller"] => string(5) "index"
}


--------------------------------------------------------------------------------
2018-07-28T06:45:01+00:00 ERR (3) 404 Page not found
REMOTE_ADDR: 211.57.200.67
HTTP_REFERER: graphicore.de
requested: array(3) {
  ["controller"] => string(11) "wp-includes"
  ["action"] => string(2) "js"
  ["module"] => string(7) "default"
}


--------------------------------------------------------------------------------
2018-07-28T07:53:36+00:00 ERR (3) 404 Seite nicht gefunden
REMOTE_ADDR: 198.50.183.27
HTTP_REFERER: 
requested: array(4) {
  ["controller"] => string(6) "https:"
  [""] => string(19) "silber-und-blei.com"
  ["action"] => string(5) "index"
  ["module"] => string(7) "default"
}


--------------------------------------------------------------------------------
2018-07-28T15:19:12+00:00 ERR (3) 404 Page not found
REMOTE_ADDR: 162.144.192.110
HTTP_REFERER: ufojs.org
requested: array(3) {
  ["controller"] => string(11) "wp-includes"
  ["action"] => string(2) "js"
  ["module"] => string(7) "default"
}


--------------------------------------------------------------------------------
