2020-12-09T10:43:21+00:00 ERR (3) 404 Seite nicht gefunden
REMOTE_ADDR: 129.146.190.190
HTTP_REFERER: 
requested: array(3) {
  ["controller"] => string(4) ".env"
  ["action"] => string(5) "index"
  ["module"] => string(7) "default"
}


--------------------------------------------------------------------------------
2020-12-09T15:13:49+00:00 ERR (3) 404 Seite nicht gefunden
REMOTE_ADDR: 54.236.1.11
HTTP_REFERER: 
requested: array(3) {
  ["controller"] => string(20) "apple-touch-icon.png"
  ["action"] => string(5) "index"
  ["module"] => string(7) "default"
}


--------------------------------------------------------------------------------
2020-12-09T15:21:51+00:00 ERR (3) 404 Seite nicht gefunden
REMOTE_ADDR: 13.66.139.139
HTTP_REFERER: 
requested: array(3) {
  ["controller"] => string(11) "sitemap.xml"
  ["action"] => string(5) "index"
  ["module"] => string(7) "default"
}


--------------------------------------------------------------------------------
2020-12-09T15:35:02+00:00 ERR (3) 404 Seite nicht gefunden
REMOTE_ADDR: 94.130.64.96
HTTP_REFERER: 
requested: array(3) {
  ["controller"] => string(11) "sitemap.xml"
  ["action"] => string(5) "index"
  ["module"] => string(7) "default"
}


--------------------------------------------------------------------------------
2020-12-09T15:35:06+00:00 ERR (3) 404 Seite nicht gefunden
REMOTE_ADDR: 94.130.64.96
HTTP_REFERER: 
requested: array(3) {
  ["controller"] => string(11) "sitemap.xml"
  ["action"] => string(5) "index"
  ["module"] => string(7) "default"
}


--------------------------------------------------------------------------------
2020-12-09T18:25:33+00:00 ERR (3) 404 Seite nicht gefunden
REMOTE_ADDR: 69.164.192.70
HTTP_REFERER: 
requested: array(3) {
  ["controller"] => string(4) ".env"
  ["action"] => string(5) "index"
  ["module"] => string(7) "default"
}


--------------------------------------------------------------------------------
2020-12-09T19:12:58+00:00 ERR (3) 404 "hire-lasse" was not found.
REMOTE_ADDR: 5.188.211.16
HTTP_REFERER: 
requested: array(5) {
  ["lang"] => string(2) "en"
  ["action"] => string(4) "page"
  ["key"] => string(10) "hire-lasse"
  ["module"] => string(7) "default"
  ["controller"] => string(5) "index"
}


--------------------------------------------------------------------------------
2020-12-09T19:18:21+00:00 ERR (3) 404 "hire-lasse" was not found.
REMOTE_ADDR: 5.188.211.16
HTTP_REFERER: 
requested: array(5) {
  ["lang"] => string(2) "de"
  ["action"] => string(4) "page"
  ["key"] => string(10) "hire-lasse"
  ["module"] => string(7) "default"
  ["controller"] => string(5) "index"
}


--------------------------------------------------------------------------------
2020-12-09T21:20:11+00:00 ERR (3) 404 "competences" was not found.
REMOTE_ADDR: 114.119.129.198
HTTP_REFERER: 
requested: array(5) {
  ["lang"] => string(2) "de"
  ["action"] => string(4) "page"
  ["key"] => string(11) "competences"
  ["module"] => string(7) "default"
  ["controller"] => string(5) "index"
}


--------------------------------------------------------------------------------
2020-12-09T23:25:45+00:00 ERR (3) 404 Seite nicht gefunden
REMOTE_ADDR: 104.211.4.193
HTTP_REFERER: https://www.google.com/
requested: array(3) {
  ["controller"] => string(4) ".env"
  ["action"] => string(5) "index"
  ["module"] => string(7) "default"
}


--------------------------------------------------------------------------------
