2018-11-17T09:21:41+00:00 ERR (3) 404 Seite nicht gefunden
REMOTE_ADDR: 46.229.168.137
HTTP_REFERER: 
requested: array(3) {
  ["controller"] => string(11) "sitemap.xml"
  ["action"] => string(5) "index"
  ["module"] => string(7) "default"
}


--------------------------------------------------------------------------------
2018-11-17T18:58:24+00:00 ERR (3) 404 Seite nicht gefunden
REMOTE_ADDR: 18.222.228.98
HTTP_REFERER: https://google.com
requested: array(3) {
  ["controller"] => string(5) "admin"
  ["action"] => string(9) "index.php"
  ["module"] => string(7) "default"
}


--------------------------------------------------------------------------------
2018-11-17T19:26:53+00:00 ERR (3) 404 Seite nicht gefunden
REMOTE_ADDR: 31.184.238.47
HTTP_REFERER: http://graphicore.de/forum/
requested: array(3) {
  ["controller"] => string(5) "forum"
  ["action"] => string(5) "index"
  ["module"] => string(7) "default"
}


--------------------------------------------------------------------------------
