2010-11-01T00:01:47+00:00 ERR (3) 404 Seite nicht gefunden
REMOTE_ADDR: 95.28.2.239
HTTP_REFERER: http://graphicore.de/forum/index.php
requested: array(3) {
  ["controller"] => string(5) "forum"
  ["action"] => string(9) "index.php"
  ["module"] => string(7) "default"
}


--------------------------------------------------------------------------------
2010-11-01T04:12:12+00:00 ERR (3) 404 Seite nicht gefunden
REMOTE_ADDR: 66.249.66.76
HTTP_REFERER: 
requested: array(4) {
  ["controller"] => string(6) "images"
  ["action"] => string(7) "managed"
  ["en"] => string(11) "storyTeaser"
  ["module"] => string(7) "default"
}


--------------------------------------------------------------------------------
2010-11-01T16:39:33+00:00 ERR (3) 404 "topic" was not found.
REMOTE_ADDR: 193.105.210.155
HTTP_REFERER: http://graphicore.de/de/index/topic/intern/news/
requested: array(6) {
  ["lang"] => string(2) "de"
  ["action"] => string(5) "index"
  ["key"] => string(5) "topic"
  ["intern"] => string(4) "news"
  ["module"] => string(7) "default"
  ["controller"] => string(5) "index"
}


--------------------------------------------------------------------------------
