2010-10-02T07:37:16+00:00 ERR (3) 404 "story" was not found.
REMOTE_ADDR: 67.195.111.215
HTTP_REFERER: 
requested: array(6) {
  ["lang"] => string(2) "en"
  ["action"] => string(5) "index"
  ["key"] => string(5) "story"
  ["intern"] => string(6) "online"
  ["module"] => string(7) "default"
  ["controller"] => string(5) "index"
}


--------------------------------------------------------------------------------
2010-10-02T16:19:51+00:00 ERR (3) 404 Seite nicht gefunden
REMOTE_ADDR: 91.121.183.134
HTTP_REFERER: http://google.de
requested: array(3) {
  ["controller"] => string(11) "sitemap.xml"
  ["action"] => string(5) "index"
  ["module"] => string(7) "default"
}


--------------------------------------------------------------------------------
