2010-12-22T15:53:45+00:00 ERR (3) 404 "topic" was not found.
REMOTE_ADDR: 78.27.131.27
HTTP_REFERER: http://graphicore.de/de/index/topic/intern/news/
requested: array(6) {
  ["lang"] => string(2) "de"
  ["action"] => string(5) "index"
  ["key"] => string(5) "topic"
  ["intern"] => string(4) "news"
  ["module"] => string(7) "default"
  ["controller"] => string(5) "index"
}


--------------------------------------------------------------------------------
2010-12-22T18:21:10+00:00 ERR (3) 404 "story" was not found.
REMOTE_ADDR: 174.121.88.26
HTTP_REFERER: 
requested: array(6) {
  ["lang"] => string(2) "en"
  ["action"] => string(5) "index"
  ["key"] => string(5) "story"
  ["intern"] => string(7) "kontakt"
  ["module"] => string(7) "default"
  ["controller"] => string(5) "index"
}


--------------------------------------------------------------------------------
2010-12-22T19:07:52+00:00 ERR (3) 404 "story" was not found.
REMOTE_ADDR: 174.121.88.26
HTTP_REFERER: 
requested: array(6) {
  ["lang"] => string(2) "en"
  ["action"] => string(5) "index"
  ["key"] => string(5) "story"
  ["intern"] => string(6) "abraum"
  ["module"] => string(7) "default"
  ["controller"] => string(5) "index"
}


--------------------------------------------------------------------------------
2010-12-22T21:57:23+00:00 ERR (3) 404 Seite nicht gefunden
REMOTE_ADDR: 173.45.107.170
HTTP_REFERER: 
requested: array(3) {
  ["controller"] => string(10) "javascript"
  ["action"] => string(1) "'"
  ["module"] => string(7) "default"
}


--------------------------------------------------------------------------------
