2016-10-17T03:58:12+00:00 ERR (3) 404 Seite nicht gefunden
REMOTE_ADDR: 66.249.76.44
HTTP_REFERER: 
requested: array(3) {
  ["controller"] => string(26) "apple-app-site-association"
  ["action"] => string(5) "index"
  ["module"] => string(7) "default"
}


--------------------------------------------------------------------------------
2016-10-17T04:02:28+00:00 ERR (3) 404 Seite nicht gefunden
REMOTE_ADDR: 66.249.76.42
HTTP_REFERER: 
requested: array(3) {
  ["controller"] => string(11) ".well-known"
  ["action"] => string(15) "assetlinks.json"
  ["module"] => string(7) "default"
}


--------------------------------------------------------------------------------
2016-10-17T04:04:15+00:00 ERR (3) 404 Seite nicht gefunden
REMOTE_ADDR: 66.249.73.136
HTTP_REFERER: 
requested: array(3) {
  ["controller"] => string(11) ".well-known"
  ["action"] => string(26) "apple-app-site-association"
  ["module"] => string(7) "default"
}


--------------------------------------------------------------------------------
2016-10-17T12:00:31+00:00 ERR (3) 404 Seite nicht gefunden
REMOTE_ADDR: 138.201.71.21
HTTP_REFERER: 
requested: array(4) {
  ["controller"] => string(6) "https:"
  [""] => string(19) "silber-und-blei.com"
  ["action"] => string(5) "index"
  ["module"] => string(7) "default"
}


--------------------------------------------------------------------------------
2016-10-17T12:00:33+00:00 ERR (3) 404 Seite nicht gefunden
REMOTE_ADDR: 138.201.71.21
HTTP_REFERER: 
requested: array(3) {
  ["controller"] => string(2) "js"
  ["action"] => string(1) "'"
  ["module"] => string(7) "default"
}


--------------------------------------------------------------------------------
2016-10-17T19:54:56+00:00 ERR (3) 404 "hire-lasse" was not found.
REMOTE_ADDR: 40.77.167.58
HTTP_REFERER: 
requested: array(5) {
  ["lang"] => string(2) "de"
  ["action"] => string(4) "page"
  ["key"] => string(10) "hire-lasse"
  ["module"] => string(7) "default"
  ["controller"] => string(5) "index"
}


--------------------------------------------------------------------------------
2016-10-17T21:50:32+00:00 ERR (3) 404 Page not found
REMOTE_ADDR: 216.244.66.233
HTTP_REFERER: 
requested: array(5) {
  ["lang"] => string(2) "en"
  ["action"] => string(2) "en"
  ["module"] => string(7) "default"
  ["controller"] => string(5) "index"
  ["key"] => string(0) ""
}


--------------------------------------------------------------------------------
2016-10-17T21:51:49+00:00 ERR (3) 404 Page not found
REMOTE_ADDR: 216.244.66.233
HTTP_REFERER: 
requested: array(5) {
  ["lang"] => string(2) "en"
  ["action"] => string(2) "en"
  ["module"] => string(7) "default"
  ["controller"] => string(5) "index"
  ["key"] => string(0) ""
}


--------------------------------------------------------------------------------
