2013-11-24T01:06:09+00:00 ERR (3) 404 "hire-lasse" was not found.
REMOTE_ADDR: 5.9.112.66
HTTP_REFERER: 
requested: array(5) {
  ["lang"] => string(2) "de"
  ["action"] => string(4) "page"
  ["key"] => string(10) "hire-lasse"
  ["module"] => string(7) "default"
  ["controller"] => string(5) "index"
}


--------------------------------------------------------------------------------
2013-11-24T01:06:16+00:00 ERR (3) 404 "hire-lasse" was not found.
REMOTE_ADDR: 5.9.112.66
HTTP_REFERER: 
requested: array(5) {
  ["lang"] => string(2) "en"
  ["action"] => string(4) "page"
  ["key"] => string(10) "hire-lasse"
  ["module"] => string(7) "default"
  ["controller"] => string(5) "index"
}


--------------------------------------------------------------------------------
2013-11-24T01:16:18+00:00 ERR (3) 404 The filter "de" was not found.
REMOTE_ADDR: 208.115.113.89
HTTP_REFERER: 
requested: array(5) {
  ["lang"] => string(2) "en"
  ["action"] => string(5) "diary"
  ["key"] => string(2) "de"
  ["module"] => string(7) "default"
  ["controller"] => string(5) "index"
}


--------------------------------------------------------------------------------
2013-11-24T02:29:34+00:00 ERR (3) 404 Seite nicht gefunden
REMOTE_ADDR: 31.23.147.165
HTTP_REFERER: http://graphicore.de/forum/index.php
requested: array(3) {
  ["controller"] => string(5) "forum"
  ["action"] => string(9) "index.php"
  ["module"] => string(7) "default"
}


--------------------------------------------------------------------------------
2013-11-24T06:33:46+00:00 ERR (3) 404 "hire-lasse" was not found.
REMOTE_ADDR: 188.138.41.208
HTTP_REFERER: 
requested: array(5) {
  ["lang"] => string(2) "de"
  ["action"] => string(4) "page"
  ["key"] => string(10) "hire-lasse"
  ["module"] => string(7) "default"
  ["controller"] => string(5) "index"
}


--------------------------------------------------------------------------------
2013-11-24T06:39:36+00:00 ERR (3) 404 "hire-lasse" was not found.
REMOTE_ADDR: 188.138.41.208
HTTP_REFERER: 
requested: array(5) {
  ["lang"] => string(2) "en"
  ["action"] => string(4) "page"
  ["key"] => string(10) "hire-lasse"
  ["module"] => string(7) "default"
  ["controller"] => string(5) "index"
}


--------------------------------------------------------------------------------
2013-11-24T08:11:57+00:00 ERR (3) 404 Page not found
REMOTE_ADDR: 180.76.5.151
HTTP_REFERER: 
requested: array(3) {
  ["controller"] => string(7) "galerie"
  ["action"] => string(19) "Neueste_Bilder.html"
  ["module"] => string(7) "default"
}


--------------------------------------------------------------------------------
2013-11-24T09:37:38+00:00 ERR (3) 404 Page not found
REMOTE_ADDR: 180.76.5.18
HTTP_REFERER: 
requested: array(3) {
  ["controller"] => string(7) "galerie"
  ["action"] => string(19) "Friedhofsengel.html"
  ["module"] => string(7) "default"
}


--------------------------------------------------------------------------------
2013-11-24T19:14:28+00:00 ERR (3) 404 "hire-lasse" was not found.
REMOTE_ADDR: 5.9.88.119
HTTP_REFERER: 
requested: array(5) {
  ["lang"] => string(2) "de"
  ["action"] => string(4) "page"
  ["key"] => string(10) "hire-lasse"
  ["module"] => string(7) "default"
  ["controller"] => string(5) "index"
}


--------------------------------------------------------------------------------
