2020-09-23T03:59:37+00:00 ERR (3) 404 Seite nicht gefunden
REMOTE_ADDR: 3.8.19.232
HTTP_REFERER: 
requested: array(3) {
  ["controller"] => string(11) "wp-includes"
  ["action"] => string(6) "qw.php"
  ["module"] => string(7) "default"
}


--------------------------------------------------------------------------------
2020-09-23T06:35:32+00:00 ERR (3) 404 Seite nicht gefunden
REMOTE_ADDR: 95.179.212.137
HTTP_REFERER: 
requested: array(3) {
  ["controller"] => string(4) ".env"
  ["action"] => string(5) "index"
  ["module"] => string(7) "default"
}


--------------------------------------------------------------------------------
2020-09-23T10:03:35+00:00 ERR (3) 404 Seite nicht gefunden
REMOTE_ADDR: 34.70.49.158
HTTP_REFERER: 
requested: array(3) {
  ["controller"] => string(4) "blog"
  ["action"] => string(5) "index"
  ["module"] => string(7) "default"
}


--------------------------------------------------------------------------------
2020-09-23T10:03:36+00:00 ERR (3) 404 Seite nicht gefunden
REMOTE_ADDR: 34.70.49.158
HTTP_REFERER: 
requested: array(3) {
  ["controller"] => string(2) "wp"
  ["action"] => string(5) "index"
  ["module"] => string(7) "default"
}


--------------------------------------------------------------------------------
2020-09-23T10:03:36+00:00 ERR (3) 404 Seite nicht gefunden
REMOTE_ADDR: 34.70.49.158
HTTP_REFERER: 
requested: array(3) {
  ["controller"] => string(9) "wordpress"
  ["action"] => string(5) "index"
  ["module"] => string(7) "default"
}


--------------------------------------------------------------------------------
2020-09-23T10:03:37+00:00 ERR (3) 404 Seite nicht gefunden
REMOTE_ADDR: 34.70.49.158
HTTP_REFERER: 
requested: array(3) {
  ["controller"] => string(3) "new"
  ["action"] => string(5) "index"
  ["module"] => string(7) "default"
}


--------------------------------------------------------------------------------
2020-09-23T10:03:37+00:00 ERR (3) 404 Seite nicht gefunden
REMOTE_ADDR: 34.70.49.158
HTTP_REFERER: 
requested: array(3) {
  ["controller"] => string(3) "old"
  ["action"] => string(5) "index"
  ["module"] => string(7) "default"
}


--------------------------------------------------------------------------------
2020-09-23T10:03:38+00:00 ERR (3) 404 Seite nicht gefunden
REMOTE_ADDR: 34.70.49.158
HTTP_REFERER: 
requested: array(3) {
  ["controller"] => string(4) "test"
  ["action"] => string(5) "index"
  ["module"] => string(7) "default"
}


--------------------------------------------------------------------------------
2020-09-23T10:03:39+00:00 ERR (3) 404 Seite nicht gefunden
REMOTE_ADDR: 34.70.49.158
HTTP_REFERER: 
requested: array(3) {
  ["controller"] => string(4) "main"
  ["action"] => string(5) "index"
  ["module"] => string(7) "default"
}


--------------------------------------------------------------------------------
2020-09-23T10:03:39+00:00 ERR (3) 404 Seite nicht gefunden
REMOTE_ADDR: 34.70.49.158
HTTP_REFERER: 
requested: array(3) {
  ["controller"] => string(4) "site"
  ["action"] => string(5) "index"
  ["module"] => string(7) "default"
}


--------------------------------------------------------------------------------
2020-09-23T10:03:40+00:00 ERR (3) 404 Seite nicht gefunden
REMOTE_ADDR: 34.70.49.158
HTTP_REFERER: 
requested: array(3) {
  ["controller"] => string(6) "backup"
  ["action"] => string(5) "index"
  ["module"] => string(7) "default"
}


--------------------------------------------------------------------------------
2020-09-23T10:03:40+00:00 ERR (3) 404 Seite nicht gefunden
REMOTE_ADDR: 34.70.49.158
HTTP_REFERER: 
requested: array(3) {
  ["controller"] => string(4) "demo"
  ["action"] => string(5) "index"
  ["module"] => string(7) "default"
}


--------------------------------------------------------------------------------
2020-09-23T10:03:41+00:00 ERR (3) 404 Seite nicht gefunden
REMOTE_ADDR: 34.70.49.158
HTTP_REFERER: 
requested: array(3) {
  ["controller"] => string(4) "home"
  ["action"] => string(5) "index"
  ["module"] => string(7) "default"
}


--------------------------------------------------------------------------------
2020-09-23T10:03:41+00:00 ERR (3) 404 Seite nicht gefunden
REMOTE_ADDR: 34.70.49.158
HTTP_REFERER: 
requested: array(3) {
  ["controller"] => string(3) "tmp"
  ["action"] => string(5) "index"
  ["module"] => string(7) "default"
}


--------------------------------------------------------------------------------
2020-09-23T10:03:42+00:00 ERR (3) 404 Seite nicht gefunden
REMOTE_ADDR: 34.70.49.158
HTTP_REFERER: 
requested: array(3) {
  ["controller"] => string(3) "cms"
  ["action"] => string(5) "index"
  ["module"] => string(7) "default"
}


--------------------------------------------------------------------------------
2020-09-23T10:03:42+00:00 ERR (3) 404 Seite nicht gefunden
REMOTE_ADDR: 34.70.49.158
HTTP_REFERER: 
requested: array(3) {
  ["controller"] => string(3) "dev"
  ["action"] => string(5) "index"
  ["module"] => string(7) "default"
}


--------------------------------------------------------------------------------
2020-09-23T10:03:43+00:00 ERR (3) 404 Seite nicht gefunden
REMOTE_ADDR: 34.70.49.158
HTTP_REFERER: 
requested: array(3) {
  ["controller"] => string(6) "old-wp"
  ["action"] => string(5) "index"
  ["module"] => string(7) "default"
}


--------------------------------------------------------------------------------
2020-09-23T10:03:43+00:00 ERR (3) 404 Seite nicht gefunden
REMOTE_ADDR: 34.70.49.158
HTTP_REFERER: 
requested: array(3) {
  ["controller"] => string(3) "web"
  ["action"] => string(5) "index"
  ["module"] => string(7) "default"
}


--------------------------------------------------------------------------------
2020-09-23T10:03:44+00:00 ERR (3) 404 Seite nicht gefunden
REMOTE_ADDR: 34.70.49.158
HTTP_REFERER: 
requested: array(3) {
  ["controller"] => string(8) "old-site"
  ["action"] => string(5) "index"
  ["module"] => string(7) "default"
}


--------------------------------------------------------------------------------
2020-09-23T10:03:44+00:00 ERR (3) 404 Seite nicht gefunden
REMOTE_ADDR: 34.70.49.158
HTTP_REFERER: 
requested: array(3) {
  ["controller"] => string(4) "temp"
  ["action"] => string(5) "index"
  ["module"] => string(7) "default"
}


--------------------------------------------------------------------------------
2020-09-23T10:03:44+00:00 ERR (3) 404 Seite nicht gefunden
REMOTE_ADDR: 34.70.49.158
HTTP_REFERER: 
requested: array(3) {
  ["controller"] => string(4) "2018"
  ["action"] => string(5) "index"
  ["module"] => string(7) "default"
}


--------------------------------------------------------------------------------
2020-09-23T10:03:45+00:00 ERR (3) 404 Seite nicht gefunden
REMOTE_ADDR: 34.70.49.158
HTTP_REFERER: 
requested: array(3) {
  ["controller"] => string(4) "2019"
  ["action"] => string(5) "index"
  ["module"] => string(7) "default"
}


--------------------------------------------------------------------------------
2020-09-23T10:03:46+00:00 ERR (3) 404 Seite nicht gefunden
REMOTE_ADDR: 34.70.49.158
HTTP_REFERER: 
requested: array(3) {
  ["controller"] => string(2) "bk"
  ["action"] => string(5) "index"
  ["module"] => string(7) "default"
}


--------------------------------------------------------------------------------
2020-09-23T10:03:46+00:00 ERR (3) 404 Seite nicht gefunden
REMOTE_ADDR: 34.70.49.158
HTTP_REFERER: 
requested: array(3) {
  ["controller"] => string(3) "wp1"
  ["action"] => string(5) "index"
  ["module"] => string(7) "default"
}


--------------------------------------------------------------------------------
2020-09-23T10:03:47+00:00 ERR (3) 404 Seite nicht gefunden
REMOTE_ADDR: 34.70.49.158
HTTP_REFERER: 
requested: array(3) {
  ["controller"] => string(3) "wp2"
  ["action"] => string(5) "index"
  ["module"] => string(7) "default"
}


--------------------------------------------------------------------------------
2020-09-23T10:03:47+00:00 ERR (3) 404 Seite nicht gefunden
REMOTE_ADDR: 34.70.49.158
HTTP_REFERER: 
requested: array(3) {
  ["controller"] => string(2) "v1"
  ["action"] => string(5) "index"
  ["module"] => string(7) "default"
}


--------------------------------------------------------------------------------
2020-09-23T10:03:48+00:00 ERR (3) 404 Seite nicht gefunden
REMOTE_ADDR: 34.70.49.158
HTTP_REFERER: 
requested: array(3) {
  ["controller"] => string(2) "v2"
  ["action"] => string(5) "index"
  ["module"] => string(7) "default"
}


--------------------------------------------------------------------------------
2020-09-23T10:03:48+00:00 ERR (3) 404 Seite nicht gefunden
REMOTE_ADDR: 34.70.49.158
HTTP_REFERER: 
requested: array(3) {
  ["controller"] => string(3) "bak"
  ["action"] => string(5) "index"
  ["module"] => string(7) "default"
}


--------------------------------------------------------------------------------
2020-09-23T10:03:49+00:00 ERR (3) 404 Seite nicht gefunden
REMOTE_ADDR: 34.70.49.158
HTTP_REFERER: 
requested: array(3) {
  ["controller"] => string(7) "install"
  ["action"] => string(5) "index"
  ["module"] => string(7) "default"
}


--------------------------------------------------------------------------------
2020-09-23T10:03:49+00:00 ERR (3) 404 Seite nicht gefunden
REMOTE_ADDR: 34.70.49.158
HTTP_REFERER: 
requested: array(3) {
  ["controller"] => string(4) "2020"
  ["action"] => string(5) "index"
  ["module"] => string(7) "default"
}


--------------------------------------------------------------------------------
2020-09-23T10:03:49+00:00 ERR (3) 404 Seite nicht gefunden
REMOTE_ADDR: 34.70.49.158
HTTP_REFERER: 
requested: array(3) {
  ["controller"] => string(8) "new-site"
  ["action"] => string(5) "index"
  ["module"] => string(7) "default"
}


--------------------------------------------------------------------------------
2020-09-23T11:15:21+00:00 ERR (3) 404 Seite nicht gefunden
REMOTE_ADDR: 3.8.19.232
HTTP_REFERER: 
requested: array(3) {
  ["controller"] => string(10) "wp-content"
  ["action"] => string(7) "plugins"
  ["module"] => string(7) "default"
}


--------------------------------------------------------------------------------
2020-09-23T13:53:30+00:00 ERR (3) 404 "hire-lasse" was not found.
REMOTE_ADDR: 54.36.148.89
HTTP_REFERER: 
requested: array(5) {
  ["lang"] => string(2) "en"
  ["action"] => string(4) "page"
  ["key"] => string(10) "hire-lasse"
  ["module"] => string(7) "default"
  ["controller"] => string(5) "index"
}


--------------------------------------------------------------------------------
2020-09-23T15:40:38+00:00 ERR (3) 404 "competences" was not found.
REMOTE_ADDR: 85.31.186.210
HTTP_REFERER: 
requested: array(5) {
  ["lang"] => string(2) "en"
  ["action"] => string(4) "page"
  ["key"] => string(11) "competences"
  ["module"] => string(7) "default"
  ["controller"] => string(5) "index"
}


--------------------------------------------------------------------------------
2020-09-23T18:23:50+00:00 ERR (3) 404 "competences" was not found.
REMOTE_ADDR: 85.208.96.66
HTTP_REFERER: 
requested: array(5) {
  ["lang"] => string(2) "de"
  ["action"] => string(4) "page"
  ["key"] => string(11) "competences"
  ["module"] => string(7) "default"
  ["controller"] => string(5) "index"
}


--------------------------------------------------------------------------------
2020-09-23T22:16:15+00:00 ERR (3) 404 "competences" was not found.
REMOTE_ADDR: 114.119.150.1
HTTP_REFERER: 
requested: array(5) {
  ["lang"] => string(2) "de"
  ["action"] => string(4) "page"
  ["key"] => string(11) "competences"
  ["module"] => string(7) "default"
  ["controller"] => string(5) "index"
}


--------------------------------------------------------------------------------
2020-09-23T23:36:15+00:00 ERR (3) 404 Seite nicht gefunden
REMOTE_ADDR: 74.208.58.25
HTTP_REFERER: http://graphicore.de/
requested: array(3) {
  ["controller"] => string(2) "wp"
  ["action"] => string(8) "wp-admin"
  ["module"] => string(7) "default"
}


--------------------------------------------------------------------------------
