2013-03-22T03:27:30+00:00 ERR (3) 404 Seite nicht gefunden
REMOTE_ADDR: 2.93.222.52
HTTP_REFERER: 
requested: array(3) {
  ["controller"] => string(5) "forum"
  ["action"] => string(9) "index.php"
  ["module"] => string(7) "default"
}


--------------------------------------------------------------------------------
2013-03-22T03:27:35+00:00 ERR (3) 404 Seite nicht gefunden
REMOTE_ADDR: 2.93.222.52
HTTP_REFERER: 
requested: array(3) {
  ["controller"] => string(5) "forum"
  ["action"] => string(9) "index.php"
  ["module"] => string(7) "default"
}


--------------------------------------------------------------------------------
2013-03-22T04:12:05+00:00 ERR (3) 404 Seite nicht gefunden
REMOTE_ADDR: 66.249.75.228
HTTP_REFERER: 
requested: array(4) {
  ["controller"] => string(5) "diary"
  ["action"] => string(29) "tag:graphicore.de,2013-01-31:"
  ["diary"] => string(27) "20130131135955510a78db3e0d6"
  ["module"] => string(7) "default"
}


--------------------------------------------------------------------------------
2013-03-22T16:57:04+00:00 ERR (3) 404 Seite nicht gefunden
REMOTE_ADDR: 192.74.228.172
HTTP_REFERER: http://graphicore.de/forum/index.php
requested: array(3) {
  ["controller"] => string(5) "forum"
  ["action"] => string(9) "index.php"
  ["module"] => string(7) "default"
}


--------------------------------------------------------------------------------
2013-03-22T21:54:34+00:00 ERR (3) 404 Seite nicht gefunden
REMOTE_ADDR: 89.122.29.82
HTTP_REFERER: 
requested: array(3) {
  ["controller"] => string(2) "js"
  ["action"] => string(1) "'"
  ["module"] => string(7) "default"
}


--------------------------------------------------------------------------------
