2020-03-23T08:39:32+00:00 ERR (3) 404 Seite nicht gefunden
REMOTE_ADDR: 167.114.209.38
HTTP_REFERER: 
requested: array(3) {
  ["controller"] => string(11) "sitemap.xml"
  ["action"] => string(5) "index"
  ["module"] => string(7) "default"
}


--------------------------------------------------------------------------------
2020-03-23T08:39:43+00:00 ERR (3) 404 Seite nicht gefunden
REMOTE_ADDR: 167.114.209.38
HTTP_REFERER: 
requested: array(3) {
  ["controller"] => string(7) "ads.txt"
  ["action"] => string(5) "index"
  ["module"] => string(7) "default"
}


--------------------------------------------------------------------------------
2020-03-23T16:38:33+00:00 ERR (3) 404 "" was not found.
REMOTE_ADDR: 37.229.204.51
HTTP_REFERER: https://home-task.com/
requested: array(5) {
  ["lang"] => string(2) "de"
  ["action"] => string(7) "archive"
  ["module"] => string(7) "default"
  ["controller"] => string(5) "index"
  ["key"] => string(0) ""
}


--------------------------------------------------------------------------------
2020-03-23T16:38:35+00:00 ERR (3) 404 "" was not found.
REMOTE_ADDR: 37.229.204.51
HTTP_REFERER: https://home-task.com/
requested: array(5) {
  ["lang"] => string(2) "de"
  ["action"] => string(7) "archive"
  ["module"] => string(7) "default"
  ["controller"] => string(5) "index"
  ["key"] => string(0) ""
}


--------------------------------------------------------------------------------
2020-03-23T16:40:43+00:00 ERR (3) 404 "" was not found.
REMOTE_ADDR: 176.8.244.215
HTTP_REFERER: https://goldsoch.info/
requested: array(5) {
  ["lang"] => string(2) "de"
  ["action"] => string(7) "archive"
  ["module"] => string(7) "default"
  ["controller"] => string(5) "index"
  ["key"] => string(0) ""
}


--------------------------------------------------------------------------------
2020-03-23T16:40:44+00:00 ERR (3) 404 "" was not found.
REMOTE_ADDR: 176.8.244.215
HTTP_REFERER: https://goldsoch.info/
requested: array(5) {
  ["lang"] => string(2) "de"
  ["action"] => string(7) "archive"
  ["module"] => string(7) "default"
  ["controller"] => string(5) "index"
  ["key"] => string(0) ""
}


--------------------------------------------------------------------------------
2020-03-23T16:40:44+00:00 ERR (3) 404 "" was not found.
REMOTE_ADDR: 176.8.244.215
HTTP_REFERER: https://goldsoch.info/
requested: array(5) {
  ["lang"] => string(2) "de"
  ["action"] => string(7) "archive"
  ["module"] => string(7) "default"
  ["controller"] => string(5) "index"
  ["key"] => string(0) ""
}


--------------------------------------------------------------------------------
2020-03-23T16:41:55+00:00 ERR (3) 404 "" was not found.
REMOTE_ADDR: 178.137.83.98
HTTP_REFERER: https://home-task.com/
requested: array(5) {
  ["lang"] => string(2) "de"
  ["action"] => string(7) "archive"
  ["module"] => string(7) "default"
  ["controller"] => string(5) "index"
  ["key"] => string(0) ""
}


--------------------------------------------------------------------------------
2020-03-23T16:41:55+00:00 ERR (3) 404 "" was not found.
REMOTE_ADDR: 178.137.83.98
HTTP_REFERER: https://xn----9sbmahua0agcbjohz.online/
requested: array(5) {
  ["lang"] => string(2) "de"
  ["action"] => string(7) "archive"
  ["module"] => string(7) "default"
  ["controller"] => string(5) "index"
  ["key"] => string(0) ""
}


--------------------------------------------------------------------------------
2020-03-23T16:41:55+00:00 ERR (3) 404 "" was not found.
REMOTE_ADDR: 178.137.83.98
HTTP_REFERER: https://home-task.com/
requested: array(5) {
  ["lang"] => string(2) "de"
  ["action"] => string(7) "archive"
  ["module"] => string(7) "default"
  ["controller"] => string(5) "index"
  ["key"] => string(0) ""
}


--------------------------------------------------------------------------------
2020-03-23T16:41:55+00:00 ERR (3) 404 "" was not found.
REMOTE_ADDR: 178.137.83.98
HTTP_REFERER: https://xn----9sbmahua0agcbjohz.online/
requested: array(5) {
  ["lang"] => string(2) "de"
  ["action"] => string(7) "archive"
  ["module"] => string(7) "default"
  ["controller"] => string(5) "index"
  ["key"] => string(0) ""
}


--------------------------------------------------------------------------------
2020-03-23T16:41:56+00:00 ERR (3) 404 "" was not found.
REMOTE_ADDR: 178.137.83.98
HTTP_REFERER: https://home-task.com/
requested: array(5) {
  ["lang"] => string(2) "de"
  ["action"] => string(7) "archive"
  ["module"] => string(7) "default"
  ["controller"] => string(5) "index"
  ["key"] => string(0) ""
}


--------------------------------------------------------------------------------
2020-03-23T16:41:56+00:00 ERR (3) 404 "" was not found.
REMOTE_ADDR: 178.137.83.98
HTTP_REFERER: https://xn----9sbmahua0agcbjohz.online/
requested: array(5) {
  ["lang"] => string(2) "de"
  ["action"] => string(7) "archive"
  ["module"] => string(7) "default"
  ["controller"] => string(5) "index"
  ["key"] => string(0) ""
}


--------------------------------------------------------------------------------
2020-03-23T16:41:56+00:00 ERR (3) 404 "" was not found.
REMOTE_ADDR: 178.137.83.98
HTTP_REFERER: https://home-task.com/
requested: array(5) {
  ["lang"] => string(2) "de"
  ["action"] => string(7) "archive"
  ["module"] => string(7) "default"
  ["controller"] => string(5) "index"
  ["key"] => string(0) ""
}


--------------------------------------------------------------------------------
2020-03-23T16:41:56+00:00 ERR (3) 404 "" was not found.
REMOTE_ADDR: 178.137.83.98
HTTP_REFERER: https://xn----9sbmahua0agcbjohz.online/
requested: array(5) {
  ["lang"] => string(2) "de"
  ["action"] => string(7) "archive"
  ["module"] => string(7) "default"
  ["controller"] => string(5) "index"
  ["key"] => string(0) ""
}


--------------------------------------------------------------------------------
2020-03-23T16:41:57+00:00 ERR (3) 404 "" was not found.
REMOTE_ADDR: 178.137.83.98
HTTP_REFERER: https://home-task.com/
requested: array(5) {
  ["lang"] => string(2) "de"
  ["action"] => string(7) "archive"
  ["module"] => string(7) "default"
  ["controller"] => string(5) "index"
  ["key"] => string(0) ""
}


--------------------------------------------------------------------------------
2020-03-23T16:41:57+00:00 ERR (3) 404 "" was not found.
REMOTE_ADDR: 178.137.83.98
HTTP_REFERER: https://xn----9sbmahua0agcbjohz.online/
requested: array(5) {
  ["lang"] => string(2) "de"
  ["action"] => string(7) "archive"
  ["module"] => string(7) "default"
  ["controller"] => string(5) "index"
  ["key"] => string(0) ""
}


--------------------------------------------------------------------------------
2020-03-23T17:50:00+00:00 ERR (3) 404 Seite nicht gefunden
REMOTE_ADDR: 95.217.158.212
HTTP_REFERER: 
requested: array(3) {
  ["controller"] => string(4) ".env"
  ["action"] => string(5) "index"
  ["module"] => string(7) "default"
}


--------------------------------------------------------------------------------
2020-03-23T17:50:01+00:00 ERR (3) 404 Seite nicht gefunden
REMOTE_ADDR: 95.217.158.212
HTTP_REFERER: 
requested: array(5) {
  ["controller"] => string(6) "vendor"
  ["action"] => string(7) "phpunit"
  ["phpunit"] => string(3) "src"
  ["Util"] => string(3) "PHP"
  ["module"] => string(7) "default"
}


--------------------------------------------------------------------------------
2020-03-23T21:45:49+00:00 ERR (3) 404 "" was not found.
REMOTE_ADDR: 46.119.121.64
HTTP_REFERER: https://cabinet-gosuslugi.ru/
requested: array(5) {
  ["lang"] => string(2) "de"
  ["action"] => string(7) "archive"
  ["module"] => string(7) "default"
  ["controller"] => string(5) "index"
  ["key"] => string(0) ""
}


--------------------------------------------------------------------------------
2020-03-23T21:45:49+00:00 ERR (3) 404 "" was not found.
REMOTE_ADDR: 46.119.121.64
HTTP_REFERER: https://krandiagnostika.ru/
requested: array(5) {
  ["lang"] => string(2) "de"
  ["action"] => string(7) "archive"
  ["module"] => string(7) "default"
  ["controller"] => string(5) "index"
  ["key"] => string(0) ""
}


--------------------------------------------------------------------------------
2020-03-23T21:45:50+00:00 ERR (3) 404 "" was not found.
REMOTE_ADDR: 46.119.121.64
HTTP_REFERER: https://krandiagnostika.ru/
requested: array(5) {
  ["lang"] => string(2) "de"
  ["action"] => string(7) "archive"
  ["module"] => string(7) "default"
  ["controller"] => string(5) "index"
  ["key"] => string(0) ""
}


--------------------------------------------------------------------------------
2020-03-23T21:45:50+00:00 ERR (3) 404 "" was not found.
REMOTE_ADDR: 46.119.121.64
HTTP_REFERER: https://cabinet-gosuslugi.ru/
requested: array(5) {
  ["lang"] => string(2) "de"
  ["action"] => string(7) "archive"
  ["module"] => string(7) "default"
  ["controller"] => string(5) "index"
  ["key"] => string(0) ""
}


--------------------------------------------------------------------------------
2020-03-23T21:45:50+00:00 ERR (3) 404 "" was not found.
REMOTE_ADDR: 46.119.121.64
HTTP_REFERER: https://cabinet-gosuslugi.ru/
requested: array(5) {
  ["lang"] => string(2) "de"
  ["action"] => string(7) "archive"
  ["module"] => string(7) "default"
  ["controller"] => string(5) "index"
  ["key"] => string(0) ""
}


--------------------------------------------------------------------------------
2020-03-23T21:45:50+00:00 ERR (3) 404 "" was not found.
REMOTE_ADDR: 46.119.121.64
HTTP_REFERER: https://krandiagnostika.ru/
requested: array(5) {
  ["lang"] => string(2) "de"
  ["action"] => string(7) "archive"
  ["module"] => string(7) "default"
  ["controller"] => string(5) "index"
  ["key"] => string(0) ""
}


--------------------------------------------------------------------------------
2020-03-23T21:45:51+00:00 ERR (3) 404 "" was not found.
REMOTE_ADDR: 46.119.121.64
HTTP_REFERER: https://krandiagnostika.ru/
requested: array(5) {
  ["lang"] => string(2) "de"
  ["action"] => string(7) "archive"
  ["module"] => string(7) "default"
  ["controller"] => string(5) "index"
  ["key"] => string(0) ""
}


--------------------------------------------------------------------------------
2020-03-23T21:45:51+00:00 ERR (3) 404 "" was not found.
REMOTE_ADDR: 46.119.121.64
HTTP_REFERER: https://cabinet-gosuslugi.ru/
requested: array(5) {
  ["lang"] => string(2) "de"
  ["action"] => string(7) "archive"
  ["module"] => string(7) "default"
  ["controller"] => string(5) "index"
  ["key"] => string(0) ""
}


--------------------------------------------------------------------------------
2020-03-23T21:45:51+00:00 ERR (3) 404 "" was not found.
REMOTE_ADDR: 46.119.121.64
HTTP_REFERER: https://krandiagnostika.ru/
requested: array(5) {
  ["lang"] => string(2) "de"
  ["action"] => string(7) "archive"
  ["module"] => string(7) "default"
  ["controller"] => string(5) "index"
  ["key"] => string(0) ""
}


--------------------------------------------------------------------------------
2020-03-23T21:45:52+00:00 ERR (3) 404 "" was not found.
REMOTE_ADDR: 46.119.121.64
HTTP_REFERER: https://cabinet-gosuslugi.ru/
requested: array(5) {
  ["lang"] => string(2) "de"
  ["action"] => string(7) "archive"
  ["module"] => string(7) "default"
  ["controller"] => string(5) "index"
  ["key"] => string(0) ""
}


--------------------------------------------------------------------------------
