2020-06-22T00:29:00+00:00 ERR (3) 404 "" was not found.
REMOTE_ADDR: 178.137.172.2
HTTP_REFERER: https://gcup.ru/
requested: array(5) {
  ["lang"] => string(2) "de"
  ["action"] => string(7) "archive"
  ["module"] => string(7) "default"
  ["controller"] => string(5) "index"
  ["key"] => string(0) ""
}


--------------------------------------------------------------------------------
2020-06-22T00:29:01+00:00 ERR (3) 404 "" was not found.
REMOTE_ADDR: 178.137.172.2
HTTP_REFERER: https://gcup.ru/
requested: array(5) {
  ["lang"] => string(2) "de"
  ["action"] => string(7) "archive"
  ["module"] => string(7) "default"
  ["controller"] => string(5) "index"
  ["key"] => string(0) ""
}


--------------------------------------------------------------------------------
2020-06-22T00:29:01+00:00 ERR (3) 404 "" was not found.
REMOTE_ADDR: 178.137.172.2
HTTP_REFERER: https://gcup.ru/
requested: array(5) {
  ["lang"] => string(2) "de"
  ["action"] => string(7) "archive"
  ["module"] => string(7) "default"
  ["controller"] => string(5) "index"
  ["key"] => string(0) ""
}


--------------------------------------------------------------------------------
2020-06-22T00:30:46+00:00 ERR (3) 404 "" was not found.
REMOTE_ADDR: 178.137.172.2
HTTP_REFERER: https://gcup.ru/
requested: array(5) {
  ["lang"] => string(2) "de"
  ["action"] => string(7) "archive"
  ["module"] => string(7) "default"
  ["controller"] => string(5) "index"
  ["key"] => string(0) ""
}


--------------------------------------------------------------------------------
2020-06-22T00:30:46+00:00 ERR (3) 404 "" was not found.
REMOTE_ADDR: 178.137.172.2
HTTP_REFERER: https://gcup.ru/
requested: array(5) {
  ["lang"] => string(2) "de"
  ["action"] => string(7) "archive"
  ["module"] => string(7) "default"
  ["controller"] => string(5) "index"
  ["key"] => string(0) ""
}


--------------------------------------------------------------------------------
2020-06-22T00:30:47+00:00 ERR (3) 404 "" was not found.
REMOTE_ADDR: 178.137.172.2
HTTP_REFERER: https://gcup.ru/
requested: array(5) {
  ["lang"] => string(2) "de"
  ["action"] => string(7) "archive"
  ["module"] => string(7) "default"
  ["controller"] => string(5) "index"
  ["key"] => string(0) ""
}


--------------------------------------------------------------------------------
2020-06-22T00:47:04+00:00 ERR (3) 404 "" was not found.
REMOTE_ADDR: 178.137.174.219
HTTP_REFERER: https://c1helper.com/
requested: array(5) {
  ["lang"] => string(2) "de"
  ["action"] => string(7) "archive"
  ["module"] => string(7) "default"
  ["controller"] => string(5) "index"
  ["key"] => string(0) ""
}


--------------------------------------------------------------------------------
2020-06-22T00:47:04+00:00 ERR (3) 404 "" was not found.
REMOTE_ADDR: 178.137.174.219
HTTP_REFERER: https://c1helper.com/
requested: array(5) {
  ["lang"] => string(2) "de"
  ["action"] => string(7) "archive"
  ["module"] => string(7) "default"
  ["controller"] => string(5) "index"
  ["key"] => string(0) ""
}


--------------------------------------------------------------------------------
2020-06-22T00:47:05+00:00 ERR (3) 404 "" was not found.
REMOTE_ADDR: 178.137.174.219
HTTP_REFERER: https://c1helper.com/
requested: array(5) {
  ["lang"] => string(2) "de"
  ["action"] => string(7) "archive"
  ["module"] => string(7) "default"
  ["controller"] => string(5) "index"
  ["key"] => string(0) ""
}


--------------------------------------------------------------------------------
2020-06-22T01:26:14+00:00 ERR (3) 404 "" was not found.
REMOTE_ADDR: 178.137.174.219
HTTP_REFERER: https://kovka-lord.ru/
requested: array(5) {
  ["lang"] => string(2) "de"
  ["action"] => string(7) "archive"
  ["module"] => string(7) "default"
  ["controller"] => string(5) "index"
  ["key"] => string(0) ""
}


--------------------------------------------------------------------------------
2020-06-22T01:26:14+00:00 ERR (3) 404 "" was not found.
REMOTE_ADDR: 178.137.174.219
HTTP_REFERER: https://kovka-lord.ru/
requested: array(5) {
  ["lang"] => string(2) "de"
  ["action"] => string(7) "archive"
  ["module"] => string(7) "default"
  ["controller"] => string(5) "index"
  ["key"] => string(0) ""
}


--------------------------------------------------------------------------------
2020-06-22T01:26:15+00:00 ERR (3) 404 "" was not found.
REMOTE_ADDR: 178.137.174.219
HTTP_REFERER: https://kovka-lord.ru/
requested: array(5) {
  ["lang"] => string(2) "de"
  ["action"] => string(7) "archive"
  ["module"] => string(7) "default"
  ["controller"] => string(5) "index"
  ["key"] => string(0) ""
}


--------------------------------------------------------------------------------
2020-06-22T02:07:26+00:00 ERR (3) 404 "competences" was not found.
REMOTE_ADDR: 85.208.96.67
HTTP_REFERER: 
requested: array(5) {
  ["lang"] => string(2) "de"
  ["action"] => string(4) "page"
  ["key"] => string(11) "competences"
  ["module"] => string(7) "default"
  ["controller"] => string(5) "index"
}


--------------------------------------------------------------------------------
2020-06-22T02:20:24+00:00 ERR (3) 404 "" was not found.
REMOTE_ADDR: 178.137.172.2
HTTP_REFERER: https://bankhelp.org/
requested: array(5) {
  ["lang"] => string(2) "de"
  ["action"] => string(7) "archive"
  ["module"] => string(7) "default"
  ["controller"] => string(5) "index"
  ["key"] => string(0) ""
}


--------------------------------------------------------------------------------
2020-06-22T02:20:24+00:00 ERR (3) 404 "" was not found.
REMOTE_ADDR: 178.137.172.2
HTTP_REFERER: https://zaim-pod-zalog-krasnodar.ru/
requested: array(5) {
  ["lang"] => string(2) "de"
  ["action"] => string(7) "archive"
  ["module"] => string(7) "default"
  ["controller"] => string(5) "index"
  ["key"] => string(0) ""
}


--------------------------------------------------------------------------------
2020-06-22T02:20:24+00:00 ERR (3) 404 "" was not found.
REMOTE_ADDR: 178.137.172.2
HTTP_REFERER: https://bankhelp.org/
requested: array(5) {
  ["lang"] => string(2) "de"
  ["action"] => string(7) "archive"
  ["module"] => string(7) "default"
  ["controller"] => string(5) "index"
  ["key"] => string(0) ""
}


--------------------------------------------------------------------------------
2020-06-22T02:20:25+00:00 ERR (3) 404 "" was not found.
REMOTE_ADDR: 178.137.172.2
HTTP_REFERER: https://zaim-pod-zalog-krasnodar.ru/
requested: array(5) {
  ["lang"] => string(2) "de"
  ["action"] => string(7) "archive"
  ["module"] => string(7) "default"
  ["controller"] => string(5) "index"
  ["key"] => string(0) ""
}


--------------------------------------------------------------------------------
2020-06-22T02:20:25+00:00 ERR (3) 404 "" was not found.
REMOTE_ADDR: 178.137.172.2
HTTP_REFERER: https://bankhelp.org/
requested: array(5) {
  ["lang"] => string(2) "de"
  ["action"] => string(7) "archive"
  ["module"] => string(7) "default"
  ["controller"] => string(5) "index"
  ["key"] => string(0) ""
}


--------------------------------------------------------------------------------
2020-06-22T02:20:25+00:00 ERR (3) 404 "" was not found.
REMOTE_ADDR: 178.137.172.2
HTTP_REFERER: https://zaim-pod-zalog-krasnodar.ru/
requested: array(5) {
  ["lang"] => string(2) "de"
  ["action"] => string(7) "archive"
  ["module"] => string(7) "default"
  ["controller"] => string(5) "index"
  ["key"] => string(0) ""
}


--------------------------------------------------------------------------------
2020-06-22T02:53:25+00:00 ERR (3) 404 "" was not found.
REMOTE_ADDR: 46.118.112.40
HTTP_REFERER: https://pansionat-kyiv.com.ua/
requested: array(5) {
  ["lang"] => string(2) "de"
  ["action"] => string(7) "archive"
  ["module"] => string(7) "default"
  ["controller"] => string(5) "index"
  ["key"] => string(0) ""
}


--------------------------------------------------------------------------------
2020-06-22T02:53:26+00:00 ERR (3) 404 "" was not found.
REMOTE_ADDR: 46.118.112.40
HTTP_REFERER: https://pansionat-kyiv.com.ua/
requested: array(5) {
  ["lang"] => string(2) "de"
  ["action"] => string(7) "archive"
  ["module"] => string(7) "default"
  ["controller"] => string(5) "index"
  ["key"] => string(0) ""
}


--------------------------------------------------------------------------------
2020-06-22T02:53:26+00:00 ERR (3) 404 "" was not found.
REMOTE_ADDR: 46.118.112.40
HTTP_REFERER: https://pansionat-kyiv.com.ua/
requested: array(5) {
  ["lang"] => string(2) "de"
  ["action"] => string(7) "archive"
  ["module"] => string(7) "default"
  ["controller"] => string(5) "index"
  ["key"] => string(0) ""
}


--------------------------------------------------------------------------------
2020-06-22T04:58:51+00:00 ERR (3) 404 Seite nicht gefunden
REMOTE_ADDR: 195.88.192.224
HTTP_REFERER: 
requested: array(3) {
  ["controller"] => string(4) ".git"
  ["action"] => string(4) "HEAD"
  ["module"] => string(7) "default"
}


--------------------------------------------------------------------------------
2020-06-22T08:49:17+00:00 ERR (3) 404 "" was not found.
REMOTE_ADDR: 178.137.174.219
HTTP_REFERER: https://vykupavto-krasnodar.ru/
requested: array(5) {
  ["lang"] => string(2) "de"
  ["action"] => string(7) "archive"
  ["module"] => string(7) "default"
  ["controller"] => string(5) "index"
  ["key"] => string(0) ""
}


--------------------------------------------------------------------------------
2020-06-22T08:49:18+00:00 ERR (3) 404 "" was not found.
REMOTE_ADDR: 178.137.174.219
HTTP_REFERER: https://vykupavto-krasnodar.ru/
requested: array(5) {
  ["lang"] => string(2) "de"
  ["action"] => string(7) "archive"
  ["module"] => string(7) "default"
  ["controller"] => string(5) "index"
  ["key"] => string(0) ""
}


--------------------------------------------------------------------------------
2020-06-22T08:49:18+00:00 ERR (3) 404 "" was not found.
REMOTE_ADDR: 178.137.174.219
HTTP_REFERER: https://vykupavto-krasnodar.ru/
requested: array(5) {
  ["lang"] => string(2) "de"
  ["action"] => string(7) "archive"
  ["module"] => string(7) "default"
  ["controller"] => string(5) "index"
  ["key"] => string(0) ""
}


--------------------------------------------------------------------------------
2020-06-22T11:53:06+00:00 ERR (3) 404 "competences" was not found.
REMOTE_ADDR: 66.249.66.200
HTTP_REFERER: 
requested: array(5) {
  ["lang"] => string(2) "en"
  ["action"] => string(4) "page"
  ["key"] => string(11) "competences"
  ["module"] => string(7) "default"
  ["controller"] => string(5) "index"
}


--------------------------------------------------------------------------------
2020-06-22T21:11:58+00:00 ERR (3) 404 "" was not found.
REMOTE_ADDR: 109.162.67.33
HTTP_REFERER: https://healthhacks.ru/
requested: array(5) {
  ["lang"] => string(2) "de"
  ["action"] => string(7) "archive"
  ["module"] => string(7) "default"
  ["controller"] => string(5) "index"
  ["key"] => string(0) ""
}


--------------------------------------------------------------------------------
2020-06-22T21:11:58+00:00 ERR (3) 404 "" was not found.
REMOTE_ADDR: 109.162.67.33
HTTP_REFERER: https://healthhacks.ru/
requested: array(5) {
  ["lang"] => string(2) "de"
  ["action"] => string(7) "archive"
  ["module"] => string(7) "default"
  ["controller"] => string(5) "index"
  ["key"] => string(0) ""
}


--------------------------------------------------------------------------------
2020-06-22T21:11:59+00:00 ERR (3) 404 "" was not found.
REMOTE_ADDR: 109.162.67.33
HTTP_REFERER: https://healthhacks.ru/
requested: array(5) {
  ["lang"] => string(2) "de"
  ["action"] => string(7) "archive"
  ["module"] => string(7) "default"
  ["controller"] => string(5) "index"
  ["key"] => string(0) ""
}


--------------------------------------------------------------------------------
