2017-12-12T00:12:41+00:00 ERR (3) 404 Seite nicht gefunden
REMOTE_ADDR: 108.176.130.201
HTTP_REFERER: 
requested: array(3) {
  ["controller"] => string(12) "wp-login.php"
  ["action"] => string(5) "index"
  ["module"] => string(7) "default"
}


--------------------------------------------------------------------------------
2017-12-12T00:15:20+00:00 ERR (3) 404 Seite nicht gefunden
REMOTE_ADDR: 36.70.25.49
HTTP_REFERER: 
requested: array(3) {
  ["controller"] => string(12) "wp-login.php"
  ["action"] => string(5) "index"
  ["module"] => string(7) "default"
}


--------------------------------------------------------------------------------
2017-12-12T02:31:17+00:00 ERR (3) 404 Seite nicht gefunden
REMOTE_ADDR: 90.101.149.153
HTTP_REFERER: 
requested: array(3) {
  ["controller"] => string(12) "wp-login.php"
  ["action"] => string(5) "index"
  ["module"] => string(7) "default"
}


--------------------------------------------------------------------------------
2017-12-12T02:35:28+00:00 ERR (3) 404 Seite nicht gefunden
REMOTE_ADDR: 223.104.3.203
HTTP_REFERER: 
requested: array(3) {
  ["controller"] => string(12) "wp-login.php"
  ["action"] => string(5) "index"
  ["module"] => string(7) "default"
}


--------------------------------------------------------------------------------
2017-12-12T02:51:27+00:00 ERR (3) 404 Seite nicht gefunden
REMOTE_ADDR: 187.207.91.88
HTTP_REFERER: 
requested: array(3) {
  ["controller"] => string(12) "wp-login.php"
  ["action"] => string(5) "index"
  ["module"] => string(7) "default"
}


--------------------------------------------------------------------------------
2017-12-12T03:02:11+00:00 ERR (3) 404 Seite nicht gefunden
REMOTE_ADDR: 87.201.100.192
HTTP_REFERER: 
requested: array(3) {
  ["controller"] => string(12) "wp-login.php"
  ["action"] => string(5) "index"
  ["module"] => string(7) "default"
}


--------------------------------------------------------------------------------
2017-12-12T04:44:52+00:00 ERR (3) 404 Seite nicht gefunden
REMOTE_ADDR: 197.226.208.66
HTTP_REFERER: 
requested: array(3) {
  ["controller"] => string(12) "wp-login.php"
  ["action"] => string(5) "index"
  ["module"] => string(7) "default"
}


--------------------------------------------------------------------------------
2017-12-12T05:10:25+00:00 ERR (3) 404 Seite nicht gefunden
REMOTE_ADDR: 187.190.153.175
HTTP_REFERER: 
requested: array(3) {
  ["controller"] => string(12) "wp-login.php"
  ["action"] => string(5) "index"
  ["module"] => string(7) "default"
}


--------------------------------------------------------------------------------
2017-12-12T05:11:38+00:00 ERR (3) 404 Seite nicht gefunden
REMOTE_ADDR: 121.120.84.211
HTTP_REFERER: 
requested: array(3) {
  ["controller"] => string(12) "wp-login.php"
  ["action"] => string(5) "index"
  ["module"] => string(7) "default"
}


--------------------------------------------------------------------------------
2017-12-12T05:58:12+00:00 ERR (3) 404 Seite nicht gefunden
REMOTE_ADDR: 58.214.254.154
HTTP_REFERER: 
requested: array(3) {
  ["controller"] => string(12) "wp-login.php"
  ["action"] => string(5) "index"
  ["module"] => string(7) "default"
}


--------------------------------------------------------------------------------
2017-12-12T06:04:02+00:00 ERR (3) 404 Seite nicht gefunden
REMOTE_ADDR: 185.164.43.235
HTTP_REFERER: 
requested: array(3) {
  ["controller"] => string(12) "wp-login.php"
  ["action"] => string(5) "index"
  ["module"] => string(7) "default"
}


--------------------------------------------------------------------------------
2017-12-12T06:08:07+00:00 ERR (3) 404 Seite nicht gefunden
REMOTE_ADDR: 2.51.144.169
HTTP_REFERER: 
requested: array(3) {
  ["controller"] => string(12) "wp-login.php"
  ["action"] => string(5) "index"
  ["module"] => string(7) "default"
}


--------------------------------------------------------------------------------
2017-12-12T06:24:39+00:00 ERR (3) 404 Seite nicht gefunden
REMOTE_ADDR: 14.121.132.116
HTTP_REFERER: 
requested: array(3) {
  ["controller"] => string(12) "wp-login.php"
  ["action"] => string(5) "index"
  ["module"] => string(7) "default"
}


--------------------------------------------------------------------------------
2017-12-12T06:34:32+00:00 ERR (3) 404 Seite nicht gefunden
REMOTE_ADDR: 24.207.106.101
HTTP_REFERER: 
requested: array(3) {
  ["controller"] => string(12) "wp-login.php"
  ["action"] => string(5) "index"
  ["module"] => string(7) "default"
}


--------------------------------------------------------------------------------
2017-12-12T06:36:34+00:00 ERR (3) 404 Seite nicht gefunden
REMOTE_ADDR: 122.171.120.89
HTTP_REFERER: 
requested: array(3) {
  ["controller"] => string(12) "wp-login.php"
  ["action"] => string(5) "index"
  ["module"] => string(7) "default"
}


--------------------------------------------------------------------------------
2017-12-12T07:00:34+00:00 ERR (3) 404 Seite nicht gefunden
REMOTE_ADDR: 49.205.218.194
HTTP_REFERER: 
requested: array(3) {
  ["controller"] => string(12) "wp-login.php"
  ["action"] => string(5) "index"
  ["module"] => string(7) "default"
}


--------------------------------------------------------------------------------
2017-12-12T07:12:59+00:00 ERR (3) 404 Seite nicht gefunden
REMOTE_ADDR: 185.42.99.251
HTTP_REFERER: 
requested: array(3) {
  ["controller"] => string(12) "wp-login.php"
  ["action"] => string(5) "index"
  ["module"] => string(7) "default"
}


--------------------------------------------------------------------------------
2017-12-12T07:12:59+00:00 ERR (3) 404 Seite nicht gefunden
REMOTE_ADDR: 154.67.227.10
HTTP_REFERER: 
requested: array(3) {
  ["controller"] => string(12) "wp-login.php"
  ["action"] => string(5) "index"
  ["module"] => string(7) "default"
}


--------------------------------------------------------------------------------
2017-12-12T07:19:23+00:00 ERR (3) 404 Seite nicht gefunden
REMOTE_ADDR: 210.125.112.92
HTTP_REFERER: 
requested: array(3) {
  ["controller"] => string(12) "wp-login.php"
  ["action"] => string(5) "index"
  ["module"] => string(7) "default"
}


--------------------------------------------------------------------------------
2017-12-12T07:23:06+00:00 ERR (3) 404 Seite nicht gefunden
REMOTE_ADDR: 39.60.239.236
HTTP_REFERER: 
requested: array(3) {
  ["controller"] => string(12) "wp-login.php"
  ["action"] => string(5) "index"
  ["module"] => string(7) "default"
}


--------------------------------------------------------------------------------
2017-12-12T07:30:34+00:00 ERR (3) 404 "de" was not found.
REMOTE_ADDR: 216.244.66.201
HTTP_REFERER: 
requested: array(5) {
  ["lang"] => string(2) "en"
  ["action"] => string(4) "page"
  ["key"] => string(2) "de"
  ["module"] => string(7) "default"
  ["controller"] => string(5) "index"
}


--------------------------------------------------------------------------------
2017-12-12T07:56:25+00:00 ERR (3) 404 Seite nicht gefunden
REMOTE_ADDR: 103.87.30.165
HTTP_REFERER: 
requested: array(3) {
  ["controller"] => string(12) "wp-login.php"
  ["action"] => string(5) "index"
  ["module"] => string(7) "default"
}


--------------------------------------------------------------------------------
2017-12-12T08:05:46+00:00 ERR (3) 404 Seite nicht gefunden
REMOTE_ADDR: 83.43.98.181
HTTP_REFERER: 
requested: array(3) {
  ["controller"] => string(12) "wp-login.php"
  ["action"] => string(5) "index"
  ["module"] => string(7) "default"
}


--------------------------------------------------------------------------------
2017-12-12T08:10:31+00:00 ERR (3) 404 Seite nicht gefunden
REMOTE_ADDR: 112.219.213.35
HTTP_REFERER: 
requested: array(3) {
  ["controller"] => string(12) "wp-login.php"
  ["action"] => string(5) "index"
  ["module"] => string(7) "default"
}


--------------------------------------------------------------------------------
2017-12-12T08:39:57+00:00 ERR (3) 404 Seite nicht gefunden
REMOTE_ADDR: 89.254.142.55
HTTP_REFERER: 
requested: array(3) {
  ["controller"] => string(12) "wp-login.php"
  ["action"] => string(5) "index"
  ["module"] => string(7) "default"
}


--------------------------------------------------------------------------------
2017-12-12T08:43:18+00:00 ERR (3) 404 Seite nicht gefunden
REMOTE_ADDR: 73.125.128.86
HTTP_REFERER: 
requested: array(3) {
  ["controller"] => string(12) "wp-login.php"
  ["action"] => string(5) "index"
  ["module"] => string(7) "default"
}


--------------------------------------------------------------------------------
2017-12-12T08:46:24+00:00 ERR (3) 404 Seite nicht gefunden
REMOTE_ADDR: 5.36.93.123
HTTP_REFERER: 
requested: array(3) {
  ["controller"] => string(12) "wp-login.php"
  ["action"] => string(5) "index"
  ["module"] => string(7) "default"
}


--------------------------------------------------------------------------------
2017-12-12T08:52:34+00:00 ERR (3) 404 Seite nicht gefunden
REMOTE_ADDR: 61.228.116.165
HTTP_REFERER: 
requested: array(3) {
  ["controller"] => string(12) "wp-login.php"
  ["action"] => string(5) "index"
  ["module"] => string(7) "default"
}


--------------------------------------------------------------------------------
2017-12-12T09:07:17+00:00 ERR (3) 404 Seite nicht gefunden
REMOTE_ADDR: 84.3.78.130
HTTP_REFERER: 
requested: array(3) {
  ["controller"] => string(12) "wp-login.php"
  ["action"] => string(5) "index"
  ["module"] => string(7) "default"
}


--------------------------------------------------------------------------------
2017-12-12T09:32:13+00:00 ERR (3) 404 Seite nicht gefunden
REMOTE_ADDR: 115.164.174.22
HTTP_REFERER: 
requested: array(3) {
  ["controller"] => string(12) "wp-login.php"
  ["action"] => string(5) "index"
  ["module"] => string(7) "default"
}


--------------------------------------------------------------------------------
2017-12-12T09:40:49+00:00 ERR (3) 404 Seite nicht gefunden
REMOTE_ADDR: 177.133.112.130
HTTP_REFERER: 
requested: array(3) {
  ["controller"] => string(12) "wp-login.php"
  ["action"] => string(5) "index"
  ["module"] => string(7) "default"
}


--------------------------------------------------------------------------------
2017-12-12T09:41:16+00:00 ERR (3) 404 Seite nicht gefunden
REMOTE_ADDR: 203.192.224.75
HTTP_REFERER: 
requested: array(3) {
  ["controller"] => string(12) "wp-login.php"
  ["action"] => string(5) "index"
  ["module"] => string(7) "default"
}


--------------------------------------------------------------------------------
2017-12-12T09:49:32+00:00 ERR (3) 404 Seite nicht gefunden
REMOTE_ADDR: 36.84.1.62
HTTP_REFERER: 
requested: array(3) {
  ["controller"] => string(12) "wp-login.php"
  ["action"] => string(5) "index"
  ["module"] => string(7) "default"
}


--------------------------------------------------------------------------------
2017-12-12T09:49:47+00:00 ERR (3) 404 Seite nicht gefunden
REMOTE_ADDR: 41.82.65.1
HTTP_REFERER: 
requested: array(3) {
  ["controller"] => string(12) "wp-login.php"
  ["action"] => string(5) "index"
  ["module"] => string(7) "default"
}


--------------------------------------------------------------------------------
2017-12-12T10:04:07+00:00 ERR (3) 404 Seite nicht gefunden
REMOTE_ADDR: 180.253.27.27
HTTP_REFERER: 
requested: array(3) {
  ["controller"] => string(12) "wp-login.php"
  ["action"] => string(5) "index"
  ["module"] => string(7) "default"
}


--------------------------------------------------------------------------------
2017-12-12T10:16:41+00:00 ERR (3) 404 "en" was not found.
REMOTE_ADDR: 216.244.66.201
HTTP_REFERER: 
requested: array(5) {
  ["lang"] => string(2) "de"
  ["action"] => string(7) "archive"
  ["key"] => string(2) "en"
  ["module"] => string(7) "default"
  ["controller"] => string(5) "index"
}


--------------------------------------------------------------------------------
2017-12-12T10:52:30+00:00 ERR (3) 404 Seite nicht gefunden
REMOTE_ADDR: 95.168.41.22
HTTP_REFERER: 
requested: array(3) {
  ["controller"] => string(12) "wp-login.php"
  ["action"] => string(5) "index"
  ["module"] => string(7) "default"
}


--------------------------------------------------------------------------------
2017-12-12T10:55:00+00:00 ERR (3) 404 Seite nicht gefunden
REMOTE_ADDR: 95.68.53.14
HTTP_REFERER: 
requested: array(3) {
  ["controller"] => string(12) "wp-login.php"
  ["action"] => string(5) "index"
  ["module"] => string(7) "default"
}


--------------------------------------------------------------------------------
2017-12-12T11:15:45+00:00 ERR (3) 404 Seite nicht gefunden
REMOTE_ADDR: 37.11.234.186
HTTP_REFERER: 
requested: array(3) {
  ["controller"] => string(12) "wp-login.php"
  ["action"] => string(5) "index"
  ["module"] => string(7) "default"
}


--------------------------------------------------------------------------------
2017-12-12T11:40:15+00:00 ERR (3) 404 "" was not found.
REMOTE_ADDR: 52.208.73.211
HTTP_REFERER: 
requested: array(5) {
  ["lang"] => string(2) "de"
  ["action"] => string(7) "archive"
  ["module"] => string(7) "default"
  ["controller"] => string(5) "index"
  ["key"] => string(0) ""
}


--------------------------------------------------------------------------------
2017-12-12T11:59:39+00:00 ERR (3) 404 Seite nicht gefunden
REMOTE_ADDR: 173.32.48.109
HTTP_REFERER: 
requested: array(3) {
  ["controller"] => string(12) "wp-login.php"
  ["action"] => string(5) "index"
  ["module"] => string(7) "default"
}


--------------------------------------------------------------------------------
2017-12-12T12:05:02+00:00 ERR (3) 404 Seite nicht gefunden
REMOTE_ADDR: 213.6.151.182
HTTP_REFERER: 
requested: array(3) {
  ["controller"] => string(12) "wp-login.php"
  ["action"] => string(5) "index"
  ["module"] => string(7) "default"
}


--------------------------------------------------------------------------------
2017-12-12T12:05:11+00:00 ERR (3) 404 Seite nicht gefunden
REMOTE_ADDR: 92.36.179.174
HTTP_REFERER: 
requested: array(3) {
  ["controller"] => string(12) "wp-login.php"
  ["action"] => string(5) "index"
  ["module"] => string(7) "default"
}


--------------------------------------------------------------------------------
2017-12-12T12:25:02+00:00 ERR (3) 404 Seite nicht gefunden
REMOTE_ADDR: 14.139.218.146
HTTP_REFERER: 
requested: array(3) {
  ["controller"] => string(12) "wp-login.php"
  ["action"] => string(5) "index"
  ["module"] => string(7) "default"
}


--------------------------------------------------------------------------------
2017-12-12T12:48:52+00:00 ERR (3) 404 Seite nicht gefunden
REMOTE_ADDR: 78.97.128.185
HTTP_REFERER: 
requested: array(3) {
  ["controller"] => string(12) "wp-login.php"
  ["action"] => string(5) "index"
  ["module"] => string(7) "default"
}


--------------------------------------------------------------------------------
2017-12-12T12:56:26+00:00 ERR (3) 404 Seite nicht gefunden
REMOTE_ADDR: 89.252.20.59
HTTP_REFERER: 
requested: array(3) {
  ["controller"] => string(12) "wp-login.php"
  ["action"] => string(5) "index"
  ["module"] => string(7) "default"
}


--------------------------------------------------------------------------------
2017-12-12T13:09:19+00:00 ERR (3) 404 Seite nicht gefunden
REMOTE_ADDR: 79.69.188.6
HTTP_REFERER: 
requested: array(3) {
  ["controller"] => string(12) "wp-login.php"
  ["action"] => string(5) "index"
  ["module"] => string(7) "default"
}


--------------------------------------------------------------------------------
2017-12-12T13:24:19+00:00 ERR (3) 404 Seite nicht gefunden
REMOTE_ADDR: 69.137.223.19
HTTP_REFERER: 
requested: array(3) {
  ["controller"] => string(12) "wp-login.php"
  ["action"] => string(5) "index"
  ["module"] => string(7) "default"
}


--------------------------------------------------------------------------------
2017-12-12T13:38:22+00:00 ERR (3) 404 Seite nicht gefunden
REMOTE_ADDR: 112.202.43.82
HTTP_REFERER: 
requested: array(3) {
  ["controller"] => string(12) "wp-login.php"
  ["action"] => string(5) "index"
  ["module"] => string(7) "default"
}


--------------------------------------------------------------------------------
2017-12-12T14:02:03+00:00 ERR (3) 404 Page not found
REMOTE_ADDR: 216.244.66.241
HTTP_REFERER: 
requested: array(5) {
  ["lang"] => string(2) "en"
  ["action"] => string(2) "de"
  ["module"] => string(7) "default"
  ["controller"] => string(5) "index"
  ["key"] => string(0) ""
}


--------------------------------------------------------------------------------
2017-12-12T14:03:54+00:00 ERR (3) 404 Seite nicht gefunden
REMOTE_ADDR: 41.108.238.248
HTTP_REFERER: 
requested: array(3) {
  ["controller"] => string(12) "wp-login.php"
  ["action"] => string(5) "index"
  ["module"] => string(7) "default"
}


--------------------------------------------------------------------------------
2017-12-12T14:36:48+00:00 ERR (3) 404 "" was not found.
REMOTE_ADDR: 64.62.252.163
HTTP_REFERER: 
requested: array(5) {
  ["lang"] => string(2) "de"
  ["action"] => string(7) "archive"
  ["module"] => string(7) "default"
  ["controller"] => string(5) "index"
  ["key"] => string(0) ""
}


--------------------------------------------------------------------------------
2017-12-12T14:52:37+00:00 ERR (3) 404 Seite nicht gefunden
REMOTE_ADDR: 191.34.24.180
HTTP_REFERER: 
requested: array(3) {
  ["controller"] => string(12) "wp-login.php"
  ["action"] => string(5) "index"
  ["module"] => string(7) "default"
}


--------------------------------------------------------------------------------
2017-12-12T14:54:01+00:00 ERR (3) 404 Seite nicht gefunden
REMOTE_ADDR: 178.253.236.153
HTTP_REFERER: 
requested: array(3) {
  ["controller"] => string(12) "wp-login.php"
  ["action"] => string(5) "index"
  ["module"] => string(7) "default"
}


--------------------------------------------------------------------------------
2017-12-12T15:05:11+00:00 ERR (3) 404 Seite nicht gefunden
REMOTE_ADDR: 39.40.22.84
HTTP_REFERER: 
requested: array(3) {
  ["controller"] => string(12) "wp-login.php"
  ["action"] => string(5) "index"
  ["module"] => string(7) "default"
}


--------------------------------------------------------------------------------
2017-12-12T15:59:58+00:00 ERR (3) 404 Seite nicht gefunden
REMOTE_ADDR: 200.199.20.118
HTTP_REFERER: 
requested: array(3) {
  ["controller"] => string(12) "wp-login.php"
  ["action"] => string(5) "index"
  ["module"] => string(7) "default"
}


--------------------------------------------------------------------------------
2017-12-12T16:50:05+00:00 ERR (3) 404 Seite nicht gefunden
REMOTE_ADDR: 78.56.15.55
HTTP_REFERER: 
requested: array(3) {
  ["controller"] => string(12) "wp-login.php"
  ["action"] => string(5) "index"
  ["module"] => string(7) "default"
}


--------------------------------------------------------------------------------
2017-12-12T17:01:38+00:00 ERR (3) 404 Seite nicht gefunden
REMOTE_ADDR: 218.144.105.83
HTTP_REFERER: 
requested: array(3) {
  ["controller"] => string(12) "wp-login.php"
  ["action"] => string(5) "index"
  ["module"] => string(7) "default"
}


--------------------------------------------------------------------------------
2017-12-12T17:32:26+00:00 ERR (3) 404 Seite nicht gefunden
REMOTE_ADDR: 12.25.14.2
HTTP_REFERER: 
requested: array(3) {
  ["controller"] => string(12) "wp-login.php"
  ["action"] => string(5) "index"
  ["module"] => string(7) "default"
}


--------------------------------------------------------------------------------
2017-12-12T17:42:53+00:00 ERR (3) 404 Seite nicht gefunden
REMOTE_ADDR: 2.89.187.18
HTTP_REFERER: 
requested: array(3) {
  ["controller"] => string(12) "wp-login.php"
  ["action"] => string(5) "index"
  ["module"] => string(7) "default"
}


--------------------------------------------------------------------------------
2017-12-12T17:56:38+00:00 ERR (3) 404 Seite nicht gefunden
REMOTE_ADDR: 85.242.25.172
HTTP_REFERER: 
requested: array(3) {
  ["controller"] => string(12) "wp-login.php"
  ["action"] => string(5) "index"
  ["module"] => string(7) "default"
}


--------------------------------------------------------------------------------
2017-12-12T18:02:19+00:00 ERR (3) 404 Seite nicht gefunden
REMOTE_ADDR: 141.136.146.1
HTTP_REFERER: 
requested: array(3) {
  ["controller"] => string(12) "wp-login.php"
  ["action"] => string(5) "index"
  ["module"] => string(7) "default"
}


--------------------------------------------------------------------------------
2017-12-12T18:23:16+00:00 ERR (3) 404 Seite nicht gefunden
REMOTE_ADDR: 103.18.180.2
HTTP_REFERER: 
requested: array(3) {
  ["controller"] => string(12) "wp-login.php"
  ["action"] => string(5) "index"
  ["module"] => string(7) "default"
}


--------------------------------------------------------------------------------
2017-12-12T18:43:09+00:00 ERR (3) 404 Seite nicht gefunden
REMOTE_ADDR: 189.90.154.70
HTTP_REFERER: 
requested: array(3) {
  ["controller"] => string(12) "wp-login.php"
  ["action"] => string(5) "index"
  ["module"] => string(7) "default"
}


--------------------------------------------------------------------------------
2017-12-12T18:44:38+00:00 ERR (3) 404 Seite nicht gefunden
REMOTE_ADDR: 109.207.209.119
HTTP_REFERER: 
requested: array(3) {
  ["controller"] => string(12) "wp-login.php"
  ["action"] => string(5) "index"
  ["module"] => string(7) "default"
}


--------------------------------------------------------------------------------
2017-12-12T18:48:55+00:00 ERR (3) 404 Seite nicht gefunden
REMOTE_ADDR: 42.60.8.94
HTTP_REFERER: 
requested: array(3) {
  ["controller"] => string(12) "wp-login.php"
  ["action"] => string(5) "index"
  ["module"] => string(7) "default"
}


--------------------------------------------------------------------------------
2017-12-12T19:08:00+00:00 ERR (3) 404 Seite nicht gefunden
REMOTE_ADDR: 201.40.214.129
HTTP_REFERER: 
requested: array(3) {
  ["controller"] => string(12) "wp-login.php"
  ["action"] => string(5) "index"
  ["module"] => string(7) "default"
}


--------------------------------------------------------------------------------
2017-12-12T19:08:40+00:00 ERR (3) 404 Seite nicht gefunden
REMOTE_ADDR: 147.158.74.249
HTTP_REFERER: 
requested: array(3) {
  ["controller"] => string(12) "wp-login.php"
  ["action"] => string(5) "index"
  ["module"] => string(7) "default"
}


--------------------------------------------------------------------------------
2017-12-12T19:09:42+00:00 ERR (3) 404 Seite nicht gefunden
REMOTE_ADDR: 87.76.239.70
HTTP_REFERER: 
requested: array(3) {
  ["controller"] => string(12) "wp-login.php"
  ["action"] => string(5) "index"
  ["module"] => string(7) "default"
}


--------------------------------------------------------------------------------
2017-12-12T19:10:12+00:00 ERR (3) 404 Seite nicht gefunden
REMOTE_ADDR: 36.255.84.76
HTTP_REFERER: 
requested: array(3) {
  ["controller"] => string(12) "wp-login.php"
  ["action"] => string(5) "index"
  ["module"] => string(7) "default"
}


--------------------------------------------------------------------------------
2017-12-12T19:15:36+00:00 ERR (3) 404 Seite nicht gefunden
REMOTE_ADDR: 202.5.195.226
HTTP_REFERER: 
requested: array(3) {
  ["controller"] => string(12) "wp-login.php"
  ["action"] => string(5) "index"
  ["module"] => string(7) "default"
}


--------------------------------------------------------------------------------
2017-12-12T19:20:02+00:00 ERR (3) 404 Seite nicht gefunden
REMOTE_ADDR: 87.116.176.67
HTTP_REFERER: 
requested: array(3) {
  ["controller"] => string(12) "wp-login.php"
  ["action"] => string(5) "index"
  ["module"] => string(7) "default"
}


--------------------------------------------------------------------------------
2017-12-12T19:22:48+00:00 ERR (3) 404 Seite nicht gefunden
REMOTE_ADDR: 93.226.97.239
HTTP_REFERER: 
requested: array(3) {
  ["controller"] => string(12) "wp-login.php"
  ["action"] => string(5) "index"
  ["module"] => string(7) "default"
}


--------------------------------------------------------------------------------
2017-12-12T19:46:10+00:00 ERR (3) 404 Seite nicht gefunden
REMOTE_ADDR: 157.25.134.232
HTTP_REFERER: 
requested: array(3) {
  ["controller"] => string(12) "wp-login.php"
  ["action"] => string(5) "index"
  ["module"] => string(7) "default"
}


--------------------------------------------------------------------------------
2017-12-12T19:54:14+00:00 ERR (3) 404 Seite nicht gefunden
REMOTE_ADDR: 154.70.54.33
HTTP_REFERER: 
requested: array(3) {
  ["controller"] => string(12) "wp-login.php"
  ["action"] => string(5) "index"
  ["module"] => string(7) "default"
}


--------------------------------------------------------------------------------
2017-12-12T20:13:04+00:00 ERR (3) 404 Seite nicht gefunden
REMOTE_ADDR: 89.133.122.1
HTTP_REFERER: 
requested: array(3) {
  ["controller"] => string(12) "wp-login.php"
  ["action"] => string(5) "index"
  ["module"] => string(7) "default"
}


--------------------------------------------------------------------------------
2017-12-12T20:30:14+00:00 ERR (3) 404 Seite nicht gefunden
REMOTE_ADDR: 65.191.42.185
HTTP_REFERER: 
requested: array(3) {
  ["controller"] => string(12) "wp-login.php"
  ["action"] => string(5) "index"
  ["module"] => string(7) "default"
}


--------------------------------------------------------------------------------
2017-12-12T20:31:22+00:00 ERR (3) 404 Seite nicht gefunden
REMOTE_ADDR: 94.12.35.98
HTTP_REFERER: 
requested: array(3) {
  ["controller"] => string(12) "wp-login.php"
  ["action"] => string(5) "index"
  ["module"] => string(7) "default"
}


--------------------------------------------------------------------------------
2017-12-12T20:35:30+00:00 ERR (3) 404 Seite nicht gefunden
REMOTE_ADDR: 156.208.120.9
HTTP_REFERER: 
requested: array(3) {
  ["controller"] => string(12) "wp-login.php"
  ["action"] => string(5) "index"
  ["module"] => string(7) "default"
}


--------------------------------------------------------------------------------
2017-12-12T21:04:05+00:00 ERR (3) 404 Seite nicht gefunden
REMOTE_ADDR: 189.211.119.88
HTTP_REFERER: 
requested: array(3) {
  ["controller"] => string(12) "wp-login.php"
  ["action"] => string(5) "index"
  ["module"] => string(7) "default"
}


--------------------------------------------------------------------------------
2017-12-12T21:10:32+00:00 ERR (3) 404 Seite nicht gefunden
REMOTE_ADDR: 90.149.203.117
HTTP_REFERER: 
requested: array(3) {
  ["controller"] => string(12) "wp-login.php"
  ["action"] => string(5) "index"
  ["module"] => string(7) "default"
}


--------------------------------------------------------------------------------
2017-12-12T21:17:31+00:00 ERR (3) 404 Seite nicht gefunden
REMOTE_ADDR: 84.120.48.85
HTTP_REFERER: 
requested: array(3) {
  ["controller"] => string(12) "wp-login.php"
  ["action"] => string(5) "index"
  ["module"] => string(7) "default"
}


--------------------------------------------------------------------------------
2017-12-12T21:46:18+00:00 ERR (3) 404 Seite nicht gefunden
REMOTE_ADDR: 186.62.49.78
HTTP_REFERER: 
requested: array(3) {
  ["controller"] => string(12) "wp-login.php"
  ["action"] => string(5) "index"
  ["module"] => string(7) "default"
}


--------------------------------------------------------------------------------
2017-12-12T21:47:02+00:00 ERR (3) 404 Seite nicht gefunden
REMOTE_ADDR: 212.37.82.121
HTTP_REFERER: 
requested: array(3) {
  ["controller"] => string(12) "wp-login.php"
  ["action"] => string(5) "index"
  ["module"] => string(7) "default"
}


--------------------------------------------------------------------------------
2017-12-12T22:28:55+00:00 ERR (3) 404 Seite nicht gefunden
REMOTE_ADDR: 36.77.219.239
HTTP_REFERER: 
requested: array(3) {
  ["controller"] => string(12) "wp-login.php"
  ["action"] => string(5) "index"
  ["module"] => string(7) "default"
}


--------------------------------------------------------------------------------
2017-12-12T22:34:47+00:00 ERR (3) 404 Seite nicht gefunden
REMOTE_ADDR: 88.11.50.21
HTTP_REFERER: 
requested: array(3) {
  ["controller"] => string(12) "wp-login.php"
  ["action"] => string(5) "index"
  ["module"] => string(7) "default"
}


--------------------------------------------------------------------------------
2017-12-12T23:09:37+00:00 ERR (3) 404 Seite nicht gefunden
REMOTE_ADDR: 79.180.62.166
HTTP_REFERER: 
requested: array(3) {
  ["controller"] => string(12) "wp-login.php"
  ["action"] => string(5) "index"
  ["module"] => string(7) "default"
}


--------------------------------------------------------------------------------
2017-12-12T23:57:19+00:00 ERR (3) 404 Seite nicht gefunden
REMOTE_ADDR: 68.13.151.136
HTTP_REFERER: 
requested: array(3) {
  ["controller"] => string(12) "wp-login.php"
  ["action"] => string(5) "index"
  ["module"] => string(7) "default"
}


--------------------------------------------------------------------------------
