2019-07-17T12:51:39+00:00 ERR (3) 404 Seite nicht gefunden
REMOTE_ADDR: 83.218.160.57
HTTP_REFERER: 
requested: array(3) {
  ["controller"] => string(4) "test"
  ["action"] => string(8) "wp-admin"
  ["module"] => string(7) "default"
}


--------------------------------------------------------------------------------
2019-07-17T13:03:49+00:00 ERR (3) 404 Seite nicht gefunden
REMOTE_ADDR: 166.62.89.205
HTTP_REFERER: 
requested: array(3) {
  ["controller"] => string(4) "blog"
  ["action"] => string(8) "wp-admin"
  ["module"] => string(7) "default"
}


--------------------------------------------------------------------------------
2019-07-17T13:09:52+00:00 ERR (3) 404 Seite nicht gefunden
REMOTE_ADDR: 184.168.193.153
HTTP_REFERER: 
requested: array(3) {
  ["controller"] => string(2) "wp"
  ["action"] => string(8) "wp-admin"
  ["module"] => string(7) "default"
}


--------------------------------------------------------------------------------
2019-07-17T13:15:52+00:00 ERR (3) 404 Seite nicht gefunden
REMOTE_ADDR: 184.168.27.135
HTTP_REFERER: 
requested: array(3) {
  ["controller"] => string(3) "old"
  ["action"] => string(8) "wp-admin"
  ["module"] => string(7) "default"
}


--------------------------------------------------------------------------------
2019-07-17T13:29:45+00:00 ERR (3) 404 Seite nicht gefunden
REMOTE_ADDR: 146.71.77.224
HTTP_REFERER: 
requested: array(4) {
  ["controller"] => string(6) "https:"
  [""] => string(19) "silber-und-blei.com"
  ["action"] => string(5) "index"
  ["module"] => string(7) "default"
}


--------------------------------------------------------------------------------
