2014-10-30T03:09:17+00:00 ERR (3) 404 Seite nicht gefunden
REMOTE_ADDR: 120.32.139.195
HTTP_REFERER: http://graphicore.de/fckeditor/editor/filemanager/browser/default/connectors/test.html
requested: array(5) {
  ["controller"] => string(9) "fckeditor"
  ["action"] => string(6) "editor"
  ["filemanager"] => string(7) "browser"
  ["default"] => string(10) "connectors"
  ["module"] => string(7) "default"
}


--------------------------------------------------------------------------------
2014-10-30T03:09:18+00:00 ERR (3) 404 Seite nicht gefunden
REMOTE_ADDR: 120.32.139.195
HTTP_REFERER: http://graphicore.de/admin/fckeditor/editor/filemanager/browser/default/connectors/test.html
requested: array(6) {
  ["controller"] => string(5) "admin"
  ["action"] => string(9) "fckeditor"
  ["editor"] => string(11) "filemanager"
  ["browser"] => string(7) "default"
  ["connectors"] => string(9) "test.html"
  ["module"] => string(7) "default"
}


--------------------------------------------------------------------------------
2014-10-30T03:09:19+00:00 ERR (3) 404 Seite nicht gefunden
REMOTE_ADDR: 120.32.139.195
HTTP_REFERER: http://graphicore.de/editor/filemanager/browser/default/connectors/test.html
requested: array(5) {
  ["controller"] => string(6) "editor"
  ["action"] => string(11) "filemanager"
  ["browser"] => string(7) "default"
  ["connectors"] => string(9) "test.html"
  ["module"] => string(7) "default"
}


--------------------------------------------------------------------------------
2014-10-30T03:09:20+00:00 ERR (3) 404 Seite nicht gefunden
REMOTE_ADDR: 120.32.139.195
HTTP_REFERER: http://graphicore.de/manage/fckeditor/editor/filemanager/browser/default/connectors/test.html
requested: array(6) {
  ["controller"] => string(6) "manage"
  ["action"] => string(9) "fckeditor"
  ["editor"] => string(11) "filemanager"
  ["browser"] => string(7) "default"
  ["connectors"] => string(9) "test.html"
  ["module"] => string(7) "default"
}


--------------------------------------------------------------------------------
2014-10-30T03:09:21+00:00 ERR (3) 404 Seite nicht gefunden
REMOTE_ADDR: 120.32.139.195
HTTP_REFERER: http://graphicore.de/system/fckeditor/editor/filemanager/browser/default/connectors/test.html
requested: array(6) {
  ["controller"] => string(6) "system"
  ["action"] => string(9) "fckeditor"
  ["editor"] => string(11) "filemanager"
  ["browser"] => string(7) "default"
  ["connectors"] => string(9) "test.html"
  ["module"] => string(7) "default"
}


--------------------------------------------------------------------------------
2014-10-30T03:09:23+00:00 ERR (3) 404 Seite nicht gefunden
REMOTE_ADDR: 120.32.139.195
HTTP_REFERER: http://graphicore.de/includes/fckeditor/editor/filemanager/browser/default/connectors/test.html
requested: array(6) {
  ["controller"] => string(8) "includes"
  ["action"] => string(9) "fckeditor"
  ["editor"] => string(11) "filemanager"
  ["browser"] => string(7) "default"
  ["connectors"] => string(9) "test.html"
  ["module"] => string(7) "default"
}


--------------------------------------------------------------------------------
2014-10-30T03:09:24+00:00 ERR (3) 404 Seite nicht gefunden
REMOTE_ADDR: 120.32.139.195
HTTP_REFERER: http://graphicore.de/common/fckeditor/editor/filemanager/browser/default/connectors/test.html
requested: array(6) {
  ["controller"] => string(6) "common"
  ["action"] => string(9) "fckeditor"
  ["editor"] => string(11) "filemanager"
  ["browser"] => string(7) "default"
  ["connectors"] => string(9) "test.html"
  ["module"] => string(7) "default"
}


--------------------------------------------------------------------------------
2014-10-30T18:27:12+00:00 ERR (3) 404 "story" was not found.
REMOTE_ADDR: 157.55.39.88
HTTP_REFERER: 
requested: array(6) {
  ["lang"] => string(2) "en"
  ["action"] => string(5) "index"
  ["key"] => string(5) "story"
  ["intern"] => string(7) "kontakt"
  ["module"] => string(7) "default"
  ["controller"] => string(5) "index"
}


--------------------------------------------------------------------------------
2014-10-30T19:06:49+00:00 ERR (3) 404 Seite nicht gefunden
REMOTE_ADDR: 62.210.91.17
HTTP_REFERER: http://graphicore.de/webmanage/fckeditor/editor/filemanager/browser/default/connectors/asp/connector.asp
requested: array(6) {
  ["controller"] => string(9) "webmanage"
  ["action"] => string(9) "fckeditor"
  ["editor"] => string(11) "filemanager"
  ["browser"] => string(7) "default"
  ["connectors"] => string(3) "asp"
  ["module"] => string(7) "default"
}


--------------------------------------------------------------------------------
2014-10-30T19:06:49+00:00 ERR (3) 404 Seite nicht gefunden
REMOTE_ADDR: 62.210.91.17
HTTP_REFERER: http://graphicore.de/editor/editor/filemanager/browser/default/connectors/asp/connector.asp
requested: array(6) {
  ["controller"] => string(6) "editor"
  ["action"] => string(6) "editor"
  ["filemanager"] => string(7) "browser"
  ["default"] => string(10) "connectors"
  ["asp"] => string(13) "connector.asp"
  ["module"] => string(7) "default"
}


--------------------------------------------------------------------------------
2014-10-30T19:06:49+00:00 ERR (3) 404 Seite nicht gefunden
REMOTE_ADDR: 62.210.91.17
HTTP_REFERER: http://graphicore.de/fckeditor/editor/filemanager/browser/default/connectors/asp/connector.asp
requested: array(6) {
  ["controller"] => string(9) "fckeditor"
  ["action"] => string(6) "editor"
  ["filemanager"] => string(7) "browser"
  ["default"] => string(10) "connectors"
  ["asp"] => string(13) "connector.asp"
  ["module"] => string(7) "default"
}


--------------------------------------------------------------------------------
2014-10-30T19:06:50+00:00 ERR (3) 404 Seite nicht gefunden
REMOTE_ADDR: 62.210.91.17
HTTP_REFERER: http://graphicore.de/admin/fckeditor/editor/filemanager/browser/default/connectors/asp/connector.asp
requested: array(6) {
  ["controller"] => string(5) "admin"
  ["action"] => string(9) "fckeditor"
  ["editor"] => string(11) "filemanager"
  ["browser"] => string(7) "default"
  ["connectors"] => string(3) "asp"
  ["module"] => string(7) "default"
}


--------------------------------------------------------------------------------
2014-10-30T19:06:50+00:00 ERR (3) 404 Seite nicht gefunden
REMOTE_ADDR: 62.210.91.17
HTTP_REFERER: http://graphicore.de/editor/filemanager/browser/default/connectors/asp/connector.asp
requested: array(5) {
  ["controller"] => string(6) "editor"
  ["action"] => string(11) "filemanager"
  ["browser"] => string(7) "default"
  ["connectors"] => string(3) "asp"
  ["module"] => string(7) "default"
}


--------------------------------------------------------------------------------
2014-10-30T19:06:50+00:00 ERR (3) 404 Seite nicht gefunden
REMOTE_ADDR: 62.210.91.17
HTTP_REFERER: http://graphicore.de/manage/fckeditor/editor/filemanager/browser/default/connectors/asp/connector.asp
requested: array(6) {
  ["controller"] => string(6) "manage"
  ["action"] => string(9) "fckeditor"
  ["editor"] => string(11) "filemanager"
  ["browser"] => string(7) "default"
  ["connectors"] => string(3) "asp"
  ["module"] => string(7) "default"
}


--------------------------------------------------------------------------------
