2014-04-16T00:52:44+00:00 ERR (3) 404 Seite nicht gefunden
REMOTE_ADDR: 91.236.74.178
HTTP_REFERER: http://graphicore.de/forum/
requested: array(3) {
  ["controller"] => string(5) "forum"
  ["action"] => string(5) "index"
  ["module"] => string(7) "default"
}


--------------------------------------------------------------------------------
2014-04-16T18:41:41+00:00 ERR (3) 404 "2014-02-27_kaufland-firewall-service" was not found.
REMOTE_ADDR: 208.115.111.73
HTTP_REFERER: 
requested: array(5) {
  ["lang"] => string(2) "en"
  ["action"] => string(7) "archive"
  ["key"] => string(36) "2014-02-27_kaufland-firewall-service"
  ["module"] => string(7) "default"
  ["controller"] => string(5) "index"
}


--------------------------------------------------------------------------------
2014-04-16T20:59:54+00:00 ERR (3) 404 "2014-02-27_kaufland-firewall-service" was not found.
REMOTE_ADDR: 5.10.83.44
HTTP_REFERER: 
requested: array(5) {
  ["lang"] => string(2) "de"
  ["action"] => string(7) "archive"
  ["key"] => string(36) "2014-02-27_kaufland-firewall-service"
  ["module"] => string(7) "default"
  ["controller"] => string(5) "index"
}


--------------------------------------------------------------------------------
2014-04-16T22:50:57+00:00 ERR (3) 404 "hire-lasse" was not found.
REMOTE_ADDR: 5.199.136.130
HTTP_REFERER: 
requested: array(5) {
  ["lang"] => string(2) "en"
  ["action"] => string(4) "page"
  ["key"] => string(10) "hire-lasse"
  ["module"] => string(7) "default"
  ["controller"] => string(5) "index"
}


--------------------------------------------------------------------------------
2014-04-16T23:58:14+00:00 ERR (3) 404 "hire-lasse" was not found.
REMOTE_ADDR: 5.199.136.130
HTTP_REFERER: 
requested: array(5) {
  ["lang"] => string(2) "de"
  ["action"] => string(4) "page"
  ["key"] => string(10) "hire-lasse"
  ["module"] => string(7) "default"
  ["controller"] => string(5) "index"
}


--------------------------------------------------------------------------------
