2015-05-18T05:25:12+00:00 ERR (3) 404 "" was not found.
REMOTE_ADDR: 178.137.166.68
HTTP_REFERER: http://avkzarabotok.info/
requested: array(5) {
  ["lang"] => string(2) "en"
  ["action"] => string(7) "archive"
  ["module"] => string(7) "default"
  ["controller"] => string(5) "index"
  ["key"] => string(0) ""
}


--------------------------------------------------------------------------------
2015-05-18T05:25:13+00:00 ERR (3) 404 "" was not found.
REMOTE_ADDR: 178.137.166.68
HTTP_REFERER: http://avkzarabotok.info/
requested: array(5) {
  ["lang"] => string(2) "en"
  ["action"] => string(7) "archive"
  ["module"] => string(7) "default"
  ["controller"] => string(5) "index"
  ["key"] => string(0) ""
}


--------------------------------------------------------------------------------
2015-05-18T05:25:13+00:00 ERR (3) 404 "" was not found.
REMOTE_ADDR: 178.137.166.68
HTTP_REFERER: http://avkzarabotok.info/
requested: array(5) {
  ["lang"] => string(2) "en"
  ["action"] => string(7) "archive"
  ["module"] => string(7) "default"
  ["controller"] => string(5) "index"
  ["key"] => string(0) ""
}


--------------------------------------------------------------------------------
2015-05-18T06:45:27+00:00 ERR (3) 404 Page not found
REMOTE_ADDR: 108.183.73.21
HTTP_REFERER: 
requested: array(3) {
  ["controller"] => string(8) "wp-login"
  ["action"] => string(5) "index"
  ["module"] => string(7) "default"
}


--------------------------------------------------------------------------------
2015-05-18T14:38:24+00:00 ERR (3) 404 "" was not found.
REMOTE_ADDR: 178.137.166.68
HTTP_REFERER: http://kino-fun.ru/
requested: array(5) {
  ["lang"] => string(2) "en"
  ["action"] => string(7) "archive"
  ["module"] => string(7) "default"
  ["controller"] => string(5) "index"
  ["key"] => string(0) ""
}


--------------------------------------------------------------------------------
2015-05-18T14:38:25+00:00 ERR (3) 404 "" was not found.
REMOTE_ADDR: 178.137.166.68
HTTP_REFERER: http://kino-fun.ru/
requested: array(5) {
  ["lang"] => string(2) "en"
  ["action"] => string(7) "archive"
  ["module"] => string(7) "default"
  ["controller"] => string(5) "index"
  ["key"] => string(0) ""
}


--------------------------------------------------------------------------------
2015-05-18T14:38:25+00:00 ERR (3) 404 "" was not found.
REMOTE_ADDR: 178.137.166.68
HTTP_REFERER: http://kino-fun.ru/
requested: array(5) {
  ["lang"] => string(2) "en"
  ["action"] => string(7) "archive"
  ["module"] => string(7) "default"
  ["controller"] => string(5) "index"
  ["key"] => string(0) ""
}


--------------------------------------------------------------------------------
2015-05-18T14:55:39+00:00 ERR (3) 404 "" was not found.
REMOTE_ADDR: 94.153.9.66
HTTP_REFERER: http://www.gkvector.ru/
requested: array(5) {
  ["lang"] => string(2) "en"
  ["action"] => string(7) "archive"
  ["module"] => string(7) "default"
  ["controller"] => string(5) "index"
  ["key"] => string(0) ""
}


--------------------------------------------------------------------------------
2015-05-18T14:55:39+00:00 ERR (3) 404 "" was not found.
REMOTE_ADDR: 94.153.9.66
HTTP_REFERER: http://www.simtree.ru/
requested: array(5) {
  ["lang"] => string(2) "en"
  ["action"] => string(7) "archive"
  ["module"] => string(7) "default"
  ["controller"] => string(5) "index"
  ["key"] => string(0) ""
}


--------------------------------------------------------------------------------
2015-05-18T14:55:40+00:00 ERR (3) 404 "" was not found.
REMOTE_ADDR: 94.153.9.66
HTTP_REFERER: http://www.gkvector.ru/
requested: array(5) {
  ["lang"] => string(2) "en"
  ["action"] => string(7) "archive"
  ["module"] => string(7) "default"
  ["controller"] => string(5) "index"
  ["key"] => string(0) ""
}


--------------------------------------------------------------------------------
2015-05-18T14:55:40+00:00 ERR (3) 404 "" was not found.
REMOTE_ADDR: 94.153.9.66
HTTP_REFERER: http://www.simtree.ru/
requested: array(5) {
  ["lang"] => string(2) "en"
  ["action"] => string(7) "archive"
  ["module"] => string(7) "default"
  ["controller"] => string(5) "index"
  ["key"] => string(0) ""
}


--------------------------------------------------------------------------------
2015-05-18T14:55:40+00:00 ERR (3) 404 "" was not found.
REMOTE_ADDR: 94.153.9.66
HTTP_REFERER: http://www.gkvector.ru/
requested: array(5) {
  ["lang"] => string(2) "en"
  ["action"] => string(7) "archive"
  ["module"] => string(7) "default"
  ["controller"] => string(5) "index"
  ["key"] => string(0) ""
}


--------------------------------------------------------------------------------
2015-05-18T14:55:40+00:00 ERR (3) 404 "" was not found.
REMOTE_ADDR: 94.153.9.66
HTTP_REFERER: http://www.simtree.ru/
requested: array(5) {
  ["lang"] => string(2) "en"
  ["action"] => string(7) "archive"
  ["module"] => string(7) "default"
  ["controller"] => string(5) "index"
  ["key"] => string(0) ""
}


--------------------------------------------------------------------------------
2015-05-18T15:15:28+00:00 ERR (3) 404 "" was not found.
REMOTE_ADDR: 178.137.19.143
HTTP_REFERER: http://video-woman.com/
requested: array(5) {
  ["lang"] => string(2) "en"
  ["action"] => string(7) "archive"
  ["module"] => string(7) "default"
  ["controller"] => string(5) "index"
  ["key"] => string(0) ""
}


--------------------------------------------------------------------------------
2015-05-18T15:15:28+00:00 ERR (3) 404 "" was not found.
REMOTE_ADDR: 178.137.19.143
HTTP_REFERER: http://video-woman.com/
requested: array(5) {
  ["lang"] => string(2) "en"
  ["action"] => string(7) "archive"
  ["module"] => string(7) "default"
  ["controller"] => string(5) "index"
  ["key"] => string(0) ""
}


--------------------------------------------------------------------------------
2015-05-18T15:15:29+00:00 ERR (3) 404 "" was not found.
REMOTE_ADDR: 178.137.19.143
HTTP_REFERER: http://video-woman.com/
requested: array(5) {
  ["lang"] => string(2) "en"
  ["action"] => string(7) "archive"
  ["module"] => string(7) "default"
  ["controller"] => string(5) "index"
  ["key"] => string(0) ""
}


--------------------------------------------------------------------------------
