2011-01-09T05:12:20+00:00 ERR (3) 404 Seite nicht gefunden
REMOTE_ADDR: 95.71.48.98
HTTP_REFERER: http://graphicore.de/forum/index.php
requested: array(3) {
  ["controller"] => string(5) "forum"
  ["action"] => string(9) "index.php"
  ["module"] => string(7) "default"
}


--------------------------------------------------------------------------------
2011-01-09T13:40:32+00:00 ERR (3) 404 Seite nicht gefunden
REMOTE_ADDR: 188.143.232.10
HTTP_REFERER: http://graphicore.de/forum/index.php
requested: array(3) {
  ["controller"] => string(5) "forum"
  ["action"] => string(9) "index.php"
  ["module"] => string(7) "default"
}


--------------------------------------------------------------------------------
2011-01-09T17:15:12+00:00 ERR (3) 404 Seite nicht gefunden
REMOTE_ADDR: 81.24.116.10
HTTP_REFERER: 
requested: array(3) {
  ["controller"] => string(10) "javascript"
  ["action"] => string(1) "'"
  ["module"] => string(7) "default"
}


--------------------------------------------------------------------------------
