2014-06-15T03:08:11+00:00 ERR (3) 404 Seite nicht gefunden
REMOTE_ADDR: 83.104.242.202
HTTP_REFERER: 
requested: array(3) {
  ["controller"] => string(9) "admin.php"
  ["action"] => string(5) "index"
  ["module"] => string(7) "default"
}


--------------------------------------------------------------------------------
2014-06-15T03:08:12+00:00 ERR (3) 404 Seite nicht gefunden
REMOTE_ADDR: 83.104.242.202
HTTP_REFERER: 
requested: array(3) {
  ["controller"] => string(4) "user"
  ["action"] => string(5) "login"
  ["module"] => string(7) "default"
}


--------------------------------------------------------------------------------
2014-06-15T15:41:56+00:00 ERR (3) 404 Seite nicht gefunden
REMOTE_ADDR: 66.249.67.88
HTTP_REFERER: 
requested: array(3) {
  ["controller"] => string(3) "lib"
  ["action"] => string(5) "index"
  ["module"] => string(7) "default"
}


--------------------------------------------------------------------------------
2014-06-15T16:03:43+00:00 ERR (3) 404 Seite nicht gefunden
REMOTE_ADDR: 66.249.67.62
HTTP_REFERER: 
requested: array(3) {
  ["controller"] => string(5) "tests"
  ["action"] => string(5) "index"
  ["module"] => string(7) "default"
}


--------------------------------------------------------------------------------
2014-06-15T16:30:30+00:00 ERR (3) 404 "" was not found.
REMOTE_ADDR: 89.66.65.65
HTTP_REFERER: http://graphicore.de/en/archive/
requested: array(5) {
  ["lang"] => string(2) "en"
  ["action"] => string(7) "archive"
  ["module"] => string(7) "default"
  ["controller"] => string(5) "index"
  ["key"] => string(0) ""
}


--------------------------------------------------------------------------------
2014-06-15T16:30:30+00:00 ERR (3) 404 "index.php" was not found.
REMOTE_ADDR: 89.66.65.65
HTTP_REFERER: http://graphicore.de/en/archive/index.php
requested: array(5) {
  ["lang"] => string(2) "en"
  ["action"] => string(7) "archive"
  ["key"] => string(9) "index.php"
  ["module"] => string(7) "default"
  ["controller"] => string(5) "index"
}


--------------------------------------------------------------------------------
