2011-09-19T17:59:12+00:00 ERR (3) 404 "story" was not found.
REMOTE_ADDR: 157.55.16.87
HTTP_REFERER: 
requested: array(6) {
  ["lang"] => string(2) "en"
  ["action"] => string(5) "index"
  ["key"] => string(5) "story"
  ["intern"] => string(7) "kontakt"
  ["module"] => string(7) "default"
  ["controller"] => string(5) "index"
}


--------------------------------------------------------------------------------
2011-09-19T20:17:28+00:00 ERR (3) 404 "topic" was not found.
REMOTE_ADDR: 89.252.58.37
HTTP_REFERER: http://graphicore.de/de/index/topic/intern/
requested: array(5) {
  ["lang"] => string(2) "de"
  ["action"] => string(5) "index"
  ["key"] => string(5) "topic"
  ["module"] => string(7) "default"
  ["controller"] => string(5) "index"
}


--------------------------------------------------------------------------------
