2014-04-10T02:15:52+00:00 ERR (3) 404 Page not found
REMOTE_ADDR: 79.170.44.141
HTTP_REFERER: http://www.google.com/
requested: array(6) {
  ["controller"] => string(12) "wp-login.php"
  ["action"] => string(5) "index"
  ["module"] => string(7) "default"
  ["log"] => string(5) "admin"
  ["pwd"] => string(6) "123123"
  ["rememberme"] => string(7) "forever"
}


--------------------------------------------------------------------------------
2014-04-10T02:26:59+00:00 ERR (3) 404 Page not found
REMOTE_ADDR: 50.57.201.4
HTTP_REFERER: http://www.google.com/
requested: array(6) {
  ["controller"] => string(12) "wp-login.php"
  ["action"] => string(5) "index"
  ["module"] => string(7) "default"
  ["log"] => string(5) "admin"
  ["pwd"] => string(9) "123123123"
  ["rememberme"] => string(7) "forever"
}


--------------------------------------------------------------------------------
2014-04-10T02:50:29+00:00 ERR (3) 404 Page not found
REMOTE_ADDR: 174.37.159.227
HTTP_REFERER: http://www.google.com/
requested: array(6) {
  ["controller"] => string(12) "wp-login.php"
  ["action"] => string(5) "index"
  ["module"] => string(7) "default"
  ["log"] => string(5) "admin"
  ["pwd"] => string(6) "123456"
  ["rememberme"] => string(7) "forever"
}


--------------------------------------------------------------------------------
2014-04-10T04:10:47+00:00 ERR (3) 404 "hire-lasse" was not found.
REMOTE_ADDR: 5.199.136.130
HTTP_REFERER: 
requested: array(5) {
  ["lang"] => string(2) "de"
  ["action"] => string(4) "page"
  ["key"] => string(10) "hire-lasse"
  ["module"] => string(7) "default"
  ["controller"] => string(5) "index"
}


--------------------------------------------------------------------------------
2014-04-10T04:47:52+00:00 ERR (3) 404 Seite nicht gefunden
REMOTE_ADDR: 66.249.73.38
HTTP_REFERER: 
requested: array(8) {
  ["controller"] => string(5) "forum"
  ["action"] => string(13) "viewtopic.php"
  ["module"] => string(7) "default"
  ["t"] => string(2) "13"
  ["start"] => string(1) "0"
  ["postdays"] => string(1) "0"
  ["postorder"] => string(3) "asc"
  ["highlight"] => string(0) ""
}


--------------------------------------------------------------------------------
2014-04-10T09:32:31+00:00 ERR (3) 404 Seite nicht gefunden
REMOTE_ADDR: 72.46.141.50
HTTP_REFERER: http://graphicore.de/forum/
requested: array(3) {
  ["controller"] => string(5) "forum"
  ["action"] => string(5) "index"
  ["module"] => string(7) "default"
}


--------------------------------------------------------------------------------
2014-04-10T11:04:37+00:00 ERR (3) 404 "hire-lasse" was not found.
REMOTE_ADDR: 5.199.136.130
HTTP_REFERER: 
requested: array(5) {
  ["lang"] => string(2) "en"
  ["action"] => string(4) "page"
  ["key"] => string(10) "hire-lasse"
  ["module"] => string(7) "default"
  ["controller"] => string(5) "index"
}


--------------------------------------------------------------------------------
2014-04-10T11:43:25+00:00 ERR (3) 404 Seite nicht gefunden
REMOTE_ADDR: 72.46.141.50
HTTP_REFERER: http://graphicore.de/forum/
requested: array(3) {
  ["controller"] => string(5) "forum"
  ["action"] => string(5) "index"
  ["module"] => string(7) "default"
}


--------------------------------------------------------------------------------
2014-04-10T11:46:16+00:00 ERR (3) 404 Seite nicht gefunden
REMOTE_ADDR: 72.46.156.18
HTTP_REFERER: http://graphicore.de/forum/
requested: array(3) {
  ["controller"] => string(5) "forum"
  ["action"] => string(5) "index"
  ["module"] => string(7) "default"
}


--------------------------------------------------------------------------------
2014-04-10T11:48:33+00:00 ERR (3) 404 Page not found
REMOTE_ADDR: 194.80.235.251
HTTP_REFERER: 
requested: array(3) {
  ["controller"] => string(32) "apple-touch-icon-precomposed.png"
  ["action"] => string(5) "index"
  ["module"] => string(7) "default"
}


--------------------------------------------------------------------------------
2014-04-10T11:48:33+00:00 ERR (3) 404 Page not found
REMOTE_ADDR: 194.80.235.251
HTTP_REFERER: 
requested: array(3) {
  ["controller"] => string(20) "apple-touch-icon.png"
  ["action"] => string(5) "index"
  ["module"] => string(7) "default"
}


--------------------------------------------------------------------------------
2014-04-10T13:15:46+00:00 ERR (3) 404 Seite nicht gefunden
REMOTE_ADDR: 81.36.44.197
HTTP_REFERER: 
requested: array(4) {
  ["controller"] => string(6) "https:"
  [""] => string(19) "silber-und-blei.com"
  ["action"] => string(5) "index"
  ["module"] => string(7) "default"
}


--------------------------------------------------------------------------------
2014-04-10T13:15:47+00:00 ERR (3) 404 Seite nicht gefunden
REMOTE_ADDR: 81.36.44.197
HTTP_REFERER: 
requested: array(3) {
  ["controller"] => string(2) "js"
  ["action"] => string(1) "'"
  ["module"] => string(7) "default"
}


--------------------------------------------------------------------------------
2014-04-10T13:29:18+00:00 ERR (3) 404 "" was not found.
REMOTE_ADDR: 208.115.113.89
HTTP_REFERER: 
requested: array(5) {
  ["lang"] => string(2) "de"
  ["action"] => string(7) "archive"
  ["module"] => string(7) "default"
  ["controller"] => string(5) "index"
  ["key"] => string(0) ""
}


--------------------------------------------------------------------------------
2014-04-10T14:40:18+00:00 ERR (3) 404 Page not found
REMOTE_ADDR: 72.55.164.17
HTTP_REFERER: http://www.google.com/
requested: array(6) {
  ["controller"] => string(12) "wp-login.php"
  ["action"] => string(5) "index"
  ["module"] => string(7) "default"
  ["log"] => string(5) "admin"
  ["pwd"] => string(6) "123123"
  ["rememberme"] => string(7) "forever"
}


--------------------------------------------------------------------------------
2014-04-10T14:50:35+00:00 ERR (3) 404 Page not found
REMOTE_ADDR: 80.69.174.100
HTTP_REFERER: http://www.google.com/
requested: array(6) {
  ["controller"] => string(12) "wp-login.php"
  ["action"] => string(5) "index"
  ["module"] => string(7) "default"
  ["log"] => string(5) "admin"
  ["pwd"] => string(5) "admin"
  ["rememberme"] => string(7) "forever"
}


--------------------------------------------------------------------------------
2014-04-10T15:00:48+00:00 ERR (3) 404 Page not found
REMOTE_ADDR: 200.234.196.121
HTTP_REFERER: http://www.google.com/
requested: array(6) {
  ["controller"] => string(12) "wp-login.php"
  ["action"] => string(5) "index"
  ["module"] => string(7) "default"
  ["log"] => string(5) "admin"
  ["pwd"] => string(6) "123456"
  ["rememberme"] => string(7) "forever"
}


--------------------------------------------------------------------------------
2014-04-10T23:08:11+00:00 ERR (3) 404 Seite nicht gefunden
REMOTE_ADDR: 65.55.215.44
HTTP_REFERER: 
requested: array(3) {
  ["controller"] => string(6) "images"
  ["action"] => string(5) "diary"
  ["module"] => string(7) "default"
}


--------------------------------------------------------------------------------
