2020-10-26T00:42:45+00:00 ERR (3) 404 Seite nicht gefunden
REMOTE_ADDR: 39.101.67.145
HTTP_REFERER: 
requested: array(3) {
  ["controller"] => string(4) "data"
  ["action"] => string(5) "admin"
  ["module"] => string(7) "default"
}


--------------------------------------------------------------------------------
2020-10-26T03:41:18+00:00 ERR (3) 404 "competences" was not found.
REMOTE_ADDR: 66.249.66.84
HTTP_REFERER: 
requested: array(5) {
  ["lang"] => string(2) "de"
  ["action"] => string(4) "page"
  ["key"] => string(11) "competences"
  ["module"] => string(7) "default"
  ["controller"] => string(5) "index"
}


--------------------------------------------------------------------------------
2020-10-26T11:23:13+00:00 ERR (3) 404 Seite nicht gefunden
REMOTE_ADDR: 193.27.229.26
HTTP_REFERER: 
requested: array(4) {
  ["controller"] => string(10) "wp-content"
  ["action"] => string(7) "plugins"
  ["wp-file-manager"] => string(10) "readme.txt"
  ["module"] => string(7) "default"
}


--------------------------------------------------------------------------------
