2011-03-19T06:14:19+00:00 ERR (3) 404 "" was not found.
REMOTE_ADDR: 65.52.110.13
HTTP_REFERER: 
requested: array(5) {
  ["lang"] => string(2) "de"
  ["action"] => string(7) "archive"
  ["module"] => string(7) "default"
  ["controller"] => string(5) "index"
  ["key"] => string(0) ""
}


--------------------------------------------------------------------------------
2011-03-19T09:17:30+00:00 ERR (3) 404 Seite nicht gefunden
REMOTE_ADDR: 92.85.169.193
HTTP_REFERER: 
requested: array(3) {
  ["controller"] => string(10) "javascript"
  ["action"] => string(1) "'"
  ["module"] => string(7) "default"
}


--------------------------------------------------------------------------------
2011-03-19T11:47:39+00:00 ERR (3) 404 Seite nicht gefunden
REMOTE_ADDR: 77.250.14.92
HTTP_REFERER: 
requested: array(3) {
  ["controller"] => string(10) "javascript"
  ["action"] => string(1) "'"
  ["module"] => string(7) "default"
}


--------------------------------------------------------------------------------
2011-03-19T12:06:13+00:00 ERR (3) 404 Seite nicht gefunden
REMOTE_ADDR: 24.14.92.36
HTTP_REFERER: http://graphicore.de/forum/index.php
requested: array(3) {
  ["controller"] => string(5) "forum"
  ["action"] => string(9) "index.php"
  ["module"] => string(7) "default"
}


--------------------------------------------------------------------------------
2011-03-19T14:22:24+00:00 ERR (3) 404 Seite nicht gefunden
REMOTE_ADDR: 92.85.169.193
HTTP_REFERER: 
requested: array(3) {
  ["controller"] => string(10) "javascript"
  ["action"] => string(1) "'"
  ["module"] => string(7) "default"
}


--------------------------------------------------------------------------------
