2018-12-01T02:36:19+00:00 ERR (3) 404 "" was not found.
REMOTE_ADDR: 136.243.36.68
HTTP_REFERER: 
requested: array(5) {
  ["lang"] => string(2) "de"
  ["action"] => string(7) "archive"
  ["module"] => string(7) "default"
  ["controller"] => string(5) "index"
  ["key"] => string(0) ""
}


--------------------------------------------------------------------------------
2018-12-01T02:37:29+00:00 ERR (3) 404 "hire-lasse" was not found.
REMOTE_ADDR: 136.243.36.68
HTTP_REFERER: 
requested: array(5) {
  ["lang"] => string(2) "de"
  ["action"] => string(4) "page"
  ["key"] => string(10) "hire-lasse"
  ["module"] => string(7) "default"
  ["controller"] => string(5) "index"
}


--------------------------------------------------------------------------------
2018-12-01T08:00:20+00:00 ERR (3) 404 Seite nicht gefunden
REMOTE_ADDR: 104.238.97.215
HTTP_REFERER: http://graphicore.de/phpmyadmin/
requested: array(3) {
  ["controller"] => string(10) "phpmyadmin"
  ["action"] => string(5) "index"
  ["module"] => string(7) "default"
}


--------------------------------------------------------------------------------
2018-12-01T08:28:43+00:00 ERR (3) 404 Seite nicht gefunden
REMOTE_ADDR: 37.49.227.142
HTTP_REFERER: 
requested: array(4) {
  ["controller"] => string(6) "https:"
  [""] => string(19) "silber-und-blei.com"
  ["action"] => string(5) "index"
  ["module"] => string(7) "default"
}


--------------------------------------------------------------------------------
2018-12-01T14:40:21+00:00 ERR (3) 404 Seite nicht gefunden
REMOTE_ADDR: 46.37.82.131
HTTP_REFERER: 
requested: array(3) {
  ["controller"] => string(6) "https:"
  ["action"] => string(19) "silber-und-blei.com"
  ["module"] => string(7) "default"
}


--------------------------------------------------------------------------------
2018-12-01T17:28:10+00:00 ERR (3) 404 Page not found
REMOTE_ADDR: 209.90.225.115
HTTP_REFERER: http://graphicore.de/wp-content/plugins/dzs-portfolio/admin/dzsuploader/upload.js
requested: array(5) {
  ["controller"] => string(10) "wp-content"
  ["action"] => string(7) "plugins"
  ["dzs-portfolio"] => string(5) "admin"
  ["dzsuploader"] => string(9) "upload.js"
  ["module"] => string(7) "default"
}


--------------------------------------------------------------------------------
2018-12-01T18:08:45+00:00 ERR (3) 404 Seite nicht gefunden
REMOTE_ADDR: 46.37.82.131
HTTP_REFERER: 
requested: array(4) {
  ["controller"] => string(6) "https:"
  [""] => string(19) "silber-und-blei.com"
  ["action"] => string(5) "index"
  ["module"] => string(7) "default"
}


--------------------------------------------------------------------------------
2018-12-01T18:37:55+00:00 ERR (3) 404 Seite nicht gefunden
REMOTE_ADDR: 46.229.168.146
HTTP_REFERER: 
requested: array(3) {
  ["controller"] => string(11) "sitemap.xml"
  ["action"] => string(5) "index"
  ["module"] => string(7) "default"
}


--------------------------------------------------------------------------------
2018-12-01T22:45:26+00:00 ERR (3) 404 Seite nicht gefunden
REMOTE_ADDR: 37.49.227.142
HTTP_REFERER: 
requested: array(4) {
  ["controller"] => string(6) "https:"
  [""] => string(19) "silber-und-blei.com"
  ["action"] => string(5) "index"
  ["module"] => string(7) "default"
}


--------------------------------------------------------------------------------
