2010-10-11T01:02:23+00:00 ERR (3) 404 "2010-09-09_A-Brute-Font-Attackwp-login.php" was not found.
REMOTE_ADDR: 58.247.77.105
HTTP_REFERER: 
requested: array(5) {
  ["lang"] => string(2) "en"
  ["action"] => string(7) "archive"
  ["key"] => string(42) "2010-09-09_A-Brute-Font-Attackwp-login.php"
  ["module"] => string(7) "default"
  ["controller"] => string(5) "index"
}


--------------------------------------------------------------------------------
2010-10-11T01:02:25+00:00 ERR (3) 404 "2010-09-09_A-Brute-Font-Attackrss.xml" was not found.
REMOTE_ADDR: 58.247.77.105
HTTP_REFERER: 
requested: array(5) {
  ["lang"] => string(2) "en"
  ["action"] => string(7) "archive"
  ["key"] => string(37) "2010-09-09_A-Brute-Font-Attackrss.xml"
  ["module"] => string(7) "default"
  ["controller"] => string(5) "index"
}


--------------------------------------------------------------------------------
2010-10-11T01:02:26+00:00 ERR (3) 404 "2010-09-09_A-Brute-Font-Attackguestbook.php" was not found.
REMOTE_ADDR: 58.247.77.105
HTTP_REFERER: 
requested: array(5) {
  ["lang"] => string(2) "en"
  ["action"] => string(7) "archive"
  ["key"] => string(43) "2010-09-09_A-Brute-Font-Attackguestbook.php"
  ["module"] => string(7) "default"
  ["controller"] => string(5) "index"
}


--------------------------------------------------------------------------------
2010-10-11T01:02:26+00:00 ERR (3) 404 "2010-09-09_A-Brute-Font-AttackControl.ashx" was not found.
REMOTE_ADDR: 58.247.77.105
HTTP_REFERER: 
requested: array(5) {
  ["lang"] => string(2) "en"
  ["action"] => string(7) "archive"
  ["key"] => string(42) "2010-09-09_A-Brute-Font-AttackControl.ashx"
  ["module"] => string(7) "default"
  ["controller"] => string(5) "index"
}


--------------------------------------------------------------------------------
2010-10-11T03:54:51+00:00 ERR (3) 404 Seite nicht gefunden
REMOTE_ADDR: 82.10.90.61
HTTP_REFERER: 
requested: array(3) {
  ["controller"] => string(10) "javascript"
  ["action"] => string(1) "'"
  ["module"] => string(7) "default"
}


--------------------------------------------------------------------------------
2010-10-11T05:37:20+00:00 ERR (3) 404 "story" was not found.
REMOTE_ADDR: 193.47.80.40
HTTP_REFERER: 
requested: array(6) {
  ["lang"] => string(2) "en"
  ["action"] => string(5) "index"
  ["key"] => string(5) "story"
  ["intern"] => string(10) "helloWorld"
  ["module"] => string(7) "default"
  ["controller"] => string(5) "index"
}


--------------------------------------------------------------------------------
2010-10-11T07:56:13+00:00 ERR (3) 404 Seite nicht gefunden
REMOTE_ADDR: 66.249.66.99
HTTP_REFERER: 
requested: array(3) {
  ["controller"] => string(6) "images"
  ["action"] => string(5) "diary"
  ["module"] => string(7) "default"
}


--------------------------------------------------------------------------------
