2017-12-21T00:02:26+00:00 ERR (3) 404 Seite nicht gefunden
REMOTE_ADDR: 184.168.27.71
HTTP_REFERER: 
requested: array(3) {
  ["controller"] => string(9) "wordpress"
  ["action"] => string(8) "wp-admin"
  ["module"] => string(7) "default"
}


--------------------------------------------------------------------------------
2017-12-21T00:09:43+00:00 ERR (3) 404 Seite nicht gefunden
REMOTE_ADDR: 178.149.65.5
HTTP_REFERER: 
requested: array(3) {
  ["controller"] => string(12) "wp-login.php"
  ["action"] => string(5) "index"
  ["module"] => string(7) "default"
}


--------------------------------------------------------------------------------
2017-12-21T00:12:19+00:00 ERR (3) 404 Seite nicht gefunden
REMOTE_ADDR: 87.106.65.242
HTTP_REFERER: 
requested: array(3) {
  ["controller"] => string(4) "blog"
  ["action"] => string(8) "wp-admin"
  ["module"] => string(7) "default"
}


--------------------------------------------------------------------------------
2017-12-21T00:13:08+00:00 ERR (3) 404 Seite nicht gefunden
REMOTE_ADDR: 187.22.143.21
HTTP_REFERER: 
requested: array(3) {
  ["controller"] => string(12) "wp-login.php"
  ["action"] => string(5) "index"
  ["module"] => string(7) "default"
}


--------------------------------------------------------------------------------
2017-12-21T00:21:47+00:00 ERR (3) 404 Seite nicht gefunden
REMOTE_ADDR: 184.107.73.45
HTTP_REFERER: 
requested: array(3) {
  ["controller"] => string(2) "wp"
  ["action"] => string(8) "wp-admin"
  ["module"] => string(7) "default"
}


--------------------------------------------------------------------------------
2017-12-21T00:23:45+00:00 ERR (3) 404 Seite nicht gefunden
REMOTE_ADDR: 105.106.137.78
HTTP_REFERER: 
requested: array(3) {
  ["controller"] => string(12) "wp-login.php"
  ["action"] => string(5) "index"
  ["module"] => string(7) "default"
}


--------------------------------------------------------------------------------
2017-12-21T00:31:15+00:00 ERR (3) 404 Seite nicht gefunden
REMOTE_ADDR: 213.52.70.197
HTTP_REFERER: 
requested: array(3) {
  ["controller"] => string(3) "old"
  ["action"] => string(8) "wp-admin"
  ["module"] => string(7) "default"
}


--------------------------------------------------------------------------------
2017-12-21T00:34:04+00:00 ERR (3) 404 Seite nicht gefunden
REMOTE_ADDR: 105.67.132.183
HTTP_REFERER: 
requested: array(3) {
  ["controller"] => string(12) "wp-login.php"
  ["action"] => string(5) "index"
  ["module"] => string(7) "default"
}


--------------------------------------------------------------------------------
2017-12-21T00:34:42+00:00 ERR (3) 404 Seite nicht gefunden
REMOTE_ADDR: 103.95.148.2
HTTP_REFERER: 
requested: array(3) {
  ["controller"] => string(12) "wp-login.php"
  ["action"] => string(5) "index"
  ["module"] => string(7) "default"
}


--------------------------------------------------------------------------------
2017-12-21T00:41:54+00:00 ERR (3) 404 Seite nicht gefunden
REMOTE_ADDR: 181.166.104.47
HTTP_REFERER: 
requested: array(3) {
  ["controller"] => string(12) "wp-login.php"
  ["action"] => string(5) "index"
  ["module"] => string(7) "default"
}


--------------------------------------------------------------------------------
2017-12-21T00:53:36+00:00 ERR (3) 404 Seite nicht gefunden
REMOTE_ADDR: 197.162.100.30
HTTP_REFERER: 
requested: array(3) {
  ["controller"] => string(12) "wp-login.php"
  ["action"] => string(5) "index"
  ["module"] => string(7) "default"
}


--------------------------------------------------------------------------------
2017-12-21T00:54:21+00:00 ERR (3) 404 Seite nicht gefunden
REMOTE_ADDR: 213.22.155.10
HTTP_REFERER: 
requested: array(3) {
  ["controller"] => string(12) "wp-login.php"
  ["action"] => string(5) "index"
  ["module"] => string(7) "default"
}


--------------------------------------------------------------------------------
2017-12-21T01:08:40+00:00 ERR (3) 404 Seite nicht gefunden
REMOTE_ADDR: 49.206.124.185
HTTP_REFERER: 
requested: array(3) {
  ["controller"] => string(12) "wp-login.php"
  ["action"] => string(5) "index"
  ["module"] => string(7) "default"
}


--------------------------------------------------------------------------------
2017-12-21T01:11:24+00:00 ERR (3) 404 Seite nicht gefunden
REMOTE_ADDR: 186.222.236.187
HTTP_REFERER: 
requested: array(3) {
  ["controller"] => string(12) "wp-login.php"
  ["action"] => string(5) "index"
  ["module"] => string(7) "default"
}


--------------------------------------------------------------------------------
2017-12-21T01:13:49+00:00 ERR (3) 404 Seite nicht gefunden
REMOTE_ADDR: 49.77.224.162
HTTP_REFERER: 
requested: array(3) {
  ["controller"] => string(12) "wp-login.php"
  ["action"] => string(5) "index"
  ["module"] => string(7) "default"
}


--------------------------------------------------------------------------------
2017-12-21T01:18:27+00:00 ERR (3) 404 Seite nicht gefunden
REMOTE_ADDR: 73.162.182.89
HTTP_REFERER: 
requested: array(3) {
  ["controller"] => string(12) "wp-login.php"
  ["action"] => string(5) "index"
  ["module"] => string(7) "default"
}


--------------------------------------------------------------------------------
2017-12-21T01:20:52+00:00 ERR (3) 404 Seite nicht gefunden
REMOTE_ADDR: 197.2.213.182
HTTP_REFERER: 
requested: array(3) {
  ["controller"] => string(12) "wp-login.php"
  ["action"] => string(5) "index"
  ["module"] => string(7) "default"
}


--------------------------------------------------------------------------------
2017-12-21T01:32:25+00:00 ERR (3) 404 Seite nicht gefunden
REMOTE_ADDR: 37.212.3.10
HTTP_REFERER: 
requested: array(3) {
  ["controller"] => string(12) "wp-login.php"
  ["action"] => string(5) "index"
  ["module"] => string(7) "default"
}


--------------------------------------------------------------------------------
2017-12-21T01:39:40+00:00 ERR (3) 404 Seite nicht gefunden
REMOTE_ADDR: 94.211.106.142
HTTP_REFERER: 
requested: array(3) {
  ["controller"] => string(12) "wp-login.php"
  ["action"] => string(5) "index"
  ["module"] => string(7) "default"
}


--------------------------------------------------------------------------------
2017-12-21T01:44:58+00:00 ERR (3) 404 Seite nicht gefunden
REMOTE_ADDR: 82.25.38.164
HTTP_REFERER: 
requested: array(3) {
  ["controller"] => string(12) "wp-login.php"
  ["action"] => string(5) "index"
  ["module"] => string(7) "default"
}


--------------------------------------------------------------------------------
2017-12-21T01:53:57+00:00 ERR (3) 404 Seite nicht gefunden
REMOTE_ADDR: 138.229.181.118
HTTP_REFERER: 
requested: array(3) {
  ["controller"] => string(12) "wp-login.php"
  ["action"] => string(5) "index"
  ["module"] => string(7) "default"
}


--------------------------------------------------------------------------------
2017-12-21T02:08:15+00:00 ERR (3) 404 Seite nicht gefunden
REMOTE_ADDR: 180.254.174.26
HTTP_REFERER: 
requested: array(3) {
  ["controller"] => string(12) "wp-login.php"
  ["action"] => string(5) "index"
  ["module"] => string(7) "default"
}


--------------------------------------------------------------------------------
2017-12-21T02:15:54+00:00 ERR (3) 404 Seite nicht gefunden
REMOTE_ADDR: 177.226.246.70
HTTP_REFERER: 
requested: array(3) {
  ["controller"] => string(12) "wp-login.php"
  ["action"] => string(5) "index"
  ["module"] => string(7) "default"
}


--------------------------------------------------------------------------------
2017-12-21T02:36:04+00:00 ERR (3) 404 Seite nicht gefunden
REMOTE_ADDR: 180.248.219.97
HTTP_REFERER: 
requested: array(3) {
  ["controller"] => string(12) "wp-login.php"
  ["action"] => string(5) "index"
  ["module"] => string(7) "default"
}


--------------------------------------------------------------------------------
2017-12-21T02:45:49+00:00 ERR (3) 404 Seite nicht gefunden
REMOTE_ADDR: 2.236.142.202
HTTP_REFERER: 
requested: array(3) {
  ["controller"] => string(12) "wp-login.php"
  ["action"] => string(5) "index"
  ["module"] => string(7) "default"
}


--------------------------------------------------------------------------------
2017-12-21T02:53:26+00:00 ERR (3) 404 Seite nicht gefunden
REMOTE_ADDR: 93.185.17.132
HTTP_REFERER: 
requested: array(3) {
  ["controller"] => string(12) "wp-login.php"
  ["action"] => string(5) "index"
  ["module"] => string(7) "default"
}


--------------------------------------------------------------------------------
2017-12-21T03:02:24+00:00 ERR (3) 404 Seite nicht gefunden
REMOTE_ADDR: 188.250.84.227
HTTP_REFERER: 
requested: array(3) {
  ["controller"] => string(12) "wp-login.php"
  ["action"] => string(5) "index"
  ["module"] => string(7) "default"
}


--------------------------------------------------------------------------------
2017-12-21T03:34:16+00:00 ERR (3) 404 Seite nicht gefunden
REMOTE_ADDR: 182.187.31.212
HTTP_REFERER: 
requested: array(3) {
  ["controller"] => string(12) "wp-login.php"
  ["action"] => string(5) "index"
  ["module"] => string(7) "default"
}


--------------------------------------------------------------------------------
2017-12-21T03:35:23+00:00 ERR (3) 404 Seite nicht gefunden
REMOTE_ADDR: 1.9.210.4
HTTP_REFERER: 
requested: array(3) {
  ["controller"] => string(12) "wp-login.php"
  ["action"] => string(5) "index"
  ["module"] => string(7) "default"
}


--------------------------------------------------------------------------------
2017-12-21T04:08:37+00:00 ERR (3) 404 Seite nicht gefunden
REMOTE_ADDR: 98.22.27.232
HTTP_REFERER: 
requested: array(3) {
  ["controller"] => string(12) "wp-login.php"
  ["action"] => string(5) "index"
  ["module"] => string(7) "default"
}


--------------------------------------------------------------------------------
2017-12-21T04:19:35+00:00 ERR (3) 404 Seite nicht gefunden
REMOTE_ADDR: 86.159.42.85
HTTP_REFERER: 
requested: array(3) {
  ["controller"] => string(12) "wp-login.php"
  ["action"] => string(5) "index"
  ["module"] => string(7) "default"
}


--------------------------------------------------------------------------------
2017-12-21T04:52:37+00:00 ERR (3) 404 Seite nicht gefunden
REMOTE_ADDR: 128.184.188.10
HTTP_REFERER: 
requested: array(3) {
  ["controller"] => string(12) "wp-login.php"
  ["action"] => string(5) "index"
  ["module"] => string(7) "default"
}


--------------------------------------------------------------------------------
2017-12-21T05:21:55+00:00 ERR (3) 404 Seite nicht gefunden
REMOTE_ADDR: 191.112.190.146
HTTP_REFERER: 
requested: array(3) {
  ["controller"] => string(12) "wp-login.php"
  ["action"] => string(5) "index"
  ["module"] => string(7) "default"
}


--------------------------------------------------------------------------------
2017-12-21T05:29:04+00:00 ERR (3) 404 Seite nicht gefunden
REMOTE_ADDR: 187.207.217.182
HTTP_REFERER: 
requested: array(3) {
  ["controller"] => string(12) "wp-login.php"
  ["action"] => string(5) "index"
  ["module"] => string(7) "default"
}


--------------------------------------------------------------------------------
2017-12-21T05:34:52+00:00 ERR (3) 404 Seite nicht gefunden
REMOTE_ADDR: 170.233.137.13
HTTP_REFERER: 
requested: array(3) {
  ["controller"] => string(12) "wp-login.php"
  ["action"] => string(5) "index"
  ["module"] => string(7) "default"
}


--------------------------------------------------------------------------------
2017-12-21T05:55:16+00:00 ERR (3) 404 Seite nicht gefunden
REMOTE_ADDR: 180.191.119.12
HTTP_REFERER: 
requested: array(3) {
  ["controller"] => string(12) "wp-login.php"
  ["action"] => string(5) "index"
  ["module"] => string(7) "default"
}


--------------------------------------------------------------------------------
2017-12-21T05:55:16+00:00 ERR (3) 404 Seite nicht gefunden
REMOTE_ADDR: 83.139.73.26
HTTP_REFERER: 
requested: array(3) {
  ["controller"] => string(12) "wp-login.php"
  ["action"] => string(5) "index"
  ["module"] => string(7) "default"
}


--------------------------------------------------------------------------------
2017-12-21T06:02:17+00:00 ERR (3) 404 Seite nicht gefunden
REMOTE_ADDR: 170.78.195.177
HTTP_REFERER: 
requested: array(3) {
  ["controller"] => string(12) "wp-login.php"
  ["action"] => string(5) "index"
  ["module"] => string(7) "default"
}


--------------------------------------------------------------------------------
2017-12-21T06:02:31+00:00 ERR (3) 404 Seite nicht gefunden
REMOTE_ADDR: 112.134.198.73
HTTP_REFERER: 
requested: array(3) {
  ["controller"] => string(12) "wp-login.php"
  ["action"] => string(5) "index"
  ["module"] => string(7) "default"
}


--------------------------------------------------------------------------------
2017-12-21T06:03:14+00:00 ERR (3) 404 Seite nicht gefunden
REMOTE_ADDR: 178.221.182.232
HTTP_REFERER: 
requested: array(3) {
  ["controller"] => string(12) "wp-login.php"
  ["action"] => string(5) "index"
  ["module"] => string(7) "default"
}


--------------------------------------------------------------------------------
2017-12-21T06:09:36+00:00 ERR (3) 404 Seite nicht gefunden
REMOTE_ADDR: 197.87.135.181
HTTP_REFERER: 
requested: array(3) {
  ["controller"] => string(12) "wp-login.php"
  ["action"] => string(5) "index"
  ["module"] => string(7) "default"
}


--------------------------------------------------------------------------------
2017-12-21T06:15:20+00:00 ERR (3) 404 Seite nicht gefunden
REMOTE_ADDR: 112.200.193.62
HTTP_REFERER: 
requested: array(3) {
  ["controller"] => string(12) "wp-login.php"
  ["action"] => string(5) "index"
  ["module"] => string(7) "default"
}


--------------------------------------------------------------------------------
2017-12-21T06:25:13+00:00 ERR (3) 404 Seite nicht gefunden
REMOTE_ADDR: 46.185.243.53
HTTP_REFERER: 
requested: array(3) {
  ["controller"] => string(12) "wp-login.php"
  ["action"] => string(5) "index"
  ["module"] => string(7) "default"
}


--------------------------------------------------------------------------------
2017-12-21T06:31:03+00:00 ERR (3) 404 Seite nicht gefunden
REMOTE_ADDR: 93.184.236.14
HTTP_REFERER: 
requested: array(3) {
  ["controller"] => string(12) "wp-login.php"
  ["action"] => string(5) "index"
  ["module"] => string(7) "default"
}


--------------------------------------------------------------------------------
2017-12-21T06:46:23+00:00 ERR (3) 404 Seite nicht gefunden
REMOTE_ADDR: 103.245.205.217
HTTP_REFERER: 
requested: array(3) {
  ["controller"] => string(12) "wp-login.php"
  ["action"] => string(5) "index"
  ["module"] => string(7) "default"
}


--------------------------------------------------------------------------------
2017-12-21T06:57:46+00:00 ERR (3) 404 Seite nicht gefunden
REMOTE_ADDR: 171.50.181.12
HTTP_REFERER: 
requested: array(3) {
  ["controller"] => string(12) "wp-login.php"
  ["action"] => string(5) "index"
  ["module"] => string(7) "default"
}


--------------------------------------------------------------------------------
2017-12-21T06:59:33+00:00 ERR (3) 404 Seite nicht gefunden
REMOTE_ADDR: 117.196.4.64
HTTP_REFERER: 
requested: array(3) {
  ["controller"] => string(12) "wp-login.php"
  ["action"] => string(5) "index"
  ["module"] => string(7) "default"
}


--------------------------------------------------------------------------------
2017-12-21T07:02:53+00:00 ERR (3) 404 Seite nicht gefunden
REMOTE_ADDR: 223.25.26.19
HTTP_REFERER: 
requested: array(3) {
  ["controller"] => string(12) "wp-login.php"
  ["action"] => string(5) "index"
  ["module"] => string(7) "default"
}


--------------------------------------------------------------------------------
2017-12-21T07:30:03+00:00 ERR (3) 404 Seite nicht gefunden
REMOTE_ADDR: 193.201.206.218
HTTP_REFERER: 
requested: array(3) {
  ["controller"] => string(12) "wp-login.php"
  ["action"] => string(5) "index"
  ["module"] => string(7) "default"
}


--------------------------------------------------------------------------------
2017-12-21T07:43:19+00:00 ERR (3) 404 Seite nicht gefunden
REMOTE_ADDR: 45.121.88.252
HTTP_REFERER: 
requested: array(3) {
  ["controller"] => string(12) "wp-login.php"
  ["action"] => string(5) "index"
  ["module"] => string(7) "default"
}


--------------------------------------------------------------------------------
2017-12-21T07:50:18+00:00 ERR (3) 404 Seite nicht gefunden
REMOTE_ADDR: 91.45.11.221
HTTP_REFERER: 
requested: array(3) {
  ["controller"] => string(12) "wp-login.php"
  ["action"] => string(5) "index"
  ["module"] => string(7) "default"
}


--------------------------------------------------------------------------------
2017-12-21T07:58:30+00:00 ERR (3) 404 Seite nicht gefunden
REMOTE_ADDR: 159.205.206.6
HTTP_REFERER: 
requested: array(3) {
  ["controller"] => string(12) "wp-login.php"
  ["action"] => string(5) "index"
  ["module"] => string(7) "default"
}


--------------------------------------------------------------------------------
2017-12-21T08:09:39+00:00 ERR (3) 404 Seite nicht gefunden
REMOTE_ADDR: 190.173.214.35
HTTP_REFERER: 
requested: array(3) {
  ["controller"] => string(12) "wp-login.php"
  ["action"] => string(5) "index"
  ["module"] => string(7) "default"
}


--------------------------------------------------------------------------------
2017-12-21T08:45:33+00:00 ERR (3) 404 Seite nicht gefunden
REMOTE_ADDR: 183.88.26.6
HTTP_REFERER: 
requested: array(3) {
  ["controller"] => string(12) "wp-login.php"
  ["action"] => string(5) "index"
  ["module"] => string(7) "default"
}


--------------------------------------------------------------------------------
2017-12-21T08:45:35+00:00 ERR (3) 404 Seite nicht gefunden
REMOTE_ADDR: 78.62.31.98
HTTP_REFERER: 
requested: array(3) {
  ["controller"] => string(12) "wp-login.php"
  ["action"] => string(5) "index"
  ["module"] => string(7) "default"
}


--------------------------------------------------------------------------------
2017-12-21T09:11:50+00:00 ERR (3) 404 Seite nicht gefunden
REMOTE_ADDR: 175.158.216.45
HTTP_REFERER: 
requested: array(3) {
  ["controller"] => string(12) "wp-login.php"
  ["action"] => string(5) "index"
  ["module"] => string(7) "default"
}


--------------------------------------------------------------------------------
2017-12-21T09:41:37+00:00 ERR (3) 404 Seite nicht gefunden
REMOTE_ADDR: 103.255.7.56
HTTP_REFERER: 
requested: array(3) {
  ["controller"] => string(12) "wp-login.php"
  ["action"] => string(5) "index"
  ["module"] => string(7) "default"
}


--------------------------------------------------------------------------------
2017-12-21T09:51:25+00:00 ERR (3) 404 Seite nicht gefunden
REMOTE_ADDR: 62.195.126.59
HTTP_REFERER: 
requested: array(3) {
  ["controller"] => string(12) "wp-login.php"
  ["action"] => string(5) "index"
  ["module"] => string(7) "default"
}


--------------------------------------------------------------------------------
2017-12-21T09:52:16+00:00 ERR (3) 404 Seite nicht gefunden
REMOTE_ADDR: 124.106.129.148
HTTP_REFERER: 
requested: array(3) {
  ["controller"] => string(12) "wp-login.php"
  ["action"] => string(5) "index"
  ["module"] => string(7) "default"
}


--------------------------------------------------------------------------------
2017-12-21T10:00:41+00:00 ERR (3) 404 Seite nicht gefunden
REMOTE_ADDR: 103.6.104.114
HTTP_REFERER: 
requested: array(3) {
  ["controller"] => string(12) "wp-login.php"
  ["action"] => string(5) "index"
  ["module"] => string(7) "default"
}


--------------------------------------------------------------------------------
2017-12-21T10:09:50+00:00 ERR (3) 404 Seite nicht gefunden
REMOTE_ADDR: 195.144.224.130
HTTP_REFERER: 
requested: array(3) {
  ["controller"] => string(12) "wp-login.php"
  ["action"] => string(5) "index"
  ["module"] => string(7) "default"
}


--------------------------------------------------------------------------------
2017-12-21T10:20:49+00:00 ERR (3) 404 Seite nicht gefunden
REMOTE_ADDR: 79.153.53.164
HTTP_REFERER: 
requested: array(3) {
  ["controller"] => string(12) "wp-login.php"
  ["action"] => string(5) "index"
  ["module"] => string(7) "default"
}


--------------------------------------------------------------------------------
2017-12-21T10:37:15+00:00 ERR (3) 404 Seite nicht gefunden
REMOTE_ADDR: 121.222.251.80
HTTP_REFERER: 
requested: array(3) {
  ["controller"] => string(12) "wp-login.php"
  ["action"] => string(5) "index"
  ["module"] => string(7) "default"
}


--------------------------------------------------------------------------------
2017-12-21T10:37:37+00:00 ERR (3) 404 Seite nicht gefunden
REMOTE_ADDR: 105.159.195.130
HTTP_REFERER: 
requested: array(3) {
  ["controller"] => string(12) "wp-login.php"
  ["action"] => string(5) "index"
  ["module"] => string(7) "default"
}


--------------------------------------------------------------------------------
2017-12-21T10:45:32+00:00 ERR (3) 404 Seite nicht gefunden
REMOTE_ADDR: 49.151.22.177
HTTP_REFERER: 
requested: array(3) {
  ["controller"] => string(12) "wp-login.php"
  ["action"] => string(5) "index"
  ["module"] => string(7) "default"
}


--------------------------------------------------------------------------------
2017-12-21T10:55:06+00:00 ERR (3) 404 Seite nicht gefunden
REMOTE_ADDR: 188.39.108.106
HTTP_REFERER: 
requested: array(3) {
  ["controller"] => string(12) "wp-login.php"
  ["action"] => string(5) "index"
  ["module"] => string(7) "default"
}


--------------------------------------------------------------------------------
2017-12-21T11:08:35+00:00 ERR (3) 404 Seite nicht gefunden
REMOTE_ADDR: 137.74.43.32
HTTP_REFERER: 
requested: array(3) {
  ["controller"] => string(12) "wp-login.php"
  ["action"] => string(5) "index"
  ["module"] => string(7) "default"
}


--------------------------------------------------------------------------------
2017-12-21T11:09:14+00:00 ERR (3) 404 Seite nicht gefunden
REMOTE_ADDR: 151.40.189.124
HTTP_REFERER: 
requested: array(3) {
  ["controller"] => string(12) "wp-login.php"
  ["action"] => string(5) "index"
  ["module"] => string(7) "default"
}


--------------------------------------------------------------------------------
2017-12-21T11:25:37+00:00 ERR (3) 404 Seite nicht gefunden
REMOTE_ADDR: 92.222.124.2
HTTP_REFERER: 
requested: array(3) {
  ["controller"] => string(6) "https:"
  ["action"] => string(19) "silber-und-blei.com"
  ["module"] => string(7) "default"
}


--------------------------------------------------------------------------------
2017-12-21T11:26:36+00:00 ERR (3) 404 Page not found
REMOTE_ADDR: 92.222.124.2
HTTP_REFERER: 
requested: array(5) {
  ["lang"] => string(2) "en"
  ["action"] => string(6) "https:"
  ["key"] => string(19) "silber-und-blei.com"
  ["module"] => string(7) "default"
  ["controller"] => string(5) "index"
}


--------------------------------------------------------------------------------
2017-12-21T11:26:50+00:00 ERR (3) 404 "hire-lasse" was not found.
REMOTE_ADDR: 92.222.124.2
HTTP_REFERER: 
requested: array(5) {
  ["lang"] => string(2) "de"
  ["action"] => string(4) "page"
  ["key"] => string(10) "hire-lasse"
  ["module"] => string(7) "default"
  ["controller"] => string(5) "index"
}


--------------------------------------------------------------------------------
2017-12-21T11:27:00+00:00 ERR (3) 404 "hire-lasse" was not found.
REMOTE_ADDR: 92.222.124.2
HTTP_REFERER: 
requested: array(5) {
  ["lang"] => string(2) "en"
  ["action"] => string(4) "page"
  ["key"] => string(10) "hire-lasse"
  ["module"] => string(7) "default"
  ["controller"] => string(5) "index"
}


--------------------------------------------------------------------------------
2017-12-21T11:27:08+00:00 ERR (3) 404 Seite nicht gefunden
REMOTE_ADDR: 92.222.124.2
HTTP_REFERER: 
requested: array(4) {
  ["controller"] => string(6) "https:"
  ["action"] => string(19) "silber-und-blei.com"
  ["galerie"] => string(5) "embed"
  ["module"] => string(7) "default"
}


--------------------------------------------------------------------------------
2017-12-21T11:27:15+00:00 ERR (3) 404 "hire-lasse" was not found.
REMOTE_ADDR: 92.222.124.2
HTTP_REFERER: 
requested: array(6) {
  ["lang"] => string(2) "de"
  ["action"] => string(4) "page"
  ["key"] => string(10) "hire-lasse"
  ["https:"] => string(19) "silber-und-blei.com"
  ["module"] => string(7) "default"
  ["controller"] => string(5) "index"
}


--------------------------------------------------------------------------------
2017-12-21T11:27:20+00:00 ERR (3) 404 Seite nicht gefunden
REMOTE_ADDR: 86.98.20.219
HTTP_REFERER: 
requested: array(3) {
  ["controller"] => string(12) "wp-login.php"
  ["action"] => string(5) "index"
  ["module"] => string(7) "default"
}


--------------------------------------------------------------------------------
2017-12-21T11:27:22+00:00 ERR (3) 404 "hire-lasse" was not found.
REMOTE_ADDR: 92.222.124.2
HTTP_REFERER: 
requested: array(6) {
  ["lang"] => string(2) "en"
  ["action"] => string(4) "page"
  ["key"] => string(10) "hire-lasse"
  ["https:"] => string(10) "python.org"
  ["module"] => string(7) "default"
  ["controller"] => string(5) "index"
}


--------------------------------------------------------------------------------
2017-12-21T11:27:27+00:00 ERR (3) 404 "hire-lasse" was not found.
REMOTE_ADDR: 92.222.124.2
HTTP_REFERER: 
requested: array(6) {
  ["lang"] => string(2) "en"
  ["action"] => string(4) "page"
  ["key"] => string(10) "hire-lasse"
  ["https:"] => string(19) "silber-und-blei.com"
  ["module"] => string(7) "default"
  ["controller"] => string(5) "index"
}


--------------------------------------------------------------------------------
2017-12-21T11:27:28+00:00 ERR (3) 404 Page not found
REMOTE_ADDR: 92.222.124.2
HTTP_REFERER: 
requested: array(6) {
  ["lang"] => string(2) "en"
  ["action"] => string(6) "https:"
  ["key"] => string(19) "silber-und-blei.com"
  ["galerie"] => string(5) "embed"
  ["module"] => string(7) "default"
  ["controller"] => string(5) "index"
}


--------------------------------------------------------------------------------
2017-12-21T11:27:35+00:00 ERR (3) 404 Seite nicht gefunden
REMOTE_ADDR: 92.222.124.2
HTTP_REFERER: 
requested: array(5) {
  ["controller"] => string(19) "ajax.googleapis.com"
  ["action"] => string(4) "ajax"
  ["libs"] => string(4) "dojo"
  ["1.8.3"] => string(4) "dojo"
  ["module"] => string(7) "default"
}


--------------------------------------------------------------------------------
2017-12-21T11:27:40+00:00 ERR (3) 404 "hire-lasse" was not found.
REMOTE_ADDR: 92.222.124.2
HTTP_REFERER: 
requested: array(6) {
  ["lang"] => string(2) "de"
  ["action"] => string(4) "page"
  ["key"] => string(10) "hire-lasse"
  ["https:"] => string(21) "developers.google.com"
  ["module"] => string(7) "default"
  ["controller"] => string(5) "index"
}


--------------------------------------------------------------------------------
2017-12-21T11:27:46+00:00 ERR (3) 404 "hire-lasse" was not found.
REMOTE_ADDR: 92.222.124.2
HTTP_REFERER: 
requested: array(7) {
  ["lang"] => string(2) "de"
  ["action"] => string(4) "page"
  ["key"] => string(10) "hire-lasse"
  ["https:"] => string(10) "github.com"
  ["jrburke"] => string(4) "r.js"
  ["module"] => string(7) "default"
  ["controller"] => string(5) "index"
}


--------------------------------------------------------------------------------
2017-12-21T11:27:51+00:00 ERR (3) 404 "hire-lasse" was not found.
REMOTE_ADDR: 92.222.124.2
HTTP_REFERER: 
requested: array(7) {
  ["lang"] => string(2) "de"
  ["action"] => string(4) "page"
  ["key"] => string(10) "hire-lasse"
  ["https:"] => string(19) "silber-und-blei.com"
  ["galerie"] => string(19) "Neueste_Bilder.html"
  ["module"] => string(7) "default"
  ["controller"] => string(5) "index"
}


--------------------------------------------------------------------------------
2017-12-21T11:27:57+00:00 ERR (3) 404 "hire-lasse" was not found.
REMOTE_ADDR: 92.222.124.2
HTTP_REFERER: 
requested: array(6) {
  ["lang"] => string(2) "de"
  ["action"] => string(4) "page"
  ["key"] => string(10) "hire-lasse"
  ["https:"] => string(11) "twitter.com"
  ["module"] => string(7) "default"
  ["controller"] => string(5) "index"
}


--------------------------------------------------------------------------------
2017-12-21T11:28:04+00:00 ERR (3) 404 "hire-lasse" was not found.
REMOTE_ADDR: 92.222.124.2
HTTP_REFERER: 
requested: array(6) {
  ["lang"] => string(2) "en"
  ["action"] => string(4) "page"
  ["key"] => string(10) "hire-lasse"
  ["https:"] => string(21) "developers.google.com"
  ["module"] => string(7) "default"
  ["controller"] => string(5) "index"
}


--------------------------------------------------------------------------------
2017-12-21T11:28:06+00:00 ERR (3) 404 "hire-lasse" was not found.
REMOTE_ADDR: 92.222.124.2
HTTP_REFERER: 
requested: array(7) {
  ["lang"] => string(2) "en"
  ["action"] => string(4) "page"
  ["key"] => string(10) "hire-lasse"
  ["https:"] => string(10) "github.com"
  ["jrburke"] => string(4) "r.js"
  ["module"] => string(7) "default"
  ["controller"] => string(5) "index"
}


--------------------------------------------------------------------------------
2017-12-21T11:28:07+00:00 ERR (3) 404 "hire-lasse" was not found.
REMOTE_ADDR: 92.222.124.2
HTTP_REFERER: 
requested: array(7) {
  ["lang"] => string(2) "en"
  ["action"] => string(4) "page"
  ["key"] => string(10) "hire-lasse"
  ["https:"] => string(19) "silber-und-blei.com"
  ["galerie"] => string(19) "Neueste_Bilder.html"
  ["module"] => string(7) "default"
  ["controller"] => string(5) "index"
}


--------------------------------------------------------------------------------
2017-12-21T11:28:08+00:00 ERR (3) 404 "hire-lasse" was not found.
REMOTE_ADDR: 92.222.124.2
HTTP_REFERER: 
requested: array(6) {
  ["lang"] => string(2) "en"
  ["action"] => string(4) "page"
  ["key"] => string(10) "hire-lasse"
  ["https:"] => string(11) "twitter.com"
  ["module"] => string(7) "default"
  ["controller"] => string(5) "index"
}


--------------------------------------------------------------------------------
2017-12-21T11:46:03+00:00 ERR (3) 404 Seite nicht gefunden
REMOTE_ADDR: 110.93.225.42
HTTP_REFERER: 
requested: array(3) {
  ["controller"] => string(12) "wp-login.php"
  ["action"] => string(5) "index"
  ["module"] => string(7) "default"
}


--------------------------------------------------------------------------------
2017-12-21T12:16:07+00:00 ERR (3) 404 Seite nicht gefunden
REMOTE_ADDR: 84.86.106.219
HTTP_REFERER: 
requested: array(3) {
  ["controller"] => string(12) "wp-login.php"
  ["action"] => string(5) "index"
  ["module"] => string(7) "default"
}


--------------------------------------------------------------------------------
2017-12-21T12:20:44+00:00 ERR (3) 404 Seite nicht gefunden
REMOTE_ADDR: 178.140.123.57
HTTP_REFERER: 
requested: array(3) {
  ["controller"] => string(12) "wp-login.php"
  ["action"] => string(5) "index"
  ["module"] => string(7) "default"
}


--------------------------------------------------------------------------------
2017-12-21T12:31:11+00:00 ERR (3) 404 Seite nicht gefunden
REMOTE_ADDR: 115.178.26.165
HTTP_REFERER: 
requested: array(3) {
  ["controller"] => string(12) "wp-login.php"
  ["action"] => string(5) "index"
  ["module"] => string(7) "default"
}


--------------------------------------------------------------------------------
2017-12-21T12:56:49+00:00 ERR (3) 404 Seite nicht gefunden
REMOTE_ADDR: 139.193.98.102
HTTP_REFERER: 
requested: array(3) {
  ["controller"] => string(12) "wp-login.php"
  ["action"] => string(5) "index"
  ["module"] => string(7) "default"
}


--------------------------------------------------------------------------------
2017-12-21T13:13:33+00:00 ERR (3) 404 Seite nicht gefunden
REMOTE_ADDR: 49.35.222.208
HTTP_REFERER: 
requested: array(3) {
  ["controller"] => string(12) "wp-login.php"
  ["action"] => string(5) "index"
  ["module"] => string(7) "default"
}


--------------------------------------------------------------------------------
2017-12-21T13:30:10+00:00 ERR (3) 404 Seite nicht gefunden
REMOTE_ADDR: 73.178.247.239
HTTP_REFERER: 
requested: array(3) {
  ["controller"] => string(12) "wp-login.php"
  ["action"] => string(5) "index"
  ["module"] => string(7) "default"
}


--------------------------------------------------------------------------------
2017-12-21T13:36:23+00:00 ERR (3) 404 Seite nicht gefunden
REMOTE_ADDR: 79.206.85.100
HTTP_REFERER: 
requested: array(3) {
  ["controller"] => string(12) "wp-login.php"
  ["action"] => string(5) "index"
  ["module"] => string(7) "default"
}


--------------------------------------------------------------------------------
2017-12-21T13:46:50+00:00 ERR (3) 404 Seite nicht gefunden
REMOTE_ADDR: 177.2.150.249
HTTP_REFERER: 
requested: array(3) {
  ["controller"] => string(12) "wp-login.php"
  ["action"] => string(5) "index"
  ["module"] => string(7) "default"
}


--------------------------------------------------------------------------------
2017-12-21T13:53:33+00:00 ERR (3) 404 Seite nicht gefunden
REMOTE_ADDR: 156.204.253.119
HTTP_REFERER: 
requested: array(3) {
  ["controller"] => string(12) "wp-login.php"
  ["action"] => string(5) "index"
  ["module"] => string(7) "default"
}


--------------------------------------------------------------------------------
2017-12-21T13:56:22+00:00 ERR (3) 404 Seite nicht gefunden
REMOTE_ADDR: 179.156.198.130
HTTP_REFERER: 
requested: array(3) {
  ["controller"] => string(12) "wp-login.php"
  ["action"] => string(5) "index"
  ["module"] => string(7) "default"
}


--------------------------------------------------------------------------------
2017-12-21T13:56:23+00:00 ERR (3) 404 Seite nicht gefunden
REMOTE_ADDR: 81.183.35.124
HTTP_REFERER: 
requested: array(3) {
  ["controller"] => string(12) "wp-login.php"
  ["action"] => string(5) "index"
  ["module"] => string(7) "default"
}


--------------------------------------------------------------------------------
2017-12-21T14:02:18+00:00 ERR (3) 404 Seite nicht gefunden
REMOTE_ADDR: 197.156.102.6
HTTP_REFERER: 
requested: array(3) {
  ["controller"] => string(12) "wp-login.php"
  ["action"] => string(5) "index"
  ["module"] => string(7) "default"
}


--------------------------------------------------------------------------------
2017-12-21T14:15:08+00:00 ERR (3) 404 Seite nicht gefunden
REMOTE_ADDR: 116.206.14.111
HTTP_REFERER: 
requested: array(3) {
  ["controller"] => string(12) "wp-login.php"
  ["action"] => string(5) "index"
  ["module"] => string(7) "default"
}


--------------------------------------------------------------------------------
2017-12-21T14:22:25+00:00 ERR (3) 404 Seite nicht gefunden
REMOTE_ADDR: 60.50.69.179
HTTP_REFERER: 
requested: array(3) {
  ["controller"] => string(12) "wp-login.php"
  ["action"] => string(5) "index"
  ["module"] => string(7) "default"
}


--------------------------------------------------------------------------------
2017-12-21T14:33:59+00:00 ERR (3) 404 Seite nicht gefunden
REMOTE_ADDR: 41.140.47.236
HTTP_REFERER: 
requested: array(3) {
  ["controller"] => string(12) "wp-login.php"
  ["action"] => string(5) "index"
  ["module"] => string(7) "default"
}


--------------------------------------------------------------------------------
2017-12-21T14:39:05+00:00 ERR (3) 404 Seite nicht gefunden
REMOTE_ADDR: 116.88.86.71
HTTP_REFERER: 
requested: array(3) {
  ["controller"] => string(12) "wp-login.php"
  ["action"] => string(5) "index"
  ["module"] => string(7) "default"
}


--------------------------------------------------------------------------------
2017-12-21T14:47:55+00:00 ERR (3) 404 Seite nicht gefunden
REMOTE_ADDR: 49.148.234.52
HTTP_REFERER: 
requested: array(3) {
  ["controller"] => string(12) "wp-login.php"
  ["action"] => string(5) "index"
  ["module"] => string(7) "default"
}


--------------------------------------------------------------------------------
2017-12-21T14:51:25+00:00 ERR (3) 404 Seite nicht gefunden
REMOTE_ADDR: 24.38.210.135
HTTP_REFERER: 
requested: array(3) {
  ["controller"] => string(12) "wp-login.php"
  ["action"] => string(5) "index"
  ["module"] => string(7) "default"
}


--------------------------------------------------------------------------------
2017-12-21T14:56:02+00:00 ERR (3) 404 Seite nicht gefunden
REMOTE_ADDR: 112.134.126.39
HTTP_REFERER: 
requested: array(3) {
  ["controller"] => string(12) "wp-login.php"
  ["action"] => string(5) "index"
  ["module"] => string(7) "default"
}


--------------------------------------------------------------------------------
2017-12-21T14:56:53+00:00 ERR (3) 404 Seite nicht gefunden
REMOTE_ADDR: 200.119.246.42
HTTP_REFERER: 
requested: array(3) {
  ["controller"] => string(12) "wp-login.php"
  ["action"] => string(5) "index"
  ["module"] => string(7) "default"
}


--------------------------------------------------------------------------------
2017-12-21T15:00:33+00:00 ERR (3) 404 Seite nicht gefunden
REMOTE_ADDR: 156.223.196.48
HTTP_REFERER: 
requested: array(3) {
  ["controller"] => string(12) "wp-login.php"
  ["action"] => string(5) "index"
  ["module"] => string(7) "default"
}


--------------------------------------------------------------------------------
2017-12-21T15:03:27+00:00 ERR (3) 404 Seite nicht gefunden
REMOTE_ADDR: 87.206.65.63
HTTP_REFERER: 
requested: array(3) {
  ["controller"] => string(12) "wp-login.php"
  ["action"] => string(5) "index"
  ["module"] => string(7) "default"
}


--------------------------------------------------------------------------------
2017-12-21T15:03:44+00:00 ERR (3) 404 Seite nicht gefunden
REMOTE_ADDR: 41.68.14.189
HTTP_REFERER: 
requested: array(3) {
  ["controller"] => string(12) "wp-login.php"
  ["action"] => string(5) "index"
  ["module"] => string(7) "default"
}


--------------------------------------------------------------------------------
2017-12-21T15:10:53+00:00 ERR (3) 404 Seite nicht gefunden
REMOTE_ADDR: 31.42.12.72
HTTP_REFERER: 
requested: array(3) {
  ["controller"] => string(12) "wp-login.php"
  ["action"] => string(5) "index"
  ["module"] => string(7) "default"
}


--------------------------------------------------------------------------------
2017-12-21T15:21:25+00:00 ERR (3) 404 Seite nicht gefunden
REMOTE_ADDR: 190.234.163.34
HTTP_REFERER: 
requested: array(3) {
  ["controller"] => string(12) "wp-login.php"
  ["action"] => string(5) "index"
  ["module"] => string(7) "default"
}


--------------------------------------------------------------------------------
2017-12-21T15:29:33+00:00 ERR (3) 404 Seite nicht gefunden
REMOTE_ADDR: 76.168.157.12
HTTP_REFERER: 
requested: array(3) {
  ["controller"] => string(12) "wp-login.php"
  ["action"] => string(5) "index"
  ["module"] => string(7) "default"
}


--------------------------------------------------------------------------------
2017-12-21T15:31:07+00:00 ERR (3) 404 "hire-lasse" was not found.
REMOTE_ADDR: 77.75.76.160
HTTP_REFERER: 
requested: array(5) {
  ["lang"] => string(2) "en"
  ["action"] => string(4) "page"
  ["key"] => string(10) "hire-lasse"
  ["module"] => string(7) "default"
  ["controller"] => string(5) "index"
}


--------------------------------------------------------------------------------
2017-12-21T15:59:08+00:00 ERR (3) 404 Seite nicht gefunden
REMOTE_ADDR: 79.117.182.21
HTTP_REFERER: 
requested: array(3) {
  ["controller"] => string(12) "wp-login.php"
  ["action"] => string(5) "index"
  ["module"] => string(7) "default"
}


--------------------------------------------------------------------------------
2017-12-21T16:03:30+00:00 ERR (3) 404 Seite nicht gefunden
REMOTE_ADDR: 37.76.234.210
HTTP_REFERER: 
requested: array(3) {
  ["controller"] => string(12) "wp-login.php"
  ["action"] => string(5) "index"
  ["module"] => string(7) "default"
}


--------------------------------------------------------------------------------
2017-12-21T16:05:53+00:00 ERR (3) 404 Seite nicht gefunden
REMOTE_ADDR: 88.233.159.56
HTTP_REFERER: 
requested: array(3) {
  ["controller"] => string(12) "wp-login.php"
  ["action"] => string(5) "index"
  ["module"] => string(7) "default"
}


--------------------------------------------------------------------------------
2017-12-21T16:30:18+00:00 ERR (3) 404 Seite nicht gefunden
REMOTE_ADDR: 188.25.193.63
HTTP_REFERER: 
requested: array(3) {
  ["controller"] => string(12) "wp-login.php"
  ["action"] => string(5) "index"
  ["module"] => string(7) "default"
}


--------------------------------------------------------------------------------
2017-12-21T16:39:21+00:00 ERR (3) 404 Seite nicht gefunden
REMOTE_ADDR: 123.24.62.225
HTTP_REFERER: 
requested: array(3) {
  ["controller"] => string(12) "wp-login.php"
  ["action"] => string(5) "index"
  ["module"] => string(7) "default"
}


--------------------------------------------------------------------------------
2017-12-21T16:58:44+00:00 ERR (3) 404 Seite nicht gefunden
REMOTE_ADDR: 5.55.232.50
HTTP_REFERER: 
requested: array(3) {
  ["controller"] => string(12) "wp-login.php"
  ["action"] => string(5) "index"
  ["module"] => string(7) "default"
}


--------------------------------------------------------------------------------
2017-12-21T17:00:21+00:00 ERR (3) 404 Seite nicht gefunden
REMOTE_ADDR: 149.200.226.77
HTTP_REFERER: 
requested: array(3) {
  ["controller"] => string(12) "wp-login.php"
  ["action"] => string(5) "index"
  ["module"] => string(7) "default"
}


--------------------------------------------------------------------------------
2017-12-21T17:02:54+00:00 ERR (3) 404 Seite nicht gefunden
REMOTE_ADDR: 182.183.210.188
HTTP_REFERER: 
requested: array(3) {
  ["controller"] => string(12) "wp-login.php"
  ["action"] => string(5) "index"
  ["module"] => string(7) "default"
}


--------------------------------------------------------------------------------
2017-12-21T17:10:32+00:00 ERR (3) 404 Seite nicht gefunden
REMOTE_ADDR: 46.116.114.34
HTTP_REFERER: 
requested: array(3) {
  ["controller"] => string(12) "wp-login.php"
  ["action"] => string(5) "index"
  ["module"] => string(7) "default"
}


--------------------------------------------------------------------------------
2017-12-21T17:19:24+00:00 ERR (3) 404 Seite nicht gefunden
REMOTE_ADDR: 89.230.209.144
HTTP_REFERER: 
requested: array(3) {
  ["controller"] => string(12) "wp-login.php"
  ["action"] => string(5) "index"
  ["module"] => string(7) "default"
}


--------------------------------------------------------------------------------
2017-12-21T17:24:07+00:00 ERR (3) 404 Seite nicht gefunden
REMOTE_ADDR: 2.42.171.204
HTTP_REFERER: 
requested: array(3) {
  ["controller"] => string(12) "wp-login.php"
  ["action"] => string(5) "index"
  ["module"] => string(7) "default"
}


--------------------------------------------------------------------------------
2017-12-21T17:25:52+00:00 ERR (3) 404 Seite nicht gefunden
REMOTE_ADDR: 46.25.2.99
HTTP_REFERER: 
requested: array(3) {
  ["controller"] => string(12) "wp-login.php"
  ["action"] => string(5) "index"
  ["module"] => string(7) "default"
}


--------------------------------------------------------------------------------
2017-12-21T18:20:01+00:00 ERR (3) 404 Seite nicht gefunden
REMOTE_ADDR: 46.173.191.21
HTTP_REFERER: 
requested: array(3) {
  ["controller"] => string(12) "wp-login.php"
  ["action"] => string(5) "index"
  ["module"] => string(7) "default"
}


--------------------------------------------------------------------------------
2017-12-21T18:31:22+00:00 ERR (3) 404 Seite nicht gefunden
REMOTE_ADDR: 178.37.177.54
HTTP_REFERER: 
requested: array(3) {
  ["controller"] => string(12) "wp-login.php"
  ["action"] => string(5) "index"
  ["module"] => string(7) "default"
}


--------------------------------------------------------------------------------
2017-12-21T18:51:49+00:00 ERR (3) 404 Seite nicht gefunden
REMOTE_ADDR: 105.99.42.212
HTTP_REFERER: 
requested: array(3) {
  ["controller"] => string(12) "wp-login.php"
  ["action"] => string(5) "index"
  ["module"] => string(7) "default"
}


--------------------------------------------------------------------------------
2017-12-21T18:58:06+00:00 ERR (3) 404 Seite nicht gefunden
REMOTE_ADDR: 93.56.162.173
HTTP_REFERER: 
requested: array(3) {
  ["controller"] => string(12) "wp-login.php"
  ["action"] => string(5) "index"
  ["module"] => string(7) "default"
}


--------------------------------------------------------------------------------
2017-12-21T19:12:15+00:00 ERR (3) 404 Seite nicht gefunden
REMOTE_ADDR: 41.104.168.54
HTTP_REFERER: 
requested: array(3) {
  ["controller"] => string(12) "wp-login.php"
  ["action"] => string(5) "index"
  ["module"] => string(7) "default"
}


--------------------------------------------------------------------------------
2017-12-21T19:23:05+00:00 ERR (3) 404 Seite nicht gefunden
REMOTE_ADDR: 89.41.176.131
HTTP_REFERER: 
requested: array(3) {
  ["controller"] => string(12) "wp-login.php"
  ["action"] => string(5) "index"
  ["module"] => string(7) "default"
}


--------------------------------------------------------------------------------
2017-12-21T19:27:44+00:00 ERR (3) 404 Seite nicht gefunden
REMOTE_ADDR: 108.211.134.86
HTTP_REFERER: 
requested: array(3) {
  ["controller"] => string(12) "wp-login.php"
  ["action"] => string(5) "index"
  ["module"] => string(7) "default"
}


--------------------------------------------------------------------------------
2017-12-21T19:34:20+00:00 ERR (3) 404 Seite nicht gefunden
REMOTE_ADDR: 109.98.164.6
HTTP_REFERER: 
requested: array(3) {
  ["controller"] => string(12) "wp-login.php"
  ["action"] => string(5) "index"
  ["module"] => string(7) "default"
}


--------------------------------------------------------------------------------
2017-12-21T19:58:07+00:00 ERR (3) 404 Seite nicht gefunden
REMOTE_ADDR: 188.173.50.85
HTTP_REFERER: 
requested: array(3) {
  ["controller"] => string(12) "wp-login.php"
  ["action"] => string(5) "index"
  ["module"] => string(7) "default"
}


--------------------------------------------------------------------------------
2017-12-21T20:06:53+00:00 ERR (3) 404 Seite nicht gefunden
REMOTE_ADDR: 82.137.28.122
HTTP_REFERER: 
requested: array(3) {
  ["controller"] => string(12) "wp-login.php"
  ["action"] => string(5) "index"
  ["module"] => string(7) "default"
}


--------------------------------------------------------------------------------
2017-12-21T20:19:41+00:00 ERR (3) 404 Seite nicht gefunden
REMOTE_ADDR: 90.220.60.185
HTTP_REFERER: 
requested: array(3) {
  ["controller"] => string(12) "wp-login.php"
  ["action"] => string(5) "index"
  ["module"] => string(7) "default"
}


--------------------------------------------------------------------------------
2017-12-21T20:26:14+00:00 ERR (3) 404 Seite nicht gefunden
REMOTE_ADDR: 96.55.47.86
HTTP_REFERER: 
requested: array(3) {
  ["controller"] => string(12) "wp-login.php"
  ["action"] => string(5) "index"
  ["module"] => string(7) "default"
}


--------------------------------------------------------------------------------
2017-12-21T20:27:52+00:00 ERR (3) 404 Seite nicht gefunden
REMOTE_ADDR: 213.10.172.70
HTTP_REFERER: 
requested: array(3) {
  ["controller"] => string(12) "wp-login.php"
  ["action"] => string(5) "index"
  ["module"] => string(7) "default"
}


--------------------------------------------------------------------------------
2017-12-21T20:33:01+00:00 ERR (3) 404 Seite nicht gefunden
REMOTE_ADDR: 41.207.245.236
HTTP_REFERER: 
requested: array(3) {
  ["controller"] => string(12) "wp-login.php"
  ["action"] => string(5) "index"
  ["module"] => string(7) "default"
}


--------------------------------------------------------------------------------
2017-12-21T20:36:04+00:00 ERR (3) 404 Seite nicht gefunden
REMOTE_ADDR: 89.216.222.217
HTTP_REFERER: 
requested: array(3) {
  ["controller"] => string(12) "wp-login.php"
  ["action"] => string(5) "index"
  ["module"] => string(7) "default"
}


--------------------------------------------------------------------------------
2017-12-21T21:05:12+00:00 ERR (3) 404 Seite nicht gefunden
REMOTE_ADDR: 160.178.42.238
HTTP_REFERER: 
requested: array(3) {
  ["controller"] => string(12) "wp-login.php"
  ["action"] => string(5) "index"
  ["module"] => string(7) "default"
}


--------------------------------------------------------------------------------
2017-12-21T21:17:39+00:00 ERR (3) 404 Seite nicht gefunden
REMOTE_ADDR: 203.153.101.123
HTTP_REFERER: 
requested: array(3) {
  ["controller"] => string(12) "wp-login.php"
  ["action"] => string(5) "index"
  ["module"] => string(7) "default"
}


--------------------------------------------------------------------------------
2017-12-21T21:19:33+00:00 ERR (3) 404 Seite nicht gefunden
REMOTE_ADDR: 89.72.67.84
HTTP_REFERER: 
requested: array(3) {
  ["controller"] => string(12) "wp-login.php"
  ["action"] => string(5) "index"
  ["module"] => string(7) "default"
}


--------------------------------------------------------------------------------
2017-12-21T21:22:19+00:00 ERR (3) 404 Seite nicht gefunden
REMOTE_ADDR: 87.2.164.6
HTTP_REFERER: 
requested: array(3) {
  ["controller"] => string(12) "wp-login.php"
  ["action"] => string(5) "index"
  ["module"] => string(7) "default"
}


--------------------------------------------------------------------------------
2017-12-21T21:25:31+00:00 ERR (3) 404 Seite nicht gefunden
REMOTE_ADDR: 1.22.248.27
HTTP_REFERER: 
requested: array(3) {
  ["controller"] => string(12) "wp-login.php"
  ["action"] => string(5) "index"
  ["module"] => string(7) "default"
}


--------------------------------------------------------------------------------
2017-12-21T21:26:58+00:00 ERR (3) 404 Seite nicht gefunden
REMOTE_ADDR: 96.23.159.126
HTTP_REFERER: 
requested: array(3) {
  ["controller"] => string(12) "wp-login.php"
  ["action"] => string(5) "index"
  ["module"] => string(7) "default"
}


--------------------------------------------------------------------------------
2017-12-21T21:33:54+00:00 ERR (3) 404 Seite nicht gefunden
REMOTE_ADDR: 173.70.84.159
HTTP_REFERER: 
requested: array(3) {
  ["controller"] => string(12) "wp-login.php"
  ["action"] => string(5) "index"
  ["module"] => string(7) "default"
}


--------------------------------------------------------------------------------
2017-12-21T21:39:47+00:00 ERR (3) 404 Seite nicht gefunden
REMOTE_ADDR: 96.3.68.33
HTTP_REFERER: 
requested: array(3) {
  ["controller"] => string(12) "wp-login.php"
  ["action"] => string(5) "index"
  ["module"] => string(7) "default"
}


--------------------------------------------------------------------------------
2017-12-21T21:45:38+00:00 ERR (3) 404 Seite nicht gefunden
REMOTE_ADDR: 151.225.16.142
HTTP_REFERER: 
requested: array(3) {
  ["controller"] => string(12) "wp-login.php"
  ["action"] => string(5) "index"
  ["module"] => string(7) "default"
}


--------------------------------------------------------------------------------
2017-12-21T21:51:37+00:00 ERR (3) 404 Seite nicht gefunden
REMOTE_ADDR: 37.187.148.221
HTTP_REFERER: 
requested: array(3) {
  ["controller"] => string(7) "krd.txt"
  ["action"] => string(5) "index"
  ["module"] => string(7) "default"
}


--------------------------------------------------------------------------------
2017-12-21T21:51:37+00:00 ERR (3) 404 Seite nicht gefunden
REMOTE_ADDR: 37.187.148.221
HTTP_REFERER: 
requested: array(3) {
  ["controller"] => string(7) "krd.txt"
  ["action"] => string(5) "index"
  ["module"] => string(7) "default"
}


--------------------------------------------------------------------------------
2017-12-21T21:54:54+00:00 ERR (3) 404 Seite nicht gefunden
REMOTE_ADDR: 91.140.90.86
HTTP_REFERER: 
requested: array(3) {
  ["controller"] => string(12) "wp-login.php"
  ["action"] => string(5) "index"
  ["module"] => string(7) "default"
}


--------------------------------------------------------------------------------
2017-12-21T21:57:40+00:00 ERR (3) 404 Seite nicht gefunden
REMOTE_ADDR: 201.6.230.206
HTTP_REFERER: 
requested: array(3) {
  ["controller"] => string(12) "wp-login.php"
  ["action"] => string(5) "index"
  ["module"] => string(7) "default"
}


--------------------------------------------------------------------------------
2017-12-21T22:03:01+00:00 ERR (3) 404 Seite nicht gefunden
REMOTE_ADDR: 189.245.163.4
HTTP_REFERER: 
requested: array(3) {
  ["controller"] => string(12) "wp-login.php"
  ["action"] => string(5) "index"
  ["module"] => string(7) "default"
}


--------------------------------------------------------------------------------
2017-12-21T22:03:57+00:00 ERR (3) 404 Seite nicht gefunden
REMOTE_ADDR: 37.135.249.244
HTTP_REFERER: 
requested: array(3) {
  ["controller"] => string(12) "wp-login.php"
  ["action"] => string(5) "index"
  ["module"] => string(7) "default"
}


--------------------------------------------------------------------------------
2017-12-21T22:10:14+00:00 ERR (3) 404 Seite nicht gefunden
REMOTE_ADDR: 109.103.181.15
HTTP_REFERER: 
requested: array(3) {
  ["controller"] => string(12) "wp-login.php"
  ["action"] => string(5) "index"
  ["module"] => string(7) "default"
}


--------------------------------------------------------------------------------
2017-12-21T22:15:47+00:00 ERR (3) 404 Seite nicht gefunden
REMOTE_ADDR: 177.124.95.244
HTTP_REFERER: 
requested: array(3) {
  ["controller"] => string(12) "wp-login.php"
  ["action"] => string(5) "index"
  ["module"] => string(7) "default"
}


--------------------------------------------------------------------------------
2017-12-21T22:24:50+00:00 ERR (3) 404 Seite nicht gefunden
REMOTE_ADDR: 66.249.66.64
HTTP_REFERER: 
requested: array(3) {
  ["controller"] => string(3) "lib"
  ["action"] => string(5) "index"
  ["module"] => string(7) "default"
}


--------------------------------------------------------------------------------
2017-12-21T22:28:37+00:00 ERR (3) 404 Seite nicht gefunden
REMOTE_ADDR: 66.249.66.94
HTTP_REFERER: 
requested: array(3) {
  ["controller"] => string(5) "tests"
  ["action"] => string(5) "index"
  ["module"] => string(7) "default"
}


--------------------------------------------------------------------------------
2017-12-21T22:29:34+00:00 ERR (3) 404 Seite nicht gefunden
REMOTE_ADDR: 139.47.8.243
HTTP_REFERER: 
requested: array(3) {
  ["controller"] => string(12) "wp-login.php"
  ["action"] => string(5) "index"
  ["module"] => string(7) "default"
}


--------------------------------------------------------------------------------
2017-12-21T22:33:30+00:00 ERR (3) 404 Seite nicht gefunden
REMOTE_ADDR: 177.204.8.43
HTTP_REFERER: 
requested: array(3) {
  ["controller"] => string(12) "wp-login.php"
  ["action"] => string(5) "index"
  ["module"] => string(7) "default"
}


--------------------------------------------------------------------------------
2017-12-21T22:34:52+00:00 ERR (3) 404 Seite nicht gefunden
REMOTE_ADDR: 79.129.214.193
HTTP_REFERER: 
requested: array(3) {
  ["controller"] => string(12) "wp-login.php"
  ["action"] => string(5) "index"
  ["module"] => string(7) "default"
}


--------------------------------------------------------------------------------
2017-12-21T22:49:18+00:00 ERR (3) 404 Seite nicht gefunden
REMOTE_ADDR: 185.40.211.19
HTTP_REFERER: 
requested: array(3) {
  ["controller"] => string(12) "wp-login.php"
  ["action"] => string(5) "index"
  ["module"] => string(7) "default"
}


--------------------------------------------------------------------------------
2017-12-21T22:57:20+00:00 ERR (3) 404 Seite nicht gefunden
REMOTE_ADDR: 111.88.9.232
HTTP_REFERER: 
requested: array(3) {
  ["controller"] => string(12) "wp-login.php"
  ["action"] => string(5) "index"
  ["module"] => string(7) "default"
}


--------------------------------------------------------------------------------
2017-12-21T23:42:41+00:00 ERR (3) 404 Seite nicht gefunden
REMOTE_ADDR: 94.62.237.163
HTTP_REFERER: 
requested: array(3) {
  ["controller"] => string(12) "wp-login.php"
  ["action"] => string(5) "index"
  ["module"] => string(7) "default"
}


--------------------------------------------------------------------------------
2017-12-21T23:44:33+00:00 ERR (3) 404 Seite nicht gefunden
REMOTE_ADDR: 37.238.116.39
HTTP_REFERER: 
requested: array(3) {
  ["controller"] => string(12) "wp-login.php"
  ["action"] => string(5) "index"
  ["module"] => string(7) "default"
}


--------------------------------------------------------------------------------
2017-12-21T23:55:08+00:00 ERR (3) 404 Seite nicht gefunden
REMOTE_ADDR: 210.187.219.67
HTTP_REFERER: 
requested: array(3) {
  ["controller"] => string(12) "wp-login.php"
  ["action"] => string(5) "index"
  ["module"] => string(7) "default"
}


--------------------------------------------------------------------------------
