2019-12-31T01:54:07+00:00 ERR (3) 404 "competences" was not found.
REMOTE_ADDR: 119.7.86.103
HTTP_REFERER: 
requested: array(5) {
  ["lang"] => string(2) "en"
  ["action"] => string(4) "page"
  ["key"] => string(11) "competences"
  ["module"] => string(7) "default"
  ["controller"] => string(5) "index"
}


--------------------------------------------------------------------------------
2019-12-31T06:52:38+00:00 ERR (3) 404 "de" was not found.
REMOTE_ADDR: 216.244.66.228
HTTP_REFERER: 
requested: array(5) {
  ["lang"] => string(2) "de"
  ["action"] => string(7) "archive"
  ["key"] => string(2) "de"
  ["module"] => string(7) "default"
  ["controller"] => string(5) "index"
}


--------------------------------------------------------------------------------
2019-12-31T12:10:23+00:00 ERR (3) 404 Seite nicht gefunden
REMOTE_ADDR: 192.99.36.177
HTTP_REFERER: http://www.google.com.hk
requested: array(3) {
  ["controller"] => string(5) "admin"
  ["action"] => string(6) "images"
  ["module"] => string(7) "default"
}


--------------------------------------------------------------------------------
2019-12-31T12:10:42+00:00 ERR (3) 404 Seite nicht gefunden
REMOTE_ADDR: 192.99.36.177
HTTP_REFERER: http://www.google.com.hk
requested: array(4) {
  ["controller"] => string(9) "templates"
  ["action"] => string(6) "system"
  ["css"] => string(10) "system.css"
  ["module"] => string(7) "default"
}


--------------------------------------------------------------------------------
2019-12-31T17:44:49+00:00 ERR (3) 404 "competences" was not found.
REMOTE_ADDR: 77.75.76.165
HTTP_REFERER: 
requested: array(5) {
  ["lang"] => string(2) "en"
  ["action"] => string(4) "page"
  ["key"] => string(11) "competences"
  ["module"] => string(7) "default"
  ["controller"] => string(5) "index"
}


--------------------------------------------------------------------------------
2019-12-31T21:22:15+00:00 ERR (3) 404 Seite nicht gefunden
REMOTE_ADDR: 209.141.49.246
HTTP_REFERER: 
requested: array(4) {
  ["controller"] => string(6) "vendor"
  ["action"] => string(7) "phpunit"
  ["phpunit"] => string(7) "LICENSE"
  ["module"] => string(7) "default"
}


--------------------------------------------------------------------------------
