2020-03-03T00:22:14+00:00 ERR (3) 404 "competences" was not found.
REMOTE_ADDR: 23.237.4.26
HTTP_REFERER: 
requested: array(5) {
  ["lang"] => string(2) "de"
  ["action"] => string(4) "page"
  ["key"] => string(11) "competences"
  ["module"] => string(7) "default"
  ["controller"] => string(5) "index"
}


--------------------------------------------------------------------------------
2020-03-03T00:22:33+00:00 ERR (3) 404 "hire-lasse" was not found.
REMOTE_ADDR: 23.237.4.26
HTTP_REFERER: 
requested: array(5) {
  ["lang"] => string(2) "de"
  ["action"] => string(4) "page"
  ["key"] => string(10) "hire-lasse"
  ["module"] => string(7) "default"
  ["controller"] => string(5) "index"
}


--------------------------------------------------------------------------------
2020-03-03T01:30:10+00:00 ERR (3) 404 "competences" was not found.
REMOTE_ADDR: 23.237.4.26
HTTP_REFERER: 
requested: array(5) {
  ["lang"] => string(2) "de"
  ["action"] => string(4) "page"
  ["key"] => string(11) "competences"
  ["module"] => string(7) "default"
  ["controller"] => string(5) "index"
}


--------------------------------------------------------------------------------
2020-03-03T01:30:23+00:00 ERR (3) 404 "hire-lasse" was not found.
REMOTE_ADDR: 23.237.4.26
HTTP_REFERER: 
requested: array(5) {
  ["lang"] => string(2) "de"
  ["action"] => string(4) "page"
  ["key"] => string(10) "hire-lasse"
  ["module"] => string(7) "default"
  ["controller"] => string(5) "index"
}


--------------------------------------------------------------------------------
2020-03-03T02:16:27+00:00 ERR (3) 404 Seite nicht gefunden
REMOTE_ADDR: 46.119.176.78
HTTP_REFERER: 
requested: array(5) {
  ["controller"] => string(5) "admin"
  ["action"] => string(9) "FCKeditor"
  ["editor"] => string(11) "filemanager"
  ["upload"] => string(3) "php"
  ["module"] => string(7) "default"
}


--------------------------------------------------------------------------------
2020-03-03T04:06:59+00:00 ERR (3) 404 Seite nicht gefunden
REMOTE_ADDR: 108.167.133.35
HTTP_REFERER: http://graphicore.de/
requested: array(3) {
  ["controller"] => string(3) "old"
  ["action"] => string(5) "index"
  ["module"] => string(7) "default"
}


--------------------------------------------------------------------------------
2020-03-03T04:07:32+00:00 ERR (3) 404 Seite nicht gefunden
REMOTE_ADDR: 107.180.109.46
HTTP_REFERER: http://graphicore.de/
requested: array(3) {
  ["controller"] => string(3) "OLD"
  ["action"] => string(5) "index"
  ["module"] => string(7) "default"
}


--------------------------------------------------------------------------------
2020-03-03T04:07:53+00:00 ERR (3) 404 Seite nicht gefunden
REMOTE_ADDR: 146.66.64.78
HTTP_REFERER: http://graphicore.de/
requested: array(3) {
  ["controller"] => string(6) "backup"
  ["action"] => string(5) "index"
  ["module"] => string(7) "default"
}


--------------------------------------------------------------------------------
2020-03-03T12:02:54+00:00 ERR (3) 404 Seite nicht gefunden
REMOTE_ADDR: 77.104.139.168
HTTP_REFERER: http://graphicore.de/
requested: array(3) {
  ["controller"] => string(4) "blog"
  ["action"] => string(5) "index"
  ["module"] => string(7) "default"
}


--------------------------------------------------------------------------------
2020-03-03T13:00:38+00:00 ERR (3) 404 "competences" was not found.
REMOTE_ADDR: 147.75.65.86
HTTP_REFERER: 
requested: array(5) {
  ["lang"] => string(2) "de"
  ["action"] => string(4) "page"
  ["key"] => string(11) "competences"
  ["module"] => string(7) "default"
  ["controller"] => string(5) "index"
}


--------------------------------------------------------------------------------
2020-03-03T13:00:39+00:00 ERR (3) 404 "hire-lasse" was not found.
REMOTE_ADDR: 147.75.65.86
HTTP_REFERER: 
requested: array(5) {
  ["lang"] => string(2) "de"
  ["action"] => string(4) "page"
  ["key"] => string(10) "hire-lasse"
  ["module"] => string(7) "default"
  ["controller"] => string(5) "index"
}


--------------------------------------------------------------------------------
2020-03-03T13:00:54+00:00 ERR (3) 404 "competences" was not found.
REMOTE_ADDR: 147.75.65.86
HTTP_REFERER: 
requested: array(5) {
  ["lang"] => string(2) "en"
  ["action"] => string(4) "page"
  ["key"] => string(11) "competences"
  ["module"] => string(7) "default"
  ["controller"] => string(5) "index"
}


--------------------------------------------------------------------------------
2020-03-03T13:00:54+00:00 ERR (3) 404 "hire-lasse" was not found.
REMOTE_ADDR: 147.75.65.86
HTTP_REFERER: 
requested: array(5) {
  ["lang"] => string(2) "en"
  ["action"] => string(4) "page"
  ["key"] => string(10) "hire-lasse"
  ["module"] => string(7) "default"
  ["controller"] => string(5) "index"
}


--------------------------------------------------------------------------------
2020-03-03T17:04:55+00:00 ERR (3) 404 Seite nicht gefunden
REMOTE_ADDR: 188.64.60.198
HTTP_REFERER: http://graphicore.de/
requested: array(3) {
  ["controller"] => string(9) "wordpress"
  ["action"] => string(5) "index"
  ["module"] => string(7) "default"
}


--------------------------------------------------------------------------------
2020-03-03T17:23:40+00:00 ERR (3) 404 "competences" was not found.
REMOTE_ADDR: 66.249.64.92
HTTP_REFERER: 
requested: array(5) {
  ["lang"] => string(2) "de"
  ["action"] => string(4) "page"
  ["key"] => string(11) "competences"
  ["module"] => string(7) "default"
  ["controller"] => string(5) "index"
}


--------------------------------------------------------------------------------
