2010-10-10T08:40:35+00:00 ERR (3) 404 Seite nicht gefunden
REMOTE_ADDR: 66.249.66.99
HTTP_REFERER: 
requested: array(3) {
  ["controller"] => string(6) "images"
  ["action"] => string(5) "diary"
  ["module"] => string(7) "default"
}


--------------------------------------------------------------------------------
2010-10-10T23:32:55+00:00 ERR (3) 404 Seite nicht gefunden
REMOTE_ADDR: 82.10.90.61
HTTP_REFERER: 
requested: array(3) {
  ["controller"] => string(10) "javascript"
  ["action"] => string(1) "'"
  ["module"] => string(7) "default"
}


--------------------------------------------------------------------------------
2010-10-10T23:43:53+00:00 ERR (3) 404 Seite nicht gefunden
REMOTE_ADDR: 77.211.79.192
HTTP_REFERER: 
requested: array(3) {
  ["controller"] => string(10) "javascript"
  ["action"] => string(1) "'"
  ["module"] => string(7) "default"
}


--------------------------------------------------------------------------------
