2010-11-03T06:52:52+00:00 ERR (3) 404 "topic" was not found.
REMOTE_ADDR: 95.211.132.49
HTTP_REFERER: http://graphicore.de/de/index/topic/intern/news/
requested: array(6) {
  ["lang"] => string(2) "de"
  ["action"] => string(5) "index"
  ["key"] => string(5) "topic"
  ["intern"] => string(4) "news"
  ["module"] => string(7) "default"
  ["controller"] => string(5) "index"
}


--------------------------------------------------------------------------------
2010-11-03T15:57:13+00:00 ERR (3) 404 Seite nicht gefunden
REMOTE_ADDR: 66.249.66.227
HTTP_REFERER: 
requested: array(3) {
  ["controller"] => string(6) "images"
  ["action"] => string(5) "diary"
  ["module"] => string(7) "default"
}


--------------------------------------------------------------------------------
2010-11-03T16:01:03+00:00 ERR (3) 404 Seite nicht gefunden
REMOTE_ADDR: 66.249.66.227
HTTP_REFERER: 
requested: array(3) {
  ["controller"] => string(6) "images"
  ["action"] => string(5) "diary"
  ["module"] => string(7) "default"
}


--------------------------------------------------------------------------------
