2011-05-09T01:42:41+00:00 ERR (3) 404 "" was not found.
REMOTE_ADDR: 207.46.13.89
HTTP_REFERER: 
requested: array(5) {
  ["lang"] => string(2) "de"
  ["action"] => string(7) "archive"
  ["module"] => string(7) "default"
  ["controller"] => string(5) "index"
  ["key"] => string(0) ""
}


--------------------------------------------------------------------------------
2011-05-09T21:07:30+00:00 ERR (3) 404 Seite nicht gefunden
REMOTE_ADDR: 71.223.6.14
HTTP_REFERER: http://graphicore.de/forum/index.php
requested: array(3) {
  ["controller"] => string(5) "forum"
  ["action"] => string(9) "index.php"
  ["module"] => string(7) "default"
}


--------------------------------------------------------------------------------
2011-05-09T21:14:40+00:00 ERR (3) 404 Seite nicht gefunden
REMOTE_ADDR: 46.185.37.169
HTTP_REFERER: http://graphicore.de/forum/index.php
requested: array(3) {
  ["controller"] => string(5) "forum"
  ["action"] => string(9) "index.php"
  ["module"] => string(7) "default"
}


--------------------------------------------------------------------------------
