2018-05-16T00:38:34+00:00 ERR (3) 404 "anne" was not found.
REMOTE_ADDR: 54.36.148.74
HTTP_REFERER: 
requested: array(5) {
  ["lang"] => string(2) "de"
  ["action"] => string(4) "page"
  ["key"] => string(4) "anne"
  ["module"] => string(7) "default"
  ["controller"] => string(5) "index"
}


--------------------------------------------------------------------------------
2018-05-16T00:59:50+00:00 ERR (3) 404 "de" was not found.
REMOTE_ADDR: 192.99.69.242
HTTP_REFERER: 
requested: array(5) {
  ["lang"] => string(2) "de"
  ["action"] => string(7) "archive"
  ["key"] => string(2) "de"
  ["module"] => string(7) "default"
  ["controller"] => string(5) "index"
}


--------------------------------------------------------------------------------
2018-05-16T01:01:13+00:00 ERR (3) 404 "en" was not found.
REMOTE_ADDR: 192.99.69.242
HTTP_REFERER: 
requested: array(5) {
  ["lang"] => string(2) "de"
  ["action"] => string(7) "archive"
  ["key"] => string(2) "en"
  ["module"] => string(7) "default"
  ["controller"] => string(5) "index"
}


--------------------------------------------------------------------------------
2018-05-16T05:31:29+00:00 ERR (3) 404 Seite nicht gefunden
REMOTE_ADDR: 79.170.44.95
HTTP_REFERER: 
requested: array(3) {
  ["controller"] => string(8) "wp-admin"
  ["action"] => string(5) "index"
  ["module"] => string(7) "default"
}


--------------------------------------------------------------------------------
2018-05-16T05:39:06+00:00 ERR (3) 404 Seite nicht gefunden
REMOTE_ADDR: 212.227.221.35
HTTP_REFERER: 
requested: array(3) {
  ["controller"] => string(4) "test"
  ["action"] => string(8) "wp-admin"
  ["module"] => string(7) "default"
}


--------------------------------------------------------------------------------
2018-05-16T05:46:17+00:00 ERR (3) 404 Seite nicht gefunden
REMOTE_ADDR: 74.208.16.30
HTTP_REFERER: 
requested: array(3) {
  ["controller"] => string(9) "wordpress"
  ["action"] => string(8) "wp-admin"
  ["module"] => string(7) "default"
}


--------------------------------------------------------------------------------
2018-05-16T05:53:38+00:00 ERR (3) 404 Seite nicht gefunden
REMOTE_ADDR: 212.227.119.176
HTTP_REFERER: 
requested: array(3) {
  ["controller"] => string(4) "blog"
  ["action"] => string(8) "wp-admin"
  ["module"] => string(7) "default"
}


--------------------------------------------------------------------------------
2018-05-16T06:00:58+00:00 ERR (3) 404 Seite nicht gefunden
REMOTE_ADDR: 162.241.217.168
HTTP_REFERER: 
requested: array(3) {
  ["controller"] => string(2) "wp"
  ["action"] => string(8) "wp-admin"
  ["module"] => string(7) "default"
}


--------------------------------------------------------------------------------
2018-05-16T06:08:20+00:00 ERR (3) 404 Seite nicht gefunden
REMOTE_ADDR: 208.113.192.180
HTTP_REFERER: 
requested: array(3) {
  ["controller"] => string(3) "old"
  ["action"] => string(8) "wp-admin"
  ["module"] => string(7) "default"
}


--------------------------------------------------------------------------------
2018-05-16T22:34:41+00:00 ERR (3) 404 Seite nicht gefunden
REMOTE_ADDR: 47.106.157.151
HTTP_REFERER: 
requested: array(3) {
  ["controller"] => string(9) "roots.php"
  ["action"] => string(5) "index"
  ["module"] => string(7) "default"
}


--------------------------------------------------------------------------------
2018-05-16T22:34:41+00:00 ERR (3) 404 Seite nicht gefunden
REMOTE_ADDR: 120.78.143.200
HTTP_REFERER: 
requested: array(3) {
  ["controller"] => string(9) "roots.php"
  ["action"] => string(5) "index"
  ["module"] => string(7) "default"
}


--------------------------------------------------------------------------------
