2015-01-20T00:02:14+00:00 ERR (3) 404 Seite nicht gefunden
REMOTE_ADDR: 46.105.17.34
HTTP_REFERER: 
requested: array(3) {
  ["controller"] => string(4) "user"
  ["action"] => string(5) "index"
  ["module"] => string(7) "default"
}


--------------------------------------------------------------------------------
2015-01-20T00:02:14+00:00 ERR (3) 404 Seite nicht gefunden
REMOTE_ADDR: 46.105.17.34
HTTP_REFERER: 
requested: array(3) {
  ["controller"] => string(9) "admin.php"
  ["action"] => string(5) "index"
  ["module"] => string(7) "default"
}


--------------------------------------------------------------------------------
2015-01-20T01:49:31+00:00 ERR (3) 404 "" was not found.
REMOTE_ADDR: 208.115.111.73
HTTP_REFERER: 
requested: array(5) {
  ["lang"] => string(2) "en"
  ["action"] => string(7) "archive"
  ["module"] => string(7) "default"
  ["controller"] => string(5) "index"
  ["key"] => string(0) ""
}


--------------------------------------------------------------------------------
2015-01-20T15:28:30+00:00 ERR (3) 404 Seite nicht gefunden
REMOTE_ADDR: 192.187.99.195
HTTP_REFERER: 
requested: array(3) {
  ["controller"] => string(12) "wp-login.php"
  ["action"] => string(5) "index"
  ["module"] => string(7) "default"
}


--------------------------------------------------------------------------------
2015-01-20T18:19:58+00:00 ERR (3) 404 "hire-lasse" was not found.
REMOTE_ADDR: 81.30.151.220
HTTP_REFERER: 
requested: array(5) {
  ["lang"] => string(2) "de"
  ["action"] => string(4) "page"
  ["key"] => string(10) "hire-lasse"
  ["module"] => string(7) "default"
  ["controller"] => string(5) "index"
}


--------------------------------------------------------------------------------
2015-01-20T18:34:17+00:00 ERR (3) 404 Seite nicht gefunden
REMOTE_ADDR: 54.82.14.182
HTTP_REFERER: 
requested: array(3) {
  ["controller"] => string(20) "apple-touch-icon.png"
  ["action"] => string(5) "index"
  ["module"] => string(7) "default"
}


--------------------------------------------------------------------------------
2015-01-20T18:38:34+00:00 ERR (3) 404 "hire-lasse" was not found.
REMOTE_ADDR: 81.30.151.220
HTTP_REFERER: 
requested: array(5) {
  ["lang"] => string(2) "en"
  ["action"] => string(4) "page"
  ["key"] => string(10) "hire-lasse"
  ["module"] => string(7) "default"
  ["controller"] => string(5) "index"
}


--------------------------------------------------------------------------------
2015-01-20T19:35:29+00:00 ERR (3) 404 "signup" was not found.
REMOTE_ADDR: 178.33.180.126
HTTP_REFERER: http://graphicore.de/
requested: array(5) {
  ["lang"] => string(2) "en"
  ["action"] => string(7) "archive"
  ["key"] => string(6) "signup"
  ["module"] => string(7) "default"
  ["controller"] => string(5) "index"
}


--------------------------------------------------------------------------------
2015-01-20T19:36:15+00:00 ERR (3) 404 "register" was not found.
REMOTE_ADDR: 178.33.180.126
HTTP_REFERER: http://graphicore.de/
requested: array(5) {
  ["lang"] => string(2) "en"
  ["action"] => string(7) "archive"
  ["key"] => string(8) "register"
  ["module"] => string(7) "default"
  ["controller"] => string(5) "index"
}


--------------------------------------------------------------------------------
2015-01-20T19:36:15+00:00 ERR (3) 404 "register" was not found.
REMOTE_ADDR: 178.33.180.126
HTTP_REFERER: http://graphicore.de/en/archive/register
requested: array(5) {
  ["lang"] => string(2) "en"
  ["action"] => string(7) "archive"
  ["key"] => string(8) "register"
  ["module"] => string(7) "default"
  ["controller"] => string(5) "index"
}


--------------------------------------------------------------------------------
2015-01-20T19:36:17+00:00 ERR (3) 404 "register" was not found.
REMOTE_ADDR: 178.33.180.126
HTTP_REFERER: http://graphicore.de/
requested: array(5) {
  ["lang"] => string(2) "en"
  ["action"] => string(7) "archive"
  ["key"] => string(8) "register"
  ["module"] => string(7) "default"
  ["controller"] => string(5) "index"
}


--------------------------------------------------------------------------------
2015-01-20T19:36:17+00:00 ERR (3) 404 "register" was not found.
REMOTE_ADDR: 178.33.180.126
HTTP_REFERER: http://graphicore.de/en/archive/register
requested: array(5) {
  ["lang"] => string(2) "de"
  ["action"] => string(7) "archive"
  ["key"] => string(8) "register"
  ["module"] => string(7) "default"
  ["controller"] => string(5) "index"
}


--------------------------------------------------------------------------------
2015-01-20T19:36:18+00:00 ERR (3) 404 "signup" was not found.
REMOTE_ADDR: 178.33.180.126
HTTP_REFERER: http://graphicore.de/
requested: array(5) {
  ["lang"] => string(2) "en"
  ["action"] => string(7) "archive"
  ["key"] => string(6) "signup"
  ["module"] => string(7) "default"
  ["controller"] => string(5) "index"
}


--------------------------------------------------------------------------------
2015-01-20T23:20:13+00:00 ERR (3) 404 Seite nicht gefunden
REMOTE_ADDR: 203.100.80.81
HTTP_REFERER: http://graphicore.de/forum/
requested: array(3) {
  ["controller"] => string(5) "forum"
  ["action"] => string(5) "index"
  ["module"] => string(7) "default"
}


--------------------------------------------------------------------------------
