2014-07-07T00:36:44+00:00 ERR (3) 404 Seite nicht gefunden
REMOTE_ADDR: 109.226.63.149
HTTP_REFERER: 
requested: array(5) {
  ["controller"] => string(9) "Fckeditor"
  ["action"] => string(6) "editor"
  ["filemanager"] => string(7) "browser"
  ["default"] => string(10) "connectors"
  ["module"] => string(7) "default"
}


--------------------------------------------------------------------------------
2014-07-07T00:36:44+00:00 ERR (3) 404 Seite nicht gefunden
REMOTE_ADDR: 109.226.63.149
HTTP_REFERER: 
requested: array(6) {
  ["controller"] => string(5) "admin"
  ["action"] => string(9) "fckeditor"
  ["editor"] => string(11) "filemanager"
  ["browser"] => string(7) "default"
  ["connectors"] => string(9) "test.html"
  ["module"] => string(7) "default"
}


--------------------------------------------------------------------------------
2014-07-07T00:36:44+00:00 ERR (3) 404 Seite nicht gefunden
REMOTE_ADDR: 109.226.63.149
HTTP_REFERER: 
requested: array(5) {
  ["controller"] => string(6) "editor"
  ["action"] => string(6) "editor"
  ["filemanager"] => string(7) "browser"
  ["default"] => string(10) "connectors"
  ["module"] => string(7) "default"
}


--------------------------------------------------------------------------------
2014-07-07T00:36:45+00:00 ERR (3) 404 Seite nicht gefunden
REMOTE_ADDR: 109.226.63.149
HTTP_REFERER: 
requested: array(4) {
  ["controller"] => string(9) "FCKeditor"
  ["action"] => string(6) "editor"
  ["filemanager"] => string(10) "connectors"
  ["module"] => string(7) "default"
}


--------------------------------------------------------------------------------
2014-07-07T00:36:45+00:00 ERR (3) 404 Seite nicht gefunden
REMOTE_ADDR: 109.226.63.149
HTTP_REFERER: 
requested: array(6) {
  ["controller"] => string(5) "admin"
  ["action"] => string(9) "fckeditor"
  ["editor"] => string(11) "filemanager"
  ["browser"] => string(7) "default"
  ["connectors"] => string(15) "uploadtest.html"
  ["module"] => string(7) "default"
}


--------------------------------------------------------------------------------
2014-07-07T00:36:45+00:00 ERR (3) 404 Seite nicht gefunden
REMOTE_ADDR: 109.226.63.149
HTTP_REFERER: 
requested: array(5) {
  ["controller"] => string(6) "editor"
  ["action"] => string(6) "editor"
  ["filemanager"] => string(7) "browser"
  ["default"] => string(10) "connectors"
  ["module"] => string(7) "default"
}


--------------------------------------------------------------------------------
2014-07-07T02:25:36+00:00 ERR (3) 404 Page not found
REMOTE_ADDR: 208.109.181.217
HTTP_REFERER: http://www.google.com/
requested: array(6) {
  ["controller"] => string(12) "wp-login.php"
  ["action"] => string(5) "index"
  ["module"] => string(7) "default"
  ["log"] => string(5) "admin"
  ["pwd"] => string(6) "123123"
  ["rememberme"] => string(7) "forever"
}


--------------------------------------------------------------------------------
2014-07-07T02:34:02+00:00 ERR (3) 404 Page not found
REMOTE_ADDR: 49.212.78.83
HTTP_REFERER: http://www.google.com/
requested: array(6) {
  ["controller"] => string(12) "wp-login.php"
  ["action"] => string(5) "index"
  ["module"] => string(7) "default"
  ["log"] => string(5) "admin"
  ["pwd"] => string(5) "admin"
  ["rememberme"] => string(7) "forever"
}


--------------------------------------------------------------------------------
2014-07-07T02:42:02+00:00 ERR (3) 404 Page not found
REMOTE_ADDR: 201.76.59.114
HTTP_REFERER: http://www.google.com/
requested: array(6) {
  ["controller"] => string(12) "wp-login.php"
  ["action"] => string(5) "index"
  ["module"] => string(7) "default"
  ["log"] => string(5) "admin"
  ["pwd"] => string(6) "123456"
  ["rememberme"] => string(7) "forever"
}


--------------------------------------------------------------------------------
2014-07-07T11:11:20+00:00 ERR (3) 404 "hire-lasse" was not found.
REMOTE_ADDR: 208.115.111.73
HTTP_REFERER: 
requested: array(5) {
  ["lang"] => string(2) "de"
  ["action"] => string(4) "page"
  ["key"] => string(10) "hire-lasse"
  ["module"] => string(7) "default"
  ["controller"] => string(5) "index"
}


--------------------------------------------------------------------------------
2014-07-07T21:30:24+00:00 ERR (3) 404 The filter "de" was not found.
REMOTE_ADDR: 208.115.113.89
HTTP_REFERER: 
requested: array(5) {
  ["lang"] => string(2) "en"
  ["action"] => string(5) "diary"
  ["key"] => string(2) "de"
  ["module"] => string(7) "default"
  ["controller"] => string(5) "index"
}


--------------------------------------------------------------------------------
