2010-10-06T06:42:00+00:00 ERR (3) 404 Seite nicht gefunden
REMOTE_ADDR: 66.249.66.99
HTTP_REFERER: 
requested: array(3) {
  ["controller"] => string(6) "images"
  ["action"] => string(5) "diary"
  ["module"] => string(7) "default"
}


--------------------------------------------------------------------------------
2010-10-06T23:21:50+00:00 ERR (3) 404 "topic" was not found.
REMOTE_ADDR: 193.47.80.40
HTTP_REFERER: 
requested: array(6) {
  ["lang"] => string(2) "en"
  ["action"] => string(5) "index"
  ["key"] => string(5) "topic"
  ["intern"] => string(4) "news"
  ["module"] => string(7) "default"
  ["controller"] => string(5) "index"
}


--------------------------------------------------------------------------------
