2019-01-20T00:45:35+00:00 ERR (3) 404 "competences" was not found.
REMOTE_ADDR: 188.165.233.228
HTTP_REFERER: 
requested: array(5) {
  ["lang"] => string(2) "de"
  ["action"] => string(4) "page"
  ["key"] => string(11) "competences"
  ["module"] => string(7) "default"
  ["controller"] => string(5) "index"
}


--------------------------------------------------------------------------------
2019-01-20T00:45:37+00:00 ERR (3) 404 "hire-lasse" was not found.
REMOTE_ADDR: 188.165.233.228
HTTP_REFERER: 
requested: array(5) {
  ["lang"] => string(2) "de"
  ["action"] => string(4) "page"
  ["key"] => string(10) "hire-lasse"
  ["module"] => string(7) "default"
  ["controller"] => string(5) "index"
}


--------------------------------------------------------------------------------
2019-01-20T00:46:12+00:00 ERR (3) 404 "competences" was not found.
REMOTE_ADDR: 188.165.233.228
HTTP_REFERER: 
requested: array(5) {
  ["lang"] => string(2) "en"
  ["action"] => string(4) "page"
  ["key"] => string(11) "competences"
  ["module"] => string(7) "default"
  ["controller"] => string(5) "index"
}


--------------------------------------------------------------------------------
2019-01-20T00:46:12+00:00 ERR (3) 404 "hire-lasse" was not found.
REMOTE_ADDR: 188.165.233.228
HTTP_REFERER: 
requested: array(5) {
  ["lang"] => string(2) "en"
  ["action"] => string(4) "page"
  ["key"] => string(10) "hire-lasse"
  ["module"] => string(7) "default"
  ["controller"] => string(5) "index"
}


--------------------------------------------------------------------------------
2019-01-20T04:10:27+00:00 ERR (3) 404 Page not found
REMOTE_ADDR: 23.228.96.82
HTTP_REFERER: http://graphicore.de/wp-content/plugins/wp-formgenerator/changelog.txt
requested: array(4) {
  ["controller"] => string(10) "wp-content"
  ["action"] => string(7) "plugins"
  ["wp-formgenerator"] => string(13) "changelog.txt"
  ["module"] => string(7) "default"
}


--------------------------------------------------------------------------------
2019-01-20T08:39:12+00:00 ERR (3) 404 Seite nicht gefunden
REMOTE_ADDR: 46.229.168.134
HTTP_REFERER: 
requested: array(3) {
  ["controller"] => string(11) "sitemap.xml"
  ["action"] => string(5) "index"
  ["module"] => string(7) "default"
}


--------------------------------------------------------------------------------
2019-01-20T08:40:41+00:00 ERR (3) 404 "anne" was not found.
REMOTE_ADDR: 40.77.167.61
HTTP_REFERER: 
requested: array(5) {
  ["lang"] => string(2) "de"
  ["action"] => string(4) "page"
  ["key"] => string(4) "anne"
  ["module"] => string(7) "default"
  ["controller"] => string(5) "index"
}


--------------------------------------------------------------------------------
2019-01-20T11:06:19+00:00 ERR (3) 404 Seite nicht gefunden
REMOTE_ADDR: 89.248.174.141
HTTP_REFERER: 
requested: array(3) {
  ["controller"] => string(4) ".git"
  ["action"] => string(6) "config"
  ["module"] => string(7) "default"
}


--------------------------------------------------------------------------------
2019-01-20T12:45:41+00:00 ERR (3) 404 "competences" was not found.
REMOTE_ADDR: 77.75.76.168
HTTP_REFERER: 
requested: array(5) {
  ["lang"] => string(2) "de"
  ["action"] => string(4) "page"
  ["key"] => string(11) "competences"
  ["module"] => string(7) "default"
  ["controller"] => string(5) "index"
}


--------------------------------------------------------------------------------
2019-01-20T15:47:26+00:00 ERR (3) 404 Seite nicht gefunden
REMOTE_ADDR: 46.53.246.88
HTTP_REFERER: http://graphicore.de/forum/
requested: array(3) {
  ["controller"] => string(5) "forum"
  ["action"] => string(5) "index"
  ["module"] => string(7) "default"
}


--------------------------------------------------------------------------------
