2020-08-07T03:04:46+00:00 ERR (3) 404 "competences" was not found.
REMOTE_ADDR: 85.208.96.65
HTTP_REFERER: 
requested: array(5) {
  ["lang"] => string(2) "de"
  ["action"] => string(4) "page"
  ["key"] => string(11) "competences"
  ["module"] => string(7) "default"
  ["controller"] => string(5) "index"
}


--------------------------------------------------------------------------------
2020-08-07T14:14:54+00:00 ERR (3) 404 Seite nicht gefunden
REMOTE_ADDR: 13.67.110.14
HTTP_REFERER: 
requested: array(3) {
  ["controller"] => string(4) ".env"
  ["action"] => string(5) "index"
  ["module"] => string(7) "default"
}


--------------------------------------------------------------------------------
2020-08-07T14:43:15+00:00 ERR (3) 404 Seite nicht gefunden
REMOTE_ADDR: 47.251.38.185
HTTP_REFERER: http://graphicore.de/admin/assets/plugins/jquery-file-upload/server/php/index.php
requested: array(5) {
  ["controller"] => string(5) "admin"
  ["action"] => string(6) "assets"
  ["plugins"] => string(18) "jquery-file-upload"
  ["server"] => string(3) "php"
  ["module"] => string(7) "default"
}


--------------------------------------------------------------------------------
2020-08-07T17:30:37+00:00 ERR (3) 404 Seite nicht gefunden
REMOTE_ADDR: 35.242.250.195
HTTP_REFERER: 
requested: array(3) {
  ["controller"] => string(4) ".git"
  ["action"] => string(4) "HEAD"
  ["module"] => string(7) "default"
}


--------------------------------------------------------------------------------
2020-08-07T17:30:37+00:00 ERR (3) 404 Seite nicht gefunden
REMOTE_ADDR: 35.242.250.195
HTTP_REFERER: 
requested: array(3) {
  ["controller"] => string(4) ".git"
  ["action"] => string(4) "HEAD"
  ["module"] => string(7) "default"
}


--------------------------------------------------------------------------------
2020-08-07T21:48:36+00:00 ERR (3) 404 Seite nicht gefunden
REMOTE_ADDR: 68.65.122.149
HTTP_REFERER: http://graphicore.de/
requested: array(3) {
  ["controller"] => string(17) "wp-config.php.bak"
  ["action"] => string(5) "index"
  ["module"] => string(7) "default"
}


--------------------------------------------------------------------------------
