2015-06-24T02:45:36+00:00 ERR (3) 404 Seite nicht gefunden
REMOTE_ADDR: 173.0.51.226
HTTP_REFERER: 
requested: array(3) {
  ["controller"] => string(6) "https:"
  ["action"] => string(19) "silber-und-blei.com"
  ["module"] => string(7) "default"
}


--------------------------------------------------------------------------------
2015-06-24T07:09:56+00:00 ERR (3) 404 Seite nicht gefunden
REMOTE_ADDR: 110.83.61.3
HTTP_REFERER: 
requested: array(4) {
  ["controller"] => string(4) "blog"
  ["action"] => string(9) "FCKeditor"
  ["editor"] => string(14) "fckeditor.html"
  ["module"] => string(7) "default"
}


--------------------------------------------------------------------------------
2015-06-24T07:09:56+00:00 ERR (3) 404 Seite nicht gefunden
REMOTE_ADDR: 110.83.61.3
HTTP_REFERER: 
requested: array(4) {
  ["controller"] => string(10) "webmanager"
  ["action"] => string(9) "FCKeditor"
  ["editor"] => string(14) "fckeditor.html"
  ["module"] => string(7) "default"
}


--------------------------------------------------------------------------------
2015-06-24T07:09:57+00:00 ERR (3) 404 Seite nicht gefunden
REMOTE_ADDR: 110.83.61.3
HTTP_REFERER: 
requested: array(4) {
  ["controller"] => string(8) "controls"
  ["action"] => string(9) "fckeditor"
  ["editor"] => string(14) "fckeditor.html"
  ["module"] => string(7) "default"
}


--------------------------------------------------------------------------------
2015-06-24T07:09:58+00:00 ERR (3) 404 Seite nicht gefunden
REMOTE_ADDR: 110.83.61.3
HTTP_REFERER: 
requested: array(4) {
  ["controller"] => string(3) "crm"
  ["action"] => string(7) "include"
  ["fckeditor"] => string(6) "editor"
  ["module"] => string(7) "default"
}


--------------------------------------------------------------------------------
2015-06-24T07:09:58+00:00 ERR (3) 404 Seite nicht gefunden
REMOTE_ADDR: 110.83.61.3
HTTP_REFERER: 
requested: array(5) {
  ["controller"] => string(5) "sites"
  ["action"] => string(16) "efeefe.no-ip.org"
  ["modules_bak"] => string(9) "fckeditor"
  ["fckeditor"] => string(6) "editor"
  ["module"] => string(7) "default"
}


--------------------------------------------------------------------------------
2015-06-24T07:09:59+00:00 ERR (3) 404 Seite nicht gefunden
REMOTE_ADDR: 110.83.61.3
HTTP_REFERER: 
requested: array(5) {
  ["controller"] => string(8) "kmustkjc"
  ["action"] => string(7) "plugins"
  ["editors"] => string(9) "fckeditor"
  ["editor"] => string(14) "fckeditor.html"
  ["module"] => string(7) "default"
}


--------------------------------------------------------------------------------
2015-06-24T07:10:00+00:00 ERR (3) 404 Seite nicht gefunden
REMOTE_ADDR: 110.83.61.3
HTTP_REFERER: 
requested: array(4) {
  ["controller"] => string(7) "newsite"
  ["action"] => string(9) "FCKeditor"
  ["editor"] => string(14) "fckeditor.html"
  ["module"] => string(7) "default"
}


--------------------------------------------------------------------------------
2015-06-24T07:10:01+00:00 ERR (3) 404 Seite nicht gefunden
REMOTE_ADDR: 110.83.61.3
HTTP_REFERER: 
requested: array(5) {
  ["controller"] => string(5) "sites"
  ["action"] => string(3) "all"
  ["modules"] => string(9) "fckeditor"
  ["fckeditor"] => string(6) "editor"
  ["module"] => string(7) "default"
}


--------------------------------------------------------------------------------
2015-06-24T07:10:01+00:00 ERR (3) 404 Seite nicht gefunden
REMOTE_ADDR: 110.83.61.3
HTTP_REFERER: 
requested: array(5) {
  ["controller"] => string(6) "system"
  ["action"] => string(3) "lib"
  ["ext"] => string(9) "fckeditor"
  ["editor"] => string(14) "fckeditor.html"
  ["module"] => string(7) "default"
}


--------------------------------------------------------------------------------
2015-06-24T07:10:01+00:00 ERR (3) 404 Seite nicht gefunden
REMOTE_ADDR: 110.83.61.3
HTTP_REFERER: 
requested: array(4) {
  ["controller"] => string(9) "portfolio"
  ["action"] => string(3) "aui"
  ["FCKeditor"] => string(6) "editor"
  ["module"] => string(7) "default"
}


--------------------------------------------------------------------------------
2015-06-24T07:10:02+00:00 ERR (3) 404 Seite nicht gefunden
REMOTE_ADDR: 110.83.61.3
HTTP_REFERER: 
requested: array(4) {
  ["controller"] => string(4) "site"
  ["action"] => string(3) "lib"
  ["FCKeditor"] => string(6) "editor"
  ["module"] => string(7) "default"
}


--------------------------------------------------------------------------------
2015-06-24T07:10:03+00:00 ERR (3) 404 Seite nicht gefunden
REMOTE_ADDR: 110.83.61.3
HTTP_REFERER: 
requested: array(5) {
  ["controller"] => string(8) "joshiken"
  ["action"] => string(4) "html"
  ["mambots"] => string(7) "editors"
  ["fckeditor"] => string(6) "editor"
  ["module"] => string(7) "default"
}


--------------------------------------------------------------------------------
2015-06-24T07:10:04+00:00 ERR (3) 404 Seite nicht gefunden
REMOTE_ADDR: 110.83.61.3
HTTP_REFERER: 
requested: array(5) {
  ["controller"] => string(10) "~documents"
  ["action"] => string(5) "CMGA6"
  ["registration"] => string(6) "public"
  ["fckeditor"] => string(6) "editor"
  ["module"] => string(7) "default"
}


--------------------------------------------------------------------------------
2015-06-24T07:10:04+00:00 ERR (3) 404 Seite nicht gefunden
REMOTE_ADDR: 110.83.61.3
HTTP_REFERER: 
requested: array(4) {
  ["controller"] => string(10) "javascript"
  ["action"] => string(7) "editors"
  ["fckeditor"] => string(6) "editor"
  ["module"] => string(7) "default"
}


--------------------------------------------------------------------------------
2015-06-24T07:10:05+00:00 ERR (3) 404 Seite nicht gefunden
REMOTE_ADDR: 110.83.61.3
HTTP_REFERER: 
requested: array(6) {
  ["controller"] => string(4) "html"
  ["action"] => string(6) "editor"
  ["wp-content"] => string(7) "plugins"
  ["fckeditor_for_wordpress"] => string(9) "fckeditor"
  ["editor"] => string(14) "fckeditor.html"
  ["module"] => string(7) "default"
}


--------------------------------------------------------------------------------
2015-06-24T07:10:05+00:00 ERR (3) 404 Seite nicht gefunden
REMOTE_ADDR: 110.83.61.3
HTTP_REFERER: 
requested: array(5) {
  ["controller"] => string(2) "cf"
  ["action"] => string(7) "scripts"
  ["ajax"] => string(9) "FCKeditor"
  ["editor"] => string(14) "fckeditor.html"
  ["module"] => string(7) "default"
}


--------------------------------------------------------------------------------
2015-06-24T07:10:05+00:00 ERR (3) 404 Seite nicht gefunden
REMOTE_ADDR: 110.83.61.3
HTTP_REFERER: 
requested: array(4) {
  ["controller"] => string(2) "UI"
  ["action"] => string(5) "Tools"
  ["FCKeditor"] => string(6) "editor"
  ["module"] => string(7) "default"
}


--------------------------------------------------------------------------------
2015-06-24T07:10:06+00:00 ERR (3) 404 Seite nicht gefunden
REMOTE_ADDR: 110.83.61.3
HTTP_REFERER: 
requested: array(4) {
  ["controller"] => string(12) "adm_gerencia"
  ["action"] => string(9) "fckeditor"
  ["editor"] => string(14) "fckeditor.html"
  ["module"] => string(7) "default"
}


--------------------------------------------------------------------------------
2015-06-24T07:10:06+00:00 ERR (3) 404 Seite nicht gefunden
REMOTE_ADDR: 110.83.61.3
HTTP_REFERER: 
requested: array(4) {
  ["controller"] => string(5) "stara"
  ["action"] => string(7) "include"
  ["FCKeditor"] => string(6) "editor"
  ["module"] => string(7) "default"
}


--------------------------------------------------------------------------------
2015-06-24T07:10:07+00:00 ERR (3) 404 Seite nicht gefunden
REMOTE_ADDR: 110.83.61.3
HTTP_REFERER: 
requested: array(5) {
  ["controller"] => string(3) "~pi"
  ["action"] => string(5) "opiti"
  ["pppblog"] => string(9) "FCKeditor"
  ["editor"] => string(14) "fckeditor.html"
  ["module"] => string(7) "default"
}


--------------------------------------------------------------------------------
2015-06-24T07:10:07+00:00 ERR (3) 404 Seite nicht gefunden
REMOTE_ADDR: 110.83.61.3
HTTP_REFERER: 
requested: array(5) {
  ["controller"] => string(9) "user_data"
  ["action"] => string(8) "packages"
  ["miyabunnew"] => string(9) "fckeditor"
  ["editor"] => string(14) "fckeditor.html"
  ["module"] => string(7) "default"
}


--------------------------------------------------------------------------------
2015-06-24T07:10:08+00:00 ERR (3) 404 Seite nicht gefunden
REMOTE_ADDR: 110.83.61.3
HTTP_REFERER: 
requested: array(4) {
  ["controller"] => string(6) "common"
  ["action"] => string(9) "fckeditor"
  ["editor"] => string(14) "fckeditor.html"
  ["module"] => string(7) "default"
}


--------------------------------------------------------------------------------
2015-06-24T07:10:08+00:00 ERR (3) 404 Seite nicht gefunden
REMOTE_ADDR: 110.83.61.3
HTTP_REFERER: 
requested: array(4) {
  ["controller"] => string(4) "libs"
  ["action"] => string(9) "fckeditor"
  ["editor"] => string(14) "fckeditor.html"
  ["module"] => string(7) "default"
}


--------------------------------------------------------------------------------
2015-06-24T07:10:08+00:00 ERR (3) 404 Seite nicht gefunden
REMOTE_ADDR: 110.83.61.3
HTTP_REFERER: 
requested: array(5) {
  ["controller"] => string(7) "webmail"
  ["action"] => string(7) "plugins"
  ["html_mail"] => string(9) "fckeditor"
  ["editor"] => string(14) "fckeditor.html"
  ["module"] => string(7) "default"
}


--------------------------------------------------------------------------------
2015-06-24T07:10:09+00:00 ERR (3) 404 Seite nicht gefunden
REMOTE_ADDR: 110.83.61.3
HTTP_REFERER: 
requested: array(4) {
  ["controller"] => string(6) "jeunes"
  ["action"] => string(9) "fckeditor"
  ["editor"] => string(14) "fckeditor.html"
  ["module"] => string(7) "default"
}


--------------------------------------------------------------------------------
2015-06-24T07:10:09+00:00 ERR (3) 404 Seite nicht gefunden
REMOTE_ADDR: 110.83.61.3
HTTP_REFERER: 
requested: array(4) {
  ["controller"] => string(7) "wysiwyg"
  ["action"] => string(9) "fckeditor"
  ["editor"] => string(14) "fckeditor.html"
  ["module"] => string(7) "default"
}


--------------------------------------------------------------------------------
2015-06-24T07:10:10+00:00 ERR (3) 404 Seite nicht gefunden
REMOTE_ADDR: 110.83.61.3
HTTP_REFERER: 
requested: array(6) {
  ["controller"] => string(6) "drupal"
  ["action"] => string(5) "sites"
  ["all"] => string(7) "modules"
  ["fckeditor"] => string(9) "fckeditor"
  ["editor"] => string(14) "fckeditor.html"
  ["module"] => string(7) "default"
}


--------------------------------------------------------------------------------
2015-06-24T07:10:10+00:00 ERR (3) 404 Seite nicht gefunden
REMOTE_ADDR: 110.83.61.3
HTTP_REFERER: 
requested: array(4) {
  ["controller"] => string(5) "admin"
  ["action"] => string(10) "libexterne"
  ["fckeditor"] => string(6) "editor"
  ["module"] => string(7) "default"
}


--------------------------------------------------------------------------------
2015-06-24T07:10:11+00:00 ERR (3) 404 Seite nicht gefunden
REMOTE_ADDR: 110.83.61.3
HTTP_REFERER: 
requested: array(4) {
  ["controller"] => string(3) "inc"
  ["action"] => string(9) "fckeditor"
  ["editor"] => string(14) "fckeditor.html"
  ["module"] => string(7) "default"
}


--------------------------------------------------------------------------------
2015-06-24T07:10:11+00:00 ERR (3) 404 Seite nicht gefunden
REMOTE_ADDR: 110.83.61.3
HTTP_REFERER: 
requested: array(4) {
  ["controller"] => string(3) "cms"
  ["action"] => string(9) "_includes"
  ["fckeditor"] => string(6) "editor"
  ["module"] => string(7) "default"
}


--------------------------------------------------------------------------------
2015-06-24T07:10:12+00:00 ERR (3) 404 Seite nicht gefunden
REMOTE_ADDR: 110.83.61.3
HTTP_REFERER: 
requested: array(4) {
  ["controller"] => string(5) "frame"
  ["action"] => string(3) "lib"
  ["fckeditor"] => string(6) "editor"
  ["module"] => string(7) "default"
}


--------------------------------------------------------------------------------
2015-06-24T07:10:48+00:00 ERR (3) 404 Seite nicht gefunden
REMOTE_ADDR: 110.83.61.3
HTTP_REFERER: 
requested: array(4) {
  ["controller"] => string(6) "ccmail"
  ["action"] => string(9) "fckeditor"
  ["editor"] => string(14) "fckeditor.html"
  ["module"] => string(7) "default"
}


--------------------------------------------------------------------------------
2015-06-24T07:10:48+00:00 ERR (3) 404 Seite nicht gefunden
REMOTE_ADDR: 110.83.61.3
HTTP_REFERER: 
requested: array(4) {
  ["controller"] => string(9) "web-files"
  ["action"] => string(9) "fckeditor"
  ["editor"] => string(14) "fckeditor.html"
  ["module"] => string(7) "default"
}


--------------------------------------------------------------------------------
2015-06-24T07:10:49+00:00 ERR (3) 404 Seite nicht gefunden
REMOTE_ADDR: 110.83.61.3
HTTP_REFERER: 
requested: array(4) {
  ["controller"] => string(5) "pliki"
  ["action"] => string(3) "adm"
  ["fckeditor"] => string(6) "editor"
  ["module"] => string(7) "default"
}


--------------------------------------------------------------------------------
2015-06-24T07:10:55+00:00 ERR (3) 404 Seite nicht gefunden
REMOTE_ADDR: 110.83.61.3
HTTP_REFERER: 
requested: array(4) {
  ["controller"] => string(2) "js"
  ["action"] => string(8) "3rdparty"
  ["fckeditor"] => string(6) "editor"
  ["module"] => string(7) "default"
}


--------------------------------------------------------------------------------
2015-06-24T07:10:55+00:00 ERR (3) 404 Seite nicht gefunden
REMOTE_ADDR: 110.83.61.3
HTTP_REFERER: 
requested: array(4) {
  ["controller"] => string(8) "glossary"
  ["action"] => string(9) "fckeditor"
  ["editor"] => string(14) "fckeditor.html"
  ["module"] => string(7) "default"
}


--------------------------------------------------------------------------------
2015-06-24T07:10:56+00:00 ERR (3) 404 Seite nicht gefunden
REMOTE_ADDR: 110.83.61.3
HTTP_REFERER: 
requested: array(5) {
  ["controller"] => string(6) "module"
  ["action"] => string(5) "00023"
  [59] => string(9) "FCKeditor"
  ["editor"] => string(14) "fckeditor.html"
  ["module"] => string(7) "default"
}


--------------------------------------------------------------------------------
2015-06-24T07:10:56+00:00 ERR (3) 404 Seite nicht gefunden
REMOTE_ADDR: 110.83.61.3
HTTP_REFERER: 
requested: array(4) {
  ["controller"] => string(11) "codemis_cms"
  ["action"] => string(2) "js"
  ["fckeditor"] => string(6) "editor"
  ["module"] => string(7) "default"
}


--------------------------------------------------------------------------------
2015-06-24T07:10:57+00:00 ERR (3) 404 Seite nicht gefunden
REMOTE_ADDR: 110.83.61.3
HTTP_REFERER: 
requested: array(5) {
  ["controller"] => string(4) "shop"
  ["action"] => string(6) "assets"
  ["js"] => string(9) "fckeditor"
  ["editor"] => string(14) "fckeditor.html"
  ["module"] => string(7) "default"
}


--------------------------------------------------------------------------------
2015-06-24T07:10:57+00:00 ERR (3) 404 Seite nicht gefunden
REMOTE_ADDR: 110.83.61.3
HTTP_REFERER: 
requested: array(5) {
  ["controller"] => string(13) "customcontent"
  ["action"] => string(17) "USDA_ECM_OVERVIEW"
  ["cvx06_sco01"] => string(9) "FCKeditor"
  ["editor"] => string(14) "fckeditor.html"
  ["module"] => string(7) "default"
}


--------------------------------------------------------------------------------
2015-06-24T07:10:58+00:00 ERR (3) 404 Seite nicht gefunden
REMOTE_ADDR: 110.83.61.3
HTTP_REFERER: 
requested: array(4) {
  ["controller"] => string(7) "plugins"
  ["action"] => string(16) "fckeditor-spip-2"
  ["fckeditor"] => string(6) "editor"
  ["module"] => string(7) "default"
}


--------------------------------------------------------------------------------
2015-06-24T07:10:58+00:00 ERR (3) 404 Seite nicht gefunden
REMOTE_ADDR: 110.83.61.3
HTTP_REFERER: 
requested: array(5) {
  ["controller"] => string(5) "sites"
  ["action"] => string(3) "all"
  ["libraries"] => string(9) "fckeditor"
  ["editor"] => string(14) "fckeditor.html"
  ["module"] => string(7) "default"
}


--------------------------------------------------------------------------------
2015-06-24T07:10:59+00:00 ERR (3) 404 Seite nicht gefunden
REMOTE_ADDR: 110.83.61.3
HTTP_REFERER: 
requested: array(4) {
  ["controller"] => string(6) "system"
  ["action"] => string(3) "ext"
  ["fckeditor"] => string(6) "editor"
  ["module"] => string(7) "default"
}


--------------------------------------------------------------------------------
2015-06-24T07:11:00+00:00 ERR (3) 404 Seite nicht gefunden
REMOTE_ADDR: 110.83.61.3
HTTP_REFERER: 
requested: array(6) {
  ["controller"] => string(8) "portlets"
  ["action"] => string(8) "sisRapid"
  ["dream"] => string(4) "libs"
  ["V2.56"] => string(3) "vcl"
  ["FCKeditor"] => string(6) "editor"
  ["module"] => string(7) "default"
}


--------------------------------------------------------------------------------
2015-06-24T07:11:23+00:00 ERR (3) 404 Seite nicht gefunden
REMOTE_ADDR: 110.83.61.3
HTTP_REFERER: 
requested: array(4) {
  ["controller"] => string(9) "utilities"
  ["action"] => string(8) "external"
  ["fckeditor"] => string(6) "editor"
  ["module"] => string(7) "default"
}


--------------------------------------------------------------------------------
2015-06-24T07:11:25+00:00 ERR (3) 404 Seite nicht gefunden
REMOTE_ADDR: 110.83.61.3
HTTP_REFERER: 
requested: array(6) {
  ["controller"] => string(16) "distancelearning"
  ["action"] => string(5) "sites"
  ["all"] => string(7) "modules"
  ["fckeditor"] => string(9) "fckeditor"
  ["editor"] => string(13) "fckeditor.htm"
  ["module"] => string(7) "default"
}


--------------------------------------------------------------------------------
2015-06-24T07:11:25+00:00 ERR (3) 404 Seite nicht gefunden
REMOTE_ADDR: 110.83.61.3
HTTP_REFERER: 
requested: array(5) {
  ["controller"] => string(3) "cms"
  ["action"] => string(3) "app"
  ["webroot"] => string(2) "js"
  ["fckeditor"] => string(6) "editor"
  ["module"] => string(7) "default"
}


--------------------------------------------------------------------------------
2015-06-24T07:11:26+00:00 ERR (3) 404 Seite nicht gefunden
REMOTE_ADDR: 110.83.61.3
HTTP_REFERER: 
requested: array(4) {
  ["controller"] => string(6) "script"
  ["action"] => string(9) "fckeditor"
  ["editor"] => string(14) "fckeditor.html"
  ["module"] => string(7) "default"
}


--------------------------------------------------------------------------------
2015-06-24T07:11:27+00:00 ERR (3) 404 Seite nicht gefunden
REMOTE_ADDR: 110.83.61.3
HTTP_REFERER: 
requested: array(4) {
  ["controller"] => string(14) "componentes3.7"
  ["action"] => string(9) "fckeditor"
  ["editor"] => string(14) "fckeditor.html"
  ["module"] => string(7) "default"
}


--------------------------------------------------------------------------------
2015-06-24T07:11:27+00:00 ERR (3) 404 Seite nicht gefunden
REMOTE_ADDR: 110.83.61.3
HTTP_REFERER: 
requested: array(4) {
  ["controller"] => string(6) "common"
  ["action"] => string(11) "third_party"
  ["FCKeditor"] => string(6) "editor"
  ["module"] => string(7) "default"
}


--------------------------------------------------------------------------------
2015-06-24T07:11:28+00:00 ERR (3) 404 Seite nicht gefunden
REMOTE_ADDR: 110.83.61.3
HTTP_REFERER: 
requested: array(5) {
  ["controller"] => string(10) "wp-content"
  ["action"] => string(7) "plugins"
  ["fckeditor_for_wordpress"] => string(9) "fckeditor"
  ["editor"] => string(14) "fckeditor.html"
  ["module"] => string(7) "default"
}


--------------------------------------------------------------------------------
2015-06-24T07:11:28+00:00 ERR (3) 404 Seite nicht gefunden
REMOTE_ADDR: 110.83.61.3
HTTP_REFERER: 
requested: array(4) {
  ["controller"] => string(8) "~cwcheng"
  ["action"] => string(5) "C_Lan"
  ["fckeditor"] => string(6) "editor"
  ["module"] => string(7) "default"
}


--------------------------------------------------------------------------------
2015-06-24T07:11:29+00:00 ERR (3) 404 Seite nicht gefunden
REMOTE_ADDR: 110.83.61.3
HTTP_REFERER: 
requested: array(5) {
  ["controller"] => string(9) "Providers"
  ["action"] => string(19) "HtmlEditorProviders"
  ["Fck"] => string(9) "fckeditor"
  ["editor"] => string(14) "fckeditor.html"
  ["module"] => string(7) "default"
}


--------------------------------------------------------------------------------
2015-06-24T07:11:31+00:00 ERR (3) 404 Seite nicht gefunden
REMOTE_ADDR: 110.83.61.3
HTTP_REFERER: 
requested: array(4) {
  ["controller"] => string(9) "affiliate"
  ["action"] => string(11) "affiliate53"
  ["fckeditor"] => string(6) "editor"
  ["module"] => string(7) "default"
}


--------------------------------------------------------------------------------
2015-06-24T07:11:31+00:00 ERR (3) 404 Seite nicht gefunden
REMOTE_ADDR: 110.83.61.3
HTTP_REFERER: 
requested: array(4) {
  ["controller"] => string(3) "bip"
  ["action"] => string(2) "KW"
  ["fckeditor"] => string(6) "editor"
  ["module"] => string(7) "default"
}


--------------------------------------------------------------------------------
2015-06-24T07:11:31+00:00 ERR (3) 404 Seite nicht gefunden
REMOTE_ADDR: 110.83.61.3
HTTP_REFERER: 
requested: array(4) {
  ["controller"] => string(5) "files"
  ["action"] => string(6) "static"
  ["fckeditor"] => string(6) "editor"
  ["module"] => string(7) "default"
}


--------------------------------------------------------------------------------
2015-06-24T07:11:32+00:00 ERR (3) 404 Seite nicht gefunden
REMOTE_ADDR: 110.83.61.3
HTTP_REFERER: 
requested: array(5) {
  ["controller"] => string(3) "app"
  ["action"] => string(9) "resources"
  ["javascript"] => string(9) "FCKeditor"
  ["2.3.1"] => string(6) "editor"
  ["module"] => string(7) "default"
}


--------------------------------------------------------------------------------
2015-06-24T07:11:32+00:00 ERR (3) 404 Seite nicht gefunden
REMOTE_ADDR: 110.83.61.3
HTTP_REFERER: 
requested: array(5) {
  ["controller"] => string(5) "forms"
  ["action"] => string(5) "admin"
  ["scripts"] => string(14) "fckeditor.2641"
  ["editor"] => string(14) "fckeditor.html"
  ["module"] => string(7) "default"
}


--------------------------------------------------------------------------------
2015-06-24T07:11:32+00:00 ERR (3) 404 Seite nicht gefunden
REMOTE_ADDR: 110.83.61.3
HTTP_REFERER: 
requested: array(4) {
  ["controller"] => string(8) "template"
  ["action"] => string(6) "js_lib"
  ["fckeditor"] => string(6) "editor"
  ["module"] => string(7) "default"
}


--------------------------------------------------------------------------------
2015-06-24T07:11:33+00:00 ERR (3) 404 Seite nicht gefunden
REMOTE_ADDR: 110.83.61.3
HTTP_REFERER: 
requested: array(4) {
  ["controller"] => string(8) "intranet"
  ["action"] => string(9) "fckeditor"
  ["editor"] => string(14) "fckeditor.html"
  ["module"] => string(7) "default"
}


--------------------------------------------------------------------------------
2015-06-24T07:11:33+00:00 ERR (3) 404 Seite nicht gefunden
REMOTE_ADDR: 110.83.61.3
HTTP_REFERER: 
requested: array(4) {
  ["controller"] => string(14) "bscw_resources"
  ["action"] => string(10) "javascript"
  ["FCKeditor"] => string(6) "editor"
  ["module"] => string(7) "default"
}


--------------------------------------------------------------------------------
2015-06-24T07:11:33+00:00 ERR (3) 404 Seite nicht gefunden
REMOTE_ADDR: 110.83.61.3
HTTP_REFERER: 
requested: array(4) {
  ["controller"] => string(5) "addon"
  ["action"] => string(9) "FCKeditor"
  ["editor"] => string(14) "fckeditor.html"
  ["module"] => string(7) "default"
}


--------------------------------------------------------------------------------
2015-06-24T07:11:34+00:00 ERR (3) 404 Seite nicht gefunden
REMOTE_ADDR: 110.83.61.3
HTTP_REFERER: 
requested: array(5) {
  ["controller"] => string(8) "dadamail"
  ["action"] => string(4) "dada"
  ["extras"] => string(8) "packages"
  ["fckeditor"] => string(6) "editor"
  ["module"] => string(7) "default"
}


--------------------------------------------------------------------------------
2015-06-24T07:11:34+00:00 ERR (3) 404 Seite nicht gefunden
REMOTE_ADDR: 110.83.61.3
HTTP_REFERER: 
requested: array(5) {
  ["controller"] => string(8) "includes"
  ["action"] => string(12) "phpEasyAdmin"
  ["form"] => string(8) "textarea"
  ["editor"] => string(14) "fckeditor.html"
  ["module"] => string(7) "default"
}


--------------------------------------------------------------------------------
2015-06-24T07:11:34+00:00 ERR (3) 404 Seite nicht gefunden
REMOTE_ADDR: 110.83.61.3
HTTP_REFERER: 
requested: array(5) {
  ["controller"] => string(13) "webyep-system"
  ["action"] => string(7) "program"
  ["opt"] => string(9) "fckeditor"
  ["editor"] => string(14) "fckeditor.html"
  ["module"] => string(7) "default"
}


--------------------------------------------------------------------------------
2015-06-24T13:22:22+00:00 ERR (3) 404 "hire-lasse" was not found.
REMOTE_ADDR: 66.249.79.207
HTTP_REFERER: 
requested: array(5) {
  ["lang"] => string(2) "de"
  ["action"] => string(4) "page"
  ["key"] => string(10) "hire-lasse"
  ["module"] => string(7) "default"
  ["controller"] => string(5) "index"
}


--------------------------------------------------------------------------------
