2011-05-30T02:29:15+00:00 ERR (3) 404 Seite nicht gefunden
REMOTE_ADDR: 95.17.50.107
HTTP_REFERER: 
requested: array(3) {
  ["controller"] => string(10) "javascript"
  ["action"] => string(1) "'"
  ["module"] => string(7) "default"
}


--------------------------------------------------------------------------------
2011-05-30T09:48:16+00:00 ERR (3) 404 Seite nicht gefunden
REMOTE_ADDR: 2.33.2.51
HTTP_REFERER: 
requested: array(3) {
  ["controller"] => string(10) "javascript"
  ["action"] => string(1) "'"
  ["module"] => string(7) "default"
}


--------------------------------------------------------------------------------
2011-05-30T14:30:14+00:00 ERR (3) 404 Seite nicht gefunden
REMOTE_ADDR: 95.23.45.40
HTTP_REFERER: 
requested: array(3) {
  ["controller"] => string(10) "javascript"
  ["action"] => string(1) "'"
  ["module"] => string(7) "default"
}


--------------------------------------------------------------------------------
2011-05-30T15:08:46+00:00 ERR (3) 404 "topic" was not found.
REMOTE_ADDR: 79.179.211.59
HTTP_REFERER: http://graphicore.de/en/index/topic/intern/projekte/
requested: array(6) {
  ["lang"] => string(2) "en"
  ["action"] => string(5) "index"
  ["key"] => string(5) "topic"
  ["intern"] => string(8) "projekte"
  ["module"] => string(7) "default"
  ["controller"] => string(5) "index"
}


--------------------------------------------------------------------------------
2011-05-30T16:29:48+00:00 ERR (3) 404 "" was not found.
REMOTE_ADDR: 77.20.40.20
HTTP_REFERER: 
requested: array(5) {
  ["lang"] => string(2) "en"
  ["action"] => string(7) "archive"
  ["module"] => string(7) "default"
  ["controller"] => string(5) "index"
  ["key"] => string(0) ""
}


--------------------------------------------------------------------------------
2011-05-30T18:45:39+00:00 ERR (3) 404 Seite nicht gefunden
REMOTE_ADDR: 79.114.56.159
HTTP_REFERER: http://graphicore.de/forum/index.php
requested: array(3) {
  ["controller"] => string(5) "forum"
  ["action"] => string(9) "index.php"
  ["module"] => string(7) "default"
}


--------------------------------------------------------------------------------
