2018-10-24T04:18:16+00:00 ERR (3) 404 Seite nicht gefunden
REMOTE_ADDR: 213.32.243.105
HTTP_REFERER: 
requested: array(3) {
  ["controller"] => string(7) "umbraco"
  ["action"] => string(5) "index"
  ["module"] => string(7) "default"
}


--------------------------------------------------------------------------------
2018-10-24T04:18:16+00:00 ERR (3) 404 Seite nicht gefunden
REMOTE_ADDR: 213.32.243.105
HTTP_REFERER: 
requested: array(3) {
  ["controller"] => string(7) "umbraco"
  ["action"] => string(5) "index"
  ["module"] => string(7) "default"
}


--------------------------------------------------------------------------------
2018-10-24T04:18:16+00:00 ERR (3) 404 Seite nicht gefunden
REMOTE_ADDR: 213.32.243.105
HTTP_REFERER: 
requested: array(3) {
  ["controller"] => string(8) "sitecore"
  ["action"] => string(5) "index"
  ["module"] => string(7) "default"
}


--------------------------------------------------------------------------------
2018-10-24T04:18:16+00:00 ERR (3) 404 Seite nicht gefunden
REMOTE_ADDR: 213.32.243.105
HTTP_REFERER: 
requested: array(3) {
  ["controller"] => string(8) "sitecore"
  ["action"] => string(5) "index"
  ["module"] => string(7) "default"
}


--------------------------------------------------------------------------------
2018-10-24T08:26:36+00:00 ERR (3) 404 "hire-lasse" was not found.
REMOTE_ADDR: 220.243.136.51
HTTP_REFERER: 
requested: array(5) {
  ["lang"] => string(2) "de"
  ["action"] => string(4) "page"
  ["key"] => string(10) "hire-lasse"
  ["module"] => string(7) "default"
  ["controller"] => string(5) "index"
}


--------------------------------------------------------------------------------
2018-10-24T08:39:00+00:00 ERR (3) 404 "competences" was not found.
REMOTE_ADDR: 185.26.92.74
HTTP_REFERER: 
requested: array(5) {
  ["lang"] => string(2) "de"
  ["action"] => string(4) "page"
  ["key"] => string(11) "competences"
  ["module"] => string(7) "default"
  ["controller"] => string(5) "index"
}


--------------------------------------------------------------------------------
2018-10-24T08:44:06+00:00 ERR (3) 404 "competences" was not found.
REMOTE_ADDR: 185.26.92.74
HTTP_REFERER: 
requested: array(5) {
  ["lang"] => string(2) "en"
  ["action"] => string(4) "page"
  ["key"] => string(11) "competences"
  ["module"] => string(7) "default"
  ["controller"] => string(5) "index"
}


--------------------------------------------------------------------------------
2018-10-24T08:48:10+00:00 ERR (3) 404 "hire-lasse" was not found.
REMOTE_ADDR: 185.26.92.74
HTTP_REFERER: 
requested: array(5) {
  ["lang"] => string(2) "en"
  ["action"] => string(4) "page"
  ["key"] => string(10) "hire-lasse"
  ["module"] => string(7) "default"
  ["controller"] => string(5) "index"
}


--------------------------------------------------------------------------------
2018-10-24T08:48:20+00:00 ERR (3) 404 "hire-lasse" was not found.
REMOTE_ADDR: 185.26.92.74
HTTP_REFERER: 
requested: array(5) {
  ["lang"] => string(2) "de"
  ["action"] => string(4) "page"
  ["key"] => string(10) "hire-lasse"
  ["module"] => string(7) "default"
  ["controller"] => string(5) "index"
}


--------------------------------------------------------------------------------
2018-10-24T11:19:22+00:00 ERR (3) 404 "hire-lasse" was not found.
REMOTE_ADDR: 144.76.168.111
HTTP_REFERER: 
requested: array(5) {
  ["lang"] => string(2) "de"
  ["action"] => string(4) "page"
  ["key"] => string(10) "hire-lasse"
  ["module"] => string(7) "default"
  ["controller"] => string(5) "index"
}


--------------------------------------------------------------------------------
2018-10-24T12:50:56+00:00 ERR (3) 404 Seite nicht gefunden
REMOTE_ADDR: 85.229.163.186
HTTP_REFERER: 
requested: array(3) {
  ["controller"] => string(12) "wp-login.php"
  ["action"] => string(5) "index"
  ["module"] => string(7) "default"
}


--------------------------------------------------------------------------------
2018-10-24T12:51:00+00:00 ERR (3) 404 Seite nicht gefunden
REMOTE_ADDR: 85.229.163.186
HTTP_REFERER: 
requested: array(3) {
  ["controller"] => string(4) "user"
  ["action"] => string(8) "register"
  ["module"] => string(7) "default"
}


--------------------------------------------------------------------------------
2018-10-24T15:00:17+00:00 ERR (3) 404 Seite nicht gefunden
REMOTE_ADDR: 39.104.156.69
HTTP_REFERER: 
requested: array(3) {
  ["controller"] => string(10) "xmlrpz.php"
  ["action"] => string(5) "index"
  ["module"] => string(7) "default"
}


--------------------------------------------------------------------------------
2018-10-24T15:25:39+00:00 ERR (3) 404 Seite nicht gefunden
REMOTE_ADDR: 139.162.227.68
HTTP_REFERER: 
requested: array(3) {
  ["controller"] => string(4) "sarg"
  ["action"] => string(5) "index"
  ["module"] => string(7) "default"
}


--------------------------------------------------------------------------------
2018-10-24T16:49:41+00:00 ERR (3) 404 Seite nicht gefunden
REMOTE_ADDR: 39.104.141.24
HTTP_REFERER: 
requested: array(3) {
  ["controller"] => string(10) "xmlrpz.php"
  ["action"] => string(5) "index"
  ["module"] => string(7) "default"
}


--------------------------------------------------------------------------------
2018-10-24T17:26:42+00:00 ERR (3) 404 Seite nicht gefunden
REMOTE_ADDR: 39.104.157.43
HTTP_REFERER: 
requested: array(3) {
  ["controller"] => string(10) "xmlrpz.php"
  ["action"] => string(5) "index"
  ["module"] => string(7) "default"
}


--------------------------------------------------------------------------------
