2010-12-21T02:32:15+00:00 ERR (3) 404 Seite nicht gefunden
REMOTE_ADDR: 83.169.26.5
HTTP_REFERER: 
requested: array(3) {
  ["controller"] => string(1) "#"
  ["action"] => string(5) "index"
  ["module"] => string(7) "default"
}


--------------------------------------------------------------------------------
2010-12-21T02:32:39+00:00 ERR (3) 404 Seite nicht gefunden
REMOTE_ADDR: 83.169.26.5
HTTP_REFERER: 
requested: array(3) {
  ["controller"] => string(11) ">Impressum<"
  ["action"] => string(3) "a>,"
  ["module"] => string(7) "default"
}


--------------------------------------------------------------------------------
2010-12-21T02:32:43+00:00 ERR (3) 404 Seite nicht gefunden
REMOTE_ADDR: 83.169.26.5
HTTP_REFERER: 
requested: array(3) {
  ["controller"] => string(11) "default.php"
  ["action"] => string(5) "index"
  ["module"] => string(7) "default"
}


--------------------------------------------------------------------------------
2010-12-21T02:32:43+00:00 ERR (3) 404 Seite nicht gefunden
REMOTE_ADDR: 83.169.26.5
HTTP_REFERER: 
requested: array(3) {
  ["controller"] => string(10) "index.html"
  ["action"] => string(5) "index"
  ["module"] => string(7) "default"
}


--------------------------------------------------------------------------------
2010-12-21T02:32:43+00:00 ERR (3) 404 Seite nicht gefunden
REMOTE_ADDR: 83.169.26.5
HTTP_REFERER: 
requested: array(3) {
  ["controller"] => string(9) "index.htm"
  ["action"] => string(5) "index"
  ["module"] => string(7) "default"
}


--------------------------------------------------------------------------------
2010-12-21T02:32:43+00:00 ERR (3) 404 Seite nicht gefunden
REMOTE_ADDR: 83.169.26.5
HTTP_REFERER: 
requested: array(3) {
  ["controller"] => string(11) "default.htm"
  ["action"] => string(5) "index"
  ["module"] => string(7) "default"
}


--------------------------------------------------------------------------------
2010-12-21T02:32:44+00:00 ERR (3) 404 Seite nicht gefunden
REMOTE_ADDR: 83.169.26.5
HTTP_REFERER: 
requested: array(3) {
  ["controller"] => string(12) "default.html"
  ["action"] => string(5) "index"
  ["module"] => string(7) "default"
}


--------------------------------------------------------------------------------
2010-12-21T02:32:44+00:00 ERR (3) 404 Seite nicht gefunden
REMOTE_ADDR: 83.169.26.5
HTTP_REFERER: 
requested: array(3) {
  ["controller"] => string(9) "index.jsp"
  ["action"] => string(5) "index"
  ["module"] => string(7) "default"
}


--------------------------------------------------------------------------------
2010-12-21T02:32:44+00:00 ERR (3) 404 Seite nicht gefunden
REMOTE_ADDR: 83.169.26.5
HTTP_REFERER: 
requested: array(3) {
  ["controller"] => string(11) "default.jsp"
  ["action"] => string(5) "index"
  ["module"] => string(7) "default"
}


--------------------------------------------------------------------------------
2010-12-21T02:32:45+00:00 ERR (3) 404 Seite nicht gefunden
REMOTE_ADDR: 83.169.26.5
HTTP_REFERER: 
requested: array(3) {
  ["controller"] => string(33) "rankflex_content_duplication_test"
  ["action"] => string(5) "index"
  ["module"] => string(7) "default"
}


--------------------------------------------------------------------------------
2010-12-21T02:32:46+00:00 ERR (3) 404 Seite nicht gefunden
REMOTE_ADDR: 83.169.26.5
HTTP_REFERER: 
requested: array(3) {
  ["controller"] => string(3) "w3c"
  ["action"] => string(7) "p3p.xml"
  ["module"] => string(7) "default"
}


--------------------------------------------------------------------------------
2010-12-21T09:20:16+00:00 ERR (3) 404 "" was not found.
REMOTE_ADDR: 123.125.68.93
HTTP_REFERER: 
requested: array(5) {
  ["lang"] => string(2) "en"
  ["action"] => string(7) "archive"
  ["module"] => string(7) "default"
  ["controller"] => string(5) "index"
  ["key"] => string(0) ""
}


--------------------------------------------------------------------------------
2010-12-21T19:40:59+00:00 ERR (3) 404 Seite nicht gefunden
REMOTE_ADDR: 62.89.187.209
HTTP_REFERER: 
requested: array(3) {
  ["controller"] => string(11) "sitemap.xml"
  ["action"] => string(5) "index"
  ["module"] => string(7) "default"
}


--------------------------------------------------------------------------------
2010-12-21T20:14:12+00:00 ERR (3) 404 "topic" was not found.
REMOTE_ADDR: 67.195.111.29
HTTP_REFERER: 
requested: array(6) {
  ["lang"] => string(2) "de"
  ["action"] => string(5) "index"
  ["key"] => string(5) "topic"
  ["intern"] => string(4) "news"
  ["module"] => string(7) "default"
  ["controller"] => string(5) "index"
}


--------------------------------------------------------------------------------
