2017-04-22T01:29:37+00:00 ERR (3) 404 Page not found
REMOTE_ADDR: 209.33.36.155
HTTP_REFERER: http://bnqt.com/2017/03/08/kolohe-andino-heats-up-mexico-with-his-raw-freesurfing/
requested: array(3) {
  ["controller"] => string(33) "jh47Lx2nj7vN5EsRPiKBjQoxpLecr1.js"
  ["action"] => string(5) "index"
  ["module"] => string(7) "default"
}


--------------------------------------------------------------------------------
2017-04-22T05:02:14+00:00 ERR (3) 404 Page not found
REMOTE_ADDR: 45.37.1.122
HTTP_REFERER: http://www.bettycrocker.com/recipes/courses/breakfast-and-brunch-recipes
requested: array(3) {
  ["controller"] => string(24) "BwJBQxbQMxLiqHdiXy7Br.js"
  ["action"] => string(5) "index"
  ["module"] => string(7) "default"
}


--------------------------------------------------------------------------------
2017-04-22T05:39:07+00:00 ERR (3) 404 Page not found
REMOTE_ADDR: 162.207.157.156
HTTP_REFERER: http://www.rvtrader.com/research/resources/rv-prices-and-values
requested: array(3) {
  ["controller"] => string(18) "g4vLwKy0XkNYYUZ.js"
  ["action"] => string(5) "index"
  ["module"] => string(7) "default"
}


--------------------------------------------------------------------------------
2017-04-22T06:40:15+00:00 ERR (3) 404 "hire-lasse" was not found.
REMOTE_ADDR: 66.249.76.134
HTTP_REFERER: 
requested: array(5) {
  ["lang"] => string(2) "de"
  ["action"] => string(4) "page"
  ["key"] => string(10) "hire-lasse"
  ["module"] => string(7) "default"
  ["controller"] => string(5) "index"
}


--------------------------------------------------------------------------------
2017-04-22T07:04:56+00:00 ERR (3) 404 "hire-lasse" was not found.
REMOTE_ADDR: 157.55.39.39
HTTP_REFERER: 
requested: array(5) {
  ["lang"] => string(2) "de"
  ["action"] => string(4) "page"
  ["key"] => string(10) "hire-lasse"
  ["module"] => string(7) "default"
  ["controller"] => string(5) "index"
}


--------------------------------------------------------------------------------
2017-04-22T08:15:28+00:00 ERR (3) 404 Seite nicht gefunden
REMOTE_ADDR: 119.29.254.123
HTTP_REFERER: 
requested: array(3) {
  ["controller"] => string(11) "esvuinstall"
  ["action"] => string(13) "index.php.bak"
  ["module"] => string(7) "default"
}


--------------------------------------------------------------------------------
2017-04-22T08:15:30+00:00 ERR (3) 404 Seite nicht gefunden
REMOTE_ADDR: 119.29.254.123
HTTP_REFERER: 
requested: array(3) {
  ["controller"] => string(7) "install"
  ["action"] => string(13) "index.php.bak"
  ["module"] => string(7) "default"
}


--------------------------------------------------------------------------------
2017-04-22T08:15:31+00:00 ERR (3) 404 Seite nicht gefunden
REMOTE_ADDR: 119.29.254.123
HTTP_REFERER: 
requested: array(3) {
  ["controller"] => string(7) "install"
  ["action"] => string(13) "index.php.bak"
  ["module"] => string(7) "default"
}


--------------------------------------------------------------------------------
2017-04-22T08:15:43+00:00 ERR (3) 404 Seite nicht gefunden
REMOTE_ADDR: 119.29.254.123
HTTP_REFERER: 
requested: array(3) {
  ["controller"] => string(8) "fussplus"
  ["action"] => string(9) "flink.php"
  ["module"] => string(7) "default"
}


--------------------------------------------------------------------------------
2017-04-22T08:16:14+00:00 ERR (3) 404 Seite nicht gefunden
REMOTE_ADDR: 119.29.254.123
HTTP_REFERER: 
requested: array(3) {
  ["controller"] => string(4) "plus"
  ["action"] => string(9) "flink.php"
  ["module"] => string(7) "default"
}


--------------------------------------------------------------------------------
2017-04-22T10:12:07+00:00 ERR (3) 404 The filter "de" was not found.
REMOTE_ADDR: 216.244.66.248
HTTP_REFERER: 
requested: array(5) {
  ["lang"] => string(2) "en"
  ["action"] => string(5) "diary"
  ["key"] => string(2) "de"
  ["module"] => string(7) "default"
  ["controller"] => string(5) "index"
}


--------------------------------------------------------------------------------
2017-04-22T16:12:38+00:00 ERR (3) 404 "hire-lasse" was not found.
REMOTE_ADDR: 62.138.0.25
HTTP_REFERER: 
requested: array(5) {
  ["lang"] => string(2) "en"
  ["action"] => string(4) "page"
  ["key"] => string(10) "hire-lasse"
  ["module"] => string(7) "default"
  ["controller"] => string(5) "index"
}


--------------------------------------------------------------------------------
2017-04-22T18:41:28+00:00 ERR (3) 404 Seite nicht gefunden
REMOTE_ADDR: 66.249.76.134
HTTP_REFERER: 
requested: array(4) {
  ["controller"] => string(5) "diary"
  ["action"] => string(29) "tag:graphicore.de,2013-06-12:"
  ["diary"] => string(27) "2013061209052451b839d4ca32b"
  ["module"] => string(7) "default"
}


--------------------------------------------------------------------------------
2017-04-22T18:47:29+00:00 ERR (3) 404 Seite nicht gefunden
REMOTE_ADDR: 66.249.66.126
HTTP_REFERER: 
requested: array(4) {
  ["controller"] => string(5) "diary"
  ["action"] => string(29) "tag:graphicore.de,2013-06-07:"
  ["diary"] => string(27) "2013060714011251b1e7a8c1407"
  ["module"] => string(7) "default"
}


--------------------------------------------------------------------------------
2017-04-22T18:54:17+00:00 ERR (3) 404 Seite nicht gefunden
REMOTE_ADDR: 66.249.66.126
HTTP_REFERER: 
requested: array(4) {
  ["controller"] => string(5) "diary"
  ["action"] => string(29) "tag:graphicore.de,2010-09-27:"
  ["diary"] => string(27) "201009272109094ca107f52b79c"
  ["module"] => string(7) "default"
}


--------------------------------------------------------------------------------
2017-04-22T19:00:37+00:00 ERR (3) 404 Seite nicht gefunden
REMOTE_ADDR: 66.249.66.126
HTTP_REFERER: 
requested: array(4) {
  ["controller"] => string(5) "diary"
  ["action"] => string(29) "tag:graphicore.de,2010-09-23:"
  ["diary"] => string(27) "201009231107214c9b34e9d0274"
  ["module"] => string(7) "default"
}


--------------------------------------------------------------------------------
2017-04-22T19:06:43+00:00 ERR (3) 404 Seite nicht gefunden
REMOTE_ADDR: 66.249.76.134
HTTP_REFERER: 
requested: array(4) {
  ["controller"] => string(5) "diary"
  ["action"] => string(29) "tag:graphicore.de,2015-07-28:"
  ["diary"] => string(27) "2015072812483855b77a264cda6"
  ["module"] => string(7) "default"
}


--------------------------------------------------------------------------------
2017-04-22T19:12:40+00:00 ERR (3) 404 Seite nicht gefunden
REMOTE_ADDR: 66.249.66.64
HTTP_REFERER: 
requested: array(4) {
  ["controller"] => string(5) "diary"
  ["action"] => string(29) "tag:graphicore.de,2013-11-13:"
  ["diary"] => string(27) "201311131703405283b0ecf2532"
  ["module"] => string(7) "default"
}


--------------------------------------------------------------------------------
2017-04-22T19:19:20+00:00 ERR (3) 404 Seite nicht gefunden
REMOTE_ADDR: 66.249.76.134
HTTP_REFERER: 
requested: array(4) {
  ["controller"] => string(5) "diary"
  ["action"] => string(29) "tag:graphicore.de,2014-02-27:"
  ["diary"] => string(27) "20140227115040530f26907c1a8"
  ["module"] => string(7) "default"
}


--------------------------------------------------------------------------------
2017-04-22T19:25:30+00:00 ERR (3) 404 Seite nicht gefunden
REMOTE_ADDR: 66.249.66.126
HTTP_REFERER: 
requested: array(4) {
  ["controller"] => string(5) "diary"
  ["action"] => string(29) "tag:graphicore.de,2010-08-31:"
  ["diary"] => string(27) "201008310024084c7c4ba816ac5"
  ["module"] => string(7) "default"
}


--------------------------------------------------------------------------------
2017-04-22T19:31:04+00:00 ERR (3) 404 Seite nicht gefunden
REMOTE_ADDR: 66.249.76.131
HTTP_REFERER: 
requested: array(4) {
  ["controller"] => string(5) "diary"
  ["action"] => string(29) "tag:graphicore.de,2013-01-31:"
  ["diary"] => string(27) "20130131135955510a78db3e0d6"
  ["module"] => string(7) "default"
}


--------------------------------------------------------------------------------
2017-04-22T19:36:57+00:00 ERR (3) 404 Seite nicht gefunden
REMOTE_ADDR: 66.249.76.131
HTTP_REFERER: 
requested: array(4) {
  ["controller"] => string(5) "diary"
  ["action"] => string(29) "tag:graphicore.de,2010-10-01:"
  ["diary"] => string(27) "201010011553324ca603fcc53f3"
  ["module"] => string(7) "default"
}


--------------------------------------------------------------------------------
2017-04-22T19:42:14+00:00 ERR (3) 404 Seite nicht gefunden
REMOTE_ADDR: 66.249.66.124
HTTP_REFERER: 
requested: array(4) {
  ["controller"] => string(5) "diary"
  ["action"] => string(29) "tag:graphicore.de,2012-09-02:"
  ["diary"] => string(27) "201209021920375043b185ef245"
  ["module"] => string(7) "default"
}


--------------------------------------------------------------------------------
2017-04-22T19:48:01+00:00 ERR (3) 404 Seite nicht gefunden
REMOTE_ADDR: 66.249.76.136
HTTP_REFERER: 
requested: array(4) {
  ["controller"] => string(5) "diary"
  ["action"] => string(29) "tag:graphicore.de,2010-07-09:"
  ["diary"] => string(27) "201007091937074c377a6340b8b"
  ["module"] => string(7) "default"
}


--------------------------------------------------------------------------------
2017-04-22T20:38:31+00:00 ERR (3) 404 Seite nicht gefunden
REMOTE_ADDR: 66.249.76.131
HTTP_REFERER: 
requested: array(4) {
  ["controller"] => string(5) "diary"
  ["action"] => string(29) "tag:graphicore.de,2010-10-06:"
  ["diary"] => string(27) "201010061331004cac7a14de999"
  ["module"] => string(7) "default"
}


--------------------------------------------------------------------------------
2017-04-22T20:44:18+00:00 ERR (3) 404 Seite nicht gefunden
REMOTE_ADDR: 66.249.66.124
HTTP_REFERER: 
requested: array(4) {
  ["controller"] => string(5) "diary"
  ["action"] => string(29) "tag:graphicore.de,2013-11-12:"
  ["diary"] => string(27) "2013111217533652826b2018ca8"
  ["module"] => string(7) "default"
}


--------------------------------------------------------------------------------
2017-04-22T20:50:03+00:00 ERR (3) 404 Seite nicht gefunden
REMOTE_ADDR: 66.249.66.124
HTTP_REFERER: 
requested: array(4) {
  ["controller"] => string(5) "diary"
  ["action"] => string(29) "tag:graphicore.de,2010-10-12:"
  ["diary"] => string(27) "201010121448344cb475424313c"
  ["module"] => string(7) "default"
}


--------------------------------------------------------------------------------
2017-04-22T20:55:45+00:00 ERR (3) 404 Seite nicht gefunden
REMOTE_ADDR: 66.249.76.131
HTTP_REFERER: 
requested: array(4) {
  ["controller"] => string(5) "diary"
  ["action"] => string(29) "tag:graphicore.de,2012-01-17:"
  ["diary"] => string(27) "201201171404524f15800404a4f"
  ["module"] => string(7) "default"
}


--------------------------------------------------------------------------------
2017-04-22T21:01:37+00:00 ERR (3) 404 Seite nicht gefunden
REMOTE_ADDR: 66.249.66.64
HTTP_REFERER: 
requested: array(4) {
  ["controller"] => string(5) "diary"
  ["action"] => string(29) "tag:graphicore.de,2010-09-27:"
  ["diary"] => string(27) "201009272105474ca1072b79bf6"
  ["module"] => string(7) "default"
}


--------------------------------------------------------------------------------
2017-04-22T21:34:11+00:00 ERR (3) 404 "en" was not found.
REMOTE_ADDR: 216.244.66.248
HTTP_REFERER: 
requested: array(5) {
  ["lang"] => string(2) "de"
  ["action"] => string(7) "archive"
  ["key"] => string(2) "en"
  ["module"] => string(7) "default"
  ["controller"] => string(5) "index"
}


--------------------------------------------------------------------------------
