2010-11-18T00:47:15+00:00 ERR (3) 404 "topic" was not found.
REMOTE_ADDR: 213.5.64.15
HTTP_REFERER: http://graphicore.de/de/index/topic/intern/news/
requested: array(6) {
  ["lang"] => string(2) "de"
  ["action"] => string(5) "index"
  ["key"] => string(5) "topic"
  ["intern"] => string(4) "news"
  ["module"] => string(7) "default"
  ["controller"] => string(5) "index"
}


--------------------------------------------------------------------------------
2010-11-18T09:02:41+00:00 ERR (3) 404 Seite nicht gefunden
REMOTE_ADDR: 66.249.66.12
HTTP_REFERER: 
requested: array(3) {
  ["controller"] => string(6) "images"
  ["action"] => string(6) "layout"
  ["module"] => string(7) "default"
}


--------------------------------------------------------------------------------
2010-11-18T09:32:37+00:00 ERR (3) 404 Seite nicht gefunden
REMOTE_ADDR: 66.249.66.12
HTTP_REFERER: 
requested: array(3) {
  ["controller"] => string(6) "images"
  ["action"] => string(5) "diary"
  ["module"] => string(7) "default"
}


--------------------------------------------------------------------------------
2010-11-18T09:49:42+00:00 ERR (3) 404 Seite nicht gefunden
REMOTE_ADDR: 66.249.66.12
HTTP_REFERER: 
requested: array(3) {
  ["controller"] => string(6) "images"
  ["action"] => string(5) "diary"
  ["module"] => string(7) "default"
}


--------------------------------------------------------------------------------
2010-11-18T10:18:30+00:00 ERR (3) 404 Seite nicht gefunden
REMOTE_ADDR: 66.249.66.12
HTTP_REFERER: 
requested: array(3) {
  ["controller"] => string(6) "images"
  ["action"] => string(5) "diary"
  ["module"] => string(7) "default"
}


--------------------------------------------------------------------------------
2010-11-18T10:44:26+00:00 ERR (3) 404 Seite nicht gefunden
REMOTE_ADDR: 66.249.66.12
HTTP_REFERER: 
requested: array(3) {
  ["controller"] => string(6) "images"
  ["action"] => string(5) "diary"
  ["module"] => string(7) "default"
}


--------------------------------------------------------------------------------
2010-11-18T11:02:43+00:00 ERR (3) 404 Seite nicht gefunden
REMOTE_ADDR: 66.249.66.12
HTTP_REFERER: 
requested: array(3) {
  ["controller"] => string(6) "images"
  ["action"] => string(5) "diary"
  ["module"] => string(7) "default"
}


--------------------------------------------------------------------------------
2010-11-18T11:07:28+00:00 ERR (3) 404 Seite nicht gefunden
REMOTE_ADDR: 66.249.66.12
HTTP_REFERER: 
requested: array(3) {
  ["controller"] => string(6) "images"
  ["action"] => string(5) "diary"
  ["module"] => string(7) "default"
}


--------------------------------------------------------------------------------
2010-11-18T13:40:58+00:00 ERR (3) 404 Seite nicht gefunden
REMOTE_ADDR: 66.249.66.12
HTTP_REFERER: 
requested: array(3) {
  ["controller"] => string(6) "images"
  ["action"] => string(5) "diary"
  ["module"] => string(7) "default"
}


--------------------------------------------------------------------------------
2010-11-18T16:55:35+00:00 ERR (3) 404 Seite nicht gefunden
REMOTE_ADDR: 66.249.66.12
HTTP_REFERER: 
requested: array(3) {
  ["controller"] => string(6) "images"
  ["action"] => string(5) "diary"
  ["module"] => string(7) "default"
}


--------------------------------------------------------------------------------
2010-11-18T17:58:44+00:00 ERR (3) 404 Seite nicht gefunden
REMOTE_ADDR: 66.249.66.12
HTTP_REFERER: 
requested: array(3) {
  ["controller"] => string(6) "images"
  ["action"] => string(5) "diary"
  ["module"] => string(7) "default"
}


--------------------------------------------------------------------------------
2010-11-18T20:51:49+00:00 ERR (3) 404 "topic" was not found.
REMOTE_ADDR: 80.245.86.19
HTTP_REFERER: http://graphicore.de/de/index/topic/intern/news/%2B%28200%2Bok%29%2BACCEPTED
requested: array(6) {
  ["lang"] => string(2) "de"
  ["action"] => string(5) "index"
  ["key"] => string(5) "topic"
  ["intern"] => string(4) "news"
  ["module"] => string(7) "default"
  ["controller"] => string(5) "index"
}


--------------------------------------------------------------------------------
