2014-06-03T04:11:35+00:00 ERR (3) 404 Page not found
REMOTE_ADDR: 81.176.232.112
HTTP_REFERER: 
requested: array(3) {
  ["controller"] => string(8) "nyet.gif"
  ["action"] => string(5) "index"
  ["module"] => string(7) "default"
}


--------------------------------------------------------------------------------
2014-06-03T04:11:35+00:00 ERR (3) 404 Seite nicht gefunden
REMOTE_ADDR: 81.176.232.112
HTTP_REFERER: 
requested: array(3) {
  ["controller"] => string(8) "nyet.gif"
  ["action"] => string(5) "index"
  ["module"] => string(7) "default"
}


--------------------------------------------------------------------------------
2014-06-03T04:11:36+00:00 ERR (3) 404 Seite nicht gefunden
REMOTE_ADDR: 81.176.232.112
HTTP_REFERER: 
requested: array(6) {
  ["controller"] => string(10) "components"
  ["action"] => string(9) "com_jnews"
  ["includes"] => string(14) "openflashchart"
  ["php-ofc-library"] => string(20) "ofc_upload_image.php"
  ["module"] => string(7) "default"
  ["name"] => string(1) "a"
}


--------------------------------------------------------------------------------
2014-06-03T04:11:36+00:00 ERR (3) 404 Seite nicht gefunden
REMOTE_ADDR: 81.176.232.112
HTTP_REFERER: 
requested: array(6) {
  ["controller"] => string(13) "administrator"
  ["action"] => string(10) "components"
  ["com_acymailing"] => string(3) "inc"
  ["openflash"] => string(15) "php-ofc-library"
  ["module"] => string(7) "default"
  ["name"] => string(1) "a"
}


--------------------------------------------------------------------------------
2014-06-03T04:11:36+00:00 ERR (3) 404 Seite nicht gefunden
REMOTE_ADDR: 81.176.232.112
HTTP_REFERER: 
requested: array(3) {
  ["controller"] => string(10) "components"
  ["action"] => string(13) "com_community"
  ["module"] => string(7) "default"
}


--------------------------------------------------------------------------------
2014-06-03T04:11:38+00:00 ERR (3) 404 Seite nicht gefunden
REMOTE_ADDR: 81.176.232.112
HTTP_REFERER: 
requested: array(6) {
  ["controller"] => string(2) "vb"
  ["action"] => string(10) "components"
  ["com_jnews"] => string(8) "includes"
  ["openflashchart"] => string(15) "php-ofc-library"
  ["module"] => string(7) "default"
  ["name"] => string(1) "a"
}


--------------------------------------------------------------------------------
2014-06-03T04:11:38+00:00 ERR (3) 404 Seite nicht gefunden
REMOTE_ADDR: 81.176.232.112
HTTP_REFERER: 
requested: array(7) {
  ["controller"] => string(2) "vb"
  ["action"] => string(13) "administrator"
  ["components"] => string(14) "com_acymailing"
  ["inc"] => string(9) "openflash"
  ["php-ofc-library"] => string(20) "ofc_upload_image.php"
  ["module"] => string(7) "default"
  ["name"] => string(1) "a"
}


--------------------------------------------------------------------------------
2014-06-03T04:11:38+00:00 ERR (3) 404 Seite nicht gefunden
REMOTE_ADDR: 81.176.232.112
HTTP_REFERER: 
requested: array(4) {
  ["controller"] => string(2) "vb"
  ["action"] => string(10) "components"
  ["com_community"] => string(10) "index.html"
  ["module"] => string(7) "default"
}


--------------------------------------------------------------------------------
2014-06-03T04:11:39+00:00 ERR (3) 404 Seite nicht gefunden
REMOTE_ADDR: 81.176.232.112
HTTP_REFERER: 
requested: array(8) {
  ["controller"] => string(2) "vb"
  ["action"] => string(9) "index.php"
  ["module"] => string(7) "default"
  ["option"] => string(7) "com_jce"
  ["task"] => string(6) "plugin"
  ["plugin"] => string(10) "imgmanager"
  ["file"] => string(10) "imgmanager"
  ["method"] => string(4) "form"
}


--------------------------------------------------------------------------------
2014-06-03T04:11:39+00:00 ERR (3) 404 Seite nicht gefunden
REMOTE_ADDR: 81.176.232.112
HTTP_REFERER: 
requested: array(9) {
  ["controller"] => string(2) "vb"
  ["action"] => string(9) "index.php"
  ["module"] => string(7) "default"
  ["option"] => string(9) "com_media"
  ["view"] => string(6) "images"
  ["tmpl"] => string(9) "component"
  ["e_name"] => string(17) "jform_articletext"
  ["asset"] => string(11) "com_content"
  ["author"] => string(0) ""
}


--------------------------------------------------------------------------------
2014-06-03T10:11:26+00:00 ERR (3) 404 "2014-02-27_kaufland-firewall-service" was not found.
REMOTE_ADDR: 192.99.13.59
HTTP_REFERER: 
requested: array(5) {
  ["lang"] => string(2) "en"
  ["action"] => string(7) "archive"
  ["key"] => string(36) "2014-02-27_kaufland-firewall-service"
  ["module"] => string(7) "default"
  ["controller"] => string(5) "index"
}


--------------------------------------------------------------------------------
2014-06-03T10:11:26+00:00 ERR (3) 404 "2014-02-27_kaufland-firewall-service" was not found.
REMOTE_ADDR: 192.99.13.59
HTTP_REFERER: 
requested: array(5) {
  ["lang"] => string(2) "en"
  ["action"] => string(7) "archive"
  ["key"] => string(36) "2014-02-27_kaufland-firewall-service"
  ["module"] => string(7) "default"
  ["controller"] => string(5) "index"
}


--------------------------------------------------------------------------------
2014-06-03T10:14:26+00:00 ERR (3) 404 "2014-02-27_kaufland-firewall-service" was not found.
REMOTE_ADDR: 192.99.13.59
HTTP_REFERER: 
requested: array(5) {
  ["lang"] => string(2) "en"
  ["action"] => string(7) "archive"
  ["key"] => string(36) "2014-02-27_kaufland-firewall-service"
  ["module"] => string(7) "default"
  ["controller"] => string(5) "index"
}


--------------------------------------------------------------------------------
2014-06-03T10:14:27+00:00 ERR (3) 404 "2014-02-27_kaufland-firewall-service" was not found.
REMOTE_ADDR: 192.99.13.59
HTTP_REFERER: 
requested: array(5) {
  ["lang"] => string(2) "en"
  ["action"] => string(7) "archive"
  ["key"] => string(36) "2014-02-27_kaufland-firewall-service"
  ["module"] => string(7) "default"
  ["controller"] => string(5) "index"
}


--------------------------------------------------------------------------------
2014-06-03T10:14:48+00:00 ERR (3) 404 "2014-02-27_kaufland-firewall-service" was not found.
REMOTE_ADDR: 192.99.13.59
HTTP_REFERER: 
requested: array(5) {
  ["lang"] => string(2) "en"
  ["action"] => string(7) "archive"
  ["key"] => string(36) "2014-02-27_kaufland-firewall-service"
  ["module"] => string(7) "default"
  ["controller"] => string(5) "index"
}


--------------------------------------------------------------------------------
2014-06-03T10:14:49+00:00 ERR (3) 404 "2014-02-27_kaufland-firewall-service" was not found.
REMOTE_ADDR: 192.99.13.59
HTTP_REFERER: 
requested: array(5) {
  ["lang"] => string(2) "en"
  ["action"] => string(7) "archive"
  ["key"] => string(36) "2014-02-27_kaufland-firewall-service"
  ["module"] => string(7) "default"
  ["controller"] => string(5) "index"
}


--------------------------------------------------------------------------------
2014-06-03T15:08:46+00:00 ERR (3) 404 "hire-lasse" was not found.
REMOTE_ADDR: 208.115.111.73
HTTP_REFERER: 
requested: array(5) {
  ["lang"] => string(2) "de"
  ["action"] => string(4) "page"
  ["key"] => string(10) "hire-lasse"
  ["module"] => string(7) "default"
  ["controller"] => string(5) "index"
}


--------------------------------------------------------------------------------
2014-06-03T18:00:11+00:00 ERR (3) 404 Seite nicht gefunden
REMOTE_ADDR: 77.93.60.21
HTTP_REFERER: http://graphicore.de/forum/
requested: array(3) {
  ["controller"] => string(5) "forum"
  ["action"] => string(5) "index"
  ["module"] => string(7) "default"
}


--------------------------------------------------------------------------------
2014-06-03T23:03:01+00:00 ERR (3) 404 Seite nicht gefunden
REMOTE_ADDR: 54.242.61.246
HTTP_REFERER: 
requested: array(3) {
  ["controller"] => string(20) "apple-touch-icon.png"
  ["action"] => string(5) "index"
  ["module"] => string(7) "default"
}


--------------------------------------------------------------------------------
