2020-10-30T03:37:43+00:00 ERR (3) 404 Seite nicht gefunden
REMOTE_ADDR: 62.149.141.150
HTTP_REFERER: http://graphicore.de/
requested: array(3) {
  ["controller"] => string(9) "wordpress"
  ["action"] => string(8) "wp-admin"
  ["module"] => string(7) "default"
}


--------------------------------------------------------------------------------
2020-10-30T03:38:17+00:00 ERR (3) 404 Seite nicht gefunden
REMOTE_ADDR: 50.87.253.98
HTTP_REFERER: http://graphicore.de/
requested: array(3) {
  ["controller"] => string(9) "wordpress"
  ["action"] => string(8) "wp-admin"
  ["module"] => string(7) "default"
}


--------------------------------------------------------------------------------
2020-10-30T03:41:04+00:00 ERR (3) 404 Seite nicht gefunden
REMOTE_ADDR: 192.185.4.118
HTTP_REFERER: http://graphicore.de/
requested: array(3) {
  ["controller"] => string(9) "wordpress"
  ["action"] => string(8) "wp-admin"
  ["module"] => string(7) "default"
}


--------------------------------------------------------------------------------
2020-10-30T03:41:33+00:00 ERR (3) 404 Seite nicht gefunden
REMOTE_ADDR: 52.90.217.177
HTTP_REFERER: http://graphicore.de/
requested: array(3) {
  ["controller"] => string(9) "wordpress"
  ["action"] => string(8) "wp-admin"
  ["module"] => string(7) "default"
}


--------------------------------------------------------------------------------
2020-10-30T07:40:55+00:00 ERR (3) 404 Page not found
REMOTE_ADDR: 134.122.58.131
HTTP_REFERER: 
requested: array(3) {
  ["controller"] => string(11) "wp-includes"
  ["action"] => string(15) "wlwmanifest.xml"
  ["module"] => string(7) "default"
}


--------------------------------------------------------------------------------
2020-10-30T07:40:55+00:00 ERR (3) 404 Page not found
REMOTE_ADDR: 134.122.58.131
HTTP_REFERER: 
requested: array(3) {
  ["controller"] => string(4) "blog"
  ["action"] => string(11) "wp-includes"
  ["module"] => string(7) "default"
}


--------------------------------------------------------------------------------
2020-10-30T07:40:55+00:00 ERR (3) 404 Page not found
REMOTE_ADDR: 134.122.58.131
HTTP_REFERER: 
requested: array(3) {
  ["controller"] => string(3) "web"
  ["action"] => string(11) "wp-includes"
  ["module"] => string(7) "default"
}


--------------------------------------------------------------------------------
2020-10-30T07:40:55+00:00 ERR (3) 404 Page not found
REMOTE_ADDR: 134.122.58.131
HTTP_REFERER: 
requested: array(3) {
  ["controller"] => string(9) "wordpress"
  ["action"] => string(11) "wp-includes"
  ["module"] => string(7) "default"
}


--------------------------------------------------------------------------------
2020-10-30T07:40:55+00:00 ERR (3) 404 Page not found
REMOTE_ADDR: 134.122.58.131
HTTP_REFERER: 
requested: array(3) {
  ["controller"] => string(7) "website"
  ["action"] => string(11) "wp-includes"
  ["module"] => string(7) "default"
}


--------------------------------------------------------------------------------
2020-10-30T07:40:55+00:00 ERR (3) 404 Page not found
REMOTE_ADDR: 134.122.58.131
HTTP_REFERER: 
requested: array(3) {
  ["controller"] => string(2) "wp"
  ["action"] => string(11) "wp-includes"
  ["module"] => string(7) "default"
}


--------------------------------------------------------------------------------
2020-10-30T07:40:55+00:00 ERR (3) 404 Page not found
REMOTE_ADDR: 134.122.58.131
HTTP_REFERER: 
requested: array(3) {
  ["controller"] => string(4) "news"
  ["action"] => string(11) "wp-includes"
  ["module"] => string(7) "default"
}


--------------------------------------------------------------------------------
2020-10-30T07:40:55+00:00 ERR (3) 404 Page not found
REMOTE_ADDR: 134.122.58.131
HTTP_REFERER: 
requested: array(3) {
  ["controller"] => string(4) "2018"
  ["action"] => string(11) "wp-includes"
  ["module"] => string(7) "default"
}


--------------------------------------------------------------------------------
2020-10-30T07:40:56+00:00 ERR (3) 404 Page not found
REMOTE_ADDR: 134.122.58.131
HTTP_REFERER: 
requested: array(3) {
  ["controller"] => string(4) "2019"
  ["action"] => string(11) "wp-includes"
  ["module"] => string(7) "default"
}


--------------------------------------------------------------------------------
2020-10-30T07:40:56+00:00 ERR (3) 404 Page not found
REMOTE_ADDR: 134.122.58.131
HTTP_REFERER: 
requested: array(3) {
  ["controller"] => string(4) "shop"
  ["action"] => string(11) "wp-includes"
  ["module"] => string(7) "default"
}


--------------------------------------------------------------------------------
2020-10-30T07:40:56+00:00 ERR (3) 404 Page not found
REMOTE_ADDR: 134.122.58.131
HTTP_REFERER: 
requested: array(3) {
  ["controller"] => string(3) "wp1"
  ["action"] => string(11) "wp-includes"
  ["module"] => string(7) "default"
}


--------------------------------------------------------------------------------
2020-10-30T07:40:56+00:00 ERR (3) 404 Page not found
REMOTE_ADDR: 134.122.58.131
HTTP_REFERER: 
requested: array(3) {
  ["controller"] => string(4) "test"
  ["action"] => string(11) "wp-includes"
  ["module"] => string(7) "default"
}


--------------------------------------------------------------------------------
2020-10-30T07:40:56+00:00 ERR (3) 404 Page not found
REMOTE_ADDR: 134.122.58.131
HTTP_REFERER: 
requested: array(3) {
  ["controller"] => string(5) "media"
  ["action"] => string(11) "wp-includes"
  ["module"] => string(7) "default"
}


--------------------------------------------------------------------------------
2020-10-30T07:40:56+00:00 ERR (3) 404 Page not found
REMOTE_ADDR: 134.122.58.131
HTTP_REFERER: 
requested: array(3) {
  ["controller"] => string(3) "wp2"
  ["action"] => string(11) "wp-includes"
  ["module"] => string(7) "default"
}


--------------------------------------------------------------------------------
2020-10-30T07:40:56+00:00 ERR (3) 404 Page not found
REMOTE_ADDR: 134.122.58.131
HTTP_REFERER: 
requested: array(3) {
  ["controller"] => string(4) "site"
  ["action"] => string(11) "wp-includes"
  ["module"] => string(7) "default"
}


--------------------------------------------------------------------------------
2020-10-30T07:40:56+00:00 ERR (3) 404 Page not found
REMOTE_ADDR: 134.122.58.131
HTTP_REFERER: 
requested: array(3) {
  ["controller"] => string(3) "cms"
  ["action"] => string(11) "wp-includes"
  ["module"] => string(7) "default"
}


--------------------------------------------------------------------------------
2020-10-30T07:40:56+00:00 ERR (3) 404 Page not found
REMOTE_ADDR: 134.122.58.131
HTTP_REFERER: 
requested: array(3) {
  ["controller"] => string(4) "sito"
  ["action"] => string(11) "wp-includes"
  ["module"] => string(7) "default"
}


--------------------------------------------------------------------------------
2020-10-30T09:21:50+00:00 ERR (3) 404 "competences" was not found.
REMOTE_ADDR: 114.119.156.49
HTTP_REFERER: 
requested: array(5) {
  ["lang"] => string(2) "en"
  ["action"] => string(4) "page"
  ["key"] => string(11) "competences"
  ["module"] => string(7) "default"
  ["controller"] => string(5) "index"
}


--------------------------------------------------------------------------------
2020-10-30T12:49:11+00:00 ERR (3) 404 "" was not found.
REMOTE_ADDR: 136.243.83.80
HTTP_REFERER: 
requested: array(5) {
  ["lang"] => string(2) "de"
  ["action"] => string(7) "archive"
  ["module"] => string(7) "default"
  ["controller"] => string(5) "index"
  ["key"] => string(0) ""
}


--------------------------------------------------------------------------------
2020-10-30T12:49:37+00:00 ERR (3) 404 "hire-lasse" was not found.
REMOTE_ADDR: 136.243.83.80
HTTP_REFERER: 
requested: array(5) {
  ["lang"] => string(2) "de"
  ["action"] => string(4) "page"
  ["key"] => string(10) "hire-lasse"
  ["module"] => string(7) "default"
  ["controller"] => string(5) "index"
}


--------------------------------------------------------------------------------
2020-10-30T13:17:55+00:00 ERR (3) 404 "competences" was not found.
REMOTE_ADDR: 85.10.201.245
HTTP_REFERER: 
requested: array(5) {
  ["lang"] => string(2) "de"
  ["action"] => string(4) "page"
  ["key"] => string(11) "competences"
  ["module"] => string(7) "default"
  ["controller"] => string(5) "index"
}


--------------------------------------------------------------------------------
2020-10-30T21:02:07+00:00 ERR (3) 404 "competences" was not found.
REMOTE_ADDR: 114.119.130.111
HTTP_REFERER: 
requested: array(5) {
  ["lang"] => string(2) "de"
  ["action"] => string(4) "page"
  ["key"] => string(11) "competences"
  ["module"] => string(7) "default"
  ["controller"] => string(5) "index"
}


--------------------------------------------------------------------------------
2020-10-30T22:10:29+00:00 ERR (3) 404 Seite nicht gefunden
REMOTE_ADDR: 87.70.112.126
HTTP_REFERER: 
requested: array(3) {
  ["controller"] => string(7) "ads.txt"
  ["action"] => string(5) "index"
  ["module"] => string(7) "default"
}


--------------------------------------------------------------------------------
