2020-03-11T03:56:12+00:00 ERR (3) 404 "competences" was not found.
REMOTE_ADDR: 147.75.65.86
HTTP_REFERER: 
requested: array(5) {
  ["lang"] => string(2) "de"
  ["action"] => string(4) "page"
  ["key"] => string(11) "competences"
  ["module"] => string(7) "default"
  ["controller"] => string(5) "index"
}


--------------------------------------------------------------------------------
2020-03-11T03:56:13+00:00 ERR (3) 404 "hire-lasse" was not found.
REMOTE_ADDR: 147.75.65.86
HTTP_REFERER: 
requested: array(5) {
  ["lang"] => string(2) "de"
  ["action"] => string(4) "page"
  ["key"] => string(10) "hire-lasse"
  ["module"] => string(7) "default"
  ["controller"] => string(5) "index"
}


--------------------------------------------------------------------------------
2020-03-11T03:56:18+00:00 ERR (3) 404 "competences" was not found.
REMOTE_ADDR: 147.75.65.86
HTTP_REFERER: 
requested: array(5) {
  ["lang"] => string(2) "en"
  ["action"] => string(4) "page"
  ["key"] => string(11) "competences"
  ["module"] => string(7) "default"
  ["controller"] => string(5) "index"
}


--------------------------------------------------------------------------------
2020-03-11T03:56:20+00:00 ERR (3) 404 "hire-lasse" was not found.
REMOTE_ADDR: 147.75.65.86
HTTP_REFERER: 
requested: array(5) {
  ["lang"] => string(2) "en"
  ["action"] => string(4) "page"
  ["key"] => string(10) "hire-lasse"
  ["module"] => string(7) "default"
  ["controller"] => string(5) "index"
}


--------------------------------------------------------------------------------
2020-03-11T03:56:20+00:00 ERR (3) 404 "competences" was not found.
REMOTE_ADDR: 147.75.65.86
HTTP_REFERER: 
requested: array(5) {
  ["lang"] => string(2) "de"
  ["action"] => string(4) "page"
  ["key"] => string(11) "competences"
  ["module"] => string(7) "default"
  ["controller"] => string(5) "index"
}


--------------------------------------------------------------------------------
2020-03-11T03:56:21+00:00 ERR (3) 404 "hire-lasse" was not found.
REMOTE_ADDR: 147.75.65.86
HTTP_REFERER: 
requested: array(5) {
  ["lang"] => string(2) "en"
  ["action"] => string(4) "page"
  ["key"] => string(10) "hire-lasse"
  ["module"] => string(7) "default"
  ["controller"] => string(5) "index"
}


--------------------------------------------------------------------------------
2020-03-11T03:56:21+00:00 ERR (3) 404 "hire-lasse" was not found.
REMOTE_ADDR: 147.75.65.86
HTTP_REFERER: 
requested: array(5) {
  ["lang"] => string(2) "de"
  ["action"] => string(4) "page"
  ["key"] => string(10) "hire-lasse"
  ["module"] => string(7) "default"
  ["controller"] => string(5) "index"
}


--------------------------------------------------------------------------------
2020-03-11T09:31:27+00:00 ERR (3) 404 "" was not found.
REMOTE_ADDR: 46.118.121.248
HTTP_REFERER: https://stop-zavisimost.com/
requested: array(5) {
  ["lang"] => string(2) "de"
  ["action"] => string(7) "archive"
  ["module"] => string(7) "default"
  ["controller"] => string(5) "index"
  ["key"] => string(0) ""
}


--------------------------------------------------------------------------------
2020-03-11T09:31:28+00:00 ERR (3) 404 "" was not found.
REMOTE_ADDR: 46.118.121.248
HTTP_REFERER: https://uralmetallurg.com/
requested: array(5) {
  ["lang"] => string(2) "de"
  ["action"] => string(7) "archive"
  ["module"] => string(7) "default"
  ["controller"] => string(5) "index"
  ["key"] => string(0) ""
}


--------------------------------------------------------------------------------
2020-03-11T09:31:28+00:00 ERR (3) 404 "" was not found.
REMOTE_ADDR: 46.118.121.248
HTTP_REFERER: https://stop-zavisimost.com/
requested: array(5) {
  ["lang"] => string(2) "de"
  ["action"] => string(7) "archive"
  ["module"] => string(7) "default"
  ["controller"] => string(5) "index"
  ["key"] => string(0) ""
}


--------------------------------------------------------------------------------
2020-03-11T09:31:28+00:00 ERR (3) 404 "" was not found.
REMOTE_ADDR: 46.118.121.248
HTTP_REFERER: https://uralmetallurg.com/
requested: array(5) {
  ["lang"] => string(2) "de"
  ["action"] => string(7) "archive"
  ["module"] => string(7) "default"
  ["controller"] => string(5) "index"
  ["key"] => string(0) ""
}


--------------------------------------------------------------------------------
2020-03-11T09:31:28+00:00 ERR (3) 404 "" was not found.
REMOTE_ADDR: 46.118.121.248
HTTP_REFERER: https://stop-zavisimost.com/
requested: array(5) {
  ["lang"] => string(2) "de"
  ["action"] => string(7) "archive"
  ["module"] => string(7) "default"
  ["controller"] => string(5) "index"
  ["key"] => string(0) ""
}


--------------------------------------------------------------------------------
2020-03-11T09:31:29+00:00 ERR (3) 404 "" was not found.
REMOTE_ADDR: 46.118.121.248
HTTP_REFERER: https://uralmetallurg.com/
requested: array(5) {
  ["lang"] => string(2) "de"
  ["action"] => string(7) "archive"
  ["module"] => string(7) "default"
  ["controller"] => string(5) "index"
  ["key"] => string(0) ""
}


--------------------------------------------------------------------------------
2020-03-11T11:45:07+00:00 ERR (3) 404 "" was not found.
REMOTE_ADDR: 178.137.161.99
HTTP_REFERER: https://virtualbb.com/
requested: array(5) {
  ["lang"] => string(2) "de"
  ["action"] => string(7) "archive"
  ["module"] => string(7) "default"
  ["controller"] => string(5) "index"
  ["key"] => string(0) ""
}


--------------------------------------------------------------------------------
2020-03-11T11:45:07+00:00 ERR (3) 404 "" was not found.
REMOTE_ADDR: 178.137.161.99
HTTP_REFERER: https://virtualbb.com/
requested: array(5) {
  ["lang"] => string(2) "de"
  ["action"] => string(7) "archive"
  ["module"] => string(7) "default"
  ["controller"] => string(5) "index"
  ["key"] => string(0) ""
}


--------------------------------------------------------------------------------
2020-03-11T11:45:08+00:00 ERR (3) 404 "" was not found.
REMOTE_ADDR: 178.137.161.99
HTTP_REFERER: https://virtualbb.com/
requested: array(5) {
  ["lang"] => string(2) "de"
  ["action"] => string(7) "archive"
  ["module"] => string(7) "default"
  ["controller"] => string(5) "index"
  ["key"] => string(0) ""
}


--------------------------------------------------------------------------------
2020-03-11T13:21:57+00:00 ERR (3) 404 Seite nicht gefunden
REMOTE_ADDR: 92.184.116.234
HTTP_REFERER: 
requested: array(3) {
  ["controller"] => string(30) "iltxghxgigcaxfzqprvkupbfpuufgn"
  ["action"] => string(14) "photocopie.jpg"
  ["module"] => string(7) "default"
}


--------------------------------------------------------------------------------
2020-03-11T16:39:15+00:00 ERR (3) 404 "" was not found.
REMOTE_ADDR: 46.118.125.137
HTTP_REFERER: http://www.slomm.ru/
requested: array(5) {
  ["lang"] => string(2) "de"
  ["action"] => string(7) "archive"
  ["module"] => string(7) "default"
  ["controller"] => string(5) "index"
  ["key"] => string(0) ""
}


--------------------------------------------------------------------------------
2020-03-11T16:39:15+00:00 ERR (3) 404 "" was not found.
REMOTE_ADDR: 46.118.125.137
HTTP_REFERER: http://www.slomm.ru/
requested: array(5) {
  ["lang"] => string(2) "de"
  ["action"] => string(7) "archive"
  ["module"] => string(7) "default"
  ["controller"] => string(5) "index"
  ["key"] => string(0) ""
}


--------------------------------------------------------------------------------
2020-03-11T16:39:16+00:00 ERR (3) 404 "" was not found.
REMOTE_ADDR: 46.118.125.137
HTTP_REFERER: http://www.slomm.ru/
requested: array(5) {
  ["lang"] => string(2) "de"
  ["action"] => string(7) "archive"
  ["module"] => string(7) "default"
  ["controller"] => string(5) "index"
  ["key"] => string(0) ""
}


--------------------------------------------------------------------------------
2020-03-11T19:27:17+00:00 ERR (3) 404 "" was not found.
REMOTE_ADDR: 37.115.211.242
HTTP_REFERER: http://medcor-list.ru/
requested: array(5) {
  ["lang"] => string(2) "de"
  ["action"] => string(7) "archive"
  ["module"] => string(7) "default"
  ["controller"] => string(5) "index"
  ["key"] => string(0) ""
}


--------------------------------------------------------------------------------
2020-03-11T19:47:27+00:00 ERR (3) 404 "" was not found.
REMOTE_ADDR: 178.137.161.99
HTTP_REFERER: https://xn----9sbmahua0agcbjohz.online/
requested: array(5) {
  ["lang"] => string(2) "de"
  ["action"] => string(7) "archive"
  ["module"] => string(7) "default"
  ["controller"] => string(5) "index"
  ["key"] => string(0) ""
}


--------------------------------------------------------------------------------
2020-03-11T19:47:28+00:00 ERR (3) 404 "" was not found.
REMOTE_ADDR: 178.137.161.99
HTTP_REFERER: https://xn----9sbmahua0agcbjohz.online/
requested: array(5) {
  ["lang"] => string(2) "de"
  ["action"] => string(7) "archive"
  ["module"] => string(7) "default"
  ["controller"] => string(5) "index"
  ["key"] => string(0) ""
}


--------------------------------------------------------------------------------
2020-03-11T19:47:28+00:00 ERR (3) 404 "" was not found.
REMOTE_ADDR: 178.137.161.99
HTTP_REFERER: https://xn----9sbmahua0agcbjohz.online/
requested: array(5) {
  ["lang"] => string(2) "de"
  ["action"] => string(7) "archive"
  ["module"] => string(7) "default"
  ["controller"] => string(5) "index"
  ["key"] => string(0) ""
}


--------------------------------------------------------------------------------
2020-03-11T19:47:29+00:00 ERR (3) 404 "" was not found.
REMOTE_ADDR: 178.137.161.99
HTTP_REFERER: https://xn----9sbmahua0agcbjohz.online/
requested: array(5) {
  ["lang"] => string(2) "de"
  ["action"] => string(7) "archive"
  ["module"] => string(7) "default"
  ["controller"] => string(5) "index"
  ["key"] => string(0) ""
}


--------------------------------------------------------------------------------
2020-03-11T19:47:29+00:00 ERR (3) 404 "" was not found.
REMOTE_ADDR: 178.137.161.99
HTTP_REFERER: https://xn----9sbmahua0agcbjohz.online/
requested: array(5) {
  ["lang"] => string(2) "de"
  ["action"] => string(7) "archive"
  ["module"] => string(7) "default"
  ["controller"] => string(5) "index"
  ["key"] => string(0) ""
}


--------------------------------------------------------------------------------
2020-03-11T20:02:04+00:00 ERR (3) 404 "anne" was not found.
REMOTE_ADDR: 66.249.64.76
HTTP_REFERER: 
requested: array(5) {
  ["lang"] => string(2) "en"
  ["action"] => string(4) "page"
  ["key"] => string(4) "anne"
  ["module"] => string(7) "default"
  ["controller"] => string(5) "index"
}


--------------------------------------------------------------------------------
