2015-12-14T00:50:12+00:00 ERR (3) 404 Seite nicht gefunden
REMOTE_ADDR: 192.187.126.164
HTTP_REFERER: 
requested: array(3) {
  ["controller"] => string(8) "ewebedit"
  ["action"] => string(6) "editor"
  ["module"] => string(7) "default"
}


--------------------------------------------------------------------------------
2015-12-14T03:00:19+00:00 ERR (3) 404 Seite nicht gefunden
REMOTE_ADDR: 192.187.126.164
HTTP_REFERER: 
requested: array(3) {
  ["controller"] => string(3) "fck"
  ["action"] => string(6) "editor"
  ["module"] => string(7) "default"
}


--------------------------------------------------------------------------------
2015-12-14T06:10:59+00:00 ERR (3) 404 "hire-lasse" was not found.
REMOTE_ADDR: 180.76.15.153
HTTP_REFERER: 
requested: array(5) {
  ["lang"] => string(2) "en"
  ["action"] => string(4) "page"
  ["key"] => string(10) "hire-lasse"
  ["module"] => string(7) "default"
  ["controller"] => string(5) "index"
}


--------------------------------------------------------------------------------
2015-12-14T07:57:02+00:00 ERR (3) 404 Seite nicht gefunden
REMOTE_ADDR: 192.187.126.164
HTTP_REFERER: 
requested: array(4) {
  ["controller"] => string(6) "fesend"
  ["action"] => string(6) "manage"
  ["include"] => string(6) "editor"
  ["module"] => string(7) "default"
}


--------------------------------------------------------------------------------
2015-12-14T10:05:38+00:00 ERR (3) 404 Seite nicht gefunden
REMOTE_ADDR: 192.187.126.164
HTTP_REFERER: 
requested: array(3) {
  ["controller"] => string(4) "file"
  ["action"] => string(9) "fckeditor"
  ["module"] => string(7) "default"
}


--------------------------------------------------------------------------------
2015-12-14T10:21:42+00:00 ERR (3) 404 "" was not found.
REMOTE_ADDR: 157.55.39.12
HTTP_REFERER: 
requested: array(5) {
  ["lang"] => string(2) "en"
  ["action"] => string(7) "archive"
  ["module"] => string(7) "default"
  ["controller"] => string(5) "index"
  ["key"] => string(0) ""
}


--------------------------------------------------------------------------------
2015-12-14T10:25:17+00:00 ERR (3) 404 "hire-lasse" was not found.
REMOTE_ADDR: 23.251.55.16
HTTP_REFERER: 
requested: array(5) {
  ["lang"] => string(2) "en"
  ["action"] => string(4) "page"
  ["key"] => string(10) "hire-lasse"
  ["module"] => string(7) "default"
  ["controller"] => string(5) "index"
}


--------------------------------------------------------------------------------
2015-12-14T10:25:23+00:00 ERR (3) 404 "hire-lasse" was not found.
REMOTE_ADDR: 23.251.55.16
HTTP_REFERER: 
requested: array(5) {
  ["lang"] => string(2) "de"
  ["action"] => string(4) "page"
  ["key"] => string(10) "hire-lasse"
  ["module"] => string(7) "default"
  ["controller"] => string(5) "index"
}


--------------------------------------------------------------------------------
2015-12-14T14:48:51+00:00 ERR (3) 404 Seite nicht gefunden
REMOTE_ADDR: 192.187.126.164
HTTP_REFERER: 
requested: array(3) {
  ["controller"] => string(7) "include"
  ["action"] => string(6) "editor"
  ["module"] => string(7) "default"
}


--------------------------------------------------------------------------------
2015-12-14T15:18:35+00:00 ERR (3) 404 Seite nicht gefunden
REMOTE_ADDR: 188.143.232.21
HTTP_REFERER: 
requested: array(3) {
  ["controller"] => string(5) "forum"
  ["action"] => string(9) "index.php"
  ["module"] => string(7) "default"
}


--------------------------------------------------------------------------------
2015-12-14T16:56:36+00:00 ERR (3) 404 Seite nicht gefunden
REMOTE_ADDR: 192.187.126.164
HTTP_REFERER: 
requested: array(3) {
  ["controller"] => string(7) "include"
  ["action"] => string(6) "editor"
  ["module"] => string(7) "default"
}


--------------------------------------------------------------------------------
2015-12-14T18:04:08+00:00 ERR (3) 404 Seite nicht gefunden
REMOTE_ADDR: 91.42.231.136
HTTP_REFERER: http://graphicore.de/forum/
requested: array(3) {
  ["controller"] => string(5) "forum"
  ["action"] => string(5) "index"
  ["module"] => string(7) "default"
}


--------------------------------------------------------------------------------
2015-12-14T19:08:34+00:00 ERR (3) 404 Seite nicht gefunden
REMOTE_ADDR: 192.187.126.164
HTTP_REFERER: 
requested: array(4) {
  ["controller"] => string(7) "include"
  ["action"] => string(6) "source"
  ["fckeditor"] => string(6) "editor"
  ["module"] => string(7) "default"
}


--------------------------------------------------------------------------------
2015-12-14T23:38:05+00:00 ERR (3) 404 Seite nicht gefunden
REMOTE_ADDR: 192.187.126.164
HTTP_REFERER: 
requested: array(3) {
  ["controller"] => string(2) "js"
  ["action"] => string(6) "editor"
  ["module"] => string(7) "default"
}


--------------------------------------------------------------------------------
