2015-08-16T01:04:23+00:00 ERR (3) 404 "hire-lasse" was not found.
REMOTE_ADDR: 198.27.80.144
HTTP_REFERER: 
requested: array(5) {
  ["lang"] => string(2) "de"
  ["action"] => string(4) "page"
  ["key"] => string(10) "hire-lasse"
  ["module"] => string(7) "default"
  ["controller"] => string(5) "index"
}


--------------------------------------------------------------------------------
2015-08-16T01:04:23+00:00 ERR (3) 404 "" was not found.
REMOTE_ADDR: 198.27.80.144
HTTP_REFERER: 
requested: array(5) {
  ["lang"] => string(2) "de"
  ["action"] => string(7) "archive"
  ["module"] => string(7) "default"
  ["controller"] => string(5) "index"
  ["key"] => string(0) ""
}


--------------------------------------------------------------------------------
2015-08-16T01:05:02+00:00 ERR (3) 404 "hire-lasse" was not found.
REMOTE_ADDR: 198.27.80.144
HTTP_REFERER: 
requested: array(5) {
  ["lang"] => string(2) "en"
  ["action"] => string(4) "page"
  ["key"] => string(10) "hire-lasse"
  ["module"] => string(7) "default"
  ["controller"] => string(5) "index"
}


--------------------------------------------------------------------------------
2015-08-16T01:05:02+00:00 ERR (3) 404 "" was not found.
REMOTE_ADDR: 198.27.80.144
HTTP_REFERER: 
requested: array(5) {
  ["lang"] => string(2) "en"
  ["action"] => string(7) "archive"
  ["module"] => string(7) "default"
  ["controller"] => string(5) "index"
  ["key"] => string(0) ""
}


--------------------------------------------------------------------------------
2015-08-16T02:45:50+00:00 ERR (3) 404 "" was not found.
REMOTE_ADDR: 94.153.10.71
HTTP_REFERER: http://balashihaevakuator.ru/
requested: array(5) {
  ["lang"] => string(2) "en"
  ["action"] => string(7) "archive"
  ["module"] => string(7) "default"
  ["controller"] => string(5) "index"
  ["key"] => string(0) ""
}


--------------------------------------------------------------------------------
2015-08-16T02:45:50+00:00 ERR (3) 404 "" was not found.
REMOTE_ADDR: 94.153.10.71
HTTP_REFERER: http://education-cz.ru/godovoy-podgotovitelnyy-kurs
requested: array(5) {
  ["lang"] => string(2) "en"
  ["action"] => string(7) "archive"
  ["module"] => string(7) "default"
  ["controller"] => string(5) "index"
  ["key"] => string(0) ""
}


--------------------------------------------------------------------------------
2015-08-16T02:45:50+00:00 ERR (3) 404 "" was not found.
REMOTE_ADDR: 94.153.10.71
HTTP_REFERER: http://balashihaevakuator.ru/
requested: array(5) {
  ["lang"] => string(2) "en"
  ["action"] => string(7) "archive"
  ["module"] => string(7) "default"
  ["controller"] => string(5) "index"
  ["key"] => string(0) ""
}


--------------------------------------------------------------------------------
2015-08-16T03:12:39+00:00 ERR (3) 404 "" was not found.
REMOTE_ADDR: 46.118.115.56
HTTP_REFERER: http://video-woman.com/
requested: array(5) {
  ["lang"] => string(2) "en"
  ["action"] => string(7) "archive"
  ["module"] => string(7) "default"
  ["controller"] => string(5) "index"
  ["key"] => string(0) ""
}


--------------------------------------------------------------------------------
2015-08-16T06:56:07+00:00 ERR (3) 404 "" was not found.
REMOTE_ADDR: 46.118.115.56
HTTP_REFERER: http://v-chelyabinske.com/
requested: array(5) {
  ["lang"] => string(2) "en"
  ["action"] => string(7) "archive"
  ["module"] => string(7) "default"
  ["controller"] => string(5) "index"
  ["key"] => string(0) ""
}


--------------------------------------------------------------------------------
2015-08-16T06:56:08+00:00 ERR (3) 404 "" was not found.
REMOTE_ADDR: 46.118.115.56
HTTP_REFERER: http://v-chelyabinske.com/
requested: array(5) {
  ["lang"] => string(2) "en"
  ["action"] => string(7) "archive"
  ["module"] => string(7) "default"
  ["controller"] => string(5) "index"
  ["key"] => string(0) ""
}


--------------------------------------------------------------------------------
2015-08-16T07:37:43+00:00 ERR (3) 404 "" was not found.
REMOTE_ADDR: 176.8.90.218
HTTP_REFERER: http://cookingmeat.ru/beef/recipe06.html
requested: array(5) {
  ["lang"] => string(2) "en"
  ["action"] => string(7) "archive"
  ["module"] => string(7) "default"
  ["controller"] => string(5) "index"
  ["key"] => string(0) ""
}


--------------------------------------------------------------------------------
2015-08-16T07:37:45+00:00 ERR (3) 404 "" was not found.
REMOTE_ADDR: 176.8.90.218
HTTP_REFERER: http://cookingmeat.ru/beef/recipe06.html
requested: array(5) {
  ["lang"] => string(2) "en"
  ["action"] => string(7) "archive"
  ["module"] => string(7) "default"
  ["controller"] => string(5) "index"
  ["key"] => string(0) ""
}


--------------------------------------------------------------------------------
2015-08-16T10:21:22+00:00 ERR (3) 404 Seite nicht gefunden
REMOTE_ADDR: 91.61.117.102
HTTP_REFERER: 
requested: array(3) {
  ["controller"] => string(32) "apple-touch-icon-precomposed.png"
  ["action"] => string(5) "index"
  ["module"] => string(7) "default"
}


--------------------------------------------------------------------------------
2015-08-16T10:21:23+00:00 ERR (3) 404 Seite nicht gefunden
REMOTE_ADDR: 91.61.117.102
HTTP_REFERER: 
requested: array(3) {
  ["controller"] => string(20) "apple-touch-icon.png"
  ["action"] => string(5) "index"
  ["module"] => string(7) "default"
}


--------------------------------------------------------------------------------
2015-08-16T12:30:56+00:00 ERR (3) 404 "" was not found.
REMOTE_ADDR: 46.118.115.56
HTTP_REFERER: http://sklad-24.ru/
requested: array(5) {
  ["lang"] => string(2) "en"
  ["action"] => string(7) "archive"
  ["module"] => string(7) "default"
  ["controller"] => string(5) "index"
  ["key"] => string(0) ""
}


--------------------------------------------------------------------------------
2015-08-16T12:30:56+00:00 ERR (3) 404 "" was not found.
REMOTE_ADDR: 46.118.115.56
HTTP_REFERER: http://sklad-24.ru/
requested: array(5) {
  ["lang"] => string(2) "en"
  ["action"] => string(7) "archive"
  ["module"] => string(7) "default"
  ["controller"] => string(5) "index"
  ["key"] => string(0) ""
}


--------------------------------------------------------------------------------
2015-08-16T13:05:16+00:00 ERR (3) 404 "" was not found.
REMOTE_ADDR: 94.153.10.71
HTTP_REFERER: http://orion-casino.com/
requested: array(5) {
  ["lang"] => string(2) "en"
  ["action"] => string(7) "archive"
  ["module"] => string(7) "default"
  ["controller"] => string(5) "index"
  ["key"] => string(0) ""
}


--------------------------------------------------------------------------------
2015-08-16T13:05:16+00:00 ERR (3) 404 "" was not found.
REMOTE_ADDR: 94.153.10.71
HTTP_REFERER: http://orion-casino.com/
requested: array(5) {
  ["lang"] => string(2) "en"
  ["action"] => string(7) "archive"
  ["module"] => string(7) "default"
  ["controller"] => string(5) "index"
  ["key"] => string(0) ""
}


--------------------------------------------------------------------------------
2015-08-16T13:05:17+00:00 ERR (3) 404 "" was not found.
REMOTE_ADDR: 94.153.10.71
HTTP_REFERER: http://orion-casino.com/
requested: array(5) {
  ["lang"] => string(2) "en"
  ["action"] => string(7) "archive"
  ["module"] => string(7) "default"
  ["controller"] => string(5) "index"
  ["key"] => string(0) ""
}


--------------------------------------------------------------------------------
2015-08-16T13:16:33+00:00 ERR (3) 404 "" was not found.
REMOTE_ADDR: 94.153.10.71
HTTP_REFERER: http://life-is-beautiful.ru/
requested: array(5) {
  ["lang"] => string(2) "en"
  ["action"] => string(7) "archive"
  ["module"] => string(7) "default"
  ["controller"] => string(5) "index"
  ["key"] => string(0) ""
}


--------------------------------------------------------------------------------
2015-08-16T13:16:34+00:00 ERR (3) 404 "" was not found.
REMOTE_ADDR: 94.153.10.71
HTTP_REFERER: http://life-is-beautiful.ru/
requested: array(5) {
  ["lang"] => string(2) "en"
  ["action"] => string(7) "archive"
  ["module"] => string(7) "default"
  ["controller"] => string(5) "index"
  ["key"] => string(0) ""
}


--------------------------------------------------------------------------------
2015-08-16T13:16:34+00:00 ERR (3) 404 "" was not found.
REMOTE_ADDR: 94.153.10.71
HTTP_REFERER: http://life-is-beautiful.ru/
requested: array(5) {
  ["lang"] => string(2) "en"
  ["action"] => string(7) "archive"
  ["module"] => string(7) "default"
  ["controller"] => string(5) "index"
  ["key"] => string(0) ""
}


--------------------------------------------------------------------------------
2015-08-16T13:45:16+00:00 ERR (3) 404 Seite nicht gefunden
REMOTE_ADDR: 104.255.64.92
HTTP_REFERER: 
requested: array(4) {
  ["controller"] => string(6) "https:"
  [""] => string(19) "silber-und-blei.com"
  ["action"] => string(5) "index"
  ["module"] => string(7) "default"
}


--------------------------------------------------------------------------------
2015-08-16T13:45:18+00:00 ERR (3) 404 Seite nicht gefunden
REMOTE_ADDR: 104.255.64.92
HTTP_REFERER: 
requested: array(3) {
  ["controller"] => string(2) "js"
  ["action"] => string(1) "'"
  ["module"] => string(7) "default"
}


--------------------------------------------------------------------------------
2015-08-16T14:34:29+00:00 ERR (3) 404 Seite nicht gefunden
REMOTE_ADDR: 167.88.15.213
HTTP_REFERER: 
requested: array(4) {
  ["controller"] => string(6) "https:"
  [""] => string(19) "silber-und-blei.com"
  ["action"] => string(5) "index"
  ["module"] => string(7) "default"
}


--------------------------------------------------------------------------------
2015-08-16T14:34:32+00:00 ERR (3) 404 Seite nicht gefunden
REMOTE_ADDR: 167.88.15.213
HTTP_REFERER: 
requested: array(3) {
  ["controller"] => string(2) "js"
  ["action"] => string(1) "'"
  ["module"] => string(7) "default"
}


--------------------------------------------------------------------------------
2015-08-16T18:52:29+00:00 ERR (3) 404 "" was not found.
REMOTE_ADDR: 176.8.90.218
HTTP_REFERER: http://114ie.net/tags/
requested: array(5) {
  ["lang"] => string(2) "en"
  ["action"] => string(7) "archive"
  ["module"] => string(7) "default"
  ["controller"] => string(5) "index"
  ["key"] => string(0) ""
}


--------------------------------------------------------------------------------
2015-08-16T18:52:29+00:00 ERR (3) 404 "" was not found.
REMOTE_ADDR: 176.8.90.218
HTTP_REFERER: http://darkoman.com/tags/
requested: array(5) {
  ["lang"] => string(2) "en"
  ["action"] => string(7) "archive"
  ["module"] => string(7) "default"
  ["controller"] => string(5) "index"
  ["key"] => string(0) ""
}


--------------------------------------------------------------------------------
2015-08-16T18:52:30+00:00 ERR (3) 404 "" was not found.
REMOTE_ADDR: 176.8.90.218
HTTP_REFERER: http://114ie.net/tags/
requested: array(5) {
  ["lang"] => string(2) "en"
  ["action"] => string(7) "archive"
  ["module"] => string(7) "default"
  ["controller"] => string(5) "index"
  ["key"] => string(0) ""
}


--------------------------------------------------------------------------------
2015-08-16T18:52:30+00:00 ERR (3) 404 "" was not found.
REMOTE_ADDR: 176.8.90.218
HTTP_REFERER: http://darkoman.com/tags/
requested: array(5) {
  ["lang"] => string(2) "en"
  ["action"] => string(7) "archive"
  ["module"] => string(7) "default"
  ["controller"] => string(5) "index"
  ["key"] => string(0) ""
}


--------------------------------------------------------------------------------
2015-08-16T21:25:48+00:00 ERR (3) 404 Seite nicht gefunden
REMOTE_ADDR: 91.121.220.137
HTTP_REFERER: 
requested: array(3) {
  ["controller"] => string(10) "installqwe"
  ["action"] => string(5) "index"
  ["module"] => string(7) "default"
}


--------------------------------------------------------------------------------
2015-08-16T21:44:33+00:00 ERR (3) 404 Seite nicht gefunden
REMOTE_ADDR: 91.121.220.137
HTTP_REFERER: 
requested: array(3) {
  ["controller"] => string(5) "cmsms"
  ["action"] => string(7) "install"
  ["module"] => string(7) "default"
}


--------------------------------------------------------------------------------
2015-08-16T23:05:43+00:00 ERR (3) 404 Seite nicht gefunden
REMOTE_ADDR: 91.121.220.137
HTTP_REFERER: 
requested: array(3) {
  ["controller"] => string(7) "install"
  ["action"] => string(5) "index"
  ["module"] => string(7) "default"
}


--------------------------------------------------------------------------------
2015-08-16T23:25:23+00:00 ERR (3) 404 Seite nicht gefunden
REMOTE_ADDR: 91.121.220.137
HTTP_REFERER: 
requested: array(3) {
  ["controller"] => string(8) "install2"
  ["action"] => string(5) "index"
  ["module"] => string(7) "default"
}


--------------------------------------------------------------------------------
