2015-03-28T00:53:03+00:00 ERR (3) 404 Seite nicht gefunden
REMOTE_ADDR: 17.142.151.195
HTTP_REFERER: 
requested: array(3) {
  ["controller"] => string(20) "apple-touch-icon.png"
  ["action"] => string(5) "index"
  ["module"] => string(7) "default"
}


--------------------------------------------------------------------------------
2015-03-28T10:37:07+00:00 ERR (3) 404 Seite nicht gefunden
REMOTE_ADDR: 5.9.65.19
HTTP_REFERER: 
requested: array(3) {
  ["controller"] => string(11) "sitemap.xml"
  ["action"] => string(5) "index"
  ["module"] => string(7) "default"
}


--------------------------------------------------------------------------------
2015-03-28T10:39:17+00:00 ERR (3) 404 "hire-lasse" was not found.
REMOTE_ADDR: 5.9.65.19
HTTP_REFERER: 
requested: array(5) {
  ["lang"] => string(2) "en"
  ["action"] => string(4) "page"
  ["key"] => string(10) "hire-lasse"
  ["module"] => string(7) "default"
  ["controller"] => string(5) "index"
}


--------------------------------------------------------------------------------
2015-03-28T10:39:23+00:00 ERR (3) 404 "hire-lasse" was not found.
REMOTE_ADDR: 5.9.65.19
HTTP_REFERER: 
requested: array(5) {
  ["lang"] => string(2) "de"
  ["action"] => string(4) "page"
  ["key"] => string(10) "hire-lasse"
  ["module"] => string(7) "default"
  ["controller"] => string(5) "index"
}


--------------------------------------------------------------------------------
2015-03-28T10:39:26+00:00 ERR (3) 404 "" was not found.
REMOTE_ADDR: 5.9.65.19
HTTP_REFERER: 
requested: array(5) {
  ["lang"] => string(2) "en"
  ["action"] => string(7) "archive"
  ["module"] => string(7) "default"
  ["controller"] => string(5) "index"
  ["key"] => string(0) ""
}


--------------------------------------------------------------------------------
2015-03-28T10:39:27+00:00 ERR (3) 404 "" was not found.
REMOTE_ADDR: 5.9.65.19
HTTP_REFERER: 
requested: array(5) {
  ["lang"] => string(2) "de"
  ["action"] => string(7) "archive"
  ["module"] => string(7) "default"
  ["controller"] => string(5) "index"
  ["key"] => string(0) ""
}


--------------------------------------------------------------------------------
