2011-06-23T00:58:50+00:00 ERR (3) 404 "topic" was not found.
REMOTE_ADDR: 109.230.217.91
HTTP_REFERER: http://graphicore.de/de/index/topic/intern/news/
requested: array(6) {
  ["lang"] => string(2) "de"
  ["action"] => string(5) "index"
  ["key"] => string(5) "topic"
  ["intern"] => string(4) "news"
  ["module"] => string(7) "default"
  ["controller"] => string(5) "index"
}


--------------------------------------------------------------------------------
2011-06-23T02:24:54+00:00 ERR (3) 404 "topic" was not found.
REMOTE_ADDR: 31.184.238.12
HTTP_REFERER: http://graphicore.de/de/index/topic/intern/news/
requested: array(6) {
  ["lang"] => string(2) "de"
  ["action"] => string(5) "index"
  ["key"] => string(5) "topic"
  ["intern"] => string(4) "news"
  ["module"] => string(7) "default"
  ["controller"] => string(5) "index"
}


--------------------------------------------------------------------------------
2011-06-23T04:15:13+00:00 ERR (3) 404 Seite nicht gefunden
REMOTE_ADDR: 91.224.160.4
HTTP_REFERER: http://graphicore.de/forum/index.php
requested: array(3) {
  ["controller"] => string(5) "forum"
  ["action"] => string(9) "index.php"
  ["module"] => string(7) "default"
}


--------------------------------------------------------------------------------
2011-06-23T05:41:35+00:00 ERR (3) 404 Seite nicht gefunden
REMOTE_ADDR: 70.38.38.103
HTTP_REFERER: http://graphicore.de/forum/index.php
requested: array(3) {
  ["controller"] => string(5) "forum"
  ["action"] => string(9) "index.php"
  ["module"] => string(7) "default"
}


--------------------------------------------------------------------------------
2011-06-23T07:23:33+00:00 ERR (3) 404 "story" was not found.
REMOTE_ADDR: 66.249.72.131
HTTP_REFERER: 
requested: array(6) {
  ["lang"] => string(2) "de"
  ["action"] => string(5) "index"
  ["key"] => string(5) "story"
  ["intern"] => string(10) "helloWorld"
  ["module"] => string(7) "default"
  ["controller"] => string(5) "index"
}


--------------------------------------------------------------------------------
2011-06-23T08:40:36+00:00 ERR (3) 404 "story" was not found.
REMOTE_ADDR: 66.249.72.131
HTTP_REFERER: 
requested: array(6) {
  ["lang"] => string(2) "de"
  ["action"] => string(5) "index"
  ["key"] => string(5) "story"
  ["intern"] => string(7) "kontakt"
  ["module"] => string(7) "default"
  ["controller"] => string(5) "index"
}


--------------------------------------------------------------------------------
2011-06-23T10:17:31+00:00 ERR (3) 404 "story" was not found.
REMOTE_ADDR: 66.249.72.131
HTTP_REFERER: 
requested: array(6) {
  ["lang"] => string(2) "de"
  ["action"] => string(5) "index"
  ["key"] => string(5) "story"
  ["intern"] => string(6) "online"
  ["module"] => string(7) "default"
  ["controller"] => string(5) "index"
}


--------------------------------------------------------------------------------
2011-06-23T11:23:52+00:00 ERR (3) 404 "topic" was not found.
REMOTE_ADDR: 66.249.72.131
HTTP_REFERER: 
requested: array(6) {
  ["lang"] => string(2) "de"
  ["action"] => string(5) "index"
  ["key"] => string(5) "topic"
  ["intern"] => string(4) "news"
  ["module"] => string(7) "default"
  ["controller"] => string(5) "index"
}


--------------------------------------------------------------------------------
2011-06-23T12:52:16+00:00 ERR (3) 404 "topic" was not found.
REMOTE_ADDR: 66.249.72.131
HTTP_REFERER: 
requested: array(6) {
  ["lang"] => string(2) "de"
  ["action"] => string(5) "index"
  ["key"] => string(5) "topic"
  ["intern"] => string(8) "projekte"
  ["module"] => string(7) "default"
  ["controller"] => string(5) "index"
}


--------------------------------------------------------------------------------
2011-06-23T14:23:13+00:00 ERR (3) 404 "story" was not found.
REMOTE_ADDR: 66.249.72.131
HTTP_REFERER: 
requested: array(6) {
  ["lang"] => string(2) "en"
  ["action"] => string(5) "index"
  ["key"] => string(5) "story"
  ["intern"] => string(7) "kontakt"
  ["module"] => string(7) "default"
  ["controller"] => string(5) "index"
}


--------------------------------------------------------------------------------
2011-06-23T14:35:29+00:00 ERR (3) 404 Seite nicht gefunden
REMOTE_ADDR: 66.249.72.131
HTTP_REFERER: 
requested: array(6) {
  ["controller"] => string(5) "forum"
  ["action"] => string(9) "login.php"
  ["module"] => string(7) "default"
  ["redirect"] => string(10) "search.php"
  ["search_id"] => string(9) "egosearch"
  ["sid"] => string(32) "55941a6d0bfaca91380c0b7e9899acf5"
}


--------------------------------------------------------------------------------
2011-06-23T14:39:22+00:00 ERR (3) 404 Seite nicht gefunden
REMOTE_ADDR: 66.249.72.131
HTTP_REFERER: 
requested: array(6) {
  ["controller"] => string(5) "forum"
  ["action"] => string(9) "login.php"
  ["module"] => string(7) "default"
  ["redirect"] => string(10) "search.php"
  ["search_id"] => string(8) "newposts"
  ["sid"] => string(32) "27a039944c39373561be30c678f41e86"
}


--------------------------------------------------------------------------------
2011-06-23T14:43:16+00:00 ERR (3) 404 Seite nicht gefunden
REMOTE_ADDR: 66.249.72.131
HTTP_REFERER: 
requested: array(6) {
  ["controller"] => string(5) "forum"
  ["action"] => string(9) "login.php"
  ["module"] => string(7) "default"
  ["redirect"] => string(10) "search.php"
  ["search_id"] => string(8) "newposts"
  ["sid"] => string(32) "48379fac12edfbf29441cc6782d84cd5"
}


--------------------------------------------------------------------------------
2011-06-23T14:47:47+00:00 ERR (3) 404 Seite nicht gefunden
REMOTE_ADDR: 66.249.72.131
HTTP_REFERER: 
requested: array(6) {
  ["controller"] => string(5) "forum"
  ["action"] => string(9) "login.php"
  ["module"] => string(7) "default"
  ["redirect"] => string(10) "search.php"
  ["search_id"] => string(8) "newposts"
  ["sid"] => string(32) "48e360cadf8089b07b3bebe6eedaa519"
}


--------------------------------------------------------------------------------
2011-06-23T15:05:06+00:00 ERR (3) 404 Seite nicht gefunden
REMOTE_ADDR: 66.249.72.131
HTTP_REFERER: 
requested: array(6) {
  ["controller"] => string(5) "forum"
  ["action"] => string(9) "login.php"
  ["module"] => string(7) "default"
  ["redirect"] => string(10) "search.php"
  ["search_id"] => string(8) "newposts"
  ["sid"] => string(32) "7008a7d770991542b435fec1c32d1011"
}


--------------------------------------------------------------------------------
2011-06-23T15:06:22+00:00 ERR (3) 404 Seite nicht gefunden
REMOTE_ADDR: 66.249.72.131
HTTP_REFERER: 
requested: array(6) {
  ["controller"] => string(5) "forum"
  ["action"] => string(9) "login.php"
  ["module"] => string(7) "default"
  ["redirect"] => string(10) "search.php"
  ["search_id"] => string(8) "newposts"
  ["sid"] => string(32) "e5f1b7232d5de6e3c9f0b8529950cd5d"
}


--------------------------------------------------------------------------------
2011-06-23T15:13:59+00:00 ERR (3) 404 Seite nicht gefunden
REMOTE_ADDR: 66.249.72.131
HTTP_REFERER: 
requested: array(5) {
  ["controller"] => string(5) "forum"
  ["action"] => string(11) "profile.php"
  ["module"] => string(7) "default"
  ["mode"] => string(8) "register"
  ["sid"] => string(32) "4b23dafef95be2122da410f64d2403b0"
}


--------------------------------------------------------------------------------
2011-06-23T15:22:51+00:00 ERR (3) 404 Seite nicht gefunden
REMOTE_ADDR: 66.249.72.131
HTTP_REFERER: 
requested: array(5) {
  ["controller"] => string(5) "forum"
  ["action"] => string(10) "search.php"
  ["module"] => string(7) "default"
  ["search_id"] => string(9) "egosearch"
  ["sid"] => string(32) "6de88a5f8f237071d3de1e812d58b2da"
}


--------------------------------------------------------------------------------
2011-06-23T15:39:20+00:00 ERR (3) 404 Seite nicht gefunden
REMOTE_ADDR: 66.249.72.131
HTTP_REFERER: 
requested: array(5) {
  ["controller"] => string(5) "forum"
  ["action"] => string(13) "viewtopic.php"
  ["module"] => string(7) "default"
  ["p"] => string(2) "16"
  ["sid"] => string(32) "37dd218bc50a9c37c25c91119f7155dd"
}


--------------------------------------------------------------------------------
2011-06-23T15:41:52+00:00 ERR (3) 404 Seite nicht gefunden
REMOTE_ADDR: 66.249.72.131
HTTP_REFERER: 
requested: array(5) {
  ["controller"] => string(5) "forum"
  ["action"] => string(13) "viewtopic.php"
  ["module"] => string(7) "default"
  ["p"] => string(2) "32"
  ["sid"] => string(32) "9339e2a5ef215783ae1810ad781f31f2"
}


--------------------------------------------------------------------------------
2011-06-23T16:00:53+00:00 ERR (3) 404 Seite nicht gefunden
REMOTE_ADDR: 66.249.72.131
HTTP_REFERER: 
requested: array(5) {
  ["controller"] => string(5) "forum"
  ["action"] => string(13) "viewtopic.php"
  ["module"] => string(7) "default"
  ["t"] => string(2) "13"
  ["sid"] => string(32) "e3f70516ef2068395c0be9c65d66a8fd"
}


--------------------------------------------------------------------------------
2011-06-23T16:03:25+00:00 ERR (3) 404 Seite nicht gefunden
REMOTE_ADDR: 66.249.72.131
HTTP_REFERER: 
requested: array(5) {
  ["controller"] => string(5) "forum"
  ["action"] => string(13) "viewtopic.php"
  ["module"] => string(7) "default"
  ["t"] => string(2) "14"
  ["sid"] => string(32) "d60420504efa2801efff9daf0b4ad31f"
}


--------------------------------------------------------------------------------
2011-06-23T16:16:43+00:00 ERR (3) 404 Seite nicht gefunden
REMOTE_ADDR: 66.249.72.131
HTTP_REFERER: 
requested: array(5) {
  ["controller"] => string(5) "forum"
  ["action"] => string(13) "viewtopic.php"
  ["module"] => string(7) "default"
  ["t"] => string(1) "6"
  ["sid"] => string(32) "c0b606d13e3ca1b19870f309bb7f8679"
}


--------------------------------------------------------------------------------
2011-06-23T16:30:20+00:00 ERR (3) 404 Seite nicht gefunden
REMOTE_ADDR: 66.249.72.131
HTTP_REFERER: 
requested: array(9) {
  ["controller"] => string(5) "forum"
  ["action"] => string(13) "viewtopic.php"
  ["module"] => string(7) "default"
  ["t"] => string(1) "6"
  ["start"] => string(1) "0"
  ["postdays"] => string(1) "0"
  ["postorder"] => string(3) "asc"
  ["highlight"] => string(0) ""
  ["sid"] => string(32) "5c20de1fc4aa5534604f050a94216462"
}


--------------------------------------------------------------------------------
2011-06-23T16:53:44+00:00 ERR (3) 404 Seite nicht gefunden
REMOTE_ADDR: 66.249.72.131
HTTP_REFERER: 
requested: array(5) {
  ["controller"] => string(5) "forum"
  ["action"] => string(13) "viewtopic.php"
  ["module"] => string(7) "default"
  ["t"] => string(1) "8"
  ["sid"] => string(32) "ba18811aef15591b864562110b89c36c"
}


--------------------------------------------------------------------------------
2011-06-23T18:45:44+00:00 ERR (3) 404 Seite nicht gefunden
REMOTE_ADDR: 178.201.212.113
HTTP_REFERER: 
requested: array(3) {
  ["controller"] => string(10) "javascript"
  ["action"] => string(1) "'"
  ["module"] => string(7) "default"
}


--------------------------------------------------------------------------------
