2011-09-04T22:41:06+00:00 ERR (3) 404 Seite nicht gefunden
REMOTE_ADDR: 38.111.147.84
HTTP_REFERER: 
requested: array(4) {
  ["controller"] => string(18) "wittystyka,c,67rch"
  ["action"] => string(5) "index"
  ["module"] => string(7) "default"
  ["q"] => string(7) "#python"
}


--------------------------------------------------------------------------------
2011-09-04T22:41:36+00:00 ERR (3) 404 Seite nicht gefunden
REMOTE_ADDR: 38.111.147.84
HTTP_REFERER: 
requested: array(3) {
  ["controller"] => string(15) "tter.ooia,c,176"
  ["action"] => string(5) "index"
  ["module"] => string(7) "default"
}


--------------------------------------------------------------------------------
2011-09-04T22:42:06+00:00 ERR (3) 404 Seite nicht gefunden
REMOTE_ADDR: 38.111.147.84
HTTP_REFERER: 
requested: array(3) {
  ["controller"] => string(37) "toktajle-na,or.-soki,c,270%23Learning"
  ["action"] => string(5) "index"
  ["module"] => string(7) "default"
}


--------------------------------------------------------------------------------
2011-09-04T22:42:36+00:00 ERR (3) 404 Seite nicht gefunden
REMOTE_ADDR: 38.111.147.84
HTTP_REFERER: 
requested: array(3) {
  ["controller"] => string(1) "t"
  ["action"] => string(5) "index"
  ["module"] => string(7) "default"
}


--------------------------------------------------------------------------------
2011-09-04T22:43:21+00:00 ERR (3) 404 Seite nicht gefunden
REMOTE_ADDR: 38.111.147.84
HTTP_REFERER: 
requested: array(3) {
  ["controller"] => string(13) "ree-bsd,c,28b"
  ["action"] => string(5) "index"
  ["module"] => string(7) "default"
}


--------------------------------------------------------------------------------
2011-09-04T22:43:51+00:00 ERR (3) 404 Seite nicht gefunden
REMOTE_ADDR: 38.111.147.84
HTTP_REFERER: 
requested: array(4) {
  ["controller"] => string(33) "rawy-z-grila-i-ogniska,c,235is.se"
  ["action"] => string(4) "2008"
  ["03"] => string(2) "13"
  ["module"] => string(7) "default"
}


--------------------------------------------------------------------------------
2011-09-04T22:44:21+00:00 ERR (3) 404 Seite nicht gefunden
REMOTE_ADDR: 38.111.147.84
HTTP_REFERER: 
requested: array(4) {
  ["controller"] => string(12) "pdogramy,c,3"
  ["action"] => string(1) "e"
  ["diary"] => string(4) "news"
  ["module"] => string(7) "default"
}


--------------------------------------------------------------------------------
2011-09-04T22:44:36+00:00 ERR (3) 404 Seite nicht gefunden
REMOTE_ADDR: 38.111.147.84
HTTP_REFERER: 
requested: array(3) {
  ["controller"] => string(3) "pde"
  ["action"] => string(4) "page"
  ["module"] => string(7) "default"
}


--------------------------------------------------------------------------------
2011-09-04T22:44:51+00:00 ERR (3) 404 Seite nicht gefunden
REMOTE_ADDR: 38.111.147.84
HTTP_REFERER: 
requested: array(3) {
  ["controller"] => string(11) "oprogrchive"
  ["action"] => string(28) "2010-10-18_La_Mirada_de_Ella"
  ["module"] => string(7) "default"
}


--------------------------------------------------------------------------------
2011-09-04T22:45:06+00:00 ERR (3) 404 Seite nicht gefunden
REMOTE_ADDR: 38.111.147.84
HTTP_REFERER: 
requested: array(4) {
  ["controller"] => string(17) "nauka,c,102er.com"
  ["action"] => string(6) "search"
  ["module"] => string(7) "default"
  ["q"] => string(4) "#UFO"
}


--------------------------------------------------------------------------------
2011-09-04T22:45:21+00:00 ERR (3) 404 Seite nicht gefunden
REMOTE_ADDR: 38.111.147.84
HTTP_REFERER: 
requested: array(3) {
  ["controller"] => string(11) "lassefister"
  ["action"] => string(5) "index"
  ["module"] => string(7) "default"
}


--------------------------------------------------------------------------------
2011-09-04T22:45:36+00:00 ERR (3) 404 Seite nicht gefunden
REMOTE_ADDR: 38.111.147.84
HTTP_REFERER: 
requested: array(3) {
  ["controller"] => string(44) "komunikacja,c,5010-06_underground_exhibition"
  ["action"] => string(5) "index"
  ["module"] => string(7) "default"
}


--------------------------------------------------------------------------------
2011-09-04T22:45:51+00:00 ERR (3) 404 Seite nicht gefunden
REMOTE_ADDR: 38.111.147.84
HTTP_REFERER: 
requested: array(3) {
  ["controller"] => string(10) "html,c,12e"
  ["action"] => string(30) "2010-09-09_A-Brute-Font-Attack"
  ["module"] => string(7) "default"
}


--------------------------------------------------------------------------------
2011-09-04T22:46:06+00:00 ERR (3) 404 Seite nicht gefunden
REMOTE_ADDR: 38.111.147.84
HTTP_REFERER: 
requested: array(3) {
  ["controller"] => string(3) "hte"
  ["action"] => string(7) "archive"
  ["module"] => string(7) "default"
}


--------------------------------------------------------------------------------
